      Step     Time          Energy          fmax
BFGS:    0 20:17:29    -2299.812811      317.670439
BFGS:    1 20:17:30    -2370.517497       41.864628
BFGS:    2 20:17:31    -2379.456239       82.985247
BFGS:    3 20:17:31    -2390.690087       33.946986
BFGS:    4 20:17:32    -2393.930852       16.020280
BFGS:    5 20:17:33    -2395.216141        8.092504
BFGS:    6 20:17:34    -2395.958990        4.471610
BFGS:    7 20:17:34    -2396.717343        1.484122
BFGS:    8 20:17:35    -2397.016442        2.037997
BFGS:    9 20:17:36    -2397.168628        2.327828
BFGS:   10 20:17:36    -2397.310516        2.399404
BFGS:   11 20:17:37    -2397.489992        2.551104
BFGS:   12 20:17:38    -2397.672069        2.157098
BFGS:   13 20:17:38    -2397.836626        1.197100
BFGS:   14 20:17:39    -2397.968541        0.789506
BFGS:   15 20:17:39    -2398.051856        0.627092
BFGS:   16 20:17:40    -2398.095034        0.660418
BFGS:   17 20:17:41    -2398.128337        0.565812
BFGS:   18 20:17:41    -2398.171165        0.478782
BFGS:   19 20:17:42    -2398.255571        0.552833
BFGS:   20 20:17:42    -2398.321778        0.751430
BFGS:   21 20:17:43    -2398.450865        1.072388
BFGS:   22 20:17:44    -2398.880313        2.527284
BFGS:   23 20:17:45    -2399.752309        3.158834
BFGS:   24 20:17:45    -2400.367891        3.419533
BFGS:   25 20:17:46    -2401.009973        3.612623
BFGS:   26 20:17:47    -2401.663995        2.987979
BFGS:   27 20:17:48    -2402.143415        2.491644
BFGS:   28 20:17:49    -2402.743908        1.388630
BFGS:   29 20:17:50    -2403.292968        1.715503
BFGS:   30 20:17:51    -2403.731575        1.670240
BFGS:   31 20:17:51    -2404.174289        1.453283
BFGS:   32 20:17:52    -2404.609822        2.428506
BFGS:   33 20:17:53    -2404.999814        2.579734
BFGS:   34 20:17:54    -2405.680056        3.254378
BFGS:   35 20:17:57    -2405.865851        4.059811
BFGS:   36 20:17:57    -2406.529974        2.691925
BFGS:   37 20:17:58    -2406.908140        2.394963
BFGS:   38 20:17:59    -2407.221512        1.065106
BFGS:   39 20:17:59    -2407.314876        0.767535
BFGS:   40 20:18:00    -2407.439200        0.742546
BFGS:   41 20:18:00    -2407.505720        0.789183
BFGS:   42 20:18:01    -2407.596298        0.803451
BFGS:   43 20:18:02    -2407.649901        0.657570
BFGS:   44 20:18:02    -2407.693329        0.628403
BFGS:   45 20:18:03    -2407.733184        0.565166
BFGS:   46 20:18:03    -2407.779627        0.577125
BFGS:   47 20:18:04    -2407.829262        0.561362
BFGS:   48 20:18:04    -2407.877541        0.575316
BFGS:   49 20:18:05    -2407.918033        0.504653
BFGS:   50 20:18:05    -2407.954372        0.595711
BFGS:   51 20:18:06    -2407.992538        0.529500
BFGS:   52 20:18:06    -2408.038165        0.436351
BFGS:   53 20:18:07    -2408.086832        0.448962
BFGS:   54 20:18:08    -2408.130151        0.480530
BFGS:   55 20:18:08    -2408.164789        0.475165
BFGS:   56 20:18:08    -2408.190412        0.347799
BFGS:   57 20:18:09    -2408.205367        0.229727
BFGS:   58 20:18:09    -2408.214697        0.181590
BFGS:   59 20:18:10    -2408.220885        0.180859
BFGS:   60 20:18:10    -2408.225713        0.196593
BFGS:   61 20:18:11    -2408.231077        0.147031
BFGS:   62 20:18:11    -2408.236625        0.165135
BFGS:   63 20:18:11    -2408.242272        0.156534
BFGS:   64 20:18:12    -2408.247456        0.231777
BFGS:   65 20:18:12    -2408.252638        0.272272
BFGS:   66 20:18:13    -2408.258387        0.236125
BFGS:   67 20:18:13    -2408.264645        0.149819
BFGS:   68 20:18:14    -2408.271343        0.150881
BFGS:   69 20:18:14    -2408.280145        0.215081
BFGS:   70 20:18:14    -2408.294746        0.308887
BFGS:   71 20:18:15    -2408.321184        0.388562
BFGS:   72 20:18:15    -2408.358935        0.565758
BFGS:   73 20:18:16    -2408.399895        0.606291
BFGS:   74 20:18:16    -2408.461643        0.905208
BFGS:   75 20:18:17    -2408.489824        0.571835
BFGS:   76 20:18:17    -2408.536222        0.432528
BFGS:   77 20:18:18    -2408.567193        0.290793
BFGS:   78 20:18:18    -2408.601689        0.410593
BFGS:   79 20:18:19    -2408.620344        0.353532
BFGS:   80 20:18:19    -2408.647666        0.310425
BFGS:   81 20:18:19    -2408.672295        0.314420
BFGS:   82 20:18:20    -2408.696950        0.363383
BFGS:   83 20:18:20    -2408.718292        0.379009
BFGS:   84 20:18:21    -2408.739870        0.345244
BFGS:   85 20:18:21    -2408.757671        0.282994
BFGS:   86 20:18:21    -2408.768492        0.176516
BFGS:   87 20:18:22    -2408.774644        0.137915
BFGS:   88 20:18:22    -2408.780102        0.139534
BFGS:   89 20:18:22    -2408.785969        0.141621
BFGS:   90 20:18:23    -2408.791572        0.134214
BFGS:   91 20:18:23    -2408.796010        0.126754
BFGS:   92 20:18:23    -2408.799274        0.108977
BFGS:   93 20:18:24    -2408.801862        0.137730
BFGS:   94 20:18:24    -2408.804176        0.141458
BFGS:   95 20:18:24    -2408.806549        0.120996
BFGS:   96 20:18:25    -2408.809643        0.107132
BFGS:   97 20:18:25    -2408.813747        0.144502
BFGS:   98 20:18:26    -2408.818249        0.171172
BFGS:   99 20:18:26    -2408.822064        0.267782
BFGS:  100 20:18:26    -2408.825194        0.308351
BFGS:  101 20:18:27    -2408.828608        0.311971
BFGS:  102 20:18:27    -2408.833073        0.305597
BFGS:  103 20:18:27    -2408.837850        0.234527
BFGS:  104 20:18:28    -2408.841587        0.116539
BFGS:  105 20:18:28    -2408.844223        0.101559
BFGS:  106 20:18:28    -2408.846555        0.120366
BFGS:  107 20:18:28    -2408.848922        0.111224
BFGS:  108 20:18:29    -2408.851139        0.089056
BFGS:  109 20:18:29    -2408.853025        0.079140
BFGS:  110 20:18:29    -2408.854692        0.077294
BFGS:  111 20:18:30    -2408.856314        0.092928
BFGS:  112 20:18:30    -2408.857862        0.089743
BFGS:  113 20:18:30    -2408.859290        0.067416
BFGS:  114 20:18:31    -2408.860687        0.068692
BFGS:  115 20:18:31    -2408.862149        0.069502
BFGS:  116 20:18:31    -2408.863621        0.074046
BFGS:  117 20:18:32    -2408.865014        0.087206
BFGS:  118 20:18:32    -2408.866323        0.090017
BFGS:  119 20:18:32    -2408.867587        0.064977
BFGS:  120 20:18:33    -2408.868740        0.054580
BFGS:  121 20:18:33    -2408.869596        0.053115
BFGS:  122 20:18:33    -2408.870149        0.042696
BFGS:  123 20:18:33    -2408.870561        0.033822
BFGS:  124 20:18:34    -2408.871001        0.039412
BFGS:  125 20:18:34    -2408.871569        0.055111
BFGS:  126 20:18:34    -2408.872279        0.057240
BFGS:  127 20:18:35    -2408.873018        0.044263
BFGS:  128 20:18:35    -2408.873677        0.044099
BFGS:  129 20:18:35    -2408.874252        0.043404
BFGS:  130 20:18:36    -2408.874814        0.054488
BFGS:  131 20:18:36    -2408.875410        0.045250
BFGS:  132 20:18:36    -2408.875985        0.040098
BFGS:  133 20:18:36    -2408.876465        0.035894
BFGS:  134 20:18:37    -2408.876843        0.038568
BFGS:  135 20:18:37    -2408.877166        0.036291
BFGS:  136 20:18:37    -2408.877453        0.034513
BFGS:  137 20:18:38    -2408.877717        0.036763
BFGS:  138 20:18:38    -2408.877985        0.036374
BFGS:  139 20:18:38    -2408.878283        0.039782
BFGS:  140 20:18:39    -2408.878589        0.036975
BFGS:  141 20:18:39    -2408.878843        0.031753
BFGS:  142 20:18:39    -2408.879037        0.029890
BFGS:  143 20:18:39    -2408.879219        0.032700
BFGS:  144 20:18:40    -2408.879430        0.031534
BFGS:  145 20:18:40    -2408.879634        0.024419
BFGS:  146 20:18:40    -2408.879766        0.016531
BFGS:  147 20:18:41    -2408.879832        0.015692
BFGS:  148 20:18:41    -2408.879875        0.014871
BFGS:  149 20:18:41    -2408.879922        0.013214
BFGS:  150 20:18:41    -2408.879967        0.010027
BFGS:  151 20:18:42    -2408.880007        0.011422
BFGS:  152 20:18:42    -2408.880044        0.009984
