      Step     Time          Energy          fmax
BFGS:    0 20:49:16    -1256.239904     2414.207270
BFGS:    1 20:49:17    -2365.884212      348.553686
BFGS:    2 20:49:18    -2246.571371     2166.103297
BFGS:    3 20:49:19    -2337.405395     1477.912570
BFGS:    4 20:49:20    -2476.209264      743.866057
BFGS:    5 20:49:21    -2580.005044      222.225351
BFGS:    6 20:49:22    -2604.938190      222.932223
BFGS:    7 20:49:23    -2627.116849       94.428014
BFGS:    8 20:49:24    -2637.744328       55.744482
BFGS:    9 20:49:25    -2645.586539       31.659264
BFGS:   10 20:49:26    -2651.753947       16.560597
BFGS:   11 20:49:27    -2656.189526        7.733262
BFGS:   12 20:49:28    -2659.080660        4.820615
BFGS:   13 20:49:29    -2660.913200        4.194047
BFGS:   14 20:49:30    -2662.187146        3.574721
BFGS:   15 20:49:31    -2663.269601        6.024189
BFGS:   16 20:49:32    -2663.981405        5.073206
BFGS:   17 20:49:33    -2664.601575        4.921659
BFGS:   18 20:49:34    -2665.237034        4.998545
BFGS:   19 20:49:35    -2665.689643        4.083988
BFGS:   20 20:49:35    -2666.120367        4.201382
BFGS:   21 20:49:36    -2666.555741        3.952891
BFGS:   22 20:49:37    -2666.781265        3.682716
BFGS:   23 20:49:38    -2667.220088        2.941633
BFGS:   24 20:49:39    -2667.565026        3.606079
BFGS:   25 20:49:40    -2667.916660        3.119800
BFGS:   26 20:49:40    -2668.208369        3.369352
BFGS:   27 20:49:41    -2668.578225        3.803776
BFGS:   28 20:49:42    -2669.103215        5.389433
BFGS:   29 20:49:43    -2669.720435        6.723481
BFGS:   30 20:49:44    -2670.313303        6.761902
BFGS:   31 20:49:45    -2670.896515        5.375035
BFGS:   32 20:49:45    -2671.307593        5.686023
BFGS:   33 20:49:46    -2671.518352        5.019941
BFGS:   34 20:49:47    -2671.779191        4.905262
BFGS:   35 20:49:48    -2671.985225        4.915703
BFGS:   36 20:49:49    -2672.142172        4.673070
BFGS:   37 20:49:50    -2672.286686        4.088234
BFGS:   38 20:49:50    -2672.422893        3.508455
BFGS:   39 20:49:51    -2672.569704        3.135420
BFGS:   40 20:49:52    -2672.710457        3.043101
BFGS:   41 20:49:53    -2672.838434        3.149424
BFGS:   42 20:49:54    -2672.960386        3.259807
BFGS:   43 20:49:54    -2673.059689        3.123648
BFGS:   44 20:49:55    -2673.131310        2.988901
BFGS:   45 20:49:56    -2673.191210        2.859604
BFGS:   46 20:49:56    -2673.240755        2.550843
BFGS:   47 20:49:57    -2673.278928        2.375663
BFGS:   48 20:49:58    -2673.305938        2.090312
BFGS:   49 20:49:58    -2673.325692        2.010880
BFGS:   50 20:49:59    -2673.340768        1.922200
BFGS:   51 20:49:59    -2673.352339        1.875204
BFGS:   52 20:50:00    -2673.361652        1.808528
BFGS:   53 20:50:01    -2673.370975        1.717459
BFGS:   54 20:50:01    -2673.380664        1.639733
BFGS:   55 20:50:02    -2673.389135        1.601108
BFGS:   56 20:50:03    -2673.395624        1.604619
BFGS:   57 20:50:03    -2673.401123        1.623850
BFGS:   58 20:50:04    -2673.406561        1.654795
BFGS:   59 20:50:04    -2673.411884        1.689910
BFGS:   60 20:50:05    -2673.416666        1.726925
BFGS:   61 20:50:06    -2673.420997        1.760815
BFGS:   62 20:50:06    -2673.425349        1.797443
BFGS:   63 20:50:07    -2673.429851        1.834355
BFGS:   64 20:50:08    -2673.434309        1.868521
BFGS:   65 20:50:08    -2673.438766        1.894164
BFGS:   66 20:50:09    -2673.443152        1.923244
BFGS:   67 20:50:09    -2673.447173        1.927802
BFGS:   68 20:50:10    -2673.450800        1.919881
BFGS:   69 20:50:10    -2673.454622        1.909560
BFGS:   70 20:50:11    -2673.459590        1.905366
BFGS:   71 20:50:12    -2673.466149        1.911304
BFGS:   72 20:50:12    -2673.473563        1.924101
BFGS:   73 20:50:13    -2673.480730        1.929104
BFGS:   74 20:50:14    -2673.487802        1.915945
BFGS:   75 20:50:14    -2673.495962        1.877844
BFGS:   76 20:50:15    -2673.505448        1.877346
BFGS:   77 20:50:16    -2673.514928        1.871720
BFGS:   78 20:50:16    -2673.523034        1.858021
BFGS:   79 20:50:17    -2673.530332        1.851874
BFGS:   80 20:50:17    -2673.538523        1.849740
BFGS:   81 20:50:18    -2673.548268        1.869219
BFGS:   82 20:50:19    -2673.558373        1.945179
BFGS:   83 20:50:20    -2673.568030        2.020597
BFGS:   84 20:50:20    -2673.577797        2.060657
BFGS:   85 20:50:21    -2673.589125        2.094027
BFGS:   86 20:50:22    -2673.602362        2.154680
BFGS:   87 20:50:23    -2673.616969        2.206326
BFGS:   88 20:50:24    -2673.632251        2.231712
BFGS:   89 20:50:24    -2673.648370        2.222961
BFGS:   90 20:50:25    -2673.667580        2.181393
BFGS:   91 20:50:26    -2673.691222        2.110664
BFGS:   92 20:50:26    -2673.718796        2.010192
BFGS:   93 20:50:27    -2673.747737        1.907672
BFGS:   94 20:50:28    -2673.777666        1.788411
BFGS:   95 20:50:29    -2673.809008        1.722515
BFGS:   96 20:50:29    -2673.840069        1.509822
BFGS:   97 20:50:30    -2673.870652        1.559441
BFGS:   98 20:50:31    -2673.901191        1.380493
BFGS:   99 20:50:32    -2673.932361        1.216267
BFGS:  100 20:50:32    -2673.951448        1.108810
BFGS:  101 20:50:33    -2673.977062        0.994571
BFGS:  102 20:50:34    -2673.999360        0.907249
BFGS:  103 20:50:34    -2674.020158        0.805416
BFGS:  104 20:50:35    -2674.036348        0.697847
BFGS:  105 20:50:36    -2674.050552        0.626944
BFGS:  106 20:50:36    -2674.064280        0.536400
BFGS:  107 20:50:37    -2674.079781        0.510543
BFGS:  108 20:50:37    -2674.096960        0.478048
BFGS:  109 20:50:38    -2674.113523        0.519542
BFGS:  110 20:50:39    -2674.127317        0.586041
BFGS:  111 20:50:40    -2674.137685        0.519716
BFGS:  112 20:50:40    -2674.145733        0.503723
BFGS:  113 20:50:41    -2674.153729        0.506117
BFGS:  114 20:50:42    -2674.162403        0.475137
BFGS:  115 20:50:42    -2674.170811        0.366998
BFGS:  116 20:50:43    -2674.177633        0.280346
BFGS:  117 20:50:44    -2674.182105        0.227443
BFGS:  118 20:50:44    -2674.184766        0.157335
BFGS:  119 20:50:45    -2674.186607        0.139465
BFGS:  120 20:50:45    -2674.188261        0.119010
BFGS:  121 20:50:46    -2674.189924        0.119466
BFGS:  122 20:50:46    -2674.191660        0.103577
BFGS:  123 20:50:47    -2674.193233        0.099410
BFGS:  124 20:50:48    -2674.194374        0.116004
BFGS:  125 20:50:48    -2674.195167        0.110106
BFGS:  126 20:50:49    -2674.195844        0.110182
BFGS:  127 20:50:49    -2674.196513        0.098285
BFGS:  128 20:50:50    -2674.197104        0.100675
BFGS:  129 20:50:50    -2674.197550        0.109425
BFGS:  130 20:50:51    -2674.197881        0.112666
BFGS:  131 20:50:51    -2674.198135        0.114418
BFGS:  132 20:50:52    -2674.198329        0.104952
BFGS:  133 20:50:52    -2674.198480        0.098293
BFGS:  134 20:50:53    -2674.198618        0.098546
BFGS:  135 20:50:53    -2674.198763        0.100358
BFGS:  136 20:50:54    -2674.198919        0.100848
BFGS:  137 20:50:54    -2674.199068        0.100783
BFGS:  138 20:50:55    -2674.199203        0.099380
BFGS:  139 20:50:55    -2674.199330        0.091076
BFGS:  140 20:50:55    -2674.199443        0.076903
BFGS:  141 20:50:56    -2674.199529        0.060469
BFGS:  142 20:50:56    -2674.199586        0.047775
BFGS:  143 20:50:57    -2674.199632        0.039971
BFGS:  144 20:50:57    -2674.199680        0.037092
BFGS:  145 20:50:58    -2674.199731        0.035424
BFGS:  146 20:50:58    -2674.199781        0.031557
BFGS:  147 20:50:59    -2674.199822        0.027473
BFGS:  148 20:50:59    -2674.199856        0.020058
BFGS:  149 20:51:00    -2674.199881        0.012439
BFGS:  150 20:51:00    -2674.199898        0.006953
