      Step     Time          Energy          fmax
BFGS:    0 14:07:09    -2849.585448        6.101513
BFGS:    1 14:07:10    -2853.167127        2.779721
BFGS:    2 14:07:11    -2853.380886        4.907132
BFGS:    3 14:07:12    -2853.848580        1.818211
BFGS:    4 14:07:13    -2854.082838        1.969005
BFGS:    5 14:07:14    -2855.145548        3.628096
BFGS:    6 14:07:15    -2856.207360        5.918314
BFGS:    7 14:07:16    -2857.056033        6.311921
BFGS:    8 14:07:17    -2857.185015        5.456554
BFGS:    9 14:07:18    -2858.009782        4.678744
BFGS:   10 14:07:19    -2859.743598        5.615527
BFGS:   11 14:07:20    -2861.578947        6.067206
BFGS:   12 14:07:20    -2861.171318       17.290455
BFGS:   13 14:07:21    -2863.134014        6.350722
BFGS:   14 14:07:22    -2864.687368        5.966559
BFGS:   15 14:07:23    -2866.153467        6.926764
BFGS:   16 14:07:24    -2867.195007        5.165592
BFGS:   17 14:07:25    -2867.931818        4.694065
BFGS:   18 14:07:26    -2869.502873        3.412065
BFGS:   19 14:07:27    -2870.259961        4.639072
BFGS:   20 14:07:27    -2870.992526        2.362124
BFGS:   21 14:07:28    -2871.793095        3.803299
BFGS:   22 14:07:29    -2872.392634        3.553449
BFGS:   23 14:07:29    -2873.699080        3.583253
BFGS:   24 14:07:30    -2873.425777       12.599992
BFGS:   25 14:07:31    -2874.868258        2.390072
BFGS:   26 14:07:32    -2875.283505        1.558803
BFGS:   27 14:07:32    -2875.979765        3.063641
BFGS:   28 14:07:33    -2876.271363        2.311270
BFGS:   29 14:07:33    -2876.683333        1.629008
BFGS:   30 14:07:34    -2877.245673        1.803490
BFGS:   31 14:07:34    -2877.512226        1.323799
BFGS:   32 14:07:35    -2877.832660        1.661546
BFGS:   33 14:07:35    -2878.039457        1.444718
BFGS:   34 14:07:36    -2878.282901        1.258310
BFGS:   35 14:07:36    -2878.530865        1.733190
BFGS:   36 14:07:37    -2878.749310        0.999239
BFGS:   37 14:07:37    -2878.931779        0.902256
BFGS:   38 14:07:38    -2879.078041        0.947625
BFGS:   39 14:07:38    -2879.221766        0.944615
BFGS:   40 14:07:39    -2879.371292        0.965549
BFGS:   41 14:07:39    -2879.521287        0.910176
BFGS:   42 14:07:40    -2879.645150        0.823212
BFGS:   43 14:07:40    -2879.745086        0.606453
BFGS:   44 14:07:41    -2879.836364        0.648629
BFGS:   45 14:07:41    -2879.917499        0.844705
BFGS:   46 14:07:42    -2879.988252        1.082345
BFGS:   47 14:07:42    -2880.071225        0.902777
BFGS:   48 14:07:43    -2880.169682        0.725070
BFGS:   49 14:07:43    -2880.233385        0.530554
BFGS:   50 14:07:44    -2880.291778        0.635722
BFGS:   51 14:07:44    -2880.326658        0.609582
BFGS:   52 14:07:45    -2880.359913        0.410037
BFGS:   53 14:07:45    -2880.392509        0.438596
BFGS:   54 14:07:46    -2880.423047        0.404267
BFGS:   55 14:07:46    -2880.452283        0.363158
BFGS:   56 14:07:47    -2880.487626        0.513469
BFGS:   57 14:07:47    -2880.538486        0.539832
BFGS:   58 14:07:48    -2880.585193        0.637072
BFGS:   59 14:07:48    -2880.627399        0.415366
BFGS:   60 14:07:48    -2880.670235        0.552888
BFGS:   61 14:07:49    -2880.699097        0.465584
BFGS:   62 14:07:49    -2880.734465        0.555795
BFGS:   63 14:07:50    -2880.767885        0.365928
BFGS:   64 14:07:50    -2880.798880        0.422095
BFGS:   65 14:07:50    -2880.839877        0.430585
BFGS:   66 14:07:51    -2880.885737        0.428264
BFGS:   67 14:07:51    -2880.948088        0.652338
BFGS:   68 14:07:52    -2881.184430        2.954370
BFGS:   69 14:07:52    -2880.509620        4.322887
BFGS:   70 14:07:52    -2881.280774        3.189644
BFGS:   71 14:07:53    -2881.354641        3.056091
BFGS:   72 14:07:53    -2881.764158        1.925960
BFGS:   73 14:07:54    -2881.939865        1.270412
BFGS:   74 14:07:54    -2882.089551        0.870234
BFGS:   75 14:07:54    -2882.185211        0.639407
BFGS:   76 14:07:55    -2882.231321        0.772113
BFGS:   77 14:07:55    -2882.273795        0.879156
BFGS:   78 14:07:56    -2882.310352        0.730178
BFGS:   79 14:07:56    -2882.344107        0.596226
BFGS:   80 14:07:56    -2882.377742        0.560731
BFGS:   81 14:07:57    -2882.409695        0.391641
BFGS:   82 14:07:57    -2882.434438        0.283907
BFGS:   83 14:07:57    -2882.452715        0.263974
BFGS:   84 14:07:58    -2882.467670        0.361001
BFGS:   85 14:07:58    -2882.481916        0.408538
BFGS:   86 14:07:58    -2882.495897        0.292233
BFGS:   87 14:07:59    -2882.508766        0.173309
BFGS:   88 14:07:59    -2882.519600        0.279548
BFGS:   89 14:07:59    -2882.528526        0.371439
BFGS:   90 14:07:59    -2882.535629        0.313395
BFGS:   91 14:08:00    -2882.540863        0.251293
BFGS:   92 14:08:00    -2882.544678        0.242020
BFGS:   93 14:08:00    -2882.547498        0.213809
BFGS:   94 14:08:01    -2882.549853        0.169873
BFGS:   95 14:08:01    -2882.552215        0.233546
BFGS:   96 14:08:01    -2882.554591        0.236636
BFGS:   97 14:08:02    -2882.556798        0.185942
BFGS:   98 14:08:02    -2882.558568        0.188550
BFGS:   99 14:08:02    -2882.559967        0.214833
BFGS:  100 14:08:02    -2882.561271        0.212780
BFGS:  101 14:08:03    -2882.562636        0.180656
BFGS:  102 14:08:03    -2882.563911        0.125313
BFGS:  103 14:08:03    -2882.564918        0.095817
BFGS:  104 14:08:04    -2882.565705        0.076621
BFGS:  105 14:08:04    -2882.566473        0.080161
BFGS:  106 14:08:04    -2882.567391        0.078012
BFGS:  107 14:08:05    -2882.568456        0.112978
BFGS:  108 14:08:05    -2882.569661        0.115703
BFGS:  109 14:08:05    -2882.571058        0.095577
BFGS:  110 14:08:06    -2882.572824        0.100535
BFGS:  111 14:08:06    -2882.575003        0.114255
BFGS:  112 14:08:06    -2882.577421        0.102551
BFGS:  113 14:08:07    -2882.579867        0.117093
BFGS:  114 14:08:07    -2882.582272        0.104844
BFGS:  115 14:08:07    -2882.584630        0.108024
BFGS:  116 14:08:08    -2882.586836        0.122493
BFGS:  117 14:08:08    -2882.588558        0.131585
BFGS:  118 14:08:08    -2882.589797        0.103307
BFGS:  119 14:08:09    -2882.590651        0.088637
BFGS:  120 14:08:09    -2882.591306        0.093963
BFGS:  121 14:08:09    -2882.591843        0.108859
BFGS:  122 14:08:09    -2882.592328        0.112073
BFGS:  123 14:08:10    -2882.592783        0.103842
BFGS:  124 14:08:10    -2882.593159        0.091650
BFGS:  125 14:08:10    -2882.593430        0.087162
BFGS:  126 14:08:10    -2882.593628        0.078249
BFGS:  127 14:08:11    -2882.593820        0.081155
BFGS:  128 14:08:11    -2882.594034        0.088914
BFGS:  129 14:08:11    -2882.594258        0.096056
BFGS:  130 14:08:11    -2882.594467        0.097735
BFGS:  131 14:08:12    -2882.594690        0.095500
BFGS:  132 14:08:12    -2882.594908        0.088778
BFGS:  133 14:08:12    -2882.595133        0.081197
BFGS:  134 14:08:12    -2882.595353        0.074679
BFGS:  135 14:08:13    -2882.595594        0.069512
BFGS:  136 14:08:13    -2882.595842        0.066955
BFGS:  137 14:08:13    -2882.596050        0.066129
BFGS:  138 14:08:13    -2882.596207        0.066784
BFGS:  139 14:08:14    -2882.596334        0.068537
BFGS:  140 14:08:14    -2882.596462        0.070086
BFGS:  141 14:08:14    -2882.596590        0.070765
BFGS:  142 14:08:14    -2882.596700        0.070146
BFGS:  143 14:08:15    -2882.596785        0.068119
BFGS:  144 14:08:15    -2882.596853        0.063779
BFGS:  145 14:08:15    -2882.596907        0.059179
BFGS:  146 14:08:15    -2882.596946        0.054367
BFGS:  147 14:08:16    -2882.596973        0.051452
BFGS:  148 14:08:16    -2882.596992        0.049904
BFGS:  149 14:08:16    -2882.597008        0.049198
BFGS:  150 14:08:16    -2882.597024        0.049156
BFGS:  151 14:08:16    -2882.597039        0.047316
BFGS:  152 14:08:17    -2882.597052        0.045477
BFGS:  153 14:08:17    -2882.597062        0.042531
BFGS:  154 14:08:17    -2882.597069        0.039471
BFGS:  155 14:08:17    -2882.597075        0.037536
BFGS:  156 14:08:17    -2882.597084        0.034898
BFGS:  157 14:08:18    -2882.597098        0.032299
BFGS:  158 14:08:18    -2882.597109        0.031077
BFGS:  159 14:08:18    -2882.597119        0.031615
BFGS:  160 14:08:18    -2882.597126        0.031711
BFGS:  161 14:08:18    -2882.597134        0.031055
BFGS:  162 14:08:19    -2882.597143        0.030193
BFGS:  163 14:08:19    -2882.597153        0.027728
BFGS:  164 14:08:19    -2882.597163        0.024674
BFGS:  165 14:08:19    -2882.597172        0.022622
BFGS:  166 14:08:19    -2882.597180        0.021398
BFGS:  167 14:08:20    -2882.597187        0.022217
BFGS:  168 14:08:20    -2882.597194        0.023220
BFGS:  169 14:08:20    -2882.597203        0.025082
BFGS:  170 14:08:20    -2882.597214        0.026765
BFGS:  171 14:08:20    -2882.597223        0.026944
BFGS:  172 14:08:21    -2882.597230        0.026286
BFGS:  173 14:08:21    -2882.597235        0.025409
BFGS:  174 14:08:21    -2882.597240        0.024306
BFGS:  175 14:08:21    -2882.597245        0.024464
BFGS:  176 14:08:21    -2882.597248        0.024243
BFGS:  177 14:08:22    -2882.597252        0.025102
BFGS:  178 14:08:22    -2882.597256        0.025384
BFGS:  179 14:08:22    -2882.597261        0.025622
BFGS:  180 14:08:22    -2882.597266        0.025098
BFGS:  181 14:08:22    -2882.597271        0.024107
BFGS:  182 14:08:23    -2882.597277        0.022727
BFGS:  183 14:08:23    -2882.597285        0.021246
BFGS:  184 14:08:23    -2882.597294        0.019624
BFGS:  185 14:08:23    -2882.597304        0.018928
BFGS:  186 14:08:23    -2882.597320        0.017776
BFGS:  187 14:08:24    -2882.597343        0.016227
BFGS:  188 14:08:24    -2882.597374        0.013313
BFGS:  189 14:08:24    -2882.597405        0.009670
