      Step     Time          Energy          fmax
BFGS:    0 20:47:05    -2335.869686        8.184604
BFGS:    1 20:47:06    -2343.360313        7.314405
BFGS:    2 20:47:07    -2342.836940       20.004375
BFGS:    3 20:47:07    -2347.111358        4.984295
BFGS:    4 20:47:08    -2348.323813        3.138462
BFGS:    5 20:47:09    -2349.123296        5.596118
BFGS:    6 20:47:09    -2349.907673        2.358518
BFGS:    7 20:47:10    -2350.366074        1.205222
BFGS:    8 20:47:11    -2350.626188        2.200930
BFGS:    9 20:47:11    -2350.803955        1.068583
BFGS:   10 20:47:12    -2351.179928        1.671381
BFGS:   11 20:47:12    -2351.339236        1.596343
BFGS:   12 20:47:13    -2351.532376        0.971368
BFGS:   13 20:47:14    -2351.589269        0.845321
BFGS:   14 20:47:14    -2351.633859        0.399677
BFGS:   15 20:47:15    -2351.673261        0.419129
BFGS:   16 20:47:15    -2351.701533        0.457181
BFGS:   17 20:47:16    -2351.730792        0.364220
BFGS:   18 20:47:16    -2351.751086        0.357145
BFGS:   19 20:47:17    -2351.773630        0.302430
BFGS:   20 20:47:17    -2351.808911        0.343063
BFGS:   21 20:47:18    -2351.848995        0.462078
BFGS:   22 20:47:18    -2351.891338        0.412930
BFGS:   23 20:47:19    -2351.935472        0.594322
BFGS:   24 20:47:20    -2351.997777        0.661146
BFGS:   25 20:47:20    -2352.206161        1.353482
BFGS:   26 20:47:21    -2352.021659        2.607899
BFGS:   27 20:47:22    -2352.327279        1.639272
BFGS:   28 20:47:22    -2352.417750        1.734934
BFGS:   29 20:47:23    -2352.586222        2.904431
BFGS:   30 20:47:24    -2352.872128        1.929109
BFGS:   31 20:47:24    -2353.187380        1.928560
BFGS:   32 20:47:25    -2354.256445        2.030290
BFGS:   33 20:47:26    -2354.639459        2.232430
BFGS:   34 20:47:26    -2354.896938        3.176780
BFGS:   35 20:47:27    -2355.249293        1.283603
BFGS:   36 20:47:28    -2355.432684        0.763688
BFGS:   37 20:47:28    -2355.561290        0.831307
BFGS:   38 20:47:29    -2355.643590        0.844869
BFGS:   39 20:47:30    -2355.747785        0.560974
BFGS:   40 20:47:30    -2355.804641        0.359965
BFGS:   41 20:47:31    -2355.837161        0.289075
BFGS:   42 20:47:32    -2355.862680        0.359217
BFGS:   43 20:47:32    -2355.890828        0.289805
BFGS:   44 20:47:33    -2355.918668        0.335799
BFGS:   45 20:47:33    -2355.941364        0.283659
BFGS:   46 20:47:34    -2355.965449        0.285871
BFGS:   47 20:47:35    -2355.991035        0.314471
BFGS:   48 20:47:35    -2356.007656        0.200745
BFGS:   49 20:47:36    -2356.014479        0.118555
BFGS:   50 20:47:36    -2356.017199        0.095682
BFGS:   51 20:47:37    -2356.019615        0.092782
BFGS:   52 20:47:37    -2356.022485        0.089033
BFGS:   53 20:47:38    -2356.024696        0.072118
BFGS:   54 20:47:38    -2356.025880        0.053514
BFGS:   55 20:47:38    -2356.026422        0.029644
BFGS:   56 20:47:39    -2356.026737        0.028074
BFGS:   57 20:47:39    -2356.027028        0.035497
BFGS:   58 20:47:40    -2356.027379        0.033406
BFGS:   59 20:47:40    -2356.027798        0.032254
BFGS:   60 20:47:41    -2356.028294        0.039863
BFGS:   61 20:47:41    -2356.028925        0.053187
BFGS:   62 20:47:41    -2356.029827        0.073874
BFGS:   63 20:47:42    -2356.031106        0.076575
BFGS:   64 20:47:42    -2356.032586        0.088491
BFGS:   65 20:47:43    -2356.033790        0.077229
BFGS:   66 20:47:43    -2356.034561        0.065058
BFGS:   67 20:47:44    -2356.035202        0.068791
BFGS:   68 20:47:44    -2356.035960        0.048089
BFGS:   69 20:47:44    -2356.036905        0.063262
BFGS:   70 20:47:45    -2356.038119        0.069712
BFGS:   71 20:47:45    -2356.039816        0.115402
BFGS:   72 20:47:46    -2356.042504        0.161331
BFGS:   73 20:47:46    -2356.046728        0.166487
BFGS:   74 20:47:47    -2356.052428        0.129645
BFGS:   75 20:47:48    -2356.058459        0.114345
BFGS:   76 20:47:48    -2356.063278        0.171908
BFGS:   77 20:47:49    -2356.066352        0.272252
BFGS:   78 20:47:49    -2356.070635        0.237428
BFGS:   79 20:47:50    -2356.075455        0.143788
BFGS:   80 20:47:50    -2356.081159        0.253503
BFGS:   81 20:47:51    -2356.083345        0.155009
BFGS:   82 20:47:51    -2356.086940        0.115807
BFGS:   83 20:47:51    -2356.091536        0.125852
BFGS:   84 20:47:52    -2356.094724        0.092900
BFGS:   85 20:47:52    -2356.098803        0.183286
BFGS:   86 20:47:53    -2356.102892        0.323685
BFGS:   87 20:47:53    -2356.109511        0.352357
BFGS:   88 20:47:54    -2356.121127        0.250694
BFGS:   89 20:47:54    -2356.157840        0.448276
BFGS:   90 20:47:55    -2356.208800        1.263565
BFGS:   91 20:47:55    -2356.407129        1.855225
BFGS:   92 20:47:56    -2354.967186        9.982420
BFGS:   93 20:47:57    -2356.612826        2.484851
BFGS:   94 20:47:57    -2356.674555        1.635565
BFGS:   95 20:47:58    -2356.812360        1.735370
BFGS:   96 20:47:58    -2356.928358        1.924763
BFGS:   97 20:47:59    -2356.963084        1.779377
BFGS:   98 20:47:59    -2357.014450        1.641700
BFGS:   99 20:47:59    -2357.065812        1.530595
BFGS:  100 20:48:00    -2357.118029        1.533941
BFGS:  101 20:48:01    -2357.221113        1.634551
BFGS:  102 20:48:01    -2357.176490        1.762687
BFGS:  103 20:48:02    -2357.309429        1.691628
BFGS:  104 20:48:02    -2357.354440        1.734341
BFGS:  105 20:48:03    -2357.452644        1.919181
BFGS:  106 20:48:03    -2357.498174        1.862993
BFGS:  107 20:48:04    -2357.575656        1.571111
BFGS:  108 20:48:04    -2357.599389        1.450256
BFGS:  109 20:48:05    -2357.616054        1.344916
BFGS:  110 20:48:05    -2357.632645        1.341756
BFGS:  111 20:48:05    -2357.660073        1.409520
BFGS:  112 20:48:06    -2357.680350        1.435384
BFGS:  113 20:48:06    -2357.698935        1.451862
BFGS:  114 20:48:07    -2357.714461        1.378234
BFGS:  115 20:48:07    -2357.727007        1.307230
BFGS:  116 20:48:08    -2357.735626        1.259676
BFGS:  117 20:48:08    -2357.741263        1.254085
BFGS:  118 20:48:08    -2357.745430        1.229049
BFGS:  119 20:48:09    -2357.748981        1.217632
BFGS:  120 20:48:09    -2357.752527        1.253072
BFGS:  121 20:48:09    -2357.756998        1.294193
BFGS:  122 20:48:10    -2357.763731        1.311387
BFGS:  123 20:48:10    -2357.774289        1.293781
BFGS:  124 20:48:11    -2357.789181        1.223408
BFGS:  125 20:48:11    -2357.807585        1.119131
BFGS:  126 20:48:11    -2357.829873        1.036220
BFGS:  127 20:48:12    -2357.864909        1.088051
BFGS:  128 20:48:12    -2357.971117        1.218777
BFGS:  129 20:48:13    -2358.261530        1.804301
BFGS:  130 20:48:13    -2358.790986        2.627781
BFGS:  131 20:48:14    -2359.531416        2.703913
BFGS:  132 20:48:14    -2359.379106        5.274201
BFGS:  133 20:48:15    -2359.123788        5.718917
BFGS:  134 20:48:15    -2360.195182        1.661087
BFGS:  135 20:48:16    -2360.191318        2.383492
BFGS:  136 20:48:16    -2360.414868        1.506331
BFGS:  137 20:48:17    -2360.459983        1.427537
BFGS:  138 20:48:17    -2360.542824        1.498807
BFGS:  139 20:48:18    -2360.671626        1.571480
BFGS:  140 20:48:18    -2360.726870        1.636611
BFGS:  141 20:48:19    -2360.806858        1.650192
BFGS:  142 20:48:19    -2360.840196        1.691894
BFGS:  143 20:48:20    -2360.921373        1.822855
BFGS:  144 20:48:20    -2360.994099        1.777165
BFGS:  145 20:48:20    -2361.106535        1.733843
BFGS:  146 20:48:21    -2361.190799        2.197830
BFGS:  147 20:48:21    -2361.336172        2.150982
BFGS:  148 20:48:22    -2361.535105        2.275036
BFGS:  149 20:48:22    -2361.664854        3.694887
BFGS:  150 20:48:23    -2361.861672        2.124378
BFGS:  151 20:48:23    -2361.950211        2.037619
BFGS:  152 20:48:24    -2362.077579        1.926321
BFGS:  153 20:48:24    -2362.139378        1.973235
BFGS:  154 20:48:25    -2362.230862        2.000221
BFGS:  155 20:48:25    -2362.281537        1.907410
BFGS:  156 20:48:25    -2362.339812        1.750789
BFGS:  157 20:48:26    -2362.372948        1.742063
BFGS:  158 20:48:26    -2362.402694        1.719976
BFGS:  159 20:48:27    -2362.431265        1.724054
BFGS:  160 20:48:27    -2362.458874        1.801109
BFGS:  161 20:48:27    -2362.475504        1.858616
BFGS:  162 20:48:28    -2362.488206        1.868934
BFGS:  163 20:48:28    -2362.500201        1.850133
BFGS:  164 20:48:29    -2362.511171        1.804846
BFGS:  165 20:48:29    -2362.519523        1.760498
BFGS:  166 20:48:29    -2362.526069        1.731760
BFGS:  167 20:48:30    -2362.532301        1.718239
BFGS:  168 20:48:30    -2362.538236        1.721390
BFGS:  169 20:48:30    -2362.542986        1.728476
BFGS:  170 20:48:31    -2362.546221        1.737950
BFGS:  171 20:48:31    -2362.548587        1.743220
BFGS:  172 20:48:31    -2362.550854        1.754198
BFGS:  173 20:48:32    -2362.553390        1.765797
BFGS:  174 20:48:32    -2362.556343        1.781452
BFGS:  175 20:48:32    -2362.559867        1.790824
BFGS:  176 20:48:33    -2362.564085        1.794519
BFGS:  177 20:48:33    -2362.568910        1.783689
BFGS:  178 20:48:34    -2362.574233        1.767120
BFGS:  179 20:48:34    -2362.580481        1.744789
BFGS:  180 20:48:34    -2362.588651        1.731741
BFGS:  181 20:48:35    -2362.599730        1.732444
BFGS:  182 20:48:35    -2362.612535        1.762007
BFGS:  183 20:48:35    -2362.623948        1.808186
BFGS:  184 20:48:36    -2362.632768        1.851850
BFGS:  185 20:48:36    -2362.641219        1.875948
BFGS:  186 20:48:37    -2362.651777        1.874596
BFGS:  187 20:48:37    -2362.666376        1.831570
BFGS:  188 20:48:38    -2362.685409        1.746519
BFGS:  189 20:48:38    -2362.707774        1.669656
BFGS:  190 20:48:38    -2362.731530        1.644381
BFGS:  191 20:48:39    -2362.754565        1.605821
BFGS:  192 20:48:39    -2362.775742        1.675266
BFGS:  193 20:48:40    -2362.796088        1.750206
BFGS:  194 20:48:40    -2362.816369        1.799334
BFGS:  195 20:48:40    -2362.836001        1.797789
BFGS:  196 20:48:41    -2362.855144        1.756300
BFGS:  197 20:48:41    -2362.874410        1.695826
BFGS:  198 20:48:41    -2362.893957        1.653806
BFGS:  199 20:48:42    -2362.913840        1.677645
BFGS:  200 20:48:42    -2362.931477        1.695575
