      Step     Time          Energy          fmax
BFGS:    0 09:51:37    -2437.076621        0.946168
BFGS:    1 09:51:37    -2437.101091        0.863024
BFGS:    2 09:51:38    -2437.150227        0.814531
BFGS:    3 09:51:39    -2437.184078        0.226313
BFGS:    4 09:51:39    -2437.188153        0.044372
BFGS:    5 09:51:40    -2437.188302        0.003877
      Step     Time          Energy          fmax
BFGS:    0 12:35:08    -2406.226240       14.589902
BFGS:    1 12:35:09    -2412.202397        5.031083
BFGS:    2 12:35:09    -2417.602955        6.053042
BFGS:    3 12:35:10    -2423.432749       25.362605
BFGS:    4 12:35:11    -2426.029664       34.622400
BFGS:    5 12:35:11    -2430.489168       11.197599
BFGS:    6 12:35:12    -2432.967314        5.814632
BFGS:    7 12:35:12    -2434.028831        2.179426
BFGS:    8 12:35:13    -2434.682546        1.865847
BFGS:    9 12:35:13    -2435.112773        2.375269
BFGS:   10 12:35:13    -2435.357591        2.910389
BFGS:   11 12:35:14    -2435.706753        2.877271
BFGS:   12 12:35:15    -2436.056982        1.452419
BFGS:   13 12:35:15    -2436.326158        1.647820
BFGS:   14 12:35:16    -2436.530688        1.546585
BFGS:   15 12:35:16    -2436.659333        1.097607
BFGS:   16 12:35:16    -2436.741618        0.705536
BFGS:   17 12:35:17    -2436.821083        0.516548
BFGS:   18 12:35:17    -2436.873313        0.656071
BFGS:   19 12:35:18    -2436.912704        0.450877
BFGS:   20 12:35:18    -2436.945026        0.398353
BFGS:   21 12:35:19    -2436.973110        0.317032
BFGS:   22 12:35:19    -2436.990659        0.275481
BFGS:   23 12:35:20    -2437.001872        0.154643
BFGS:   24 12:35:20    -2437.009060        0.180819
BFGS:   25 12:35:20    -2437.015786        0.159210
BFGS:   26 12:35:21    -2437.023953        0.190652
BFGS:   27 12:35:21    -2437.033538        0.178152
BFGS:   28 12:35:22    -2437.044809        0.259987
BFGS:   29 12:35:22    -2437.057168        0.243110
BFGS:   30 12:35:23    -2437.068877        0.213581
BFGS:   31 12:35:23    -2437.078948        0.206511
BFGS:   32 12:35:23    -2437.088432        0.209090
BFGS:   33 12:35:24    -2437.098161        0.254489
BFGS:   34 12:35:24    -2437.107839        0.245495
BFGS:   35 12:35:25    -2437.115742        0.182842
BFGS:   36 12:35:25    -2437.121079        0.113423
BFGS:   37 12:35:25    -2437.125052        0.146010
BFGS:   38 12:35:26    -2437.128370        0.145195
BFGS:   39 12:35:26    -2437.130904        0.133337
BFGS:   40 12:35:27    -2437.132906        0.104955
BFGS:   41 12:35:27    -2437.134841        0.108971
BFGS:   42 12:35:27    -2437.137028        0.111894
BFGS:   43 12:35:28    -2437.139362        0.151297
BFGS:   44 12:35:28    -2437.141400        0.146950
BFGS:   45 12:35:28    -2437.143149        0.090917
BFGS:   46 12:35:29    -2437.144902        0.095434
BFGS:   47 12:35:29    -2437.147095        0.132092
BFGS:   48 12:35:30    -2437.150027        0.209345
BFGS:   49 12:35:30    -2437.154184        0.282389
BFGS:   50 12:35:31    -2437.159707        0.273053
BFGS:   51 12:35:31    -2437.167089        0.250343
BFGS:   52 12:35:32    -2437.176410        0.183784
BFGS:   53 12:35:32    -2437.184905        0.254745
BFGS:   54 12:35:33    -2437.192911        0.333642
BFGS:   55 12:35:33    -2437.199155        0.288856
BFGS:   56 12:35:33    -2437.206014        0.204015
BFGS:   57 12:35:34    -2437.212143        0.150004
BFGS:   58 12:35:34    -2437.219534        0.234833
BFGS:   59 12:35:35    -2437.224778        0.287745
BFGS:   60 12:35:35    -2437.234488        0.289800
BFGS:   61 12:35:36    -2437.243858        0.257509
BFGS:   62 12:35:36    -2437.253647        0.217186
BFGS:   63 12:35:36    -2437.262372        0.212646
BFGS:   64 12:35:37    -2437.271662        0.316424
BFGS:   65 12:35:37    -2437.281124        0.325319
BFGS:   66 12:35:38    -2437.289081        0.204143
BFGS:   67 12:35:38    -2437.294673        0.138965
BFGS:   68 12:35:39    -2437.298681        0.116588
BFGS:   69 12:35:39    -2437.302015        0.201382
BFGS:   70 12:35:39    -2437.305017        0.228107
BFGS:   71 12:35:40    -2437.309047        0.157875
BFGS:   72 12:35:40    -2437.313589        0.082186
BFGS:   73 12:35:41    -2437.315621        0.089538
BFGS:   74 12:35:41    -2437.317995        0.107932
BFGS:   75 12:35:41    -2437.319871        0.089507
BFGS:   76 12:35:42    -2437.321514        0.065494
BFGS:   77 12:35:42    -2437.323033        0.074856
BFGS:   78 12:35:42    -2437.325019        0.111234
BFGS:   79 12:35:43    -2437.328624        0.168629
BFGS:   80 12:35:43    -2437.333421        0.198570
BFGS:   81 12:35:43    -2437.339499        0.193669
BFGS:   82 12:35:44    -2437.345573        0.160079
BFGS:   83 12:35:44    -2437.351520        0.193460
BFGS:   84 12:35:45    -2437.357625        0.172016
BFGS:   85 12:35:45    -2437.363558        0.147928
BFGS:   86 12:35:45    -2437.368538        0.165904
BFGS:   87 12:35:46    -2437.373004        0.179582
BFGS:   88 12:35:46    -2437.377882        0.166321
BFGS:   89 12:35:47    -2437.383417        0.126970
BFGS:   90 12:35:47    -2437.388583        0.125595
BFGS:   91 12:35:47    -2437.391856        0.102434
BFGS:   92 12:35:48    -2437.394631        0.112031
BFGS:   93 12:35:48    -2437.397620        0.086971
BFGS:   94 12:35:49    -2437.400379        0.090419
BFGS:   95 12:35:49    -2437.402586        0.086110
BFGS:   96 12:35:49    -2437.404695        0.085666
BFGS:   97 12:35:50    -2437.407097        0.113265
BFGS:   98 12:35:50    -2437.410040        0.086086
BFGS:   99 12:35:51    -2437.412792        0.103281
BFGS:  100 12:35:51    -2437.415012        0.096224
BFGS:  101 12:35:51    -2437.417188        0.090431
BFGS:  102 12:35:52    -2437.419594        0.088414
BFGS:  103 12:35:52    -2437.421487        0.094131
BFGS:  104 12:35:53    -2437.422781        0.086391
BFGS:  105 12:35:53    -2437.423903        0.086960
BFGS:  106 12:35:53    -2437.425153        0.081233
BFGS:  107 12:35:54    -2437.426421        0.068085
BFGS:  108 12:35:54    -2437.427452        0.064747
BFGS:  109 12:35:54    -2437.428316        0.067567
BFGS:  110 12:35:55    -2437.429313        0.068032
BFGS:  111 12:35:55    -2437.430643        0.067556
BFGS:  112 12:35:55    -2437.432288        0.094899
BFGS:  113 12:35:55    -2437.434050        0.105915
BFGS:  114 12:35:56    -2437.435776        0.085345
BFGS:  115 12:35:56    -2437.437511        0.071461
BFGS:  116 12:35:57    -2437.439305        0.084570
BFGS:  117 12:35:57    -2437.441165        0.084235
BFGS:  118 12:35:57    -2437.443271        0.082236
BFGS:  119 12:35:58    -2437.445976        0.110624
BFGS:  120 12:35:58    -2437.449780        0.151381
BFGS:  121 12:35:58    -2437.454931        0.151569
BFGS:  122 12:35:59    -2437.461141        0.151528
BFGS:  123 12:35:59    -2437.467941        0.140435
BFGS:  124 12:36:00    -2437.475700        0.155517
BFGS:  125 12:36:00    -2437.485198        0.264500
BFGS:  126 12:36:01    -2437.499339        0.343903
BFGS:  127 12:36:01    -2437.518313        0.314214
BFGS:  128 12:36:02    -2437.551048        0.373532
BFGS:  129 12:36:02    -2437.583584        0.396834
BFGS:  130 12:36:03    -2437.597611        1.173830
BFGS:  131 12:36:03    -2437.631859        0.358309
BFGS:  132 12:36:04    -2437.655317        0.315763
BFGS:  133 12:36:04    -2437.689767        0.279254
BFGS:  134 12:36:05    -2437.721445        0.374599
BFGS:  135 12:36:05    -2437.749259        0.396152
BFGS:  136 12:36:05    -2437.774701        0.367882
BFGS:  137 12:36:06    -2437.795264        0.262253
BFGS:  138 12:36:06    -2437.812980        0.291242
BFGS:  139 12:36:07    -2437.830882        0.232555
BFGS:  140 12:36:07    -2437.857763        0.262760
BFGS:  141 12:36:08    -2437.883645        0.259195
BFGS:  142 12:36:08    -2437.913687        0.244106
BFGS:  143 12:36:09    -2437.938688        0.305785
BFGS:  144 12:36:09    -2437.958411        0.275989
BFGS:  145 12:36:09    -2437.973674        0.227885
BFGS:  146 12:36:10    -2437.988724        0.266807
BFGS:  147 12:36:10    -2437.999728        0.146798
BFGS:  148 12:36:11    -2438.006204        0.122938
BFGS:  149 12:36:11    -2438.012189        0.139602
BFGS:  150 12:36:11    -2438.018069        0.117969
BFGS:  151 12:36:12    -2438.023772        0.135412
BFGS:  152 12:36:12    -2438.029964        0.136060
BFGS:  153 12:36:12    -2438.037618        0.208901
BFGS:  154 12:36:13    -2438.047149        0.249298
BFGS:  155 12:36:13    -2438.057941        0.175082
BFGS:  156 12:36:14    -2438.070378        0.176774
BFGS:  157 12:36:14    -2438.086148        0.233253
BFGS:  158 12:36:15    -2438.106242        0.291119
BFGS:  159 12:36:15    -2438.130425        0.531083
BFGS:  160 12:36:16    -2438.156981        0.405402
BFGS:  161 12:36:16    -2438.198735        0.355637
BFGS:  162 12:36:16    -2438.236935        0.344129
BFGS:  163 12:36:17    -2438.275452        0.300333
BFGS:  164 12:36:17    -2438.298573        0.269695
BFGS:  165 12:36:18    -2438.321613        0.282503
BFGS:  166 12:36:18    -2438.338104        0.222434
BFGS:  167 12:36:19    -2438.353004        0.236459
BFGS:  168 12:36:19    -2438.362881        0.184032
BFGS:  169 12:36:20    -2438.371558        0.115176
BFGS:  170 12:36:20    -2438.377057        0.091700
BFGS:  171 12:36:20    -2438.381163        0.090554
BFGS:  172 12:36:21    -2438.384347        0.093121
BFGS:  173 12:36:21    -2438.388045        0.103822
BFGS:  174 12:36:22    -2438.393835        0.150873
BFGS:  175 12:36:22    -2438.402054        0.610394
BFGS:  176 12:36:23    -2438.415241        0.319433
BFGS:  177 12:36:23    -2438.432358        0.475975
BFGS:  178 12:36:24    -2438.447530        0.430215
BFGS:  179 12:36:24    -2438.461188        0.244391
BFGS:  180 12:36:24    -2438.472804        0.180817
BFGS:  181 12:36:25    -2438.482599        0.142519
BFGS:  182 12:36:25    -2438.493680        0.144614
BFGS:  183 12:36:26    -2438.500891        0.137021
BFGS:  184 12:36:26    -2438.505966        0.149364
BFGS:  185 12:36:27    -2438.508933        0.080853
BFGS:  186 12:36:27    -2438.511333        0.090140
BFGS:  187 12:36:27    -2438.513631        0.095174
BFGS:  188 12:36:28    -2438.516366        0.096368
BFGS:  189 12:36:28    -2438.518483        0.100482
BFGS:  190 12:36:28    -2438.520357        0.127234
BFGS:  191 12:36:29    -2438.522439        0.120992
BFGS:  192 12:36:29    -2438.525261        0.120121
BFGS:  193 12:36:29    -2438.528663        0.112199
BFGS:  194 12:36:30    -2438.532224        0.123698
BFGS:  195 12:36:30    -2438.535792        0.139293
BFGS:  196 12:36:31    -2438.539647        0.110228
BFGS:  197 12:36:31    -2438.544065        0.135076
BFGS:  198 12:36:31    -2438.548982        0.131738
BFGS:  199 12:36:32    -2438.553908        0.132344
BFGS:  200 12:36:32    -2438.558585        0.143065
