      Step     Time          Energy          fmax
BFGS:    0 13:05:44    -2219.160241       13.462548
BFGS:    1 13:05:45    -2223.647929        6.165982
BFGS:    2 13:05:46    -2225.640095        4.789987
BFGS:    3 13:05:46    -2227.604549        2.705311
BFGS:    4 13:05:47    -2228.393099       11.553172
BFGS:    5 13:05:47    -2230.506828        5.320865
BFGS:    6 13:05:48    -2236.320098        6.393482
BFGS:    7 13:05:48    -2244.368546        8.108124
BFGS:    8 13:05:49    -2253.096231        6.171507
BFGS:    9 13:05:50    -2252.273853       16.157019
BFGS:   10 13:05:50    -2256.075358        3.271769
BFGS:   11 13:05:51    -2256.855546        2.250027
BFGS:   12 13:05:51    -2257.748895        2.785178
BFGS:   13 13:05:51    -2258.013395        1.970752
BFGS:   14 13:05:52    -2258.374188        1.599376
BFGS:   15 13:05:52    -2258.520271        1.345995
BFGS:   16 13:05:53    -2258.809732        1.778695
BFGS:   17 13:05:53    -2258.948480        1.239934
BFGS:   18 13:05:53    -2259.047693        0.492154
BFGS:   19 13:05:54    -2259.115565        1.026636
BFGS:   20 13:05:54    -2259.222483        1.383094
BFGS:   21 13:05:55    -2259.298822        0.855423
BFGS:   22 13:05:55    -2259.351141        0.567974
BFGS:   23 13:05:55    -2259.421719        0.828444
BFGS:   24 13:05:56    -2259.507292        1.206377
BFGS:   25 13:05:56    -2259.592548        1.172769
BFGS:   26 13:05:57    -2259.671845        0.550823
BFGS:   27 13:05:57    -2259.745856        0.698626
BFGS:   28 13:05:57    -2259.826212        1.402213
BFGS:   29 13:05:58    -2259.931703        1.694314
BFGS:   30 13:05:58    -2260.012559        1.204081
BFGS:   31 13:05:59    -2260.062752        0.501403
BFGS:   32 13:05:59    -2260.102031        0.585313
BFGS:   33 13:05:59    -2260.161781        0.997692
BFGS:   34 13:06:00    -2260.212524        1.018715
BFGS:   35 13:06:00    -2260.256628        0.542520
BFGS:   36 13:06:00    -2260.295521        0.516874
BFGS:   37 13:06:01    -2260.339440        0.869155
BFGS:   38 13:06:01    -2260.394977        0.926390
BFGS:   39 13:06:01    -2260.431129        0.537447
BFGS:   40 13:06:02    -2260.448963        0.285338
BFGS:   41 13:06:02    -2260.460565        0.273522
BFGS:   42 13:06:02    -2260.471435        0.412489
BFGS:   43 13:06:02    -2260.482026        0.345904
BFGS:   44 13:06:03    -2260.489760        0.176289
BFGS:   45 13:06:03    -2260.493851        0.122443
BFGS:   46 13:06:03    -2260.495931        0.148096
BFGS:   47 13:06:04    -2260.497053        0.073991
BFGS:   48 13:06:04    -2260.497630        0.050516
BFGS:   49 13:06:04    -2260.497948        0.055612
BFGS:   50 13:06:04    -2260.498181        0.048041
BFGS:   51 13:06:05    -2260.498309        0.026115
BFGS:   52 13:06:05    -2260.498358        0.017777
BFGS:   53 13:06:05    -2260.498384        0.012929
BFGS:   54 13:06:05    -2260.498408        0.013774
BFGS:   55 13:06:06    -2260.498431        0.016924
BFGS:   56 13:06:06    -2260.498449        0.016934
BFGS:   57 13:06:06    -2260.498468        0.012184
BFGS:   58 13:06:06    -2260.498502        0.023974
BFGS:   59 13:06:07    -2260.498597        0.067191
BFGS:   60 13:06:07    -2260.498987        0.232336
BFGS:   61 13:06:08    -2260.498530        0.545859
BFGS:   62 13:06:08    -2260.500122        0.343625
BFGS:   63 13:06:08    -2260.501755        0.359003
BFGS:   64 13:06:09    -2260.518434        0.413624
BFGS:   65 13:06:09    -2260.524937        0.133501
BFGS:   66 13:06:10    -2260.529102        0.165570
BFGS:   67 13:06:10    -2260.531247        0.147233
BFGS:   68 13:06:10    -2260.534957        0.129141
BFGS:   69 13:06:11    -2260.538325        0.101651
BFGS:   70 13:06:11    -2260.539750        0.089983
BFGS:   71 13:06:11    -2260.541047        0.085581
BFGS:   72 13:06:11    -2260.542502        0.103914
BFGS:   73 13:06:12    -2260.544402        0.123340
BFGS:   74 13:06:12    -2260.546445        0.100117
BFGS:   75 13:06:12    -2260.548396        0.089499
BFGS:   76 13:06:13    -2260.550404        0.115257
BFGS:   77 13:06:13    -2260.552860        0.149542
BFGS:   78 13:06:13    -2260.555625        0.137641
BFGS:   79 13:06:14    -2260.558015        0.086975
BFGS:   80 13:06:14    -2260.559522        0.064448
BFGS:   81 13:06:14    -2260.560546        0.080892
BFGS:   82 13:06:15    -2260.561585        0.090406
BFGS:   83 13:06:15    -2260.562795        0.061610
BFGS:   84 13:06:15    -2260.564106        0.084622
BFGS:   85 13:06:16    -2260.565572        0.091301
BFGS:   86 13:06:16    -2260.567155        0.103980
BFGS:   87 13:06:16    -2260.568652        0.093045
BFGS:   88 13:06:17    -2260.569701        0.061980
BFGS:   89 13:06:17    -2260.570480        0.057302
BFGS:   90 13:06:17    -2260.571268        0.070774
BFGS:   91 13:06:17    -2260.572421        0.071578
BFGS:   92 13:06:18    -2260.573838        0.076706
BFGS:   93 13:06:18    -2260.575620        0.092414
BFGS:   94 13:06:18    -2260.577537        0.119923
BFGS:   95 13:06:19    -2260.580982        0.135732
BFGS:   96 13:06:19    -2260.585173        0.115838
BFGS:   97 13:06:19    -2260.589428        0.103034
BFGS:   98 13:06:20    -2260.592003        0.136828
BFGS:   99 13:06:20    -2260.594654        0.111869
BFGS:  100 13:06:20    -2260.597430        0.137313
BFGS:  101 13:06:21    -2260.601415        0.130732
BFGS:  102 13:06:21    -2260.605100        0.130872
BFGS:  103 13:06:21    -2260.608251        0.122242
BFGS:  104 13:06:22    -2260.610818        0.122159
BFGS:  105 13:06:22    -2260.612818        0.092448
BFGS:  106 13:06:22    -2260.614056        0.093443
BFGS:  107 13:06:23    -2260.615351        0.068986
BFGS:  108 13:06:23    -2260.616304        0.063182
BFGS:  109 13:06:23    -2260.617016        0.051566
BFGS:  110 13:06:23    -2260.617555        0.046977
BFGS:  111 13:06:24    -2260.617971        0.034847
BFGS:  112 13:06:24    -2260.618297        0.030649
BFGS:  113 13:06:24    -2260.618628        0.040144
BFGS:  114 13:06:24    -2260.618930        0.036840
BFGS:  115 13:06:25    -2260.619151        0.026223
BFGS:  116 13:06:25    -2260.619303        0.021361
BFGS:  117 13:06:25    -2260.619430        0.018417
BFGS:  118 13:06:25    -2260.619542        0.025112
BFGS:  119 13:06:26    -2260.619640        0.017329
BFGS:  120 13:06:26    -2260.619730        0.016831
BFGS:  121 13:06:26    -2260.619818        0.016604
BFGS:  122 13:06:26    -2260.619896        0.014540
BFGS:  123 13:06:27    -2260.619952        0.014525
BFGS:  124 13:06:27    -2260.619997        0.013511
BFGS:  125 13:06:27    -2260.620056        0.017023
BFGS:  126 13:06:27    -2260.620162        0.030170
BFGS:  127 13:06:28    -2260.620338        0.042171
BFGS:  128 13:06:28    -2260.620570        0.047251
BFGS:  129 13:06:28    -2260.620810        0.029554
BFGS:  130 13:06:28    -2260.621062        0.027453
BFGS:  131 13:06:29    -2260.621401        0.048661
BFGS:  132 13:06:29    -2260.621964        0.066435
BFGS:  133 13:06:29    -2260.622893        0.082651
BFGS:  134 13:06:30    -2260.624405        0.106325
BFGS:  135 13:06:30    -2260.627054        0.130421
BFGS:  136 13:06:30    -2260.635030        0.234728
BFGS:  137 13:06:31    -2260.639123        0.420619
BFGS:  138 13:06:31    -2260.647292        0.462124
BFGS:  139 13:06:32    -2260.683761        0.883962
BFGS:  140 13:06:32    -2260.731976        1.026686
BFGS:  141 13:06:32    -2260.756434        0.843461
BFGS:  142 13:06:33    -2260.906959        0.727434
BFGS:  143 13:06:33    -2260.965789        0.925979
BFGS:  144 13:06:34    -2261.035871        0.559984
BFGS:  145 13:06:34    -2261.076977        0.518024
BFGS:  146 13:06:35    -2261.110660        0.486621
BFGS:  147 13:06:35    -2261.103214        1.306048
BFGS:  148 13:06:35    -2261.192282        0.518186
BFGS:  149 13:06:36    -2261.214546        0.398656
BFGS:  150 13:06:36    -2261.239739        0.323769
BFGS:  151 13:06:36    -2261.269338        0.356418
BFGS:  152 13:06:37    -2261.287264        0.332293
BFGS:  153 13:06:37    -2261.305061        0.307955
BFGS:  154 13:06:37    -2261.319080        0.247289
BFGS:  155 13:06:38    -2261.330403        0.205297
BFGS:  156 13:06:38    -2261.344071        0.228582
BFGS:  157 13:06:38    -2261.359107        0.210126
BFGS:  158 13:06:39    -2261.376951        0.252549
BFGS:  159 13:06:39    -2261.393476        0.236484
BFGS:  160 13:06:39    -2261.411598        0.219986
BFGS:  161 13:06:40    -2261.427677        0.238022
BFGS:  162 13:06:40    -2261.441490        0.217738
BFGS:  163 13:06:40    -2261.453941        0.197053
BFGS:  164 13:06:41    -2261.464153        0.163303
BFGS:  165 13:06:41    -2261.471862        0.157306
BFGS:  166 13:06:41    -2261.477137        0.120542
BFGS:  167 13:06:41    -2261.480958        0.133668
BFGS:  168 13:06:42    -2261.483779        0.081047
BFGS:  169 13:06:42    -2261.485836        0.073805
BFGS:  170 13:06:42    -2261.487367        0.071191
BFGS:  171 13:06:43    -2261.488808        0.083289
BFGS:  172 13:06:43    -2261.490369        0.072462
BFGS:  173 13:06:43    -2261.491850        0.054467
BFGS:  174 13:06:44    -2261.492910        0.051872
BFGS:  175 13:06:44    -2261.493590        0.049521
BFGS:  176 13:06:44    -2261.494090        0.040134
BFGS:  177 13:06:44    -2261.494556        0.037084
BFGS:  178 13:06:45    -2261.494965        0.030317
BFGS:  179 13:06:45    -2261.495266        0.025500
BFGS:  180 13:06:45    -2261.495453        0.019911
BFGS:  181 13:06:45    -2261.495558        0.015648
BFGS:  182 13:06:45    -2261.495615        0.013071
BFGS:  183 13:06:46    -2261.495654        0.010536
BFGS:  184 13:06:46    -2261.495693        0.011515
BFGS:  185 13:06:46    -2261.495736        0.012052
BFGS:  186 13:06:46    -2261.495771        0.009552
