      Step     Time          Energy          fmax
BFGS:    0 13:45:20     -725.158926     6679.785973
BFGS:    1 13:45:22    -2387.227351      957.549171
BFGS:    2 13:45:24    -2684.473232     2673.789696
BFGS:    3 13:45:25    -2681.383967     2008.423354
BFGS:    4 13:45:29    -3014.996940      793.946446
BFGS:    5 13:45:30    -3153.311291      233.931832
BFGS:    6 13:45:31    -3188.700423      143.846577
BFGS:    7 13:45:32    -3209.911011      125.148422
BFGS:    8 13:45:33    -3225.396561       86.441938
BFGS:    9 13:45:35    -3240.092941       48.214645
BFGS:   10 13:45:36    -3249.526932       23.134412
BFGS:   11 13:45:37    -3257.005542       15.296649
BFGS:   12 13:45:37    -3262.395088       21.872201
BFGS:   13 13:45:38    -3266.426722       13.565068
BFGS:   14 13:45:39    -3269.026386       16.518824
BFGS:   15 13:45:40    -3271.663262        9.778227
BFGS:   16 13:45:40    -3273.853218       11.215737
BFGS:   17 13:45:41    -3275.995886       12.441226
BFGS:   18 13:45:42    -3277.119206       13.296448
BFGS:   19 13:45:43    -3278.372389       14.357335
BFGS:   20 13:45:44    -3279.216272       14.380177
BFGS:   21 13:45:44    -3279.916836       13.534265
BFGS:   22 13:45:45    -3280.481199       12.617769
BFGS:   23 13:45:46    -3281.006178       11.465599
BFGS:   24 13:45:47    -3281.399487       10.337546
BFGS:   25 13:45:48    -3281.723398        9.131879
BFGS:   26 13:45:48    -3282.039016        7.915849
BFGS:   27 13:45:49    -3282.346948        6.745274
BFGS:   28 13:45:50    -3282.631056        5.792364
BFGS:   29 13:45:50    -3282.880894        5.034279
BFGS:   30 13:45:51    -3283.102731        4.448394
BFGS:   31 13:45:52    -3283.338172        3.804473
BFGS:   32 13:45:52    -3283.562460        3.088703
BFGS:   33 13:45:53    -3283.716793        2.545189
BFGS:   34 13:45:54    -3283.812545        2.267898
BFGS:   35 13:45:54    -3283.880887        2.080469
BFGS:   36 13:45:55    -3283.942974        2.042879
BFGS:   37 13:45:56    -3283.995940        2.032542
BFGS:   38 13:45:56    -3284.034174        2.058990
BFGS:   39 13:45:57    -3284.064053        2.101570
BFGS:   40 13:45:57    -3284.092617        2.133939
BFGS:   41 13:45:58    -3284.118491        2.137849
BFGS:   42 13:45:58    -3284.139149        2.102459
BFGS:   43 13:45:59    -3284.154858        2.045208
BFGS:   44 13:46:00    -3284.167036        1.988126
BFGS:   45 13:46:00    -3284.176156        1.963634
BFGS:   46 13:46:01    -3284.183066        1.964043
BFGS:   47 13:46:01    -3284.189463        2.001640
BFGS:   48 13:46:02    -3284.196512        2.065442
BFGS:   49 13:46:02    -3284.203885        2.128436
BFGS:   50 13:46:03    -3284.210771        2.172383
BFGS:   51 13:46:03    -3284.216948        2.181986
BFGS:   52 13:46:04    -3284.222574        2.169402
BFGS:   53 13:46:04    -3284.228006        2.145875
BFGS:   54 13:46:05    -3284.233722        2.141235
BFGS:   55 13:46:06    -3284.240429        2.158627
BFGS:   56 13:46:06    -3284.248179        2.194662
BFGS:   57 13:46:07    -3284.255747        2.229308
BFGS:   58 13:46:07    -3284.261624        2.281742
BFGS:   59 13:46:08    -3284.265884        2.308789
BFGS:   60 13:46:08    -3284.269768        2.318703
BFGS:   61 13:46:09    -3284.273965        2.313356
BFGS:   62 13:46:09    -3284.278410        2.301741
BFGS:   63 13:46:10    -3284.282765        2.291282
BFGS:   64 13:46:10    -3284.287034        2.291524
BFGS:   65 13:46:11    -3284.291544        2.304205
BFGS:   66 13:46:11    -3284.296446        2.330739
BFGS:   67 13:46:11    -3284.301541        2.365701
BFGS:   68 13:46:12    -3284.306488        2.400540
BFGS:   69 13:46:12    -3284.311170        2.428104
BFGS:   70 13:46:13    -3284.315989        2.445668
BFGS:   71 13:46:13    -3284.321848        2.455883
BFGS:   72 13:46:14    -3284.329855        2.460069
BFGS:   73 13:46:14    -3284.340932        2.460175
BFGS:   74 13:46:15    -3284.355343        2.455731
BFGS:   75 13:46:16    -3284.373037        2.445907
BFGS:   76 13:46:16    -3284.395168        2.421689
BFGS:   77 13:46:17    -3284.427786        2.353028
BFGS:   78 13:46:18    -3284.487014        2.096205
BFGS:   79 13:46:18    -3284.556251        1.865563
BFGS:   80 13:46:19    -3284.659760        1.565522
BFGS:   81 13:46:20    -3284.833032        1.335977
BFGS:   82 13:46:20    -3284.981926        0.965364
BFGS:   83 13:46:21    -3285.115004        1.076754
BFGS:   84 13:46:22    -3285.194476        1.075836
BFGS:   85 13:46:22    -3285.255762        1.196861
BFGS:   86 13:46:23    -3285.324235        1.021853
BFGS:   87 13:46:23    -3285.379102        1.004887
BFGS:   88 13:46:24    -3285.411062        0.964197
BFGS:   89 13:46:24    -3285.450157        0.780132
BFGS:   90 13:46:25    -3285.474291        0.642043
BFGS:   91 13:46:25    -3285.496189        0.547752
BFGS:   92 13:46:26    -3285.515460        0.490629
BFGS:   93 13:46:27    -3285.531886        0.390255
BFGS:   94 13:46:27    -3285.543546        0.407385
BFGS:   95 13:46:28    -3285.551853        0.409884
BFGS:   96 13:46:28    -3285.558411        0.449804
BFGS:   97 13:46:29    -3285.563532        0.467131
BFGS:   98 13:46:29    -3285.567106        0.446538
BFGS:   99 13:46:30    -3285.569683        0.423885
BFGS:  100 13:46:30    -3285.571796        0.410301
BFGS:  101 13:46:30    -3285.573611        0.388145
BFGS:  102 13:46:31    -3285.575136        0.373425
BFGS:  103 13:46:31    -3285.576488        0.333782
BFGS:  104 13:46:32    -3285.577853        0.271563
BFGS:  105 13:46:32    -3285.579281        0.220679
BFGS:  106 13:46:32    -3285.580684        0.203022
BFGS:  107 13:46:33    -3285.581949        0.180023
BFGS:  108 13:46:33    -3285.583022        0.143800
BFGS:  109 13:46:34    -3285.583889        0.101925
BFGS:  110 13:46:34    -3285.584560        0.100441
BFGS:  111 13:46:34    -3285.585088        0.095907
BFGS:  112 13:46:35    -3285.585543        0.085034
BFGS:  113 13:46:35    -3285.585954        0.075175
BFGS:  114 13:46:35    -3285.586311        0.076699
BFGS:  115 13:46:36    -3285.586601        0.080168
BFGS:  116 13:46:36    -3285.586862        0.077972
BFGS:  117 13:46:37    -3285.587110        0.073127
BFGS:  118 13:46:37    -3285.587340        0.067241
BFGS:  119 13:46:37    -3285.587536        0.074526
BFGS:  120 13:46:38    -3285.587706        0.078064
BFGS:  121 13:46:38    -3285.587867        0.076922
BFGS:  122 13:46:38    -3285.588028        0.071835
BFGS:  123 13:46:39    -3285.588182        0.066749
BFGS:  124 13:46:39    -3285.588320        0.062924
BFGS:  125 13:46:40    -3285.588438        0.060404
BFGS:  126 13:46:40    -3285.588541        0.059552
BFGS:  127 13:46:40    -3285.588624        0.060391
BFGS:  128 13:46:41    -3285.588689        0.057655
BFGS:  129 13:46:41    -3285.588739        0.055984
BFGS:  130 13:46:41    -3285.588784        0.053040
BFGS:  131 13:46:42    -3285.588825        0.052279
BFGS:  132 13:46:42    -3285.588860        0.051583
BFGS:  133 13:46:42    -3285.588885        0.050899
BFGS:  134 13:46:43    -3285.588905        0.051130
BFGS:  135 13:46:43    -3285.588922        0.050135
BFGS:  136 13:46:43    -3285.588940        0.048385
BFGS:  137 13:46:43    -3285.588960        0.044752
BFGS:  138 13:46:44    -3285.588981        0.040505
BFGS:  139 13:46:44    -3285.589000        0.038274
BFGS:  140 13:46:44    -3285.589020        0.034385
BFGS:  141 13:46:45    -3285.589040        0.030191
BFGS:  142 13:46:45    -3285.589063        0.026233
BFGS:  143 13:46:45    -3285.589087        0.025537
BFGS:  144 13:46:45    -3285.589111        0.024135
BFGS:  145 13:46:46    -3285.589133        0.021786
BFGS:  146 13:46:46    -3285.589154        0.020167
BFGS:  147 13:46:46    -3285.589172        0.019637
BFGS:  148 13:46:47    -3285.589188        0.017842
BFGS:  149 13:46:47    -3285.589200        0.014343
BFGS:  150 13:46:47    -3285.589210        0.010831
BFGS:  151 13:46:47    -3285.589215        0.009491
