      Step     Time          Energy          fmax
BFGS:    0 20:26:41     -782.147817     2256.350133
BFGS:    1 20:26:42    -1908.795083      315.621753
BFGS:    2 20:26:42    -1825.536652     1642.344338
BFGS:    3 20:26:43    -1899.773384     1069.252696
BFGS:    4 20:26:44    -1970.471998      644.223317
BFGS:    5 20:26:44    -2068.708144      327.266430
BFGS:    6 20:26:45    -2130.560655       99.644738
BFGS:    7 20:26:46    -2148.315151       70.540636
BFGS:    8 20:26:46    -2161.010667       41.410093
BFGS:    9 20:26:47    -2167.431763       22.005057
BFGS:   10 20:26:48    -2169.168567       10.915348
BFGS:   11 20:26:49    -2171.258266        7.823966
BFGS:   12 20:26:49    -2172.197956        6.779443
BFGS:   13 20:26:50    -2173.270780        5.776957
BFGS:   14 20:26:50    -2175.231191        5.351449
BFGS:   15 20:26:51    -2176.127499        4.669015
BFGS:   16 20:26:52    -2177.135874        4.206357
BFGS:   17 20:26:52    -2177.653386        4.291740
BFGS:   18 20:26:53    -2178.149703        3.967434
BFGS:   19 20:26:53    -2178.643625        3.436890
BFGS:   20 20:26:54    -2178.934651        3.611155
BFGS:   21 20:26:54    -2179.185259        3.893659
BFGS:   22 20:26:55    -2179.380289        4.098302
BFGS:   23 20:26:55    -2179.564678        4.197810
BFGS:   24 20:26:56    -2179.696086        4.313688
BFGS:   25 20:26:56    -2179.808727        3.842266
BFGS:   26 20:26:57    -2179.902656        3.591206
BFGS:   27 20:26:57    -2180.005878        3.174138
BFGS:   28 20:26:58    -2180.130248        3.030305
BFGS:   29 20:26:59    -2180.212445        2.947433
BFGS:   30 20:26:59    -2180.312559        2.869444
BFGS:   31 20:27:00    -2180.410908        2.781921
BFGS:   32 20:27:01    -2180.516566        2.721207
BFGS:   33 20:27:01    -2180.626661        2.679314
BFGS:   34 20:27:02    -2180.872609        2.820820
BFGS:   35 20:27:03    -2180.946277        2.949652
BFGS:   36 20:27:03    -2181.083115        2.709040
BFGS:   37 20:27:04    -2181.261420        2.561187
BFGS:   38 20:27:04    -2181.421971        2.345186
BFGS:   39 20:27:05    -2181.613660        2.255509
BFGS:   40 20:27:06    -2181.762498        2.269450
BFGS:   41 20:27:06    -2181.901668        2.272082
BFGS:   42 20:27:07    -2181.997121        2.076095
BFGS:   43 20:27:07    -2182.082271        1.781980
BFGS:   44 20:27:08    -2182.134823        1.528969
BFGS:   45 20:27:08    -2182.173903        1.374748
BFGS:   46 20:27:09    -2182.208008        1.298490
BFGS:   47 20:27:09    -2182.233938        1.324180
BFGS:   48 20:27:10    -2182.270291        1.461608
BFGS:   49 20:27:10    -2182.327135        1.510018
BFGS:   50 20:27:11    -2182.365602        1.475457
BFGS:   51 20:27:11    -2182.498219        1.409034
BFGS:   52 20:27:12    -2182.573997        0.969661
BFGS:   53 20:27:12    -2182.613601        0.823494
BFGS:   54 20:27:13    -2182.641765        0.872566
BFGS:   55 20:27:13    -2182.678464        0.996753
BFGS:   56 20:27:14    -2182.724016        1.209918
BFGS:   57 20:27:14    -2182.770647        1.500119
BFGS:   58 20:27:15    -2182.806867        1.845123
BFGS:   59 20:27:15    -2182.829758        2.015206
BFGS:   60 20:27:15    -2182.851774        2.056365
BFGS:   61 20:27:16    -2182.877930        2.054255
BFGS:   62 20:27:16    -2182.902054        2.071048
BFGS:   63 20:27:17    -2182.926748        2.189875
BFGS:   64 20:27:17    -2182.954537        2.392838
BFGS:   65 20:27:18    -2182.984769        2.674439
BFGS:   66 20:27:18    -2183.013281        2.952971
BFGS:   67 20:27:19    -2183.039357        3.143148
BFGS:   68 20:27:19    -2183.063708        3.206172
BFGS:   69 20:27:20    -2183.088887        3.176381
BFGS:   70 20:27:20    -2183.122431        3.167112
BFGS:   71 20:27:21    -2183.176866        3.207213
BFGS:   72 20:27:21    -2183.258840        3.351153
BFGS:   73 20:27:22    -2183.347454        3.382773
BFGS:   74 20:27:22    -2183.445107        3.139460
BFGS:   75 20:27:23    -2183.550872        3.384835
BFGS:   76 20:27:23    -2183.581755        2.981390
BFGS:   77 20:27:24    -2183.657209        2.942738
BFGS:   78 20:27:24    -2183.738023        2.808132
BFGS:   79 20:27:25    -2183.782682        2.666243
BFGS:   80 20:27:25    -2183.829204        2.467611
BFGS:   81 20:27:26    -2183.854841        2.477855
BFGS:   82 20:27:26    -2183.879483        2.475028
BFGS:   83 20:27:27    -2183.902786        2.483381
BFGS:   84 20:27:27    -2183.927070        2.459434
BFGS:   85 20:27:28    -2183.950053        2.405940
BFGS:   86 20:27:28    -2183.974816        2.428120
BFGS:   87 20:27:29    -2184.002041        2.481613
BFGS:   88 20:27:29    -2184.037012        2.557151
BFGS:   89 20:27:30    -2184.082406        2.680012
BFGS:   90 20:27:30    -2184.133462        2.724101
BFGS:   91 20:27:31    -2184.182448        2.683472
BFGS:   92 20:27:31    -2184.237472        2.648541
BFGS:   93 20:27:32    -2184.292167        2.654421
BFGS:   94 20:27:32    -2184.356742        2.613270
BFGS:   95 20:27:33    -2184.429497        2.523988
BFGS:   96 20:27:33    -2184.503485        2.423053
BFGS:   97 20:27:34    -2184.573011        2.243001
BFGS:   98 20:27:34    -2184.635222        2.078520
BFGS:   99 20:27:35    -2184.702112        1.855205
BFGS:  100 20:27:35    -2184.778520        1.590442
BFGS:  101 20:27:36    -2184.858576        1.366704
BFGS:  102 20:27:37    -2184.900275        1.106761
BFGS:  103 20:27:37    -2184.936498        1.001519
BFGS:  104 20:27:37    -2184.963486        0.703149
BFGS:  105 20:27:38    -2184.986617        0.551593
BFGS:  106 20:27:38    -2185.004884        0.527228
BFGS:  107 20:27:39    -2185.020283        0.406728
BFGS:  108 20:27:39    -2185.030963        0.309359
BFGS:  109 20:27:40    -2185.037517        0.298244
BFGS:  110 20:27:40    -2185.042364        0.299443
BFGS:  111 20:27:40    -2185.047257        0.250532
BFGS:  112 20:27:41    -2185.052193        0.230937
BFGS:  113 20:27:41    -2185.056758        0.187641
BFGS:  114 20:27:42    -2185.060813        0.162924
BFGS:  115 20:27:42    -2185.065043        0.141705
BFGS:  116 20:27:42    -2185.070178        0.218823
BFGS:  117 20:27:43    -2185.076201        0.327288
BFGS:  118 20:27:43    -2185.082388        0.417141
BFGS:  119 20:27:44    -2185.087995        0.413237
BFGS:  120 20:27:44    -2185.092934        0.430288
BFGS:  121 20:27:45    -2185.098364        0.418186
BFGS:  122 20:27:45    -2185.107144        0.471590
BFGS:  123 20:27:45    -2185.118211        0.562792
BFGS:  124 20:27:46    -2185.129661        0.646830
BFGS:  125 20:27:46    -2185.139102        0.778281
BFGS:  126 20:27:47    -2185.147286        0.873109
BFGS:  127 20:27:47    -2185.155797        0.985824
BFGS:  128 20:27:48    -2185.166832        0.971676
BFGS:  129 20:27:48    -2185.180616        0.935545
BFGS:  130 20:27:48    -2185.195882        0.834456
BFGS:  131 20:27:49    -2185.202796        0.809918
BFGS:  132 20:27:49    -2185.211507        0.806998
BFGS:  133 20:27:50    -2185.218287        0.809651
BFGS:  134 20:27:50    -2185.225579        0.734287
BFGS:  135 20:27:51    -2185.233222        0.732091
BFGS:  136 20:27:51    -2185.240239        0.619784
BFGS:  137 20:27:51    -2185.245229        0.559618
BFGS:  138 20:27:52    -2185.249018        0.429116
BFGS:  139 20:27:52    -2185.252081        0.415213
BFGS:  140 20:27:53    -2185.255009        0.436660
BFGS:  141 20:27:53    -2185.257621        0.441336
BFGS:  142 20:27:53    -2185.260482        0.414712
BFGS:  143 20:27:54    -2185.263298        0.392638
BFGS:  144 20:27:54    -2185.265914        0.394756
BFGS:  145 20:27:54    -2185.268040        0.381998
BFGS:  146 20:27:55    -2185.269870        0.349436
BFGS:  147 20:27:55    -2185.271753        0.296987
BFGS:  148 20:27:55    -2185.273899        0.322058
BFGS:  149 20:27:56    -2185.276193        0.301199
BFGS:  150 20:27:56    -2185.278426        0.273023
BFGS:  151 20:27:57    -2185.280488        0.193927
BFGS:  152 20:27:57    -2185.282305        0.176095
BFGS:  153 20:27:57    -2185.283732        0.169881
BFGS:  154 20:27:58    -2185.284702        0.180968
BFGS:  155 20:27:58    -2185.285368        0.193415
BFGS:  156 20:27:58    -2185.285886        0.209954
BFGS:  157 20:27:59    -2185.286326        0.211309
BFGS:  158 20:27:59    -2185.286723        0.213227
BFGS:  159 20:27:59    -2185.287131        0.208420
BFGS:  160 20:28:00    -2185.287565        0.186145
BFGS:  161 20:28:00    -2185.288023        0.158996
BFGS:  162 20:28:00    -2185.288458        0.126165
BFGS:  163 20:28:01    -2185.288883        0.102265
BFGS:  164 20:28:01    -2185.289265        0.086099
BFGS:  165 20:28:01    -2185.289587        0.070232
BFGS:  166 20:28:02    -2185.289838        0.061985
BFGS:  167 20:28:02    -2185.290033        0.057730
BFGS:  168 20:28:02    -2185.290193        0.052626
BFGS:  169 20:28:02    -2185.290321        0.052052
BFGS:  170 20:28:03    -2185.290427        0.047221
BFGS:  171 20:28:03    -2185.290528        0.039304
BFGS:  172 20:28:03    -2185.290629        0.039131
BFGS:  173 20:28:04    -2185.290719        0.045520
BFGS:  174 20:28:04    -2185.290793        0.044845
BFGS:  175 20:28:04    -2185.290859        0.044108
BFGS:  176 20:28:04    -2185.290931        0.046444
BFGS:  177 20:28:05    -2185.291020        0.051158
BFGS:  178 20:28:05    -2185.291119        0.055291
BFGS:  179 20:28:05    -2185.291217        0.055737
BFGS:  180 20:28:06    -2185.291331        0.057656
BFGS:  181 20:28:06    -2185.291477        0.064658
BFGS:  182 20:28:06    -2185.291682        0.066747
BFGS:  183 20:28:07    -2185.291927        0.067933
BFGS:  184 20:28:07    -2185.292153        0.074378
BFGS:  185 20:28:07    -2185.292350        0.084602
BFGS:  186 20:28:08    -2185.292559        0.093868
BFGS:  187 20:28:08    -2185.292838        0.104274
BFGS:  188 20:28:08    -2185.293205        0.110382
BFGS:  189 20:28:09    -2185.293626        0.122717
BFGS:  190 20:28:09    -2185.294023        0.125547
BFGS:  191 20:28:09    -2185.294416        0.110803
BFGS:  192 20:28:10    -2185.294828        0.086604
BFGS:  193 20:28:10    -2185.295244        0.064713
BFGS:  194 20:28:10    -2185.295609        0.058240
BFGS:  195 20:28:11    -2185.295881        0.078057
BFGS:  196 20:28:11    -2185.296111        0.082136
BFGS:  197 20:28:11    -2185.296343        0.071364
BFGS:  198 20:28:12    -2185.296564        0.049595
BFGS:  199 20:28:12    -2185.296742        0.046146
BFGS:  200 20:28:12    -2185.296866        0.053260
