      Step     Time          Energy          fmax
BFGS:    0 13:19:41      972.474619     6666.384815
BFGS:    1 13:19:41    -1519.917248      863.454913
BFGS:    2 13:19:42    -1893.666387     1124.970552
BFGS:    3 13:19:45    -2049.311436      768.471258
BFGS:    4 13:19:45    -2060.197745     1332.294297
BFGS:    5 13:19:46    -2154.303168      870.372834
BFGS:    6 13:19:47    -2214.024439      673.010153
BFGS:    7 13:19:48    -2288.373486      288.653803
BFGS:    8 13:19:49    -2326.865669      114.252739
BFGS:    9 13:19:49    -2345.048905       85.371661
BFGS:   10 13:19:50    -2359.578457       39.594421
BFGS:   11 13:19:51    -2368.354886       10.245857
BFGS:   12 13:19:52    -2374.665024        6.509392
BFGS:   13 13:19:53    -2377.831437        4.812983
BFGS:   14 13:19:53    -2380.150544        5.733385
BFGS:   15 13:19:54    -2382.309860        7.604012
BFGS:   16 13:19:54    -2384.639262        5.217528
BFGS:   17 13:19:55    -2386.139843        4.722071
BFGS:   18 13:19:56    -2387.639376        4.009633
BFGS:   19 13:19:56    -2388.478906        4.024188
BFGS:   20 13:19:57    -2389.874840        4.087889
BFGS:   21 13:19:58    -2390.817667        3.761392
BFGS:   22 13:19:58    -2392.018738        3.906912
BFGS:   23 13:19:59    -2392.777236        3.166860
BFGS:   24 13:19:59    -2393.440486        2.756420
BFGS:   25 13:20:00    -2393.665379        2.572178
BFGS:   26 13:20:00    -2394.093653        2.291986
BFGS:   27 13:20:01    -2394.308512        2.145032
BFGS:   28 13:20:01    -2394.589016        1.975588
BFGS:   29 13:20:02    -2394.866537        2.138043
BFGS:   30 13:20:02    -2395.149614        2.921493
BFGS:   31 13:20:03    -2395.437535        3.861254
BFGS:   32 13:20:03    -2395.820979        5.464285
BFGS:   33 13:20:04    -2396.444990        7.855507
BFGS:   34 13:20:05    -2396.967772        7.439903
BFGS:   35 13:20:05    -2397.816046        7.086933
BFGS:   36 13:20:06    -2398.667042        6.083326
BFGS:   37 13:20:06    -2398.864566        5.925425
BFGS:   38 13:20:07    -2399.194854        5.219544
BFGS:   39 13:20:07    -2399.485484        4.335817
BFGS:   40 13:20:07    -2399.654641        3.817797
BFGS:   41 13:20:08    -2399.931700        2.619417
BFGS:   42 13:20:08    -2400.041404        2.251145
BFGS:   43 13:20:09    -2400.162212        1.900024
BFGS:   44 13:20:09    -2400.257525        1.673517
BFGS:   45 13:20:10    -2400.367263        1.353497
BFGS:   46 13:20:10    -2400.465479        1.340097
BFGS:   47 13:20:11    -2400.543430        1.287549
BFGS:   48 13:20:11    -2400.595633        1.131851
BFGS:   49 13:20:12    -2400.634139        0.928187
BFGS:   50 13:20:12    -2400.669343        0.978127
BFGS:   51 13:20:12    -2400.702503        0.873351
BFGS:   52 13:20:13    -2400.732772        0.885551
BFGS:   53 13:20:13    -2400.759264        0.879018
BFGS:   54 13:20:14    -2400.784305        0.813877
BFGS:   55 13:20:14    -2400.812460        0.730509
BFGS:   56 13:20:15    -2400.845099        0.693101
BFGS:   57 13:20:15    -2400.875855        0.726169
BFGS:   58 13:20:15    -2400.903911        0.811400
BFGS:   59 13:20:16    -2400.934533        0.872807
BFGS:   60 13:20:16    -2400.968944        0.975010
BFGS:   61 13:20:17    -2401.005584        1.179968
BFGS:   62 13:20:17    -2401.046808        1.246590
BFGS:   63 13:20:18    -2401.093986        1.314785
BFGS:   64 13:20:18    -2401.151739        1.262998
BFGS:   65 13:20:19    -2401.216611        1.418446
BFGS:   66 13:20:19    -2401.283879        1.381254
BFGS:   67 13:20:20    -2401.326204        1.499148
BFGS:   68 13:20:20    -2401.373671        1.323050
BFGS:   69 13:20:21    -2401.415258        1.236111
BFGS:   70 13:20:21    -2401.449372        1.306356
BFGS:   71 13:20:21    -2401.470171        1.226194
BFGS:   72 13:20:22    -2401.485514        1.063960
BFGS:   73 13:20:22    -2401.498038        0.872575
BFGS:   74 13:20:23    -2401.509724        0.838161
BFGS:   75 13:20:23    -2401.520903        0.797321
BFGS:   76 13:20:23    -2401.531075        0.710640
BFGS:   77 13:20:24    -2401.538858        0.618617
BFGS:   78 13:20:24    -2401.545032        0.557717
BFGS:   79 13:20:25    -2401.550812        0.587834
BFGS:   80 13:20:25    -2401.556641        0.595172
BFGS:   81 13:20:25    -2401.562400        0.558408
BFGS:   82 13:20:26    -2401.568072        0.538700
BFGS:   83 13:20:26    -2401.574994        0.549423
BFGS:   84 13:20:26    -2401.584984        0.568281
BFGS:   85 13:20:27    -2401.598630        0.588237
BFGS:   86 13:20:27    -2401.615119        0.747961
BFGS:   87 13:20:28    -2401.634867        0.998472
BFGS:   88 13:20:28    -2401.658098        1.089831
BFGS:   89 13:20:29    -2401.683366        1.072023
BFGS:   90 13:20:29    -2401.708127        1.121218
BFGS:   91 13:20:29    -2401.728484        1.103643
BFGS:   92 13:20:30    -2401.744315        1.199997
BFGS:   93 13:20:30    -2401.760056        1.062216
BFGS:   94 13:20:30    -2401.776123        1.220667
BFGS:   95 13:20:31    -2401.791519        1.049771
BFGS:   96 13:20:31    -2401.801786        0.987914
BFGS:   97 13:20:31    -2401.808803        0.887177
BFGS:   98 13:20:32    -2401.816274        0.791864
BFGS:   99 13:20:32    -2401.823193        0.698287
BFGS:  100 13:20:32    -2401.829161        0.624327
BFGS:  101 13:20:33    -2401.834950        0.550525
BFGS:  102 13:20:33    -2401.840426        0.493031
BFGS:  103 13:20:33    -2401.844903        0.472409
BFGS:  104 13:20:34    -2401.848465        0.435915
BFGS:  105 13:20:34    -2401.851747        0.414352
BFGS:  106 13:20:34    -2401.855015        0.437576
BFGS:  107 13:20:34    -2401.857939        0.413721
BFGS:  108 13:20:35    -2401.860281        0.360858
BFGS:  109 13:20:35    -2401.862421        0.373943
BFGS:  110 13:20:35    -2401.864791        0.383761
BFGS:  111 13:20:36    -2401.867432        0.388571
BFGS:  112 13:20:36    -2401.869965        0.377095
BFGS:  113 13:20:36    -2401.872155        0.355642
BFGS:  114 13:20:36    -2401.874181        0.325599
BFGS:  115 13:20:37    -2401.876366        0.333249
BFGS:  116 13:20:37    -2401.878413        0.294631
BFGS:  117 13:20:37    -2401.880287        0.231320
BFGS:  118 13:20:37    -2401.882066        0.209198
BFGS:  119 13:20:38    -2401.883938        0.186750
BFGS:  120 13:20:38    -2401.885866        0.156094
BFGS:  121 13:20:38    -2401.887392        0.123722
BFGS:  122 13:20:39    -2401.888349        0.127650
BFGS:  123 13:20:39    -2401.888979        0.143536
BFGS:  124 13:20:39    -2401.889524        0.128632
BFGS:  125 13:20:39    -2401.890023        0.103308
BFGS:  126 13:20:39    -2401.890421        0.089614
BFGS:  127 13:20:40    -2401.890708        0.079612
BFGS:  128 13:20:40    -2401.890935        0.070040
BFGS:  129 13:20:40    -2401.891146        0.058981
BFGS:  130 13:20:40    -2401.891346        0.064432
BFGS:  131 13:20:41    -2401.891512        0.072305
BFGS:  132 13:20:41    -2401.891630        0.069939
BFGS:  133 13:20:41    -2401.891717        0.068699
BFGS:  134 13:20:41    -2401.891798        0.066560
BFGS:  135 13:20:41    -2401.891891        0.067444
BFGS:  136 13:20:42    -2401.891990        0.064565
BFGS:  137 13:20:42    -2401.892073        0.057443
BFGS:  138 13:20:42    -2401.892127        0.051662
BFGS:  139 13:20:42    -2401.892166        0.051155
BFGS:  140 13:20:43    -2401.892209        0.048602
BFGS:  141 13:20:43    -2401.892261        0.046514
BFGS:  142 13:20:43    -2401.892311        0.048038
BFGS:  143 13:20:43    -2401.892342        0.048877
BFGS:  144 13:20:43    -2401.892360        0.051634
BFGS:  145 13:20:43    -2401.892374        0.055786
BFGS:  146 13:20:44    -2401.892391        0.057918
BFGS:  147 13:20:44    -2401.892409        0.058378
BFGS:  148 13:20:44    -2401.892424        0.053634
BFGS:  149 13:20:44    -2401.892434        0.049809
BFGS:  150 13:20:44    -2401.892443        0.051273
BFGS:  151 13:20:44    -2401.892454        0.052692
BFGS:  152 13:20:45    -2401.892467        0.053819
BFGS:  153 13:20:45    -2401.892479        0.054295
BFGS:  154 13:20:45    -2401.892488        0.056566
BFGS:  155 13:20:45    -2401.892494        0.059490
BFGS:  156 13:20:45    -2401.892502        0.060540
BFGS:  157 13:20:45    -2401.892512        0.058403
BFGS:  158 13:20:46    -2401.892524        0.055735
BFGS:  159 13:20:46    -2401.892538        0.056605
BFGS:  160 13:20:46    -2401.892552        0.056894
BFGS:  161 13:20:46    -2401.892565        0.056288
BFGS:  162 13:20:46    -2401.892582        0.054909
BFGS:  163 13:20:46    -2401.892603        0.059719
BFGS:  164 13:20:47    -2401.892627        0.064715
BFGS:  165 13:20:47    -2401.892653        0.065013
BFGS:  166 13:20:47    -2401.892681        0.060899
BFGS:  167 13:20:47    -2401.892709        0.057142
BFGS:  168 13:20:47    -2401.892738        0.058950
BFGS:  169 13:20:47    -2401.892761        0.058805
BFGS:  170 13:20:48    -2401.892777        0.056976
BFGS:  171 13:20:48    -2401.892790        0.054684
BFGS:  172 13:20:48    -2401.892807        0.060920
BFGS:  173 13:20:48    -2401.892825        0.064626
BFGS:  174 13:20:48    -2401.892840        0.062042
BFGS:  175 13:20:48    -2401.892851        0.055581
BFGS:  176 13:20:49    -2401.892862        0.053214
BFGS:  177 13:20:49    -2401.892876        0.055433
BFGS:  178 13:20:49    -2401.892894        0.056412
BFGS:  179 13:20:49    -2401.892908        0.055437
BFGS:  180 13:20:49    -2401.892919        0.053170
BFGS:  181 13:20:49    -2401.892931        0.059624
BFGS:  182 13:20:50    -2401.892946        0.066552
BFGS:  183 13:20:50    -2401.892966        0.068729
BFGS:  184 13:20:50    -2401.892990        0.065212
BFGS:  185 13:20:50    -2401.893019        0.056023
BFGS:  186 13:20:50    -2401.893061        0.059991
BFGS:  187 13:20:51    -2401.893136        0.064128
BFGS:  188 13:20:51    -2401.893262        0.065850
BFGS:  189 13:20:51    -2401.893441        0.061866
BFGS:  190 13:20:51    -2401.893638        0.051134
BFGS:  191 13:20:52    -2401.893837        0.058381
BFGS:  192 13:20:52    -2401.893944        0.070134
BFGS:  193 13:20:52    -2401.894196        0.065139
BFGS:  194 13:20:52    -2401.894456        0.040685
BFGS:  195 13:20:53    -2401.894659        0.031100
BFGS:  196 13:20:53    -2401.894780        0.033582
BFGS:  197 13:20:53    -2401.894857        0.033583
BFGS:  198 13:20:53    -2401.894921        0.029824
BFGS:  199 13:20:54    -2401.894987        0.025088
BFGS:  200 13:20:54    -2401.895059        0.031900
