      Step     Time          Energy          fmax
BFGS:    0 13:34:08    -3814.066191        8.688987
BFGS:    1 13:34:09    -3821.620340        7.160861
BFGS:    2 13:34:11    -3822.545097       17.095989
BFGS:    3 13:34:13    -3825.292695        4.623221
BFGS:    4 13:34:15    -3825.962106        2.718045
BFGS:    5 13:34:16    -3826.331031        2.479537
BFGS:    6 13:34:17    -3826.429599        0.804277
BFGS:    7 13:34:19    -3826.510652        0.568513
BFGS:    8 13:34:20    -3826.558729        0.949799
BFGS:    9 13:34:21    -3826.612228        0.691947
BFGS:   10 13:34:22    -3826.707337        0.651964
BFGS:   11 13:34:24    -3826.807431        0.888574
BFGS:   12 13:34:25    -3826.938145        1.138656
BFGS:   13 13:34:27    -3827.077463        1.195458
BFGS:   14 13:34:28    -3827.274393        1.337757
BFGS:   15 13:34:30    -3827.516709        1.384007
BFGS:   16 13:34:31    -3827.725277        1.486912
BFGS:   17 13:34:33    -3827.929255        1.285417
BFGS:   18 13:34:34    -3828.071457        0.625938
BFGS:   19 13:34:35    -3828.128469        0.822300
BFGS:   20 13:34:36    -3828.199346        0.562106
BFGS:   21 13:34:38    -3828.279703        0.469808
BFGS:   22 13:34:39    -3828.317643        0.478945
BFGS:   23 13:34:40    -3828.388082        0.550204
BFGS:   24 13:34:42    -3828.467581        0.646451
BFGS:   25 13:34:43    -3828.561418        0.564866
BFGS:   26 13:34:45    -3828.663109        0.560835
BFGS:   27 13:34:46    -3828.800315        0.832923
BFGS:   28 13:34:48    -3829.006630        1.079766
BFGS:   29 13:34:50    -3829.210423        1.089866
BFGS:   30 13:34:52    -3829.423276        0.730940
BFGS:   31 13:34:53    -3829.598315        0.577171
BFGS:   32 13:34:55    -3829.707453        0.587369
BFGS:   33 13:34:56    -3829.801320        0.491907
BFGS:   34 13:34:57    -3829.869285        0.411739
BFGS:   35 13:34:59    -3829.915194        0.394939
BFGS:   36 13:35:00    -3829.957986        0.381951
BFGS:   37 13:35:01    -3830.004941        0.336587
BFGS:   38 13:35:02    -3830.049864        0.352721
BFGS:   39 13:35:03    -3830.081397        0.253495
BFGS:   40 13:35:04    -3830.103731        0.229699
BFGS:   41 13:35:06    -3830.118511        0.192794
BFGS:   42 13:35:07    -3830.128339        0.166275
BFGS:   43 13:35:07    -3830.136528        0.155719
BFGS:   44 13:35:08    -3830.145388        0.153557
BFGS:   45 13:35:09    -3830.154899        0.178721
BFGS:   46 13:35:10    -3830.164194        0.156715
BFGS:   47 13:35:11    -3830.172775        0.132144
BFGS:   48 13:35:12    -3830.181663        0.160256
BFGS:   49 13:35:13    -3830.191475        0.161595
BFGS:   50 13:35:14    -3830.201733        0.172337
BFGS:   51 13:35:15    -3830.211502        0.192905
BFGS:   52 13:35:16    -3830.220489        0.166486
BFGS:   53 13:35:17    -3830.228864        0.160103
BFGS:   54 13:35:18    -3830.237520        0.183087
BFGS:   55 13:35:19    -3830.247376        0.213310
BFGS:   56 13:35:21    -3830.258431        0.208812
BFGS:   57 13:35:22    -3830.269552        0.168916
BFGS:   58 13:35:23    -3830.279673        0.169483
BFGS:   59 13:35:24    -3830.289197        0.210560
BFGS:   60 13:35:26    -3830.298820        0.198203
BFGS:   61 13:35:27    -3830.308075        0.157301
BFGS:   62 13:35:28    -3830.315629        0.134388
BFGS:   63 13:35:29    -3830.321622        0.133036
BFGS:   64 13:35:30    -3830.327446        0.135600
BFGS:   65 13:35:31    -3830.334375        0.162885
BFGS:   66 13:35:32    -3830.343171        0.176143
BFGS:   67 13:35:33    -3830.354561        0.174785
BFGS:   68 13:35:34    -3830.370243        0.276628
BFGS:   69 13:35:35    -3830.391708        0.293997
BFGS:   70 13:35:36    -3830.418204        0.314893
BFGS:   71 13:35:38    -3830.447169        0.349208
BFGS:   72 13:35:39    -3830.479301        0.345169
BFGS:   73 13:35:41    -3830.520318        0.608446
BFGS:   74 13:35:42    -3830.588477        1.170381
BFGS:   75 13:35:43    -3830.602429        1.311227
BFGS:   76 13:35:45    -3830.706518        0.732704
BFGS:   77 13:35:46    -3830.734419        0.474407
BFGS:   78 13:35:47    -3830.765574        0.523987
BFGS:   79 13:35:48    -3830.823288        0.328115
BFGS:   80 13:35:49    -3830.846912        0.203987
BFGS:   81 13:35:50    -3830.878461        0.356690
BFGS:   82 13:35:51    -3830.901319        0.340074
BFGS:   83 13:35:52    -3830.918789        0.221230
BFGS:   84 13:35:53    -3830.931604        0.194996
BFGS:   85 13:35:54    -3830.942856        0.163012
BFGS:   86 13:35:55    -3830.950581        0.138892
BFGS:   87 13:35:56    -3830.957708        0.169783
BFGS:   88 13:35:57    -3830.965148        0.189669
BFGS:   89 13:35:57    -3830.973113        0.168906
BFGS:   90 13:35:58    -3830.980760        0.143916
BFGS:   91 13:35:59    -3830.987921        0.149714
BFGS:   92 13:36:00    -3830.995139        0.160674
BFGS:   93 13:36:01    -3831.002932        0.141622
BFGS:   94 13:36:02    -3831.011082        0.152533
BFGS:   95 13:36:03    -3831.018690        0.140375
BFGS:   96 13:36:04    -3831.025041        0.121324
BFGS:   97 13:36:05    -3831.029886        0.135667
BFGS:   98 13:36:05    -3831.033533        0.122013
BFGS:   99 13:36:06    -3831.036471        0.088198
BFGS:  100 13:36:07    -3831.038942        0.064257
BFGS:  101 13:36:08    -3831.040909        0.060273
BFGS:  102 13:36:08    -3831.042348        0.054581
BFGS:  103 13:36:09    -3831.043398        0.048527
BFGS:  104 13:36:10    -3831.044279        0.046458
BFGS:  105 13:36:10    -3831.045119        0.040203
BFGS:  106 13:36:11    -3831.045919        0.053504
BFGS:  107 13:36:12    -3831.046658        0.043165
BFGS:  108 13:36:12    -3831.047367        0.039004
BFGS:  109 13:36:13    -3831.048087        0.038380
BFGS:  110 13:36:14    -3831.048818        0.041806
BFGS:  111 13:36:14    -3831.049473        0.042031
BFGS:  112 13:36:15    -3831.049957        0.031888
BFGS:  113 13:36:16    -3831.050300        0.026284
BFGS:  114 13:36:16    -3831.050588        0.040317
BFGS:  115 13:36:17    -3831.050914        0.042441
BFGS:  116 13:36:17    -3831.051314        0.035259
BFGS:  117 13:36:18    -3831.051805        0.038010
BFGS:  118 13:36:19    -3831.052314        0.051969
BFGS:  119 13:36:19    -3831.052809        0.052212
BFGS:  120 13:36:20    -3831.053323        0.040494
BFGS:  121 13:36:21    -3831.053984        0.042440
BFGS:  122 13:36:21    -3831.054955        0.055400
BFGS:  123 13:36:22    -3831.056240        0.093037
BFGS:  124 13:36:23    -3831.057616        0.088480
BFGS:  125 13:36:24    -3831.058790        0.067538
BFGS:  126 13:36:24    -3831.059740        0.068043
BFGS:  127 13:36:25    -3831.060663        0.073364
BFGS:  128 13:36:26    -3831.061668        0.095816
BFGS:  129 13:36:26    -3831.062577        0.073904
BFGS:  130 13:36:27    -3831.063319        0.047172
BFGS:  131 13:36:28    -3831.064002        0.040973
BFGS:  132 13:36:28    -3831.064765        0.058712
BFGS:  133 13:36:29    -3831.065673        0.067179
BFGS:  134 13:36:30    -3831.066731        0.075910
BFGS:  135 13:36:30    -3831.067903        0.070397
BFGS:  136 13:36:31    -3831.069245        0.068366
BFGS:  137 13:36:32    -3831.070717        0.084321
BFGS:  138 13:36:33    -3831.072209        0.063303
BFGS:  139 13:36:34    -3831.073568        0.070524
BFGS:  140 13:36:35    -3831.074746        0.060832
BFGS:  141 13:36:35    -3831.075836        0.089085
BFGS:  142 13:36:36    -3831.076887        0.076899
BFGS:  143 13:36:37    -3831.077864        0.051019
BFGS:  144 13:36:38    -3831.078700        0.035629
BFGS:  145 13:36:38    -3831.079337        0.048588
BFGS:  146 13:36:39    -3831.079829        0.045586
BFGS:  147 13:36:40    -3831.080282        0.034003
BFGS:  148 13:36:41    -3831.080796        0.041363
BFGS:  149 13:36:42    -3831.081369        0.045875
BFGS:  150 13:36:42    -3831.081967        0.055066
BFGS:  151 13:36:43    -3831.082581        0.041552
BFGS:  152 13:36:44    -3831.083295        0.050000
BFGS:  153 13:36:45    -3831.084255        0.052161
BFGS:  154 13:36:45    -3831.085362        0.060816
BFGS:  155 13:36:46    -3831.086362        0.051986
BFGS:  156 13:36:47    -3831.087069        0.040832
BFGS:  157 13:36:47    -3831.087624        0.035383
BFGS:  158 13:36:48    -3831.088123        0.036389
BFGS:  159 13:36:49    -3831.088521        0.027296
BFGS:  160 13:36:50    -3831.088717        0.020658
BFGS:  161 13:36:50    -3831.088848        0.016441
BFGS:  162 13:36:51    -3831.088957        0.015370
BFGS:  163 13:36:52    -3831.089043        0.010636
BFGS:  164 13:36:52    -3831.089094        0.010579
BFGS:  165 13:36:53    -3831.089129        0.009858
