      Step     Time          Energy          fmax
BFGS:    0 20:07:22    -2216.807123        4.530466
BFGS:    1 20:07:22    -2218.364737        2.067771
BFGS:    2 20:07:23    -2219.279069        2.322703
BFGS:    3 20:07:24    -2222.072711        5.213374
BFGS:    4 20:07:25    -2225.226233        8.668402
BFGS:    5 20:07:26    -2227.787047       12.732790
BFGS:    6 20:07:27    -2228.879865       15.950087
BFGS:    7 20:07:28    -2230.619059       12.409478
BFGS:    8 20:07:29    -2233.851809       12.334219
BFGS:    9 20:07:29    -2235.833427       11.109831
BFGS:   10 20:07:30    -2237.143822       10.883074
BFGS:   11 20:07:31    -2238.505560       12.780805
BFGS:   12 20:07:31    -2239.810794       11.292637
BFGS:   13 20:07:32    -2241.038333       11.603695
BFGS:   14 20:07:33    -2244.126277       11.700299
BFGS:   15 20:07:33    -2246.940925       11.969194
BFGS:   16 20:07:34    -2248.508127       12.054561
BFGS:   17 20:07:34    -2249.530492       11.642448
BFGS:   18 20:07:35    -2252.249099       10.071725
BFGS:   19 20:07:36    -2254.284260        7.586208
BFGS:   20 20:07:36    -2255.742499        5.382959
BFGS:   21 20:07:37    -2257.359378        4.417078
BFGS:   22 20:07:38    -2257.725283        4.188618
BFGS:   23 20:07:38    -2258.793984        5.493213
BFGS:   24 20:07:39    -2259.583456        5.095781
BFGS:   25 20:07:39    -2260.663225        6.236240
BFGS:   26 20:07:39    -2261.351709        5.582670
BFGS:   27 20:07:40    -2261.676733        6.057481
BFGS:   28 20:07:40    -2262.138753        5.894101
BFGS:   29 20:07:41    -2262.528925        5.780660
BFGS:   30 20:07:41    -2262.801344        5.193844
BFGS:   31 20:07:41    -2262.941600        4.830092
BFGS:   32 20:07:42    -2263.036546        4.185756
BFGS:   33 20:07:42    -2263.090893        4.235924
BFGS:   34 20:07:42    -2263.134713        4.436835
BFGS:   35 20:07:43    -2263.173899        4.619545
BFGS:   36 20:07:43    -2263.210999        4.803761
BFGS:   37 20:07:43    -2263.247627        4.872303
BFGS:   38 20:07:44    -2263.281774        4.832058
BFGS:   39 20:07:44    -2263.312012        4.604443
BFGS:   40 20:07:44    -2263.338430        4.450649
BFGS:   41 20:07:45    -2263.363896        4.125833
BFGS:   42 20:07:45    -2263.398057        3.969772
BFGS:   43 20:07:45    -2263.454003        4.011026
BFGS:   44 20:07:46    -2263.539930        4.190625
BFGS:   45 20:07:46    -2263.676231        4.402202
BFGS:   46 20:07:46    -2263.877888        4.456478
BFGS:   47 20:07:47    -2264.113239        4.160083
BFGS:   48 20:07:47    -2264.303045        3.485046
BFGS:   49 20:07:47    -2264.451665        3.293988
BFGS:   50 20:07:48    -2264.604298        3.018229
BFGS:   51 20:07:48    -2264.736489        2.586459
BFGS:   52 20:07:48    -2264.817994        2.310396
BFGS:   53 20:07:49    -2264.867570        2.198536
BFGS:   54 20:07:49    -2264.905698        2.319363
BFGS:   55 20:07:50    -2264.947909        2.341961
BFGS:   56 20:07:50    -2264.998356        2.257390
BFGS:   57 20:07:50    -2265.051930        2.264704
BFGS:   58 20:07:51    -2265.112891        2.180746
BFGS:   59 20:07:51    -2265.181340        2.069140
BFGS:   60 20:07:51    -2265.242771        1.901331
BFGS:   61 20:07:52    -2265.282394        1.768203
BFGS:   62 20:07:52    -2265.305736        1.827545
BFGS:   63 20:07:52    -2265.324208        1.877215
BFGS:   64 20:07:53    -2265.341646        1.824863
BFGS:   65 20:07:53    -2265.354881        1.714161
BFGS:   66 20:07:53    -2265.361921        1.685288
BFGS:   67 20:07:54    -2265.365383        1.673705
BFGS:   68 20:07:54    -2265.367935        1.674849
BFGS:   69 20:07:54    -2265.370662        1.696731
BFGS:   70 20:07:55    -2265.373348        1.734046
BFGS:   71 20:07:55    -2265.375638        1.762714
BFGS:   72 20:07:55    -2265.377560        1.786008
BFGS:   73 20:07:56    -2265.379396        1.783296
BFGS:   74 20:07:56    -2265.381339        1.755867
BFGS:   75 20:07:56    -2265.383619        1.713730
BFGS:   76 20:07:56    -2265.386227        1.672813
BFGS:   77 20:07:57    -2265.388741        1.638694
BFGS:   78 20:07:57    -2265.390459        1.629396
BFGS:   79 20:07:57    -2265.391301        1.637499
BFGS:   80 20:07:58    -2265.391781        1.646015
BFGS:   81 20:07:58    -2265.392172        1.655108
BFGS:   82 20:07:58    -2265.392490        1.653380
BFGS:   83 20:07:59    -2265.392695        1.644125
BFGS:   84 20:07:59    -2265.392829        1.633543
BFGS:   85 20:07:59    -2265.392964        1.630844
BFGS:   86 20:07:59    -2265.393182        1.630652
BFGS:   87 20:08:00    -2265.393586        1.634384
BFGS:   88 20:08:00    -2265.394164        1.641035
BFGS:   89 20:08:00    -2265.394694        1.647978
BFGS:   90 20:08:01    -2265.395021        1.647686
BFGS:   91 20:08:01    -2265.395262        1.643969
BFGS:   92 20:08:01    -2265.395614        1.636463
BFGS:   93 20:08:01    -2265.396269        1.646276
BFGS:   94 20:08:02    -2265.397398        1.652126
BFGS:   95 20:08:02    -2265.398996        1.651037
BFGS:   96 20:08:02    -2265.400847        1.641667
BFGS:   97 20:08:03    -2265.402649        1.627127
BFGS:   98 20:08:03    -2265.404292        1.615749
BFGS:   99 20:08:03    -2265.405726        1.622572
BFGS:  100 20:08:04    -2265.406876        1.638367
BFGS:  101 20:08:04    -2265.407752        1.642576
BFGS:  102 20:08:04    -2265.408413        1.632631
BFGS:  103 20:08:04    -2265.408865        1.617765
BFGS:  104 20:08:05    -2265.409160        1.605567
BFGS:  105 20:08:05    -2265.409454        1.597075
BFGS:  106 20:08:05    -2265.409953        1.604797
BFGS:  107 20:08:06    -2265.410960        1.622527
BFGS:  108 20:08:06    -2265.412950        1.644277
BFGS:  109 20:08:06    -2265.416421        1.660770
BFGS:  110 20:08:07    -2265.421551        1.652268
BFGS:  111 20:08:07    -2265.428097        1.604761
BFGS:  112 20:08:07    -2265.436176        1.566514
BFGS:  113 20:08:08    -2265.446329        1.505958
BFGS:  114 20:08:08    -2265.459679        1.430303
BFGS:  115 20:08:08    -2265.477031        1.391630
BFGS:  116 20:08:09    -2265.498845        1.341593
BFGS:  117 20:08:09    -2265.531217        1.326283
BFGS:  118 20:08:10    -2265.565745        1.354401
BFGS:  119 20:08:10    -2265.616381        1.410117
BFGS:  120 20:08:10    -2265.648082        1.398290
BFGS:  121 20:08:11    -2265.707741        1.422020
BFGS:  122 20:08:11    -2265.817801        1.417591
BFGS:  123 20:08:12    -2265.921474        1.404712
BFGS:  124 20:08:12    -2265.905781        1.829900
BFGS:  125 20:08:13    -2266.091486        1.370859
BFGS:  126 20:08:13    -2266.108948        1.448353
BFGS:  127 20:08:14    -2266.146764        1.295677
BFGS:  128 20:08:14    -2266.212314        1.331587
BFGS:  129 20:08:14    -2266.270064        1.520394
BFGS:  130 20:08:15    -2266.311602        1.398081
BFGS:  131 20:08:15    -2266.341721        1.451555
BFGS:  132 20:08:16    -2266.373213        1.558019
BFGS:  133 20:08:16    -2266.392366        1.538417
BFGS:  134 20:08:16    -2266.427277        1.528400
BFGS:  135 20:08:17    -2266.454710        1.468303
BFGS:  136 20:08:17    -2266.465978        1.427376
BFGS:  137 20:08:18    -2266.479829        1.385363
BFGS:  138 20:08:18    -2266.493597        1.408160
BFGS:  139 20:08:18    -2266.509901        1.453681
BFGS:  140 20:08:19    -2266.526118        1.531714
BFGS:  141 20:08:19    -2266.541349        1.538880
BFGS:  142 20:08:20    -2266.553911        1.488878
BFGS:  143 20:08:20    -2266.564512        1.462146
BFGS:  144 20:08:20    -2266.574193        1.459250
BFGS:  145 20:08:21    -2266.583173        1.431171
BFGS:  146 20:08:21    -2266.590389        1.395423
BFGS:  147 20:08:21    -2266.595302        1.371959
BFGS:  148 20:08:22    -2266.598826        1.387336
BFGS:  149 20:08:22    -2266.601939        1.408930
BFGS:  150 20:08:22    -2266.604795        1.411917
BFGS:  151 20:08:23    -2266.607301        1.397634
BFGS:  152 20:08:23    -2266.609441        1.374565
BFGS:  153 20:08:23    -2266.611309        1.360514
BFGS:  154 20:08:23    -2266.613001        1.378098
BFGS:  155 20:08:24    -2266.614661        1.395432
BFGS:  156 20:08:24    -2266.616397        1.398970
BFGS:  157 20:08:24    -2266.618142        1.390140
BFGS:  158 20:08:25    -2266.619595        1.380016
BFGS:  159 20:08:25    -2266.620593        1.380797
BFGS:  160 20:08:25    -2266.621284        1.382549
BFGS:  161 20:08:26    -2266.621937        1.380696
BFGS:  162 20:08:26    -2266.622721        1.376967
BFGS:  163 20:08:26    -2266.623673        1.376222
BFGS:  164 20:08:27    -2266.624686        1.401968
BFGS:  165 20:08:27    -2266.625623        1.414389
BFGS:  166 20:08:27    -2266.626413        1.411041
BFGS:  167 20:08:28    -2266.627100        1.396023
BFGS:  168 20:08:28    -2266.627687        1.394176
BFGS:  169 20:08:28    -2266.628151        1.399342
BFGS:  170 20:08:29    -2266.628509        1.401326
BFGS:  171 20:08:29    -2266.628828        1.399578
BFGS:  172 20:08:29    -2266.629188        1.395871
BFGS:  173 20:08:29    -2266.629609        1.395821
BFGS:  174 20:08:30    -2266.630054        1.393806
BFGS:  175 20:08:30    -2266.630473        1.389847
BFGS:  176 20:08:30    -2266.630873        1.388017
BFGS:  177 20:08:31    -2266.631268        1.392970
BFGS:  178 20:08:31    -2266.631673        1.398775
BFGS:  179 20:08:31    -2266.632052        1.402084
BFGS:  180 20:08:32    -2266.632380        1.405554
BFGS:  181 20:08:32    -2266.632654        1.405226
BFGS:  182 20:08:32    -2266.632903        1.402749
BFGS:  183 20:08:33    -2266.633159        1.398477
BFGS:  184 20:08:33    -2266.633445        1.393956
BFGS:  185 20:08:33    -2266.633763        1.393232
BFGS:  186 20:08:34    -2266.634096        1.390790
BFGS:  187 20:08:34    -2266.634439        1.387113
BFGS:  188 20:08:34    -2266.634788        1.386710
BFGS:  189 20:08:34    -2266.635137        1.392272
BFGS:  190 20:08:35    -2266.635423        1.403274
BFGS:  191 20:08:35    -2266.635631        1.405390
BFGS:  192 20:08:35    -2266.635801        1.401374
BFGS:  193 20:08:36    -2266.636001        1.393189
BFGS:  194 20:08:36    -2266.636256        1.389545
BFGS:  195 20:08:36    -2266.636525        1.396665
BFGS:  196 20:08:37    -2266.636736        1.402329
BFGS:  197 20:08:37    -2266.636892        1.404511
BFGS:  198 20:08:37    -2266.637044        1.403190
BFGS:  199 20:08:38    -2266.637221        1.399320
BFGS:  200 20:08:38    -2266.637403        1.399843
