      Step     Time          Energy          fmax
BFGS:    0 13:25:40    -2226.050419       12.559564
BFGS:    1 13:25:40    -2233.606346       11.702345
BFGS:    2 13:25:41    -2237.629080        8.888097
BFGS:    3 13:25:41    -2239.581925        4.413375
BFGS:    4 13:25:41    -2240.874519        3.981058
BFGS:    5 13:25:42    -2242.202240        5.047636
BFGS:    6 13:25:42    -2243.469804        2.082062
BFGS:    7 13:25:42    -2244.713641        2.164156
BFGS:    8 13:25:43    -2245.240738        1.510198
BFGS:    9 13:25:43    -2245.726786        1.133908
BFGS:   10 13:25:43    -2246.021836        0.890157
BFGS:   11 13:25:44    -2246.124248        0.609376
BFGS:   12 13:25:44    -2246.188126        1.024625
BFGS:   13 13:25:44    -2246.229518        2.171545
BFGS:   14 13:25:45    -2246.318949        0.470004
BFGS:   15 13:25:45    -2246.370258        1.009359
BFGS:   16 13:25:45    -2246.418562        0.711188
BFGS:   17 13:25:45    -2246.466156        0.592570
BFGS:   18 13:25:46    -2246.532888        0.611413
BFGS:   19 13:25:46    -2246.631583        1.269368
BFGS:   20 13:25:46    -2246.818629        1.719578
BFGS:   21 13:25:47    -2247.198611        1.950591
BFGS:   22 13:25:47    -2247.437297        2.091702
BFGS:   23 13:25:47    -2247.624217        1.645977
BFGS:   24 13:25:48    -2248.111576        1.657870
BFGS:   25 13:25:48    -2248.379148        2.056270
BFGS:   26 13:25:48    -2248.667208        1.203550
BFGS:   27 13:25:49    -2248.715510        1.016719
BFGS:   28 13:25:49    -2248.920808        0.560869
BFGS:   29 13:25:49    -2248.982022        0.362177
BFGS:   30 13:25:50    -2249.067212        0.479822
BFGS:   31 13:25:50    -2249.098090        0.427003
BFGS:   32 13:25:50    -2249.124192        0.294458
BFGS:   33 13:25:50    -2249.147850        0.252505
BFGS:   34 13:25:51    -2249.187630        0.391576
BFGS:   35 13:25:51    -2249.220307        0.378576
BFGS:   36 13:25:52    -2249.242035        0.255130
BFGS:   37 13:25:52    -2249.253262        0.188476
BFGS:   38 13:25:52    -2249.260698        0.167217
BFGS:   39 13:25:52    -2249.267717        0.156200
BFGS:   40 13:25:53    -2249.272344        0.137741
BFGS:   41 13:25:53    -2249.275103        0.090714
BFGS:   42 13:25:53    -2249.277030        0.097344
BFGS:   43 13:25:54    -2249.278827        0.106912
BFGS:   44 13:25:54    -2249.281231        0.131091
BFGS:   45 13:25:54    -2249.286145        0.180425
BFGS:   46 13:25:55    -2249.294742        0.269602
BFGS:   47 13:25:55    -2249.305329        0.313458
BFGS:   48 13:25:55    -2249.337838        0.441953
BFGS:   49 13:25:56    -2249.315239        1.096235
BFGS:   50 13:25:56    -2249.372714        0.454717
BFGS:   51 13:25:56    -2249.394729        0.371825
BFGS:   52 13:25:57    -2249.434022        0.389549
BFGS:   53 13:25:57    -2249.471887        0.440409
BFGS:   54 13:25:57    -2249.488712        0.323107
BFGS:   55 13:25:58    -2249.499985        0.156327
BFGS:   56 13:25:58    -2249.508263        0.162243
BFGS:   57 13:25:58    -2249.516917        0.263062
BFGS:   58 13:25:59    -2249.527800        0.316541
BFGS:   59 13:25:59    -2249.538073        0.343020
BFGS:   60 13:25:59    -2249.547424        0.227180
BFGS:   61 13:25:59    -2249.552243        0.185084
BFGS:   62 13:26:00    -2249.554745        0.155989
BFGS:   63 13:26:00    -2249.557441        0.137502
BFGS:   64 13:26:00    -2249.562781        0.165319
BFGS:   65 13:26:00    -2249.570266        0.244309
BFGS:   66 13:26:01    -2249.579516        0.252194
BFGS:   67 13:26:01    -2249.589218        0.207772
BFGS:   68 13:26:01    -2249.599192        0.175936
BFGS:   69 13:26:02    -2249.608472        0.218291
BFGS:   70 13:26:02    -2249.614733        0.181420
BFGS:   71 13:26:02    -2249.617960        0.109175
BFGS:   72 13:26:02    -2249.620231        0.095917
BFGS:   73 13:26:02    -2249.623342        0.122610
BFGS:   74 13:26:03    -2249.628020        0.204707
BFGS:   75 13:26:03    -2249.633621        0.206177
BFGS:   76 13:26:03    -2249.638497        0.118556
BFGS:   77 13:26:03    -2249.642160        0.114872
BFGS:   78 13:26:04    -2249.645636        0.131954
BFGS:   79 13:26:04    -2249.649713        0.168606
BFGS:   80 13:26:04    -2249.653825        0.129015
BFGS:   81 13:26:04    -2249.657018        0.125784
BFGS:   82 13:26:05    -2249.659444        0.128241
BFGS:   83 13:26:05    -2249.661946        0.126257
BFGS:   84 13:26:05    -2249.665085        0.125716
BFGS:   85 13:26:05    -2249.669078        0.123658
BFGS:   86 13:26:06    -2249.674251        0.123424
BFGS:   87 13:26:06    -2249.681347        0.221413
BFGS:   88 13:26:06    -2249.690809        0.288587
BFGS:   89 13:26:06    -2249.701612        0.271116
BFGS:   90 13:26:07    -2249.711278        0.176738
BFGS:   91 13:26:07    -2249.718596        0.165764
BFGS:   92 13:26:07    -2249.723402        0.140686
BFGS:   93 13:26:08    -2249.726034        0.093022
BFGS:   94 13:26:08    -2249.727335        0.060893
BFGS:   95 13:26:08    -2249.728240        0.059308
BFGS:   96 13:26:08    -2249.729296        0.096178
BFGS:   97 13:26:08    -2249.730581        0.106692
BFGS:   98 13:26:09    -2249.731736        0.069545
BFGS:   99 13:26:09    -2249.732337        0.041765
BFGS:  100 13:26:09    -2249.732605        0.031297
BFGS:  101 13:26:09    -2249.732800        0.027958
BFGS:  102 13:26:10    -2249.733011        0.028002
BFGS:  103 13:26:10    -2249.733247        0.024246
BFGS:  104 13:26:10    -2249.733535        0.032355
BFGS:  105 13:26:10    -2249.733920        0.037344
BFGS:  106 13:26:10    -2249.734423        0.047487
BFGS:  107 13:26:11    -2249.734978        0.048538
BFGS:  108 13:26:11    -2249.735471        0.042786
BFGS:  109 13:26:11    -2249.735922        0.048696
BFGS:  110 13:26:11    -2249.736477        0.055370
BFGS:  111 13:26:12    -2249.737294        0.085651
BFGS:  112 13:26:12    -2249.738394        0.112139
BFGS:  113 13:26:12    -2249.739481        0.101629
BFGS:  114 13:26:12    -2249.740166        0.055756
BFGS:  115 13:26:13    -2249.740477        0.036114
BFGS:  116 13:26:13    -2249.740651        0.025228
BFGS:  117 13:26:13    -2249.740811        0.023622
BFGS:  118 13:26:13    -2249.740991        0.024713
BFGS:  119 13:26:14    -2249.741174        0.035746
BFGS:  120 13:26:14    -2249.741340        0.038352
BFGS:  121 13:26:14    -2249.741487        0.032211
BFGS:  122 13:26:14    -2249.741637        0.025766
BFGS:  123 13:26:14    -2249.741822        0.024881
BFGS:  124 13:26:15    -2249.742065        0.024529
BFGS:  125 13:26:15    -2249.742316        0.036837
BFGS:  126 13:26:15    -2249.742518        0.038313
BFGS:  127 13:26:15    -2249.742658        0.028255
BFGS:  128 13:26:16    -2249.742756        0.017168
BFGS:  129 13:26:16    -2249.742820        0.012673
BFGS:  130 13:26:16    -2249.742855        0.009321
