      Step     Time          Energy          fmax
BFGS:    0 13:56:47    -2096.095480      312.151949
BFGS:    1 13:56:48    -2160.850028       36.312492
BFGS:    2 13:56:48    -2167.850328       68.642829
BFGS:    3 13:56:49    -2177.802159       31.899587
BFGS:    4 13:56:50    -2182.151180       12.652005
BFGS:    5 13:56:51    -2183.642814        6.921441
BFGS:    6 13:56:51    -2185.648590        5.823466
BFGS:    7 13:56:52    -2186.581782        3.425150
BFGS:    8 13:56:52    -2186.907080        1.606184
BFGS:    9 13:56:53    -2187.132700        1.652152
BFGS:   10 13:56:53    -2187.313127        1.777770
BFGS:   11 13:56:54    -2187.519995        1.960697
BFGS:   12 13:56:54    -2187.649648        1.829836
BFGS:   13 13:56:55    -2187.766958        1.394866
BFGS:   14 13:56:55    -2187.856852        1.316816
BFGS:   15 13:56:56    -2187.943955        1.102082
BFGS:   16 13:56:56    -2188.023549        0.764357
BFGS:   17 13:56:57    -2188.087461        0.595268
BFGS:   18 13:56:57    -2188.126390        0.583686
BFGS:   19 13:56:58    -2188.152565        0.460465
BFGS:   20 13:56:58    -2188.176176        0.542693
BFGS:   21 13:56:59    -2188.205674        0.591769
BFGS:   22 13:56:59    -2188.239407        0.632956
BFGS:   23 13:56:59    -2188.274908        0.637178
BFGS:   24 13:57:00    -2188.344896        0.861619
BFGS:   25 13:57:01    -2188.354732        1.874245
BFGS:   26 13:57:02    -2188.463470        1.312445
BFGS:   27 13:57:02    -2188.499093        1.319224
BFGS:   28 13:57:03    -2188.675126        2.061521
BFGS:   29 13:57:04    -2188.808257        2.123088
BFGS:   30 13:57:04    -2189.042271        1.489329
BFGS:   31 13:57:05    -2189.240024        1.045128
BFGS:   32 13:57:05    -2189.421281        0.914394
BFGS:   33 13:57:06    -2189.541896        0.866871
BFGS:   34 13:57:06    -2189.593308        0.860934
BFGS:   35 13:57:07    -2189.695745        0.759202
BFGS:   36 13:57:07    -2189.744081        0.452965
BFGS:   37 13:57:08    -2189.767493        0.381278
BFGS:   38 13:57:08    -2189.783954        0.313115
BFGS:   39 13:57:08    -2189.800921        0.280216
BFGS:   40 13:57:09    -2189.814072        0.222477
BFGS:   41 13:57:09    -2189.826806        0.216680
BFGS:   42 13:57:10    -2189.837997        0.264839
BFGS:   43 13:57:10    -2189.847695        0.367743
BFGS:   44 13:57:10    -2189.857411        0.484537
BFGS:   45 13:57:11    -2189.873490        0.730004
BFGS:   46 13:57:11    -2189.890881        1.471449
BFGS:   47 13:57:12    -2189.926870        1.330321
BFGS:   48 13:57:13    -2189.957852        2.078555
BFGS:   49 13:57:13    -2190.060046        1.548357
BFGS:   50 13:57:13    -2190.125929        1.515165
BFGS:   51 13:57:14    -2190.231433        1.516620
BFGS:   52 13:57:15    -2190.338434        1.452903
BFGS:   53 13:57:15    -2190.491112        1.245717
BFGS:   54 13:57:16    -2190.678840        1.665085
BFGS:   55 13:57:17    -2190.911373        2.866681
BFGS:   56 13:57:17    -2191.018696        4.199337
BFGS:   57 13:57:18    -2191.353254        3.498175
BFGS:   58 13:57:19    -2191.809582        2.656617
BFGS:   59 13:57:19    -2192.112000        2.394012
BFGS:   60 13:57:20    -2192.309884        1.427276
BFGS:   61 13:57:20    -2192.420585        1.159360
BFGS:   62 13:57:21    -2192.589178        1.055873
BFGS:   63 13:57:21    -2192.693944        1.065421
BFGS:   64 13:57:22    -2192.797509        0.541108
BFGS:   65 13:57:22    -2192.844966        0.491414
BFGS:   66 13:57:23    -2192.900121        0.709935
BFGS:   67 13:57:23    -2192.934038        0.661043
BFGS:   68 13:57:23    -2192.962844        0.314903
BFGS:   69 13:57:24    -2192.981968        0.369753
BFGS:   70 13:57:24    -2192.996999        0.365951
BFGS:   71 13:57:24    -2193.007302        0.198694
BFGS:   72 13:57:25    -2193.015241        0.184312
BFGS:   73 13:57:25    -2193.022689        0.216897
BFGS:   74 13:57:25    -2193.029199        0.284825
BFGS:   75 13:57:26    -2193.034183        0.246091
BFGS:   76 13:57:26    -2193.038103        0.144392
BFGS:   77 13:57:26    -2193.041914        0.152072
BFGS:   78 13:57:27    -2193.045807        0.135338
BFGS:   79 13:57:27    -2193.049543        0.118681
BFGS:   80 13:57:27    -2193.052692        0.096940
BFGS:   81 13:57:28    -2193.055860        0.110442
BFGS:   82 13:57:28    -2193.059571        0.172967
BFGS:   83 13:57:28    -2193.064361        0.237263
BFGS:   84 13:57:29    -2193.070443        0.266141
BFGS:   85 13:57:29    -2193.077973        0.240740
BFGS:   86 13:57:29    -2193.086019        0.182430
BFGS:   87 13:57:30    -2193.093818        0.236931
BFGS:   88 13:57:30    -2193.101484        0.195709
BFGS:   89 13:57:30    -2193.106852        0.157554
BFGS:   90 13:57:31    -2193.110695        0.145306
BFGS:   91 13:57:31    -2193.113336        0.100730
BFGS:   92 13:57:31    -2193.115489        0.109853
BFGS:   93 13:57:32    -2193.117564        0.089086
BFGS:   94 13:57:32    -2193.119465        0.107606
BFGS:   95 13:57:32    -2193.120905        0.083179
BFGS:   96 13:57:33    -2193.121907        0.091037
BFGS:   97 13:57:33    -2193.122764        0.094951
BFGS:   98 13:57:33    -2193.123641        0.067705
BFGS:   99 13:57:34    -2193.124520        0.063938
BFGS:  100 13:57:34    -2193.125398        0.064274
BFGS:  101 13:57:34    -2193.126455        0.106480
BFGS:  102 13:57:35    -2193.127884        0.142366
BFGS:  103 13:57:35    -2193.129683        0.146759
BFGS:  104 13:57:35    -2193.131641        0.113703
BFGS:  105 13:57:36    -2193.133521        0.105877
BFGS:  106 13:57:36    -2193.135315        0.112542
BFGS:  107 13:57:36    -2193.137148        0.126307
BFGS:  108 13:57:36    -2193.139154        0.091201
BFGS:  109 13:57:37    -2193.141507        0.087408
BFGS:  110 13:57:37    -2193.144612        0.132597
BFGS:  111 13:57:38    -2193.148795        0.176532
BFGS:  112 13:57:38    -2193.154158        0.223363
BFGS:  113 13:57:38    -2193.160099        0.194076
BFGS:  114 13:57:39    -2193.166300        0.137931
BFGS:  115 13:57:40    -2193.172967        0.165344
BFGS:  116 13:57:40    -2193.180784        0.181244
BFGS:  117 13:57:41    -2193.189418        0.154246
BFGS:  118 13:57:41    -2193.198254        0.168965
BFGS:  119 13:57:41    -2193.206732        0.181928
BFGS:  120 13:57:42    -2193.215326        0.199115
BFGS:  121 13:57:42    -2193.223439        0.172767
BFGS:  122 13:57:43    -2193.230361        0.148105
BFGS:  123 13:57:43    -2193.235663        0.136395
BFGS:  124 13:57:43    -2193.239908        0.137132
BFGS:  125 13:57:44    -2193.244494        0.164533
BFGS:  126 13:57:44    -2193.249685        0.157661
BFGS:  127 13:57:45    -2193.254524        0.121110
BFGS:  128 13:57:45    -2193.258439        0.131858
BFGS:  129 13:57:46    -2193.262038        0.109032
BFGS:  130 13:57:46    -2193.266476        0.188909
BFGS:  131 13:57:46    -2193.272877        0.243579
BFGS:  132 13:57:47    -2193.281804        0.214170
BFGS:  133 13:57:47    -2193.292141        0.243287
BFGS:  134 13:57:48    -2193.302693        0.210048
BFGS:  135 13:57:48    -2193.312313        0.182307
BFGS:  136 13:57:49    -2193.322155        0.267555
BFGS:  137 13:57:49    -2193.333934        0.264386
BFGS:  138 13:57:50    -2193.348740        0.308022
BFGS:  139 13:57:50    -2193.367477        0.322489
BFGS:  140 13:57:51    -2193.387941        0.309092
BFGS:  141 13:57:51    -2193.411930        0.338643
BFGS:  142 13:57:52    -2193.431745        0.349064
BFGS:  143 13:57:52    -2193.458390        0.407231
BFGS:  144 13:57:53    -2193.474412        0.376598
BFGS:  145 13:57:53    -2193.496693        0.391367
BFGS:  146 13:57:54    -2193.516400        0.405195
BFGS:  147 13:57:54    -2193.539766        0.400173
BFGS:  148 13:57:55    -2193.561362        0.361343
BFGS:  149 13:57:55    -2193.586194        0.340914
BFGS:  150 13:57:56    -2193.608080        0.329327
BFGS:  151 13:57:56    -2193.633258        0.330916
BFGS:  152 13:57:57    -2193.653834        0.323514
BFGS:  153 13:57:57    -2193.680290        0.330112
BFGS:  154 13:57:58    -2193.700005        0.292041
BFGS:  155 13:57:58    -2193.724055        0.286473
BFGS:  156 13:57:59    -2193.744250        0.353319
BFGS:  157 13:57:59    -2193.759632        0.339407
BFGS:  158 13:58:00    -2193.773939        0.232798
BFGS:  159 13:58:00    -2193.787669        0.316883
BFGS:  160 13:58:01    -2193.798589        0.282685
BFGS:  161 13:58:01    -2193.808539        0.270683
BFGS:  162 13:58:02    -2193.819232        0.211510
BFGS:  163 13:58:02    -2193.830232        0.183459
BFGS:  164 13:58:02    -2193.838239        0.179379
BFGS:  165 13:58:03    -2193.844178        0.184760
BFGS:  166 13:58:03    -2193.850501        0.241709
BFGS:  167 13:58:03    -2193.858755        0.222352
BFGS:  168 13:58:04    -2193.868698        0.205454
BFGS:  169 13:58:04    -2193.878494        0.175876
BFGS:  170 13:58:05    -2193.887125        0.148631
BFGS:  171 13:58:05    -2193.894684        0.198313
BFGS:  172 13:58:05    -2193.901740        0.177818
BFGS:  173 13:58:06    -2193.908917        0.177876
BFGS:  174 13:58:06    -2193.916412        0.224377
BFGS:  175 13:58:07    -2193.925401        0.199073
BFGS:  176 13:58:07    -2193.937555        0.265299
BFGS:  177 13:58:07    -2193.952680        0.301551
BFGS:  178 13:58:08    -2193.975391        0.345610
BFGS:  179 13:58:08    -2193.993232        0.370746
BFGS:  180 13:58:09    -2194.015416        0.332891
BFGS:  181 13:58:09    -2194.032069        0.292431
BFGS:  182 13:58:09    -2194.048457        0.270867
BFGS:  183 13:58:10    -2194.063118        0.263649
BFGS:  184 13:58:10    -2194.077611        0.261559
BFGS:  185 13:58:10    -2194.090913        0.255066
BFGS:  186 13:58:11    -2194.103612        0.285025
BFGS:  187 13:58:11    -2194.115431        0.302098
BFGS:  188 13:58:11    -2194.126451        0.305935
BFGS:  189 13:58:12    -2194.136630        0.300341
BFGS:  190 13:58:12    -2194.146153        0.286821
BFGS:  191 13:58:12    -2194.154940        0.267997
BFGS:  192 13:58:13    -2194.163144        0.244484
BFGS:  193 13:58:13    -2194.170878        0.217912
BFGS:  194 13:58:14    -2194.178276        0.189864
BFGS:  195 13:58:14    -2194.185381        0.187521
BFGS:  196 13:58:14    -2194.192393        0.184637
BFGS:  197 13:58:15    -2194.199409        0.181018
BFGS:  198 13:58:15    -2194.206499        0.176576
BFGS:  199 13:58:15    -2194.213860        0.170995
BFGS:  200 13:58:16    -2194.221424        0.163936
