      Step     Time          Energy          fmax
BFGS:    0 21:05:20    -3452.884320        5.984588
BFGS:    1 21:05:23    -3455.267707        4.169261
BFGS:    2 21:05:25    -3456.979843        3.356920
BFGS:    3 21:05:28    -3459.769155        3.992760
BFGS:    4 21:05:30    -3462.113083        6.202442
BFGS:    5 21:05:33    -3463.919580        9.281003
BFGS:    6 21:05:35    -3468.400974        9.070499
BFGS:    7 21:05:37    -3472.921511       10.562713
BFGS:    8 21:05:39    -3472.913104       11.700461
BFGS:    9 21:05:42    -3478.481016        9.367242
BFGS:   10 21:05:44    -3480.211133        8.389732
BFGS:   11 21:05:46    -3482.009900        6.030310
BFGS:   12 21:05:49    -3483.064390        4.993916
BFGS:   13 21:05:51    -3484.480280        4.817254
BFGS:   14 21:05:54    -3485.416983        5.051590
BFGS:   15 21:05:56    -3486.273510        3.785726
BFGS:   16 21:05:58    -3487.199425        5.075222
BFGS:   17 21:06:00    -3488.200165        3.062074
BFGS:   18 21:06:02    -3489.256692        1.943425
BFGS:   19 21:06:03    -3489.560199        0.897215
BFGS:   20 21:06:05    -3489.703714        0.623591
BFGS:   21 21:06:06    -3489.842854        0.824833
BFGS:   22 21:06:08    -3489.962836        0.816852
BFGS:   23 21:06:10    -3490.113662        1.001523
BFGS:   24 21:06:13    -3490.322523        0.963501
BFGS:   25 21:06:15    -3490.611831        1.690840
BFGS:   26 21:06:16    -3490.826432        1.308222
BFGS:   27 21:06:18    -3491.066334        1.010342
BFGS:   28 21:06:20    -3491.165199        1.026296
BFGS:   29 21:06:21    -3491.345454        0.672164
BFGS:   30 21:06:23    -3491.456062        0.697103
BFGS:   31 21:06:24    -3491.562489        0.598482
BFGS:   32 21:06:25    -3491.685005        0.396670
BFGS:   33 21:06:26    -3491.751572        0.350193
BFGS:   34 21:06:28    -3491.834758        0.434057
BFGS:   35 21:06:29    -3491.899683        0.402273
BFGS:   36 21:06:31    -3491.966300        0.468005
BFGS:   37 21:06:32    -3492.021598        0.441159
BFGS:   38 21:06:33    -3492.068773        0.375273
BFGS:   39 21:06:34    -3492.111007        0.362370
BFGS:   40 21:06:35    -3492.155065        0.404135
BFGS:   41 21:06:37    -3492.200173        0.448622
BFGS:   42 21:06:38    -3492.243311        0.489112
BFGS:   43 21:06:39    -3492.282605        0.513374
BFGS:   44 21:06:40    -3492.321379        0.501848
BFGS:   45 21:06:41    -3492.366134        0.793591
BFGS:   46 21:06:42    -3492.416954        0.844627
BFGS:   47 21:06:44    -3492.463747        0.604517
BFGS:   48 21:06:45    -3492.498792        0.355631
BFGS:   49 21:06:46    -3492.523449        0.284389
BFGS:   50 21:06:47    -3492.540847        0.231104
BFGS:   51 21:06:48    -3492.553020        0.247697
BFGS:   52 21:06:49    -3492.561202        0.197889
BFGS:   53 21:06:50    -3492.567035        0.231748
BFGS:   54 21:06:51    -3492.571811        0.283438
BFGS:   55 21:06:52    -3492.576017        0.250328
BFGS:   56 21:06:53    -3492.579736        0.161030
BFGS:   57 21:06:54    -3492.583352        0.123693
BFGS:   58 21:06:55    -3492.587073        0.130115
BFGS:   59 21:06:56    -3492.590658        0.130553
BFGS:   60 21:06:57    -3492.593826        0.142757
BFGS:   61 21:06:58    -3492.596774        0.140232
BFGS:   62 21:06:59    -3492.600017        0.142400
BFGS:   63 21:07:00    -3492.603771        0.125472
BFGS:   64 21:07:01    -3492.607474        0.089412
BFGS:   65 21:07:02    -3492.610452        0.102610
BFGS:   66 21:07:03    -3492.612755        0.112620
BFGS:   67 21:07:04    -3492.614960        0.145743
BFGS:   68 21:07:05    -3492.617529        0.156793
BFGS:   69 21:07:06    -3492.620300        0.157385
BFGS:   70 21:07:07    -3492.622644        0.155324
BFGS:   71 21:07:08    -3492.624280        0.151924
BFGS:   72 21:07:09    -3492.625499        0.143408
BFGS:   73 21:07:10    -3492.626503        0.130496
BFGS:   74 21:07:11    -3492.627297        0.121203
BFGS:   75 21:07:12    -3492.627892        0.119160
BFGS:   76 21:07:12    -3492.628402        0.123465
BFGS:   77 21:07:13    -3492.628938        0.128617
BFGS:   78 21:07:14    -3492.629535        0.142078
BFGS:   79 21:07:15    -3492.630128        0.156426
BFGS:   80 21:07:16    -3492.630674        0.165046
BFGS:   81 21:07:17    -3492.631220        0.167008
BFGS:   82 21:07:18    -3492.631842        0.160675
BFGS:   83 21:07:19    -3492.632536        0.147726
BFGS:   84 21:07:20    -3492.633217        0.132252
BFGS:   85 21:07:21    -3492.633859        0.132226
BFGS:   86 21:07:22    -3492.634531        0.130026
BFGS:   87 21:07:23    -3492.635252        0.122185
BFGS:   88 21:07:24    -3492.635964        0.122256
BFGS:   89 21:07:25    -3492.636562        0.125428
BFGS:   90 21:07:26    -3492.637096        0.125076
BFGS:   91 21:07:27    -3492.637763        0.123973
BFGS:   92 21:07:28    -3492.638780        0.126382
BFGS:   93 21:07:29    -3492.640277        0.144778
BFGS:   94 21:07:30    -3492.642230        0.147544
BFGS:   95 21:07:31    -3492.644485        0.124093
BFGS:   96 21:07:32    -3492.647031        0.110149
BFGS:   97 21:07:33    -3492.650206        0.096216
BFGS:   98 21:07:35    -3492.654396        0.128346
BFGS:   99 21:07:36    -3492.659217        0.184754
BFGS:  100 21:07:37    -3492.663967        0.187075
BFGS:  101 21:07:38    -3492.668737        0.120155
BFGS:  102 21:07:39    -3492.672527        0.100180
BFGS:  103 21:07:40    -3492.677128        0.167859
BFGS:  104 21:07:41    -3492.682124        0.217662
BFGS:  105 21:07:42    -3492.687481        0.235311
BFGS:  106 21:07:44    -3492.692221        0.160472
BFGS:  107 21:07:45    -3492.696314        0.084513
BFGS:  108 21:07:46    -3492.699142        0.091972
BFGS:  109 21:07:47    -3492.703173        0.124518
BFGS:  110 21:07:48    -3492.707553        0.143216
BFGS:  111 21:07:49    -3492.711923        0.106794
BFGS:  112 21:07:50    -3492.714960        0.109304
BFGS:  113 21:07:51    -3492.716759        0.074557
BFGS:  114 21:07:52    -3492.717973        0.070537
BFGS:  115 21:07:53    -3492.718926        0.061378
BFGS:  116 21:07:54    -3492.719666        0.066448
BFGS:  117 21:07:55    -3492.720309        0.068642
BFGS:  118 21:07:56    -3492.721019        0.068157
BFGS:  119 21:07:57    -3492.721872        0.059408
BFGS:  120 21:07:58    -3492.722824        0.074392
BFGS:  121 21:07:59    -3492.723837        0.081214
BFGS:  122 21:08:00    -3492.725068        0.070869
BFGS:  123 21:08:01    -3492.726735        0.084615
BFGS:  124 21:08:02    -3492.729184        0.096173
BFGS:  125 21:08:03    -3492.732530        0.146308
BFGS:  126 21:08:04    -3492.736752        0.192948
BFGS:  127 21:08:05    -3492.741845        0.198761
BFGS:  128 21:08:07    -3492.747971        0.172754
BFGS:  129 21:08:08    -3492.755596        0.186390
BFGS:  130 21:08:09    -3492.765796        0.216019
BFGS:  131 21:08:10    -3492.779687        0.264049
BFGS:  132 21:08:12    -3492.798208        0.277511
BFGS:  133 21:08:13    -3492.821017        0.225726
BFGS:  134 21:08:14    -3492.844574        0.299633
BFGS:  135 21:08:15    -3492.868473        0.305029
BFGS:  136 21:08:17    -3492.888945        0.416415
BFGS:  137 21:08:18    -3492.921597        0.445773
BFGS:  138 21:08:20    -3492.963020        0.492711
BFGS:  139 21:08:21    -3493.072449        1.125429
BFGS:  140 21:08:23    -3493.165732        1.475179
BFGS:  141 21:08:24    -3493.362906        2.192471
BFGS:  142 21:08:26    -3493.245481        1.616551
BFGS:  143 21:08:28    -3493.621034        1.734737
BFGS:  144 21:08:29    -3493.811529        1.684794
BFGS:  145 21:08:31    -3494.205348        1.083224
BFGS:  146 21:08:33    -3494.295676        0.660521
BFGS:  147 21:08:34    -3494.381971        0.527731
BFGS:  148 21:08:36    -3494.501336        0.442317
BFGS:  149 21:08:37    -3494.562443        0.585220
BFGS:  150 21:08:38    -3494.667794        0.594764
BFGS:  151 21:08:39    -3494.731782        0.480663
BFGS:  152 21:08:41    -3494.784423        0.322597
BFGS:  153 21:08:42    -3494.812083        0.362894
BFGS:  154 21:08:43    -3494.837610        0.427130
BFGS:  155 21:08:44    -3494.860001        0.453094
BFGS:  156 21:08:45    -3494.881496        0.406337
BFGS:  157 21:08:46    -3494.901008        0.349935
BFGS:  158 21:08:48    -3494.920026        0.325658
BFGS:  159 21:08:49    -3494.940246        0.326765
BFGS:  160 21:08:50    -3494.961011        0.285329
BFGS:  161 21:08:51    -3494.980963        0.306781
BFGS:  162 21:08:52    -3494.998314        0.344495
BFGS:  163 21:08:54    -3495.012022        0.315692
BFGS:  164 21:08:55    -3495.021642        0.260041
BFGS:  165 21:08:56    -3495.028351        0.226557
BFGS:  166 21:08:57    -3495.033970        0.266506
BFGS:  167 21:08:58    -3495.038842        0.249719
BFGS:  168 21:08:59    -3495.042347        0.244885
BFGS:  169 21:09:00    -3495.044588        0.239728
BFGS:  170 21:09:01    -3495.046283        0.235192
BFGS:  171 21:09:02    -3495.047956        0.220952
BFGS:  172 21:09:03    -3495.049787        0.226051
BFGS:  173 21:09:03    -3495.052055        0.215755
BFGS:  174 21:09:04    -3495.055112        0.197511
BFGS:  175 21:09:05    -3495.059289        0.195156
BFGS:  176 21:09:06    -3495.064272        0.187474
BFGS:  177 21:09:07    -3495.069265        0.212555
BFGS:  178 21:09:08    -3495.073828        0.194056
BFGS:  179 21:09:09    -3495.078566        0.173265
BFGS:  180 21:09:10    -3495.084096        0.167626
BFGS:  181 21:09:11    -3495.090226        0.194418
BFGS:  182 21:09:12    -3495.096215        0.192674
BFGS:  183 21:09:13    -3495.101855        0.173798
BFGS:  184 21:09:14    -3495.107514        0.156813
BFGS:  185 21:09:15    -3495.113351        0.142474
BFGS:  186 21:09:16    -3495.119092        0.136758
BFGS:  187 21:09:17    -3495.124589        0.148602
BFGS:  188 21:09:18    -3495.130002        0.161775
BFGS:  189 21:09:19    -3495.135315        0.148185
BFGS:  190 21:09:20    -3495.140217        0.108135
BFGS:  191 21:09:20    -3495.144400        0.090296
BFGS:  192 21:09:21    -3495.148038        0.081639
BFGS:  193 21:09:22    -3495.151311        0.085796
BFGS:  194 21:09:23    -3495.154268        0.094022
BFGS:  195 21:09:24    -3495.156984        0.079666
BFGS:  196 21:09:25    -3495.159683        0.090553
BFGS:  197 21:09:26    -3495.162653        0.091401
BFGS:  198 21:09:27    -3495.165855        0.089238
BFGS:  199 21:09:28    -3495.169171        0.098278
BFGS:  200 21:09:29    -3495.172335        0.115188
