      Step     Time          Energy          fmax
BFGS:    0 20:44:32    -2721.172638      436.175336
BFGS:    1 20:44:33    -2805.993009       45.309930
BFGS:    2 20:44:35    -2822.482318       75.796673
BFGS:    3 20:44:36    -2833.749110       47.031279
BFGS:    4 20:44:37    -2839.998538       24.007776
BFGS:    5 20:44:38    -2843.596567       11.645320
BFGS:    6 20:44:39    -2845.681497        5.603084
BFGS:    7 20:44:40    -2847.767812        3.354373
BFGS:    8 20:44:42    -2849.324940        4.595133
BFGS:    9 20:44:43    -2850.601788        5.517665
BFGS:   10 20:44:44    -2851.756602        5.731929
BFGS:   11 20:44:45    -2852.620370        5.383241
BFGS:   12 20:44:47    -2853.270038        4.939818
BFGS:   13 20:44:48    -2853.825258        4.466816
BFGS:   14 20:44:49    -2854.328809        4.046963
BFGS:   15 20:44:50    -2854.867399        3.728762
BFGS:   16 20:44:51    -2855.375446        3.515799
BFGS:   17 20:44:52    -2855.791447        3.382799
BFGS:   18 20:44:53    -2856.158644        3.060103
BFGS:   19 20:44:54    -2856.512834        2.410826
BFGS:   20 20:44:56    -2856.768006        1.581844
BFGS:   21 20:44:57    -2856.874516        1.354915
BFGS:   22 20:44:58    -2856.949516        1.056952
BFGS:   23 20:44:58    -2857.023673        0.694975
BFGS:   24 20:44:59    -2857.086984        0.382396
BFGS:   25 20:45:00    -2857.123766        0.397534
BFGS:   26 20:45:01    -2857.167575        0.422818
BFGS:   27 20:45:02    -2857.227865        0.503478
BFGS:   28 20:45:03    -2857.302007        0.825657
BFGS:   29 20:45:04    -2857.367967        1.244984
BFGS:   30 20:45:05    -2857.434478        0.724597
BFGS:   31 20:45:06    -2857.512855        0.837152
BFGS:   32 20:45:07    -2857.607986        0.742016
BFGS:   33 20:45:08    -2857.694530        0.990537
BFGS:   34 20:45:09    -2857.763293        1.161412
BFGS:   35 20:45:10    -2857.815038        1.345152
BFGS:   36 20:45:11    -2857.891574        0.882792
BFGS:   37 20:45:12    -2857.940730        0.363812
BFGS:   38 20:45:13    -2857.987868        0.500381
BFGS:   39 20:45:13    -2858.019210        0.453367
BFGS:   40 20:45:14    -2858.048798        0.371933
BFGS:   41 20:45:15    -2858.068874        0.275521
BFGS:   42 20:45:16    -2858.087828        0.239211
BFGS:   43 20:45:16    -2858.103781        0.227469
BFGS:   44 20:45:17    -2858.120646        0.212346
BFGS:   45 20:45:18    -2858.138803        0.317525
BFGS:   46 20:45:19    -2858.158338        0.330198
BFGS:   47 20:45:19    -2858.177237        0.235712
BFGS:   48 20:45:20    -2858.194427        0.209474
BFGS:   49 20:45:21    -2858.209796        0.266887
BFGS:   50 20:45:22    -2858.225073        0.304336
BFGS:   51 20:45:22    -2858.242931        0.356822
BFGS:   52 20:45:23    -2858.265467        0.353222
BFGS:   53 20:45:24    -2858.291665        0.361810
BFGS:   54 20:45:25    -2858.316891        0.491747
BFGS:   55 20:45:26    -2858.342725        0.490707
BFGS:   56 20:45:27    -2858.379317        0.457346
BFGS:   57 20:45:27    -2858.414323        0.404984
BFGS:   58 20:45:28    -2858.448019        0.236409
BFGS:   59 20:45:29    -2858.467434        0.216062
BFGS:   60 20:45:30    -2858.479338        0.188893
BFGS:   61 20:45:31    -2858.488884        0.176173
BFGS:   62 20:45:32    -2858.497545        0.144110
BFGS:   63 20:45:32    -2858.504370        0.183956
BFGS:   64 20:45:33    -2858.508169        0.258093
BFGS:   65 20:45:34    -2858.511207        0.288067
BFGS:   66 20:45:34    -2858.514754        0.263849
BFGS:   67 20:45:35    -2858.519277        0.280629
BFGS:   68 20:45:36    -2858.523035        0.237354
BFGS:   69 20:45:37    -2858.527685        0.146840
BFGS:   70 20:45:37    -2858.533191        0.124480
BFGS:   71 20:45:38    -2858.539824        0.246768
BFGS:   72 20:45:39    -2858.546586        0.398945
BFGS:   73 20:45:40    -2858.553264        0.462316
BFGS:   74 20:45:40    -2858.560862        0.431717
BFGS:   75 20:45:41    -2858.571210        0.380361
BFGS:   76 20:45:42    -2858.584240        0.413015
BFGS:   77 20:45:43    -2858.597906        0.443045
BFGS:   78 20:45:44    -2858.611852        0.398489
BFGS:   79 20:45:45    -2858.627333        0.371499
BFGS:   80 20:45:46    -2858.648904        0.290075
BFGS:   81 20:45:47    -2858.676046        0.343652
BFGS:   82 20:45:47    -2858.701475        0.294459
BFGS:   83 20:45:49    -2858.716165        0.339047
BFGS:   84 20:45:49    -2858.735985        0.253657
BFGS:   85 20:45:50    -2858.752417        0.250533
BFGS:   86 20:45:51    -2858.785734        0.605249
BFGS:   87 20:45:52    -2858.803741        0.708011
BFGS:   88 20:45:53    -2858.829916        0.662443
BFGS:   89 20:45:54    -2858.879025        0.463593
BFGS:   90 20:45:55    -2858.914376        0.361922
BFGS:   91 20:45:56    -2858.954331        0.706054
BFGS:   92 20:45:57    -2858.945481        1.279716
BFGS:   93 20:45:58    -2858.996988        0.301426
BFGS:   94 20:45:59    -2859.014259        0.344840
BFGS:   95 20:46:00    -2859.037844        0.363767
BFGS:   96 20:46:01    -2859.050705        0.276623
BFGS:   97 20:46:02    -2859.061411        0.207330
BFGS:   98 20:46:03    -2859.068419        0.376580
BFGS:   99 20:46:03    -2859.073654        0.192379
BFGS:  100 20:46:04    -2859.077635        0.100115
BFGS:  101 20:46:05    -2859.080905        0.118424
BFGS:  102 20:46:06    -2859.084009        0.198328
BFGS:  103 20:46:06    -2859.086693        0.155828
BFGS:  104 20:46:07    -2859.088313        0.068416
BFGS:  105 20:46:08    -2859.089324        0.066859
BFGS:  106 20:46:09    -2859.090296        0.071570
BFGS:  107 20:46:10    -2859.091484        0.100564
BFGS:  108 20:46:10    -2859.092691        0.078745
BFGS:  109 20:46:11    -2859.093626        0.081558
BFGS:  110 20:46:12    -2859.094295        0.075810
BFGS:  111 20:46:12    -2859.094826        0.054798
BFGS:  112 20:46:13    -2859.095262        0.041482
BFGS:  113 20:46:14    -2859.095598        0.037722
BFGS:  114 20:46:14    -2859.095876        0.033175
BFGS:  115 20:46:15    -2859.096156        0.031237
BFGS:  116 20:46:16    -2859.096463        0.025503
BFGS:  117 20:46:16    -2859.096775        0.030903
BFGS:  118 20:46:17    -2859.097029        0.024962
BFGS:  119 20:46:17    -2859.097200        0.031602
BFGS:  120 20:46:18    -2859.097323        0.019713
BFGS:  121 20:46:19    -2859.097408        0.018635
BFGS:  122 20:46:19    -2859.097489        0.016652
BFGS:  123 20:46:20    -2859.097550        0.016264
BFGS:  124 20:46:20    -2859.097587        0.014570
BFGS:  125 20:46:21    -2859.097633        0.013799
BFGS:  126 20:46:22    -2859.097679        0.016059
BFGS:  127 20:46:22    -2859.097742        0.016778
BFGS:  128 20:46:23    -2859.097804        0.014600
BFGS:  129 20:46:23    -2859.097868        0.012534
BFGS:  130 20:46:24    -2859.097934        0.014412
BFGS:  131 20:46:24    -2859.098003        0.018235
BFGS:  132 20:46:25    -2859.098073        0.021325
BFGS:  133 20:46:25    -2859.098151        0.021511
BFGS:  134 20:46:26    -2859.098240        0.019441
BFGS:  135 20:46:27    -2859.098336        0.016726
BFGS:  136 20:46:27    -2859.098429        0.015440
BFGS:  137 20:46:28    -2859.098511        0.016422
BFGS:  138 20:46:28    -2859.098592        0.019174
BFGS:  139 20:46:29    -2859.098658        0.017382
BFGS:  140 20:46:29    -2859.098733        0.019123
BFGS:  141 20:46:30    -2859.098812        0.015714
BFGS:  142 20:46:31    -2859.098890        0.012732
BFGS:  143 20:46:31    -2859.098969        0.020529
BFGS:  144 20:46:32    -2859.099053        0.027927
BFGS:  145 20:46:32    -2859.099158        0.031201
BFGS:  146 20:46:33    -2859.099287        0.036189
BFGS:  147 20:46:33    -2859.099458        0.032225
BFGS:  148 20:46:34    -2859.099672        0.031939
BFGS:  149 20:46:34    -2859.099974        0.036823
BFGS:  150 20:46:35    -2859.100387        0.045817
BFGS:  151 20:46:36    -2859.100951        0.061128
BFGS:  152 20:46:36    -2859.101723        0.072410
BFGS:  153 20:46:37    -2859.102819        0.063231
BFGS:  154 20:46:38    -2859.104302        0.070037
BFGS:  155 20:46:39    -2859.106347        0.094825
BFGS:  156 20:46:40    -2859.108839        0.099509
BFGS:  157 20:46:40    -2859.111545        0.118941
BFGS:  158 20:46:41    -2859.114375        0.103874
BFGS:  159 20:46:42    -2859.117520        0.114681
BFGS:  160 20:46:43    -2859.117874        0.183849
BFGS:  161 20:46:44    -2859.122614        0.123305
BFGS:  162 20:46:44    -2859.124634        0.102147
BFGS:  163 20:46:45    -2859.127363        0.061561
BFGS:  164 20:46:46    -2859.128238        0.053072
BFGS:  165 20:46:46    -2859.129627        0.100258
BFGS:  166 20:46:47    -2859.130302        0.089060
BFGS:  167 20:46:48    -2859.130874        0.041523
BFGS:  168 20:46:48    -2859.131295        0.039702
BFGS:  169 20:46:49    -2859.131662        0.051929
BFGS:  170 20:46:50    -2859.132003        0.031863
BFGS:  171 20:46:50    -2859.132388        0.052368
BFGS:  172 20:46:51    -2859.132806        0.035029
BFGS:  173 20:46:52    -2859.133230        0.036734
BFGS:  174 20:46:53    -2859.133596        0.043783
BFGS:  175 20:46:53    -2859.134026        0.042999
BFGS:  176 20:46:54    -2859.134629        0.045058
BFGS:  177 20:46:55    -2859.135664        0.058875
BFGS:  178 20:46:55    -2859.136686        0.072148
BFGS:  179 20:46:56    -2859.138010        0.070413
BFGS:  180 20:46:57    -2859.139531        0.075100
BFGS:  181 20:46:58    -2859.141239        0.116871
BFGS:  182 20:46:59    -2859.140518        0.135077
BFGS:  183 20:47:00    -2859.144522        0.081989
BFGS:  184 20:47:01    -2859.146452        0.084285
BFGS:  185 20:47:02    -2859.150579        0.119546
BFGS:  186 20:47:02    -2859.152098        0.097440
BFGS:  187 20:47:03    -2859.153196        0.090893
BFGS:  188 20:47:04    -2859.155672        0.072919
BFGS:  189 20:47:05    -2859.156708        0.111926
BFGS:  190 20:47:05    -2859.158037        0.128735
BFGS:  191 20:47:06    -2859.160608        0.122443
BFGS:  192 20:47:07    -2859.162330        0.119302
BFGS:  193 20:47:08    -2859.164691        0.109493
BFGS:  194 20:47:08    -2859.167102        0.117849
BFGS:  195 20:47:09    -2859.169260        0.099445
BFGS:  196 20:47:10    -2859.171133        0.090009
BFGS:  197 20:47:11    -2859.172754        0.086381
BFGS:  198 20:47:11    -2859.174223        0.088647
BFGS:  199 20:47:12    -2859.175336        0.071828
BFGS:  200 20:47:13    -2859.176026        0.062708
