      Step     Time          Energy          fmax
BFGS:    0 13:44:46    -3763.922374        7.744695
BFGS:    1 13:44:48    -3770.671925        7.443634
BFGS:    2 13:44:50    -3772.745653       13.725631
BFGS:    3 13:44:52    -3774.649390        4.726897
BFGS:    4 13:44:54    -3775.367706        2.797675
BFGS:    5 13:44:56    -3775.797948        2.807391
BFGS:    6 13:44:57    -3775.934732        1.343605
BFGS:    7 13:44:59    -3776.062464        0.633283
BFGS:    8 13:45:01    -3776.111848        0.753827
BFGS:    9 13:45:02    -3776.195871        0.553410
BFGS:   10 13:45:04    -3776.264270        0.711695
BFGS:   11 13:45:06    -3776.353627        0.629607
BFGS:   12 13:45:08    -3776.445404        1.213338
BFGS:   13 13:45:09    -3776.544377        0.769219
BFGS:   14 13:45:11    -3776.834157        0.957669
BFGS:   15 13:45:13    -3776.990451        1.254076
BFGS:   16 13:45:15    -3777.392119        1.661283
BFGS:   17 13:45:17    -3777.246751        3.630605
BFGS:   18 13:45:19    -3777.667782        1.158246
BFGS:   19 13:45:21    -3777.810674        1.255502
BFGS:   20 13:45:22    -3778.061032        0.589376
BFGS:   21 13:45:24    -3778.158807        1.090558
BFGS:   22 13:45:25    -3778.229555        0.698715
BFGS:   23 13:45:27    -3778.287878        0.747493
BFGS:   24 13:45:29    -3778.424864        0.580156
BFGS:   25 13:45:30    -3778.506895        0.678208
BFGS:   26 13:45:32    -3778.601033        0.691951
BFGS:   27 13:45:34    -3778.692044        0.800364
BFGS:   28 13:45:35    -3778.773495        0.574801
BFGS:   29 13:45:37    -3778.816596        0.321990
BFGS:   30 13:45:38    -3778.850028        0.355188
BFGS:   31 13:45:39    -3778.884960        0.412134
BFGS:   32 13:45:41    -3778.921633        0.547912
BFGS:   33 13:45:42    -3778.954474        0.478708
BFGS:   34 13:45:44    -3778.982976        0.336645
BFGS:   35 13:45:45    -3779.009561        0.364999
BFGS:   36 13:45:46    -3779.034959        0.350617
BFGS:   37 13:45:48    -3779.053907        0.243072
BFGS:   38 13:45:49    -3779.066342        0.180028
BFGS:   39 13:45:51    -3779.076331        0.153550
BFGS:   40 13:45:52    -3779.087167        0.168062
BFGS:   41 13:45:53    -3779.097622        0.157037
BFGS:   42 13:45:54    -3779.105330        0.123064
BFGS:   43 13:45:56    -3779.110353        0.143846
BFGS:   44 13:45:57    -3779.114873        0.153295
BFGS:   45 13:45:58    -3779.120231        0.157552
BFGS:   46 13:46:00    -3779.126471        0.161785
BFGS:   47 13:46:01    -3779.132887        0.153172
BFGS:   48 13:46:03    -3779.138535        0.128762
BFGS:   49 13:46:04    -3779.143381        0.136836
BFGS:   50 13:46:05    -3779.147849        0.135469
BFGS:   51 13:46:06    -3779.152229        0.129071
BFGS:   52 13:46:08    -3779.156289        0.115334
BFGS:   53 13:46:09    -3779.159790        0.105569
BFGS:   54 13:46:10    -3779.162629        0.097920
BFGS:   55 13:46:12    -3779.165097        0.112664
BFGS:   56 13:46:13    -3779.167350        0.114846
BFGS:   57 13:46:14    -3779.169603        0.087024
BFGS:   58 13:46:16    -3779.171890        0.098339
BFGS:   59 13:46:17    -3779.174019        0.102683
BFGS:   60 13:46:18    -3779.175624        0.063674
BFGS:   61 13:46:20    -3779.176749        0.055224
BFGS:   62 13:46:21    -3779.177676        0.044928
BFGS:   63 13:46:22    -3779.178689        0.060676
BFGS:   64 13:46:23    -3779.179867        0.075846
BFGS:   65 13:46:25    -3779.181137        0.079505
BFGS:   66 13:46:26    -3779.182443        0.062464
BFGS:   67 13:46:27    -3779.183914        0.074979
BFGS:   68 13:46:28    -3779.185761        0.074007
BFGS:   69 13:46:29    -3779.188129        0.088809
BFGS:   70 13:46:30    -3779.190910        0.103801
BFGS:   71 13:46:32    -3779.193782        0.089480
BFGS:   72 13:46:33    -3779.196770        0.096163
BFGS:   73 13:46:34    -3779.200324        0.097483
BFGS:   74 13:46:36    -3779.204999        0.115438
BFGS:   75 13:46:37    -3779.210766        0.112953
BFGS:   76 13:46:38    -3779.217013        0.107997
BFGS:   77 13:46:40    -3779.222729        0.116819
BFGS:   78 13:46:41    -3779.227796        0.133888
BFGS:   79 13:46:42    -3779.232608        0.129334
BFGS:   80 13:46:43    -3779.237224        0.104238
BFGS:   81 13:46:45    -3779.241195        0.091935
BFGS:   82 13:46:46    -3779.244076        0.077841
BFGS:   83 13:46:47    -3779.246270        0.078378
BFGS:   84 13:46:49    -3779.248154        0.084278
BFGS:   85 13:46:50    -3779.249963        0.070749
BFGS:   86 13:46:51    -3779.251757        0.068445
BFGS:   87 13:46:52    -3779.253477        0.064101
BFGS:   88 13:46:53    -3779.255149        0.073997
BFGS:   89 13:46:55    -3779.256827        0.076362
BFGS:   90 13:46:56    -3779.258796        0.074459
BFGS:   91 13:46:57    -3779.261073        0.072256
BFGS:   92 13:46:58    -3779.263460        0.083549
BFGS:   93 13:46:59    -3779.265529        0.077035
BFGS:   94 13:47:01    -3779.267205        0.072055
BFGS:   95 13:47:02    -3779.268589        0.060556
BFGS:   96 13:47:03    -3779.269744        0.051877
BFGS:   97 13:47:04    -3779.270739        0.046013
BFGS:   98 13:47:05    -3779.271610        0.059131
BFGS:   99 13:47:07    -3779.272535        0.061069
BFGS:  100 13:47:08    -3779.273716        0.054736
BFGS:  101 13:47:09    -3779.275304        0.064033
BFGS:  102 13:47:10    -3779.277210        0.073256
BFGS:  103 13:47:12    -3779.279215        0.063608
BFGS:  104 13:47:13    -3779.281107        0.070938
BFGS:  105 13:47:14    -3779.282882        0.062128
BFGS:  106 13:47:16    -3779.284728        0.069605
BFGS:  107 13:47:17    -3779.286834        0.085782
BFGS:  108 13:47:18    -3779.289202        0.105739
BFGS:  109 13:47:19    -3779.291731        0.093535
BFGS:  110 13:47:21    -3779.294430        0.082552
BFGS:  111 13:47:22    -3779.298586        0.114126
BFGS:  112 13:47:24    -3779.281907        0.803266
BFGS:  113 13:47:26    -3779.305768        0.178383
BFGS:  114 13:47:27    -3779.313652        0.226533
BFGS:  115 13:47:29    -3779.220693        1.499091
BFGS:  116 13:47:31    -3779.334327        0.299854
BFGS:  117 13:47:33    -3779.358262        0.344405
BFGS:  118 13:47:35    -3779.354977        0.839796
BFGS:  119 13:47:37    -3779.396496        0.284678
BFGS:  120 13:47:38    -3779.393660        0.401437
BFGS:  121 13:47:40    -3779.424178        0.130300
BFGS:  122 13:47:42    -3779.431037        0.099472
BFGS:  123 13:47:43    -3779.439022        0.134573
BFGS:  124 13:47:45    -3779.442819        0.168232
BFGS:  125 13:47:46    -3779.446692        0.172192
BFGS:  126 13:47:47    -3779.449595        0.095996
BFGS:  127 13:47:48    -3779.451421        0.075788
BFGS:  128 13:47:50    -3779.452661        0.062234
BFGS:  129 13:47:51    -3779.453765        0.071643
BFGS:  130 13:47:52    -3779.454860        0.066053
BFGS:  131 13:47:53    -3779.455935        0.063505
BFGS:  132 13:47:54    -3779.456986        0.062223
BFGS:  133 13:47:56    -3779.457951        0.064630
BFGS:  134 13:47:57    -3779.459001        0.065812
BFGS:  135 13:47:59    -3779.460204        0.051625
BFGS:  136 13:48:00    -3779.461445        0.060757
BFGS:  137 13:48:02    -3779.462582        0.054550
BFGS:  138 13:48:03    -3779.463624        0.050349
BFGS:  139 13:48:05    -3779.464894        0.064014
BFGS:  140 13:48:07    -3779.466567        0.069428
BFGS:  141 13:48:08    -3779.468627        0.078665
BFGS:  142 13:48:10    -3779.470837        0.069378
BFGS:  143 13:48:12    -3779.473017        0.078536
BFGS:  144 13:48:13    -3779.475154        0.071673
BFGS:  145 13:48:15    -3779.477436        0.063207
BFGS:  146 13:48:16    -3779.480000        0.071530
BFGS:  147 13:48:18    -3779.483014        0.075604
BFGS:  148 13:48:19    -3779.486151        0.075361
BFGS:  149 13:48:21    -3779.488789        0.072890
BFGS:  150 13:48:22    -3779.490841        0.064915
BFGS:  151 13:48:24    -3779.492423        0.056603
BFGS:  152 13:48:25    -3779.493969        0.059100
BFGS:  153 13:48:26    -3779.495649        0.066102
BFGS:  154 13:48:27    -3779.497439        0.064651
BFGS:  155 13:48:29    -3779.499204        0.059530
BFGS:  156 13:48:30    -3779.500728        0.062595
BFGS:  157 13:48:31    -3779.502005        0.049845
BFGS:  158 13:48:32    -3779.503017        0.058582
BFGS:  159 13:48:34    -3779.503856        0.055146
BFGS:  160 13:48:35    -3779.504649        0.043253
BFGS:  161 13:48:36    -3779.505488        0.042862
BFGS:  162 13:48:37    -3779.506302        0.039743
BFGS:  163 13:48:39    -3779.506936        0.045981
BFGS:  164 13:48:40    -3779.507385        0.036949
BFGS:  165 13:48:41    -3779.507721        0.026170
BFGS:  166 13:48:42    -3779.508045        0.029315
BFGS:  167 13:48:43    -3779.508388        0.032705
BFGS:  168 13:48:45    -3779.508749        0.028110
BFGS:  169 13:48:46    -3779.509083        0.026294
BFGS:  170 13:48:47    -3779.509352        0.022854
BFGS:  171 13:48:48    -3779.509563        0.020608
BFGS:  172 13:48:49    -3779.509730        0.021386
BFGS:  173 13:48:50    -3779.509860        0.018458
BFGS:  174 13:48:51    -3779.509972        0.015237
BFGS:  175 13:48:52    -3779.510086        0.013194
BFGS:  176 13:48:53    -3779.510221        0.017351
BFGS:  177 13:48:54    -3779.510376        0.021497
BFGS:  178 13:48:55    -3779.510523        0.018860
BFGS:  179 13:48:56    -3779.510643        0.015787
BFGS:  180 13:48:57    -3779.510747        0.014532
BFGS:  181 13:48:59    -3779.510846        0.015651
BFGS:  182 13:49:00    -3779.510938        0.013592
BFGS:  183 13:49:01    -3779.511023        0.013105
BFGS:  184 13:49:02    -3779.511115        0.013409
BFGS:  185 13:49:03    -3779.511225        0.015909
BFGS:  186 13:49:04    -3779.511369        0.018193
BFGS:  187 13:49:05    -3779.511530        0.018701
BFGS:  188 13:49:06    -3779.511694        0.018533
BFGS:  189 13:49:07    -3779.511871        0.020660
BFGS:  190 13:49:08    -3779.512069        0.021486
BFGS:  191 13:49:09    -3779.512295        0.020351
BFGS:  192 13:49:11    -3779.512525        0.020652
BFGS:  193 13:49:12    -3779.512759        0.024220
BFGS:  194 13:49:13    -3779.513014        0.022388
BFGS:  195 13:49:14    -3779.513307        0.023826
BFGS:  196 13:49:15    -3779.513599        0.026573
BFGS:  197 13:49:16    -3779.513844        0.023318
BFGS:  198 13:49:18    -3779.514039        0.024522
BFGS:  199 13:49:19    -3779.514223        0.017674
BFGS:  200 13:49:20    -3779.514334        0.019190
