      Step     Time          Energy          fmax
BFGS:    0 13:29:36    -2297.848272        7.836729
BFGS:    1 13:29:37    -2304.035360        7.075342
BFGS:    2 13:29:38    -2303.426473       17.087649
BFGS:    3 13:29:38    -2306.955483        4.667093
BFGS:    4 13:29:39    -2307.969208        2.676343
BFGS:    5 13:29:39    -2308.898235        4.489316
BFGS:    6 13:29:40    -2309.490033        2.407690
BFGS:    7 13:29:40    -2309.886514        4.513747
BFGS:    8 13:29:41    -2310.160610        1.308851
BFGS:    9 13:29:41    -2310.254454        0.699573
BFGS:   10 13:29:41    -2310.314937        0.724868
BFGS:   11 13:29:42    -2310.334882        0.416760
BFGS:   12 13:29:42    -2310.351457        0.168448
BFGS:   13 13:29:43    -2310.355104        0.162032
BFGS:   14 13:29:43    -2310.360857        0.143957
BFGS:   15 13:29:43    -2310.362983        0.064562
BFGS:   16 13:29:44    -2310.364318        0.073973
BFGS:   17 13:29:44    -2310.366594        0.102276
BFGS:   18 13:29:45    -2310.370086        0.152492
BFGS:   19 13:29:45    -2310.374766        0.155377
BFGS:   20 13:29:45    -2310.380432        0.139140
BFGS:   21 13:29:46    -2310.386523        0.133961
BFGS:   22 13:29:46    -2310.392680        0.168325
BFGS:   23 13:29:47    -2310.399684        0.208247
BFGS:   24 13:29:47    -2310.408535        0.250936
BFGS:   25 13:29:47    -2310.419218        0.216464
BFGS:   26 13:29:48    -2310.428371        0.177524
BFGS:   27 13:29:48    -2310.433858        0.116456
BFGS:   28 13:29:49    -2310.436418        0.093168
BFGS:   29 13:29:49    -2310.438192        0.096071
BFGS:   30 13:29:49    -2310.440720        0.160012
BFGS:   31 13:29:50    -2310.445036        0.202113
BFGS:   32 13:29:50    -2310.448490        0.138630
BFGS:   33 13:29:50    -2310.450499        0.090344
BFGS:   34 13:29:51    -2310.451860        0.067394
BFGS:   35 13:29:51    -2310.453603        0.125583
BFGS:   36 13:29:51    -2310.455750        0.144477
BFGS:   37 13:29:52    -2310.457488        0.090432
BFGS:   38 13:29:52    -2310.458306        0.065102
BFGS:   39 13:29:52    -2310.458680        0.057354
BFGS:   40 13:29:53    -2310.458977        0.041411
BFGS:   41 13:29:53    -2310.459301        0.025655
BFGS:   42 13:29:53    -2310.459441        0.015250
BFGS:   43 13:29:54    -2310.459513        0.015354
BFGS:   44 13:29:54    -2310.459588        0.020479
BFGS:   45 13:29:54    -2310.459672        0.018978
BFGS:   46 13:29:54    -2310.459743        0.013424
BFGS:   47 13:29:55    -2310.459795        0.017136
BFGS:   48 13:29:55    -2310.459869        0.021625
BFGS:   49 13:29:55    -2310.460018        0.027349
BFGS:   50 13:29:56    -2310.460345        0.042840
BFGS:   51 13:29:56    -2310.460995        0.068893
BFGS:   52 13:29:56    -2310.462017        0.097798
BFGS:   53 13:29:57    -2310.463163        0.102740
BFGS:   54 13:29:57    -2310.464137        0.074706
BFGS:   55 13:29:58    -2310.465064        0.064264
BFGS:   56 13:29:58    -2310.466141        0.066412
BFGS:   57 13:29:58    -2310.467768        0.112747
BFGS:   58 13:29:59    -2310.469958        0.142339
BFGS:   59 13:29:59    -2310.472248        0.127161
BFGS:   60 13:30:00    -2310.474079        0.066816
BFGS:   61 13:30:00    -2310.475230        0.054204
BFGS:   62 13:30:00    -2310.476075        0.061291
BFGS:   63 13:30:01    -2310.477199        0.091340
BFGS:   64 13:30:01    -2310.479012        0.105876
BFGS:   65 13:30:02    -2310.481974        0.119029
BFGS:   66 13:30:02    -2310.486330        0.134877
BFGS:   67 13:30:02    -2310.489923        0.134405
BFGS:   68 13:30:03    -2310.491585        0.104995
BFGS:   69 13:30:03    -2310.492576        0.101188
BFGS:   70 13:30:04    -2310.493812        0.106886
BFGS:   71 13:30:04    -2310.495603        0.137226
BFGS:   72 13:30:05    -2310.497125        0.157454
BFGS:   73 13:30:05    -2310.499164        0.166278
BFGS:   74 13:30:05    -2310.502374        0.163145
BFGS:   75 13:30:06    -2310.509028        0.172982
BFGS:   76 13:30:06    -2310.520748        0.294063
BFGS:   77 13:30:07    -2310.536599        0.427267
BFGS:   78 13:30:07    -2310.570122        0.452163
BFGS:   79 13:30:08    -2310.589997        0.297718
BFGS:   80 13:30:08    -2310.582097        0.461859
BFGS:   81 13:30:09    -2310.611820        0.189043
BFGS:   82 13:30:09    -2310.621167        0.161117
BFGS:   83 13:30:10    -2310.636291        0.142076
BFGS:   84 13:30:10    -2310.641600        0.150636
BFGS:   85 13:30:11    -2310.645749        0.192179
BFGS:   86 13:30:11    -2310.650577        0.226780
BFGS:   87 13:30:11    -2310.658150        0.247964
BFGS:   88 13:30:12    -2310.666294        0.241973
BFGS:   89 13:30:12    -2310.674951        0.216723
BFGS:   90 13:30:13    -2310.685798        0.244803
BFGS:   91 13:30:13    -2310.703144        0.278892
BFGS:   92 13:30:14    -2310.730436        0.322705
BFGS:   93 13:30:14    -2310.762563        0.341407
BFGS:   94 13:30:15    -2310.791850        0.375371
BFGS:   95 13:30:15    -2310.819274        0.479845
BFGS:   96 13:30:16    -2310.845199        0.580697
BFGS:   97 13:30:16    -2310.871802        0.668886
BFGS:   98 13:30:17    -2310.906829        0.739246
BFGS:   99 13:30:17    -2310.958478        0.793775
BFGS:  100 13:30:17    -2311.046282        0.815222
BFGS:  101 13:30:18    -2311.166483        0.802344
BFGS:  102 13:30:18    -2311.306614        0.795230
BFGS:  103 13:30:19    -2311.406245        0.748394
BFGS:  104 13:30:19    -2311.478272        0.675495
BFGS:  105 13:30:20    -2311.545969        0.349006
BFGS:  106 13:30:20    -2311.563853        0.329846
BFGS:  107 13:30:21    -2311.590746        0.216086
BFGS:  108 13:30:21    -2311.621936        0.274105
BFGS:  109 13:30:22    -2311.653269        0.263885
BFGS:  110 13:30:22    -2311.688545        0.249124
BFGS:  111 13:30:22    -2311.707409        0.232312
BFGS:  112 13:30:23    -2311.719815        0.253456
BFGS:  113 13:30:23    -2311.734356        0.275730
BFGS:  114 13:30:23    -2311.755968        0.289627
BFGS:  115 13:30:24    -2311.784970        0.352226
BFGS:  116 13:30:24    -2311.815828        0.314131
BFGS:  117 13:30:25    -2311.842029        0.308613
BFGS:  118 13:30:25    -2311.864569        0.299749
BFGS:  119 13:30:25    -2311.889476        0.283777
BFGS:  120 13:30:26    -2311.921151        0.436527
BFGS:  121 13:30:26    -2311.956367        0.406328
BFGS:  122 13:30:27    -2311.994528        0.519008
BFGS:  123 13:30:27    -2312.032460        0.514493
BFGS:  124 13:30:28    -2312.069693        0.560917
BFGS:  125 13:30:28    -2312.106143        0.561226
BFGS:  126 13:30:28    -2312.141559        0.532572
BFGS:  127 13:30:29    -2312.176148        0.488804
BFGS:  128 13:30:29    -2312.209870        0.438561
BFGS:  129 13:30:30    -2312.242774        0.422464
BFGS:  130 13:30:30    -2312.274960        0.450109
BFGS:  131 13:30:30    -2312.306639        0.472402
BFGS:  132 13:30:31    -2312.337829        0.489746
BFGS:  133 13:30:31    -2312.368608        0.502767
BFGS:  134 13:30:32    -2312.399131        0.512013
BFGS:  135 13:30:32    -2312.429492        0.518082
BFGS:  136 13:30:32    -2312.459737        0.521507
BFGS:  137 13:30:33    -2312.489944        0.522728
BFGS:  138 13:30:33    -2312.520188        0.522159
BFGS:  139 13:30:33    -2312.550543        0.520130
BFGS:  140 13:30:34    -2312.580994        0.516863
BFGS:  141 13:30:34    -2312.611569        0.512583
BFGS:  142 13:30:34    -2312.642180        0.507514
BFGS:  143 13:30:35    -2312.672876        0.501785
BFGS:  144 13:30:35    -2312.703610        0.495531
BFGS:  145 13:30:35    -2312.734373        0.488866
BFGS:  146 13:30:36    -2312.765130        0.481877
BFGS:  147 13:30:36    -2312.795870        0.474579
BFGS:  148 13:30:37    -2312.826584        0.470704
BFGS:  149 13:30:37    -2312.857231        0.473856
BFGS:  150 13:30:37    -2312.887737        0.475930
BFGS:  151 13:30:38    -2312.918114        0.477022
BFGS:  152 13:30:38    -2312.948277        0.477286
BFGS:  153 13:30:38    -2312.978219        0.476684
BFGS:  154 13:30:38    -2313.007906        0.475337
BFGS:  155 13:30:39    -2313.037353        0.473323
BFGS:  156 13:30:39    -2313.066486        0.470643
BFGS:  157 13:30:39    -2313.095312        0.467377
BFGS:  158 13:30:40    -2313.123792        0.463600
BFGS:  159 13:30:40    -2313.151930        0.459408
BFGS:  160 13:30:40    -2313.179702        0.454793
BFGS:  161 13:30:40    -2313.207089        0.449797
BFGS:  162 13:30:41    -2313.234065        0.444376
BFGS:  163 13:30:41    -2313.260617        0.438700
BFGS:  164 13:30:41    -2313.286756        0.432756
BFGS:  165 13:30:41    -2313.312448        0.426569
BFGS:  166 13:30:42    -2313.337708        0.420232
BFGS:  167 13:30:42    -2313.362505        0.413665
BFGS:  168 13:30:42    -2313.386850        0.406974
BFGS:  169 13:30:42    -2313.410737        0.400170
BFGS:  170 13:30:42    -2313.434166        0.393215
BFGS:  171 13:30:43    -2313.457118        0.386206
BFGS:  172 13:30:43    -2313.479624        0.379145
BFGS:  173 13:30:43    -2313.501656        0.372035
BFGS:  174 13:30:43    -2313.523251        0.364971
BFGS:  175 13:30:44    -2313.544389        0.357872
BFGS:  176 13:30:44    -2313.565084        0.350771
BFGS:  177 13:30:44    -2313.585325        0.343703
BFGS:  178 13:30:44    -2313.605147        0.336673
BFGS:  179 13:30:45    -2313.624527        0.329708
BFGS:  180 13:30:45    -2313.643513        0.322827
BFGS:  181 13:30:45    -2313.662065        0.315978
BFGS:  182 13:30:45    -2313.680235        0.309228
BFGS:  183 13:30:45    -2313.697993        0.302525
BFGS:  184 13:30:46    -2313.715382        0.295957
BFGS:  185 13:30:46    -2313.732383        0.289462
BFGS:  186 13:30:46    -2313.749029        0.283114
BFGS:  187 13:30:46    -2313.765314        0.276809
BFGS:  188 13:30:47    -2313.781245        0.270653
BFGS:  189 13:30:47    -2313.796849        0.264583
BFGS:  190 13:30:47    -2313.812105        0.258615
BFGS:  191 13:30:47    -2313.827063        0.252820
BFGS:  192 13:30:47    -2313.841691        0.247103
BFGS:  193 13:30:48    -2313.856033        0.241535
BFGS:  194 13:30:48    -2313.870064        0.235996
BFGS:  195 13:30:48    -2313.883817        0.230669
BFGS:  196 13:30:48    -2313.897293        0.225457
BFGS:  197 13:30:49    -2313.910501        0.220301
BFGS:  198 13:30:49    -2313.923438        0.215274
BFGS:  199 13:30:49    -2313.936132        0.210387
BFGS:  200 13:30:49    -2313.948568        0.205563
