      Step     Time          Energy          fmax
BFGS:    0 13:02:11    -2879.520206       10.684608
BFGS:    1 13:02:12    -2889.654199        7.888581
BFGS:    2 13:02:13    -2894.480613        6.863534
BFGS:    3 13:02:14    -2896.481359        4.207962
BFGS:    4 13:02:14    -2897.858864        2.333240
BFGS:    5 13:02:15    -2898.539138        2.291898
BFGS:    6 13:02:16    -2899.065567        1.596298
BFGS:    7 13:02:16    -2899.448187        1.284470
BFGS:    8 13:02:17    -2899.724586        1.263760
BFGS:    9 13:02:17    -2900.045542        1.834718
BFGS:   10 13:02:18    -2900.484897        1.722239
BFGS:   11 13:02:19    -2900.794236        1.193394
BFGS:   12 13:02:19    -2901.014111        1.000066
BFGS:   13 13:02:20    -2901.242265        1.047766
BFGS:   14 13:02:21    -2901.501565        1.298430
BFGS:   15 13:02:22    -2901.844212        2.045262
BFGS:   16 13:02:22    -2902.193959        2.379536
BFGS:   17 13:02:23    -2902.643745        1.170646
BFGS:   18 13:02:24    -2903.114733        1.884486
BFGS:   19 13:02:24    -2903.302154        0.909139
BFGS:   20 13:02:25    -2903.613073        0.608929
BFGS:   21 13:02:25    -2903.766618        0.776443
BFGS:   22 13:02:26    -2904.049571        1.609140
BFGS:   23 13:02:27    -2904.984767        2.690199
BFGS:   24 13:02:27    -2904.913893        5.400746
BFGS:   25 13:02:28    -2905.730589        2.187169
BFGS:   26 13:02:29    -2905.912247        1.741081
BFGS:   27 13:02:29    -2906.093645        1.481279
BFGS:   28 13:02:30    -2906.176235        0.547760
BFGS:   29 13:02:30    -2906.231160        0.509748
BFGS:   30 13:02:31    -2906.256180        0.500763
BFGS:   31 13:02:31    -2906.293513        0.307542
BFGS:   32 13:02:31    -2906.305009        0.319363
BFGS:   33 13:02:32    -2906.319065        0.243094
BFGS:   34 13:02:32    -2906.330472        0.210420
BFGS:   35 13:02:33    -2906.335559        0.145029
BFGS:   36 13:02:33    -2906.339809        0.124476
BFGS:   37 13:02:34    -2906.344994        0.215715
BFGS:   38 13:02:34    -2906.351878        0.275565
BFGS:   39 13:02:35    -2906.359154        0.196493
BFGS:   40 13:02:35    -2906.366765        0.214888
BFGS:   41 13:02:36    -2906.375515        0.217027
BFGS:   42 13:02:36    -2906.386235        0.235285
BFGS:   43 13:02:37    -2906.399659        0.281885
BFGS:   44 13:02:37    -2906.415680        0.266598
BFGS:   45 13:02:37    -2906.434034        0.338803
BFGS:   46 13:02:38    -2906.454251        0.349158
BFGS:   47 13:02:38    -2906.476427        0.303366
BFGS:   48 13:02:39    -2906.498345        0.293164
BFGS:   49 13:02:39    -2906.516708        0.256827
BFGS:   50 13:02:40    -2906.529523        0.199923
BFGS:   51 13:02:40    -2906.537674        0.147131
BFGS:   52 13:02:41    -2906.543071        0.150032
BFGS:   53 13:02:41    -2906.547954        0.129004
BFGS:   54 13:02:41    -2906.553193        0.133887
BFGS:   55 13:02:42    -2906.558224        0.134326
BFGS:   56 13:02:42    -2906.562477        0.151251
BFGS:   57 13:02:43    -2906.566290        0.155463
BFGS:   58 13:02:43    -2906.570850        0.148360
BFGS:   59 13:02:43    -2906.577663        0.234902
BFGS:   60 13:02:44    -2906.587406        0.295585
BFGS:   61 13:02:44    -2906.599434        0.283574
BFGS:   62 13:02:45    -2906.612424        0.218404
BFGS:   63 13:02:45    -2906.626139        0.204180
BFGS:   64 13:02:46    -2906.641040        0.198857
BFGS:   65 13:02:46    -2906.657171        0.249704
BFGS:   66 13:02:47    -2906.673287        0.226544
BFGS:   67 13:02:47    -2906.686942        0.256336
BFGS:   68 13:02:47    -2906.698988        0.204757
BFGS:   69 13:02:48    -2906.708745        0.141941
BFGS:   70 13:02:48    -2906.715339        0.128476
BFGS:   71 13:02:49    -2906.718504        0.090215
BFGS:   72 13:02:49    -2906.721134        0.086675
BFGS:   73 13:02:49    -2906.723841        0.073157
BFGS:   74 13:02:50    -2906.725899        0.061863
BFGS:   75 13:02:50    -2906.726998        0.040651
BFGS:   76 13:02:50    -2906.727539        0.049796
BFGS:   77 13:02:51    -2906.727967        0.049895
BFGS:   78 13:02:51    -2906.728407        0.032586
BFGS:   79 13:02:51    -2906.728787        0.022176
BFGS:   80 13:02:52    -2906.729010        0.021662
BFGS:   81 13:02:52    -2906.729187        0.027350
BFGS:   82 13:02:52    -2906.729363        0.023472
BFGS:   83 13:02:53    -2906.729565        0.024072
BFGS:   84 13:02:53    -2906.729743        0.024372
BFGS:   85 13:02:53    -2906.729870        0.014493
BFGS:   86 13:02:54    -2906.729952        0.016044
BFGS:   87 13:02:54    -2906.730016        0.014335
BFGS:   88 13:02:54    -2906.730079        0.015303
BFGS:   89 13:02:55    -2906.730127        0.012941
BFGS:   90 13:02:55    -2906.730155        0.010558
BFGS:   91 13:02:55    -2906.730189        0.011877
BFGS:   92 13:02:56    -2906.730241        0.012434
BFGS:   93 13:02:56    -2906.730315        0.014474
BFGS:   94 13:02:56    -2906.730400        0.015015
BFGS:   95 13:02:57    -2906.730501        0.014077
BFGS:   96 13:02:57    -2906.730638        0.021285
BFGS:   97 13:02:57    -2906.730866        0.031922
BFGS:   98 13:02:57    -2906.731276        0.039990
BFGS:   99 13:02:58    -2906.731864        0.047535
BFGS:  100 13:02:58    -2906.732517        0.048976
BFGS:  101 13:02:59    -2906.733054        0.044026
BFGS:  102 13:02:59    -2906.733442        0.041048
BFGS:  103 13:02:59    -2906.733924        0.041973
BFGS:  104 13:03:00    -2906.734519        0.048039
BFGS:  105 13:03:00    -2906.735143        0.058376
BFGS:  106 13:03:00    -2906.735726        0.063542
BFGS:  107 13:03:01    -2906.736301        0.060395
BFGS:  108 13:03:01    -2906.736904        0.049021
BFGS:  109 13:03:01    -2906.737445        0.037164
BFGS:  110 13:03:02    -2906.737813        0.033561
BFGS:  111 13:03:02    -2906.738047        0.028135
BFGS:  112 13:03:02    -2906.738241        0.031280
BFGS:  113 13:03:03    -2906.738433        0.028613
BFGS:  114 13:03:03    -2906.738612        0.022210
BFGS:  115 13:03:03    -2906.738758        0.024576
BFGS:  116 13:03:04    -2906.738901        0.021614
BFGS:  117 13:03:04    -2906.739048        0.023615
BFGS:  118 13:03:04    -2906.739170        0.017419
BFGS:  119 13:03:05    -2906.739242        0.018481
BFGS:  120 13:03:05    -2906.739296        0.019886
BFGS:  121 13:03:05    -2906.739347        0.019406
BFGS:  122 13:03:05    -2906.739405        0.017690
BFGS:  123 13:03:06    -2906.739478        0.017867
BFGS:  124 13:03:06    -2906.739557        0.019125
BFGS:  125 13:03:06    -2906.739634        0.020069
BFGS:  126 13:03:07    -2906.739685        0.018712
BFGS:  127 13:03:07    -2906.739717        0.017134
BFGS:  128 13:03:07    -2906.739744        0.016738
BFGS:  129 13:03:07    -2906.739775        0.018130
BFGS:  130 13:03:08    -2906.739813        0.020282
BFGS:  131 13:03:08    -2906.739851        0.020110
BFGS:  132 13:03:08    -2906.739884        0.017609
BFGS:  133 13:03:09    -2906.739912        0.017531
BFGS:  134 13:03:09    -2906.739941        0.020705
BFGS:  135 13:03:09    -2906.739971        0.023838
BFGS:  136 13:03:10    -2906.739998        0.025842
BFGS:  137 13:03:10    -2906.740021        0.025329
BFGS:  138 13:03:10    -2906.740043        0.022897
BFGS:  139 13:03:11    -2906.740069        0.019309
BFGS:  140 13:03:11    -2906.740103        0.021362
BFGS:  141 13:03:11    -2906.740142        0.021802
BFGS:  142 13:03:11    -2906.740178        0.022188
BFGS:  143 13:03:12    -2906.740206        0.018445
BFGS:  144 13:03:12    -2906.740226        0.017262
BFGS:  145 13:03:12    -2906.740241        0.018297
BFGS:  146 13:03:13    -2906.740258        0.020702
BFGS:  147 13:03:13    -2906.740291        0.020835
BFGS:  148 13:03:13    -2906.740321        0.021580
BFGS:  149 13:03:13    -2906.740345        0.019646
BFGS:  150 13:03:14    -2906.740359        0.016900
BFGS:  151 13:03:14    -2906.740369        0.017961
BFGS:  152 13:03:14    -2906.740381        0.017947
BFGS:  153 13:03:14    -2906.740399        0.017946
BFGS:  154 13:03:15    -2906.740419        0.017920
BFGS:  155 13:03:15    -2906.740438        0.017508
BFGS:  156 13:03:15    -2906.740456        0.017491
BFGS:  157 13:03:16    -2906.740472        0.017965
BFGS:  158 13:03:16    -2906.740496        0.018177
BFGS:  159 13:03:16    -2906.740534        0.019759
BFGS:  160 13:03:16    -2906.740584        0.021119
BFGS:  161 13:03:17    -2906.740636        0.022308
BFGS:  162 13:03:17    -2906.740690        0.022164
BFGS:  163 13:03:17    -2906.740756        0.021170
BFGS:  164 13:03:18    -2906.740860        0.022705
BFGS:  165 13:03:18    -2906.740949        0.022299
BFGS:  166 13:03:18    -2906.741009        0.023356
BFGS:  167 13:03:19    -2906.741047        0.022260
BFGS:  168 13:03:19    -2906.741097        0.020206
BFGS:  169 13:03:19    -2906.741119        0.019202
BFGS:  170 13:03:19    -2906.741106        0.018122
BFGS:  171 13:03:20    -2906.741115        0.017812
BFGS:  172 13:03:20    -2906.741118        0.018176
BFGS:  173 13:03:20    -2906.741123        0.018445
BFGS:  174 13:03:20    -2906.741128        0.019013
BFGS:  175 13:03:21    -2906.741135        0.018356
BFGS:  176 13:03:21    -2906.741140        0.017281
BFGS:  177 13:03:21    -2906.741147        0.016288
BFGS:  178 13:03:21    -2906.741152        0.017478
BFGS:  179 13:03:22    -2906.741158        0.017345
BFGS:  180 13:03:22    -2906.741164        0.016731
BFGS:  181 13:03:22    -2906.741170        0.017960
BFGS:  182 13:03:22    -2906.741177        0.019085
BFGS:  183 13:03:23    -2906.741187        0.019651
BFGS:  184 13:03:23    -2906.741225        0.019829
BFGS:  185 13:03:23    -2906.741247        0.018550
BFGS:  186 13:03:23    -2906.741261        0.020560
BFGS:  187 13:03:24    -2906.741264        0.020320
BFGS:  188 13:03:24    -2906.741272        0.018908
BFGS:  189 13:03:24    -2906.741266        0.019421
BFGS:  190 13:03:25    -2906.741285        0.020938
BFGS:  191 13:03:25    -2906.741307        0.022455
BFGS:  192 13:03:25    -2906.741334        0.023193
BFGS:  193 13:03:25    -2906.741414        0.021282
BFGS:  194 13:03:26    -2906.741464        0.021727
BFGS:  195 13:03:26    -2906.741487        0.018795
BFGS:  196 13:03:26    -2906.741521        0.018777
BFGS:  197 13:03:26    -2906.741549        0.018856
BFGS:  198 13:03:27    -2906.741588        0.019389
BFGS:  199 13:03:27    -2906.741657        0.022717
BFGS:  200 13:03:27    -2906.741753        0.025513
