      Step     Time          Energy          fmax
BFGS:    0 14:01:16    -2012.399428      429.333614
BFGS:    1 14:01:17    -2092.308795       43.349392
BFGS:    2 14:01:17    -2106.463408       62.739261
BFGS:    3 14:01:18    -2114.061056       39.334835
BFGS:    4 14:01:18    -2117.519842       15.668202
BFGS:    5 14:01:19    -2120.947370        9.556146
BFGS:    6 14:01:19    -2122.515249        6.168186
BFGS:    7 14:01:20    -2124.482233        4.238568
BFGS:    8 14:01:20    -2125.705512        4.647330
BFGS:    9 14:01:21    -2125.986556        7.200054
BFGS:   10 14:01:21    -2126.691425        2.724321
BFGS:   11 14:01:21    -2127.009619        2.470237
BFGS:   12 14:01:22    -2127.318006        2.554336
BFGS:   13 14:01:22    -2127.534660        2.873306
BFGS:   14 14:01:23    -2127.629959        2.728622
BFGS:   15 14:01:23    -2127.753706        2.140868
BFGS:   16 14:01:24    -2127.864826        1.507375
BFGS:   17 14:01:24    -2127.944382        1.222588
BFGS:   18 14:01:24    -2128.009226        0.820828
BFGS:   19 14:01:25    -2128.061742        0.428498
BFGS:   20 14:01:25    -2128.108492        0.540132
BFGS:   21 14:01:26    -2128.167854        0.889815
BFGS:   22 14:01:26    -2128.251253        1.511411
BFGS:   23 14:01:27    -2128.368738        2.169237
BFGS:   24 14:01:27    -2128.492822        2.291571
BFGS:   25 14:01:28    -2128.699601        1.794463
BFGS:   26 14:01:28    -2128.894067        1.515780
BFGS:   27 14:01:29    -2129.086084        1.428683
BFGS:   28 14:01:30    -2129.283392        1.696083
BFGS:   29 14:01:30    -2129.413035        1.890479
BFGS:   30 14:01:31    -2129.531975        1.643563
BFGS:   31 14:01:31    -2129.599792        1.423583
BFGS:   32 14:01:32    -2129.673729        0.953765
BFGS:   33 14:01:32    -2129.735008        0.521998
BFGS:   34 14:01:33    -2129.772990        0.389248
BFGS:   35 14:01:33    -2129.794865        0.371258
BFGS:   36 14:01:33    -2129.812724        0.280599
BFGS:   37 14:01:34    -2129.831106        0.341603
BFGS:   38 14:01:34    -2129.853629        0.353153
BFGS:   39 14:01:34    -2129.880812        0.383201
BFGS:   40 14:01:35    -2129.917926        0.479034
BFGS:   41 14:01:35    -2129.973281        0.921881
BFGS:   42 14:01:36    -2130.024241        1.103051
BFGS:   43 14:01:36    -2130.089876        0.754981
BFGS:   44 14:01:37    -2130.188560        1.453236
BFGS:   45 14:01:37    -2130.276206        2.469553
BFGS:   46 14:01:38    -2130.442845        2.359132
BFGS:   47 14:01:38    -2130.700952        1.970346
BFGS:   48 14:01:39    -2130.526454        7.358518
BFGS:   49 14:01:40    -2130.882838        2.354497
BFGS:   50 14:01:40    -2131.117481        1.431368
BFGS:   51 14:01:41    -2131.260213        0.927829
BFGS:   52 14:01:41    -2131.353270        1.092765
BFGS:   53 14:01:41    -2131.418065        1.158944
BFGS:   54 14:01:42    -2131.557072        0.746996
BFGS:   55 14:01:43    -2131.598717        0.522008
BFGS:   56 14:01:43    -2131.657540        0.506684
BFGS:   57 14:01:44    -2131.714432        0.594193
BFGS:   58 14:01:44    -2131.748871        0.858788
BFGS:   59 14:01:44    -2131.789866        1.077124
BFGS:   60 14:01:45    -2131.836302        1.084461
BFGS:   61 14:01:45    -2131.895255        1.136347
BFGS:   62 14:01:46    -2131.955130        0.946488
BFGS:   63 14:01:46    -2132.013595        0.676644
BFGS:   64 14:01:47    -2132.067846        0.488848
BFGS:   65 14:01:47    -2132.115600        0.498801
BFGS:   66 14:01:48    -2132.158347        0.470479
BFGS:   67 14:01:48    -2132.197301        0.438591
BFGS:   68 14:01:48    -2132.239437        0.543918
BFGS:   69 14:01:49    -2132.284326        0.707838
BFGS:   70 14:01:49    -2132.325453        0.596778
BFGS:   71 14:01:49    -2132.361135        0.351103
BFGS:   72 14:01:50    -2132.392142        0.300785
BFGS:   73 14:01:50    -2132.417291        0.354838
BFGS:   74 14:01:50    -2132.436165        0.306963
BFGS:   75 14:01:51    -2132.450129        0.318017
BFGS:   76 14:01:51    -2132.460667        0.374025
BFGS:   77 14:01:51    -2132.468750        0.283915
BFGS:   78 14:01:52    -2132.474526        0.197809
BFGS:   79 14:01:52    -2132.479142        0.150919
BFGS:   80 14:01:52    -2132.483441        0.151719
BFGS:   81 14:01:53    -2132.487945        0.200305
BFGS:   82 14:01:53    -2132.493191        0.212770
BFGS:   83 14:01:53    -2132.499219        0.209810
BFGS:   84 14:01:53    -2132.505740        0.180483
BFGS:   85 14:01:54    -2132.512338        0.176638
BFGS:   86 14:01:54    -2132.519410        0.197362
BFGS:   87 14:01:54    -2132.528272        0.315725
BFGS:   88 14:01:55    -2132.541224        0.346058
BFGS:   89 14:01:55    -2132.560485        0.382991
BFGS:   90 14:01:55    -2132.585194        0.503274
BFGS:   91 14:01:56    -2132.611810        0.455088
BFGS:   92 14:01:56    -2132.636102        0.277684
BFGS:   93 14:01:56    -2132.646469        0.159179
BFGS:   94 14:01:57    -2132.650960        0.165983
BFGS:   95 14:01:57    -2132.653750        0.137185
BFGS:   96 14:01:57    -2132.656144        0.125587
BFGS:   97 14:01:58    -2132.658563        0.108096
BFGS:   98 14:01:58    -2132.660771        0.100084
BFGS:   99 14:01:58    -2132.662629        0.110794
BFGS:  100 14:01:58    -2132.664802        0.131567
BFGS:  101 14:01:59    -2132.667573        0.158401
BFGS:  102 14:01:59    -2132.671175        0.228948
BFGS:  103 14:01:59    -2132.675786        0.251758
BFGS:  104 14:02:00    -2132.681477        0.213893
BFGS:  105 14:02:00    -2132.687937        0.263190
BFGS:  106 14:02:00    -2132.694440        0.226231
BFGS:  107 14:02:01    -2132.700303        0.123553
BFGS:  108 14:02:01    -2132.705526        0.138441
BFGS:  109 14:02:01    -2132.711728        0.231229
BFGS:  110 14:02:02    -2132.710933        0.606555
BFGS:  111 14:02:02    -2132.726871        0.327572
BFGS:  112 14:02:03    -2132.739077        0.366274
BFGS:  113 14:02:03    -2132.716341        0.788496
BFGS:  114 14:02:04    -2132.768469        0.342606
BFGS:  115 14:02:04    -2132.778211        0.273774
BFGS:  116 14:02:04    -2132.792205        0.296403
BFGS:  117 14:02:05    -2132.801926        0.322417
BFGS:  118 14:02:05    -2132.822280        0.193016
BFGS:  119 14:02:05    -2132.826942        0.169286
BFGS:  120 14:02:06    -2132.831489        0.117880
BFGS:  121 14:02:06    -2132.834736        0.109079
BFGS:  122 14:02:06    -2132.836869        0.098175
BFGS:  123 14:02:07    -2132.838994        0.087896
BFGS:  124 14:02:07    -2132.840486        0.071365
BFGS:  125 14:02:07    -2132.841474        0.058479
BFGS:  126 14:02:07    -2132.842233        0.058120
BFGS:  127 14:02:08    -2132.843011        0.064720
BFGS:  128 14:02:08    -2132.843788        0.064571
BFGS:  129 14:02:08    -2132.844350        0.047289
BFGS:  130 14:02:09    -2132.844852        0.048114
BFGS:  131 14:02:09    -2132.845487        0.057785
BFGS:  132 14:02:09    -2132.846287        0.075170
BFGS:  133 14:02:09    -2132.847081        0.070160
BFGS:  134 14:02:10    -2132.847613        0.039559
BFGS:  135 14:02:10    -2132.847929        0.032638
BFGS:  136 14:02:10    -2132.848188        0.034101
BFGS:  137 14:02:10    -2132.848453        0.040484
BFGS:  138 14:02:11    -2132.848661        0.027619
BFGS:  139 14:02:11    -2132.848802        0.025891
BFGS:  140 14:02:11    -2132.848914        0.019303
BFGS:  141 14:02:12    -2132.849043        0.025637
BFGS:  142 14:02:12    -2132.849212        0.029733
BFGS:  143 14:02:12    -2132.849435        0.029359
BFGS:  144 14:02:12    -2132.849699        0.042221
BFGS:  145 14:02:13    -2132.849993        0.039108
BFGS:  146 14:02:13    -2132.850296        0.047617
BFGS:  147 14:02:13    -2132.850592        0.036238
BFGS:  148 14:02:13    -2132.850898        0.035026
BFGS:  149 14:02:14    -2132.851201        0.040521
BFGS:  150 14:02:14    -2132.851421        0.043470
BFGS:  151 14:02:14    -2132.851683        0.030263
BFGS:  152 14:02:14    -2132.851901        0.034285
BFGS:  153 14:02:15    -2132.852085        0.027402
BFGS:  154 14:02:15    -2132.852267        0.030878
BFGS:  155 14:02:15    -2132.852484        0.035236
BFGS:  156 14:02:15    -2132.852784        0.045994
BFGS:  157 14:02:16    -2132.853206        0.050233
BFGS:  158 14:02:16    -2132.853769        0.055904
BFGS:  159 14:02:16    -2132.854420        0.065549
BFGS:  160 14:02:17    -2132.855276        0.073081
BFGS:  161 14:02:17    -2132.856562        0.079897
BFGS:  162 14:02:17    -2132.858784        0.163548
BFGS:  163 14:02:18    -2132.860988        0.282910
BFGS:  164 14:02:18    -2132.855617        0.692769
BFGS:  165 14:02:19    -2132.865528        0.186360
BFGS:  166 14:02:19    -2132.866986        0.066489
BFGS:  167 14:02:19    -2132.868480        0.110738
BFGS:  168 14:02:20    -2132.868881        0.044194
BFGS:  169 14:02:20    -2132.869150        0.040079
BFGS:  170 14:02:20    -2132.869609        0.061135
BFGS:  171 14:02:20    -2132.869799        0.036758
BFGS:  172 14:02:21    -2132.870006        0.027005
BFGS:  173 14:02:21    -2132.870103        0.013865
BFGS:  174 14:02:21    -2132.870157        0.021566
BFGS:  175 14:02:21    -2132.870198        0.013361
BFGS:  176 14:02:22    -2132.870246        0.016556
BFGS:  177 14:02:22    -2132.870283        0.008878
