      Step     Time          Energy          fmax
BFGS:    0 14:16:11    -2432.852858        9.222973
BFGS:    1 14:16:12    -2440.814447        7.428359
BFGS:    2 14:16:12    -2441.547887       18.995242
BFGS:    3 14:16:13    -2444.505574        5.047235
BFGS:    4 14:16:13    -2445.185834        3.048387
BFGS:    5 14:16:14    -2445.599469        3.171133
BFGS:    6 14:16:14    -2445.738854        1.065334
BFGS:    7 14:16:15    -2445.840184        0.629209
BFGS:    8 14:16:15    -2445.911343        0.705350
BFGS:    9 14:16:16    -2445.942986        0.429826
BFGS:   10 14:16:16    -2445.980541        0.285150
BFGS:   11 14:16:16    -2446.000048        0.391253
BFGS:   12 14:16:17    -2446.022524        0.373144
BFGS:   13 14:16:17    -2446.044674        0.345857
BFGS:   14 14:16:18    -2446.082423        0.579321
BFGS:   15 14:16:18    -2446.133781        0.842893
BFGS:   16 14:16:19    -2446.198249        0.906774
BFGS:   17 14:16:19    -2446.278519        0.686035
BFGS:   18 14:16:19    -2446.350569        0.399756
BFGS:   19 14:16:20    -2446.395428        0.463521
BFGS:   20 14:16:20    -2446.442790        0.565527
BFGS:   21 14:16:21    -2446.477298        0.555618
BFGS:   22 14:16:21    -2446.495973        0.406092
BFGS:   23 14:16:21    -2446.506988        0.317755
BFGS:   24 14:16:22    -2446.518712        0.302703
BFGS:   25 14:16:22    -2446.536556        0.306201
BFGS:   26 14:16:22    -2446.549282        0.297741
BFGS:   27 14:16:23    -2446.560736        0.164568
BFGS:   28 14:16:23    -2446.570000        0.156489
BFGS:   29 14:16:23    -2446.579047        0.254311
BFGS:   30 14:16:24    -2446.587397        0.271111
BFGS:   31 14:16:24    -2446.594568        0.164373
BFGS:   32 14:16:24    -2446.601016        0.147881
BFGS:   33 14:16:25    -2446.607839        0.181538
BFGS:   34 14:16:25    -2446.615253        0.209252
BFGS:   35 14:16:25    -2446.623084        0.156366
BFGS:   36 14:16:26    -2446.631412        0.190154
BFGS:   37 14:16:26    -2446.642312        0.202738
BFGS:   38 14:16:26    -2446.662253        0.445783
BFGS:   39 14:16:27    -2446.713703        0.887745
BFGS:   40 14:16:27    -2446.793269        1.398012
BFGS:   41 14:16:28    -2446.869706        1.948734
BFGS:   42 14:16:28    -2446.972459        2.535790
BFGS:   43 14:16:28    -2446.978981        3.210918
BFGS:   44 14:16:29    -2447.152460        2.637223
BFGS:   45 14:16:29    -2447.413951        2.441117
BFGS:   46 14:16:30    -2448.704753        2.081471
BFGS:   47 14:16:30    -2449.233239        3.323296
BFGS:   48 14:16:30    -2449.389542        2.022071
BFGS:   49 14:16:31    -2450.002818        1.187114
BFGS:   50 14:16:31    -2450.206125        0.840841
BFGS:   51 14:16:31    -2450.326064        0.477563
BFGS:   52 14:16:32    -2450.430333        0.610081
BFGS:   53 14:16:32    -2450.493818        0.649660
BFGS:   54 14:16:32    -2450.588679        0.574980
BFGS:   55 14:16:33    -2450.670920        0.400187
BFGS:   56 14:16:33    -2450.739505        0.412963
BFGS:   57 14:16:33    -2450.784892        0.511352
BFGS:   58 14:16:34    -2450.831205        0.526798
BFGS:   59 14:16:34    -2450.885180        0.377284
BFGS:   60 14:16:34    -2450.938583        0.407503
BFGS:   61 14:16:35    -2450.982240        0.351001
BFGS:   62 14:16:35    -2451.012433        0.361556
BFGS:   63 14:16:35    -2451.032637        0.223607
BFGS:   64 14:16:35    -2451.045352        0.178622
BFGS:   65 14:16:36    -2451.053422        0.165243
BFGS:   66 14:16:36    -2451.058899        0.214604
BFGS:   67 14:16:36    -2451.062580        0.179519
BFGS:   68 14:16:36    -2451.064700        0.087245
BFGS:   69 14:16:37    -2451.066212        0.067622
BFGS:   70 14:16:37    -2451.067836        0.108814
BFGS:   71 14:16:37    -2451.069372        0.129476
BFGS:   72 14:16:37    -2451.070448        0.098943
BFGS:   73 14:16:38    -2451.071021        0.046634
BFGS:   74 14:16:38    -2451.071440        0.036670
BFGS:   75 14:16:38    -2451.071923        0.054175
BFGS:   76 14:16:38    -2451.072522        0.075922
BFGS:   77 14:16:38    -2451.073084        0.062015
BFGS:   78 14:16:39    -2451.073481        0.027454
BFGS:   79 14:16:39    -2451.073704        0.020006
BFGS:   80 14:16:39    -2451.073853        0.023973
BFGS:   81 14:16:39    -2451.074003        0.026578
BFGS:   82 14:16:39    -2451.074210        0.023712
BFGS:   83 14:16:40    -2451.074524        0.032315
BFGS:   84 14:16:40    -2451.074985        0.040119
BFGS:   85 14:16:40    -2451.075572        0.046104
BFGS:   86 14:16:40    -2451.076212        0.042507
BFGS:   87 14:16:40    -2451.076907        0.044508
BFGS:   88 14:16:41    -2451.077746        0.047569
BFGS:   89 14:16:41    -2451.078859        0.057949
BFGS:   90 14:16:41    -2451.080142        0.063344
BFGS:   91 14:16:41    -2451.081299        0.074998
BFGS:   92 14:16:42    -2451.082202        0.075694
BFGS:   93 14:16:42    -2451.083035        0.079472
BFGS:   94 14:16:42    -2451.083960        0.082717
BFGS:   95 14:16:42    -2451.084943        0.087232
BFGS:   96 14:16:43    -2451.085884        0.092368
BFGS:   97 14:16:43    -2451.086934        0.096347
BFGS:   98 14:16:43    -2451.088565        0.100717
BFGS:   99 14:16:43    -2451.091484        0.121242
BFGS:  100 14:16:44    -2451.097354        0.165943
BFGS:  101 14:16:44    -2451.115200        0.263761
BFGS:  102 14:16:44    -2451.249106        0.421346
BFGS:  103 14:16:45    -2451.710175        1.734802
BFGS:  104 14:16:45    -2451.989702        3.289811
BFGS:  105 14:16:46    -2452.369530        3.041574
BFGS:  106 14:16:46    -2452.835415        2.959209
BFGS:  107 14:16:46    -2453.358127        1.807949
BFGS:  108 14:16:46    -2453.638091        1.368241
BFGS:  109 14:16:47    -2454.090179        0.912242
BFGS:  110 14:16:47    -2454.392275        0.631541
BFGS:  111 14:16:47    -2454.442507        0.579382
BFGS:  112 14:16:47    -2454.485433        0.456204
BFGS:  113 14:16:48    -2454.547303        0.423528
BFGS:  114 14:16:48    -2454.588742        0.441792
BFGS:  115 14:16:48    -2454.658224        0.609091
BFGS:  116 14:16:48    -2454.704768        0.599013
BFGS:  117 14:16:49    -2454.761907        0.489923
BFGS:  118 14:16:49    -2454.810834        0.495864
BFGS:  119 14:16:49    -2454.867560        0.454752
BFGS:  120 14:16:49    -2454.923038        0.533530
BFGS:  121 14:16:49    -2454.981406        0.540274
BFGS:  122 14:16:50    -2455.032220        0.408183
BFGS:  123 14:16:50    -2455.074892        0.239462
BFGS:  124 14:16:50    -2455.097549        0.189213
BFGS:  125 14:16:50    -2455.105841        0.172002
BFGS:  126 14:16:50    -2455.110879        0.179323
BFGS:  127 14:16:51    -2455.116179        0.166331
BFGS:  128 14:16:51    -2455.120720        0.153449
BFGS:  129 14:16:51    -2455.123978        0.156495
BFGS:  130 14:16:51    -2455.125867        0.158583
BFGS:  131 14:16:51    -2455.127331        0.156238
BFGS:  132 14:16:51    -2455.128935        0.149136
BFGS:  133 14:16:52    -2455.131021        0.139473
BFGS:  134 14:16:52    -2455.133181        0.129209
BFGS:  135 14:16:52    -2455.134692        0.125373
BFGS:  136 14:16:52    -2455.135463        0.126392
BFGS:  137 14:16:52    -2455.136012        0.127496
BFGS:  138 14:16:52    -2455.136705        0.125060
BFGS:  139 14:16:53    -2455.137636        0.116369
BFGS:  140 14:16:53    -2455.138565        0.101110
BFGS:  141 14:16:53    -2455.139097        0.088576
BFGS:  142 14:16:53    -2455.139312        0.083515
BFGS:  143 14:16:53    -2455.139435        0.082265
BFGS:  144 14:16:53    -2455.139549        0.081948
BFGS:  145 14:16:53    -2455.139666        0.082143
BFGS:  146 14:16:53    -2455.139784        0.081769
BFGS:  147 14:16:54    -2455.139888        0.080646
BFGS:  148 14:16:54    -2455.139980        0.078304
BFGS:  149 14:16:54    -2455.140067        0.075690
BFGS:  150 14:16:54    -2455.140154        0.073079
BFGS:  151 14:16:54    -2455.140239        0.071747
BFGS:  152 14:16:54    -2455.140313        0.071530
BFGS:  153 14:16:54    -2455.140377        0.072514
BFGS:  154 14:16:54    -2455.140431        0.073481
BFGS:  155 14:16:55    -2455.140478        0.074208
BFGS:  156 14:16:55    -2455.140524        0.074036
BFGS:  157 14:16:55    -2455.140566        0.073408
BFGS:  158 14:16:55    -2455.140602        0.072432
BFGS:  159 14:16:55    -2455.140627        0.071966
BFGS:  160 14:16:55    -2455.140643        0.071830
BFGS:  161 14:16:55    -2455.140654        0.072140
BFGS:  162 14:16:55    -2455.140662        0.072264
BFGS:  163 14:16:55    -2455.140668        0.072266
BFGS:  164 14:16:56    -2455.140674        0.071898
BFGS:  165 14:16:56    -2455.140681        0.071187
BFGS:  166 14:16:56    -2455.140686        0.070332
BFGS:  167 14:16:56    -2455.140691        0.069697
BFGS:  168 14:16:56    -2455.140696        0.069153
BFGS:  169 14:16:56    -2455.140703        0.068838
BFGS:  170 14:16:56    -2455.140713        0.068610
BFGS:  171 14:16:56    -2455.140730        0.068652
BFGS:  172 14:16:56    -2455.140754        0.068923
BFGS:  173 14:16:56    -2455.140783        0.069274
BFGS:  174 14:16:57    -2455.140815        0.069581
BFGS:  175 14:16:57    -2455.140841        0.069713
BFGS:  176 14:16:57    -2455.140861        0.069780
BFGS:  177 14:16:57    -2455.140881        0.069823
BFGS:  178 14:16:57    -2455.140910        0.070052
BFGS:  179 14:16:57    -2455.140951        0.070365
BFGS:  180 14:16:57    -2455.141010        0.070767
BFGS:  181 14:16:57    -2455.141072        0.070935
BFGS:  182 14:16:57    -2455.141130        0.070713
BFGS:  183 14:16:58    -2455.141175        0.070037
BFGS:  184 14:16:58    -2455.141216        0.069199
BFGS:  185 14:16:58    -2455.141256        0.068235
BFGS:  186 14:16:58    -2455.141302        0.067239
BFGS:  187 14:16:58    -2455.141361        0.066284
BFGS:  188 14:16:58    -2455.141437        0.067560
BFGS:  189 14:16:58    -2455.141541        0.068515
BFGS:  190 14:16:58    -2455.141699        0.069815
BFGS:  191 14:16:59    -2455.141966        0.072492
BFGS:  192 14:16:59    -2455.142432        0.077328
BFGS:  193 14:16:59    -2455.143157        0.083563
BFGS:  194 14:16:59    -2455.144085        0.089452
BFGS:  195 14:16:59    -2455.145022        0.093786
BFGS:  196 14:16:59    -2455.145951        0.095439
BFGS:  197 14:17:00    -2455.147072        0.092592
BFGS:  198 14:17:00    -2455.148638        0.080765
BFGS:  199 14:17:00    -2455.150315        0.058147
BFGS:  200 14:17:00    -2455.151450        0.045144
