      Step     Time          Energy          fmax
BFGS:    0 13:19:37     1085.975366     6665.929532
BFGS:    1 13:19:37    -1406.738715      864.208338
BFGS:    2 13:19:38    -1781.784943     1125.082189
BFGS:    3 13:19:39    -1941.714102      759.092992
BFGS:    4 13:19:39    -2038.457377      634.873757
BFGS:    5 13:19:40    -2058.378987      815.347278
BFGS:    6 13:19:40    -2099.394458      449.265204
BFGS:    7 13:19:41    -2154.804060      326.213704
BFGS:    8 13:19:41    -2200.454813      156.864041
BFGS:    9 13:19:42    -2223.339943      112.656736
BFGS:   10 13:19:42    -2240.606144       33.369615
BFGS:   11 13:19:43    -2251.550349       13.827145
BFGS:   12 13:19:43    -2257.636762       19.504896
BFGS:   13 13:19:44    -2261.219595       20.284727
BFGS:   14 13:19:45    -2265.900273       10.291133
BFGS:   15 13:19:45    -2268.478753        4.184765
BFGS:   16 13:19:46    -2269.788909        5.135686
BFGS:   17 13:19:46    -2270.575901        7.097695
BFGS:   18 13:19:46    -2271.109045        6.274888
BFGS:   19 13:19:47    -2271.526885        4.158344
BFGS:   20 13:19:47    -2271.882973        3.152934
BFGS:   21 13:19:48    -2272.018010        3.260680
BFGS:   22 13:19:48    -2272.208823        3.245867
BFGS:   23 13:19:48    -2272.418755        2.877360
BFGS:   24 13:19:49    -2272.605870        2.537724
BFGS:   25 13:19:49    -2272.767705        2.398700
BFGS:   26 13:19:49    -2272.893972        2.263308
BFGS:   27 13:19:50    -2273.038050        2.090661
BFGS:   28 13:19:50    -2273.192329        2.002943
BFGS:   29 13:19:51    -2273.303364        1.942121
BFGS:   30 13:19:51    -2273.389336        1.814536
BFGS:   31 13:19:51    -2273.470560        1.704861
BFGS:   32 13:19:52    -2273.550649        1.629451
BFGS:   33 13:19:52    -2273.646652        1.449322
BFGS:   34 13:19:52    -2273.754803        1.184247
BFGS:   35 13:19:53    -2273.839374        1.120676
BFGS:   36 13:19:53    -2273.956339        1.047614
BFGS:   37 13:19:53    -2274.049597        1.031242
BFGS:   38 13:19:54    -2274.127211        0.818523
BFGS:   39 13:19:54    -2274.187462        0.769730
BFGS:   40 13:19:55    -2274.222647        0.765254
BFGS:   41 13:19:55    -2274.246164        0.774248
BFGS:   42 13:19:55    -2274.266170        0.856874
BFGS:   43 13:19:56    -2274.290713        0.913723
BFGS:   44 13:19:56    -2274.318218        0.906244
BFGS:   45 13:19:56    -2274.343496        0.808530
BFGS:   46 13:19:57    -2274.362879        0.722833
BFGS:   47 13:19:57    -2274.383886        0.635067
BFGS:   48 13:19:57    -2274.412488        0.581217
BFGS:   49 13:19:58    -2274.442545        0.624474
BFGS:   50 13:19:58    -2274.465465        0.613641
BFGS:   51 13:19:58    -2274.483117        0.613985
BFGS:   52 13:19:59    -2274.497118        0.653440
BFGS:   53 13:19:59    -2274.510200        0.684191
BFGS:   54 13:19:59    -2274.524529        0.687942
BFGS:   55 13:20:00    -2274.539222        0.646740
BFGS:   56 13:20:00    -2274.554592        0.650748
BFGS:   57 13:20:00    -2274.574496        0.683649
BFGS:   58 13:20:01    -2274.607929        0.728229
BFGS:   59 13:20:01    -2274.668002        0.920752
BFGS:   60 13:20:02    -2274.693725        1.185214
BFGS:   61 13:20:02    -2274.759630        0.970780
BFGS:   62 13:20:03    -2274.874529        0.913435
BFGS:   63 13:20:03    -2274.952882        1.035063
BFGS:   64 13:20:03    -2275.007289        1.034261
BFGS:   65 13:20:04    -2275.051406        1.067780
BFGS:   66 13:20:04    -2275.104320        1.181280
BFGS:   67 13:20:05    -2275.154296        1.094269
BFGS:   68 13:20:05    -2275.185882        0.938887
BFGS:   69 13:20:05    -2275.212221        0.767864
BFGS:   70 13:20:06    -2275.233775        0.758466
BFGS:   71 13:20:06    -2275.256562        0.826490
BFGS:   72 13:20:07    -2275.278849        0.876784
BFGS:   73 13:20:07    -2275.294790        0.865223
BFGS:   74 13:20:07    -2275.309587        0.808705
BFGS:   75 13:20:08    -2275.324588        0.731494
BFGS:   76 13:20:08    -2275.342423        0.614675
BFGS:   77 13:20:08    -2275.360829        0.620998
BFGS:   78 13:20:09    -2275.378584        0.688329
BFGS:   79 13:20:09    -2275.395551        0.677077
BFGS:   80 13:20:09    -2275.412357        0.762929
BFGS:   81 13:20:10    -2275.426756        0.847256
BFGS:   82 13:20:10    -2275.439174        0.895970
BFGS:   83 13:20:10    -2275.450022        0.893333
BFGS:   84 13:20:11    -2275.463186        0.840011
BFGS:   85 13:20:11    -2275.477929        0.788288
BFGS:   86 13:20:11    -2275.494445        0.735808
BFGS:   87 13:20:12    -2275.510077        0.716616
BFGS:   88 13:20:12    -2275.525783        0.714891
BFGS:   89 13:20:12    -2275.542209        0.722901
BFGS:   90 13:20:13    -2275.557882        0.730111
BFGS:   91 13:20:13    -2275.569355        0.768399
BFGS:   92 13:20:13    -2275.577699        0.835851
BFGS:   93 13:20:14    -2275.585562        0.939527
BFGS:   94 13:20:14    -2275.593413        1.005084
BFGS:   95 13:20:14    -2275.600650        1.003835
BFGS:   96 13:20:15    -2275.607121        0.950133
BFGS:   97 13:20:15    -2275.613128        0.865180
BFGS:   98 13:20:15    -2275.619146        0.785863
BFGS:   99 13:20:15    -2275.625433        0.748636
BFGS:  100 13:20:16    -2275.632196        0.740055
BFGS:  101 13:20:16    -2275.639472        0.756323
BFGS:  102 13:20:16    -2275.646809        0.810328
BFGS:  103 13:20:17    -2275.653544        0.890256
BFGS:  104 13:20:17    -2275.660139        0.956649
BFGS:  105 13:20:17    -2275.667551        0.969018
BFGS:  106 13:20:18    -2275.676177        0.917021
BFGS:  107 13:20:18    -2275.684985        0.810173
BFGS:  108 13:20:18    -2275.692590        0.729815
BFGS:  109 13:20:19    -2275.699108        0.684454
BFGS:  110 13:20:19    -2275.705838        0.688447
BFGS:  111 13:20:19    -2275.713692        0.740878
BFGS:  112 13:20:19    -2275.724243        0.839289
BFGS:  113 13:20:20    -2275.738382        0.976904
BFGS:  114 13:20:20    -2275.748160        1.025035
BFGS:  115 13:20:20    -2275.758422        1.035448
BFGS:  116 13:20:21    -2275.767064        0.995527
BFGS:  117 13:20:21    -2275.773953        0.951371
BFGS:  118 13:20:21    -2275.778869        0.920383
BFGS:  119 13:20:22    -2275.782514        0.900373
BFGS:  120 13:20:22    -2275.785340        0.894291
BFGS:  121 13:20:22    -2275.787604        0.913589
BFGS:  122 13:20:23    -2275.789659        0.944773
BFGS:  123 13:20:23    -2275.791306        0.954033
BFGS:  124 13:20:23    -2275.793007        0.948012
BFGS:  125 13:20:23    -2275.794686        0.929666
BFGS:  126 13:20:24    -2275.796692        0.903556
BFGS:  127 13:20:24    -2275.799224        0.871526
BFGS:  128 13:20:24    -2275.802300        0.844571
BFGS:  129 13:20:24    -2275.805506        0.831797
BFGS:  130 13:20:25    -2275.808667        0.805967
BFGS:  131 13:20:25    -2275.812109        0.766938
BFGS:  132 13:20:25    -2275.816163        0.742487
BFGS:  133 13:20:26    -2275.820418        0.720925
BFGS:  134 13:20:26    -2275.824007        0.703797
BFGS:  135 13:20:26    -2275.826645        0.692586
BFGS:  136 13:20:26    -2275.828789        0.687231
BFGS:  137 13:20:27    -2275.830734        0.691480
BFGS:  138 13:20:27    -2275.832273        0.687314
BFGS:  139 13:20:27    -2275.833412        0.683948
BFGS:  140 13:20:28    -2275.834493        0.673097
BFGS:  141 13:20:28    -2275.835832        0.647876
BFGS:  142 13:20:28    -2275.837520        0.606402
BFGS:  143 13:20:28    -2275.839400        0.552943
BFGS:  144 13:20:29    -2275.841326        0.522392
BFGS:  145 13:20:29    -2275.843363        0.497853
BFGS:  146 13:20:29    -2275.845613        0.466728
BFGS:  147 13:20:29    -2275.847847        0.433207
BFGS:  148 13:20:30    -2275.849774        0.421855
BFGS:  149 13:20:30    -2275.851498        0.417938
BFGS:  150 13:20:30    -2275.853298        0.407008
BFGS:  151 13:20:31    -2275.855326        0.380180
BFGS:  152 13:20:31    -2275.857502        0.340070
BFGS:  153 13:20:31    -2275.859743        0.291776
BFGS:  154 13:20:31    -2275.862065        0.276607
BFGS:  155 13:20:32    -2275.864496        0.264887
BFGS:  156 13:20:32    -2275.866935        0.247018
BFGS:  157 13:20:32    -2275.869308        0.233324
BFGS:  158 13:20:33    -2275.871626        0.217452
BFGS:  159 13:20:33    -2275.874003        0.197443
BFGS:  160 13:20:33    -2275.876454        0.184615
BFGS:  161 13:20:33    -2275.878888        0.179909
BFGS:  162 13:20:34    -2275.881146        0.177538
BFGS:  163 13:20:34    -2275.883078        0.173382
BFGS:  164 13:20:34    -2275.884593        0.162428
BFGS:  165 13:20:35    -2275.885843        0.152130
BFGS:  166 13:20:35    -2275.887046        0.158035
BFGS:  167 13:20:35    -2275.888221        0.147366
BFGS:  168 13:20:35    -2275.889241        0.142677
BFGS:  169 13:20:36    -2275.890103        0.127887
BFGS:  170 13:20:36    -2275.890994        0.113444
BFGS:  171 13:20:36    -2275.892212        0.131274
BFGS:  172 13:20:37    -2275.893889        0.161607
BFGS:  173 13:20:37    -2275.895639        0.187972
BFGS:  174 13:20:37    -2275.896872        0.196788
BFGS:  175 13:20:37    -2275.897627        0.182281
BFGS:  176 13:20:38    -2275.898308        0.162801
BFGS:  177 13:20:38    -2275.899139        0.158823
BFGS:  178 13:20:38    -2275.900047        0.154334
BFGS:  179 13:20:38    -2275.900806        0.147314
BFGS:  180 13:20:39    -2275.901367        0.147328
BFGS:  181 13:20:39    -2275.901861        0.159162
BFGS:  182 13:20:39    -2275.902425        0.167348
BFGS:  183 13:20:40    -2275.903062        0.159900
BFGS:  184 13:20:40    -2275.903630        0.145950
BFGS:  185 13:20:40    -2275.904013        0.129079
BFGS:  186 13:20:40    -2275.904245        0.112860
BFGS:  187 13:20:41    -2275.904433        0.101760
BFGS:  188 13:20:41    -2275.904662        0.101241
BFGS:  189 13:20:41    -2275.904952        0.102744
BFGS:  190 13:20:41    -2275.905265        0.104095
BFGS:  191 13:20:41    -2275.905543        0.100792
BFGS:  192 13:20:42    -2275.905803        0.100394
BFGS:  193 13:20:42    -2275.906117        0.100832
BFGS:  194 13:20:42    -2275.906534        0.093468
BFGS:  195 13:20:42    -2275.906977        0.078964
BFGS:  196 13:20:43    -2275.907316        0.063740
BFGS:  197 13:20:43    -2275.907535        0.053478
BFGS:  198 13:20:43    -2275.907714        0.056890
BFGS:  199 13:20:43    -2275.907898        0.062111
BFGS:  200 13:20:44    -2275.908070        0.060912
