      Step     Time          Energy          fmax
BFGS:    0 13:19:49    -3089.742938       14.217070
BFGS:    1 13:19:50    -3096.182169        4.755544
BFGS:    2 13:19:51    -3097.844081        2.580168
BFGS:    3 13:19:52    -3099.008299        6.067451
BFGS:    4 13:19:53    -3100.735541        6.450455
BFGS:    5 13:19:53    -3103.443324        8.734299
BFGS:    6 13:19:54    -3104.266119        4.221746
BFGS:    7 13:19:55    -3104.246995        3.893102
BFGS:    8 13:19:55    -3105.218077        2.829345
BFGS:    9 13:19:56    -3105.679518        2.362831
BFGS:   10 13:19:57    -3106.056554        1.667640
BFGS:   11 13:19:57    -3106.648384        1.428963
BFGS:   12 13:19:58    -3106.898814        1.328133
BFGS:   13 13:19:58    -3107.489092        1.719262
BFGS:   14 13:19:59    -3107.772339        1.314849
BFGS:   15 13:20:00    -3108.146409        0.847484
BFGS:   16 13:20:00    -3108.365428        1.083410
BFGS:   17 13:20:01    -3108.567739        0.812572
BFGS:   18 13:20:01    -3108.639462        0.342347
BFGS:   19 13:20:02    -3108.687594        0.281384
BFGS:   20 13:20:02    -3108.709556        0.280958
BFGS:   21 13:20:03    -3108.730711        0.220187
BFGS:   22 13:20:03    -3108.751920        0.191217
BFGS:   23 13:20:04    -3108.775393        0.280064
BFGS:   24 13:20:04    -3108.796947        0.268038
BFGS:   25 13:20:05    -3108.817467        0.188244
BFGS:   26 13:20:05    -3108.839340        0.219135
BFGS:   27 13:20:06    -3108.865856        0.251331
BFGS:   28 13:20:06    -3108.897330        0.323116
BFGS:   29 13:20:06    -3108.935004        0.432648
BFGS:   30 13:20:07    -3108.983991        0.588111
BFGS:   31 13:20:08    -3109.052103        0.772094
BFGS:   32 13:20:08    -3109.145703        0.913399
BFGS:   33 13:20:09    -3109.284728        0.994280
BFGS:   34 13:20:10    -3109.489777        1.070027
BFGS:   35 13:20:10    -3109.766311        1.180868
BFGS:   36 13:20:11    -3110.091146        1.215022
BFGS:   37 13:20:12    -3110.447755        1.234576
BFGS:   38 13:20:12    -3110.916741        1.303497
BFGS:   39 13:20:13    -3111.226621        1.131159
BFGS:   40 13:20:14    -3111.612909        0.676993
BFGS:   41 13:20:14    -3111.814479        1.118626
BFGS:   42 13:20:15    -3112.073200        1.820959
BFGS:   43 13:20:16    -3112.329699        1.409793
BFGS:   44 13:20:16    -3112.537973        0.394704
BFGS:   45 13:20:17    -3112.589462        0.350762
BFGS:   46 13:20:17    -3112.632778        0.392571
BFGS:   47 13:20:18    -3112.666805        0.464384
BFGS:   48 13:20:18    -3112.707128        0.376670
BFGS:   49 13:20:19    -3112.746062        0.342006
BFGS:   50 13:20:20    -3112.782860        0.356016
BFGS:   51 13:20:20    -3112.817120        0.288257
BFGS:   52 13:20:21    -3112.848254        0.370601
BFGS:   53 13:20:21    -3112.874750        0.293858
BFGS:   54 13:20:22    -3112.898388        0.274061
BFGS:   55 13:20:22    -3112.920814        0.387881
BFGS:   56 13:20:23    -3112.939944        0.379831
BFGS:   57 13:20:23    -3112.952478        0.248018
BFGS:   58 13:20:24    -3112.958836        0.188296
BFGS:   59 13:20:25    -3112.963508        0.239459
BFGS:   60 13:20:25    -3112.969807        0.331126
BFGS:   61 13:20:26    -3112.981473        0.451256
BFGS:   62 13:20:26    -3113.010322        0.700335
BFGS:   63 13:20:27    -3113.019883        0.714729
BFGS:   64 13:20:28    -3113.068604        0.787390
BFGS:   65 13:20:28    -3113.118549        0.764209
BFGS:   66 13:20:29    -3113.254734        1.199513
BFGS:   67 13:20:30    -3113.362580        0.628906
BFGS:   68 13:20:31    -3113.534498        1.008394
BFGS:   69 13:20:32    -3113.428731        3.230600
BFGS:   70 13:20:33    -3113.677762        0.891335
BFGS:   71 13:20:33    -3113.741625        0.886815
BFGS:   72 13:20:34    -3113.907386        0.799324
BFGS:   73 13:20:35    -3113.997928        0.696521
BFGS:   74 13:20:36    -3114.055397        0.660014
BFGS:   75 13:20:36    -3114.109424        0.619358
BFGS:   76 13:20:37    -3114.169222        0.530587
BFGS:   77 13:20:38    -3114.222207        0.516776
BFGS:   78 13:20:39    -3114.267629        0.535430
BFGS:   79 13:20:39    -3114.310224        0.550066
BFGS:   80 13:20:40    -3114.348881        0.575059
BFGS:   81 13:20:41    -3114.387992        0.570959
BFGS:   82 13:20:41    -3114.428756        0.560183
BFGS:   83 13:20:42    -3114.477773        0.522054
BFGS:   84 13:20:43    -3114.529748        0.482787
BFGS:   85 13:20:44    -3114.579367        0.434264
BFGS:   86 13:20:44    -3114.624141        0.423731
BFGS:   87 13:20:45    -3114.672386        0.473656
BFGS:   88 13:20:46    -3114.723437        0.542099
BFGS:   89 13:20:46    -3114.772248        0.567014
BFGS:   90 13:20:47    -3114.810456        0.419094
BFGS:   91 13:20:48    -3114.842844        0.426250
BFGS:   92 13:20:48    -3114.872133        0.633660
BFGS:   93 13:20:49    -3114.910183        0.453434
BFGS:   94 13:20:50    -3114.958870        0.419517
BFGS:   95 13:20:50    -3114.994671        0.446141
BFGS:   96 13:20:51    -3115.030236        0.514534
BFGS:   97 13:20:52    -3115.061916        0.497577
BFGS:   98 13:20:52    -3115.091106        0.558881
BFGS:   99 13:20:53    -3115.117672        0.434098
BFGS:  100 13:20:54    -3115.147763        0.600093
BFGS:  101 13:20:54    -3115.196158        0.542384
BFGS:  102 13:20:55    -3115.304056        1.409300
BFGS:  103 13:20:56    -3115.305867        3.433519
BFGS:  104 13:20:57    -3115.735543        1.630167
BFGS:  105 13:20:57    -3115.898922        1.061550
BFGS:  106 13:20:58    -3115.879662        1.979289
BFGS:  107 13:20:58    -3116.006140        0.615285
BFGS:  108 13:20:59    -3116.034768        0.527024
BFGS:  109 13:21:00    -3116.073947        0.509404
BFGS:  110 13:21:00    -3116.120335        0.629548
BFGS:  111 13:21:01    -3116.171313        0.629257
BFGS:  112 13:21:02    -3116.232080        0.448452
BFGS:  113 13:21:02    -3116.283925        0.441537
BFGS:  114 13:21:03    -3116.318683        0.301031
BFGS:  115 13:21:03    -3116.335112        0.219182
BFGS:  116 13:21:04    -3116.345788        0.190897
BFGS:  117 13:21:04    -3116.355336        0.175090
BFGS:  118 13:21:05    -3116.365670        0.180448
BFGS:  119 13:21:05    -3116.376448        0.166491
BFGS:  120 13:21:06    -3116.385897        0.185636
BFGS:  121 13:21:06    -3116.393503        0.175830
BFGS:  122 13:21:07    -3116.399945        0.159152
BFGS:  123 13:21:07    -3116.406276        0.162523
BFGS:  124 13:21:08    -3116.412878        0.175698
BFGS:  125 13:21:08    -3116.419763        0.166349
BFGS:  126 13:21:09    -3116.426408        0.163646
BFGS:  127 13:21:09    -3116.432485        0.146283
BFGS:  128 13:21:10    -3116.437941        0.142670
BFGS:  129 13:21:10    -3116.443000        0.139757
BFGS:  130 13:21:11    -3116.447982        0.136930
BFGS:  131 13:21:11    -3116.452964        0.134518
BFGS:  132 13:21:12    -3116.457442        0.136559
BFGS:  133 13:21:12    -3116.460787        0.131100
BFGS:  134 13:21:13    -3116.462992        0.128106
BFGS:  135 13:21:13    -3116.464646        0.121478
BFGS:  136 13:21:14    -3116.466341        0.117603
BFGS:  137 13:21:14    -3116.468305        0.129378
BFGS:  138 13:21:15    -3116.470378        0.135041
BFGS:  139 13:21:15    -3116.472356        0.136767
BFGS:  140 13:21:16    -3116.474194        0.135027
BFGS:  141 13:21:16    -3116.475930        0.134580
BFGS:  142 13:21:17    -3116.477538        0.137015
BFGS:  143 13:21:17    -3116.479025        0.140694
BFGS:  144 13:21:18    -3116.480583        0.145823
BFGS:  145 13:21:18    -3116.482522        0.148158
BFGS:  146 13:21:19    -3116.484965        0.150268
BFGS:  147 13:21:19    -3116.487573        0.144478
BFGS:  148 13:21:20    -3116.489814        0.141105
BFGS:  149 13:21:20    -3116.491527        0.131175
BFGS:  150 13:21:21    -3116.492954        0.136676
BFGS:  151 13:21:21    -3116.494362        0.128160
BFGS:  152 13:21:22    -3116.495881        0.144663
BFGS:  153 13:21:22    -3116.497681        0.128640
BFGS:  154 13:21:23    -3116.499855        0.148527
BFGS:  155 13:21:23    -3116.502401        0.117829
BFGS:  156 13:21:24    -3116.504878        0.131354
BFGS:  157 13:21:24    -3116.507190        0.107103
BFGS:  158 13:21:25    -3116.509160        0.110138
BFGS:  159 13:21:25    -3116.511258        0.110682
BFGS:  160 13:21:25    -3116.513123        0.106536
BFGS:  161 13:21:26    -3116.514875        0.091985
BFGS:  162 13:21:26    -3116.516305        0.106360
BFGS:  163 13:21:27    -3116.517709        0.087758
BFGS:  164 13:21:27    -3116.518965        0.093979
BFGS:  165 13:21:28    -3116.520216        0.071736
BFGS:  166 13:21:28    -3116.521344        0.079006
BFGS:  167 13:21:29    -3116.522499        0.081839
BFGS:  168 13:21:29    -3116.523519        0.073993
BFGS:  169 13:21:30    -3116.524495        0.076727
BFGS:  170 13:21:30    -3116.525277        0.078314
BFGS:  171 13:21:31    -3116.525986        0.077985
BFGS:  172 13:21:31    -3116.526597        0.079578
BFGS:  173 13:21:31    -3116.527326        0.082549
BFGS:  174 13:21:32    -3116.528117        0.085061
BFGS:  175 13:21:32    -3116.528938        0.083562
BFGS:  176 13:21:33    -3116.529661        0.080729
BFGS:  177 13:21:33    -3116.530273        0.077477
BFGS:  178 13:21:34    -3116.530797        0.074357
BFGS:  179 13:21:34    -3116.531241        0.070072
BFGS:  180 13:21:34    -3116.531588        0.062214
BFGS:  181 13:21:35    -3116.531883        0.057179
BFGS:  182 13:21:35    -3116.532181        0.059802
BFGS:  183 13:21:36    -3116.532517        0.063173
BFGS:  184 13:21:36    -3116.532865        0.056994
BFGS:  185 13:21:36    -3116.533186        0.055074
BFGS:  186 13:21:37    -3116.533476        0.049964
BFGS:  187 13:21:37    -3116.533749        0.055397
BFGS:  188 13:21:38    -3116.534026        0.055833
BFGS:  189 13:21:38    -3116.534279        0.058666
BFGS:  190 13:21:39    -3116.534500        0.059594
BFGS:  191 13:21:39    -3116.534689        0.059019
BFGS:  192 13:21:39    -3116.534843        0.056446
BFGS:  193 13:21:40    -3116.534974        0.053237
BFGS:  194 13:21:40    -3116.535091        0.048954
BFGS:  195 13:21:41    -3116.535222        0.047393
BFGS:  196 13:21:41    -3116.535370        0.052375
BFGS:  197 13:21:41    -3116.535497        0.055399
BFGS:  198 13:21:42    -3116.535582        0.055589
BFGS:  199 13:21:42    -3116.535632        0.053974
BFGS:  200 13:21:42    -3116.535677        0.052785
