      Step     Time          Energy          fmax
BFGS:    0 20:45:27    -2088.967939        5.058120
BFGS:    1 20:45:28    -2091.056375        2.941206
BFGS:    2 20:45:29    -2091.945585        2.823288
BFGS:    3 20:45:30    -2093.337043        2.938029
BFGS:    4 20:45:30    -2097.031911        5.049390
BFGS:    5 20:45:31    -2099.708702        8.692320
BFGS:    6 20:45:32    -2109.658863        6.890734
BFGS:    7 20:45:32    -2109.145212       33.812586
BFGS:    8 20:45:33    -2116.593424        7.402837
BFGS:    9 20:45:34    -2116.003076       21.070504
BFGS:   10 20:45:34    -2118.730550        5.032079
BFGS:   11 20:45:35    -2119.474752        3.435371
BFGS:   12 20:45:35    -2120.257818        3.752712
BFGS:   13 20:45:36    -2120.455908        0.993020
BFGS:   14 20:45:36    -2120.611937        1.038353
BFGS:   15 20:45:37    -2120.887776        2.377876
BFGS:   16 20:45:37    -2121.004899        2.041366
BFGS:   17 20:45:38    -2121.186242        1.445152
BFGS:   18 20:45:38    -2121.755099        3.795444
BFGS:   19 20:45:39    -2122.208774        3.676811
BFGS:   20 20:45:39    -2122.910164        4.345988
BFGS:   21 20:45:40    -2123.649190        5.864466
BFGS:   22 20:45:40    -2124.152890        5.333770
BFGS:   23 20:45:41    -2124.370238        5.067252
BFGS:   24 20:45:41    -2125.765668        3.786307
BFGS:   25 20:45:42    -2126.353956        1.362295
BFGS:   26 20:45:43    -2126.614195        2.739164
BFGS:   27 20:45:43    -2126.799369        0.869631
BFGS:   28 20:45:44    -2126.899512        0.720207
BFGS:   29 20:45:44    -2127.062644        1.073568
BFGS:   30 20:45:44    -2127.333091        2.052601
BFGS:   31 20:45:45    -2126.992895        5.055928
BFGS:   32 20:45:46    -2127.902342        2.561808
BFGS:   33 20:45:46    -2128.398932        2.404500
BFGS:   34 20:45:47    -2129.439111        1.930119
BFGS:   35 20:45:47    -2130.153894        2.270513
BFGS:   36 20:45:48    -2130.458147        2.402263
BFGS:   37 20:45:48    -2130.683599        2.022216
BFGS:   38 20:45:49    -2130.809738        0.689914
BFGS:   39 20:45:49    -2130.883475        0.624943
BFGS:   40 20:45:50    -2130.929506        0.662159
BFGS:   41 20:45:50    -2130.975482        0.608975
BFGS:   42 20:45:51    -2131.007531        0.502009
BFGS:   43 20:45:51    -2131.042023        0.403438
BFGS:   44 20:45:52    -2131.081747        0.479634
BFGS:   45 20:45:52    -2131.122953        0.450353
BFGS:   46 20:45:52    -2131.152166        0.284263
BFGS:   47 20:45:53    -2131.169042        0.183234
BFGS:   48 20:45:53    -2131.180202        0.171364
BFGS:   49 20:45:54    -2131.188682        0.186374
BFGS:   50 20:45:54    -2131.194061        0.107306
BFGS:   51 20:45:54    -2131.197060        0.095742
BFGS:   52 20:45:55    -2131.199314        0.101640
BFGS:   53 20:45:55    -2131.201412        0.110344
BFGS:   54 20:45:55    -2131.202941        0.067780
BFGS:   55 20:45:56    -2131.203803        0.061280
BFGS:   56 20:45:56    -2131.204472        0.060011
BFGS:   57 20:45:56    -2131.205427        0.069578
BFGS:   58 20:45:57    -2131.207019        0.084454
BFGS:   59 20:45:57    -2131.209088        0.118385
BFGS:   60 20:45:57    -2131.211675        0.150002
BFGS:   61 20:45:58    -2131.215155        0.154577
BFGS:   62 20:45:58    -2131.220261        0.175288
BFGS:   63 20:45:59    -2131.227188        0.191230
BFGS:   64 20:45:59    -2131.235185        0.189113
BFGS:   65 20:45:59    -2131.243126        0.265956
BFGS:   66 20:46:00    -2131.251621        0.262253
BFGS:   67 20:46:00    -2131.263975        0.258570
BFGS:   68 20:46:01    -2131.288977        0.386991
BFGS:   69 20:46:01    -2131.335308        0.657807
BFGS:   70 20:46:02    -2131.536534        1.820914
BFGS:   71 20:46:02    -2131.954201        4.410179
BFGS:   72 20:46:03    -2132.804395        4.285667
BFGS:   73 20:46:04    -2132.870689        6.063009
BFGS:   74 20:46:04    -2132.856446        7.635671
BFGS:   75 20:46:05    -2133.606840        2.615159
BFGS:   76 20:46:05    -2134.059185        2.887344
BFGS:   77 20:46:06    -2134.511868        3.306666
BFGS:   78 20:46:07    -2135.008098        1.443858
BFGS:   79 20:46:07    -2135.214834        2.305290
BFGS:   80 20:46:08    -2135.308433        2.551893
BFGS:   81 20:46:08    -2135.398051        2.434562
BFGS:   82 20:46:08    -2135.507120        2.166839
BFGS:   83 20:46:09    -2135.585259        1.605020
BFGS:   84 20:46:09    -2135.628090        1.194860
BFGS:   85 20:46:10    -2135.656351        1.045013
BFGS:   86 20:46:10    -2135.676311        0.887978
BFGS:   87 20:46:10    -2135.701165        0.841115
BFGS:   88 20:46:11    -2135.721604        0.683712
BFGS:   89 20:46:11    -2135.737518        0.636075
BFGS:   90 20:46:11    -2135.750004        0.539299
BFGS:   91 20:46:12    -2135.764087        0.503067
BFGS:   92 20:46:12    -2135.776723        0.424416
BFGS:   93 20:46:12    -2135.788352        0.406913
BFGS:   94 20:46:13    -2135.796664        0.342320
BFGS:   95 20:46:13    -2135.805115        0.342672
BFGS:   96 20:46:13    -2135.812147        0.296665
BFGS:   97 20:46:14    -2135.819320        0.239842
BFGS:   98 20:46:14    -2135.824479        0.186652
BFGS:   99 20:46:14    -2135.829193        0.149165
BFGS:  100 20:46:15    -2135.833619        0.144879
BFGS:  101 20:46:15    -2135.837678        0.149120
BFGS:  102 20:46:15    -2135.840743        0.120667
BFGS:  103 20:46:16    -2135.843399        0.099648
BFGS:  104 20:46:16    -2135.846538        0.101618
BFGS:  105 20:46:16    -2135.850600        0.134164
BFGS:  106 20:46:17    -2135.854940        0.166002
BFGS:  107 20:46:17    -2135.858579        0.148296
BFGS:  108 20:46:17    -2135.861279        0.200441
BFGS:  109 20:46:18    -2135.863343        0.242095
BFGS:  110 20:46:18    -2135.864968        0.250397
BFGS:  111 20:46:18    -2135.866185        0.246751
BFGS:  112 20:46:19    -2135.867015        0.229595
BFGS:  113 20:46:19    -2135.867699        0.226938
BFGS:  114 20:46:19    -2135.868352        0.226016
BFGS:  115 20:46:20    -2135.869042        0.239581
BFGS:  116 20:46:20    -2135.869793        0.243608
BFGS:  117 20:46:20    -2135.870756        0.247124
BFGS:  118 20:46:20    -2135.872009        0.230591
BFGS:  119 20:46:21    -2135.873693        0.199848
BFGS:  120 20:46:21    -2135.875920        0.154564
BFGS:  121 20:46:21    -2135.879124        0.158623
BFGS:  122 20:46:22    -2135.884298        0.196809
BFGS:  123 20:46:22    -2135.893084        0.328289
BFGS:  124 20:46:23    -2135.905750        0.406049
BFGS:  125 20:46:23    -2135.918292        0.345291
BFGS:  126 20:46:23    -2135.926684        0.300742
BFGS:  127 20:46:24    -2135.930429        0.321958
BFGS:  128 20:46:24    -2135.933182        0.359827
BFGS:  129 20:46:24    -2135.936605        0.437890
BFGS:  130 20:46:25    -2135.940785        0.533809
BFGS:  131 20:46:25    -2135.944663        0.633538
BFGS:  132 20:46:26    -2135.947675        0.661377
BFGS:  133 20:46:26    -2135.950015        0.644762
BFGS:  134 20:46:26    -2135.952334        0.624560
BFGS:  135 20:46:27    -2135.954388        0.573522
BFGS:  136 20:46:27    -2135.957468        0.578943
BFGS:  137 20:46:27    -2135.963736        0.600094
BFGS:  138 20:46:28    -2135.968995        0.633617
BFGS:  139 20:46:28    -2135.975438        0.641659
BFGS:  140 20:46:28    -2135.980132        0.643052
BFGS:  141 20:46:29    -2135.984670        0.621972
BFGS:  142 20:46:29    -2135.990224        0.632698
BFGS:  143 20:46:29    -2135.998678        0.634519
BFGS:  144 20:46:30    -2136.009011        0.712275
BFGS:  145 20:46:30    -2136.018506        0.668120
BFGS:  146 20:46:31    -2136.026672        0.796075
BFGS:  147 20:46:31    -2136.038580        0.747931
BFGS:  148 20:46:31    -2136.061116        0.747916
BFGS:  149 20:46:32    -2136.078571        0.720511
BFGS:  150 20:46:32    -2136.101456        0.513779
BFGS:  151 20:46:33    -2136.121867        0.492839
BFGS:  152 20:46:33    -2136.146512        0.568316
BFGS:  153 20:46:34    -2136.162593        0.595733
BFGS:  154 20:46:34    -2136.172985        0.520666
BFGS:  155 20:46:34    -2136.178627        0.632161
BFGS:  156 20:46:35    -2136.188844        0.529208
BFGS:  157 20:46:35    -2136.192277        0.474627
BFGS:  158 20:46:36    -2136.196298        0.479586
BFGS:  159 20:46:36    -2136.199014        0.479313
BFGS:  160 20:46:36    -2136.200225        0.448706
BFGS:  161 20:46:37    -2136.202033        0.401757
BFGS:  162 20:46:37    -2136.203260        0.357111
BFGS:  163 20:46:37    -2136.204226        0.337436
BFGS:  164 20:46:38    -2136.204815        0.332657
BFGS:  165 20:46:38    -2136.205297        0.337438
BFGS:  166 20:46:38    -2136.205736        0.339476
BFGS:  167 20:46:39    -2136.206193        0.335517
BFGS:  168 20:46:39    -2136.206673        0.328390
BFGS:  169 20:46:39    -2136.207136        0.311724
BFGS:  170 20:46:39    -2136.207518        0.302429
BFGS:  171 20:46:40    -2136.207834        0.296306
BFGS:  172 20:46:40    -2136.208195        0.297208
BFGS:  173 20:46:40    -2136.208712        0.300401
BFGS:  174 20:46:41    -2136.209475        0.311023
BFGS:  175 20:46:41    -2136.210462        0.318573
BFGS:  176 20:46:41    -2136.211526        0.326435
BFGS:  177 20:46:42    -2136.212495        0.322932
BFGS:  178 20:46:42    -2136.213323        0.320964
BFGS:  179 20:46:42    -2136.214135        0.314054
BFGS:  180 20:46:43    -2136.215151        0.318653
BFGS:  181 20:46:43    -2136.216642        0.321569
BFGS:  182 20:46:43    -2136.218750        0.336648
BFGS:  183 20:46:44    -2136.221225        0.347856
BFGS:  184 20:46:44    -2136.223749        0.360856
BFGS:  185 20:46:44    -2136.226983        0.360229
BFGS:  186 20:46:45    -2136.231783        0.354987
BFGS:  187 20:46:45    -2136.239764        0.326171
BFGS:  188 20:46:46    -2136.250214        0.432807
BFGS:  189 20:46:46    -2136.261763        0.436426
BFGS:  190 20:46:47    -2136.276048        0.433797
BFGS:  191 20:46:47    -2136.291467        0.799690
BFGS:  192 20:46:48    -2136.305625        0.521618
BFGS:  193 20:46:48    -2136.327021        0.366967
BFGS:  194 20:46:49    -2136.348786        0.683082
BFGS:  195 20:46:49    -2136.351198        0.817333
BFGS:  196 20:46:50    -2136.364983        0.832447
BFGS:  197 20:46:50    -2136.373170        0.357094
BFGS:  198 20:46:51    -2136.381114        0.382476
BFGS:  199 20:46:51    -2136.392316        0.616001
BFGS:  200 20:46:52    -2136.405650        0.585534
