      Step     Time          Energy          fmax
BFGS:    0 13:17:33    -1340.944203     2396.083665
BFGS:    1 13:17:34    -2436.164625      343.010763
BFGS:    2 13:17:35    -2313.682501     2187.591430
BFGS:    3 13:17:36    -2409.299264     1487.827990
BFGS:    4 13:17:37    -2525.116109     1026.407750
BFGS:    5 13:17:38    -2622.622894      626.091732
BFGS:    6 13:17:39    -2680.729181      175.925860
BFGS:    7 13:17:40    -2702.646569      103.449321
BFGS:    8 13:17:42    -2720.261954       52.060828
BFGS:    9 13:17:44    -2730.184554       23.940677
BFGS:   10 13:17:45    -2738.404406       10.563062
BFGS:   11 13:17:46    -2744.986999        7.594350
BFGS:   12 13:17:47    -2750.624369        7.271045
BFGS:   13 13:17:48    -2754.342278        7.625983
BFGS:   14 13:17:48    -2756.825028        8.900339
BFGS:   15 13:17:49    -2759.084996        7.378451
BFGS:   16 13:17:50    -2761.060518        6.402924
BFGS:   17 13:17:50    -2761.814045        5.686685
BFGS:   18 13:17:51    -2763.210213        6.492020
BFGS:   19 13:17:51    -2764.018963        5.364940
BFGS:   20 13:17:52    -2764.698144        3.781789
BFGS:   21 13:17:53    -2765.162072        3.036026
BFGS:   22 13:17:53    -2765.620126        2.628097
BFGS:   23 13:17:54    -2766.064419        2.492850
BFGS:   24 13:17:54    -2766.474110        1.997460
BFGS:   25 13:17:55    -2766.777737        1.881392
BFGS:   26 13:17:55    -2767.043624        2.027065
BFGS:   27 13:17:56    -2767.288181        2.048267
BFGS:   28 13:17:56    -2767.469133        2.446450
BFGS:   29 13:17:57    -2767.636049        2.848013
BFGS:   30 13:17:57    -2767.783385        3.013430
BFGS:   31 13:17:58    -2767.902853        2.986274
BFGS:   32 13:17:58    -2767.988064        2.558777
BFGS:   33 13:17:59    -2768.055612        2.219649
BFGS:   34 13:17:59    -2768.123475        1.843765
BFGS:   35 13:18:00    -2768.200958        1.620682
BFGS:   36 13:18:00    -2768.278280        1.522006
BFGS:   37 13:18:01    -2768.367345        1.465052
BFGS:   38 13:18:01    -2768.451648        1.462007
BFGS:   39 13:18:02    -2768.505463        1.417773
BFGS:   40 13:18:02    -2768.543986        1.379551
BFGS:   41 13:18:02    -2768.579112        1.333599
BFGS:   42 13:18:03    -2768.611864        1.320486
BFGS:   43 13:18:03    -2768.641663        1.330153
BFGS:   44 13:18:04    -2768.665427        1.326127
BFGS:   45 13:18:04    -2768.684048        1.323840
BFGS:   46 13:18:05    -2768.701980        1.310386
BFGS:   47 13:18:05    -2768.720015        1.296068
BFGS:   48 13:18:05    -2768.736835        1.271161
BFGS:   49 13:18:06    -2768.752718        1.307259
BFGS:   50 13:18:06    -2768.767366        1.357370
BFGS:   51 13:18:06    -2768.780380        1.409439
BFGS:   52 13:18:07    -2768.792877        1.463647
BFGS:   53 13:18:07    -2768.807105        1.535962
BFGS:   54 13:18:08    -2768.825079        1.632494
BFGS:   55 13:18:08    -2768.846874        1.746908
BFGS:   56 13:18:08    -2768.870729        1.828351
BFGS:   57 13:18:09    -2768.896155        1.882934
BFGS:   58 13:18:09    -2768.924515        1.822837
BFGS:   59 13:18:10    -2768.956040        1.722450
BFGS:   60 13:18:10    -2768.989517        1.656939
BFGS:   61 13:18:11    -2769.023675        1.681652
BFGS:   62 13:18:11    -2769.059153        1.746333
BFGS:   63 13:18:11    -2769.096897        1.802744
BFGS:   64 13:18:12    -2769.134455        1.839867
BFGS:   65 13:18:12    -2769.167557        1.871690
BFGS:   66 13:18:13    -2769.198222        1.915025
BFGS:   67 13:18:13    -2769.230090        1.998598
BFGS:   68 13:18:14    -2769.265193        2.099069
BFGS:   69 13:18:14    -2769.303841        2.317795
BFGS:   70 13:18:14    -2769.349298        2.581665
BFGS:   71 13:18:15    -2769.399851        3.033845
BFGS:   72 13:18:15    -2769.451935        3.540516
BFGS:   73 13:18:16    -2769.502834        4.298808
BFGS:   74 13:18:16    -2769.555486        5.131762
BFGS:   75 13:18:17    -2769.631541        5.716996
BFGS:   76 13:18:17    -2769.732661        7.236075
BFGS:   77 13:18:18    -2769.890838        7.118466
BFGS:   78 13:18:19    -2770.029125        7.913743
BFGS:   79 13:18:19    -2770.069801        6.386468
BFGS:   80 13:18:20    -2770.191757        6.970337
BFGS:   81 13:18:20    -2770.283562        7.643030
BFGS:   82 13:18:21    -2770.381927        7.504514
BFGS:   83 13:18:22    -2770.493900        6.645259
BFGS:   84 13:18:22    -2770.572495        6.328298
BFGS:   85 13:18:23    -2770.688767        5.609727
BFGS:   86 13:18:23    -2770.838134        5.006221
BFGS:   87 13:18:24    -2770.994710        4.575679
BFGS:   88 13:18:25    -2771.165596        4.161832
BFGS:   89 13:18:26    -2771.303924        3.810725
BFGS:   90 13:18:27    -2771.456571        3.753412
BFGS:   91 13:18:27    -2771.576323        3.625088
BFGS:   92 13:18:28    -2771.704282        3.659125
BFGS:   93 13:18:29    -2771.785533        3.759035
BFGS:   94 13:18:29    -2771.852809        3.780033
BFGS:   95 13:18:30    -2771.895347        3.702855
BFGS:   96 13:18:31    -2771.929236        3.685362
BFGS:   97 13:18:32    -2771.957681        3.777158
BFGS:   98 13:18:32    -2771.986585        3.755177
BFGS:   99 13:18:33    -2772.022449        3.651935
BFGS:  100 13:18:33    -2772.063534        3.458600
BFGS:  101 13:18:34    -2772.098890        3.431874
BFGS:  102 13:18:35    -2772.143919        3.427101
BFGS:  103 13:18:35    -2772.199657        3.517134
BFGS:  104 13:18:36    -2772.273055        3.607538
BFGS:  105 13:18:37    -2772.372914        3.395273
BFGS:  106 13:18:37    -2772.499294        3.172674
BFGS:  107 13:18:38    -2772.622821        2.401163
BFGS:  108 13:18:39    -2772.719517        2.077467
BFGS:  109 13:18:40    -2772.798729        1.976651
BFGS:  110 13:18:40    -2772.877246        1.659715
BFGS:  111 13:18:41    -2772.967894        1.747227
BFGS:  112 13:18:42    -2773.035330        1.725448
BFGS:  113 13:18:42    -2773.096084        1.681602
BFGS:  114 13:18:43    -2773.144168        1.446457
BFGS:  115 13:18:44    -2773.209178        1.392138
BFGS:  116 13:18:44    -2773.256208        1.134418
BFGS:  117 13:18:45    -2773.302071        1.488102
BFGS:  118 13:18:46    -2773.372511        1.440013
BFGS:  119 13:18:46    -2773.435471        1.275543
BFGS:  120 13:18:47    -2773.503253        1.440898
BFGS:  121 13:18:48    -2773.562810        1.411946
BFGS:  122 13:18:48    -2773.621720        1.507931
BFGS:  123 13:18:49    -2773.685120        1.532367
BFGS:  124 13:18:49    -2773.745976        1.532905
BFGS:  125 13:18:50    -2773.799820        1.346353
BFGS:  126 13:18:50    -2773.846606        1.239113
BFGS:  127 13:18:51    -2773.890277        1.128200
BFGS:  128 13:18:51    -2773.951559        1.058402
BFGS:  129 13:18:52    -2774.008127        0.837548
BFGS:  130 13:18:52    -2774.055276        0.697306
BFGS:  131 13:18:53    -2774.085628        0.643280
BFGS:  132 13:18:53    -2774.107721        0.518164
BFGS:  133 13:18:53    -2774.126786        0.444289
BFGS:  134 13:18:54    -2774.137804        0.421817
BFGS:  135 13:18:54    -2774.148934        0.532117
BFGS:  136 13:18:55    -2774.159095        0.605385
BFGS:  137 13:18:55    -2774.166713        0.700433
BFGS:  138 13:18:55    -2774.172897        0.781860
BFGS:  139 13:18:56    -2774.177217        0.802153
BFGS:  140 13:18:56    -2774.180217        0.791059
BFGS:  141 13:18:57    -2774.182953        0.767768
BFGS:  142 13:18:57    -2774.186614        0.735768
BFGS:  143 13:18:57    -2774.191068        0.659348
BFGS:  144 13:18:58    -2774.195903        0.577078
BFGS:  145 13:18:58    -2774.200428        0.502779
BFGS:  146 13:18:58    -2774.204716        0.459144
BFGS:  147 13:18:59    -2774.209463        0.414707
BFGS:  148 13:18:59    -2774.215436        0.325752
BFGS:  149 13:19:00    -2774.222375        0.389315
BFGS:  150 13:19:00    -2774.229182        0.392908
BFGS:  151 13:19:00    -2774.235250        0.313081
BFGS:  152 13:19:01    -2774.240002        0.282969
BFGS:  153 13:19:01    -2774.243619        0.291560
BFGS:  154 13:19:02    -2774.246489        0.255386
BFGS:  155 13:19:02    -2774.249205        0.220899
BFGS:  156 13:19:02    -2774.252135        0.219165
BFGS:  157 13:19:03    -2774.255508        0.256313
BFGS:  158 13:19:03    -2774.259056        0.315540
BFGS:  159 13:19:03    -2774.262682        0.395577
BFGS:  160 13:19:04    -2774.266214        0.404767
BFGS:  161 13:19:04    -2774.269484        0.384590
BFGS:  162 13:19:04    -2774.272670        0.387003
BFGS:  163 13:19:05    -2774.276079        0.346926
BFGS:  164 13:19:05    -2774.279731        0.302549
BFGS:  165 13:19:06    -2774.283106        0.235312
BFGS:  166 13:19:06    -2774.285800        0.204722
BFGS:  167 13:19:06    -2774.288218        0.170217
BFGS:  168 13:19:07    -2774.291031        0.174838
BFGS:  169 13:19:07    -2774.294331        0.132295
BFGS:  170 13:19:07    -2774.297150        0.102762
BFGS:  171 13:19:08    -2774.299124        0.136809
BFGS:  172 13:19:08    -2774.300637        0.198545
BFGS:  173 13:19:08    -2774.302281        0.220109
BFGS:  174 13:19:09    -2774.304309        0.203306
BFGS:  175 13:19:09    -2774.306646        0.145874
BFGS:  176 13:19:09    -2774.309010        0.124906
BFGS:  177 13:19:10    -2774.311513        0.153886
BFGS:  178 13:19:10    -2774.314232        0.167163
BFGS:  179 13:19:11    -2774.316832        0.182680
BFGS:  180 13:19:11    -2774.318697        0.190212
BFGS:  181 13:19:11    -2774.320006        0.194914
BFGS:  182 13:19:12    -2774.321143        0.220584
BFGS:  183 13:19:12    -2774.322637        0.227137
BFGS:  184 13:19:12    -2774.324435        0.256852
BFGS:  185 13:19:13    -2774.325919        0.269836
BFGS:  186 13:19:13    -2774.327176        0.277284
BFGS:  187 13:19:13    -2774.328570        0.272567
BFGS:  188 13:19:14    -2774.330029        0.273247
BFGS:  189 13:19:14    -2774.331561        0.277461
BFGS:  190 13:19:14    -2774.333080        0.279800
BFGS:  191 13:19:15    -2774.334473        0.308116
BFGS:  192 13:19:15    -2774.335938        0.302394
BFGS:  193 13:19:15    -2774.337401        0.307385
BFGS:  194 13:19:16    -2774.339065        0.269594
BFGS:  195 13:19:16    -2774.340551        0.245343
BFGS:  196 13:19:17    -2774.342354        0.221748
BFGS:  197 13:19:17    -2774.344006        0.221208
BFGS:  198 13:19:17    -2774.345480        0.220240
BFGS:  199 13:19:18    -2774.346652        0.216218
BFGS:  200 13:19:18    -2774.347991        0.201894
