      Step     Time          Energy          fmax
BFGS:    0 14:06:30    -2114.820002        7.106275
BFGS:    1 14:06:31    -2119.098914       11.719951
BFGS:    2 14:06:31    -2128.422920        8.247678
BFGS:    3 14:06:31    -2136.836104        7.845943
BFGS:    4 14:06:32    -2139.378415       16.834199
BFGS:    5 14:06:32    -2144.379573        7.765767
BFGS:    6 14:06:32    -2147.165647        5.511788
BFGS:    7 14:06:33    -2148.674772       14.181850
BFGS:    8 14:06:33    -2149.936143        9.842899
BFGS:    9 14:06:33    -2150.275738        3.816152
BFGS:   10 14:06:33    -2150.707630        2.171434
BFGS:   11 14:06:34    -2150.977567        2.619014
BFGS:   12 14:06:34    -2151.262987        2.545336
BFGS:   13 14:06:34    -2151.870279        1.211191
BFGS:   14 14:06:34    -2152.219393        1.990779
BFGS:   15 14:06:35    -2152.685793        3.893857
BFGS:   16 14:06:35    -2152.729107        2.355056
BFGS:   17 14:06:35    -2153.343760        3.420825
BFGS:   18 14:06:36    -2153.821504        2.287874
BFGS:   19 14:06:36    -2154.118766        3.859836
BFGS:   20 14:06:36    -2154.276031        1.462414
BFGS:   21 14:06:36    -2154.351725        0.958148
BFGS:   22 14:06:37    -2154.458412        0.779862
BFGS:   23 14:06:37    -2154.518016        0.725429
BFGS:   24 14:06:37    -2154.568603        0.630857
BFGS:   25 14:06:37    -2154.613790        0.542253
BFGS:   26 14:06:37    -2154.666475        0.474607
BFGS:   27 14:06:38    -2154.709976        0.445844
BFGS:   28 14:06:38    -2154.752486        0.423191
BFGS:   29 14:06:38    -2154.790662        0.445589
BFGS:   30 14:06:38    -2154.822877        0.323895
BFGS:   31 14:06:38    -2154.852396        0.391545
BFGS:   32 14:06:39    -2154.887233        0.406438
BFGS:   33 14:06:39    -2154.931309        0.617933
BFGS:   34 14:06:39    -2154.982139        0.654238
BFGS:   35 14:06:39    -2155.035656        0.526610
BFGS:   36 14:06:40    -2155.089598        0.636004
BFGS:   37 14:06:40    -2155.141108        0.623644
BFGS:   38 14:06:40    -2155.191894        0.483871
BFGS:   39 14:06:40    -2155.237569        0.435162
BFGS:   40 14:06:41    -2155.276773        0.380293
BFGS:   41 14:06:41    -2155.309658        0.408374
BFGS:   42 14:06:41    -2155.340319        0.465402
BFGS:   43 14:06:41    -2155.368495        0.385999
BFGS:   44 14:06:42    -2155.392539        0.250252
BFGS:   45 14:06:42    -2155.411217        0.231386
BFGS:   46 14:06:42    -2155.428170        0.317290
BFGS:   47 14:06:42    -2155.446199        0.288794
BFGS:   48 14:06:42    -2155.464485        0.245642
BFGS:   49 14:06:43    -2155.480760        0.242060
BFGS:   50 14:06:43    -2155.494970        0.217852
BFGS:   51 14:06:43    -2155.507035        0.202230
BFGS:   52 14:06:43    -2155.517355        0.154091
BFGS:   53 14:06:43    -2155.526172        0.170362
BFGS:   54 14:06:44    -2155.533190        0.177245
BFGS:   55 14:06:44    -2155.538589        0.126398
BFGS:   56 14:06:44    -2155.542725        0.108623
BFGS:   57 14:06:44    -2155.546195        0.116372
BFGS:   58 14:06:44    -2155.549681        0.131527
BFGS:   59 14:06:45    -2155.553618        0.150692
BFGS:   60 14:06:45    -2155.558040        0.124920
BFGS:   61 14:06:45    -2155.562194        0.132123
BFGS:   62 14:06:45    -2155.565371        0.098996
BFGS:   63 14:06:45    -2155.567760        0.111461
BFGS:   64 14:06:45    -2155.569990        0.107762
BFGS:   65 14:06:46    -2155.572372        0.110871
BFGS:   66 14:06:46    -2155.574695        0.116886
BFGS:   67 14:06:46    -2155.576738        0.083116
BFGS:   68 14:06:46    -2155.578554        0.089689
BFGS:   69 14:06:46    -2155.580388        0.082773
BFGS:   70 14:06:47    -2155.582343        0.116317
BFGS:   71 14:06:47    -2155.584529        0.124377
BFGS:   72 14:06:47    -2155.587086        0.106176
BFGS:   73 14:06:47    -2155.589996        0.115490
BFGS:   74 14:06:47    -2155.593005        0.111252
BFGS:   75 14:06:48    -2155.596087        0.132629
BFGS:   76 14:06:48    -2155.599710        0.125083
BFGS:   77 14:06:48    -2155.604819        0.132355
BFGS:   78 14:06:48    -2155.611954        0.162746
BFGS:   79 14:06:48    -2155.619962        0.143511
BFGS:   80 14:06:49    -2155.626322        0.125759
BFGS:   81 14:06:49    -2155.630458        0.128815
BFGS:   82 14:06:49    -2155.633782        0.144216
BFGS:   83 14:06:49    -2155.637073        0.130054
BFGS:   84 14:06:49    -2155.639750        0.109138
BFGS:   85 14:06:50    -2155.641604        0.115316
BFGS:   86 14:06:50    -2155.643038        0.086356
BFGS:   87 14:06:50    -2155.644536        0.079737
BFGS:   88 14:06:50    -2155.646321        0.084875
BFGS:   89 14:06:50    -2155.648187        0.082854
BFGS:   90 14:06:51    -2155.650594        0.111718
BFGS:   91 14:06:51    -2155.653863        0.149363
BFGS:   92 14:06:51    -2155.657972        0.151440
BFGS:   93 14:06:51    -2155.662406        0.145477
BFGS:   94 14:06:51    -2155.666782        0.150994
BFGS:   95 14:06:52    -2155.671396        0.160527
BFGS:   96 14:06:52    -2155.677104        0.198745
BFGS:   97 14:06:52    -2155.684513        0.194343
BFGS:   98 14:06:52    -2155.693094        0.195773
BFGS:   99 14:06:52    -2155.701780        0.186930
BFGS:  100 14:06:52    -2155.709247        0.182463
BFGS:  101 14:06:53    -2155.715384        0.165073
BFGS:  102 14:06:53    -2155.721174        0.128469
BFGS:  103 14:06:53    -2155.726132        0.098450
BFGS:  104 14:06:53    -2155.729376        0.090209
BFGS:  105 14:06:53    -2155.730900        0.174702
BFGS:  106 14:06:54    -2155.732679        0.088573
BFGS:  107 14:06:54    -2155.734225        0.101241
BFGS:  108 14:06:54    -2155.736767        0.070280
BFGS:  109 14:06:54    -2155.737827        0.070219
BFGS:  110 14:06:54    -2155.739263        0.077777
BFGS:  111 14:06:55    -2155.740454        0.117349
BFGS:  112 14:06:55    -2155.742057        0.096134
BFGS:  113 14:06:55    -2155.743939        0.104321
BFGS:  114 14:06:55    -2155.746660        0.105455
BFGS:  115 14:06:55    -2155.750714        0.133710
BFGS:  116 14:06:55    -2155.756660        0.168558
BFGS:  117 14:06:56    -2155.763749        0.191724
BFGS:  118 14:06:56    -2155.770437        0.162750
BFGS:  119 14:06:56    -2155.776486        0.193115
BFGS:  120 14:06:56    -2155.781398        0.169503
BFGS:  121 14:06:56    -2155.785817        0.161705
BFGS:  122 14:06:57    -2155.784510        0.600029
BFGS:  123 14:06:57    -2155.791511        0.117975
BFGS:  124 14:06:57    -2155.793443        0.133250
BFGS:  125 14:06:57    -2155.796875        0.172089
BFGS:  126 14:06:57    -2155.799200        0.196049
BFGS:  127 14:06:58    -2155.801610        0.151027
BFGS:  128 14:06:58    -2155.803501        0.072800
BFGS:  129 14:06:58    -2155.805438        0.072899
BFGS:  130 14:06:58    -2155.808217        0.094431
BFGS:  131 14:06:58    -2155.811568        0.112066
BFGS:  132 14:06:59    -2155.815184        0.267131
BFGS:  133 14:06:59    -2155.818456        0.317491
BFGS:  134 14:06:59    -2155.823409        0.129849
BFGS:  135 14:06:59    -2155.830022        0.147836
BFGS:  136 14:06:59    -2155.836490        0.134134
BFGS:  137 14:07:00    -2155.840687        0.134536
BFGS:  138 14:07:00    -2155.844357        0.152069
BFGS:  139 14:07:00    -2155.847274        0.314455
BFGS:  140 14:07:00    -2155.850711        0.452666
BFGS:  141 14:07:00    -2155.853796        0.233247
BFGS:  142 14:07:00    -2155.856383        0.124164
BFGS:  143 14:07:01    -2155.857179        0.101271
BFGS:  144 14:07:01    -2155.858607        0.075896
BFGS:  145 14:07:01    -2155.859833        0.068429
BFGS:  146 14:07:01    -2155.861482        0.073754
BFGS:  147 14:07:01    -2155.863079        0.078384
BFGS:  148 14:07:02    -2155.864189        0.054592
BFGS:  149 14:07:02    -2155.864743        0.048649
BFGS:  150 14:07:02    -2155.865135        0.041286
BFGS:  151 14:07:02    -2155.865573        0.054681
BFGS:  152 14:07:02    -2155.866089        0.054652
BFGS:  153 14:07:02    -2155.866604        0.050889
BFGS:  154 14:07:02    -2155.867078        0.043102
BFGS:  155 14:07:03    -2155.867506        0.045834
BFGS:  156 14:07:03    -2155.867947        0.072679
BFGS:  157 14:07:03    -2155.868458        0.082698
BFGS:  158 14:07:03    -2155.869042        0.082855
BFGS:  159 14:07:03    -2155.869640        0.075377
BFGS:  160 14:07:04    -2155.870131        0.067788
BFGS:  161 14:07:04    -2155.870510        0.052242
BFGS:  162 14:07:04    -2155.870891        0.040171
BFGS:  163 14:07:04    -2155.871387        0.044648
BFGS:  164 14:07:04    -2155.872083        0.055386
BFGS:  165 14:07:04    -2155.872888        0.060812
BFGS:  166 14:07:05    -2155.873715        0.058946
BFGS:  167 14:07:05    -2155.874418        0.053210
BFGS:  168 14:07:05    -2155.874992        0.040976
BFGS:  169 14:07:05    -2155.875469        0.038881
BFGS:  170 14:07:05    -2155.875916        0.035761
BFGS:  171 14:07:05    -2155.876387        0.074356
BFGS:  172 14:07:06    -2155.876891        0.060118
BFGS:  173 14:07:06    -2155.877312        0.113592
BFGS:  174 14:07:06    -2155.877659        0.041431
BFGS:  175 14:07:06    -2155.877910        0.028359
BFGS:  176 14:07:06    -2155.878178        0.025362
BFGS:  177 14:07:06    -2155.878341        0.038902
BFGS:  178 14:07:07    -2155.878569        0.044383
BFGS:  179 14:07:07    -2155.878719        0.045730
BFGS:  180 14:07:07    -2155.878866        0.025158
BFGS:  181 14:07:07    -2155.878975        0.028883
BFGS:  182 14:07:07    -2155.879080        0.031628
BFGS:  183 14:07:07    -2155.879161        0.016371
BFGS:  184 14:07:07    -2155.879244        0.026666
BFGS:  185 14:07:08    -2155.879322        0.016594
BFGS:  186 14:07:08    -2155.879381        0.012862
BFGS:  187 14:07:08    -2155.879422        0.010657
BFGS:  188 14:07:08    -2155.879451        0.010376
BFGS:  189 14:07:08    -2155.879471        0.010798
BFGS:  190 14:07:08    -2155.879487        0.010363
BFGS:  191 14:07:08    -2155.879502        0.010539
BFGS:  192 14:07:09    -2155.879518        0.010920
BFGS:  193 14:07:09    -2155.879536        0.010273
BFGS:  194 14:07:09    -2155.879554        0.008287
