      Step     Time          Energy          fmax
BFGS:    0 12:44:21    -3035.664660      430.367612
BFGS:    1 12:44:22    -3121.503346       46.931120
BFGS:    2 12:44:23    -3142.189274       75.215266
BFGS:    3 12:44:24    -3150.557907       44.126882
BFGS:    4 12:44:25    -3154.916312       21.499102
BFGS:    5 12:44:25    -3157.163389       10.181771
BFGS:    6 12:44:26    -3159.076732        2.918747
BFGS:    7 12:44:27    -3160.214151        3.336351
BFGS:    8 12:44:28    -3160.701829        4.940654
BFGS:    9 12:44:28    -3161.048160        5.460443
BFGS:   10 12:44:29    -3161.463090        5.357089
BFGS:   11 12:44:30    -3161.865486        5.036857
BFGS:   12 12:44:30    -3162.196099        4.009833
BFGS:   13 12:44:31    -3162.384995        2.561996
BFGS:   14 12:44:31    -3162.502519        1.547099
BFGS:   15 12:44:32    -3162.604606        0.901068
BFGS:   16 12:44:32    -3162.651473        0.687958
BFGS:   17 12:44:33    -3162.682048        0.409149
BFGS:   18 12:44:33    -3162.700447        0.219118
BFGS:   19 12:44:34    -3162.710462        0.192377
BFGS:   20 12:44:34    -3162.717151        0.263513
BFGS:   21 12:44:35    -3162.722735        0.286942
BFGS:   22 12:44:35    -3162.727884        0.237443
BFGS:   23 12:44:36    -3162.733344        0.187646
BFGS:   24 12:44:36    -3162.739132        0.217907
BFGS:   25 12:44:37    -3162.744782        0.159788
BFGS:   26 12:44:37    -3162.750116        0.156669
BFGS:   27 12:44:38    -3162.756644        0.235633
BFGS:   28 12:44:38    -3162.768433        0.354596
BFGS:   29 12:44:39    -3162.797537        0.601700
BFGS:   30 12:44:39    -3162.849366        1.257265
BFGS:   31 12:44:40    -3162.917807        1.222968
BFGS:   32 12:44:40    -3163.157768        1.392165
BFGS:   33 12:44:41    -3163.569485        1.530629
BFGS:   34 12:44:42    -3164.075544        1.463463
BFGS:   35 12:44:42    -3164.492543        1.147587
BFGS:   36 12:44:43    -3164.735897        1.495131
BFGS:   37 12:44:43    -3164.940324        1.301002
BFGS:   38 12:44:44    -3165.438604        1.098279
BFGS:   39 12:44:45    -3165.556409        0.872548
BFGS:   40 12:44:45    -3165.673559        0.547626
BFGS:   41 12:44:46    -3165.740017        0.482136
BFGS:   42 12:44:46    -3165.781862        0.546875
BFGS:   43 12:44:47    -3165.804359        0.427566
BFGS:   44 12:44:47    -3165.822935        0.275308
BFGS:   45 12:44:48    -3165.840311        0.193989
BFGS:   46 12:44:48    -3165.855409        0.171438
BFGS:   47 12:44:49    -3165.867695        0.206791
BFGS:   48 12:44:49    -3165.878080        0.191822
BFGS:   49 12:44:50    -3165.886690        0.193623
BFGS:   50 12:44:50    -3165.893190        0.158053
BFGS:   51 12:44:50    -3165.897564        0.133557
BFGS:   52 12:44:51    -3165.900775        0.158246
BFGS:   53 12:44:51    -3165.903921        0.206744
BFGS:   54 12:44:52    -3165.908670        0.279031
BFGS:   55 12:44:52    -3165.919527        0.435752
BFGS:   56 12:44:53    -3165.951944        0.898080
BFGS:   57 12:44:54    -3165.977573        0.948709
BFGS:   58 12:44:55    -3166.081822        0.864026
BFGS:   59 12:44:55    -3166.314389        2.815812
BFGS:   60 12:44:56    -3166.181797        1.376067
BFGS:   61 12:44:57    -3166.516275        1.151066
BFGS:   62 12:44:58    -3166.605026        1.402310
BFGS:   63 12:44:58    -3166.679875        0.788565
BFGS:   64 12:44:59    -3166.781442        0.532133
BFGS:   65 12:45:00    -3166.890832        0.557180
BFGS:   66 12:45:01    -3166.975377        0.506536
BFGS:   67 12:45:01    -3167.071359        0.636258
BFGS:   68 12:45:02    -3167.123144        0.877153
BFGS:   69 12:45:03    -3167.185846        0.808533
BFGS:   70 12:45:03    -3167.236215        0.554614
BFGS:   71 12:45:04    -3167.289572        0.508858
BFGS:   72 12:45:05    -3167.338741        0.547778
BFGS:   73 12:45:06    -3167.395009        0.527579
BFGS:   74 12:45:07    -3167.450885        0.518139
BFGS:   75 12:45:07    -3167.500200        0.410724
BFGS:   76 12:45:08    -3167.546736        0.385506
BFGS:   77 12:45:09    -3167.599327        0.479154
BFGS:   78 12:45:09    -3167.650555        0.366484
BFGS:   79 12:45:10    -3167.690966        0.308480
BFGS:   80 12:45:11    -3167.720381        0.352470
BFGS:   81 12:45:11    -3167.747320        0.326020
BFGS:   82 12:45:12    -3167.775183        0.408382
BFGS:   83 12:45:13    -3167.808780        0.377053
BFGS:   84 12:45:14    -3167.840261        0.338951
BFGS:   85 12:45:14    -3167.874206        0.326568
BFGS:   86 12:45:15    -3167.895589        0.338687
BFGS:   87 12:45:16    -3167.940208        0.322713
BFGS:   88 12:45:16    -3167.967593        0.261598
BFGS:   89 12:45:17    -3167.989400        0.255198
BFGS:   90 12:45:17    -3168.006220        0.213569
BFGS:   91 12:45:18    -3168.024180        0.264681
BFGS:   92 12:45:19    -3168.042491        0.251256
BFGS:   93 12:45:19    -3168.058708        0.226657
BFGS:   94 12:45:20    -3168.070603        0.187191
BFGS:   95 12:45:20    -3168.078138        0.185909
BFGS:   96 12:45:21    -3168.085038        0.167385
BFGS:   97 12:45:21    -3168.091492        0.172865
BFGS:   98 12:45:22    -3168.098810        0.153425
BFGS:   99 12:45:22    -3168.105467        0.145635
BFGS:  100 12:45:23    -3168.110620        0.140136
BFGS:  101 12:45:23    -3168.114555        0.157418
BFGS:  102 12:45:24    -3168.118163        0.153044
BFGS:  103 12:45:24    -3168.121606        0.111167
BFGS:  104 12:45:25    -3168.124716        0.113516
BFGS:  105 12:45:25    -3168.127900        0.097101
BFGS:  106 12:45:25    -3168.131158        0.101258
BFGS:  107 12:45:26    -3168.133841        0.095020
BFGS:  108 12:45:26    -3168.136435        0.087563
BFGS:  109 12:45:27    -3168.138989        0.081218
BFGS:  110 12:45:27    -3168.141431        0.080254
BFGS:  111 12:45:28    -3168.143501        0.075179
BFGS:  112 12:45:28    -3168.145003        0.067276
BFGS:  113 12:45:29    -3168.146041        0.057514
BFGS:  114 12:45:29    -3168.146905        0.055441
BFGS:  115 12:45:29    -3168.147697        0.054411
BFGS:  116 12:45:30    -3168.148383        0.055050
BFGS:  117 12:45:30    -3168.148923        0.053232
BFGS:  118 12:45:31    -3168.149376        0.054343
BFGS:  119 12:45:31    -3168.149835        0.051335
BFGS:  120 12:45:31    -3168.150362        0.052008
BFGS:  121 12:45:32    -3168.150961        0.049159
BFGS:  122 12:45:32    -3168.151611        0.049473
BFGS:  123 12:45:33    -3168.152272        0.053209
BFGS:  124 12:45:33    -3168.152877        0.064291
BFGS:  125 12:45:33    -3168.153361        0.060226
BFGS:  126 12:45:34    -3168.153744        0.048350
BFGS:  127 12:45:34    -3168.154081        0.048644
BFGS:  128 12:45:35    -3168.154437        0.048803
BFGS:  129 12:45:35    -3168.154792        0.049354
BFGS:  130 12:45:35    -3168.155087        0.047565
BFGS:  131 12:45:36    -3168.155309        0.045175
BFGS:  132 12:45:36    -3168.155499        0.043313
BFGS:  133 12:45:36    -3168.155695        0.042555
BFGS:  134 12:45:37    -3168.155909        0.042605
BFGS:  135 12:45:37    -3168.156136        0.042518
BFGS:  136 12:45:38    -3168.156372        0.041968
BFGS:  137 12:45:38    -3168.156618        0.042998
BFGS:  138 12:45:38    -3168.156864        0.044389
BFGS:  139 12:45:39    -3168.157101        0.044165
BFGS:  140 12:45:39    -3168.157327        0.041045
BFGS:  141 12:45:39    -3168.157544        0.036762
BFGS:  142 12:45:40    -3168.157764        0.035229
BFGS:  143 12:45:40    -3168.157983        0.036783
BFGS:  144 12:45:40    -3168.158214        0.035633
BFGS:  145 12:45:41    -3168.158445        0.033621
BFGS:  146 12:45:41    -3168.158654        0.031276
BFGS:  147 12:45:41    -3168.158816        0.031760
BFGS:  148 12:45:42    -3168.158930        0.033819
BFGS:  149 12:45:42    -3168.159019        0.029482
BFGS:  150 12:45:42    -3168.159091        0.029299
BFGS:  151 12:45:43    -3168.159158        0.029614
BFGS:  152 12:45:43    -3168.159220        0.030045
BFGS:  153 12:45:43    -3168.159293        0.029393
BFGS:  154 12:45:44    -3168.159362        0.028435
BFGS:  155 12:45:44    -3168.159421        0.027586
BFGS:  156 12:45:44    -3168.159468        0.027199
BFGS:  157 12:45:45    -3168.159514        0.027032
BFGS:  158 12:45:45    -3168.159569        0.026840
BFGS:  159 12:45:45    -3168.159627        0.026705
BFGS:  160 12:45:46    -3168.159685        0.027082
BFGS:  161 12:45:46    -3168.159742        0.026697
BFGS:  162 12:45:46    -3168.159812        0.026358
BFGS:  163 12:45:47    -3168.159899        0.025046
BFGS:  164 12:45:47    -3168.159989        0.023924
BFGS:  165 12:45:47    -3168.160060        0.023127
BFGS:  166 12:45:47    -3168.160118        0.023006
BFGS:  167 12:45:48    -3168.160175        0.023331
BFGS:  168 12:45:48    -3168.160251        0.024039
BFGS:  169 12:45:48    -3168.160344        0.024987
BFGS:  170 12:45:49    -3168.160455        0.026621
BFGS:  171 12:45:49    -3168.160558        0.028089
BFGS:  172 12:45:50    -3168.160650        0.028598
BFGS:  173 12:45:50    -3168.160709        0.029065
BFGS:  174 12:45:50    -3168.160776        0.029701
BFGS:  175 12:45:50    -3168.160836        0.029307
BFGS:  176 12:45:51    -3168.160898        0.028983
BFGS:  177 12:45:51    -3168.160928        0.028150
BFGS:  178 12:45:51    -3168.160949        0.027746
BFGS:  179 12:45:52    -3168.160968        0.027226
BFGS:  180 12:45:52    -3168.160989        0.026795
BFGS:  181 12:45:52    -3168.161013        0.028057
BFGS:  182 12:45:52    -3168.161036        0.028188
BFGS:  183 12:45:53    -3168.161058        0.027888
BFGS:  184 12:45:53    -3168.161077        0.025775
BFGS:  185 12:45:53    -3168.161096        0.024403
BFGS:  186 12:45:53    -3168.161116        0.023894
BFGS:  187 12:45:54    -3168.161139        0.024501
BFGS:  188 12:45:54    -3168.161174        0.027177
BFGS:  189 12:45:54    -3168.161228        0.030119
BFGS:  190 12:45:54    -3168.161302        0.031279
BFGS:  191 12:45:55    -3168.161387        0.029639
BFGS:  192 12:45:55    -3168.161473        0.024855
BFGS:  193 12:45:55    -3168.161571        0.022382
BFGS:  194 12:45:56    -3168.161693        0.025255
BFGS:  195 12:45:56    -3168.161837        0.026896
BFGS:  196 12:45:56    -3168.161973        0.022266
BFGS:  197 12:45:57    -3168.162105        0.022222
BFGS:  198 12:45:57    -3168.162217        0.017114
BFGS:  199 12:45:57    -3168.162315        0.016963
BFGS:  200 12:45:58    -3168.162403        0.015071
