      Step     Time          Energy          fmax
BFGS:    0 13:57:21      119.116294     6664.858752
BFGS:    1 13:57:22    -1337.974790      864.668666
BFGS:    2 13:57:22    -1708.416538     1747.234267
BFGS:    3 13:57:23    -1751.204172     1548.099046
BFGS:    4 13:57:23    -1915.579690      677.645991
BFGS:    5 13:57:24    -2006.650332      168.984459
BFGS:    6 13:57:24    -2016.658699      234.125883
BFGS:    7 13:57:25    -2057.639565       84.376241
BFGS:    8 13:57:26    -2070.341103       37.448948
BFGS:    9 13:57:26    -2083.071586       31.428526
BFGS:   10 13:57:27    -2089.884266       26.457137
BFGS:   11 13:57:27    -2094.852609       22.698032
BFGS:   12 13:57:28    -2099.325734       14.853397
BFGS:   13 13:57:28    -2102.348176        6.928759
BFGS:   14 13:57:29    -2104.537579        4.200586
BFGS:   15 13:57:30    -2105.723763        5.137090
BFGS:   16 13:57:30    -2106.210508        8.191557
BFGS:   17 13:57:31    -2107.088497        7.135987
BFGS:   18 13:57:32    -2107.593921        6.290129
BFGS:   19 13:57:32    -2108.233110        5.672321
BFGS:   20 13:57:33    -2108.660945        5.784984
BFGS:   21 13:57:33    -2108.971025        5.714301
BFGS:   22 13:57:34    -2109.285595        5.248439
BFGS:   23 13:57:35    -2109.578038        3.884202
BFGS:   24 13:57:35    -2109.888433        3.439371
BFGS:   25 13:57:36    -2110.216698        3.390667
BFGS:   26 13:57:36    -2110.484656        3.067134
BFGS:   27 13:57:37    -2110.726852        2.654105
BFGS:   28 13:57:38    -2110.897044        2.674657
BFGS:   29 13:57:38    -2111.076880        3.158309
BFGS:   30 13:57:38    -2111.238911        3.200802
BFGS:   31 13:57:39    -2111.410404        2.460387
BFGS:   32 13:57:40    -2111.547598        1.849800
BFGS:   33 13:57:40    -2111.656678        1.993058
BFGS:   34 13:57:40    -2111.745069        2.134398
BFGS:   35 13:57:41    -2111.816642        2.189021
BFGS:   36 13:57:41    -2111.874505        2.181300
BFGS:   37 13:57:42    -2111.922814        2.106766
BFGS:   38 13:57:42    -2111.972222        1.987520
BFGS:   39 13:57:43    -2112.018293        1.848276
BFGS:   40 13:57:43    -2112.056545        1.771741
BFGS:   41 13:57:44    -2112.090603        1.636348
BFGS:   42 13:57:44    -2112.124821        1.455745
BFGS:   43 13:57:45    -2112.156707        1.280167
BFGS:   44 13:57:45    -2112.178977        1.176282
BFGS:   45 13:57:46    -2112.193234        1.132174
BFGS:   46 13:57:46    -2112.205554        1.105616
BFGS:   47 13:57:46    -2112.218199        1.084556
BFGS:   48 13:57:47    -2112.230427        1.106939
BFGS:   49 13:57:47    -2112.241064        1.166139
BFGS:   50 13:57:48    -2112.251374        1.236383
BFGS:   51 13:57:48    -2112.264363        1.369975
BFGS:   52 13:57:49    -2112.286120        1.693826
BFGS:   53 13:57:50    -2112.345334        2.547126
BFGS:   54 13:57:51    -2112.331664        3.160931
BFGS:   55 13:57:51    -2112.399753        2.812237
BFGS:   56 13:57:52    -2112.449682        2.791409
BFGS:   57 13:57:52    -2112.741448        2.908983
BFGS:   58 13:57:53    -2112.913164        2.477261
BFGS:   59 13:57:54    -2113.247455        2.057514
BFGS:   60 13:57:55    -2113.505646        2.091916
BFGS:   61 13:57:56    -2113.814994        1.933455
BFGS:   62 13:57:56    -2114.087668        1.908835
BFGS:   63 13:57:57    -2114.229409        2.106136
BFGS:   64 13:57:58    -2114.493571        3.370243
BFGS:   65 13:57:58    -2114.652937        1.447056
BFGS:   66 13:57:59    -2114.768091        1.400479
BFGS:   67 13:58:00    -2114.896429        1.389483
BFGS:   68 13:58:00    -2114.955347        1.169067
BFGS:   69 13:58:00    -2115.003407        0.676897
BFGS:   70 13:58:01    -2115.020611        0.476165
BFGS:   71 13:58:01    -2115.040067        0.433638
BFGS:   72 13:58:02    -2115.071363        0.470269
BFGS:   73 13:58:02    -2115.090161        0.435877
BFGS:   74 13:58:02    -2115.109958        0.554713
BFGS:   75 13:58:03    -2115.127516        0.648953
BFGS:   76 13:58:03    -2115.146249        0.645284
BFGS:   77 13:58:04    -2115.163540        0.509721
BFGS:   78 13:58:04    -2115.179487        0.429945
BFGS:   79 13:58:04    -2115.193259        0.437548
BFGS:   80 13:58:05    -2115.205963        0.436201
BFGS:   81 13:58:05    -2115.220889        0.382444
BFGS:   82 13:58:06    -2115.243450        0.531384
BFGS:   83 13:58:06    -2115.257256        0.688665
BFGS:   84 13:58:07    -2115.282511        0.629826
BFGS:   85 13:58:07    -2115.299649        0.569610
BFGS:   86 13:58:07    -2115.327972        0.469435
BFGS:   87 13:58:08    -2115.337798        0.464214
BFGS:   88 13:58:08    -2115.362948        0.445315
BFGS:   89 13:58:09    -2115.374584        0.486890
BFGS:   90 13:58:09    -2115.394073        0.505162
BFGS:   91 13:58:09    -2115.411010        0.493938
BFGS:   92 13:58:10    -2115.426628        0.428858
BFGS:   93 13:58:10    -2115.437783        0.366407
BFGS:   94 13:58:10    -2115.447309        0.388532
BFGS:   95 13:58:11    -2115.455439        0.424104
BFGS:   96 13:58:11    -2115.461830        0.457965
BFGS:   97 13:58:11    -2115.466807        0.465258
BFGS:   98 13:58:12    -2115.471355        0.450430
BFGS:   99 13:58:12    -2115.475688        0.416130
BFGS:  100 13:58:12    -2115.479286        0.385405
BFGS:  101 13:58:13    -2115.482221        0.372092
BFGS:  102 13:58:13    -2115.485186        0.361850
BFGS:  103 13:58:13    -2115.488552        0.360050
BFGS:  104 13:58:14    -2115.491814        0.358160
BFGS:  105 13:58:14    -2115.494390        0.350256
BFGS:  106 13:58:14    -2115.496517        0.335648
BFGS:  107 13:58:14    -2115.498925        0.317846
BFGS:  108 13:58:15    -2115.502102        0.306667
BFGS:  109 13:58:15    -2115.505718        0.333728
BFGS:  110 13:58:15    -2115.508942        0.338287
BFGS:  111 13:58:16    -2115.511483        0.378126
BFGS:  112 13:58:16    -2115.514020        0.396607
BFGS:  113 13:58:16    -2115.517258        0.398003
BFGS:  114 13:58:17    -2115.521339        0.387257
BFGS:  115 13:58:17    -2115.525915        0.374788
BFGS:  116 13:58:17    -2115.530409        0.380474
BFGS:  117 13:58:18    -2115.534775        0.410668
BFGS:  118 13:58:18    -2115.539517        0.454750
BFGS:  119 13:58:19    -2115.545005        0.482355
BFGS:  120 13:58:19    -2115.551565        0.474127
BFGS:  121 13:58:19    -2115.559998        0.407775
BFGS:  122 13:58:20    -2115.569157        0.379964
BFGS:  123 13:58:20    -2115.576430        0.334534
BFGS:  124 13:58:21    -2115.583898        0.401674
BFGS:  125 13:58:21    -2115.590236        0.210598
BFGS:  126 13:58:21    -2115.596286        0.257272
BFGS:  127 13:58:22    -2115.603510        0.345059
BFGS:  128 13:58:22    -2115.612828        0.418977
BFGS:  129 13:58:22    -2115.620197        0.400576
BFGS:  130 13:58:23    -2115.626676        0.331939
BFGS:  131 13:58:23    -2115.632122        0.340712
BFGS:  132 13:58:23    -2115.636639        0.329126
BFGS:  133 13:58:24    -2115.640924        0.331513
BFGS:  134 13:58:24    -2115.644946        0.372615
BFGS:  135 13:58:24    -2115.649023        0.396960
BFGS:  136 13:58:25    -2115.653447        0.446013
BFGS:  137 13:58:25    -2115.659244        0.456966
BFGS:  138 13:58:25    -2115.665895        0.437687
BFGS:  139 13:58:26    -2115.675830        0.395803
BFGS:  140 13:58:26    -2115.686251        0.367494
BFGS:  141 13:58:26    -2115.695957        0.403877
BFGS:  142 13:58:27    -2115.703095        0.418912
BFGS:  143 13:58:27    -2115.708277        0.475086
BFGS:  144 13:58:27    -2115.713040        0.381438
BFGS:  145 13:58:28    -2115.717617        0.451361
BFGS:  146 13:58:28    -2115.720982        0.475030
BFGS:  147 13:58:28    -2115.724455        0.379396
BFGS:  148 13:58:29    -2115.729746        0.362646
BFGS:  149 13:58:29    -2115.735252        0.309811
BFGS:  150 13:58:29    -2115.740111        0.269350
BFGS:  151 13:58:30    -2115.743865        0.252865
BFGS:  152 13:58:30    -2115.747409        0.234455
BFGS:  153 13:58:30    -2115.751627        0.361336
BFGS:  154 13:58:30    -2115.756229        0.407829
BFGS:  155 13:58:31    -2115.760426        0.348075
BFGS:  156 13:58:31    -2115.763861        0.262421
BFGS:  157 13:58:31    -2115.766829        0.299557
BFGS:  158 13:58:32    -2115.769836        0.355455
BFGS:  159 13:58:32    -2115.772883        0.383690
BFGS:  160 13:58:32    -2115.775419        0.428595
BFGS:  161 13:58:33    -2115.777197        0.435579
BFGS:  162 13:58:33    -2115.778438        0.423485
BFGS:  163 13:58:33    -2115.779597        0.403099
BFGS:  164 13:58:34    -2115.781072        0.369404
BFGS:  165 13:58:34    -2115.782947        0.334771
BFGS:  166 13:58:34    -2115.784559        0.308922
BFGS:  167 13:58:35    -2115.785448        0.304520
BFGS:  168 13:58:35    -2115.785937        0.306051
BFGS:  169 13:58:35    -2115.786446        0.308337
BFGS:  170 13:58:35    -2115.787167        0.309687
BFGS:  171 13:58:36    -2115.787942        0.307262
BFGS:  172 13:58:36    -2115.788527        0.304803
BFGS:  173 13:58:36    -2115.788896        0.304742
BFGS:  174 13:58:36    -2115.789214        0.303306
BFGS:  175 13:58:37    -2115.789592        0.302226
BFGS:  176 13:58:37    -2115.790022        0.301125
BFGS:  177 13:58:37    -2115.790445        0.301912
BFGS:  178 13:58:37    -2115.790837        0.299721
BFGS:  179 13:58:38    -2115.791193        0.296601
BFGS:  180 13:58:38    -2115.791527        0.291433
BFGS:  181 13:58:38    -2115.791858        0.285614
BFGS:  182 13:58:38    -2115.792206        0.277462
BFGS:  183 13:58:39    -2115.792572        0.270132
BFGS:  184 13:58:39    -2115.792895        0.266368
BFGS:  185 13:58:39    -2115.793129        0.263590
BFGS:  186 13:58:39    -2115.793307        0.260135
BFGS:  187 13:58:40    -2115.793483        0.255423
BFGS:  188 13:58:40    -2115.793677        0.248078
BFGS:  189 13:58:40    -2115.793869        0.239671
BFGS:  190 13:58:41    -2115.794038        0.235166
BFGS:  191 13:58:41    -2115.794196        0.232768
BFGS:  192 13:58:41    -2115.794376        0.230339
BFGS:  193 13:58:41    -2115.794612        0.227666
BFGS:  194 13:58:41    -2115.794899        0.225122
BFGS:  195 13:58:42    -2115.795215        0.222863
BFGS:  196 13:58:42    -2115.795554        0.221044
BFGS:  197 13:58:42    -2115.795977        0.218513
BFGS:  198 13:58:43    -2115.796571        0.218571
BFGS:  199 13:58:43    -2115.797393        0.221937
BFGS:  200 13:58:43    -2115.798378        0.225510
