      Step     Time          Energy          fmax
BFGS:    0 20:38:51    -2061.443753        7.582220
BFGS:    1 20:38:52    -2065.552132        4.898378
BFGS:    2 20:38:52    -2068.569079        4.232269
BFGS:    3 20:38:53    -2071.562020        3.908454
BFGS:    4 20:38:54    -2073.599850        7.608233
BFGS:    5 20:38:54    -2077.240346       10.428539
BFGS:    6 20:38:55    -2083.019760       14.729262
BFGS:    7 20:38:56    -2091.095565        8.531849
BFGS:    8 20:38:56    -2091.601572       20.206806
BFGS:    9 20:38:57    -2096.370580        6.223481
BFGS:   10 20:38:57    -2097.638344        5.001086
BFGS:   11 20:38:58    -2099.844718        3.919221
BFGS:   12 20:38:58    -2100.299344        4.565988
BFGS:   13 20:38:59    -2100.742181        1.034461
BFGS:   14 20:38:59    -2100.972918        1.198942
BFGS:   15 20:38:59    -2101.178553        1.411349
BFGS:   16 20:39:00    -2101.316344        1.172612
BFGS:   17 20:39:00    -2101.623934        1.545743
BFGS:   18 20:39:01    -2101.864102        1.399101
BFGS:   19 20:39:01    -2102.127118        1.617786
BFGS:   20 20:39:02    -2102.280505        1.334731
BFGS:   21 20:39:02    -2102.439220        1.394343
BFGS:   22 20:39:03    -2102.555756        1.325957
BFGS:   23 20:39:03    -2102.709328        1.068499
BFGS:   24 20:39:04    -2102.892353        1.181015
BFGS:   25 20:39:04    -2103.120232        2.051389
BFGS:   26 20:39:05    -2103.618309        2.812659
BFGS:   27 20:39:05    -2104.021192        2.492370
BFGS:   28 20:39:06    -2104.105652        3.551425
BFGS:   29 20:39:06    -2104.341322        1.893967
BFGS:   30 20:39:06    -2104.492944        1.384382
BFGS:   31 20:39:07    -2104.743708        1.321350
BFGS:   32 20:39:07    -2104.823362        0.765165
BFGS:   33 20:39:08    -2104.877635        0.486163
BFGS:   34 20:39:08    -2104.926116        0.715247
BFGS:   35 20:39:08    -2104.981292        0.792201
BFGS:   36 20:39:09    -2105.056393        0.724385
BFGS:   37 20:39:09    -2105.145861        0.664131
BFGS:   38 20:39:10    -2105.231782        0.585443
BFGS:   39 20:39:10    -2105.285905        0.344190
BFGS:   40 20:39:11    -2105.321753        0.439404
BFGS:   41 20:39:11    -2105.346007        0.383010
BFGS:   42 20:39:11    -2105.360657        0.251350
BFGS:   43 20:39:12    -2105.368558        0.200259
BFGS:   44 20:39:12    -2105.373678        0.184559
BFGS:   45 20:39:12    -2105.379974        0.198639
BFGS:   46 20:39:13    -2105.386023        0.262811
BFGS:   47 20:39:13    -2105.393596        0.239906
BFGS:   48 20:39:13    -2105.401766        0.255245
BFGS:   49 20:39:14    -2105.412125        0.348550
BFGS:   50 20:39:14    -2105.425914        0.346997
BFGS:   51 20:39:14    -2105.449103        0.594024
BFGS:   52 20:39:15    -2105.487154        0.758220
BFGS:   53 20:39:15    -2105.538009        0.712372
BFGS:   54 20:39:16    -2105.613144        0.822908
BFGS:   55 20:39:16    -2105.685340        0.619148
BFGS:   56 20:39:17    -2105.713300        0.662411
BFGS:   57 20:39:17    -2105.741656        0.540865
BFGS:   58 20:39:17    -2105.765088        0.510004
BFGS:   59 20:39:18    -2105.812388        0.448497
BFGS:   60 20:39:18    -2105.846643        0.730258
BFGS:   61 20:39:19    -2105.893254        0.839900
BFGS:   62 20:39:19    -2105.983163        1.052866
BFGS:   63 20:39:20    -2106.060248        1.377299
BFGS:   64 20:39:20    -2106.140649        1.355035
BFGS:   65 20:39:21    -2106.263827        1.340748
BFGS:   66 20:39:21    -2106.298470        0.941433
BFGS:   67 20:39:21    -2106.347707        1.336894
BFGS:   68 20:39:22    -2106.386041        1.143605
BFGS:   69 20:39:22    -2106.420541        1.005906
BFGS:   70 20:39:23    -2106.457435        0.817419
BFGS:   71 20:39:23    -2106.484644        0.921880
BFGS:   72 20:39:23    -2106.504172        0.872444
BFGS:   73 20:39:24    -2106.524114        0.689232
BFGS:   74 20:39:24    -2106.537308        0.593563
BFGS:   75 20:39:24    -2106.548559        0.560246
BFGS:   76 20:39:25    -2106.558891        0.530386
BFGS:   77 20:39:25    -2106.571671        0.501522
BFGS:   78 20:39:25    -2106.587238        0.589617
BFGS:   79 20:39:26    -2106.603849        0.511543
BFGS:   80 20:39:26    -2106.622253        0.386770
BFGS:   81 20:39:26    -2106.646622        0.413882
BFGS:   82 20:39:27    -2106.680176        0.429168
BFGS:   83 20:39:27    -2106.726018        0.548009
BFGS:   84 20:39:28    -2106.772104        0.802788
BFGS:   85 20:39:28    -2106.828179        0.931518
BFGS:   86 20:39:29    -2106.739323        1.661686
BFGS:   87 20:39:29    -2106.915448        1.020037
BFGS:   88 20:39:30    -2106.966858        0.822717
BFGS:   89 20:39:30    -2107.055688        0.732667
BFGS:   90 20:39:30    -2107.113780        0.868012
BFGS:   91 20:39:31    -2107.146486        0.487080
BFGS:   92 20:39:31    -2107.163223        0.495931
BFGS:   93 20:39:31    -2107.182796        0.498925
BFGS:   94 20:39:32    -2107.193994        0.443768
BFGS:   95 20:39:32    -2107.202463        0.404892
BFGS:   96 20:39:32    -2107.207624        0.383941
BFGS:   97 20:39:33    -2107.212095        0.386636
BFGS:   98 20:39:33    -2107.215615        0.427468
BFGS:   99 20:39:33    -2107.218790        0.415056
BFGS:  100 20:39:34    -2107.221608        0.430905
BFGS:  101 20:39:34    -2107.224555        0.388383
BFGS:  102 20:39:34    -2107.227448        0.350771
BFGS:  103 20:39:35    -2107.230197        0.309780
BFGS:  104 20:39:35    -2107.232834        0.295412
BFGS:  105 20:39:35    -2107.235691        0.293666
BFGS:  106 20:39:36    -2107.238881        0.299178
BFGS:  107 20:39:36    -2107.242837        0.300927
BFGS:  108 20:39:36    -2107.248225        0.394169
BFGS:  109 20:39:37    -2107.255505        0.414241
BFGS:  110 20:39:37    -2107.263742        0.313644
BFGS:  111 20:39:37    -2107.271066        0.199347
BFGS:  112 20:39:38    -2107.276900        0.193746
BFGS:  113 20:39:38    -2107.282002        0.249185
BFGS:  114 20:39:38    -2107.287223        0.213689
BFGS:  115 20:39:39    -2107.292435        0.185932
BFGS:  116 20:39:39    -2107.296497        0.181011
BFGS:  117 20:39:39    -2107.299039        0.177897
BFGS:  118 20:39:40    -2107.300735        0.159314
BFGS:  119 20:39:40    -2107.302012        0.143059
BFGS:  120 20:39:40    -2107.303116        0.138753
BFGS:  121 20:39:41    -2107.304363        0.132229
BFGS:  122 20:39:41    -2107.306124        0.130745
BFGS:  123 20:39:41    -2107.308521        0.135867
BFGS:  124 20:39:42    -2107.311247        0.142120
BFGS:  125 20:39:42    -2107.313752        0.132858
BFGS:  126 20:39:42    -2107.315864        0.151235
BFGS:  127 20:39:42    -2107.317880        0.159294
BFGS:  128 20:39:43    -2107.319920        0.168308
BFGS:  129 20:39:43    -2107.321760        0.164153
BFGS:  130 20:39:43    -2107.323424        0.161045
BFGS:  131 20:39:44    -2107.325233        0.159069
BFGS:  132 20:39:44    -2107.327573        0.158175
BFGS:  133 20:39:44    -2107.330732        0.157202
BFGS:  134 20:39:45    -2107.334936        0.188717
BFGS:  135 20:39:45    -2107.340553        0.219235
BFGS:  136 20:39:45    -2107.347835        0.245157
BFGS:  137 20:39:46    -2107.356963        0.270138
BFGS:  138 20:39:46    -2107.368554        0.308191
BFGS:  139 20:39:47    -2107.385816        0.392595
BFGS:  140 20:39:47    -2107.409156        0.549955
BFGS:  141 20:39:47    -2107.442758        0.660173
BFGS:  142 20:39:48    -2107.486715        0.720450
BFGS:  143 20:39:48    -2107.553578        0.865003
BFGS:  144 20:39:49    -2107.652881        0.862981
BFGS:  145 20:39:49    -2107.722160        0.916989
BFGS:  146 20:39:50    -2107.698544        1.154015
BFGS:  147 20:39:50    -2107.841628        0.889742
BFGS:  148 20:39:50    -2107.912808        0.611016
BFGS:  149 20:39:51    -2107.969682        0.539555
BFGS:  150 20:39:51    -2108.023064        0.364573
BFGS:  151 20:39:51    -2108.034015        0.425323
BFGS:  152 20:39:52    -2108.052511        0.417652
BFGS:  153 20:39:52    -2108.073454        0.373921
BFGS:  154 20:39:53    -2108.082832        0.289998
BFGS:  155 20:39:53    -2108.092782        0.257824
BFGS:  156 20:39:53    -2108.101529        0.213373
BFGS:  157 20:39:53    -2108.106518        0.204921
BFGS:  158 20:39:54    -2108.110104        0.211919
BFGS:  159 20:39:54    -2108.112824        0.215245
BFGS:  160 20:39:54    -2108.115440        0.204559
BFGS:  161 20:39:55    -2108.118386        0.183378
BFGS:  162 20:39:55    -2108.121374        0.141678
BFGS:  163 20:39:55    -2108.123528        0.096484
BFGS:  164 20:39:55    -2108.124673        0.085209
BFGS:  165 20:39:56    -2108.125378        0.092891
BFGS:  166 20:39:56    -2108.126084        0.093058
BFGS:  167 20:39:56    -2108.126782        0.076906
BFGS:  168 20:39:56    -2108.127258        0.060138
BFGS:  169 20:39:57    -2108.127491        0.061362
BFGS:  170 20:39:57    -2108.127615        0.064323
BFGS:  171 20:39:57    -2108.127711        0.063401
BFGS:  172 20:39:57    -2108.127799        0.059318
BFGS:  173 20:39:57    -2108.127879        0.055501
BFGS:  174 20:39:58    -2108.127972        0.052202
BFGS:  175 20:39:58    -2108.128084        0.049225
BFGS:  176 20:39:58    -2108.128199        0.045853
BFGS:  177 20:39:58    -2108.128301        0.044873
BFGS:  178 20:39:58    -2108.128399        0.045271
BFGS:  179 20:39:59    -2108.128513        0.047212
BFGS:  180 20:39:59    -2108.128663        0.045977
BFGS:  181 20:39:59    -2108.128833        0.041012
BFGS:  182 20:39:59    -2108.129014        0.035816
BFGS:  183 20:40:00    -2108.129192        0.038611
BFGS:  184 20:40:00    -2108.129383        0.043763
BFGS:  185 20:40:00    -2108.129584        0.044648
BFGS:  186 20:40:00    -2108.129791        0.041601
BFGS:  187 20:40:01    -2108.129997        0.036588
BFGS:  188 20:40:01    -2108.130225        0.033540
BFGS:  189 20:40:01    -2108.130504        0.045298
BFGS:  190 20:40:01    -2108.130877        0.060391
BFGS:  191 20:40:01    -2108.131358        0.065039
BFGS:  192 20:40:02    -2108.131813        0.050659
BFGS:  193 20:40:02    -2108.132100        0.043231
BFGS:  194 20:40:02    -2108.132235        0.043532
BFGS:  195 20:40:02    -2108.132320        0.043042
BFGS:  196 20:40:03    -2108.132408        0.046023
BFGS:  197 20:40:03    -2108.132514        0.051928
BFGS:  198 20:40:03    -2108.132647        0.056019
BFGS:  199 20:40:03    -2108.132796        0.056176
BFGS:  200 20:40:03    -2108.132975        0.052466
