      Step     Time          Energy          fmax
BFGS:    0 09:49:09    -2862.470064     1866.621779
BFGS:    1 09:49:10    -3112.896781      785.598667
BFGS:    2 09:49:12    -3150.387894      646.662298
BFGS:    3 09:49:13    -3191.502028      470.360653
BFGS:    4 09:49:15    -3239.363401      253.467777
BFGS:    5 09:49:16    -3270.248518       98.980609
BFGS:    6 09:49:17    -3279.145821       43.533489
BFGS:    7 09:49:19    -3282.121998       16.584619
BFGS:    8 09:49:20    -3282.790568        5.741433
BFGS:    9 09:49:21    -3282.889371        2.757157
BFGS:   10 09:49:22    -3282.899576        2.505155
BFGS:   11 09:49:23    -3282.904054        2.459167
BFGS:   12 09:49:25    -3282.910186        2.331823
BFGS:   13 09:49:26    -3282.913740        2.152071
BFGS:   14 09:49:27    -3282.915600        2.043618
BFGS:   15 09:49:28    -3282.916484        2.032655
BFGS:   16 09:49:29    -3282.918052        2.068087
BFGS:   17 09:49:30    -3282.942348        4.736967
BFGS:   18 09:49:31    -3282.828609       17.648101
BFGS:   19 09:49:32    -3283.005723        4.092734
BFGS:   20 09:49:34    -3283.026925        6.100670
BFGS:   21 09:49:35    -3283.051049        7.996461
BFGS:   22 09:49:36    -3283.241125       19.907132
BFGS:   23 09:49:37    -3283.929515       27.844284
BFGS:   24 09:49:39    -3285.497769       30.415119
BFGS:   25 09:49:40    -3287.725651       28.476990
BFGS:   26 09:49:41    -3290.180880       23.678198
BFGS:   27 09:49:43    -3292.428287       17.503431
BFGS:   28 09:49:44    -3294.258994       11.716507
BFGS:   29 09:49:45    -3295.617938        9.601791
BFGS:   30 09:49:46    -3296.531264        7.253512
BFGS:   31 09:49:48    -3297.057120        4.990895
BFGS:   32 09:49:49    -3297.263028        3.555779
BFGS:   33 09:49:50    -3297.316345        3.268106
BFGS:   34 09:49:51    -3297.380574        3.283429
BFGS:   35 09:49:52    -3297.536404        3.631727
BFGS:   36 09:49:54    -3297.715627        3.798997
BFGS:   37 09:50:05    -3297.720143        3.390635
BFGS:   38 09:50:07    -3297.896287        2.905870
BFGS:   39 09:50:10    -3298.020773        2.134214
BFGS:   40 09:50:12    -3298.084164        1.400793
BFGS:   41 09:50:13    -3298.118592        1.128598
BFGS:   42 09:50:15    -3298.247778        0.734180
BFGS:   43 09:50:18    -3298.362295        0.735360
BFGS:   44 09:50:22    -3298.433971        0.989531
BFGS:   45 09:50:24    -3298.519753        1.124350
BFGS:   46 09:50:26    -3298.579870        1.268316
BFGS:   47 09:50:27    -3298.633437        1.089666
BFGS:   48 09:50:28    -3298.710926        0.657989
BFGS:   49 09:50:29    -3298.720132        0.586943
BFGS:   50 09:50:30    -3298.723183        0.561995
BFGS:   51 09:50:31    -3298.728449        0.518733
BFGS:   52 09:50:32    -3298.738899        0.435336
BFGS:   53 09:50:33    -3298.753801        0.309941
BFGS:   54 09:50:34    -3298.766840        0.195018
BFGS:   55 09:50:35    -3298.773415        0.178127
BFGS:   56 09:50:36    -3298.774417        0.176373
BFGS:   57 09:50:37    -3298.774457        0.175868
BFGS:   58 09:50:38    -3298.774470        0.175639
BFGS:   59 09:50:38    -3298.774475        0.175538
BFGS:   60 09:50:39    -3298.774477        0.175661
BFGS:   61 09:50:39    -3298.774477        0.175625
BFGS:   62 09:50:40    -3298.774479        0.175295
BFGS:   63 09:50:41    -3298.774480        0.175487
BFGS:   64 09:50:41    -3298.774490        0.175327
BFGS:   65 09:50:42    -3298.774510        0.175860
BFGS:   66 09:50:42    -3298.774586        0.177262
BFGS:   67 09:50:43    -3298.774761        0.179922
BFGS:   68 09:50:44    -3298.775246        0.185668
BFGS:   69 09:50:45    -3298.776547        0.199254
BFGS:   70 09:50:46    -3298.780243        0.249462
BFGS:   71 09:50:48    -3298.791801        0.515659
BFGS:   72 09:50:49    -3298.810769        0.871358
BFGS:   73 09:50:50    -3298.832326        1.191209
BFGS:   74 09:50:52    -3298.862266        1.438503
BFGS:   75 09:50:53    -3298.907949        1.568053
BFGS:   76 09:50:54    -3298.984311        1.472031
BFGS:   77 09:50:56    -3299.090460        1.212516
BFGS:   78 09:50:57    -3299.180522        0.899674
BFGS:   79 09:50:58    -3299.246265        0.151756
BFGS:   80 09:50:59    -3299.247111        0.155109
BFGS:   81 09:51:00    -3299.247217        0.148176
BFGS:   82 09:51:01    -3299.247251        0.145959
BFGS:   83 09:51:01    -3299.247253        0.145702
BFGS:   84 09:51:02    -3299.247253        0.145635
BFGS:   85 09:51:02    -3299.247255        0.145591
BFGS:   86 09:51:03    -3299.247256        0.145544
BFGS:   87 09:51:03    -3299.247259        0.145330
BFGS:   88 09:51:04    -3299.247270        0.144917
BFGS:   89 09:51:04    -3299.247288        0.144604
BFGS:   90 09:51:05    -3299.247363        0.143915
BFGS:   91 09:51:06    -3299.247529        0.143377
BFGS:   92 09:51:06    -3299.248003        0.143510
BFGS:   93 09:51:07    -3299.249154        0.146276
BFGS:   94 09:51:08    -3299.252073        0.158216
BFGS:   95 09:51:09    -3299.259135        0.181669
BFGS:   96 09:51:11    -3299.276025        0.213923
BFGS:   97 09:51:12    -3299.307298        0.265774
BFGS:   98 09:51:14    -3299.348171        0.191638
BFGS:   99 09:51:15    -3299.386042        0.222853
BFGS:  100 09:51:17    -3299.424477        0.295722
BFGS:  101 09:51:19    -3299.460928        0.386160
BFGS:  102 09:51:20    -3299.491691        0.486775
BFGS:  103 09:51:22    -3299.513351        0.581664
BFGS:  104 09:51:23    -3299.523438        0.629093
BFGS:  105 09:51:24    -3299.526060        0.608977
BFGS:  106 09:51:25    -3299.542402        0.359267
BFGS:  107 09:51:27    -3299.552176        0.246825
BFGS:  108 09:51:28    -3299.568408        0.151437
BFGS:  109 09:51:29    -3299.579537        0.089802
BFGS:  110 09:51:30    -3299.584423        0.041900
BFGS:  111 09:51:31    -3299.585713        0.027387
BFGS:  112 09:51:32    -3299.586031        0.009178
      Step     Time          Energy          fmax
BFGS:    0 12:34:15    -3189.985753      312.851954
BFGS:    1 12:34:16    -3262.381807       38.874386
BFGS:    2 12:34:17    -3273.857687       94.097693
BFGS:    3 12:34:18    -3287.939843       35.885727
BFGS:    4 12:34:20    -3293.498761       15.602367
BFGS:    5 12:34:21    -3295.586618        6.710323
BFGS:    6 12:34:22    -3296.948586        2.617203
BFGS:    7 12:34:23    -3297.992670        2.105525
BFGS:    8 12:34:23    -3298.673347        2.894447
BFGS:    9 12:34:24    -3299.165566        3.832510
BFGS:   10 12:34:25    -3299.623499        4.286228
BFGS:   11 12:34:26    -3299.970493        4.112602
BFGS:   12 12:34:27    -3300.185536        3.474727
BFGS:   13 12:34:27    -3300.373676        2.568959
BFGS:   14 12:34:28    -3300.575437        1.718697
BFGS:   15 12:34:29    -3300.779265        0.874855
BFGS:   16 12:34:30    -3300.907896        0.743153
BFGS:   17 12:34:30    -3300.955346        0.509549
BFGS:   18 12:34:31    -3300.976779        0.586869
BFGS:   19 12:34:32    -3300.991783        0.568599
BFGS:   20 12:34:32    -3301.002752        0.490606
BFGS:   21 12:34:33    -3301.013329        0.364612
BFGS:   22 12:34:33    -3301.023798        0.310863
BFGS:   23 12:34:34    -3301.034249        0.256049
BFGS:   24 12:34:35    -3301.044856        0.274721
BFGS:   25 12:34:35    -3301.055099        0.295823
BFGS:   26 12:34:36    -3301.064491        0.314546
BFGS:   27 12:34:36    -3301.073774        0.326181
BFGS:   28 12:34:37    -3301.083499        0.366503
BFGS:   29 12:34:37    -3301.092968        0.364248
BFGS:   30 12:34:38    -3301.100717        0.333615
BFGS:   31 12:34:39    -3301.105900        0.293128
BFGS:   32 12:34:39    -3301.109261        0.252881
BFGS:   33 12:34:40    -3301.111970        0.263803
BFGS:   34 12:34:40    -3301.114173        0.234619
BFGS:   35 12:34:41    -3301.115549        0.160965
BFGS:   36 12:34:42    -3301.116198        0.088672
BFGS:   37 12:34:42    -3301.116509        0.042095
BFGS:   38 12:34:42    -3301.116713        0.031871
BFGS:   39 12:34:43    -3301.116859        0.021907
BFGS:   40 12:34:43    -3301.116940        0.013911
BFGS:   41 12:34:44    -3301.116986        0.011461
BFGS:   42 12:34:44    -3301.117020        0.011444
BFGS:   43 12:34:44    -3301.117047        0.010134
BFGS:   44 12:34:45    -3301.117071        0.012888
BFGS:   45 12:34:45    -3301.117091        0.012555
BFGS:   46 12:34:46    -3301.117109        0.012601
BFGS:   47 12:34:46    -3301.117123        0.011275
BFGS:   48 12:34:46    -3301.117132        0.009086
