      Step     Time          Energy          fmax
BFGS:    0 20:36:50    -2867.875751       11.289254
BFGS:    1 20:36:51    -2877.911757        7.989939
BFGS:    2 20:36:52    -2881.265064       10.717269
BFGS:    3 20:36:53    -2883.473382        3.157808
BFGS:    4 20:36:54    -2884.433086        2.219592
BFGS:    5 20:36:55    -2885.395655        2.835339
BFGS:    6 20:36:56    -2885.747413        1.407849
BFGS:    7 20:36:56    -2886.048081        1.668371
BFGS:    8 20:36:57    -2886.463400        1.335079
BFGS:    9 20:36:58    -2886.680419        1.433088
BFGS:   10 20:36:59    -2886.971320        0.834822
BFGS:   11 20:37:00    -2887.112465        0.678453
BFGS:   12 20:37:00    -2887.221111        0.611960
BFGS:   13 20:37:01    -2887.306882        0.704941
BFGS:   14 20:37:02    -2887.425446        0.927020
BFGS:   15 20:37:03    -2887.516779        1.307109
BFGS:   16 20:37:04    -2887.612329        1.053335
BFGS:   17 20:37:04    -2887.710421        0.738447
BFGS:   18 20:37:05    -2887.833512        0.627777
BFGS:   19 20:37:06    -2887.926770        0.490509
BFGS:   20 20:37:07    -2888.030785        0.893231
BFGS:   21 20:37:08    -2888.098037        0.842968
BFGS:   22 20:37:09    -2888.140075        0.536652
BFGS:   23 20:37:09    -2888.168634        0.345830
BFGS:   24 20:37:10    -2888.197724        0.414264
BFGS:   25 20:37:11    -2888.246403        0.473093
BFGS:   26 20:37:12    -2888.287200        0.387074
BFGS:   27 20:37:13    -2888.316862        0.278050
BFGS:   28 20:37:13    -2888.341311        0.343557
BFGS:   29 20:37:14    -2888.373916        0.444752
BFGS:   30 20:37:15    -2888.422956        0.502042
BFGS:   31 20:37:16    -2888.479363        0.547133
BFGS:   32 20:37:17    -2888.521875        0.331615
BFGS:   33 20:37:18    -2888.544555        0.314734
BFGS:   34 20:37:19    -2888.561973        0.269000
BFGS:   35 20:37:20    -2888.582290        0.260132
BFGS:   36 20:37:20    -2888.601035        0.212578
BFGS:   37 20:37:21    -2888.614987        0.281743
BFGS:   38 20:37:22    -2888.626933        0.242969
BFGS:   39 20:37:23    -2888.636688        0.164373
BFGS:   40 20:37:24    -2888.643047        0.097994
BFGS:   41 20:37:25    -2888.645998        0.093883
BFGS:   42 20:37:25    -2888.648920        0.095116
BFGS:   43 20:37:26    -2888.652604        0.100096
BFGS:   44 20:37:27    -2888.656251        0.104872
BFGS:   45 20:37:28    -2888.658802        0.072893
BFGS:   46 20:37:29    -2888.660515        0.063117
BFGS:   47 20:37:29    -2888.662360        0.065435
BFGS:   48 20:37:30    -2888.664927        0.070972
BFGS:   49 20:37:31    -2888.667864        0.070758
BFGS:   50 20:37:31    -2888.670317        0.065427
BFGS:   51 20:37:32    -2888.671935        0.061175
BFGS:   52 20:37:33    -2888.673101        0.055795
BFGS:   53 20:37:33    -2888.674339        0.068120
BFGS:   54 20:37:34    -2888.675940        0.067659
BFGS:   55 20:37:35    -2888.677696        0.089694
BFGS:   56 20:37:35    -2888.679292        0.098408
BFGS:   57 20:37:36    -2888.680849        0.080073
BFGS:   58 20:37:37    -2888.682542        0.072828
BFGS:   59 20:37:37    -2888.684373        0.078331
BFGS:   60 20:37:38    -2888.685905        0.076801
BFGS:   61 20:37:39    -2888.687191        0.082417
BFGS:   62 20:37:39    -2888.688637        0.072355
BFGS:   63 20:37:40    -2888.690580        0.072925
BFGS:   64 20:37:41    -2888.692759        0.073021
BFGS:   65 20:37:41    -2888.694461        0.054961
BFGS:   66 20:37:42    -2888.695529        0.046774
BFGS:   67 20:37:43    -2888.696381        0.049326
BFGS:   68 20:37:43    -2888.697276        0.052849
BFGS:   69 20:37:44    -2888.698039        0.043628
BFGS:   70 20:37:45    -2888.698515        0.035942
BFGS:   71 20:37:45    -2888.698836        0.030594
BFGS:   72 20:37:46    -2888.699152        0.042252
BFGS:   73 20:37:46    -2888.699654        0.058621
BFGS:   74 20:37:47    -2888.700198        0.054000
BFGS:   75 20:37:48    -2888.700632        0.030484
BFGS:   76 20:37:48    -2888.700971        0.029988
BFGS:   77 20:37:49    -2888.701346        0.034246
BFGS:   78 20:37:49    -2888.701861        0.052108
BFGS:   79 20:37:50    -2888.702433        0.050342
BFGS:   80 20:37:50    -2888.702861        0.038301
BFGS:   81 20:37:51    -2888.703079        0.028096
BFGS:   82 20:37:51    -2888.703209        0.022448
BFGS:   83 20:37:52    -2888.703345        0.021436
BFGS:   84 20:37:52    -2888.703523        0.026926
BFGS:   85 20:37:53    -2888.703790        0.041348
BFGS:   86 20:37:54    -2888.704202        0.047608
BFGS:   87 20:37:54    -2888.704851        0.044793
BFGS:   88 20:37:55    -2888.705740        0.051541
BFGS:   89 20:37:55    -2888.706726        0.053805
BFGS:   90 20:37:56    -2888.707885        0.073814
BFGS:   91 20:37:57    -2888.709465        0.102562
BFGS:   92 20:37:58    -2888.712008        0.117118
BFGS:   93 20:37:58    -2888.716008        0.145006
BFGS:   94 20:37:59    -2888.720962        0.132186
BFGS:   95 20:38:00    -2888.725874        0.115037
BFGS:   96 20:38:01    -2888.730232        0.095954
BFGS:   97 20:38:01    -2888.734670        0.119129
BFGS:   98 20:38:02    -2888.740488        0.153641
BFGS:   99 20:38:03    -2888.743601        0.222772
BFGS:  100 20:38:04    -2888.744193        0.142361
BFGS:  101 20:38:04    -2888.749170        0.052641
BFGS:  102 20:38:05    -2888.749836        0.097965
BFGS:  103 20:38:06    -2888.750649        0.053004
BFGS:  104 20:38:07    -2888.751420        0.053901
BFGS:  105 20:38:07    -2888.753357        0.068969
BFGS:  106 20:38:08    -2888.754904        0.063231
BFGS:  107 20:38:09    -2888.756374        0.083237
BFGS:  108 20:38:10    -2888.755565        0.140429
BFGS:  109 20:38:11    -2888.757167        0.127807
BFGS:  110 20:38:11    -2888.758547        0.033718
BFGS:  111 20:38:12    -2888.759189        0.033460
BFGS:  112 20:38:13    -2888.758548        0.149175
BFGS:  113 20:38:14    -2888.760003        0.028711
BFGS:  114 20:38:14    -2888.760302        0.026642
BFGS:  115 20:38:15    -2888.760646        0.055988
BFGS:  116 20:38:15    -2888.760994        0.021283
BFGS:  117 20:38:16    -2888.761074        0.014600
BFGS:  118 20:38:17    -2888.761166        0.023468
BFGS:  119 20:38:17    -2888.761187        0.012677
BFGS:  120 20:38:17    -2888.761202        0.008337
