      Step     Time          Energy          fmax
BFGS:    0 09:46:26    -2443.016366       18.513997
BFGS:    1 09:46:27    -2445.537808        8.113975
BFGS:    2 09:46:28    -2446.503807        4.351491
BFGS:    3 09:46:28    -2447.087637        2.055939
BFGS:    4 09:46:29    -2447.332802        1.077096
BFGS:    5 09:46:30    -2447.455597        0.837481
BFGS:    6 09:46:31    -2447.579167        0.991310
BFGS:    7 09:46:31    -2447.712902        1.006314
BFGS:    8 09:46:32    -2447.860065        0.882140
BFGS:    9 09:46:32    -2448.005276        0.757604
BFGS:   10 09:46:33    -2448.140131        0.702421
BFGS:   11 09:46:34    -2448.257161        0.741180
BFGS:   12 09:46:34    -2448.349848        0.764348
BFGS:   13 09:46:35    -2448.410715        0.792077
BFGS:   14 09:46:36    -2448.431161        0.829564
BFGS:   15 09:46:36    -2448.463030        0.817241
BFGS:   16 09:46:37    -2448.656837        0.746126
BFGS:   17 09:46:38    -2448.773948        0.523778
BFGS:   18 09:46:39    -2448.868439        1.022936
BFGS:   19 09:46:39    -2448.897165        1.508702
BFGS:   20 09:46:40    -2448.917561        1.141112
BFGS:   21 09:46:40    -2448.938085        0.932930
BFGS:   22 09:46:41    -2449.025414        0.643652
BFGS:   23 09:46:41    -2449.077331        0.488842
BFGS:   24 09:46:42    -2449.089451        0.333731
BFGS:   25 09:46:42    -2449.091740        0.331448
BFGS:   26 09:46:43    -2449.116990        0.130089
BFGS:   27 09:46:43    -2449.121518        0.067496
BFGS:   28 09:46:44    -2449.122691        0.008584
      Step     Time          Energy          fmax
BFGS:    0 12:32:22    -2388.826527       75.796427
BFGS:    1 12:32:22    -2434.663738        6.671334
BFGS:    2 12:32:23    -2437.319614        2.388038
BFGS:    3 12:32:23    -2438.088237        1.544752
BFGS:    4 12:32:24    -2438.570820        1.180374
BFGS:    5 12:32:24    -2439.122631        2.289292
BFGS:    6 12:32:25    -2439.403728        1.606735
BFGS:    7 12:32:25    -2439.693770        1.162732
BFGS:    8 12:32:26    -2439.881960        0.642160
BFGS:    9 12:32:26    -2439.963746        0.597335
BFGS:   10 12:32:27    -2440.053450        0.656531
BFGS:   11 12:32:27    -2440.136622        0.753229
BFGS:   12 12:32:28    -2440.209746        0.649450
BFGS:   13 12:32:28    -2440.273854        0.669402
BFGS:   14 12:32:29    -2440.318478        0.487889
BFGS:   15 12:32:29    -2440.342810        0.652517
BFGS:   16 12:32:30    -2440.367396        0.421554
BFGS:   17 12:32:30    -2440.395923        0.397164
BFGS:   18 12:32:31    -2440.447079        0.492113
BFGS:   19 12:32:31    -2440.503034        0.593101
BFGS:   20 12:32:32    -2440.761864        1.617266
BFGS:   21 12:32:32    -2442.106297        3.578775
BFGS:   22 12:32:33    -2442.319587       11.238391
BFGS:   23 12:32:33    -2443.146341        3.899151
BFGS:   24 12:32:33    -2443.636120        4.750348
BFGS:   25 12:32:34    -2444.916072        4.376879
BFGS:   26 12:32:34    -2445.707054        6.186085
BFGS:   27 12:32:35    -2446.063345        3.526506
BFGS:   28 12:32:35    -2446.312944        1.628065
BFGS:   29 12:32:36    -2446.425217        1.059279
BFGS:   30 12:32:36    -2446.578441        0.834844
BFGS:   31 12:32:36    -2446.780576        0.801497
BFGS:   32 12:32:37    -2446.920098        1.514179
BFGS:   33 12:32:37    -2447.111036        0.968226
BFGS:   34 12:32:37    -2447.273965        1.074392
BFGS:   35 12:32:38    -2447.374145        0.648464
BFGS:   36 12:32:38    -2447.437000        0.398685
BFGS:   37 12:32:39    -2447.473748        0.396021
BFGS:   38 12:32:39    -2447.501724        0.718949
BFGS:   39 12:32:39    -2447.526867        0.514631
BFGS:   40 12:32:40    -2447.543232        0.653805
BFGS:   41 12:32:40    -2447.552179        0.311087
BFGS:   42 12:32:41    -2447.557369        0.268463
BFGS:   43 12:32:41    -2447.560629        0.103426
BFGS:   44 12:32:41    -2447.562729        0.114484
BFGS:   45 12:32:42    -2447.563821        0.132348
BFGS:   46 12:32:42    -2447.564925        0.115993
BFGS:   47 12:32:43    -2447.566033        0.105106
BFGS:   48 12:32:43    -2447.566802        0.055072
BFGS:   49 12:32:43    -2447.567240        0.045050
BFGS:   50 12:32:44    -2447.567662        0.080192
BFGS:   51 12:32:44    -2447.568144        0.083225
BFGS:   52 12:32:44    -2447.568620        0.054301
BFGS:   53 12:32:44    -2447.569061        0.045441
BFGS:   54 12:32:44    -2447.569591        0.053255
BFGS:   55 12:32:45    -2447.570497        0.124714
BFGS:   56 12:32:45    -2447.572227        0.207998
BFGS:   57 12:32:45    -2447.575336        0.294736
BFGS:   58 12:32:45    -2447.580220        0.332086
BFGS:   59 12:32:45    -2447.586497        0.271014
BFGS:   60 12:32:46    -2447.593854        0.165290
BFGS:   61 12:32:46    -2447.601820        0.239213
BFGS:   62 12:32:46    -2447.608916        0.422809
BFGS:   63 12:32:46    -2447.611798        0.479335
BFGS:   64 12:32:47    -2447.620743        0.301158
BFGS:   65 12:32:47    -2447.625246        0.786983
BFGS:   66 12:32:47    -2447.630735        0.297921
BFGS:   67 12:32:47    -2447.638021        0.222350
BFGS:   68 12:32:47    -2447.645135        0.394052
BFGS:   69 12:32:48    -2447.654320        0.429645
BFGS:   70 12:32:48    -2447.661530        0.466301
BFGS:   71 12:32:48    -2447.673843        0.489147
BFGS:   72 12:32:48    -2447.688276        0.306300
BFGS:   73 12:32:48    -2447.708597        0.748571
BFGS:   74 12:32:49    -2447.699152        1.187157
BFGS:   75 12:32:49    -2447.730656        0.416997
BFGS:   76 12:32:49    -2447.735213        0.379753
BFGS:   77 12:32:49    -2447.743566        0.650170
BFGS:   78 12:32:50    -2447.755330        0.372857
BFGS:   79 12:32:50    -2447.771406        0.528237
BFGS:   80 12:32:50    -2447.779719        0.260447
BFGS:   81 12:32:50    -2447.783621        0.272293
BFGS:   82 12:32:50    -2447.786448        0.296244
BFGS:   83 12:32:51    -2447.789783        0.338936
BFGS:   84 12:32:51    -2447.795381        0.285858
BFGS:   85 12:32:51    -2447.804606        0.309373
BFGS:   86 12:32:51    -2447.809439        0.469214
BFGS:   87 12:32:52    -2447.814746        0.375590
BFGS:   88 12:32:52    -2447.822030        0.312098
BFGS:   89 12:32:52    -2447.832580        0.311922
BFGS:   90 12:32:52    -2447.839325        0.517965
BFGS:   91 12:32:52    -2447.847603        0.310309
BFGS:   92 12:32:53    -2447.859057        0.590800
BFGS:   93 12:32:53    -2447.857683        0.634386
BFGS:   94 12:32:53    -2447.877639        0.351052
BFGS:   95 12:32:53    -2447.884193        0.388953
BFGS:   96 12:32:54    -2447.892497        0.318904
BFGS:   97 12:32:54    -2447.900596        0.272320
BFGS:   98 12:32:54    -2447.907177        0.380811
BFGS:   99 12:32:54    -2447.912944        0.215263
BFGS:  100 12:32:54    -2447.917718        0.323549
BFGS:  101 12:32:55    -2447.918556        0.436609
BFGS:  102 12:32:55    -2447.925475        0.402231
BFGS:  103 12:32:55    -2447.928496        0.285078
BFGS:  104 12:32:55    -2447.931950        0.175559
BFGS:  105 12:32:55    -2447.934986        0.302336
BFGS:  106 12:32:56    -2447.937718        0.122709
BFGS:  107 12:32:56    -2447.939681        0.120672
BFGS:  108 12:32:56    -2447.940513        0.234165
BFGS:  109 12:32:56    -2447.941706        0.185329
BFGS:  110 12:32:56    -2447.942772        0.126606
BFGS:  111 12:32:57    -2447.944621        0.169463
BFGS:  112 12:32:57    -2447.945724        0.139884
BFGS:  113 12:32:57    -2447.946707        0.150143
BFGS:  114 12:32:57    -2447.947360        0.095246
BFGS:  115 12:32:57    -2447.947825        0.081592
BFGS:  116 12:32:57    -2447.948170        0.093225
BFGS:  117 12:32:58    -2447.948388        0.080152
BFGS:  118 12:32:58    -2447.948623        0.078265
BFGS:  119 12:32:58    -2447.948974        0.086347
BFGS:  120 12:32:58    -2447.949541        0.051795
BFGS:  121 12:32:58    -2447.949800        0.053398
BFGS:  122 12:32:58    -2447.950073        0.036313
BFGS:  123 12:32:59    -2447.950228        0.041846
BFGS:  124 12:32:59    -2447.950336        0.030997
BFGS:  125 12:32:59    -2447.950407        0.022222
BFGS:  126 12:32:59    -2447.950473        0.027113
BFGS:  127 12:32:59    -2447.950543        0.016959
BFGS:  128 12:32:59    -2447.950620        0.020482
BFGS:  129 12:32:59    -2447.950709        0.024061
BFGS:  130 12:32:59    -2447.950815        0.023478
BFGS:  131 12:33:00    -2447.950931        0.023333
BFGS:  132 12:33:00    -2447.951036        0.034923
BFGS:  133 12:33:00    -2447.951109        0.037358
BFGS:  134 12:33:00    -2447.951166        0.040871
BFGS:  135 12:33:00    -2447.951226        0.037027
BFGS:  136 12:33:00    -2447.951311        0.035212
BFGS:  137 12:33:00    -2447.951437        0.031502
BFGS:  138 12:33:01    -2447.951607        0.032151
BFGS:  139 12:33:01    -2447.951833        0.033766
BFGS:  140 12:33:01    -2447.952083        0.036102
BFGS:  141 12:33:01    -2447.952341        0.036669
BFGS:  142 12:33:01    -2447.952555        0.032369
BFGS:  143 12:33:01    -2447.952697        0.019749
BFGS:  144 12:33:02    -2447.952773        0.010056
BFGS:  145 12:33:02    -2447.952816        0.010188
BFGS:  146 12:33:02    -2447.952848        0.011566
BFGS:  147 12:33:02    -2447.952873        0.011597
BFGS:  148 12:33:02    -2447.952892        0.009629
