      Step     Time          Energy          fmax
BFGS:    0 12:22:04    -2176.014440        4.426219
BFGS:    1 12:22:05    -2177.406867        1.937961
BFGS:    2 12:22:05    -2178.046639        1.675903
BFGS:    3 12:22:06    -2179.447829        2.975958
BFGS:    4 12:22:06    -2183.809699        6.115423
BFGS:    5 12:22:07    -2192.470126        7.384924
BFGS:    6 12:22:07    -2199.894982       14.342753
BFGS:    7 12:22:07    -2194.573683       51.336430
BFGS:    8 12:22:08    -2207.630107        3.680322
BFGS:    9 12:22:08    -2209.073969        5.121726
BFGS:   10 12:22:08    -2211.474014        9.827905
BFGS:   11 12:22:08    -2213.249272        3.350540
BFGS:   12 12:22:09    -2215.111859        5.530438
BFGS:   13 12:22:09    -2216.471053        5.948687
BFGS:   14 12:22:09    -2217.876107        3.792537
BFGS:   15 12:22:09    -2219.378664        3.350721
BFGS:   16 12:22:09    -2219.875864        1.844010
BFGS:   17 12:22:10    -2220.113028        2.812044
BFGS:   18 12:22:10    -2220.209901        4.686121
BFGS:   19 12:22:10    -2220.531713        1.552228
BFGS:   20 12:22:10    -2220.819534        2.149144
BFGS:   21 12:22:10    -2221.073306        2.786075
BFGS:   22 12:22:11    -2221.248407        1.830896
BFGS:   23 12:22:11    -2221.393118        0.947154
BFGS:   24 12:22:11    -2221.478970        1.222075
BFGS:   25 12:22:11    -2221.546332        0.985772
BFGS:   26 12:22:11    -2221.589475        0.478680
BFGS:   27 12:22:12    -2221.610492        0.467669
BFGS:   28 12:22:12    -2221.625373        0.339071
BFGS:   29 12:22:12    -2221.638049        0.255313
BFGS:   30 12:22:12    -2221.647747        0.281847
BFGS:   31 12:22:12    -2221.660765        0.328624
BFGS:   32 12:22:12    -2221.672258        0.418036
BFGS:   33 12:22:13    -2221.694250        0.823157
BFGS:   34 12:22:13    -2221.852803        3.871531
BFGS:   35 12:22:14    -2221.194536        6.292519
BFGS:   36 12:22:14    -2222.218612        3.944736
BFGS:   37 12:22:14    -2222.552575        3.666405
BFGS:   38 12:22:14    -2223.183068        3.234270
BFGS:   39 12:22:15    -2222.029197       21.875077
BFGS:   40 12:22:15    -2223.955296        3.421435
BFGS:   41 12:22:15    -2224.347062        2.814426
BFGS:   42 12:22:16    -2223.816599       13.054643
BFGS:   43 12:22:16    -2224.788150        1.355382
BFGS:   44 12:22:16    -2224.929860        0.715555
BFGS:   45 12:22:16    -2225.099774        2.011510
BFGS:   46 12:22:17    -2225.170853        1.119356
BFGS:   47 12:22:17    -2225.270641        0.424562
BFGS:   48 12:22:17    -2225.324742        0.578419
BFGS:   49 12:22:17    -2225.370411        0.778616
BFGS:   50 12:22:17    -2225.423919        0.657248
BFGS:   51 12:22:18    -2225.462831        0.499285
BFGS:   52 12:22:18    -2225.493991        0.489223
BFGS:   53 12:22:18    -2225.529505        0.533469
BFGS:   54 12:22:18    -2225.581565        0.635327
BFGS:   55 12:22:18    -2225.649036        0.795408
BFGS:   56 12:22:18    -2225.724041        1.154068
BFGS:   57 12:22:19    -2225.822870        1.258690
BFGS:   58 12:22:19    -2225.979124        0.827233
BFGS:   59 12:22:19    -2226.093614        0.792299
BFGS:   60 12:22:19    -2226.189857        0.741515
BFGS:   61 12:22:19    -2226.270885        1.083910
BFGS:   62 12:22:20    -2226.315321        0.712944
BFGS:   63 12:22:20    -2226.343381        0.339090
BFGS:   64 12:22:20    -2226.358783        0.207582
BFGS:   65 12:22:20    -2226.367708        0.285841
BFGS:   66 12:22:20    -2226.374437        0.257974
BFGS:   67 12:22:20    -2226.380816        0.179309
BFGS:   68 12:22:21    -2226.385267        0.143380
BFGS:   69 12:22:21    -2226.387587        0.121099
BFGS:   70 12:22:21    -2226.389303        0.109999
BFGS:   71 12:22:21    -2226.391522        0.098873
BFGS:   72 12:22:21    -2226.394206        0.110300
BFGS:   73 12:22:21    -2226.396837        0.110758
BFGS:   74 12:22:21    -2226.399009        0.085056
BFGS:   75 12:22:22    -2226.400960        0.110981
BFGS:   76 12:22:22    -2226.402983        0.117643
BFGS:   77 12:22:22    -2226.404930        0.129906
BFGS:   78 12:22:22    -2226.406473        0.087764
BFGS:   79 12:22:22    -2226.407568        0.063963
BFGS:   80 12:22:22    -2226.408323        0.071567
BFGS:   81 12:22:22    -2226.408796        0.044437
BFGS:   82 12:22:22    -2226.409084        0.034355
BFGS:   83 12:22:23    -2226.409304        0.026317
BFGS:   84 12:22:23    -2226.409547        0.030474
BFGS:   85 12:22:23    -2226.409854        0.049892
BFGS:   86 12:22:23    -2226.410227        0.056580
BFGS:   87 12:22:23    -2226.410731        0.055069
BFGS:   88 12:22:23    -2226.411471        0.063901
BFGS:   89 12:22:23    -2226.412601        0.075174
BFGS:   90 12:22:23    -2226.414196        0.121515
BFGS:   91 12:22:24    -2226.416154        0.145719
BFGS:   92 12:22:24    -2226.418366        0.125063
BFGS:   93 12:22:24    -2226.420806        0.107629
BFGS:   94 12:22:24    -2226.423402        0.132552
BFGS:   95 12:22:24    -2226.425875        0.109220
BFGS:   96 12:22:24    -2226.427898        0.105046
BFGS:   97 12:22:24    -2226.429550        0.075779
BFGS:   98 12:22:25    -2226.431078        0.122288
BFGS:   99 12:22:25    -2226.432574        0.089208
BFGS:  100 12:22:25    -2226.433878        0.082787
BFGS:  101 12:22:25    -2226.435084        0.065332
BFGS:  102 12:22:25    -2226.436188        0.078405
BFGS:  103 12:22:25    -2226.437119        0.073162
BFGS:  104 12:22:25    -2226.438072        0.081312
BFGS:  105 12:22:25    -2226.438993        0.055386
BFGS:  106 12:22:26    -2226.439983        0.093767
BFGS:  107 12:22:26    -2226.441284        0.110512
BFGS:  108 12:22:26    -2226.442770        0.117184
BFGS:  109 12:22:26    -2226.444325        0.098000
BFGS:  110 12:22:26    -2226.445851        0.092499
BFGS:  111 12:22:26    -2226.447679        0.108242
BFGS:  112 12:22:26    -2226.449806        0.124358
BFGS:  113 12:22:27    -2226.452783        0.153916
BFGS:  114 12:22:27    -2226.456769        0.154852
BFGS:  115 12:22:27    -2226.461409        0.212632
BFGS:  116 12:22:27    -2226.466207        0.201658
BFGS:  117 12:22:27    -2226.470825        0.301074
BFGS:  118 12:22:27    -2226.476890        0.261103
BFGS:  119 12:22:27    -2226.483785        0.148855
BFGS:  120 12:22:28    -2226.491601        0.441478
BFGS:  121 12:22:28    -2226.495443        0.332822
BFGS:  122 12:22:28    -2226.504531        0.161785
BFGS:  123 12:22:28    -2226.510361        1.006529
BFGS:  124 12:22:28    -2226.517932        0.486498
BFGS:  125 12:22:28    -2226.525867        0.327710
BFGS:  126 12:22:29    -2226.533887        0.319736
BFGS:  127 12:22:29    -2226.543335        0.357747
BFGS:  128 12:22:29    -2226.541065        0.733147
BFGS:  129 12:22:29    -2226.551408        0.280987
BFGS:  130 12:22:29    -2226.555012        0.171260
BFGS:  131 12:22:29    -2226.559505        0.141541
BFGS:  132 12:22:29    -2226.566120        0.323025
BFGS:  133 12:22:30    -2226.570051        0.446909
BFGS:  134 12:22:30    -2226.575336        0.252212
BFGS:  135 12:22:30    -2226.580631        0.281006
BFGS:  136 12:22:30    -2226.583370        0.121728
BFGS:  137 12:22:30    -2226.586154        0.154098
BFGS:  138 12:22:30    -2226.590659        0.312382
BFGS:  139 12:22:30    -2226.593500        0.285552
BFGS:  140 12:22:31    -2226.596792        0.256563
BFGS:  141 12:22:31    -2226.599862        0.418485
BFGS:  142 12:22:31    -2226.603858        0.177779
BFGS:  143 12:22:31    -2226.608937        0.428720
BFGS:  144 12:22:31    -2226.616653        0.513471
BFGS:  145 12:22:31    -2226.622243        0.428566
BFGS:  146 12:22:31    -2226.629364        0.329279
BFGS:  147 12:22:32    -2226.637503        0.177009
BFGS:  148 12:22:32    -2226.642978        0.574270
BFGS:  149 12:22:32    -2226.647897        0.335460
BFGS:  150 12:22:32    -2226.654869        0.336598
BFGS:  151 12:22:32    -2226.661748        0.305589
BFGS:  152 12:22:32    -2226.668395        0.197990
BFGS:  153 12:22:33    -2226.671364        0.592705
BFGS:  154 12:22:33    -2226.677866        0.230698
BFGS:  155 12:22:33    -2226.684104        0.912357
BFGS:  156 12:22:33    -2226.692163        0.622281
BFGS:  157 12:22:33    -2226.700757        0.349338
BFGS:  158 12:22:33    -2226.711408        0.737805
BFGS:  159 12:22:33    -2226.712295        0.934261
BFGS:  160 12:22:34    -2226.727996        0.324765
BFGS:  161 12:22:34    -2226.735086        0.317933
BFGS:  162 12:22:34    -2226.743158        0.943732
BFGS:  163 12:22:34    -2226.752471        0.551820
BFGS:  164 12:22:34    -2226.760552        0.206701
BFGS:  165 12:22:34    -2226.770031        0.553090
BFGS:  166 12:22:35    -2226.780253        0.448768
BFGS:  167 12:22:35    -2226.789099        0.191745
BFGS:  168 12:22:35    -2226.793698        0.358814
BFGS:  169 12:22:35    -2226.798089        0.160536
BFGS:  170 12:22:35    -2226.801520        0.154441
BFGS:  171 12:22:35    -2226.805794        0.282568
BFGS:  172 12:22:35    -2226.808351        0.189575
BFGS:  173 12:22:36    -2226.810899        0.143123
BFGS:  174 12:22:36    -2226.812572        0.119542
BFGS:  175 12:22:36    -2226.814008        0.180160
BFGS:  176 12:22:36    -2226.815290        0.116304
BFGS:  177 12:22:36    -2226.816316        0.126339
BFGS:  178 12:22:36    -2226.816947        0.199394
BFGS:  179 12:22:36    -2226.817660        0.113089
BFGS:  180 12:22:36    -2226.818296        0.119079
BFGS:  181 12:22:37    -2226.819268        0.118131
BFGS:  182 12:22:37    -2226.820009        0.133259
BFGS:  183 12:22:37    -2226.821032        0.127739
BFGS:  184 12:22:37    -2226.821984        0.122694
BFGS:  185 12:22:37    -2226.822955        0.095732
BFGS:  186 12:22:37    -2226.823863        0.063893
BFGS:  187 12:22:37    -2226.824751        0.043584
BFGS:  188 12:22:38    -2226.825517        0.059498
BFGS:  189 12:22:38    -2226.826127        0.072038
BFGS:  190 12:22:38    -2226.826586        0.067775
BFGS:  191 12:22:38    -2226.827007        0.074753
BFGS:  192 12:22:38    -2226.827408        0.076273
BFGS:  193 12:22:38    -2226.827944        0.086879
BFGS:  194 12:22:38    -2226.828468        0.093203
BFGS:  195 12:22:38    -2226.829328        0.091247
BFGS:  196 12:22:38    -2226.830323        0.088717
BFGS:  197 12:22:39    -2226.831552        0.085750
BFGS:  198 12:22:39    -2226.832997        0.139615
BFGS:  199 12:22:39    -2226.835067        0.131699
BFGS:  200 12:22:39    -2226.837384        0.172041
