      Step     Time          Energy          fmax
BFGS:    0 14:10:16    -2045.627829      310.933887
BFGS:    1 14:10:16    -2115.287391       39.432659
BFGS:    2 14:10:17    -2124.778608       80.427740
BFGS:    3 14:10:17    -2136.512903       31.340011
BFGS:    4 14:10:17    -2139.049002       12.522451
BFGS:    5 14:10:18    -2142.651621        6.709193
BFGS:    6 14:10:18    -2144.391739        7.392240
BFGS:    7 14:10:19    -2146.571103        6.243086
BFGS:    8 14:10:19    -2148.412664        5.776570
BFGS:    9 14:10:19    -2148.707533        7.419346
BFGS:   10 14:10:20    -2149.595606        3.588237
BFGS:   11 14:10:20    -2150.164459        3.551130
BFGS:   12 14:10:20    -2150.619333        3.499670
BFGS:   13 14:10:21    -2150.924403        3.461976
BFGS:   14 14:10:21    -2151.107770        2.990969
BFGS:   15 14:10:21    -2151.329666        2.623310
BFGS:   16 14:10:22    -2151.655738        1.482207
BFGS:   17 14:10:22    -2151.835633        1.529501
BFGS:   18 14:10:22    -2151.990768        1.281499
BFGS:   19 14:10:23    -2152.095026        1.323448
BFGS:   20 14:10:23    -2152.252688        1.311889
BFGS:   21 14:10:23    -2152.411396        1.523853
BFGS:   22 14:10:24    -2152.570412        1.611668
BFGS:   23 14:10:24    -2152.697646        1.373341
BFGS:   24 14:10:24    -2152.826490        1.115556
BFGS:   25 14:10:24    -2152.974914        1.034772
BFGS:   26 14:10:25    -2153.161868        1.322510
BFGS:   27 14:10:25    -2153.369742        1.536529
BFGS:   28 14:10:25    -2153.590167        1.343164
BFGS:   29 14:10:25    -2153.800890        1.180317
BFGS:   30 14:10:26    -2153.976435        1.161103
BFGS:   31 14:10:26    -2154.134760        0.952944
BFGS:   32 14:10:26    -2153.994251        3.793235
BFGS:   33 14:10:26    -2154.307543        0.927600
BFGS:   34 14:10:27    -2154.374612        0.612605
BFGS:   35 14:10:27    -2154.494901        0.536888
BFGS:   36 14:10:27    -2154.539652        0.419063
BFGS:   37 14:10:27    -2154.575160        0.451079
BFGS:   38 14:10:28    -2154.603868        0.435499
BFGS:   39 14:10:28    -2154.625951        0.458139
BFGS:   40 14:10:28    -2154.645601        0.531694
BFGS:   41 14:10:28    -2154.658369        0.487772
BFGS:   42 14:10:29    -2154.667490        0.381218
BFGS:   43 14:10:29    -2154.677961        0.320304
BFGS:   44 14:10:29    -2154.688735        0.257673
BFGS:   45 14:10:29    -2154.696866        0.199804
BFGS:   46 14:10:29    -2154.702315        0.153300
BFGS:   47 14:10:30    -2154.706326        0.214543
BFGS:   48 14:10:30    -2154.709531        0.255508
BFGS:   49 14:10:30    -2154.712179        0.258858
BFGS:   50 14:10:30    -2154.714615        0.200108
BFGS:   51 14:10:30    -2154.717214        0.159016
BFGS:   52 14:10:31    -2154.720402        0.139769
BFGS:   53 14:10:31    -2154.724305        0.126505
BFGS:   54 14:10:31    -2154.728854        0.224490
BFGS:   55 14:10:31    -2154.734543        0.293485
BFGS:   56 14:10:31    -2154.742099        0.326120
BFGS:   57 14:10:32    -2154.752101        0.474611
BFGS:   58 14:10:32    -2154.764796        0.620631
BFGS:   59 14:10:32    -2154.780031        0.682276
BFGS:   60 14:10:32    -2154.797182        0.632114
BFGS:   61 14:10:33    -2154.816066        0.488186
BFGS:   62 14:10:33    -2154.834375        0.327863
BFGS:   63 14:10:33    -2154.849781        0.259916
BFGS:   64 14:10:33    -2154.862229        0.225408
BFGS:   65 14:10:33    -2154.871556        0.166358
BFGS:   66 14:10:34    -2154.878201        0.129390
BFGS:   67 14:10:34    -2154.882785        0.112143
BFGS:   68 14:10:34    -2154.885950        0.138499
BFGS:   69 14:10:34    -2154.888957        0.162559
BFGS:   70 14:10:34    -2154.892121        0.135570
BFGS:   71 14:10:35    -2154.896968        0.111455
BFGS:   72 14:10:35    -2154.899505        0.132054
BFGS:   73 14:10:35    -2154.903467        0.134960
BFGS:   74 14:10:35    -2154.907198        0.154730
BFGS:   75 14:10:36    -2154.912414        0.179397
BFGS:   76 14:10:36    -2154.919944        0.188456
BFGS:   77 14:10:36    -2154.929391        0.247944
BFGS:   78 14:10:36    -2154.941232        0.303218
BFGS:   79 14:10:36    -2154.955752        0.282997
BFGS:   80 14:10:37    -2154.972772        0.265371
BFGS:   81 14:10:37    -2154.988974        0.300003
BFGS:   82 14:10:37    -2155.001141        0.456942
BFGS:   83 14:10:37    -2155.007308        0.583233
BFGS:   84 14:10:37    -2155.018162        0.177025
BFGS:   85 14:10:38    -2155.026395        0.186936
BFGS:   86 14:10:38    -2155.035131        0.205835
BFGS:   87 14:10:38    -2155.042752        0.171116
BFGS:   88 14:10:38    -2155.049764        0.188831
BFGS:   89 14:10:39    -2155.056169        0.170825
BFGS:   90 14:10:39    -2155.060992        0.148150
BFGS:   91 14:10:39    -2155.064370        0.126264
BFGS:   92 14:10:39    -2155.068645        0.131403
BFGS:   93 14:10:39    -2155.073694        0.138896
BFGS:   94 14:10:40    -2155.078876        0.133422
BFGS:   95 14:10:40    -2155.082922        0.112474
BFGS:   96 14:10:40    -2155.086029        0.113138
BFGS:   97 14:10:40    -2155.088894        0.120292
BFGS:   98 14:10:40    -2155.092123        0.127509
BFGS:   99 14:10:41    -2155.095891        0.169095
BFGS:  100 14:10:41    -2155.100169        0.196455
BFGS:  101 14:10:41    -2155.105084        0.213363
BFGS:  102 14:10:41    -2155.111343        0.217788
BFGS:  103 14:10:41    -2155.118892        0.204275
BFGS:  104 14:10:42    -2155.126908        0.156877
BFGS:  105 14:10:42    -2155.133332        0.215755
BFGS:  106 14:10:42    -2155.139320        0.204918
BFGS:  107 14:10:42    -2155.145717        0.223558
BFGS:  108 14:10:43    -2155.154066        0.240772
BFGS:  109 14:10:43    -2155.162635        0.443952
BFGS:  110 14:10:43    -2155.170870        0.225441
BFGS:  111 14:10:43    -2155.177094        0.222044
BFGS:  112 14:10:43    -2155.182866        0.207249
BFGS:  113 14:10:44    -2155.186751        0.101496
BFGS:  114 14:10:44    -2155.190120        0.089045
BFGS:  115 14:10:44    -2155.192120        0.110487
BFGS:  116 14:10:44    -2155.193872        0.072640
BFGS:  117 14:10:44    -2155.195194        0.133589
BFGS:  118 14:10:45    -2155.196392        0.060762
BFGS:  119 14:10:45    -2155.197620        0.099679
BFGS:  120 14:10:45    -2155.199119        0.084283
BFGS:  121 14:10:45    -2155.200557        0.080713
BFGS:  122 14:10:45    -2155.201755        0.081193
BFGS:  123 14:10:45    -2155.202747        0.078613
BFGS:  124 14:10:46    -2155.204016        0.090329
BFGS:  125 14:10:46    -2155.205806        0.106469
BFGS:  126 14:10:46    -2155.208437        0.091530
BFGS:  127 14:10:46    -2155.211388        0.087602
BFGS:  128 14:10:46    -2155.214057        0.081590
BFGS:  129 14:10:47    -2155.216194        0.084193
BFGS:  130 14:10:47    -2155.217875        0.117032
BFGS:  131 14:10:47    -2155.219256        0.116348
BFGS:  132 14:10:47    -2155.220441        0.127886
BFGS:  133 14:10:47    -2155.221321        0.073998
BFGS:  134 14:10:47    -2155.221822        0.088399
BFGS:  135 14:10:48    -2155.222076        0.049257
BFGS:  136 14:10:48    -2155.222256        0.053743
BFGS:  137 14:10:48    -2155.222490        0.044616
BFGS:  138 14:10:48    -2155.222823        0.039908
BFGS:  139 14:10:48    -2155.223155        0.030339
BFGS:  140 14:10:48    -2155.223369        0.023003
BFGS:  141 14:10:48    -2155.223480        0.022505
BFGS:  142 14:10:49    -2155.223574        0.018997
BFGS:  143 14:10:49    -2155.223707        0.024438
BFGS:  144 14:10:49    -2155.223888        0.033204
BFGS:  145 14:10:49    -2155.224089        0.037555
BFGS:  146 14:10:49    -2155.224264        0.043109
BFGS:  147 14:10:49    -2155.224405        0.043528
BFGS:  148 14:10:49    -2155.224544        0.042302
BFGS:  149 14:10:50    -2155.224713        0.041356
BFGS:  150 14:10:50    -2155.224920        0.041353
BFGS:  151 14:10:50    -2155.225157        0.043118
BFGS:  152 14:10:50    -2155.225421        0.044930
BFGS:  153 14:10:50    -2155.225737        0.044651
BFGS:  154 14:10:50    -2155.226148        0.043358
BFGS:  155 14:10:50    -2155.226556        0.054817
BFGS:  156 14:10:51    -2155.227002        0.047880
BFGS:  157 14:10:51    -2155.227272        0.027824
BFGS:  158 14:10:51    -2155.227386        0.017246
BFGS:  159 14:10:51    -2155.227438        0.013306
BFGS:  160 14:10:51    -2155.227470        0.010182
BFGS:  161 14:10:51    -2155.227494        0.008696
