      Step     Time          Energy          fmax
BFGS:    0 13:41:04    -2280.636972     2249.157149
BFGS:    1 13:41:05    -3399.813027      310.224727
BFGS:    2 13:41:07    -3314.438875     1638.795723
BFGS:    3 13:41:09    -3388.802650     1063.189000
BFGS:    4 13:41:11    -3479.200402      473.049829
BFGS:    5 13:41:13    -3538.423592      389.860878
BFGS:    6 13:41:14    -3590.568070      154.963820
BFGS:    7 13:41:16    -3593.776471      265.753086
BFGS:    8 13:41:18    -3625.873630       70.024227
BFGS:    9 13:41:19    -3646.469193       27.084104
BFGS:   10 13:41:21    -3653.122937       19.818716
BFGS:   11 13:41:22    -3656.041660       12.829487
BFGS:   12 13:41:24    -3658.495690        9.172012
BFGS:   13 13:41:25    -3660.538116        4.607550
BFGS:   14 13:41:27    -3662.462717        7.461232
BFGS:   15 13:41:28    -3663.691911        6.069257
BFGS:   16 13:41:30    -3665.025947        6.453838
BFGS:   17 13:41:31    -3665.946881        6.330050
BFGS:   18 13:41:33    -3666.900140        6.152337
BFGS:   19 13:41:34    -3667.561216        5.203779
BFGS:   20 13:41:36    -3668.242005        3.222149
BFGS:   21 13:41:37    -3668.815308        1.463445
BFGS:   22 13:41:39    -3669.401308        2.132715
BFGS:   23 13:41:40    -3670.036369        3.675350
BFGS:   24 13:41:41    -3670.671730        3.654741
BFGS:   25 13:41:43    -3671.207958        2.929725
BFGS:   26 13:41:44    -3671.626571        2.718222
BFGS:   27 13:41:46    -3672.095152        2.564178
BFGS:   28 13:41:47    -3672.540068        2.356448
BFGS:   29 13:41:49    -3672.990568        1.968202
BFGS:   30 13:41:50    -3673.376754        1.801660
BFGS:   31 13:41:51    -3673.654193        1.848056
BFGS:   32 13:41:52    -3673.976843        2.469501
BFGS:   33 13:41:54    -3674.201341        1.559047
BFGS:   34 13:41:55    -3674.389174        1.407910
BFGS:   35 13:41:56    -3674.516105        1.464335
BFGS:   36 13:41:57    -3674.607227        1.637902
BFGS:   37 13:41:59    -3674.698997        1.708442
BFGS:   38 13:42:00    -3674.781149        1.793592
BFGS:   39 13:42:01    -3674.856330        2.199669
BFGS:   40 13:42:02    -3674.899031        2.179045
BFGS:   41 13:42:03    -3674.944672        1.857797
BFGS:   42 13:42:04    -3674.968515        1.605433
BFGS:   43 13:42:05    -3674.995017        1.320767
BFGS:   44 13:42:06    -3675.016695        1.264915
BFGS:   45 13:42:07    -3675.038671        1.188929
BFGS:   46 13:42:08    -3675.062974        1.128186
BFGS:   47 13:42:09    -3675.098413        1.085492
BFGS:   48 13:42:11    -3675.200388        1.418876
BFGS:   49 13:42:12    -3674.379281       10.297183
BFGS:   50 13:42:13    -3675.235834        1.481978
BFGS:   51 13:42:14    -3675.256234        1.507342
BFGS:   52 13:42:16    -3675.303955        1.948676
BFGS:   53 13:42:17    -3675.360147        1.387026
BFGS:   54 13:42:18    -3675.389377        1.274297
BFGS:   55 13:42:19    -3675.503415        2.840393
BFGS:   56 13:42:20    -3675.584561        1.495686
BFGS:   57 13:42:21    -3675.643983        1.324653
BFGS:   58 13:42:22    -3675.682685        1.764004
BFGS:   59 13:42:24    -3675.717243        1.466623
BFGS:   60 13:42:25    -3675.754780        1.501059
BFGS:   61 13:42:26    -3675.786089        1.329483
BFGS:   62 13:42:27    -3675.812089        1.327728
BFGS:   63 13:42:28    -3675.832529        1.308431
BFGS:   64 13:42:29    -3675.851136        1.361054
BFGS:   65 13:42:30    -3675.872384        1.407232
BFGS:   66 13:42:31    -3675.893004        1.430143
BFGS:   67 13:42:32    -3675.910819        1.397861
BFGS:   68 13:42:33    -3675.929998        1.322944
BFGS:   69 13:42:34    -3675.956093        1.267290
BFGS:   70 13:42:35    -3675.991456        1.256650
BFGS:   71 13:42:36    -3676.037208        1.245628
BFGS:   72 13:42:37    -3676.092938        1.244815
BFGS:   73 13:42:39    -3676.170697        1.906201
BFGS:   74 13:42:40    -3676.277581        3.070971
BFGS:   75 13:42:41    -3676.314635        3.707466
BFGS:   76 13:42:43    -3676.432143        3.419866
BFGS:   77 13:42:44    -3676.601385        3.209136
BFGS:   78 13:42:45    -3676.749560        3.076124
BFGS:   79 13:42:46    -3676.845276        3.523038
BFGS:   80 13:42:47    -3676.960911        2.734819
BFGS:   81 13:42:48    -3677.033250        2.315530
BFGS:   82 13:42:49    -3677.232727        1.327700
BFGS:   83 13:42:50    -3677.283887        1.297173
BFGS:   84 13:42:51    -3677.340947        1.043085
BFGS:   85 13:42:52    -3677.377790        1.126590
BFGS:   86 13:42:53    -3677.418135        1.302413
BFGS:   87 13:42:54    -3677.446433        1.394909
BFGS:   88 13:42:55    -3677.474265        1.375894
BFGS:   89 13:42:56    -3677.497683        1.288523
BFGS:   90 13:42:57    -3677.522376        1.194434
BFGS:   91 13:42:58    -3677.548309        1.138678
BFGS:   92 13:42:59    -3677.574646        1.121650
BFGS:   93 13:43:00    -3677.599436        1.157542
BFGS:   94 13:43:01    -3677.622968        1.226806
BFGS:   95 13:43:02    -3677.647076        1.293256
BFGS:   96 13:43:03    -3677.669669        1.270490
BFGS:   97 13:43:04    -3677.688410        1.183861
BFGS:   98 13:43:04    -3677.704813        1.093816
BFGS:   99 13:43:05    -3677.720397        1.009507
BFGS:  100 13:43:06    -3677.734726        0.961717
BFGS:  101 13:43:07    -3677.746834        0.941293
BFGS:  102 13:43:08    -3677.756639        0.945630
BFGS:  103 13:43:09    -3677.766312        0.932088
BFGS:  104 13:43:09    -3677.777968        0.885931
BFGS:  105 13:43:10    -3677.792603        0.770959
BFGS:  106 13:43:11    -3677.809870        0.648373
BFGS:  107 13:43:12    -3677.828365        0.532645
BFGS:  108 13:43:13    -3677.845654        0.483352
BFGS:  109 13:43:14    -3677.860567        0.479824
BFGS:  110 13:43:15    -3677.873378        0.497052
BFGS:  111 13:43:16    -3677.885663        0.587163
BFGS:  112 13:43:16    -3677.898978        0.783170
BFGS:  113 13:43:17    -3677.912388        1.002290
BFGS:  114 13:43:18    -3677.924556        1.136535
BFGS:  115 13:43:19    -3677.933567        1.078852
BFGS:  116 13:43:20    -3677.943887        0.916463
BFGS:  117 13:43:21    -3677.953411        0.721990
BFGS:  118 13:43:22    -3677.961972        0.568632
BFGS:  119 13:43:22    -3677.967840        0.482024
BFGS:  120 13:43:23    -3677.973898        0.391012
BFGS:  121 13:43:24    -3677.978853        0.281884
BFGS:  122 13:43:25    -3677.982628        0.169601
BFGS:  123 13:43:25    -3677.985265        0.168198
BFGS:  124 13:43:26    -3677.987645        0.191353
BFGS:  125 13:43:27    -3677.990081        0.235100
BFGS:  126 13:43:27    -3677.992534        0.288152
BFGS:  127 13:43:28    -3677.994922        0.295212
BFGS:  128 13:43:29    -3677.997258        0.260215
BFGS:  129 13:43:29    -3677.999614        0.200381
BFGS:  130 13:43:30    -3678.001972        0.192909
BFGS:  131 13:43:31    -3678.004069        0.195494
BFGS:  132 13:43:31    -3678.005874        0.200896
BFGS:  133 13:43:32    -3678.007527        0.187925
BFGS:  134 13:43:33    -3678.008976        0.178574
BFGS:  135 13:43:33    -3678.009996        0.213185
BFGS:  136 13:43:34    -3678.010595        0.245160
BFGS:  137 13:43:35    -3678.010988        0.266021
BFGS:  138 13:43:35    -3678.011357        0.283348
BFGS:  139 13:43:36    -3678.011746        0.287471
BFGS:  140 13:43:37    -3678.012112        0.281599
BFGS:  141 13:43:37    -3678.012458        0.263372
BFGS:  142 13:43:38    -3678.012840        0.239353
BFGS:  143 13:43:38    -3678.013344        0.207691
BFGS:  144 13:43:39    -3678.013940        0.172283
BFGS:  145 13:43:40    -3678.014503        0.146981
BFGS:  146 13:43:40    -3678.014932        0.134327
BFGS:  147 13:43:41    -3678.015260        0.133815
BFGS:  148 13:43:41    -3678.015565        0.140844
BFGS:  149 13:43:42    -3678.015868        0.147636
BFGS:  150 13:43:42    -3678.016121        0.151343
BFGS:  151 13:43:43    -3678.016360        0.153254
BFGS:  152 13:43:44    -3678.016600        0.156319
BFGS:  153 13:43:44    -3678.016850        0.159511
BFGS:  154 13:43:45    -3678.017066        0.160482
BFGS:  155 13:43:45    -3678.017230        0.161222
BFGS:  156 13:43:46    -3678.017378        0.158812
BFGS:  157 13:43:46    -3678.017538        0.152780
BFGS:  158 13:43:47    -3678.017713        0.141250
BFGS:  159 13:43:48    -3678.017872        0.129578
BFGS:  160 13:43:48    -3678.018016        0.121044
BFGS:  161 13:43:49    -3678.018166        0.116930
BFGS:  162 13:43:50    -3678.018335        0.117728
BFGS:  163 13:43:50    -3678.018503        0.124387
BFGS:  164 13:43:51    -3678.018638        0.135097
BFGS:  165 13:43:51    -3678.018749        0.143970
BFGS:  166 13:43:52    -3678.018852        0.149236
BFGS:  167 13:43:52    -3678.018971        0.149653
BFGS:  168 13:43:53    -3678.019099        0.145322
BFGS:  169 13:43:53    -3678.019223        0.137128
BFGS:  170 13:43:54    -3678.019344        0.126104
BFGS:  171 13:43:55    -3678.019470        0.113801
BFGS:  172 13:43:55    -3678.019612        0.102722
BFGS:  173 13:43:56    -3678.019774        0.092033
BFGS:  174 13:43:57    -3678.019954        0.085190
BFGS:  175 13:43:57    -3678.020142        0.079233
BFGS:  176 13:43:58    -3678.020319        0.077184
BFGS:  177 13:43:58    -3678.020493        0.073736
BFGS:  178 13:43:59    -3678.020675        0.071045
BFGS:  179 13:44:00    -3678.020882        0.063372
BFGS:  180 13:44:00    -3678.021099        0.056158
BFGS:  181 13:44:01    -3678.021305        0.051533
BFGS:  182 13:44:02    -3678.021477        0.053411
BFGS:  183 13:44:02    -3678.021616        0.064801
BFGS:  184 13:44:03    -3678.021750        0.082446
BFGS:  185 13:44:03    -3678.021868        0.097039
BFGS:  186 13:44:04    -3678.021990        0.106897
BFGS:  187 13:44:05    -3678.022122        0.107637
BFGS:  188 13:44:05    -3678.022252        0.106225
BFGS:  189 13:44:06    -3678.022389        0.097326
BFGS:  190 13:44:06    -3678.022530        0.087434
BFGS:  191 13:44:07    -3678.022702        0.074955
BFGS:  192 13:44:08    -3678.022896        0.067355
BFGS:  193 13:44:08    -3678.023090        0.067186
BFGS:  194 13:44:09    -3678.023242        0.068929
BFGS:  195 13:44:10    -3678.023370        0.072760
BFGS:  196 13:44:10    -3678.023500        0.074981
BFGS:  197 13:44:11    -3678.023673        0.072798
BFGS:  198 13:44:12    -3678.023867        0.066461
BFGS:  199 13:44:12    -3678.024076        0.066869
BFGS:  200 13:44:13    -3678.024262        0.078611
