      Step     Time          Energy          fmax
BFGS:    0 13:14:59    -2187.619719      429.948288
BFGS:    1 13:15:00    -2271.191824       44.213662
BFGS:    2 13:15:00    -2288.306749       70.883159
BFGS:    3 13:15:00    -2298.416499       41.308594
BFGS:    4 13:15:01    -2303.690854       18.661620
BFGS:    5 13:15:01    -2305.778437        9.577692
BFGS:    6 13:15:01    -2307.714216        4.778624
BFGS:    7 13:15:02    -2309.055259        3.414942
BFGS:    8 13:15:02    -2309.450477        1.950889
BFGS:    9 13:15:02    -2309.667896        2.030435
BFGS:   10 13:15:03    -2309.983250        1.874112
BFGS:   11 13:15:03    -2310.192681        1.796975
BFGS:   12 13:15:03    -2310.448848        1.693225
BFGS:   13 13:15:03    -2310.603730        1.765520
BFGS:   14 13:15:04    -2310.726182        1.852673
BFGS:   15 13:15:04    -2310.845254        1.809940
BFGS:   16 13:15:04    -2310.942851        1.469797
BFGS:   17 13:15:05    -2311.021498        0.854647
BFGS:   18 13:15:05    -2311.081680        0.479579
BFGS:   19 13:15:05    -2311.120294        0.371596
BFGS:   20 13:15:05    -2311.149789        0.602466
BFGS:   21 13:15:06    -2311.185847        0.700251
BFGS:   22 13:15:06    -2311.229063        0.695768
BFGS:   23 13:15:06    -2311.272525        0.820331
BFGS:   24 13:15:07    -2311.315144        1.129850
BFGS:   25 13:15:07    -2311.374960        1.553528
BFGS:   26 13:15:07    -2311.454062        1.951843
BFGS:   27 13:15:08    -2311.597457        1.905901
BFGS:   28 13:15:08    -2311.863500        1.289095
BFGS:   29 13:15:08    -2311.999969        0.848981
BFGS:   30 13:15:09    -2312.285747        1.088445
BFGS:   31 13:15:09    -2312.370343        1.664450
BFGS:   32 13:15:10    -2312.478934        1.795450
BFGS:   33 13:15:10    -2312.629557        1.173459
BFGS:   34 13:15:10    -2312.830225        0.937664
BFGS:   35 13:15:11    -2313.010382        1.024830
BFGS:   36 13:15:11    -2313.087399        1.117529
BFGS:   37 13:15:11    -2313.139262        1.047079
BFGS:   38 13:15:12    -2313.173453        0.784193
BFGS:   39 13:15:12    -2313.212097        0.908455
BFGS:   40 13:15:12    -2313.268069        0.914384
BFGS:   41 13:15:13    -2313.328032        0.760922
BFGS:   42 13:15:13    -2313.396599        1.058296
BFGS:   43 13:15:13    -2313.455588        0.858900
BFGS:   44 13:15:14    -2313.497843        0.351069
BFGS:   45 13:15:14    -2313.516019        0.400329
BFGS:   46 13:15:14    -2313.534547        0.544355
BFGS:   47 13:15:15    -2313.550617        0.470031
BFGS:   48 13:15:15    -2313.565867        0.371597
BFGS:   49 13:15:15    -2313.579703        0.249417
BFGS:   50 13:15:16    -2313.594759        0.345225
BFGS:   51 13:15:16    -2313.612677        0.433206
BFGS:   52 13:15:16    -2313.635664        0.460684
BFGS:   53 13:15:17    -2313.661034        0.465940
BFGS:   54 13:15:17    -2313.685746        0.303867
BFGS:   55 13:15:17    -2313.706896        0.291678
BFGS:   56 13:15:17    -2313.722728        0.264539
BFGS:   57 13:15:18    -2313.738309        0.244085
BFGS:   58 13:15:18    -2313.755730        0.433289
BFGS:   59 13:15:19    -2313.787716        0.756842
BFGS:   60 13:15:19    -2313.763465        1.464717
BFGS:   61 13:15:19    -2313.836492        0.920696
BFGS:   62 13:15:20    -2313.870208        0.876185
BFGS:   63 13:15:20    -2313.819858        1.990246
BFGS:   64 13:15:20    -2313.960686        0.529854
BFGS:   65 13:15:21    -2313.984937        0.440138
BFGS:   66 13:15:21    -2314.033909        0.455809
BFGS:   67 13:15:21    -2314.055013        0.315680
BFGS:   68 13:15:22    -2314.087708        0.420091
BFGS:   69 13:15:22    -2314.101269        0.455365
BFGS:   70 13:15:22    -2314.128559        0.484430
BFGS:   71 13:15:22    -2314.147714        0.422467
BFGS:   72 13:15:23    -2314.167509        0.300585
BFGS:   73 13:15:23    -2314.183414        0.271179
BFGS:   74 13:15:23    -2314.198153        0.222564
BFGS:   75 13:15:24    -2314.208151        0.187135
BFGS:   76 13:15:24    -2314.214145        0.150980
BFGS:   77 13:15:24    -2314.218087        0.127407
BFGS:   78 13:15:24    -2314.221560        0.158381
BFGS:   79 13:15:25    -2314.224584        0.115087
BFGS:   80 13:15:25    -2314.226916        0.089767
BFGS:   81 13:15:25    -2314.228767        0.103157
BFGS:   82 13:15:25    -2314.230674        0.132130
BFGS:   83 13:15:26    -2314.232790        0.127561
BFGS:   84 13:15:26    -2314.234842        0.122028
BFGS:   85 13:15:26    -2314.236490        0.098363
BFGS:   86 13:15:26    -2314.237798        0.074820
BFGS:   87 13:15:26    -2314.238945        0.075657
BFGS:   88 13:15:27    -2314.239969        0.071049
BFGS:   89 13:15:27    -2314.240861        0.054781
BFGS:   90 13:15:27    -2314.241647        0.054647
BFGS:   91 13:15:27    -2314.242392        0.046989
BFGS:   92 13:15:28    -2314.243134        0.049575
BFGS:   93 13:15:28    -2314.243874        0.066949
BFGS:   94 13:15:28    -2314.244650        0.077505
BFGS:   95 13:15:28    -2314.245512        0.074015
BFGS:   96 13:15:29    -2314.246445        0.060041
BFGS:   97 13:15:29    -2314.247287        0.045856
BFGS:   98 13:15:29    -2314.247928        0.041760
BFGS:   99 13:15:29    -2314.248432        0.039106
BFGS:  100 13:15:29    -2314.248958        0.049150
BFGS:  101 13:15:30    -2314.249606        0.055004
BFGS:  102 13:15:30    -2314.250410        0.054071
BFGS:  103 13:15:30    -2314.251319        0.051763
BFGS:  104 13:15:30    -2314.252300        0.068685
BFGS:  105 13:15:31    -2314.253377        0.078591
BFGS:  106 13:15:31    -2314.254639        0.075874
BFGS:  107 13:15:31    -2314.256214        0.091542
BFGS:  108 13:15:31    -2314.258187        0.109975
BFGS:  109 13:15:32    -2314.260551        0.111141
BFGS:  110 13:15:32    -2314.263131        0.124351
BFGS:  111 13:15:32    -2314.265745        0.109419
BFGS:  112 13:15:32    -2314.268340        0.110603
BFGS:  113 13:15:33    -2314.270900        0.099137
BFGS:  114 13:15:33    -2314.273065        0.078705
BFGS:  115 13:15:33    -2314.274505        0.069667
BFGS:  116 13:15:33    -2314.275344        0.060649
BFGS:  117 13:15:33    -2314.275919        0.054779
BFGS:  118 13:15:34    -2314.276413        0.043591
BFGS:  119 13:15:34    -2314.276788        0.034533
BFGS:  120 13:15:34    -2314.277004        0.022668
BFGS:  121 13:15:34    -2314.277116        0.019606
BFGS:  122 13:15:34    -2314.277201        0.014658
BFGS:  123 13:15:35    -2314.277289        0.017445
BFGS:  124 13:15:35    -2314.277380        0.019706
BFGS:  125 13:15:35    -2314.277463        0.018990
BFGS:  126 13:15:35    -2314.277544        0.016009
BFGS:  127 13:15:35    -2314.277637        0.017898
BFGS:  128 13:15:36    -2314.277766        0.023438
BFGS:  129 13:15:36    -2314.277942        0.028149
BFGS:  130 13:15:36    -2314.278147        0.031510
BFGS:  131 13:15:36    -2314.278363        0.040417
BFGS:  132 13:15:36    -2314.278606        0.041058
BFGS:  133 13:15:36    -2314.278919        0.033865
BFGS:  134 13:15:37    -2314.279345        0.041839
BFGS:  135 13:15:37    -2314.279861        0.048026
BFGS:  136 13:15:37    -2314.280371        0.042153
BFGS:  137 13:15:37    -2314.280789        0.042475
BFGS:  138 13:15:38    -2314.281142        0.047404
BFGS:  139 13:15:38    -2314.281509        0.047099
BFGS:  140 13:15:38    -2314.281990        0.050066
BFGS:  141 13:15:38    -2314.282654        0.061898
BFGS:  142 13:15:38    -2314.283535        0.075546
BFGS:  143 13:15:39    -2314.284611        0.088121
BFGS:  144 13:15:39    -2314.285731        0.086264
BFGS:  145 13:15:39    -2314.286703        0.079530
BFGS:  146 13:15:39    -2314.287439        0.066063
BFGS:  147 13:15:39    -2314.287956        0.042208
BFGS:  148 13:15:40    -2314.288277        0.033822
BFGS:  149 13:15:40    -2314.288450        0.024245
BFGS:  150 13:15:40    -2314.288556        0.017132
BFGS:  151 13:15:40    -2314.288660        0.021699
BFGS:  152 13:15:40    -2314.288782        0.021671
BFGS:  153 13:15:41    -2314.288920        0.021561
BFGS:  154 13:15:41    -2314.289038        0.021841
BFGS:  155 13:15:41    -2314.289124        0.019449
BFGS:  156 13:15:41    -2314.289208        0.015708
BFGS:  157 13:15:41    -2314.289295        0.019041
BFGS:  158 13:15:42    -2314.289374        0.017580
BFGS:  159 13:15:42    -2314.289451        0.017054
BFGS:  160 13:15:42    -2314.289542        0.022085
BFGS:  161 13:15:42    -2314.289665        0.024144
BFGS:  162 13:15:42    -2314.289829        0.023628
BFGS:  163 13:15:43    -2314.290034        0.030049
BFGS:  164 13:15:43    -2314.290292        0.033326
BFGS:  165 13:15:43    -2314.290653        0.043244
BFGS:  166 13:15:43    -2314.291177        0.061197
BFGS:  167 13:15:44    -2314.291876        0.070280
BFGS:  168 13:15:44    -2314.292688        0.069766
BFGS:  169 13:15:44    -2314.293550        0.085704
BFGS:  170 13:15:44    -2314.293919        0.177054
BFGS:  171 13:15:45    -2314.295208        0.106799
BFGS:  172 13:15:45    -2314.296085        0.100077
BFGS:  173 13:15:45    -2314.297612        0.072431
BFGS:  174 13:15:45    -2314.297874        0.060674
BFGS:  175 13:15:45    -2314.298388        0.038287
BFGS:  176 13:15:46    -2314.298675        0.031092
BFGS:  177 13:15:46    -2314.298923        0.028286
BFGS:  178 13:15:46    -2314.299057        0.026331
BFGS:  179 13:15:46    -2314.299152        0.024505
BFGS:  180 13:15:47    -2314.299260        0.021892
BFGS:  181 13:15:47    -2314.299386        0.025315
BFGS:  182 13:15:47    -2314.299488        0.024622
BFGS:  183 13:15:47    -2314.299557        0.031274
BFGS:  184 13:15:47    -2314.299616        0.033496
BFGS:  185 13:15:47    -2314.299683        0.030438
BFGS:  186 13:15:48    -2314.299755        0.023076
BFGS:  187 13:15:48    -2314.299818        0.013827
BFGS:  188 13:15:48    -2314.299873        0.015740
BFGS:  189 13:15:48    -2314.299935        0.016016
BFGS:  190 13:15:48    -2314.300006        0.019849
BFGS:  191 13:15:49    -2314.300064        0.023018
BFGS:  192 13:15:49    -2314.300098        0.022141
BFGS:  193 13:15:49    -2314.300121        0.020381
BFGS:  194 13:15:49    -2314.300150        0.019538
BFGS:  195 13:15:49    -2314.300191        0.016495
BFGS:  196 13:15:49    -2314.300239        0.011257
BFGS:  197 13:15:50    -2314.300284        0.012526
BFGS:  198 13:15:50    -2314.300322        0.012263
BFGS:  199 13:15:50    -2314.300362        0.016173
BFGS:  200 13:15:50    -2314.300402        0.017897
