      Step     Time          Energy          fmax
BFGS:    0 20:46:51    -2342.635538       68.428739
BFGS:    1 20:46:52    -2378.440414        7.262046
BFGS:    2 20:46:52    -2380.852368        3.832498
BFGS:    3 20:46:53    -2381.620173        1.867373
BFGS:    4 20:46:54    -2381.881059        0.758001
BFGS:    5 20:46:55    -2382.052487        0.809876
BFGS:    6 20:46:56    -2382.148772        1.051104
BFGS:    7 20:46:56    -2382.248978        0.996979
BFGS:    8 20:46:57    -2382.304299        0.688335
BFGS:    9 20:46:58    -2382.336346        0.380955
BFGS:   10 20:46:59    -2382.360769        0.261343
BFGS:   11 20:46:59    -2382.376815        0.365018
BFGS:   12 20:47:00    -2382.392952        0.342323
BFGS:   13 20:47:01    -2382.412536        0.384033
BFGS:   14 20:47:01    -2382.430219        0.320731
BFGS:   15 20:47:02    -2382.439408        0.192199
BFGS:   16 20:47:02    -2382.443642        0.163274
BFGS:   17 20:47:03    -2382.446662        0.181407
BFGS:   18 20:47:03    -2382.449323        0.170260
BFGS:   19 20:47:04    -2382.451573        0.097921
BFGS:   20 20:47:04    -2382.453417        0.110313
BFGS:   21 20:47:05    -2382.455286        0.119643
BFGS:   22 20:47:05    -2382.457991        0.162860
BFGS:   23 20:47:06    -2382.460555        0.123610
BFGS:   24 20:47:06    -2382.462429        0.127021
BFGS:   25 20:47:07    -2382.463951        0.100198
BFGS:   26 20:47:08    -2382.465864        0.138251
BFGS:   27 20:47:08    -2382.468502        0.163264
BFGS:   28 20:47:09    -2382.470581        0.105126
BFGS:   29 20:47:09    -2382.471998        0.065298
BFGS:   30 20:47:10    -2382.473018        0.057604
BFGS:   31 20:47:10    -2382.474005        0.071320
BFGS:   32 20:47:11    -2382.474811        0.052583
BFGS:   33 20:47:11    -2382.475291        0.028342
BFGS:   34 20:47:12    -2382.475580        0.029721
BFGS:   35 20:47:12    -2382.475862        0.036545
BFGS:   36 20:47:13    -2382.476249        0.038592
BFGS:   37 20:47:13    -2382.476802        0.058402
BFGS:   38 20:47:14    -2382.477605        0.065125
BFGS:   39 20:47:14    -2382.478727        0.084682
BFGS:   40 20:47:15    -2382.480177        0.117978
BFGS:   41 20:47:15    -2382.481647        0.105822
BFGS:   42 20:47:16    -2382.482836        0.072292
BFGS:   43 20:47:16    -2382.483816        0.061341
BFGS:   44 20:47:17    -2382.484950        0.086138
BFGS:   45 20:47:17    -2382.486674        0.093618
BFGS:   46 20:47:18    -2382.489408        0.161254
BFGS:   47 20:47:18    -2382.493235        0.205828
BFGS:   48 20:47:19    -2382.497623        0.181119
BFGS:   49 20:47:20    -2382.501894        0.131405
BFGS:   50 20:47:20    -2382.506236        0.140491
BFGS:   51 20:47:21    -2382.511244        0.176175
BFGS:   52 20:47:21    -2382.517033        0.218178
BFGS:   53 20:47:22    -2382.523912        0.212713
BFGS:   54 20:47:23    -2382.533265        0.216775
BFGS:   55 20:47:23    -2382.547993        0.311536
BFGS:   56 20:47:24    -2382.563303        0.400511
BFGS:   57 20:47:25    -2382.579437        0.463047
BFGS:   58 20:47:25    -2382.596254        0.508574
BFGS:   59 20:47:26    -2382.613788        0.544690
BFGS:   60 20:47:27    -2382.632178        0.573969
BFGS:   61 20:47:27    -2382.651505        0.597900
BFGS:   62 20:47:28    -2382.671927        0.615890
BFGS:   63 20:47:29    -2382.693508        0.627453
BFGS:   64 20:47:29    -2382.716328        0.631698
BFGS:   65 20:47:30    -2382.740480        0.628619
BFGS:   66 20:47:31    -2382.766022        0.617650
BFGS:   67 20:47:31    -2382.793172        0.598907
BFGS:   68 20:47:32    -2382.822059        0.595017
BFGS:   69 20:47:33    -2382.852917        0.638150
BFGS:   70 20:47:33    -2382.885948        0.678190
BFGS:   71 20:47:34    -2382.921415        0.714498
BFGS:   72 20:47:34    -2382.959306        0.745945
BFGS:   73 20:47:35    -2382.999957        0.772187
BFGS:   74 20:47:36    -2383.042915        0.792110
BFGS:   75 20:47:36    -2383.088820        0.806138
BFGS:   76 20:47:37    -2383.136004        0.812725
BFGS:   77 20:47:37    -2383.187790        0.813936
BFGS:   78 20:47:38    -2383.236452        0.806656
BFGS:   79 20:47:38    -2383.296779        0.795799
BFGS:   80 20:47:39    -2383.343768        0.777507
BFGS:   81 20:47:40    -2383.403780        0.753750
BFGS:   82 20:47:40    -2383.456775        0.731206
BFGS:   83 20:47:41    -2383.514652        0.732898
BFGS:   84 20:47:41    -2383.570382        0.726084
BFGS:   85 20:47:42    -2383.627510        0.716122
BFGS:   86 20:47:42    -2383.682964        0.701198
BFGS:   87 20:47:43    -2383.738214        0.682106
BFGS:   88 20:47:43    -2383.791004        0.660011
BFGS:   89 20:47:44    -2383.842619        0.633528
BFGS:   90 20:47:44    -2383.890861        0.606712
BFGS:   91 20:47:45    -2383.937640        0.573700
BFGS:   92 20:47:45    -2383.979751        0.544991
BFGS:   93 20:47:46    -2384.021090        0.505008
BFGS:   94 20:47:46    -2384.055767        0.482324
BFGS:   95 20:47:47    -2384.092825        0.425607
BFGS:   96 20:47:47    -2384.119660        0.421512
BFGS:   97 20:47:48    -2384.151594        0.353596
BFGS:   98 20:47:48    -2384.174809        0.347537
BFGS:   99 20:47:49    -2384.199552        0.303806
BFGS:  100 20:47:49    -2384.221279        0.289277
BFGS:  101 20:47:50    -2384.242676        0.252815
BFGS:  102 20:47:51    -2384.263475        0.282595
BFGS:  103 20:47:51    -2384.283033        0.306380
BFGS:  104 20:47:51    -2384.303623        0.328093
BFGS:  105 20:47:52    -2384.322680        0.344004
BFGS:  106 20:47:52    -2384.342987        0.356433
BFGS:  107 20:47:52    -2384.362670        0.364418
BFGS:  108 20:47:53    -2384.383393        0.368412
BFGS:  109 20:47:53    -2384.403627        0.369218
BFGS:  110 20:47:53    -2384.425051        0.366012
BFGS:  111 20:47:54    -2384.445509        0.361123
BFGS:  112 20:47:54    -2384.467631        0.351838
BFGS:  113 20:47:54    -2384.488010        0.342759
BFGS:  114 20:47:55    -2384.510323        0.329054
BFGS:  115 20:47:55    -2384.530841        0.316204
BFGS:  116 20:47:56    -2384.552823        0.299827
BFGS:  117 20:47:56    -2384.573384        0.283675
BFGS:  118 20:47:56    -2384.595096        0.265590
BFGS:  119 20:47:57    -2384.615135        0.258652
BFGS:  120 20:47:57    -2384.636637        0.242459
BFGS:  121 20:47:58    -2384.656052        0.248873
BFGS:  122 20:47:58    -2384.676567        0.234854
BFGS:  123 20:47:58    -2384.695935        0.234315
BFGS:  124 20:47:59    -2384.715407        0.224803
BFGS:  125 20:47:59    -2384.734354        0.220142
BFGS:  126 20:48:00    -2384.752975        0.211577
BFGS:  127 20:48:00    -2384.771318        0.205313
BFGS:  128 20:48:00    -2384.789064        0.196737
BFGS:  129 20:48:01    -2384.806859        0.189442
BFGS:  130 20:48:01    -2384.823489        0.181054
BFGS:  131 20:48:01    -2384.841067        0.172365
BFGS:  132 20:48:02    -2384.856164        0.166065
BFGS:  133 20:48:02    -2384.873171        0.163420
BFGS:  134 20:48:03    -2384.887644        0.176715
BFGS:  135 20:48:03    -2384.903330        0.169748
BFGS:  136 20:48:03    -2384.917428        0.185878
BFGS:  137 20:48:04    -2384.932103        0.176473
BFGS:  138 20:48:04    -2384.945815        0.189771
BFGS:  139 20:48:05    -2384.959691        0.182840
BFGS:  140 20:48:05    -2384.973039        0.189729
BFGS:  141 20:48:05    -2384.986333        0.184531
BFGS:  142 20:48:06    -2384.999309        0.186380
BFGS:  143 20:48:06    -2385.012178        0.181386
BFGS:  144 20:48:07    -2385.024829        0.179640
BFGS:  145 20:48:07    -2385.037403        0.173801
BFGS:  146 20:48:07    -2385.049796        0.169018
BFGS:  147 20:48:08    -2385.062224        0.161226
BFGS:  148 20:48:08    -2385.074339        0.156002
BFGS:  149 20:48:09    -2385.087030        0.147066
BFGS:  150 20:48:09    -2385.097996        0.157918
BFGS:  151 20:48:09    -2385.111622        0.139183
BFGS:  152 20:48:10    -2385.122000        0.154730
BFGS:  153 20:48:10    -2385.133943        0.153695
BFGS:  154 20:48:11    -2385.145789        0.158513
BFGS:  155 20:48:11    -2385.158160        0.166384
BFGS:  156 20:48:11    -2385.170901        0.167240
BFGS:  157 20:48:12    -2385.184155        0.175234
BFGS:  158 20:48:12    -2385.197782        0.171233
BFGS:  159 20:48:12    -2385.211747        0.177388
BFGS:  160 20:48:13    -2385.225578        0.168023
BFGS:  161 20:48:13    -2385.239401        0.165991
BFGS:  162 20:48:14    -2385.252003        0.148834
BFGS:  163 20:48:14    -2385.265265        0.128959
BFGS:  164 20:48:15    -2385.268222        0.169542
BFGS:  165 20:48:15    -2385.275174        0.099413
BFGS:  166 20:48:16    -2385.279887        0.086051
BFGS:  167 20:48:16    -2385.282944        0.084870
BFGS:  168 20:48:16    -2385.285496        0.090613
BFGS:  169 20:48:17    -2385.287913        0.101800
BFGS:  170 20:48:17    -2385.289916        0.094011
BFGS:  171 20:48:18    -2385.292041        0.079739
BFGS:  172 20:48:18    -2385.293681        0.064675
BFGS:  173 20:48:18    -2385.295638        0.075472
BFGS:  174 20:48:19    -2385.300388        0.125206
BFGS:  175 20:48:19    -2385.305314        0.147777
BFGS:  176 20:48:20    -2385.309833        0.161791
BFGS:  177 20:48:20    -2385.315133        0.116102
BFGS:  178 20:48:20    -2385.319092        0.125446
BFGS:  179 20:48:21    -2385.323755        0.099837
BFGS:  180 20:48:21    -2385.326398        0.136003
BFGS:  181 20:48:22    -2385.332032        0.105627
BFGS:  182 20:48:22    -2385.337649        0.136572
BFGS:  183 20:48:23    -2385.341554        0.154298
BFGS:  184 20:48:23    -2385.346774        0.142346
BFGS:  185 20:48:23    -2385.352226        0.144097
BFGS:  186 20:48:24    -2385.361092        0.166257
BFGS:  187 20:48:24    -2385.366370        0.161665
BFGS:  188 20:48:25    -2385.374364        0.139362
BFGS:  189 20:48:25    -2385.384994        0.149793
BFGS:  190 20:48:26    -2385.392922        0.153441
BFGS:  191 20:48:26    -2385.399725        0.145572
BFGS:  192 20:48:26    -2385.406307        0.133627
BFGS:  193 20:48:27    -2385.411853        0.136227
BFGS:  194 20:48:27    -2385.419196        0.133597
BFGS:  195 20:48:28    -2385.423981        0.165205
BFGS:  196 20:48:28    -2385.429528        0.189160
BFGS:  197 20:48:28    -2385.435128        0.205135
BFGS:  198 20:48:29    -2385.441472        0.212291
BFGS:  199 20:48:29    -2385.447309        0.216236
BFGS:  200 20:48:30    -2385.453912        0.211409
