      Step     Time          Energy          fmax
BFGS:    0 13:12:54     -592.800106     6660.715941
BFGS:    1 13:12:56    -2257.903729      959.319347
BFGS:    2 13:12:57    -2542.353564     2719.085673
BFGS:    3 13:12:58    -2532.291791     2043.055945
BFGS:    4 13:12:58    -2841.408510     1194.511534
BFGS:    5 13:12:59    -2931.787089      867.982496
BFGS:    6 13:13:01    -3030.596871      364.015940
BFGS:    7 13:13:02    -3069.551090       97.171974
BFGS:    8 13:13:03    -3099.781144       33.160538
BFGS:    9 13:13:04    -3112.637395       35.061859
BFGS:   10 13:13:05    -3124.352265       17.188133
BFGS:   11 13:13:06    -3129.914123       19.831926
BFGS:   12 13:13:06    -3134.065675       17.833390
BFGS:   13 13:13:07    -3136.882904        9.685227
BFGS:   14 13:13:08    -3138.822809        7.466091
BFGS:   15 13:13:09    -3140.566768        8.327321
BFGS:   16 13:13:10    -3141.753994        8.122815
BFGS:   17 13:13:10    -3143.076333        8.077014
BFGS:   18 13:13:11    -3143.876336        8.928579
BFGS:   19 13:13:12    -3144.431762        9.245901
BFGS:   20 13:13:13    -3144.771726        9.697463
BFGS:   21 13:13:13    -3145.118425       10.476369
BFGS:   22 13:13:14    -3145.467817       11.518668
BFGS:   23 13:13:15    -3145.891859       12.841680
BFGS:   24 13:13:16    -3146.389009       13.660187
BFGS:   25 13:13:16    -3146.806769       12.810415
BFGS:   26 13:13:17    -3147.305396       11.226296
BFGS:   27 13:13:18    -3147.564556       10.378571
BFGS:   28 13:13:18    -3147.804856        9.241059
BFGS:   29 13:13:19    -3147.994882        8.578563
BFGS:   30 13:13:20    -3148.245341        7.234030
BFGS:   31 13:13:20    -3148.484755        6.247392
BFGS:   32 13:13:21    -3148.753143        4.925847
BFGS:   33 13:13:21    -3148.974581        3.840605
BFGS:   34 13:13:22    -3149.148544        3.019642
BFGS:   35 13:13:23    -3149.289903        2.474753
BFGS:   36 13:13:23    -3149.391470        1.926395
BFGS:   37 13:13:24    -3149.461322        1.397346
BFGS:   38 13:13:25    -3149.509578        1.141982
BFGS:   39 13:13:25    -3149.544144        1.133595
BFGS:   40 13:13:26    -3149.570103        1.093289
BFGS:   41 13:13:26    -3149.591960        1.060929
BFGS:   42 13:13:27    -3149.612615        1.071737
BFGS:   43 13:13:28    -3149.630169        1.169981
BFGS:   44 13:13:28    -3149.644975        1.217384
BFGS:   45 13:13:29    -3149.658300        1.244282
BFGS:   46 13:13:29    -3149.670460        1.294314
BFGS:   47 13:13:30    -3149.681705        1.371192
BFGS:   48 13:13:30    -3149.692966        1.463007
BFGS:   49 13:13:31    -3149.704909        1.535898
BFGS:   50 13:13:31    -3149.717207        1.564479
BFGS:   51 13:13:32    -3149.728963        1.536172
BFGS:   52 13:13:32    -3149.739884        1.472564
BFGS:   53 13:13:33    -3149.750560        1.395956
BFGS:   54 13:13:33    -3149.760725        1.386464
BFGS:   55 13:13:34    -3149.769641        1.383133
BFGS:   56 13:13:35    -3149.777755        1.379345
BFGS:   57 13:13:35    -3149.786175        1.374747
BFGS:   58 13:13:36    -3149.795834        1.380065
BFGS:   59 13:13:36    -3149.807258        1.415657
BFGS:   60 13:13:37    -3149.820494        1.436285
BFGS:   61 13:13:37    -3149.836073        1.463706
BFGS:   62 13:13:38    -3149.856183        1.554385
BFGS:   63 13:13:39    -3149.886561        1.696446
BFGS:   64 13:13:39    -3149.944238        1.921832
BFGS:   65 13:13:40    -3150.004101        2.039638
BFGS:   66 13:13:41    -3150.066614        2.063710
BFGS:   67 13:13:42    -3150.183460        2.064172
BFGS:   68 13:13:42    -3150.331290        2.043200
BFGS:   69 13:13:43    -3150.470210        2.011675
BFGS:   70 13:13:44    -3150.550913        1.954245
BFGS:   71 13:13:44    -3150.648539        1.938254
BFGS:   72 13:13:45    -3150.722200        1.977940
BFGS:   73 13:13:46    -3150.777891        2.085127
BFGS:   74 13:13:46    -3150.803490        2.100571
BFGS:   75 13:13:47    -3150.834745        2.096430
BFGS:   76 13:13:47    -3150.859221        2.153543
BFGS:   77 13:13:48    -3150.880960        2.239441
BFGS:   78 13:13:48    -3150.894941        2.256380
BFGS:   79 13:13:49    -3150.904923        2.228857
BFGS:   80 13:13:49    -3150.913248        2.183162
BFGS:   81 13:13:50    -3150.920894        2.156577
BFGS:   82 13:13:50    -3150.927346        2.156381
BFGS:   83 13:13:51    -3150.932808        2.148306
BFGS:   84 13:13:51    -3150.937857        2.156416
BFGS:   85 13:13:51    -3150.942870        2.169534
BFGS:   86 13:13:52    -3150.947779        2.161995
BFGS:   87 13:13:53    -3150.952323        2.128238
BFGS:   88 13:13:53    -3150.956059        2.090035
BFGS:   89 13:13:54    -3150.959026        2.094684
BFGS:   90 13:13:54    -3150.961639        2.101961
BFGS:   91 13:13:54    -3150.964239        2.109682
BFGS:   92 13:13:55    -3150.967138        2.113915
BFGS:   93 13:13:56    -3150.970426        2.119494
BFGS:   94 13:13:56    -3150.974313        2.150578
BFGS:   95 13:13:57    -3150.979244        2.158038
BFGS:   96 13:13:58    -3150.985877        2.126116
BFGS:   97 13:13:58    -3150.994526        2.043665
BFGS:   98 13:13:59    -3151.004896        1.914382
BFGS:   99 13:14:00    -3151.016107        1.815152
BFGS:  100 13:14:00    -3151.027791        1.769562
BFGS:  101 13:14:01    -3151.040456        1.741583
BFGS:  102 13:14:02    -3151.054701        1.713890
BFGS:  103 13:14:02    -3151.071860        1.680281
BFGS:  104 13:14:03    -3151.091501        1.695434
BFGS:  105 13:14:03    -3151.112181        1.689088
BFGS:  106 13:14:04    -3151.129058        1.678123
BFGS:  107 13:14:04    -3151.135724        1.545678
BFGS:  108 13:14:05    -3151.143171        1.605382
BFGS:  109 13:14:05    -3151.148834        1.597984
BFGS:  110 13:14:06    -3151.154804        1.581924
BFGS:  111 13:14:06    -3151.159280        1.567000
BFGS:  112 13:14:07    -3151.163267        1.551574
BFGS:  113 13:14:07    -3151.166292        1.532696
BFGS:  114 13:14:07    -3151.169114        1.511634
BFGS:  115 13:14:08    -3151.171746        1.492293
BFGS:  116 13:14:08    -3151.173995        1.481192
BFGS:  117 13:14:08    -3151.175842        1.480116
BFGS:  118 13:14:09    -3151.177609        1.483220
BFGS:  119 13:14:09    -3151.179539        1.487815
BFGS:  120 13:14:10    -3151.181633        1.487455
BFGS:  121 13:14:10    -3151.183750        1.490182
BFGS:  122 13:14:11    -3151.185815        1.503831
BFGS:  123 13:14:11    -3151.187811        1.511969
BFGS:  124 13:14:11    -3151.189653        1.510708
BFGS:  125 13:14:12    -3151.191295        1.502022
BFGS:  126 13:14:12    -3151.192908        1.506997
BFGS:  127 13:14:12    -3151.194875        1.532544
BFGS:  128 13:14:13    -3151.197721        1.559730
BFGS:  129 13:14:13    -3151.202008        1.585227
BFGS:  130 13:14:14    -3151.208115        1.598201
BFGS:  131 13:14:14    -3151.215891        1.590209
BFGS:  132 13:14:15    -3151.224794        1.580815
BFGS:  133 13:14:15    -3151.234770        1.613836
BFGS:  134 13:14:16    -3151.247068        1.609498
BFGS:  135 13:14:16    -3151.263551        1.536814
BFGS:  136 13:14:17    -3151.283288        1.483905
BFGS:  137 13:14:17    -3151.302468        1.480738
BFGS:  138 13:14:18    -3151.319547        1.455956
BFGS:  139 13:14:18    -3151.334954        1.397964
BFGS:  140 13:14:19    -3151.351656        1.283623
BFGS:  141 13:14:19    -3151.371979        1.110279
BFGS:  142 13:14:20    -3151.393410        0.958957
BFGS:  143 13:14:20    -3151.412280        0.958477
BFGS:  144 13:14:21    -3151.427922        0.928609
BFGS:  145 13:14:21    -3151.442121        0.919102
BFGS:  146 13:14:22    -3151.456008        0.767210
BFGS:  147 13:14:22    -3151.467110        1.067431
BFGS:  148 13:14:23    -3151.478868        0.672714
BFGS:  149 13:14:23    -3151.491280        0.667936
BFGS:  150 13:14:24    -3151.508645        0.663228
BFGS:  151 13:14:24    -3151.517138        0.569014
BFGS:  152 13:14:25    -3151.533735        0.453747
BFGS:  153 13:14:25    -3151.549176        0.446322
BFGS:  154 13:14:26    -3151.563732        0.413620
BFGS:  155 13:14:26    -3151.577087        0.371621
BFGS:  156 13:14:27    -3151.588180        0.487026
BFGS:  157 13:14:27    -3151.599011        0.536327
BFGS:  158 13:14:28    -3151.609993        0.549564
BFGS:  159 13:14:28    -3151.621082        0.465028
BFGS:  160 13:14:29    -3151.631677        0.430679
BFGS:  161 13:14:30    -3151.641427        0.486514
BFGS:  162 13:14:30    -3151.650532        0.464276
BFGS:  163 13:14:30    -3151.659278        0.398051
BFGS:  164 13:14:31    -3151.668525        0.328681
BFGS:  165 13:14:31    -3151.677967        0.329381
BFGS:  166 13:14:32    -3151.686118        0.322310
BFGS:  167 13:14:32    -3151.692486        0.286940
BFGS:  168 13:14:33    -3151.697994        0.187354
BFGS:  169 13:14:33    -3151.703582        0.252916
BFGS:  170 13:14:34    -3151.708788        0.203513
BFGS:  171 13:14:34    -3151.712327        0.165400
BFGS:  172 13:14:35    -3151.714010        0.144538
BFGS:  173 13:14:35    -3151.715206        0.140639
BFGS:  174 13:14:35    -3151.716258        0.136619
BFGS:  175 13:14:36    -3151.717258        0.130303
BFGS:  176 13:14:36    -3151.718142        0.119938
BFGS:  177 13:14:37    -3151.718982        0.111241
BFGS:  178 13:14:37    -3151.719677        0.089953
BFGS:  179 13:14:37    -3151.720274        0.079399
BFGS:  180 13:14:38    -3151.720856        0.067299
BFGS:  181 13:14:38    -3151.721429        0.059970
BFGS:  182 13:14:38    -3151.721869        0.075904
BFGS:  183 13:14:39    -3151.722141        0.087749
BFGS:  184 13:14:39    -3151.722338        0.086612
BFGS:  185 13:14:39    -3151.722533        0.079630
BFGS:  186 13:14:40    -3151.722714        0.075574
BFGS:  187 13:14:40    -3151.722855        0.076630
BFGS:  188 13:14:40    -3151.722971        0.069685
BFGS:  189 13:14:41    -3151.723102        0.054587
BFGS:  190 13:14:41    -3151.723253        0.048347
BFGS:  191 13:14:41    -3151.723402        0.044877
BFGS:  192 13:14:42    -3151.723537        0.042332
BFGS:  193 13:14:42    -3151.723678        0.039753
BFGS:  194 13:14:42    -3151.723854        0.035341
BFGS:  195 13:14:43    -3151.724058        0.041009
BFGS:  196 13:14:43    -3151.724240        0.044523
BFGS:  197 13:14:43    -3151.724382        0.040781
BFGS:  198 13:14:44    -3151.724503        0.031407
BFGS:  199 13:14:44    -3151.724626        0.024463
BFGS:  200 13:14:44    -3151.724731        0.018933
