      Step     Time          Energy          fmax
BFGS:    0 20:30:08    -2028.951311        7.108971
BFGS:    1 20:30:09    -2030.399447       12.048174
BFGS:    2 20:30:10    -2032.108992        2.521516
BFGS:    3 20:30:10    -2033.304157        2.613344
BFGS:    4 20:30:11    -2038.626765        4.413102
BFGS:    5 20:30:11    -2041.297968       11.462166
BFGS:    6 20:30:12    -2053.583457        7.964208
BFGS:    7 20:30:12    -2059.867900        4.376468
BFGS:    8 20:30:13    -2061.232729        4.494546
BFGS:    9 20:30:13    -2062.476480        2.782714
BFGS:   10 20:30:14    -2063.280607        2.363965
BFGS:   11 20:30:14    -2064.150129        1.896613
BFGS:   12 20:30:15    -2064.427993        0.999626
BFGS:   13 20:30:15    -2064.515110        0.949854
BFGS:   14 20:30:15    -2064.602224        3.519896
BFGS:   15 20:30:16    -2064.795648        1.710476
BFGS:   16 20:30:16    -2064.963287        1.885541
BFGS:   17 20:30:17    -2065.401721        2.079113
BFGS:   18 20:30:17    -2066.046641        2.535820
BFGS:   19 20:30:18    -2066.472879        2.291048
BFGS:   20 20:30:18    -2066.873918        4.014718
BFGS:   21 20:30:19    -2067.172497        0.974413
BFGS:   22 20:30:19    -2067.271603        0.650804
BFGS:   23 20:30:20    -2067.414646        1.016958
BFGS:   24 20:30:20    -2067.601656        0.994196
BFGS:   25 20:30:21    -2067.731062        1.116481
BFGS:   26 20:30:21    -2067.882918        1.166118
BFGS:   27 20:30:21    -2068.098409        1.010902
BFGS:   28 20:30:22    -2068.343917        1.388695
BFGS:   29 20:30:22    -2068.567866        1.340546
BFGS:   30 20:30:22    -2068.858121        1.542186
BFGS:   31 20:30:23    -2069.193270        2.115561
BFGS:   32 20:30:23    -2070.048707        6.534754
BFGS:   33 20:30:24    -2072.707691        6.592155
BFGS:   34 20:30:24    -2074.922570        5.032120
BFGS:   35 20:30:25    -2076.588125        2.275296
BFGS:   36 20:30:25    -2077.199322        0.836386
BFGS:   37 20:30:26    -2077.571600        1.421902
BFGS:   38 20:30:26    -2077.664419        1.096974
BFGS:   39 20:30:26    -2077.853274        0.875286
BFGS:   40 20:30:27    -2077.914682        0.877771
BFGS:   41 20:30:27    -2077.953301        0.357946
BFGS:   42 20:30:27    -2077.963959        0.321558
BFGS:   43 20:30:28    -2077.969372        0.169376
BFGS:   44 20:30:28    -2077.973066        0.116096
BFGS:   45 20:30:28    -2077.974854        0.090706
BFGS:   46 20:30:28    -2077.976284        0.069765
BFGS:   47 20:30:29    -2077.977298        0.067235
BFGS:   48 20:30:29    -2077.977938        0.049711
BFGS:   49 20:30:29    -2077.978300        0.032940
BFGS:   50 20:30:29    -2077.978493        0.022805
BFGS:   51 20:30:30    -2077.978597        0.020367
BFGS:   52 20:30:30    -2077.978657        0.017832
BFGS:   53 20:30:30    -2077.978697        0.010601
BFGS:   54 20:30:30    -2077.978731        0.012463
BFGS:   55 20:30:30    -2077.978776        0.018770
BFGS:   56 20:30:31    -2077.978858        0.032051
BFGS:   57 20:30:31    -2077.978974        0.034184
BFGS:   58 20:30:31    -2077.979116        0.030854
BFGS:   59 20:30:31    -2077.979230        0.026983
BFGS:   60 20:30:31    -2077.979344        0.032853
BFGS:   61 20:30:32    -2077.979520        0.036462
BFGS:   62 20:30:32    -2077.979874        0.055835
BFGS:   63 20:30:32    -2077.980577        0.086459
BFGS:   64 20:30:32    -2077.981680        0.102400
BFGS:   65 20:30:33    -2077.983020        0.073839
BFGS:   66 20:30:33    -2077.984398        0.076141
BFGS:   67 20:30:33    -2077.986138        0.092731
BFGS:   68 20:30:33    -2077.989128        0.165119
BFGS:   69 20:30:34    -2077.995255        0.258024
BFGS:   70 20:30:34    -2078.004338        0.285149
BFGS:   71 20:30:34    -2078.014586        0.272368
BFGS:   72 20:30:35    -2078.025853        0.290322
BFGS:   73 20:30:35    -2078.037831        0.306492
BFGS:   74 20:30:35    -2078.050457        0.315789
BFGS:   75 20:30:36    -2078.063636        0.320990
BFGS:   76 20:30:36    -2078.077336        0.322737
BFGS:   77 20:30:36    -2078.091569        0.321375
BFGS:   78 20:30:36    -2078.106254        0.356690
BFGS:   79 20:30:37    -2078.121317        0.391022
BFGS:   80 20:30:37    -2078.136747        0.421774
BFGS:   81 20:30:37    -2078.152500        0.449128
BFGS:   82 20:30:38    -2078.168461        0.472558
BFGS:   83 20:30:38    -2078.184657        0.492722
BFGS:   84 20:30:38    -2078.200978        0.509948
BFGS:   85 20:30:38    -2078.217485        0.524400
BFGS:   86 20:30:39    -2078.234053        0.535577
BFGS:   87 20:30:39    -2078.250657        0.544549
BFGS:   88 20:30:39    -2078.267267        0.551165
BFGS:   89 20:30:40    -2078.283789        0.555443
BFGS:   90 20:30:40    -2078.300281        0.557838
BFGS:   91 20:30:40    -2078.316659        0.558409
BFGS:   92 20:30:40    -2078.332913        0.557407
BFGS:   93 20:30:41    -2078.348995        0.554963
BFGS:   94 20:30:41    -2078.364839        0.550958
BFGS:   95 20:30:41    -2078.380531        0.546243
BFGS:   96 20:30:41    -2078.396041        0.540069
BFGS:   97 20:30:42    -2078.411284        0.533084
BFGS:   98 20:30:42    -2078.426339        0.525321
BFGS:   99 20:30:42    -2078.441102        0.516702
BFGS:  100 20:30:43    -2078.455622        0.507453
BFGS:  101 20:30:43    -2078.469807        0.499935
BFGS:  102 20:30:43    -2078.483717        0.489077
BFGS:  103 20:30:43    -2078.497276        0.482286
BFGS:  104 20:30:43    -2078.510538        0.472639
BFGS:  105 20:30:44    -2078.523454        0.461653
BFGS:  106 20:30:44    -2078.536028        0.451328
BFGS:  107 20:30:44    -2078.548277        0.440836
BFGS:  108 20:30:44    -2078.560253        0.428709
BFGS:  109 20:30:45    -2078.571904        0.418177
BFGS:  110 20:30:45    -2078.583211        0.407379
BFGS:  111 20:30:45    -2078.594208        0.396042
BFGS:  112 20:30:45    -2078.604925        0.382469
BFGS:  113 20:30:45    -2078.615332        0.371509
BFGS:  114 20:30:46    -2078.625438        0.360008
BFGS:  115 20:30:46    -2078.635254        0.348415
BFGS:  116 20:30:46    -2078.644769        0.336554
BFGS:  117 20:30:46    -2078.654006        0.324655
BFGS:  118 20:30:46    -2078.662970        0.314725
BFGS:  119 20:30:47    -2078.671681        0.302926
BFGS:  120 20:30:47    -2078.680146        0.290963
BFGS:  121 20:30:47    -2078.688373        0.281025
BFGS:  122 20:30:47    -2078.696374        0.270638
BFGS:  123 20:30:48    -2078.704154        0.261278
BFGS:  124 20:30:48    -2078.711726        0.249950
BFGS:  125 20:30:48    -2078.719095        0.238348
BFGS:  126 20:30:48    -2078.726268        0.231394
BFGS:  127 20:30:48    -2078.733256        0.221234
BFGS:  128 20:30:49    -2078.740064        0.212327
BFGS:  129 20:30:49    -2078.746702        0.202817
BFGS:  130 20:30:49    -2078.753176        0.192602
BFGS:  131 20:30:49    -2078.759493        0.186907
BFGS:  132 20:30:49    -2078.765659        0.177136
BFGS:  133 20:30:50    -2078.771679        0.169640
BFGS:  134 20:30:50    -2078.777563        0.162022
BFGS:  135 20:30:50    -2078.783314        0.155041
BFGS:  136 20:30:50    -2078.788938        0.147991
BFGS:  137 20:30:50    -2078.794444        0.141702
BFGS:  138 20:30:51    -2078.799835        0.135463
BFGS:  139 20:30:51    -2078.805114        0.129648
BFGS:  140 20:30:51    -2078.810288        0.123997
BFGS:  141 20:30:51    -2078.815361        0.118531
BFGS:  142 20:30:51    -2078.820337        0.113343
BFGS:  143 20:30:51    -2078.825219        0.108204
BFGS:  144 20:30:52    -2078.830014        0.103472
BFGS:  145 20:30:52    -2078.834725        0.098960
BFGS:  146 20:30:52    -2078.839353        0.096039
BFGS:  147 20:30:52    -2078.843906        0.093798
BFGS:  148 20:30:52    -2078.848384        0.091587
BFGS:  149 20:30:53    -2078.852789        0.089439
BFGS:  150 20:30:53    -2078.857128        0.087341
BFGS:  151 20:30:53    -2078.861402        0.085371
BFGS:  152 20:30:53    -2078.865613        0.083440
BFGS:  153 20:30:53    -2078.869764        0.082181
BFGS:  154 20:30:54    -2078.873858        0.081436
BFGS:  155 20:30:54    -2078.877895        0.080713
BFGS:  156 20:30:54    -2078.881880        0.080009
BFGS:  157 20:30:54    -2078.885815        0.079538
BFGS:  158 20:30:54    -2078.889699        0.079270
BFGS:  159 20:30:55    -2078.893540        0.079039
BFGS:  160 20:30:55    -2078.897331        0.078805
BFGS:  161 20:30:55    -2078.901081        0.078603
BFGS:  162 20:30:55    -2078.904788        0.078401
BFGS:  163 20:30:55    -2078.908457        0.078220
BFGS:  164 20:30:55    -2078.912085        0.078045
BFGS:  165 20:30:56    -2078.915678        0.077877
BFGS:  166 20:30:56    -2078.919234        0.077718
BFGS:  167 20:30:56    -2078.922756        0.077570
BFGS:  168 20:30:56    -2078.926243        0.077419
BFGS:  169 20:30:56    -2078.929697        0.077270
BFGS:  170 20:30:57    -2078.933120        0.077134
BFGS:  171 20:30:57    -2078.936515        0.077000
BFGS:  172 20:30:57    -2078.939879        0.076859
BFGS:  173 20:30:57    -2078.943213        0.076726
BFGS:  174 20:30:57    -2078.946521        0.076590
BFGS:  175 20:30:57    -2078.949801        0.076458
BFGS:  176 20:30:58    -2078.953055        0.076324
BFGS:  177 20:30:58    -2078.956284        0.076186
BFGS:  178 20:30:58    -2078.959488        0.076052
BFGS:  179 20:30:58    -2078.962667        0.075913
BFGS:  180 20:30:58    -2078.965823        0.075768
BFGS:  181 20:30:59    -2078.968955        0.075627
BFGS:  182 20:30:59    -2078.972067        0.075480
BFGS:  183 20:30:59    -2078.975155        0.075330
BFGS:  184 20:30:59    -2078.978221        0.075171
BFGS:  185 20:30:59    -2078.981267        0.075019
BFGS:  186 20:30:59    -2078.984292        0.074851
BFGS:  187 20:31:00    -2078.987296        0.074693
BFGS:  188 20:31:00    -2078.990281        0.074518
BFGS:  189 20:31:00    -2078.993247        0.074348
BFGS:  190 20:31:00    -2078.996195        0.074172
BFGS:  191 20:31:00    -2078.999122        0.073988
BFGS:  192 20:31:00    -2079.002030        0.073803
BFGS:  193 20:31:01    -2079.004921        0.073601
BFGS:  194 20:31:01    -2079.007793        0.073405
BFGS:  195 20:31:01    -2079.010648        0.073202
BFGS:  196 20:31:01    -2079.013484        0.073004
BFGS:  197 20:31:01    -2079.016303        0.072776
BFGS:  198 20:31:01    -2079.019105        0.072574
BFGS:  199 20:31:02    -2079.021889        0.072344
BFGS:  200 20:31:02    -2079.024657        0.072118
