      Step     Time          Energy          fmax
BFGS:    0 20:27:19    -2284.785178     2256.903007
BFGS:    1 20:27:21    -3405.899671      311.667939
BFGS:    2 20:27:24    -3326.692683     1597.832515
BFGS:    3 20:27:26    -3399.373830     1034.756156
BFGS:    4 20:27:29    -3433.518203      619.118057
BFGS:    5 20:27:31    -3517.053228      344.223692
BFGS:    6 20:27:34    -3581.841534      238.975799
BFGS:    7 20:27:36    -3617.490232      117.596792
BFGS:    8 20:27:39    -3638.468594       57.102382
BFGS:    9 20:27:41    -3651.306432       17.560147
BFGS:   10 20:27:44    -3657.649380       23.942137
BFGS:   11 20:27:46    -3658.540060       23.132202
BFGS:   12 20:27:48    -3661.554142        8.993377
BFGS:   13 20:27:50    -3662.808407        4.434650
BFGS:   14 20:27:52    -3664.272863        3.653930
BFGS:   15 20:27:54    -3665.405438        3.704422
BFGS:   16 20:27:56    -3666.417771        3.104212
BFGS:   17 20:27:58    -3667.196285        3.358940
BFGS:   18 20:28:00    -3667.832365        3.571640
BFGS:   19 20:28:02    -3668.481048        3.808316
BFGS:   20 20:28:04    -3669.049076        3.460626
BFGS:   21 20:28:06    -3669.517481        2.940794
BFGS:   22 20:28:08    -3669.987343        2.261481
BFGS:   23 20:28:10    -3670.564201        2.412080
BFGS:   24 20:28:12    -3671.161536        2.349703
BFGS:   25 20:28:14    -3671.642303        2.584004
BFGS:   26 20:28:15    -3672.077172        2.929325
BFGS:   27 20:28:17    -3672.296276        2.792710
BFGS:   28 20:28:18    -3672.474210        2.522909
BFGS:   29 20:28:20    -3672.700150        2.227516
BFGS:   30 20:28:22    -3672.967461        2.316858
BFGS:   31 20:28:24    -3673.228243        2.184149
BFGS:   32 20:28:25    -3673.474670        2.389737
BFGS:   33 20:28:27    -3673.713066        3.068602
BFGS:   34 20:28:29    -3673.968770        3.410811
BFGS:   35 20:28:31    -3674.353865        3.485668
BFGS:   36 20:28:33    -3674.439952        3.271217
BFGS:   37 20:28:35    -3674.722396        2.542692
BFGS:   38 20:28:37    -3674.864972        2.496560
BFGS:   39 20:28:39    -3674.996266        2.247883
BFGS:   40 20:28:40    -3675.059257        2.080770
BFGS:   41 20:28:42    -3675.125669        1.963321
BFGS:   42 20:28:44    -3675.159978        2.072424
BFGS:   43 20:28:45    -3675.195738        2.273749
BFGS:   44 20:28:47    -3675.218586        2.319157
BFGS:   45 20:28:48    -3675.251696        2.254888
BFGS:   46 20:28:50    -3675.282265        2.094613
BFGS:   47 20:28:51    -3675.318375        1.871326
BFGS:   48 20:28:53    -3675.361473        1.616163
BFGS:   49 20:28:55    -3675.423913        1.301842
BFGS:   50 20:28:57    -3675.512544        1.286605
BFGS:   51 20:28:58    -3675.606316        1.931651
BFGS:   52 20:29:00    -3675.725528        1.666408
BFGS:   53 20:29:02    -3675.843374        1.325871
BFGS:   54 20:29:04    -3675.967740        1.400218
BFGS:   55 20:29:06    -3676.086216        1.480333
BFGS:   56 20:29:08    -3676.201105        1.412309
BFGS:   57 20:29:09    -3676.285356        1.124028
BFGS:   58 20:29:11    -3676.374013        0.915462
BFGS:   59 20:29:12    -3676.456866        1.214667
BFGS:   60 20:29:14    -3676.569065        1.481599
BFGS:   61 20:29:15    -3676.645392        1.480707
BFGS:   62 20:29:17    -3676.705725        1.138940
BFGS:   63 20:29:19    -3676.748501        1.189948
BFGS:   64 20:29:20    -3676.809906        0.841356
BFGS:   65 20:29:22    -3676.855034        0.657865
BFGS:   66 20:29:23    -3676.886946        0.470763
BFGS:   67 20:29:25    -3676.909684        0.372636
BFGS:   68 20:29:26    -3676.930371        0.355063
BFGS:   69 20:29:27    -3676.947879        0.328995
BFGS:   70 20:29:28    -3676.964260        0.358796
BFGS:   71 20:29:30    -3676.978871        0.402502
BFGS:   72 20:29:31    -3676.993972        0.484899
BFGS:   73 20:29:32    -3677.008996        0.545506
BFGS:   74 20:29:34    -3677.024179        0.541065
BFGS:   75 20:29:35    -3677.040276        0.480017
BFGS:   76 20:29:36    -3677.059765        0.444216
BFGS:   77 20:29:38    -3677.083435        0.589008
BFGS:   78 20:29:39    -3677.110662        0.711978
BFGS:   79 20:29:41    -3677.139930        0.969003
BFGS:   80 20:29:42    -3677.172660        1.161448
BFGS:   81 20:29:43    -3677.212737        1.245941
BFGS:   82 20:29:45    -3677.260146        1.183751
BFGS:   83 20:29:46    -3677.311504        1.109180
BFGS:   84 20:29:48    -3677.363573        1.027270
BFGS:   85 20:29:49    -3677.416938        1.111957
BFGS:   86 20:29:51    -3677.472271        1.176295
BFGS:   87 20:29:53    -3677.531245        1.228194
BFGS:   88 20:29:54    -3677.598676        1.349547
BFGS:   89 20:29:56    -3677.685213        1.949782
BFGS:   90 20:29:57    -3677.755827        2.191020
BFGS:   91 20:29:59    -3677.882261        2.327588
BFGS:   92 20:30:01    -3678.004751        2.381740
BFGS:   93 20:30:02    -3678.121756        2.030324
BFGS:   94 20:30:04    -3678.169603        1.911014
BFGS:   95 20:30:05    -3678.239607        1.507394
BFGS:   96 20:30:06    -3678.305512        1.400582
BFGS:   97 20:30:08    -3678.364740        1.219269
BFGS:   98 20:30:09    -3678.391466        1.037870
BFGS:   99 20:30:11    -3678.418805        1.042140
BFGS:  100 20:30:12    -3678.437370        1.015223
BFGS:  101 20:30:13    -3678.452881        0.892245
BFGS:  102 20:30:14    -3678.463331        0.744655
BFGS:  103 20:30:15    -3678.473663        0.609393
BFGS:  104 20:30:17    -3678.485934        0.466718
BFGS:  105 20:30:18    -3678.499632        0.364809
BFGS:  106 20:30:19    -3678.510809        0.343138
BFGS:  107 20:30:20    -3678.518433        0.371303
BFGS:  108 20:30:21    -3678.524147        0.425655
BFGS:  109 20:30:22    -3678.529981        0.478567
BFGS:  110 20:30:23    -3678.536063        0.484842
BFGS:  111 20:30:24    -3678.541572        0.437690
BFGS:  112 20:30:25    -3678.545728        0.363437
BFGS:  113 20:30:26    -3678.549019        0.308268
BFGS:  114 20:30:28    -3678.551977        0.283966
BFGS:  115 20:30:29    -3678.555158        0.293109
BFGS:  116 20:30:30    -3678.558522        0.331912
BFGS:  117 20:30:31    -3678.561846        0.401518
BFGS:  118 20:30:32    -3678.564954        0.443439
BFGS:  119 20:30:33    -3678.567635        0.418550
BFGS:  120 20:30:34    -3678.569710        0.331987
BFGS:  121 20:30:35    -3678.571163        0.239131
BFGS:  122 20:30:36    -3678.572127        0.182578
BFGS:  123 20:30:37    -3678.572848        0.161193
BFGS:  124 20:30:38    -3678.573531        0.159459
BFGS:  125 20:30:39    -3678.574240        0.173006
BFGS:  126 20:30:40    -3678.574967        0.194002
BFGS:  127 20:30:41    -3678.575700        0.206436
BFGS:  128 20:30:42    -3678.576509        0.198814
BFGS:  129 20:30:43    -3678.577504        0.180296
BFGS:  130 20:30:44    -3678.578845        0.188595
BFGS:  131 20:30:46    -3678.580552        0.193315
BFGS:  132 20:30:47    -3678.582566        0.186785
BFGS:  133 20:30:48    -3678.584659        0.166630
BFGS:  134 20:30:49    -3678.586530        0.134519
BFGS:  135 20:30:50    -3678.588010        0.113551
BFGS:  136 20:30:51    -3678.589144        0.122339
BFGS:  137 20:30:52    -3678.590195        0.115109
BFGS:  138 20:30:53    -3678.591419        0.114966
BFGS:  139 20:30:55    -3678.592885        0.090791
BFGS:  140 20:30:56    -3678.594361        0.106583
BFGS:  141 20:30:57    -3678.595484        0.135535
BFGS:  142 20:30:58    -3678.596215        0.123349
BFGS:  143 20:30:59    -3678.596789        0.094136
BFGS:  144 20:31:00    -3678.597449        0.086534
BFGS:  145 20:31:01    -3678.598220        0.091391
BFGS:  146 20:31:02    -3678.598952        0.112256
BFGS:  147 20:31:03    -3678.599609        0.116723
BFGS:  148 20:31:04    -3678.600223        0.113699
BFGS:  149 20:31:05    -3678.600876        0.139669
BFGS:  150 20:31:06    -3678.601596        0.152146
BFGS:  151 20:31:07    -3678.602277        0.133304
BFGS:  152 20:31:08    -3678.602887        0.122753
BFGS:  153 20:31:09    -3678.603464        0.145949
BFGS:  154 20:31:10    -3678.604098        0.158712
BFGS:  155 20:31:11    -3678.604763        0.153762
BFGS:  156 20:31:12    -3678.605372        0.136308
BFGS:  157 20:31:13    -3678.605879        0.119942
BFGS:  158 20:31:14    -3678.606335        0.113536
BFGS:  159 20:31:15    -3678.606849        0.118513
BFGS:  160 20:31:16    -3678.607356        0.133676
BFGS:  161 20:31:17    -3678.607839        0.160662
BFGS:  162 20:31:18    -3678.608264        0.193864
BFGS:  163 20:31:19    -3678.608726        0.219833
BFGS:  164 20:31:20    -3678.609315        0.232096
BFGS:  165 20:31:21    -3678.610052        0.223179
BFGS:  166 20:31:22    -3678.610764        0.193473
BFGS:  167 20:31:23    -3678.611338        0.160595
BFGS:  168 20:31:24    -3678.611825        0.137927
BFGS:  169 20:31:25    -3678.612269        0.128890
BFGS:  170 20:31:26    -3678.612614        0.129992
BFGS:  171 20:31:27    -3678.612898        0.141136
BFGS:  172 20:31:28    -3678.613165        0.155985
BFGS:  173 20:31:29    -3678.613449        0.171039
BFGS:  174 20:31:30    -3678.613743        0.177067
BFGS:  175 20:31:31    -3678.614005        0.171539
BFGS:  176 20:31:32    -3678.614234        0.162535
BFGS:  177 20:31:33    -3678.614478        0.149928
BFGS:  178 20:31:33    -3678.614766        0.132624
BFGS:  179 20:31:34    -3678.615069        0.114517
BFGS:  180 20:31:35    -3678.615361        0.098780
BFGS:  181 20:31:36    -3678.615633        0.087534
BFGS:  182 20:31:37    -3678.615906        0.078087
BFGS:  183 20:31:38    -3678.616183        0.072954
BFGS:  184 20:31:39    -3678.616405        0.070579
BFGS:  185 20:31:40    -3678.616541        0.066540
BFGS:  186 20:31:41    -3678.616642        0.061403
BFGS:  187 20:31:42    -3678.616742        0.055318
BFGS:  188 20:31:43    -3678.616852        0.048656
BFGS:  189 20:31:44    -3678.616950        0.051309
BFGS:  190 20:31:45    -3678.617029        0.061294
BFGS:  191 20:31:46    -3678.617105        0.067982
BFGS:  192 20:31:47    -3678.617207        0.071538
BFGS:  193 20:31:48    -3678.617364        0.074261
BFGS:  194 20:31:49    -3678.617574        0.078963
BFGS:  195 20:31:50    -3678.617807        0.093287
BFGS:  196 20:31:51    -3678.618003        0.104268
BFGS:  197 20:31:51    -3678.618169        0.109399
BFGS:  198 20:31:52    -3678.618340        0.111498
BFGS:  199 20:31:53    -3678.618542        0.119768
BFGS:  200 20:31:54    -3678.618766        0.121885
