      Step     Time          Energy          fmax
BFGS:    0 13:02:38     -597.124554     2392.379881
BFGS:    1 13:02:39    -2005.207302      344.371314
BFGS:    2 13:02:39    -1776.843333     2164.872678
BFGS:    3 13:02:40     -532.483507    14428.380605
BFGS:    4 13:02:40    -1574.478614     4450.387779
BFGS:    5 13:02:40    -2082.446909      999.151149
BFGS:    6 13:02:41    -2093.126263      693.983746
BFGS:    7 13:02:41    -2151.425779      436.295102
BFGS:    8 13:02:42    -2211.483618      294.082788
BFGS:    9 13:02:42    -2235.055280      227.894475
BFGS:   10 13:02:43    -2253.394233      187.709595
BFGS:   11 13:02:43    -2270.438218      129.410256
BFGS:   12 13:02:43    -2283.946972       81.175885
BFGS:   13 13:02:44    -2292.239249       45.364791
BFGS:   14 13:02:44    -2296.741806       21.925861
BFGS:   15 13:02:44    -2298.807985       11.650943
BFGS:   16 13:02:45    -2300.184507        7.654398
BFGS:   17 13:02:45    -2300.917368        7.939906
BFGS:   18 13:02:45    -2301.693608        7.803085
BFGS:   19 13:02:46    -2302.445483        7.231596
BFGS:   20 13:02:46    -2302.835505        5.994207
BFGS:   21 13:02:46    -2303.164427        4.794211
BFGS:   22 13:02:46    -2303.400390        3.739490
BFGS:   23 13:02:47    -2303.626295        2.587076
BFGS:   24 13:02:47    -2303.786743        2.063036
BFGS:   25 13:02:47    -2303.893265        1.958882
BFGS:   26 13:02:47    -2303.982652        1.840870
BFGS:   27 13:02:48    -2304.060376        1.966734
BFGS:   28 13:02:48    -2304.132541        2.233079
BFGS:   29 13:02:48    -2304.207345        2.543515
BFGS:   30 13:02:48    -2304.279973        2.752549
BFGS:   31 13:02:49    -2304.344288        2.864974
BFGS:   32 13:02:49    -2304.403298        3.016349
BFGS:   33 13:02:49    -2304.464200        3.254057
BFGS:   34 13:02:49    -2304.521502        3.472043
BFGS:   35 13:02:50    -2304.570063        3.555365
BFGS:   36 13:02:50    -2304.618867        3.521792
BFGS:   37 13:02:50    -2304.671496        3.438182
BFGS:   38 13:02:50    -2304.717939        3.494058
BFGS:   39 13:02:51    -2304.751183        3.509831
BFGS:   40 13:02:51    -2304.773598        3.469030
BFGS:   41 13:02:51    -2304.793425        3.425335
BFGS:   42 13:02:52    -2304.816882        3.343951
BFGS:   43 13:02:52    -2304.840758        3.325723
BFGS:   44 13:02:52    -2304.861468        3.196886
BFGS:   45 13:02:52    -2304.883120        3.228856
BFGS:   46 13:02:53    -2304.911250        3.261262
BFGS:   47 13:02:53    -2304.939340        3.267231
BFGS:   48 13:02:53    -2304.970292        3.251450
BFGS:   49 13:02:53    -2305.003033        3.209110
BFGS:   50 13:02:54    -2305.036087        3.251236
BFGS:   51 13:02:54    -2305.067956        3.267481
BFGS:   52 13:02:54    -2305.096957        3.264380
BFGS:   53 13:02:54    -2305.123910        3.251812
BFGS:   54 13:02:55    -2305.149692        3.240545
BFGS:   55 13:02:55    -2305.176661        3.238522
BFGS:   56 13:02:55    -2305.204945        3.261129
BFGS:   57 13:02:55    -2305.234106        3.301545
BFGS:   58 13:02:56    -2305.263688        3.354612
BFGS:   59 13:02:56    -2305.291879        3.358387
BFGS:   60 13:02:56    -2305.316901        3.315997
BFGS:   61 13:02:57    -2305.341295        3.373721
BFGS:   62 13:02:57    -2305.364955        3.226527
BFGS:   63 13:02:57    -2305.387310        3.410517
BFGS:   64 13:02:57    -2305.408738        3.038249
BFGS:   65 13:02:58    -2305.433120        3.102174
BFGS:   66 13:02:58    -2305.465715        3.118245
BFGS:   67 13:02:58    -2305.492971        3.227478
BFGS:   68 13:02:58    -2305.530176        3.180995
BFGS:   69 13:02:59    -2305.569015        3.201482
BFGS:   70 13:02:59    -2305.614468        3.019922
BFGS:   71 13:02:59    -2305.667721        2.873428
BFGS:   72 13:03:00    -2305.730237        2.534275
BFGS:   73 13:03:00    -2305.793583        2.307941
BFGS:   74 13:03:00    -2305.848177        1.911865
BFGS:   75 13:03:00    -2305.896961        1.806014
BFGS:   76 13:03:01    -2305.935944        1.547516
BFGS:   77 13:03:01    -2305.971339        1.563379
BFGS:   78 13:03:01    -2306.000560        1.582239
BFGS:   79 13:03:01    -2306.023200        1.549310
BFGS:   80 13:03:02    -2306.039295        1.446935
BFGS:   81 13:03:02    -2306.051407        1.392855
BFGS:   82 13:03:02    -2306.062517        1.344522
BFGS:   83 13:03:02    -2306.074293        1.326916
BFGS:   84 13:03:03    -2306.084533        1.329051
BFGS:   85 13:03:03    -2306.093166        1.310956
BFGS:   86 13:03:03    -2306.101379        1.255323
BFGS:   87 13:03:03    -2306.109782        1.136726
BFGS:   88 13:03:04    -2306.117464        1.043653
BFGS:   89 13:03:04    -2306.123335        0.969313
BFGS:   90 13:03:04    -2306.127729        0.907974
BFGS:   91 13:03:04    -2306.131895        0.867335
BFGS:   92 13:03:04    -2306.136609        0.819825
BFGS:   93 13:03:05    -2306.141700        0.778320
BFGS:   94 13:03:05    -2306.147263        0.737359
BFGS:   95 13:03:05    -2306.153937        0.694361
BFGS:   96 13:03:05    -2306.162374        0.663983
BFGS:   97 13:03:06    -2306.172625        0.630139
BFGS:   98 13:03:06    -2306.184285        0.628732
BFGS:   99 13:03:06    -2306.198014        0.647687
BFGS:  100 13:03:07    -2306.213282        0.773155
BFGS:  101 13:03:07    -2306.228399        0.917921
BFGS:  102 13:03:07    -2306.249039        0.880281
BFGS:  103 13:03:07    -2306.261975        0.797820
BFGS:  104 13:03:08    -2306.272361        0.725401
BFGS:  105 13:03:08    -2306.283160        0.744513
BFGS:  106 13:03:08    -2306.291866        0.809185
BFGS:  107 13:03:08    -2306.301604        0.781879
BFGS:  108 13:03:09    -2306.316427        0.690415
BFGS:  109 13:03:09    -2306.340213        0.755370
BFGS:  110 13:03:09    -2306.353685        0.760260
BFGS:  111 13:03:10    -2306.367836        0.685479
BFGS:  112 13:03:10    -2306.376711        0.711481
BFGS:  113 13:03:10    -2306.387072        0.756863
BFGS:  114 13:03:10    -2306.398270        0.806055
BFGS:  115 13:03:10    -2306.410026        0.780248
BFGS:  116 13:03:11    -2306.419583        0.680064
BFGS:  117 13:03:11    -2306.427439        0.727661
BFGS:  118 13:03:11    -2306.434930        0.742977
BFGS:  119 13:03:11    -2306.442648        0.725017
BFGS:  120 13:03:12    -2306.450310        0.689502
BFGS:  121 13:03:12    -2306.456013        0.652881
BFGS:  122 13:03:12    -2306.460110        0.643793
BFGS:  123 13:03:12    -2306.464348        0.616913
BFGS:  124 13:03:13    -2306.468828        0.604911
BFGS:  125 13:03:13    -2306.474156        0.546220
BFGS:  126 13:03:13    -2306.480330        0.532494
BFGS:  127 13:03:13    -2306.486882        0.506125
BFGS:  128 13:03:13    -2306.493552        0.511924
BFGS:  129 13:03:14    -2306.501476        0.490466
BFGS:  130 13:03:14    -2306.512628        0.593665
BFGS:  131 13:03:14    -2306.526664        0.635881
BFGS:  132 13:03:14    -2306.538165        0.508027
BFGS:  133 13:03:15    -2306.544175        0.470333
BFGS:  134 13:03:15    -2306.547757        0.457591
BFGS:  135 13:03:15    -2306.550505        0.465149
BFGS:  136 13:03:15    -2306.553272        0.442273
BFGS:  137 13:03:16    -2306.556038        0.411977
BFGS:  138 13:03:16    -2306.560317        0.390531
BFGS:  139 13:03:16    -2306.563783        0.379067
BFGS:  140 13:03:16    -2306.570425        0.460381
BFGS:  141 13:03:17    -2306.575961        0.557952
BFGS:  142 13:03:17    -2306.580273        0.608016
BFGS:  143 13:03:17    -2306.584110        0.601946
BFGS:  144 13:03:17    -2306.588326        0.518544
BFGS:  145 13:03:17    -2306.592211        0.393843
BFGS:  146 13:03:18    -2306.595220        0.376765
BFGS:  147 13:03:18    -2306.597627        0.350468
BFGS:  148 13:03:18    -2306.599899        0.355497
BFGS:  149 13:03:18    -2306.602473        0.354409
BFGS:  150 13:03:18    -2306.605515        0.377987
BFGS:  151 13:03:19    -2306.607883        0.386206
BFGS:  152 13:03:19    -2306.610252        0.376924
BFGS:  153 13:03:19    -2306.612072        0.345432
BFGS:  154 13:03:19    -2306.613279        0.317991
BFGS:  155 13:03:20    -2306.614258        0.287386
BFGS:  156 13:03:20    -2306.615449        0.252612
BFGS:  157 13:03:20    -2306.616923        0.199519
BFGS:  158 13:03:20    -2306.618388        0.178532
BFGS:  159 13:03:20    -2306.619601        0.205850
BFGS:  160 13:03:21    -2306.620491        0.209072
BFGS:  161 13:03:21    -2306.621273        0.188874
BFGS:  162 13:03:21    -2306.621947        0.165611
BFGS:  163 13:03:21    -2306.622670        0.145444
BFGS:  164 13:03:21    -2306.623322        0.142761
BFGS:  165 13:03:21    -2306.624083        0.131388
BFGS:  166 13:03:22    -2306.624833        0.122677
BFGS:  167 13:03:22    -2306.625614        0.117258
BFGS:  168 13:03:22    -2306.626393        0.127945
BFGS:  169 13:03:22    -2306.627200        0.128380
BFGS:  170 13:03:22    -2306.627926        0.126066
BFGS:  171 13:03:23    -2306.628466        0.111351
BFGS:  172 13:03:23    -2306.628811        0.115869
BFGS:  173 13:03:23    -2306.629118        0.122488
BFGS:  174 13:03:23    -2306.629457        0.130797
BFGS:  175 13:03:23    -2306.629918        0.133537
BFGS:  176 13:03:24    -2306.630345        0.123637
BFGS:  177 13:03:24    -2306.630897        0.161850
BFGS:  178 13:03:24    -2306.631549        0.199699
BFGS:  179 13:03:24    -2306.632384        0.234652
BFGS:  180 13:03:24    -2306.633262        0.259921
BFGS:  181 13:03:25    -2306.634082        0.268835
BFGS:  182 13:03:25    -2306.634754        0.280982
BFGS:  183 13:03:25    -2306.635362        0.283709
BFGS:  184 13:03:25    -2306.635897        0.309559
BFGS:  185 13:03:25    -2306.636432        0.319024
BFGS:  186 13:03:25    -2306.636953        0.335978
BFGS:  187 13:03:26    -2306.637513        0.342903
BFGS:  188 13:03:26    -2306.638145        0.333563
BFGS:  189 13:03:26    -2306.638909        0.298960
BFGS:  190 13:03:26    -2306.639559        0.257773
BFGS:  191 13:03:26    -2306.640094        0.210712
BFGS:  192 13:03:27    -2306.640490        0.181147
BFGS:  193 13:03:27    -2306.640757        0.139300
BFGS:  194 13:03:27    -2306.640991        0.148569
BFGS:  195 13:03:27    -2306.641163        0.156674
BFGS:  196 13:03:27    -2306.641303        0.153011
BFGS:  197 13:03:28    -2306.641478        0.137072
BFGS:  198 13:03:28    -2306.641625        0.121156
BFGS:  199 13:03:28    -2306.641732        0.114464
BFGS:  200 13:03:28    -2306.641823        0.108809
