      Step     Time          Energy          fmax
BFGS:    0 21:05:57     -411.490473     6675.190436
BFGS:    1 21:05:58    -1867.490815      863.395912
BFGS:    2 21:05:59    -2240.526175     1754.351935
BFGS:    3 21:06:00    -2282.678450     1555.964336
BFGS:    4 21:06:02    -2439.118734      853.106026
BFGS:    5 21:06:03    -2543.825537      381.037774
BFGS:    6 21:06:04    -2592.347226       88.728791
BFGS:    7 21:06:06    -2600.834477       56.794344
BFGS:    8 21:06:07    -2610.755266       32.870091
BFGS:    9 21:06:08    -2618.435505       21.071909
BFGS:   10 21:06:09    -2626.463616       11.370979
BFGS:   11 21:06:11    -2632.398859       13.517724
BFGS:   12 21:06:12    -2635.684914       10.022029
BFGS:   13 21:06:13    -2638.521028       10.321403
BFGS:   14 21:06:14    -2640.653336        9.925245
BFGS:   15 21:06:15    -2641.884412       10.548390
BFGS:   16 21:06:16    -2642.816067        6.664412
BFGS:   17 21:06:17    -2643.693565        6.626100
BFGS:   18 21:06:18    -2644.802082        6.299608
BFGS:   19 21:06:19    -2645.762936        5.385317
BFGS:   20 21:06:20    -2646.395787        3.501937
BFGS:   21 21:06:21    -2646.762591        3.133481
BFGS:   22 21:06:22    -2647.310428        2.961172
BFGS:   23 21:06:23    -2647.563964        2.822113
BFGS:   24 21:06:24    -2647.846434        2.629135
BFGS:   25 21:06:25    -2648.027343        2.575595
BFGS:   26 21:06:26    -2648.187166        2.600451
BFGS:   27 21:06:27    -2648.318327        2.567588
BFGS:   28 21:06:28    -2648.425797        2.517142
BFGS:   29 21:06:29    -2648.506694        2.414949
BFGS:   30 21:06:30    -2648.580365        2.303831
BFGS:   31 21:06:30    -2648.644874        2.177268
BFGS:   32 21:06:31    -2648.697929        2.169614
BFGS:   33 21:06:32    -2648.735653        2.232052
BFGS:   34 21:06:33    -2648.763928        2.299433
BFGS:   35 21:06:34    -2648.788309        2.319482
BFGS:   36 21:06:34    -2648.812402        2.332811
BFGS:   37 21:06:35    -2648.840327        2.263099
BFGS:   38 21:06:36    -2648.874248        2.321267
BFGS:   39 21:06:36    -2648.911405        2.414940
BFGS:   40 21:06:37    -2648.946376        2.482519
BFGS:   41 21:06:38    -2648.976043        2.487252
BFGS:   42 21:06:39    -2649.003137        2.451830
BFGS:   43 21:06:39    -2649.029999        2.380762
BFGS:   44 21:06:40    -2649.053568        2.343997
BFGS:   45 21:06:41    -2649.071217        2.344981
BFGS:   46 21:06:42    -2649.084453        2.235812
BFGS:   47 21:06:42    -2649.094703        2.083454
BFGS:   48 21:06:43    -2649.102200        2.021452
BFGS:   49 21:06:44    -2649.107793        1.965784
BFGS:   50 21:06:44    -2649.112509        1.914687
BFGS:   51 21:06:45    -2649.116961        1.865613
BFGS:   52 21:06:45    -2649.121079        1.824646
BFGS:   53 21:06:46    -2649.124980        1.823807
BFGS:   54 21:06:47    -2649.129048        1.843921
BFGS:   55 21:06:47    -2649.133535        1.842047
BFGS:   56 21:06:48    -2649.138268        1.828919
BFGS:   57 21:06:48    -2649.142998        1.813429
BFGS:   58 21:06:49    -2649.148104        1.814590
BFGS:   59 21:06:50    -2649.154059        1.834989
BFGS:   60 21:06:50    -2649.161200        1.882981
BFGS:   61 21:06:51    -2649.169407        1.942312
BFGS:   62 21:06:52    -2649.178986        2.003118
BFGS:   63 21:06:53    -2649.190840        2.047319
BFGS:   64 21:06:53    -2649.205231        2.129765
BFGS:   65 21:06:54    -2649.220564        2.194249
BFGS:   66 21:06:55    -2649.235053        2.217167
BFGS:   67 21:06:56    -2649.249546        2.199213
BFGS:   68 21:06:56    -2649.267674        2.155938
BFGS:   69 21:06:57    -2649.292975        2.205353
BFGS:   70 21:06:58    -2649.325189        2.232215
BFGS:   71 21:06:59    -2649.360576        2.169046
BFGS:   72 21:07:00    -2649.397736        2.004225
BFGS:   73 21:07:00    -2649.438775        1.788507
BFGS:   74 21:07:01    -2649.485934        1.756884
BFGS:   75 21:07:02    -2649.539627        1.678464
BFGS:   76 21:07:03    -2649.595607        1.523043
BFGS:   77 21:07:03    -2649.651752        1.313034
BFGS:   78 21:07:04    -2649.712804        1.059598
BFGS:   79 21:07:05    -2649.770682        1.025186
BFGS:   80 21:07:06    -2649.813779        1.241083
BFGS:   81 21:07:06    -2649.847804        1.209700
BFGS:   82 21:07:07    -2649.877228        0.933187
BFGS:   83 21:07:08    -2649.901479        0.694001
BFGS:   84 21:07:08    -2649.918840        0.770646
BFGS:   85 21:07:09    -2649.930289        0.702715
BFGS:   86 21:07:10    -2649.939809        0.524797
BFGS:   87 21:07:10    -2649.949527        0.428574
BFGS:   88 21:07:11    -2649.958040        0.418076
BFGS:   89 21:07:12    -2649.964220        0.412335
BFGS:   90 21:07:12    -2649.968736        0.404340
BFGS:   91 21:07:13    -2649.973060        0.348249
BFGS:   92 21:07:14    -2649.977874        0.236237
BFGS:   93 21:07:14    -2649.983201        0.227477
BFGS:   94 21:07:15    -2649.989041        0.243124
BFGS:   95 21:07:16    -2649.995394        0.282257
BFGS:   96 21:07:16    -2650.001472        0.263815
BFGS:   97 21:07:17    -2650.006071        0.193919
BFGS:   98 21:07:18    -2650.008990        0.161407
BFGS:   99 21:07:18    -2650.011207        0.166228
BFGS:  100 21:07:19    -2650.013601        0.156913
BFGS:  101 21:07:20    -2650.016404        0.152370
BFGS:  102 21:07:20    -2650.019147        0.126528
BFGS:  103 21:07:21    -2650.021256        0.082560
BFGS:  104 21:07:21    -2650.022772        0.086808
BFGS:  105 21:07:22    -2650.024112        0.088493
BFGS:  106 21:07:22    -2650.025560        0.104931
BFGS:  107 21:07:23    -2650.027016        0.125196
BFGS:  108 21:07:24    -2650.028200        0.107540
BFGS:  109 21:07:24    -2650.029047        0.090006
BFGS:  110 21:07:25    -2650.029733        0.077550
BFGS:  111 21:07:25    -2650.030386        0.049492
BFGS:  112 21:07:26    -2650.030964        0.049369
BFGS:  113 21:07:26    -2650.031400        0.046994
BFGS:  114 21:07:27    -2650.031719        0.044431
BFGS:  115 21:07:27    -2650.031989        0.040309
BFGS:  116 21:07:28    -2650.032231        0.043773
BFGS:  117 21:07:28    -2650.032422        0.030440
BFGS:  118 21:07:28    -2650.032557        0.025649
BFGS:  119 21:07:29    -2650.032657        0.024465
BFGS:  120 21:07:29    -2650.032740        0.022159
BFGS:  121 21:07:30    -2650.032804        0.016984
BFGS:  122 21:07:30    -2650.032845        0.014174
BFGS:  123 21:07:30    -2650.032872        0.011201
BFGS:  124 21:07:31    -2650.032895        0.011012
BFGS:  125 21:07:31    -2650.032917        0.010842
BFGS:  126 21:07:32    -2650.032937        0.010511
BFGS:  127 21:07:32    -2650.032954        0.013059
BFGS:  128 21:07:32    -2650.032967        0.013180
BFGS:  129 21:07:33    -2650.032978        0.012995
BFGS:  130 21:07:33    -2650.032990        0.010799
BFGS:  131 21:07:33    -2650.033004        0.009199
