      Step     Time          Energy          fmax
BFGS:    0 12:59:29    -2353.059106        4.404259
BFGS:    1 12:59:29    -2356.563333        4.714880
BFGS:    2 12:59:30    -2365.499114        6.273914
BFGS:    3 12:59:30    -2372.692920       10.385463
BFGS:    4 12:59:31    -2364.671185       21.342648
BFGS:    5 12:59:31    -2376.953120        6.045468
BFGS:    6 12:59:31    -2378.997485        4.458177
BFGS:    7 12:59:32    -2381.000807        4.633279
BFGS:    8 12:59:32    -2382.012225        1.090825
BFGS:    9 12:59:33    -2382.210581        0.747678
BFGS:   10 12:59:33    -2382.683546        1.184365
BFGS:   11 12:59:33    -2382.893000        0.959381
BFGS:   12 12:59:33    -2383.121008        0.559733
BFGS:   13 12:59:34    -2383.245507        0.666985
BFGS:   14 12:59:34    -2383.448563        0.890408
BFGS:   15 12:59:34    -2383.647107        1.122676
BFGS:   16 12:59:35    -2384.153714        2.441655
BFGS:   17 12:59:35    -2384.577834        3.332032
BFGS:   18 12:59:35    -2385.053086        4.325914
BFGS:   19 12:59:36    -2386.282786        3.756648
BFGS:   20 12:59:36    -2386.854351        8.219054
BFGS:   21 12:59:36    -2388.462129        5.197221
BFGS:   22 12:59:36    -2389.313672        4.696075
BFGS:   23 12:59:37    -2389.749598        2.322811
BFGS:   24 12:59:37    -2389.870915        5.945005
BFGS:   25 12:59:37    -2390.159192        0.932317
BFGS:   26 12:59:38    -2390.323167        1.568560
BFGS:   27 12:59:38    -2390.502889        1.917271
BFGS:   28 12:59:38    -2390.592331        0.628000
BFGS:   29 12:59:38    -2390.672851        0.709606
BFGS:   30 12:59:39    -2390.821698        1.148884
BFGS:   31 12:59:39    -2390.965625        1.022172
BFGS:   32 12:59:39    -2391.061759        0.685344
BFGS:   33 12:59:39    -2391.127234        0.485898
BFGS:   34 12:59:40    -2391.170562        0.373219
BFGS:   35 12:59:40    -2391.201931        0.445900
BFGS:   36 12:59:40    -2391.234187        0.516526
BFGS:   37 12:59:40    -2391.269697        0.572040
BFGS:   38 12:59:41    -2391.310413        0.444907
BFGS:   39 12:59:41    -2391.349281        0.365687
BFGS:   40 12:59:41    -2391.388178        0.398546
BFGS:   41 12:59:42    -2391.429561        0.450553
BFGS:   42 12:59:42    -2391.478079        0.513574
BFGS:   43 12:59:42    -2391.521991        0.414181
BFGS:   44 12:59:42    -2391.562136        0.849637
BFGS:   45 12:59:43    -2391.612917        0.776151
BFGS:   46 12:59:43    -2391.733565        1.850792
BFGS:   47 12:59:43    -2391.937165        3.622306
BFGS:   48 12:59:44    -2392.132738        3.374955
BFGS:   49 12:59:44    -2392.310335        3.613017
BFGS:   50 12:59:44    -2392.361273        3.391577
BFGS:   51 12:59:45    -2392.394675        3.164966
BFGS:   52 12:59:45    -2392.433124        3.281277
BFGS:   53 12:59:45    -2392.476538        3.515939
BFGS:   54 12:59:46    -2392.518951        3.787475
BFGS:   55 12:59:46    -2392.552050        3.810662
BFGS:   56 12:59:46    -2392.602176        3.761733
BFGS:   57 12:59:47    -2392.629759        3.485659
BFGS:   58 12:59:47    -2392.651885        3.475964
BFGS:   59 12:59:47    -2392.664339        3.410769
BFGS:   60 12:59:47    -2392.681510        3.470662
BFGS:   61 12:59:48    -2392.701739        3.535991
BFGS:   62 12:59:48    -2392.719225        3.537863
BFGS:   63 12:59:48    -2392.737580        3.454474
BFGS:   64 12:59:48    -2392.757743        3.260888
BFGS:   65 12:59:49    -2392.782273        3.083304
BFGS:   66 12:59:49    -2392.817840        2.802894
BFGS:   67 12:59:49    -2392.869809        2.780253
BFGS:   68 12:59:50    -2392.927952        2.513689
BFGS:   69 12:59:50    -2392.981918        2.796724
BFGS:   70 12:59:50    -2393.036044        2.927102
BFGS:   71 12:59:51    -2393.073127        2.971120
BFGS:   72 12:59:51    -2393.125284        2.961745
BFGS:   73 12:59:51    -2393.188801        2.336558
BFGS:   74 12:59:51    -2393.238097        2.189347
BFGS:   75 12:59:52    -2393.291286        1.900311
BFGS:   76 12:59:52    -2393.339693        1.924935
BFGS:   77 12:59:52    -2393.378629        2.136904
BFGS:   78 12:59:52    -2393.415269        2.272821
BFGS:   79 12:59:53    -2393.450149        2.399032
BFGS:   80 12:59:53    -2393.482558        2.355103
BFGS:   81 12:59:53    -2393.510061        2.269865
BFGS:   82 12:59:53    -2393.536843        2.162320
BFGS:   83 12:59:54    -2393.559372        2.106955
BFGS:   84 12:59:54    -2393.574602        2.120972
BFGS:   85 12:59:54    -2393.585449        2.186490
BFGS:   86 12:59:54    -2393.595138        2.248981
BFGS:   87 12:59:55    -2393.604759        2.319134
BFGS:   88 12:59:55    -2393.614117        2.304604
BFGS:   89 12:59:55    -2393.621468        2.264879
BFGS:   90 12:59:55    -2393.628594        2.190380
BFGS:   91 12:59:55    -2393.636812        2.128437
BFGS:   92 12:59:56    -2393.644481        2.070001
BFGS:   93 12:59:56    -2393.652054        2.045471
BFGS:   94 12:59:56    -2393.661818        2.006406
BFGS:   95 12:59:56    -2393.676840        1.946288
BFGS:   96 12:59:56    -2393.698101        1.826976
BFGS:   97 12:59:57    -2393.722230        1.660775
BFGS:   98 12:59:57    -2393.744060        1.500220
BFGS:   99 12:59:57    -2393.764012        1.385302
BFGS:  100 12:59:57    -2393.784420        1.316082
BFGS:  101 12:59:57    -2393.804156        1.259195
BFGS:  102 12:59:58    -2393.820586        1.210591
BFGS:  103 12:59:58    -2393.833087        1.141002
BFGS:  104 12:59:58    -2393.842727        1.081098
BFGS:  105 12:59:58    -2393.851304        1.005001
BFGS:  106 12:59:59    -2393.860400        0.950638
BFGS:  107 12:59:59    -2393.870277        0.892856
BFGS:  108 12:59:59    -2393.881591        0.885279
BFGS:  109 12:59:59    -2393.895141        0.870197
BFGS:  110 13:00:00    -2393.910790        0.890400
BFGS:  111 13:00:00    -2393.927226        0.845038
BFGS:  112 13:00:00    -2393.942825        0.799750
BFGS:  113 13:00:00    -2393.956354        0.674893
BFGS:  114 13:00:01    -2393.967452        0.618457
BFGS:  115 13:00:01    -2393.976539        0.521629
BFGS:  116 13:00:01    -2393.983451        0.554200
BFGS:  117 13:00:01    -2393.988864        0.570313
BFGS:  118 13:00:01    -2393.993298        0.602924
BFGS:  119 13:00:02    -2393.996883        0.648520
BFGS:  120 13:00:02    -2393.999383        0.632790
BFGS:  121 13:00:02    -2394.001884        0.614209
BFGS:  122 13:00:02    -2394.004199        0.577977
BFGS:  123 13:00:02    -2394.006681        0.550026
BFGS:  124 13:00:03    -2394.009025        0.539485
BFGS:  125 13:00:03    -2394.011087        0.534578
BFGS:  126 13:00:03    -2394.013058        0.548389
BFGS:  127 13:00:03    -2394.015451        0.537344
BFGS:  128 13:00:03    -2394.018591        0.529316
BFGS:  129 13:00:04    -2394.022435        0.465730
BFGS:  130 13:00:04    -2394.026425        0.416997
BFGS:  131 13:00:04    -2394.030174        0.351589
BFGS:  132 13:00:04    -2394.033648        0.330626
BFGS:  133 13:00:05    -2394.036997        0.272355
BFGS:  134 13:00:05    -2394.040185        0.277375
BFGS:  135 13:00:05    -2394.042936        0.239848
BFGS:  136 13:00:05    -2394.045269        0.240755
BFGS:  137 13:00:05    -2394.047367        0.188137
BFGS:  138 13:00:06    -2394.049422        0.158386
BFGS:  139 13:00:06    -2394.051468        0.096863
BFGS:  140 13:00:06    -2394.053276        0.092329
BFGS:  141 13:00:06    -2394.054670        0.078880
BFGS:  142 13:00:06    -2394.055803        0.088456
BFGS:  143 13:00:07    -2394.056972        0.076194
BFGS:  144 13:00:07    -2394.058246        0.077239
BFGS:  145 13:00:07    -2394.059426        0.074120
BFGS:  146 13:00:07    -2394.060341        0.064277
BFGS:  147 13:00:07    -2394.061148        0.067187
BFGS:  148 13:00:08    -2394.062127        0.069716
BFGS:  149 13:00:08    -2394.063342        0.084858
BFGS:  150 13:00:08    -2394.064495        0.085101
BFGS:  151 13:00:08    -2394.065285        0.079213
BFGS:  152 13:00:08    -2394.065789        0.067465
BFGS:  153 13:00:08    -2394.066235        0.062281
BFGS:  154 13:00:09    -2394.066716        0.059215
BFGS:  155 13:00:09    -2394.067214        0.073524
BFGS:  156 13:00:09    -2394.067706        0.085429
BFGS:  157 13:00:09    -2394.068243        0.100023
BFGS:  158 13:00:09    -2394.068908        0.104343
BFGS:  159 13:00:09    -2394.069755        0.122961
BFGS:  160 13:00:10    -2394.070815        0.144495
BFGS:  161 13:00:10    -2394.072218        0.165793
BFGS:  162 13:00:10    -2394.074190        0.181550
BFGS:  163 13:00:10    -2394.076997        0.184151
BFGS:  164 13:00:10    -2394.080496        0.178997
BFGS:  165 13:00:11    -2394.084065        0.144254
BFGS:  166 13:00:11    -2394.087224        0.298723
BFGS:  167 13:00:11    -2394.089924        0.154569
BFGS:  168 13:00:11    -2394.092573        0.229752
BFGS:  169 13:00:11    -2394.094543        0.293203
BFGS:  170 13:00:12    -2394.097817        0.262552
BFGS:  171 13:00:12    -2394.101608        0.153450
BFGS:  172 13:00:12    -2394.107017        0.243424
BFGS:  173 13:00:12    -2394.111518        0.127277
BFGS:  174 13:00:12    -2394.114563        0.391862
BFGS:  175 13:00:13    -2394.118163        0.098821
BFGS:  176 13:00:13    -2394.121392        0.120409
BFGS:  177 13:00:13    -2394.127554        0.311732
BFGS:  178 13:00:13    -2394.130815        0.415889
BFGS:  179 13:00:13    -2394.136265        0.151821
BFGS:  180 13:00:14    -2394.139145        0.437843
BFGS:  181 13:00:14    -2394.143799        0.499727
BFGS:  182 13:00:14    -2394.146699        0.506066
BFGS:  183 13:00:14    -2394.151607        0.149351
BFGS:  184 13:00:15    -2394.154846        0.617415
BFGS:  185 13:00:15    -2394.158564        0.371300
BFGS:  186 13:00:15    -2394.162595        0.158666
BFGS:  187 13:00:15    -2394.165086        0.184536
BFGS:  188 13:00:15    -2394.167536        0.189435
BFGS:  189 13:00:16    -2394.171004        0.142672
BFGS:  190 13:00:16    -2394.174016        0.133727
BFGS:  191 13:00:16    -2394.176933        0.173444
BFGS:  192 13:00:16    -2394.180483        0.134809
BFGS:  193 13:00:16    -2394.184131        0.246639
BFGS:  194 13:00:17    -2394.189460        0.173531
BFGS:  195 13:00:17    -2394.194880        0.202092
BFGS:  196 13:00:17    -2394.201450        0.190489
BFGS:  197 13:00:17    -2394.209209        0.293763
BFGS:  198 13:00:18    -2394.213544        0.620801
BFGS:  199 13:00:18    -2394.222984        1.007802
BFGS:  200 13:00:18    -2394.240747        0.734977
