      Step     Time          Energy          fmax
BFGS:    0 10:20:08    -3096.089271      375.590168
BFGS:    1 10:20:10    -3144.108087      134.140865
BFGS:    2 10:20:11    -3152.134647       94.828791
BFGS:    3 10:20:12    -3164.004326       41.816307
BFGS:    4 10:20:14    -3168.306468       19.851849
BFGS:    5 10:20:15    -3170.979736        8.450571
BFGS:    6 10:20:17    -3171.298595        5.892074
BFGS:    7 10:20:18    -3171.388992        4.139973
BFGS:    8 10:20:19    -3171.429197        3.358920
BFGS:    9 10:20:20    -3171.506070        2.816026
BFGS:   10 10:20:21    -3171.614960        5.177153
BFGS:   11 10:20:22    -3171.854806        6.080694
BFGS:   12 10:20:24    -3173.017983       16.184026
BFGS:   13 10:20:25    -3174.747487       22.655035
BFGS:   14 10:20:26    -3177.737039       24.550486
BFGS:   15 10:20:28    -3181.476692       21.234985
BFGS:   16 10:20:29    -3184.770504       15.338351
BFGS:   17 10:20:31    -3187.452673       12.856979
BFGS:   18 10:20:32    -3189.736757       11.826388
BFGS:   19 10:20:33    -3191.753981       10.950762
BFGS:   20 10:20:34    -3193.548659        9.522205
BFGS:   21 10:20:35    -3195.126404        7.366684
BFGS:   22 10:20:36    -3196.304332        5.017027
BFGS:   23 10:20:37    -3197.055969        3.045551
BFGS:   24 10:20:38    -3197.479345        1.579219
BFGS:   25 10:20:39    -3197.666873        0.810239
BFGS:   26 10:20:40    -3197.690358        0.925283
BFGS:   27 10:20:41    -3197.695817        0.933314
BFGS:   28 10:20:42    -3197.715907        0.875917
BFGS:   29 10:20:42    -3197.736196        0.792853
BFGS:   30 10:20:43    -3197.768978        0.912346
BFGS:   31 10:20:44    -3197.825484        0.866805
BFGS:   32 10:20:45    -3197.833621        0.774814
BFGS:   33 10:20:46    -3197.840780        0.796268
BFGS:   34 10:20:47    -3197.841816        0.793706
BFGS:   35 10:20:47    -3197.846134        0.785527
BFGS:   36 10:20:48    -3197.848893        0.784517
BFGS:   37 10:20:49    -3197.873940        0.782528
BFGS:   38 10:20:50    -3197.919134        0.781057
BFGS:   39 10:20:51    -3197.969969        0.785874
BFGS:   40 10:20:52    -3198.024482        0.796982
BFGS:   41 10:20:53    -3198.079477        0.785586
BFGS:   42 10:20:54    -3198.135746        0.774286
BFGS:   43 10:20:55    -3198.207573        0.715817
BFGS:   44 10:20:56    -3198.255818        0.528591
BFGS:   45 10:20:57    -3198.266648        0.459166
BFGS:   46 10:20:57    -3198.269432        0.486229
BFGS:   47 10:20:58    -3198.270000        0.509712
BFGS:   48 10:20:59    -3198.270195        0.523845
BFGS:   49 10:21:00    -3198.270251        0.526128
BFGS:   50 10:21:00    -3198.270324        0.527235
BFGS:   51 10:21:01    -3198.270507        0.528386
BFGS:   52 10:21:01    -3198.270955        0.529780
BFGS:   53 10:21:02    -3198.271913        0.529286
BFGS:   54 10:21:03    -3198.273553        0.524942
BFGS:   55 10:21:04    -3198.275024        0.515328
BFGS:   56 10:21:05    -3198.275573        0.507973
BFGS:   57 10:21:05    -3198.275703        0.506541
BFGS:   58 10:21:06    -3198.275733        0.507347
BFGS:   59 10:21:06    -3198.275781        0.508957
BFGS:   60 10:21:07    -3198.275896        0.511635
BFGS:   61 10:21:08    -3198.276192        0.515763
BFGS:   62 10:21:08    -3198.276980        0.521607
BFGS:   63 10:21:09    -3198.278941        0.529350
BFGS:   64 10:21:10    -3198.283270        0.537005
BFGS:   65 10:21:11    -3198.290126        0.538537
BFGS:   66 10:21:11    -3198.296522        0.522734
BFGS:   67 10:21:12    -3198.301652        0.486303
BFGS:   68 10:21:13    -3198.304720        0.439936
BFGS:   69 10:21:14    -3198.305150        0.413705
BFGS:   70 10:21:15    -3198.305419        0.391162
BFGS:   71 10:21:16    -3198.307957        0.326614
BFGS:   72 10:21:17    -3198.318925        0.268897
BFGS:   73 10:21:17    -3198.341684        0.209291
BFGS:   74 10:21:18    -3198.378229        0.195968
BFGS:   75 10:21:19    -3198.429709        0.249439
BFGS:   76 10:21:20    -3198.487671        0.271847
BFGS:   77 10:21:21    -3198.544844        0.283326
BFGS:   78 10:21:22    -3198.602688        0.283902
BFGS:   79 10:21:23    -3198.655542        0.293713
BFGS:   80 10:21:24    -3198.701182        0.300594
BFGS:   81 10:21:24    -3198.742579        0.309512
BFGS:   82 10:21:25    -3198.781263        0.342417
BFGS:   83 10:21:26    -3198.818671        0.378219
BFGS:   84 10:21:27    -3198.854752        0.398946
BFGS:   85 10:21:28    -3198.887573        0.378943
BFGS:   86 10:21:29    -3198.911316        0.275624
BFGS:   87 10:21:30    -3198.915516        0.245347
BFGS:   88 10:21:31    -3198.919807        0.238141
BFGS:   89 10:21:31    -3198.924151        0.240273
BFGS:   90 10:21:32    -3198.930351        0.245211
BFGS:   91 10:21:33    -3198.932587        0.257057
BFGS:   92 10:21:34    -3198.933551        0.246541
BFGS:   93 10:21:35    -3198.934242        0.266504
BFGS:   94 10:21:35    -3198.934348        0.258033
BFGS:   95 10:21:36    -3198.934351        0.258562
BFGS:   96 10:21:36    -3198.934353        0.258733
BFGS:   97 10:21:36    -3198.934355        0.259130
BFGS:   98 10:21:37    -3198.934357        0.259281
BFGS:   99 10:21:37    -3198.934367        0.259816
BFGS:  100 10:21:38    -3198.934386        0.260530
BFGS:  101 10:21:39    -3198.934449        0.261664
BFGS:  102 10:21:39    -3198.934616        0.263583
BFGS:  103 10:21:40    -3198.935024        0.266202
BFGS:  104 10:21:40    -3198.936123        0.269990
BFGS:  105 10:21:41    -3198.938906        0.274585
BFGS:  106 10:21:42    -3198.945742        0.278009
BFGS:  107 10:21:43    -3198.961158        0.270628
BFGS:  108 10:21:44    -3198.995541        0.203016
BFGS:  109 10:21:45    -3199.021780        0.189370
BFGS:  110 10:21:46    -3199.042685        0.145941
BFGS:  111 10:21:46    -3199.052194        0.057446
BFGS:  112 10:21:47    -3199.052859        0.021149
BFGS:  113 10:21:48    -3199.053364        0.004800
