      Step     Time          Energy          fmax
BFGS:    0 21:08:43    -2588.006479        7.957348
BFGS:    1 21:08:45    -2593.899564        4.431765
BFGS:    2 21:08:47    -2596.467914        4.299587
BFGS:    3 21:08:48    -2599.304825        3.540893
BFGS:    4 21:08:50    -2600.580478        5.113196
BFGS:    5 21:08:51    -2601.832889        3.730374
BFGS:    6 21:08:52    -2605.216768        5.669322
BFGS:    7 21:08:53    -2608.607560        6.988354
BFGS:    8 21:08:55    -2611.709304        7.580595
BFGS:    9 21:08:56    -2611.946981       11.874474
BFGS:   10 21:08:56    -2615.068753        9.320307
BFGS:   11 21:08:57    -2619.360657        6.946705
BFGS:   12 21:08:58    -2618.425418       23.832798
BFGS:   13 21:09:00    -2623.629127        5.725203
BFGS:   14 21:09:00    -2625.280714        5.609987
BFGS:   15 21:09:01    -2627.318641        4.649083
BFGS:   16 21:09:02    -2628.541570        3.168936
BFGS:   17 21:09:03    -2629.656864        2.147312
BFGS:   18 21:09:04    -2630.197588        1.744438
BFGS:   19 21:09:05    -2630.786347        1.854889
BFGS:   20 21:09:06    -2631.269269        1.563658
BFGS:   21 21:09:07    -2631.680650        1.136914
BFGS:   22 21:09:07    -2631.860397        1.072547
BFGS:   23 21:09:08    -2632.007191        2.195168
BFGS:   24 21:09:09    -2632.087913        1.560275
BFGS:   25 21:09:09    -2632.151251        0.833537
BFGS:   26 21:09:10    -2632.214684        0.407880
BFGS:   27 21:09:10    -2632.240724        0.354588
BFGS:   28 21:09:11    -2632.276094        0.295968
BFGS:   29 21:09:11    -2632.296147        0.259637
BFGS:   30 21:09:12    -2632.310281        0.222770
BFGS:   31 21:09:12    -2632.320239        0.186303
BFGS:   32 21:09:13    -2632.330068        0.199863
BFGS:   33 21:09:13    -2632.340794        0.229808
BFGS:   34 21:09:14    -2632.355814        0.255097
BFGS:   35 21:09:14    -2632.377188        0.402174
BFGS:   36 21:09:15    -2632.403840        0.429334
BFGS:   37 21:09:16    -2632.430651        0.276586
BFGS:   38 21:09:16    -2632.454847        0.292765
BFGS:   39 21:09:17    -2632.479213        0.284207
BFGS:   40 21:09:17    -2632.510076        0.461327
BFGS:   41 21:09:18    -2632.544196        0.479391
BFGS:   42 21:09:18    -2632.570158        0.277760
BFGS:   43 21:09:19    -2632.585184        0.229101
BFGS:   44 21:09:20    -2632.594287        0.247929
BFGS:   45 21:09:20    -2632.601982        0.225455
BFGS:   46 21:09:21    -2632.609285        0.166228
BFGS:   47 21:09:21    -2632.615669        0.146920
BFGS:   48 21:09:22    -2632.622540        0.190386
BFGS:   49 21:09:22    -2632.631919        0.261444
BFGS:   50 21:09:23    -2632.647138        0.290462
BFGS:   51 21:09:24    -2632.701340        0.744901
BFGS:   52 21:09:24    -2632.838205        0.625933
BFGS:   53 21:09:25    -2632.866997        0.895126
BFGS:   54 21:09:26    -2632.950604        0.494826
BFGS:   55 21:09:26    -2633.005578        0.437026
BFGS:   56 21:09:27    -2633.058827        0.405872
BFGS:   57 21:09:28    -2633.120860        0.436457
BFGS:   58 21:09:28    -2633.181456        0.513857
BFGS:   59 21:09:29    -2633.214485        0.577121
BFGS:   60 21:09:30    -2633.249697        0.634825
BFGS:   61 21:09:30    -2633.290382        0.667323
BFGS:   62 21:09:31    -2633.341932        0.676881
BFGS:   63 21:09:32    -2633.415932        0.705634
BFGS:   64 21:09:33    -2633.555186        1.203925
BFGS:   65 21:09:33    -2633.606807        1.396302
BFGS:   66 21:09:34    -2633.760752        0.732745
BFGS:   67 21:09:35    -2633.921714        0.706107
BFGS:   68 21:09:36    -2633.997421        0.574045
BFGS:   69 21:09:36    -2634.036265        0.472820
BFGS:   70 21:09:37    -2634.070909        0.344863
BFGS:   71 21:09:38    -2634.100099        0.402155
BFGS:   72 21:09:38    -2634.127103        0.421945
BFGS:   73 21:09:39    -2634.153121        0.376213
BFGS:   74 21:09:39    -2634.179918        0.351824
BFGS:   75 21:09:40    -2634.209001        0.467755
BFGS:   76 21:09:41    -2634.239482        0.557932
BFGS:   77 21:09:41    -2634.266803        0.408521
BFGS:   78 21:09:42    -2634.288523        0.339003
BFGS:   79 21:09:43    -2634.307279        0.371150
BFGS:   80 21:09:43    -2634.329450        0.517347
BFGS:   81 21:09:44    -2634.355689        0.595475
BFGS:   82 21:09:44    -2634.379609        0.441034
BFGS:   83 21:09:45    -2634.394858        0.200552
BFGS:   84 21:09:45    -2634.403076        0.174659
BFGS:   85 21:09:46    -2634.410158        0.239501
BFGS:   86 21:09:47    -2634.418234        0.236214
BFGS:   87 21:09:47    -2634.425491        0.198494
BFGS:   88 21:09:48    -2634.431244        0.220472
BFGS:   89 21:09:49    -2634.438198        0.336089
BFGS:   90 21:09:49    -2634.448063        0.451587
BFGS:   91 21:09:50    -2634.461143        0.446895
BFGS:   92 21:09:51    -2634.495433        0.511431
BFGS:   93 21:09:52    -2634.520694        0.433390
BFGS:   94 21:09:52    -2634.547224        0.412112
BFGS:   95 21:09:53    -2634.562889        0.374873
BFGS:   96 21:09:54    -2634.579515        0.254166
BFGS:   97 21:09:55    -2634.594585        0.149737
BFGS:   98 21:09:55    -2634.604481        0.212932
BFGS:   99 21:09:56    -2634.612071        0.180828
BFGS:  100 21:09:57    -2634.617498        0.135295
BFGS:  101 21:09:57    -2634.622248        0.132837
BFGS:  102 21:09:58    -2634.625604        0.139406
BFGS:  103 21:09:59    -2634.628320        0.096550
BFGS:  104 21:09:59    -2634.629800        0.078761
BFGS:  105 21:10:00    -2634.630727        0.064978
BFGS:  106 21:10:00    -2634.631544        0.067996
BFGS:  107 21:10:01    -2634.632344        0.053605
BFGS:  108 21:10:01    -2634.633024        0.053275
BFGS:  109 21:10:02    -2634.633537        0.048920
BFGS:  110 21:10:02    -2634.633933        0.042815
BFGS:  111 21:10:03    -2634.634282        0.044294
BFGS:  112 21:10:04    -2634.634618        0.039776
BFGS:  113 21:10:04    -2634.634973        0.040620
BFGS:  114 21:10:05    -2634.635418        0.036400
BFGS:  115 21:10:05    -2634.636111        0.050199
BFGS:  116 21:10:06    -2634.637190        0.070867
BFGS:  117 21:10:07    -2634.638889        0.085383
BFGS:  118 21:10:07    -2634.641156        0.098492
BFGS:  119 21:10:08    -2634.643614        0.110107
BFGS:  120 21:10:09    -2634.646193        0.114496
BFGS:  121 21:10:09    -2634.648529        0.117279
BFGS:  122 21:10:10    -2634.650892        0.103506
BFGS:  123 21:10:10    -2634.653477        0.109801
BFGS:  124 21:10:11    -2634.656227        0.114478
BFGS:  125 21:10:12    -2634.659153        0.122691
BFGS:  126 21:10:13    -2634.662377        0.144938
BFGS:  127 21:10:13    -2634.667467        0.135001
BFGS:  128 21:10:14    -2634.679832        0.216673
BFGS:  129 21:10:15    -2634.697873        0.327309
BFGS:  130 21:10:15    -2634.722684        0.691477
BFGS:  131 21:10:16    -2634.723051        0.815539
BFGS:  132 21:10:17    -2634.719735        0.829793
BFGS:  133 21:10:17    -2634.784322        0.459831
BFGS:  134 21:10:18    -2634.823311        0.461726
BFGS:  135 21:10:19    -2634.855624        0.502090
BFGS:  136 21:10:20    -2634.901131        0.346239
BFGS:  137 21:10:20    -2634.925088        0.223827
BFGS:  138 21:10:21    -2634.934490        0.198203
BFGS:  139 21:10:21    -2634.942942        0.176478
BFGS:  140 21:10:22    -2634.948958        0.416902
BFGS:  141 21:10:22    -2634.954123        0.136289
BFGS:  142 21:10:23    -2634.958843        0.137704
BFGS:  143 21:10:23    -2634.963353        0.126427
BFGS:  144 21:10:24    -2634.964847        0.080657
BFGS:  145 21:10:24    -2634.966530        0.072849
BFGS:  146 21:10:25    -2634.968024        0.077217
BFGS:  147 21:10:25    -2634.969509        0.094511
BFGS:  148 21:10:26    -2634.970626        0.071619
BFGS:  149 21:10:26    -2634.971552        0.050505
BFGS:  150 21:10:27    -2634.972286        0.050141
BFGS:  151 21:10:27    -2634.972859        0.055349
BFGS:  152 21:10:27    -2634.973320        0.036232
BFGS:  153 21:10:28    -2634.973728        0.034635
BFGS:  154 21:10:28    -2634.974104        0.037363
BFGS:  155 21:10:29    -2634.974427        0.035959
BFGS:  156 21:10:29    -2634.974684        0.025430
BFGS:  157 21:10:29    -2634.974885        0.030826
BFGS:  158 21:10:30    -2634.975061        0.029515
BFGS:  159 21:10:30    -2634.975213        0.022568
BFGS:  160 21:10:31    -2634.975329        0.017463
BFGS:  161 21:10:31    -2634.975411        0.015936
BFGS:  162 21:10:31    -2634.975495        0.017171
BFGS:  163 21:10:32    -2634.975621        0.022574
BFGS:  164 21:10:32    -2634.975839        0.030680
BFGS:  165 21:10:32    -2634.976198        0.043061
BFGS:  166 21:10:33    -2634.976717        0.052569
BFGS:  167 21:10:33    -2634.977377        0.065851
BFGS:  168 21:10:34    -2634.978174        0.081276
BFGS:  169 21:10:34    -2634.979167        0.083593
BFGS:  170 21:10:35    -2634.980397        0.063163
BFGS:  171 21:10:35    -2634.981826        0.074356
BFGS:  172 21:10:35    -2634.983253        0.068369
BFGS:  173 21:10:36    -2634.984352        0.058325
BFGS:  174 21:10:36    -2634.985007        0.049828
BFGS:  175 21:10:37    -2634.985345        0.027588
BFGS:  176 21:10:37    -2634.985555        0.025510
BFGS:  177 21:10:37    -2634.985705        0.026279
BFGS:  178 21:10:38    -2634.985848        0.027184
BFGS:  179 21:10:38    -2634.985985        0.025273
BFGS:  180 21:10:39    -2634.986109        0.022221
BFGS:  181 21:10:39    -2634.986219        0.021083
BFGS:  182 21:10:39    -2634.986335        0.022067
BFGS:  183 21:10:40    -2634.986474        0.021931
BFGS:  184 21:10:40    -2634.986646        0.024374
BFGS:  185 21:10:40    -2634.986856        0.029346
BFGS:  186 21:10:41    -2634.987113        0.027905
BFGS:  187 21:10:41    -2634.987408        0.031875
BFGS:  188 21:10:42    -2634.987719        0.031852
BFGS:  189 21:10:42    -2634.988000        0.028042
BFGS:  190 21:10:42    -2634.988250        0.023127
BFGS:  191 21:10:43    -2634.988494        0.028439
BFGS:  192 21:10:43    -2634.988747        0.035908
BFGS:  193 21:10:43    -2634.988984        0.038598
BFGS:  194 21:10:44    -2634.989179        0.038124
BFGS:  195 21:10:44    -2634.989349        0.038994
BFGS:  196 21:10:45    -2634.989547        0.042643
BFGS:  197 21:10:45    -2634.989796        0.046596
BFGS:  198 21:10:45    -2634.990101        0.047393
BFGS:  199 21:10:46    -2634.990452        0.044509
BFGS:  200 21:10:46    -2634.990891        0.042224
