      Step     Time          Energy          fmax
BFGS:    0 14:17:05    -1046.310529     2403.042991
BFGS:    1 14:17:06    -2458.176929      345.199633
BFGS:    2 14:17:08    -2074.573155     2070.123878
BFGS:    3 14:17:09    -2529.433813      812.635812
BFGS:    4 14:17:10    -2500.739092     1379.929930
BFGS:    5 14:17:11    -2675.330040      344.273716
BFGS:    6 14:17:12    -2726.546524       49.843280
BFGS:    7 14:17:13    -2747.937324       27.946113
BFGS:    8 14:17:14    -2754.964701       21.235426
BFGS:    9 14:17:15    -2764.663759       12.391870
BFGS:   10 14:17:16    -2770.978008        5.832225
BFGS:   11 14:17:17    -2775.349238        5.034567
BFGS:   12 14:17:17    -2778.769789        3.549587
BFGS:   13 14:17:18    -2780.782750        3.431788
BFGS:   14 14:17:19    -2782.831377        3.381939
BFGS:   15 14:17:20    -2784.529093        3.554071
BFGS:   16 14:17:20    -2785.998252        3.614848
BFGS:   17 14:17:21    -2787.067054        3.308935
BFGS:   18 14:17:21    -2787.996761        3.640198
BFGS:   19 14:17:22    -2788.534792        2.874981
BFGS:   20 14:17:23    -2788.956417        2.912174
BFGS:   21 14:17:23    -2789.192561        3.224840
BFGS:   22 14:17:24    -2789.421746        3.206389
BFGS:   23 14:17:24    -2789.650086        2.578524
BFGS:   24 14:17:25    -2789.816543        1.736458
BFGS:   25 14:17:26    -2789.938048        1.584383
BFGS:   26 14:17:26    -2790.061366        1.372677
BFGS:   27 14:17:27    -2790.167841        1.232796
BFGS:   28 14:17:27    -2790.244833        1.153028
BFGS:   29 14:17:28    -2790.298393        1.131390
BFGS:   30 14:17:28    -2790.342450        1.218363
BFGS:   31 14:17:29    -2790.383786        1.299317
BFGS:   32 14:17:29    -2790.422919        1.317644
BFGS:   33 14:17:30    -2790.459390        1.283960
BFGS:   34 14:17:30    -2790.493403        1.203842
BFGS:   35 14:17:30    -2790.521400        1.125547
BFGS:   36 14:17:31    -2790.543736        1.188587
BFGS:   37 14:17:31    -2790.564302        1.266026
BFGS:   38 14:17:32    -2790.587515        1.295509
BFGS:   39 14:17:32    -2790.617259        1.267819
BFGS:   40 14:17:33    -2790.654605        1.181289
BFGS:   41 14:17:33    -2790.698167        1.038435
BFGS:   42 14:17:34    -2790.742514        0.846154
BFGS:   43 14:17:34    -2790.783340        0.845169
BFGS:   44 14:17:35    -2790.820699        0.849520
BFGS:   45 14:17:35    -2790.853875        0.572287
BFGS:   46 14:17:36    -2790.880668        0.507383
BFGS:   47 14:17:36    -2790.902701        0.519688
BFGS:   48 14:17:37    -2790.921215        0.511125
BFGS:   49 14:17:37    -2790.938653        0.469994
BFGS:   50 14:17:38    -2790.956499        0.401248
BFGS:   51 14:17:38    -2790.971396        0.347700
BFGS:   52 14:17:39    -2790.981731        0.320349
BFGS:   53 14:17:39    -2790.989719        0.324941
BFGS:   54 14:17:39    -2790.997546        0.366411
BFGS:   55 14:17:40    -2791.006317        0.416564
BFGS:   56 14:17:40    -2791.015049        0.442342
BFGS:   57 14:17:41    -2791.022827        0.419693
BFGS:   58 14:17:41    -2791.029772        0.404981
BFGS:   59 14:17:42    -2791.035991        0.387798
BFGS:   60 14:17:42    -2791.041172        0.365863
BFGS:   61 14:17:42    -2791.045759        0.383236
BFGS:   62 14:17:43    -2791.050876        0.380008
BFGS:   63 14:17:43    -2791.057323        0.432929
BFGS:   64 14:17:44    -2791.064368        0.433036
BFGS:   65 14:17:44    -2791.070438        0.423779
BFGS:   66 14:17:45    -2791.075608        0.382781
BFGS:   67 14:17:45    -2791.081183        0.317852
BFGS:   68 14:17:46    -2791.087896        0.339450
BFGS:   69 14:17:46    -2791.094522        0.366727
BFGS:   70 14:17:47    -2791.099426        0.375579
BFGS:   71 14:17:47    -2791.102721        0.368689
BFGS:   72 14:17:47    -2791.105460        0.365344
BFGS:   73 14:17:48    -2791.107839        0.407052
BFGS:   74 14:17:48    -2791.109523        0.419320
BFGS:   75 14:17:49    -2791.110670        0.413473
BFGS:   76 14:17:49    -2791.111616        0.402467
BFGS:   77 14:17:49    -2791.112519        0.418074
BFGS:   78 14:17:50    -2791.113389        0.430127
BFGS:   79 14:17:50    -2791.114175        0.434489
BFGS:   80 14:17:51    -2791.114967        0.434874
BFGS:   81 14:17:51    -2791.115745        0.441188
BFGS:   82 14:17:51    -2791.116472        0.454173
BFGS:   83 14:17:52    -2791.117248        0.460405
BFGS:   84 14:17:52    -2791.118210        0.462520
BFGS:   85 14:17:53    -2791.119611        0.474600
BFGS:   86 14:17:53    -2791.121461        0.509469
BFGS:   87 14:17:53    -2791.123521        0.552963
BFGS:   88 14:17:54    -2791.125283        0.589059
BFGS:   89 14:17:54    -2791.126607        0.610701
BFGS:   90 14:17:55    -2791.127718        0.622187
BFGS:   91 14:17:55    -2791.128786        0.631953
BFGS:   92 14:17:55    -2791.129889        0.640631
BFGS:   93 14:17:56    -2791.130851        0.649294
BFGS:   94 14:17:56    -2791.131600        0.652914
BFGS:   95 14:17:57    -2791.132198        0.652752
BFGS:   96 14:17:57    -2791.132822        0.645916
BFGS:   97 14:17:57    -2791.133557        0.634756
BFGS:   98 14:17:58    -2791.134352        0.617302
BFGS:   99 14:17:58    -2791.135065        0.601149
BFGS:  100 14:17:59    -2791.135652        0.586346
BFGS:  101 14:17:59    -2791.136206        0.572491
BFGS:  102 14:18:00    -2791.136838        0.553797
BFGS:  103 14:18:00    -2791.137558        0.530605
BFGS:  104 14:18:00    -2791.138384        0.510231
BFGS:  105 14:18:01    -2791.139358        0.506698
BFGS:  106 14:18:01    -2791.140561        0.491217
BFGS:  107 14:18:01    -2791.141879        0.452521
BFGS:  108 14:18:02    -2791.143096        0.398571
BFGS:  109 14:18:02    -2791.144142        0.345277
BFGS:  110 14:18:03    -2791.145261        0.333614
BFGS:  111 14:18:03    -2791.146729        0.327534
BFGS:  112 14:18:04    -2791.148545        0.316333
BFGS:  113 14:18:04    -2791.150252        0.294474
BFGS:  114 14:18:04    -2791.151639        0.272030
BFGS:  115 14:18:05    -2791.152901        0.286941
BFGS:  116 14:18:05    -2791.154366        0.299603
BFGS:  117 14:18:06    -2791.155976        0.297757
BFGS:  118 14:18:06    -2791.157282        0.284779
BFGS:  119 14:18:06    -2791.158174        0.298160
BFGS:  120 14:18:07    -2791.158874        0.306046
BFGS:  121 14:18:07    -2791.159525        0.308798
BFGS:  122 14:18:08    -2791.160105        0.312207
BFGS:  123 14:18:08    -2791.160528        0.332653
BFGS:  124 14:18:09    -2791.160888        0.346462
BFGS:  125 14:18:09    -2791.161258        0.350336
BFGS:  126 14:18:09    -2791.161700        0.343519
BFGS:  127 14:18:10    -2791.162167        0.336445
BFGS:  128 14:18:10    -2791.162625        0.335311
BFGS:  129 14:18:11    -2791.163267        0.322954
BFGS:  130 14:18:11    -2791.164185        0.298050
BFGS:  131 14:18:12    -2791.166136        0.250715
BFGS:  132 14:18:12    -2791.183256        0.838140
BFGS:  133 14:18:13    -2791.196712        0.905282
BFGS:  134 14:18:14    -2791.253867        0.889934
BFGS:  135 14:18:14    -2791.282350        0.795000
BFGS:  136 14:18:15    -2791.306798        0.685360
BFGS:  137 14:18:16    -2791.329769        0.695726
BFGS:  138 14:18:16    -2791.360667        0.673261
BFGS:  139 14:18:17    -2791.399987        0.688315
BFGS:  140 14:18:17    -2791.431844        0.663768
BFGS:  141 14:18:18    -2791.452995        0.650621
BFGS:  142 14:18:18    -2791.464227        0.644647
BFGS:  143 14:18:19    -2791.474149        0.610894
BFGS:  144 14:18:19    -2791.482123        0.558513
BFGS:  145 14:18:19    -2791.488268        0.520823
BFGS:  146 14:18:20    -2791.492979        0.498822
BFGS:  147 14:18:20    -2791.496153        0.475401
BFGS:  148 14:18:21    -2791.498516        0.450691
BFGS:  149 14:18:21    -2791.500495        0.440010
BFGS:  150 14:18:22    -2791.502367        0.439447
BFGS:  151 14:18:22    -2791.504271        0.439441
BFGS:  152 14:18:22    -2791.506252        0.424716
BFGS:  153 14:18:23    -2791.508158        0.409712
BFGS:  154 14:18:23    -2791.509819        0.403780
BFGS:  155 14:18:24    -2791.511221        0.412642
BFGS:  156 14:18:24    -2791.512505        0.421809
BFGS:  157 14:18:24    -2791.514003        0.432428
BFGS:  158 14:18:25    -2791.515806        0.442842
BFGS:  159 14:18:25    -2791.517858        0.458475
BFGS:  160 14:18:26    -2791.520117        0.492307
BFGS:  161 14:18:26    -2791.522410        0.518435
BFGS:  162 14:18:26    -2791.525018        0.537378
BFGS:  163 14:18:27    -2791.528265        0.547905
BFGS:  164 14:18:27    -2791.532505        0.555368
BFGS:  165 14:18:28    -2791.537526        0.563072
BFGS:  166 14:18:28    -2791.542477        0.609609
BFGS:  167 14:18:28    -2791.546767        0.642761
BFGS:  168 14:18:29    -2791.550535        0.655900
BFGS:  169 14:18:29    -2791.554382        0.651561
BFGS:  170 14:18:30    -2791.558246        0.635373
BFGS:  171 14:18:30    -2791.561721        0.616740
BFGS:  172 14:18:30    -2791.564396        0.616236
BFGS:  173 14:18:31    -2791.566432        0.605981
BFGS:  174 14:18:31    -2791.567998        0.599440
BFGS:  175 14:18:32    -2791.569184        0.596720
BFGS:  176 14:18:32    -2791.570142        0.588404
BFGS:  177 14:18:32    -2791.570927        0.566967
BFGS:  178 14:18:33    -2791.571563        0.542312
BFGS:  179 14:18:33    -2791.572060        0.530320
BFGS:  180 14:18:33    -2791.572463        0.518021
BFGS:  181 14:18:34    -2791.572863        0.505830
BFGS:  182 14:18:34    -2791.573295        0.491249
BFGS:  183 14:18:35    -2791.573736        0.478628
BFGS:  184 14:18:35    -2791.574157        0.472793
BFGS:  185 14:18:35    -2791.574610        0.471040
BFGS:  186 14:18:36    -2791.575153        0.465115
BFGS:  187 14:18:36    -2791.575835        0.454628
BFGS:  188 14:18:36    -2791.576603        0.438895
BFGS:  189 14:18:37    -2791.577417        0.423555
BFGS:  190 14:18:37    -2791.578262        0.406484
BFGS:  191 14:18:37    -2791.579220        0.389482
BFGS:  192 14:18:38    -2791.580278        0.372928
BFGS:  193 14:18:38    -2791.581409        0.363756
BFGS:  194 14:18:39    -2791.582673        0.359106
BFGS:  195 14:18:39    -2791.584279        0.357559
BFGS:  196 14:18:39    -2791.586523        0.354020
BFGS:  197 14:18:40    -2791.589676        0.344779
BFGS:  198 14:18:40    -2791.593267        0.320117
BFGS:  199 14:18:41    -2791.596218        0.281990
BFGS:  200 14:18:41    -2791.598464        0.243691
