      Step     Time          Energy          fmax
BFGS:    0 10:12:24    -2273.170640        0.940191
BFGS:    1 10:12:24    -2273.194805        0.857504
BFGS:    2 10:12:24    -2273.244027        0.800154
BFGS:    3 10:12:25    -2273.276962        0.222203
BFGS:    4 10:12:25    -2273.280886        0.042945
BFGS:    5 10:12:25    -2273.281026        0.003175
      Step     Time          Energy          fmax
BFGS:    0 12:49:19    -2243.200441       15.068044
BFGS:    1 12:49:19    -2252.222953        5.269091
BFGS:    2 12:49:20    -2257.774578        6.225503
BFGS:    3 12:49:20    -2263.796179       12.257756
BFGS:    4 12:49:21    -2266.747916       20.541234
BFGS:    5 12:49:21    -2270.363422        8.020251
BFGS:    6 12:49:22    -2272.662571        3.682639
BFGS:    7 12:49:22    -2273.681404        2.128049
BFGS:    8 12:49:22    -2274.182583        1.441668
BFGS:    9 12:49:23    -2274.497159        1.450427
BFGS:   10 12:49:23    -2274.739634        1.501870
BFGS:   11 12:49:23    -2274.957190        1.288127
BFGS:   12 12:49:23    -2275.146524        0.815620
BFGS:   13 12:49:24    -2275.326279        1.160833
BFGS:   14 12:49:24    -2275.647424        2.054478
BFGS:   15 12:49:24    -2275.910624        1.677354
BFGS:   16 12:49:24    -2276.284765        0.784796
BFGS:   17 12:49:25    -2276.397891        0.704756
BFGS:   18 12:49:25    -2276.542089        0.703251
BFGS:   19 12:49:25    -2276.636911        0.621815
BFGS:   20 12:49:25    -2276.718617        0.572840
BFGS:   21 12:49:26    -2276.869102        0.673442
BFGS:   22 12:49:26    -2276.959417        0.727072
BFGS:   23 12:49:26    -2277.098943        0.721540
BFGS:   24 12:49:26    -2277.183620        0.625665
BFGS:   25 12:49:27    -2277.257276        0.582977
BFGS:   26 12:49:27    -2277.306801        0.443967
BFGS:   27 12:49:27    -2277.382660        0.494707
BFGS:   28 12:49:27    -2277.432307        0.492136
BFGS:   29 12:49:28    -2277.461466        0.336267
BFGS:   30 12:49:28    -2277.477244        0.204853
BFGS:   31 12:49:28    -2277.486766        0.180801
BFGS:   32 12:49:28    -2277.497157        0.201749
BFGS:   33 12:49:29    -2277.502800        0.178966
BFGS:   34 12:49:29    -2277.507004        0.169466
BFGS:   35 12:49:29    -2277.512020        0.182817
BFGS:   36 12:49:29    -2277.519998        0.237615
BFGS:   37 12:49:30    -2277.529360        0.256966
BFGS:   38 12:49:30    -2277.538616        0.223803
BFGS:   39 12:49:30    -2277.548879        0.142044
BFGS:   40 12:49:30    -2277.553939        0.169856
BFGS:   41 12:49:31    -2277.561457        0.228582
BFGS:   42 12:49:31    -2277.567367        0.210017
BFGS:   43 12:49:31    -2277.573206        0.251958
BFGS:   44 12:49:31    -2277.577857        0.237190
BFGS:   45 12:49:32    -2277.581915        0.115106
BFGS:   46 12:49:32    -2277.584187        0.108728
BFGS:   47 12:49:32    -2277.586232        0.135888
BFGS:   48 12:49:32    -2277.588463        0.174055
BFGS:   49 12:49:33    -2277.590742        0.136048
BFGS:   50 12:49:33    -2277.592541        0.076547
BFGS:   51 12:49:33    -2277.594028        0.067193
BFGS:   52 12:49:33    -2277.595546        0.097916
BFGS:   53 12:49:34    -2277.597135        0.095253
BFGS:   54 12:49:34    -2277.598563        0.069861
BFGS:   55 12:49:34    -2277.599944        0.084381
BFGS:   56 12:49:34    -2277.601858        0.121569
BFGS:   57 12:49:34    -2277.605265        0.197098
BFGS:   58 12:49:35    -2277.611253        0.239193
BFGS:   59 12:49:35    -2277.621155        0.239008
BFGS:   60 12:49:35    -2277.633532        0.296592
BFGS:   61 12:49:36    -2277.649331        0.251125
BFGS:   62 12:49:36    -2277.669275        0.372101
BFGS:   63 12:49:36    -2277.683658        0.485453
BFGS:   64 12:49:37    -2277.706865        0.344323
BFGS:   65 12:49:37    -2277.727537        0.382825
BFGS:   66 12:49:37    -2277.742790        0.278280
BFGS:   67 12:49:37    -2277.759171        0.271110
BFGS:   68 12:49:38    -2277.768679        0.271095
BFGS:   69 12:49:38    -2277.775938        0.157585
BFGS:   70 12:49:38    -2277.782608        0.271368
BFGS:   71 12:49:39    -2277.790234        0.198869
BFGS:   72 12:49:39    -2277.800319        0.211027
BFGS:   73 12:49:39    -2277.804207        0.192421
BFGS:   74 12:49:39    -2277.807349        0.091380
BFGS:   75 12:49:40    -2277.809557        0.082673
BFGS:   76 12:49:40    -2277.812181        0.196117
BFGS:   77 12:49:40    -2277.814939        0.215744
BFGS:   78 12:49:40    -2277.817854        0.146559
BFGS:   79 12:49:40    -2277.820742        0.094337
BFGS:   80 12:49:41    -2277.823735        0.142892
BFGS:   81 12:49:41    -2277.826863        0.227893
BFGS:   82 12:49:41    -2277.829862        0.209235
BFGS:   83 12:49:41    -2277.832306        0.106114
BFGS:   84 12:49:42    -2277.834134        0.072963
BFGS:   85 12:49:42    -2277.835622        0.095014
BFGS:   86 12:49:42    -2277.836966        0.101573
BFGS:   87 12:49:42    -2277.838151        0.072997
BFGS:   88 12:49:42    -2277.839166        0.068705
BFGS:   89 12:49:43    -2277.840112        0.072731
BFGS:   90 12:49:43    -2277.841241        0.095251
BFGS:   91 12:49:43    -2277.842750        0.100750
BFGS:   92 12:49:43    -2277.844552        0.090753
BFGS:   93 12:49:44    -2277.846117        0.063333
BFGS:   94 12:49:44    -2277.847199        0.047249
BFGS:   95 12:49:44    -2277.847908        0.048657
BFGS:   96 12:49:44    -2277.848533        0.049747
BFGS:   97 12:49:44    -2277.849156        0.045078
BFGS:   98 12:49:45    -2277.849705        0.048017
BFGS:   99 12:49:45    -2277.850190        0.044742
BFGS:  100 12:49:45    -2277.850664        0.038765
BFGS:  101 12:49:45    -2277.851207        0.044138
BFGS:  102 12:49:45    -2277.851711        0.043509
BFGS:  103 12:49:46    -2277.852157        0.033927
BFGS:  104 12:49:46    -2277.852500        0.031720
BFGS:  105 12:49:46    -2277.852825        0.036432
BFGS:  106 12:49:46    -2277.853218        0.037418
BFGS:  107 12:49:46    -2277.853739        0.046935
BFGS:  108 12:49:47    -2277.854441        0.045800
BFGS:  109 12:49:47    -2277.855413        0.067359
BFGS:  110 12:49:47    -2277.856656        0.084976
BFGS:  111 12:49:47    -2277.858238        0.089436
BFGS:  112 12:49:47    -2277.860134        0.093222
BFGS:  113 12:49:48    -2277.862261        0.102480
BFGS:  114 12:49:48    -2277.864745        0.106636
BFGS:  115 12:49:48    -2277.867891        0.110565
BFGS:  116 12:49:48    -2277.872144        0.116593
BFGS:  117 12:49:49    -2277.877645        0.124942
BFGS:  118 12:49:49    -2277.883944        0.119021
BFGS:  119 12:49:49    -2277.889823        0.113272
BFGS:  120 12:49:50    -2277.894261        0.142031
BFGS:  121 12:49:50    -2277.895868        0.268315
BFGS:  122 12:49:50    -2277.900527        0.100761
BFGS:  123 12:49:50    -2277.903924        0.096532
BFGS:  124 12:49:51    -2277.908969        0.138738
BFGS:  125 12:49:51    -2277.911098        0.104575
BFGS:  126 12:49:51    -2277.912941        0.099145
BFGS:  127 12:49:51    -2277.914543        0.092385
BFGS:  128 12:49:52    -2277.916827        0.104100
BFGS:  129 12:49:52    -2277.919506        0.104962
BFGS:  130 12:49:52    -2277.923005        0.109339
BFGS:  131 12:49:52    -2277.926033        0.094387
BFGS:  132 12:49:53    -2277.928166        0.092891
BFGS:  133 12:49:53    -2277.929580        0.061625
BFGS:  134 12:49:53    -2277.930768        0.065006
BFGS:  135 12:49:53    -2277.931950        0.069763
BFGS:  136 12:49:53    -2277.933331        0.094534
BFGS:  137 12:49:54    -2277.934868        0.075843
BFGS:  138 12:49:54    -2277.936537        0.086419
BFGS:  139 12:49:54    -2277.938463        0.076080
BFGS:  140 12:49:54    -2277.941123        0.099526
BFGS:  141 12:49:55    -2277.945170        0.132792
BFGS:  142 12:49:55    -2277.951213        0.161670
BFGS:  143 12:49:55    -2277.959170        0.270186
BFGS:  144 12:49:55    -2277.968187        0.248023
BFGS:  145 12:49:56    -2277.975861        0.275831
BFGS:  146 12:49:56    -2277.981329        0.172270
BFGS:  147 12:49:56    -2277.986363        0.147538
BFGS:  148 12:49:57    -2277.990159        0.125922
BFGS:  149 12:49:57    -2277.994752        0.140740
BFGS:  150 12:49:57    -2277.998291        0.149772
BFGS:  151 12:49:57    -2278.003224        0.155774
BFGS:  152 12:49:58    -2278.006877        0.142393
BFGS:  153 12:49:58    -2278.009028        0.092925
BFGS:  154 12:49:58    -2278.010366        0.063325
BFGS:  155 12:49:58    -2278.011289        0.068137
BFGS:  156 12:49:59    -2278.012429        0.071793
BFGS:  157 12:49:59    -2278.013373        0.070528
BFGS:  158 12:49:59    -2278.014165        0.054531
BFGS:  159 12:49:59    -2278.014654        0.031712
BFGS:  160 12:49:59    -2278.014938        0.026725
BFGS:  161 12:50:00    -2278.015156        0.029520
BFGS:  162 12:50:00    -2278.015410        0.029353
BFGS:  163 12:50:00    -2278.015744        0.036081
BFGS:  164 12:50:00    -2278.016175        0.039007
BFGS:  165 12:50:00    -2278.016630        0.039750
BFGS:  166 12:50:01    -2278.017027        0.032765
BFGS:  167 12:50:01    -2278.017305        0.026743
BFGS:  168 12:50:01    -2278.017509        0.026470
BFGS:  169 12:50:01    -2278.017697        0.029837
BFGS:  170 12:50:01    -2278.017899        0.023648
BFGS:  171 12:50:01    -2278.018080        0.022186
BFGS:  172 12:50:02    -2278.018210        0.019453
BFGS:  173 12:50:02    -2278.018298        0.021959
BFGS:  174 12:50:02    -2278.018366        0.017457
BFGS:  175 12:50:02    -2278.018427        0.013127
BFGS:  176 12:50:02    -2278.018487        0.014391
BFGS:  177 12:50:02    -2278.018553        0.015522
BFGS:  178 12:50:03    -2278.018635        0.017494
BFGS:  179 12:50:03    -2278.018733        0.017884
BFGS:  180 12:50:03    -2278.018823        0.016831
BFGS:  181 12:50:03    -2278.018893        0.012944
BFGS:  182 12:50:03    -2278.018949        0.011142
BFGS:  183 12:50:03    -2278.019001        0.012313
BFGS:  184 12:50:04    -2278.019055        0.014197
BFGS:  185 12:50:04    -2278.019103        0.014154
BFGS:  186 12:50:04    -2278.019137        0.010716
BFGS:  187 12:50:04    -2278.019156        0.007145
