      Step     Time          Energy          fmax
BFGS:    0 20:30:56    -2451.377501        7.853001
BFGS:    1 20:30:57    -2458.799992        6.895361
BFGS:    2 20:30:57    -2457.953457       19.827058
BFGS:    3 20:30:58    -2462.551099        4.583125
BFGS:    4 20:30:58    -2463.615740        2.801499
BFGS:    5 20:30:59    -2464.179220        2.835384
BFGS:    6 20:31:00    -2464.516208        1.070290
BFGS:    7 20:31:00    -2464.703275        0.602414
BFGS:    8 20:31:01    -2464.957865        0.855601
BFGS:    9 20:31:01    -2465.019469        0.825409
BFGS:   10 20:31:02    -2465.102093        0.428350
BFGS:   11 20:31:02    -2465.168048        0.492940
BFGS:   12 20:31:03    -2465.237184        0.592775
BFGS:   13 20:31:04    -2465.299260        0.634167
BFGS:   14 20:31:04    -2465.429326        0.920822
BFGS:   15 20:31:05    -2465.954198        2.239825
BFGS:   16 20:31:06    -2466.268328        2.069627
BFGS:   17 20:31:06    -2466.952647        2.093258
BFGS:   18 20:31:07    -2467.045589        3.491141
BFGS:   19 20:31:08    -2467.402856        5.798987
BFGS:   20 20:31:08    -2467.646087        3.556734
BFGS:   21 20:31:09    -2468.992920        4.092117
BFGS:   22 20:31:10    -2469.054158        7.154777
BFGS:   23 20:31:11    -2470.493089        1.623831
BFGS:   24 20:31:11    -2471.034774        1.447323
BFGS:   25 20:31:12    -2471.212924        0.772261
BFGS:   26 20:31:12    -2471.272554        0.537754
BFGS:   27 20:31:13    -2471.370930        0.497210
BFGS:   28 20:31:13    -2471.401893        0.470824
BFGS:   29 20:31:14    -2471.448640        0.414169
BFGS:   30 20:31:14    -2471.494315        0.455476
BFGS:   31 20:31:15    -2471.549427        0.505105
BFGS:   32 20:31:16    -2471.582132        0.405356
BFGS:   33 20:31:16    -2471.602927        0.327266
BFGS:   34 20:31:16    -2471.617018        0.280084
BFGS:   35 20:31:17    -2471.630048        0.211333
BFGS:   36 20:31:18    -2471.639004        0.220210
BFGS:   37 20:31:18    -2471.643761        0.123357
BFGS:   38 20:31:19    -2471.646733        0.154450
BFGS:   39 20:31:19    -2471.650453        0.158744
BFGS:   40 20:31:20    -2471.654157        0.145182
BFGS:   41 20:31:20    -2471.656490        0.111745
BFGS:   42 20:31:20    -2471.657565        0.062854
BFGS:   43 20:31:21    -2471.658132        0.070010
BFGS:   44 20:31:21    -2471.658745        0.065262
BFGS:   45 20:31:21    -2471.659453        0.070915
BFGS:   46 20:31:22    -2471.660435        0.064880
BFGS:   47 20:31:22    -2471.661705        0.074358
BFGS:   48 20:31:23    -2471.663239        0.080709
BFGS:   49 20:31:23    -2471.664834        0.062489
BFGS:   50 20:31:23    -2471.666333        0.069060
BFGS:   51 20:31:24    -2471.667882        0.091626
BFGS:   52 20:31:24    -2471.669840        0.105893
BFGS:   53 20:31:25    -2471.672867        0.150112
BFGS:   54 20:31:25    -2471.678357        0.268713
BFGS:   55 20:31:26    -2471.690276        0.440734
BFGS:   56 20:31:26    -2471.713017        0.654324
BFGS:   57 20:31:26    -2471.735694        0.806311
BFGS:   58 20:31:27    -2471.774137        0.859446
BFGS:   59 20:31:27    -2471.903120        2.073243
BFGS:   60 20:31:28    -2472.066336        4.098409
BFGS:   61 20:31:29    -2471.927954        4.385644
BFGS:   62 20:31:29    -2472.507092        2.229925
BFGS:   63 20:31:30    -2472.613159        5.587468
BFGS:   64 20:31:30    -2473.550004        4.723784
BFGS:   65 20:31:31    -2474.561404        3.625344
BFGS:   66 20:31:31    -2475.469813        3.513423
BFGS:   67 20:31:31    -2476.462799        3.201235
BFGS:   68 20:31:32    -2477.069533        3.690854
BFGS:   69 20:31:32    -2477.860410        4.606194
BFGS:   70 20:31:33    -2478.821782        5.723050
BFGS:   71 20:31:33    -2479.407937        4.205304
BFGS:   72 20:31:34    -2480.175142        3.757860
BFGS:   73 20:31:34    -2480.707582        2.617285
BFGS:   74 20:31:34    -2481.051001        1.595300
BFGS:   75 20:31:35    -2481.267684        1.286232
BFGS:   76 20:31:35    -2481.530670        1.162555
BFGS:   77 20:31:36    -2481.687830        1.146718
BFGS:   78 20:31:36    -2481.782899        1.011428
BFGS:   79 20:31:36    -2481.877732        0.697499
BFGS:   80 20:31:37    -2481.976921        0.867826
BFGS:   81 20:31:37    -2482.030764        0.935423
BFGS:   82 20:31:37    -2482.088991        0.717653
BFGS:   83 20:31:38    -2482.130615        0.645284
BFGS:   84 20:31:38    -2482.168944        0.542264
BFGS:   85 20:31:39    -2482.203075        0.629718
BFGS:   86 20:31:39    -2482.242243        0.549579
BFGS:   87 20:31:39    -2482.282317        0.398348
BFGS:   88 20:31:40    -2482.317045        0.562914
BFGS:   89 20:31:40    -2482.341093        0.730483
BFGS:   90 20:31:40    -2482.358544        0.582744
BFGS:   91 20:31:41    -2482.372016        0.250233
BFGS:   92 20:31:41    -2482.381253        0.157053
BFGS:   93 20:31:41    -2482.387507        0.340129
BFGS:   94 20:31:42    -2482.393282        0.400567
BFGS:   95 20:31:42    -2482.399832        0.318439
BFGS:   96 20:31:42    -2482.406227        0.211919
BFGS:   97 20:31:42    -2482.411325        0.199040
BFGS:   98 20:31:43    -2482.415551        0.190718
BFGS:   99 20:31:43    -2482.420001        0.178236
BFGS:  100 20:31:43    -2482.424466        0.180765
BFGS:  101 20:31:44    -2482.427499        0.155893
BFGS:  102 20:31:44    -2482.428802        0.153666
BFGS:  103 20:31:44    -2482.429426        0.153846
BFGS:  104 20:31:44    -2482.429956        0.156284
BFGS:  105 20:31:45    -2482.430494        0.156278
BFGS:  106 20:31:45    -2482.431023        0.168028
BFGS:  107 20:31:45    -2482.431372        0.164196
BFGS:  108 20:31:45    -2482.431583        0.153576
BFGS:  109 20:31:46    -2482.431748        0.141266
BFGS:  110 20:31:46    -2482.431920        0.131181
BFGS:  111 20:31:46    -2482.432109        0.132067
BFGS:  112 20:31:46    -2482.432287        0.138416
BFGS:  113 20:31:47    -2482.432439        0.134613
BFGS:  114 20:31:47    -2482.432563        0.137000
BFGS:  115 20:31:47    -2482.432676        0.142700
BFGS:  116 20:31:47    -2482.432796        0.145063
BFGS:  117 20:31:48    -2482.432934        0.142587
BFGS:  118 20:31:48    -2482.433118        0.136234
BFGS:  119 20:31:48    -2482.433349        0.126980
BFGS:  120 20:31:48    -2482.433579        0.118904
BFGS:  121 20:31:49    -2482.433755        0.115003
BFGS:  122 20:31:49    -2482.433860        0.113308
BFGS:  123 20:31:49    -2482.433937        0.110996
BFGS:  124 20:31:49    -2482.434014        0.106083
BFGS:  125 20:31:49    -2482.434103        0.099332
BFGS:  126 20:31:50    -2482.434209        0.093751
BFGS:  127 20:31:50    -2482.434324        0.086189
BFGS:  128 20:31:50    -2482.434438        0.087001
BFGS:  129 20:31:50    -2482.434543        0.087482
BFGS:  130 20:31:51    -2482.434637        0.096817
BFGS:  131 20:31:51    -2482.434723        0.105849
BFGS:  132 20:31:51    -2482.434815        0.109783
BFGS:  133 20:31:51    -2482.434933        0.105881
BFGS:  134 20:31:51    -2482.435102        0.091335
BFGS:  135 20:31:52    -2482.435366        0.086764
BFGS:  136 20:31:52    -2482.435697        0.078515
BFGS:  137 20:31:52    -2482.436027        0.066281
BFGS:  138 20:31:52    -2482.436247        0.055849
BFGS:  139 20:31:53    -2482.436379        0.049391
BFGS:  140 20:31:53    -2482.436484        0.059637
BFGS:  141 20:31:53    -2482.436599        0.078871
BFGS:  142 20:31:53    -2482.436733        0.087234
BFGS:  143 20:31:54    -2482.436859        0.076751
BFGS:  144 20:31:54    -2482.436968        0.053499
BFGS:  145 20:31:54    -2482.437065        0.039562
BFGS:  146 20:31:54    -2482.437180        0.040283
BFGS:  147 20:31:55    -2482.437334        0.050813
BFGS:  148 20:31:55    -2482.437531        0.050834
BFGS:  149 20:31:55    -2482.437733        0.032378
BFGS:  150 20:31:55    -2482.437917        0.033628
BFGS:  151 20:31:55    -2482.438085        0.049274
BFGS:  152 20:31:56    -2482.438263        0.049950
BFGS:  153 20:31:56    -2482.438434        0.033871
BFGS:  154 20:31:56    -2482.438562        0.016604
BFGS:  155 20:31:56    -2482.438643        0.022633
BFGS:  156 20:31:57    -2482.438709        0.029403
BFGS:  157 20:31:57    -2482.438777        0.024190
BFGS:  158 20:31:57    -2482.438832        0.010724
BFGS:  159 20:31:57    -2482.438866        0.009606
