      Step     Time          Energy          fmax
BFGS:    0 20:29:26    -2590.901344        6.576233
BFGS:    1 20:29:27    -2595.542603        5.053464
BFGS:    2 20:29:28    -2596.754878        5.427903
BFGS:    3 20:29:29    -2598.175772        2.540519
BFGS:    4 20:29:30    -2600.438536        2.700946
BFGS:    5 20:29:31    -2602.506175        4.594553
BFGS:    6 20:29:32    -2604.587916        5.320479
BFGS:    7 20:29:33    -2602.951470       36.018201
BFGS:    8 20:29:34    -2606.729012        7.133552
      Step     Time          Energy          fmax
BFGS:    0 20:33:53    -2590.901344        6.576233
BFGS:    1 20:33:55    -2595.542603        5.053464
BFGS:    2 20:33:56    -2596.754878        5.427903
BFGS:    3 20:33:57    -2598.175772        2.540519
BFGS:    4 20:33:58    -2600.438536        2.700946
BFGS:    5 20:34:00    -2602.506175        4.594553
BFGS:    6 20:34:01    -2604.587916        5.320479
BFGS:    7 20:34:02    -2602.951470       36.018201
BFGS:    8 20:34:04    -2606.729012        7.133552
BFGS:    9 20:34:05    -2609.133288        7.784267
BFGS:   10 20:34:06    -2610.894264        6.088506
BFGS:   11 20:34:07    -2611.904895        6.561616
BFGS:   12 20:34:08    -2613.674301        6.946956
BFGS:   13 20:34:08    -2617.891607        8.250000
BFGS:   14 20:34:09    -2620.240075        8.145057
BFGS:   15 20:34:10    -2621.744763        6.867527
BFGS:   16 20:34:10    -2623.658783        6.041054
BFGS:   17 20:34:11    -2625.115485        4.714019
BFGS:   18 20:34:12    -2627.169572        3.804331
BFGS:   19 20:34:12    -2628.101026        3.757475
BFGS:   20 20:34:13    -2628.998488        3.158903
BFGS:   21 20:34:14    -2629.341456        3.470968
BFGS:   22 20:34:14    -2629.789271        3.002906
BFGS:   23 20:34:15    -2630.078291        2.230229
BFGS:   24 20:34:16    -2630.273890        1.638086
BFGS:   25 20:34:16    -2630.484488        1.309945
BFGS:   26 20:34:17    -2630.683550        1.234730
BFGS:   27 20:34:17    -2630.892756        1.044499
BFGS:   28 20:34:18    -2631.122863        1.105140
BFGS:   29 20:34:18    -2631.369555        1.434363
BFGS:   30 20:34:19    -2631.581830        1.553312
BFGS:   31 20:34:20    -2631.723288        1.402292
BFGS:   32 20:34:20    -2631.856591        1.703548
BFGS:   33 20:34:21    -2632.009187        1.657890
BFGS:   34 20:34:21    -2632.165696        1.422558
BFGS:   35 20:34:22    -2632.331785        1.167720
BFGS:   36 20:34:22    -2632.451321        1.100734
BFGS:   37 20:34:23    -2632.531867        1.044322
BFGS:   38 20:34:23    -2632.610019        1.298075
BFGS:   39 20:34:24    -2632.692003        1.152653
BFGS:   40 20:34:25    -2632.785951        1.260836
BFGS:   41 20:34:25    -2632.875365        1.100379
BFGS:   42 20:34:26    -2632.945763        1.231684
BFGS:   43 20:34:26    -2633.005141        0.565524
BFGS:   44 20:34:27    -2633.056383        0.555238
BFGS:   45 20:34:27    -2633.112993        0.433106
BFGS:   46 20:34:28    -2633.188774        0.588062
BFGS:   47 20:34:28    -2633.280379        0.653513
BFGS:   48 20:34:29    -2633.351290        0.725842
BFGS:   49 20:34:29    -2633.392932        0.688952
BFGS:   50 20:34:30    -2633.422628        0.705776
BFGS:   51 20:34:30    -2633.461739        0.766065
BFGS:   52 20:34:31    -2633.511682        0.661585
BFGS:   53 20:34:31    -2633.553814        0.650253
BFGS:   54 20:34:31    -2633.587658        0.574431
BFGS:   55 20:34:32    -2633.615435        0.489040
BFGS:   56 20:34:32    -2633.641884        0.415649
BFGS:   57 20:34:33    -2633.666989        0.389252
BFGS:   58 20:34:33    -2633.685589        0.451784
BFGS:   59 20:34:34    -2633.698895        0.549389
BFGS:   60 20:34:34    -2633.711281        0.550934
BFGS:   61 20:34:34    -2633.724458        0.603930
BFGS:   62 20:34:35    -2633.735544        0.513281
BFGS:   63 20:34:35    -2633.742997        0.361763
BFGS:   64 20:34:36    -2633.748376        0.225719
BFGS:   65 20:34:36    -2633.753109        0.145901
BFGS:   66 20:34:36    -2633.757444        0.151848
BFGS:   67 20:34:37    -2633.761243        0.183210
BFGS:   68 20:34:37    -2633.765344        0.273300
BFGS:   69 20:34:38    -2633.771247        0.365073
BFGS:   70 20:34:38    -2633.779948        0.425372
BFGS:   71 20:34:38    -2633.789825        0.363047
BFGS:   72 20:34:39    -2633.798135        0.199563
BFGS:   73 20:34:39    -2633.804945        0.146646
BFGS:   74 20:34:40    -2633.812788        0.249100
BFGS:   75 20:34:40    -2633.822681        0.319886
BFGS:   76 20:34:41    -2633.832631        0.332244
BFGS:   77 20:34:41    -2633.839309        0.269175
BFGS:   78 20:34:41    -2633.842540        0.176840
BFGS:   79 20:34:42    -2633.844390        0.174367
BFGS:   80 20:34:42    -2633.846186        0.174336
BFGS:   81 20:34:43    -2633.847820        0.225912
BFGS:   82 20:34:43    -2633.849042        0.270510
BFGS:   83 20:34:43    -2633.849902        0.303489
BFGS:   84 20:34:44    -2633.850709        0.306280
BFGS:   85 20:34:44    -2633.851688        0.295155
BFGS:   86 20:34:44    -2633.852811        0.265957
BFGS:   87 20:34:45    -2633.853878        0.244820
BFGS:   88 20:34:45    -2633.854723        0.239858
BFGS:   89 20:34:45    -2633.855500        0.252789
BFGS:   90 20:34:46    -2633.856535        0.271461
BFGS:   91 20:34:46    -2633.858253        0.290725
BFGS:   92 20:34:47    -2633.860811        0.293230
BFGS:   93 20:34:47    -2633.864066        0.265128
BFGS:   94 20:34:47    -2633.867379        0.205157
BFGS:   95 20:34:48    -2633.870803        0.191902
BFGS:   96 20:34:48    -2633.875607        0.178181
BFGS:   97 20:34:49    -2633.883823        0.232488
BFGS:   98 20:34:49    -2633.902049        0.256531
BFGS:   99 20:34:50    -2633.926505        0.308642
BFGS:  100 20:34:50    -2633.975725        0.330468
BFGS:  101 20:34:51    -2634.044201        0.375433
BFGS:  102 20:34:51    -2634.124387        0.410250
BFGS:  103 20:34:52    -2634.210472        0.488123
BFGS:  104 20:34:52    -2634.296444        0.565580
BFGS:  105 20:34:53    -2634.381286        0.632563
BFGS:  106 20:34:53    -2634.464652        0.693304
BFGS:  107 20:34:53    -2634.546410        0.748670
BFGS:  108 20:34:54    -2634.626794        0.799355
BFGS:  109 20:34:54    -2634.705893        0.845453
BFGS:  110 20:34:55    -2634.783751        0.887407
BFGS:  111 20:34:55    -2634.860597        0.925372
BFGS:  112 20:34:56    -2634.936644        0.959718
BFGS:  113 20:34:56    -2635.011786        0.990511
BFGS:  114 20:34:56    -2635.086347        1.017824
BFGS:  115 20:34:57    -2635.160371        1.042060
BFGS:  116 20:34:57    -2635.233901        1.063117
BFGS:  117 20:34:57    -2635.307085        1.081383
BFGS:  118 20:34:58    -2635.379817        1.096775
BFGS:  119 20:34:58    -2635.452382        1.109638
BFGS:  120 20:34:59    -2635.524634        1.119927
BFGS:  121 20:34:59    -2635.596507        1.128079
BFGS:  122 20:34:59    -2635.668171        1.134261
BFGS:  123 20:35:00    -2635.739682        1.137609
BFGS:  124 20:35:00    -2635.810989        1.139581
BFGS:  125 20:35:00    -2635.881874        1.139382
BFGS:  126 20:35:01    -2635.952518        1.137932
BFGS:  127 20:35:01    -2636.022833        1.134640
BFGS:  128 20:35:02    -2636.092823        1.129850
BFGS:  129 20:35:02    -2636.162314        1.123932
BFGS:  130 20:35:02    -2636.231402        1.116724
BFGS:  131 20:35:03    -2636.300073        1.108260
BFGS:  132 20:35:03    -2636.368243        1.098595
BFGS:  133 20:35:03    -2636.435920        1.088142
BFGS:  134 20:35:04    -2636.502871        1.077049
BFGS:  135 20:35:04    -2636.569353        1.064772
BFGS:  136 20:35:05    -2636.635061        1.052281
BFGS:  137 20:35:05    -2636.700217        1.038709
BFGS:  138 20:35:05    -2636.764754        1.025121
BFGS:  139 20:35:06    -2636.828489        1.010188
BFGS:  140 20:35:06    -2636.891531        0.995980
BFGS:  141 20:35:06    -2636.953731        0.980102
BFGS:  142 20:35:07    -2637.015115        0.965840
BFGS:  143 20:35:07    -2637.075688        0.948905
BFGS:  144 20:35:07    -2637.135427        0.933892
BFGS:  145 20:35:08    -2637.194296        0.917268
BFGS:  146 20:35:08    -2637.252348        0.901430
BFGS:  147 20:35:08    -2637.309499        0.884746
BFGS:  148 20:35:09    -2637.365775        0.868824
BFGS:  149 20:35:09    -2637.421133        0.852236
BFGS:  150 20:35:09    -2637.475606        0.836051
BFGS:  151 20:35:10    -2637.529168        0.819564
BFGS:  152 20:35:10    -2637.581802        0.803340
BFGS:  153 20:35:10    -2637.633523        0.786996
BFGS:  154 20:35:11    -2637.684322        0.770861
BFGS:  155 20:35:11    -2637.734193        0.754706
BFGS:  156 20:35:11    -2637.783133        0.738747
BFGS:  157 20:35:12    -2637.831146        0.722829
BFGS:  158 20:35:12    -2637.878235        0.707109
BFGS:  159 20:35:12    -2637.924402        0.691471
BFGS:  160 20:35:13    -2637.969651        0.675980
BFGS:  161 20:35:13    -2638.013992        0.660640
BFGS:  162 20:35:13    -2638.057428        0.645582
BFGS:  163 20:35:14    -2638.099969        0.630618
BFGS:  164 20:35:14    -2638.141622        0.615879
BFGS:  165 20:35:14    -2638.182398        0.601277
BFGS:  166 20:35:15    -2638.222306        0.586923
BFGS:  167 20:35:15    -2638.261359        0.572699
BFGS:  168 20:35:15    -2638.299566        0.558750
BFGS:  169 20:35:16    -2638.336946        0.544921
BFGS:  170 20:35:16    -2638.373504        0.531242
BFGS:  171 20:35:16    -2638.409265        0.517944
BFGS:  172 20:35:16    -2638.444233        0.504921
BFGS:  173 20:35:17    -2638.478433        0.491909
BFGS:  174 20:35:17    -2638.511869        0.479281
BFGS:  175 20:35:17    -2638.544571        0.466613
BFGS:  176 20:35:18    -2638.576534        0.454515
BFGS:  177 20:35:18    -2638.607802        0.442184
BFGS:  178 20:35:18    -2638.638358        0.430627
BFGS:  179 20:35:18    -2638.668258        0.418642
BFGS:  180 20:35:19    -2638.697474        0.407555
BFGS:  181 20:35:19    -2638.726069        0.396034
BFGS:  182 20:35:19    -2638.754014        0.385288
BFGS:  183 20:35:20    -2638.781362        0.374307
BFGS:  184 20:35:20    -2638.808098        0.363886
BFGS:  185 20:35:20    -2638.834261        0.356703
BFGS:  186 20:35:20    -2638.859848        0.348958
BFGS:  187 20:35:21    -2638.884888        0.343091
BFGS:  188 20:35:21    -2638.909386        0.335978
BFGS:  189 20:35:21    -2638.933364        0.330237
BFGS:  190 20:35:22    -2638.956832        0.323604
BFGS:  191 20:35:22    -2638.979808        0.318085
BFGS:  192 20:35:22    -2639.002303        0.311841
BFGS:  193 20:35:22    -2639.024331        0.306594
BFGS:  194 20:35:23    -2639.045906        0.300674
BFGS:  195 20:35:23    -2639.067042        0.295731
BFGS:  196 20:35:23    -2639.087750        0.290081
BFGS:  197 20:35:24    -2639.108043        0.285470
BFGS:  198 20:35:24    -2639.127934        0.280035
BFGS:  199 20:35:24    -2639.147433        0.275789
BFGS:  200 20:35:24    -2639.166552        0.270479
