      Step     Time          Energy          fmax
BFGS:    0 20:33:35    -2806.099943        7.673297
BFGS:    1 20:33:36    -2812.650866        5.251893
BFGS:    2 20:33:38    -2817.652948        6.557480
BFGS:    3 20:33:39    -2823.868410        7.383424
BFGS:    4 20:33:40    -2827.957759       14.771389
BFGS:    5 20:33:41    -2832.272700        6.476627
BFGS:    6 20:33:42    -2835.784986        5.261473
BFGS:    7 20:33:42    -2837.363015        3.169892
BFGS:    8 20:33:43    -2837.957269        2.476905
BFGS:    9 20:33:44    -2838.400708        1.621606
BFGS:   10 20:33:45    -2838.721093        1.076895
BFGS:   11 20:33:45    -2838.875309        1.170213
BFGS:   12 20:33:46    -2839.110720        0.964935
BFGS:   13 20:33:47    -2839.331024        0.945829
BFGS:   14 20:33:48    -2839.514812        0.634273
BFGS:   15 20:33:48    -2839.657127        0.778737
BFGS:   16 20:33:49    -2839.772864        0.848722
BFGS:   17 20:33:50    -2839.864039        1.380680
BFGS:   18 20:33:50    -2839.979069        0.601354
BFGS:   19 20:33:51    -2840.116707        0.717507
BFGS:   20 20:33:52    -2840.225876        0.590604
BFGS:   21 20:33:52    -2840.330909        0.700990
BFGS:   22 20:33:53    -2840.420599        0.458716
BFGS:   23 20:33:54    -2840.478760        0.401166
BFGS:   24 20:33:55    -2840.518001        0.354589
BFGS:   25 20:33:55    -2840.558720        0.458051
BFGS:   26 20:33:56    -2840.614900        0.518342
BFGS:   27 20:33:57    -2840.675152        0.568053
BFGS:   28 20:33:58    -2840.736508        0.641620
BFGS:   29 20:33:58    -2840.808090        0.562387
BFGS:   30 20:33:59    -2840.880793        0.630489
BFGS:   31 20:34:00    -2840.962577        0.528208
BFGS:   32 20:34:01    -2841.074496        0.623585
BFGS:   33 20:34:02    -2841.201239        0.698082
BFGS:   34 20:34:03    -2841.347600        1.057562
BFGS:   35 20:34:04    -2841.545717        1.952341
BFGS:   36 20:34:05    -2841.630191        1.696545
BFGS:   37 20:34:06    -2841.977958        1.655729
BFGS:   38 20:34:07    -2842.167577        1.095780
BFGS:   39 20:34:08    -2842.289117        1.942661
BFGS:   40 20:34:09    -2842.366750        0.408974
BFGS:   41 20:34:09    -2842.423310        0.342952
BFGS:   42 20:34:10    -2842.541984        0.407964
BFGS:   43 20:34:11    -2842.589064        0.506228
BFGS:   44 20:34:12    -2842.639403        0.343133
BFGS:   45 20:34:13    -2842.672831        0.487032
BFGS:   46 20:34:14    -2842.712613        0.412075
BFGS:   47 20:34:15    -2842.748216        0.422105
BFGS:   48 20:34:16    -2842.783873        0.335623
BFGS:   49 20:34:16    -2842.819374        0.392891
BFGS:   50 20:34:17    -2842.853114        0.391229
BFGS:   51 20:34:18    -2842.885324        0.264201
BFGS:   52 20:34:19    -2842.913928        0.218719
BFGS:   53 20:34:20    -2842.939757        0.377365
BFGS:   54 20:34:20    -2842.963313        0.341426
BFGS:   55 20:34:21    -2842.983899        0.358701
BFGS:   56 20:34:22    -2843.004222        0.368319
BFGS:   57 20:34:23    -2843.026970        0.330040
BFGS:   58 20:34:24    -2843.052316        0.343638
BFGS:   59 20:34:24    -2843.077480        0.284356
BFGS:   60 20:34:25    -2843.099581        0.279827
BFGS:   61 20:34:26    -2843.117674        0.244310
BFGS:   62 20:34:27    -2843.134821        0.241534
BFGS:   63 20:34:28    -2843.151392        0.276435
BFGS:   64 20:34:29    -2843.166267        0.262492
BFGS:   65 20:34:29    -2843.180466        0.255626
BFGS:   66 20:34:30    -2843.197244        0.263382
BFGS:   67 20:34:31    -2843.219544        0.235144
BFGS:   68 20:34:32    -2843.248156        0.307938
BFGS:   69 20:34:33    -2843.282695        0.383286
BFGS:   70 20:34:34    -2843.331503        0.571287
BFGS:   71 20:34:35    -2843.389629        1.035577
BFGS:   72 20:34:36    -2843.426330        1.659411
BFGS:   73 20:34:37    -2843.500785        1.504324
BFGS:   74 20:34:38    -2843.646010        1.377601
BFGS:   75 20:34:39    -2843.786604        1.489935
BFGS:   76 20:34:41    -2843.741312        2.269354
BFGS:   77 20:34:42    -2843.959218        0.594308
BFGS:   78 20:34:43    -2844.000889        0.957212
BFGS:   79 20:34:44    -2844.046789        0.491607
BFGS:   80 20:34:45    -2844.067774        0.460348
BFGS:   81 20:34:45    -2844.104177        0.344032
BFGS:   82 20:34:46    -2844.118620        0.308949
BFGS:   83 20:34:47    -2844.141067        0.331140
BFGS:   84 20:34:48    -2844.154659        0.293391
BFGS:   85 20:34:49    -2844.167686        0.270969
BFGS:   86 20:34:50    -2844.179271        0.328189
BFGS:   87 20:34:51    -2844.193547        0.356585
BFGS:   88 20:34:52    -2844.212662        0.306027
BFGS:   89 20:34:54    -2844.240711        0.296179
BFGS:   90 20:34:55    -2844.274878        0.390171
BFGS:   91 20:34:56    -2844.299606        0.493141
BFGS:   92 20:34:57    -2844.337101        0.496148
BFGS:   93 20:34:58    -2844.362912        0.260369
BFGS:   94 20:34:59    -2844.383831        0.221115
BFGS:   95 20:35:00    -2844.413141        0.338529
BFGS:   96 20:35:01    -2844.427778        0.361068
BFGS:   97 20:35:02    -2844.447501        0.277870
BFGS:   98 20:35:03    -2844.459640        0.174522
BFGS:   99 20:35:04    -2844.467694        0.182720
BFGS:  100 20:35:04    -2844.473322        0.173630
BFGS:  101 20:35:05    -2844.478043        0.153914
BFGS:  102 20:35:06    -2844.482841        0.160947
BFGS:  103 20:35:07    -2844.487662        0.124970
BFGS:  104 20:35:08    -2844.491760        0.140232
BFGS:  105 20:35:08    -2844.494915        0.127623
BFGS:  106 20:35:09    -2844.497387        0.130921
BFGS:  107 20:35:10    -2844.499575        0.096069
BFGS:  108 20:35:11    -2844.501536        0.093154
BFGS:  109 20:35:11    -2844.503461        0.100063
BFGS:  110 20:35:12    -2844.505511        0.102919
BFGS:  111 20:35:13    -2844.508002        0.116964
BFGS:  112 20:35:13    -2844.510959        0.107919
BFGS:  113 20:35:14    -2844.513969        0.107883
BFGS:  114 20:35:15    -2844.516743        0.106348
BFGS:  115 20:35:15    -2844.519445        0.091272
BFGS:  116 20:35:16    -2844.522225        0.082435
BFGS:  117 20:35:17    -2844.524667        0.089498
BFGS:  118 20:35:17    -2844.526328        0.065787
BFGS:  119 20:35:18    -2844.527407        0.051159
BFGS:  120 20:35:19    -2844.528346        0.058049
BFGS:  121 20:35:19    -2844.529426        0.063565
BFGS:  122 20:35:20    -2844.530601        0.061975
BFGS:  123 20:35:21    -2844.531768        0.056951
BFGS:  124 20:35:21    -2844.532829        0.063260
BFGS:  125 20:35:22    -2844.533753        0.061350
BFGS:  126 20:35:23    -2844.534511        0.048175
BFGS:  127 20:35:23    -2844.535173        0.044802
BFGS:  128 20:35:24    -2844.535914        0.050564
BFGS:  129 20:35:25    -2844.536799        0.064716
BFGS:  130 20:35:25    -2844.537666        0.055455
BFGS:  131 20:35:26    -2844.538299        0.033837
BFGS:  132 20:35:27    -2844.538677        0.028409
BFGS:  133 20:35:27    -2844.538929        0.025752
BFGS:  134 20:35:28    -2844.539186        0.026190
BFGS:  135 20:35:28    -2844.539447        0.031185
BFGS:  136 20:35:29    -2844.539723        0.033830
BFGS:  137 20:35:29    -2844.540040        0.035397
BFGS:  138 20:35:30    -2844.540383        0.032790
BFGS:  139 20:35:30    -2844.540761        0.034975
BFGS:  140 20:35:31    -2844.541186        0.039797
BFGS:  141 20:35:32    -2844.541749        0.043918
BFGS:  142 20:35:32    -2844.542610        0.056989
BFGS:  143 20:35:33    -2844.543836        0.059235
BFGS:  144 20:35:34    -2844.545487        0.074639
BFGS:  145 20:35:35    -2844.547193        0.067927
BFGS:  146 20:35:35    -2844.548899        0.069166
BFGS:  147 20:35:36    -2844.550511        0.081781
BFGS:  148 20:35:37    -2844.552308        0.060926
BFGS:  149 20:35:38    -2844.553972        0.060653
BFGS:  150 20:35:39    -2844.555308        0.056029
BFGS:  151 20:35:39    -2844.556434        0.073646
BFGS:  152 20:35:40    -2844.557521        0.063502
BFGS:  153 20:35:41    -2844.558636        0.051767
BFGS:  154 20:35:42    -2844.559417        0.043729
BFGS:  155 20:35:42    -2844.560063        0.050204
BFGS:  156 20:35:43    -2844.560631        0.051614
BFGS:  157 20:35:44    -2844.561411        0.041665
BFGS:  158 20:35:44    -2844.562281        0.071315
BFGS:  159 20:35:45    -2844.563361        0.067936
BFGS:  160 20:35:46    -2844.564005        0.119958
BFGS:  161 20:35:47    -2844.565458        0.062557
BFGS:  162 20:35:48    -2844.566810        0.047320
BFGS:  163 20:35:49    -2844.568283        0.095095
BFGS:  164 20:35:50    -2844.569558        0.106164
BFGS:  165 20:35:50    -2844.570823        0.071607
BFGS:  166 20:35:51    -2844.571599        0.049904
BFGS:  167 20:35:52    -2844.571900        0.093707
BFGS:  168 20:35:52    -2844.572410        0.061777
BFGS:  169 20:35:53    -2844.572882        0.030254
BFGS:  170 20:35:54    -2844.573415        0.049491
BFGS:  171 20:35:54    -2844.573930        0.046474
BFGS:  172 20:35:55    -2844.574406        0.039366
BFGS:  173 20:35:56    -2844.574996        0.058788
BFGS:  174 20:35:56    -2844.575895        0.076813
BFGS:  175 20:35:57    -2844.577159        0.089081
BFGS:  176 20:35:58    -2844.578693        0.063188
BFGS:  177 20:35:59    -2844.580236        0.070770
BFGS:  178 20:35:59    -2844.581680        0.085658
BFGS:  179 20:36:00    -2844.583142        0.102393
BFGS:  180 20:36:00    -2844.585110        0.118570
BFGS:  181 20:36:01    -2844.587755        0.091292
BFGS:  182 20:36:02    -2844.590625        0.078976
BFGS:  183 20:36:03    -2844.592935        0.089045
BFGS:  184 20:36:04    -2844.594785        0.091700
BFGS:  185 20:36:04    -2844.596302        0.082471
BFGS:  186 20:36:05    -2844.598450        0.072789
BFGS:  187 20:36:06    -2844.600739        0.091187
BFGS:  188 20:36:06    -2844.604708        0.090750
BFGS:  189 20:36:07    -2844.607055        0.086686
BFGS:  190 20:36:08    -2844.612202        0.112222
BFGS:  191 20:36:09    -2844.616586        0.099072
BFGS:  192 20:36:10    -2844.618339        0.163628
BFGS:  193 20:36:11    -2844.623853        0.107447
BFGS:  194 20:36:12    -2844.628042        0.104764
BFGS:  195 20:36:13    -2844.634647        0.090237
BFGS:  196 20:36:13    -2844.637730        0.126185
BFGS:  197 20:36:14    -2844.641198        0.105221
BFGS:  198 20:36:15    -2844.644560        0.121490
BFGS:  199 20:36:15    -2844.646360        0.152295
BFGS:  200 20:36:16    -2844.647902        0.088858
