      Step     Time          Energy          fmax
BFGS:    0 20:25:16    -2759.375180       11.714334
BFGS:    1 20:25:17    -2770.154176        8.813597
BFGS:    2 20:25:18    -2773.928411        8.404143
BFGS:    3 20:25:18    -2776.244909        3.178395
BFGS:    4 20:25:19    -2777.582140        3.371524
BFGS:    5 20:25:20    -2778.896260        3.302578
BFGS:    6 20:25:20    -2779.402259        1.139453
BFGS:    7 20:25:21    -2779.772661        1.751552
BFGS:    8 20:25:22    -2780.211566        1.352229
BFGS:    9 20:25:22    -2780.410543        1.043032
BFGS:   10 20:25:23    -2780.706003        0.832047
BFGS:   11 20:25:24    -2780.890995        0.953815
BFGS:   12 20:25:25    -2781.017136        1.032636
BFGS:   13 20:25:25    -2781.128136        0.718698
BFGS:   14 20:25:26    -2781.225339        0.793063
BFGS:   15 20:25:27    -2781.318708        1.361428
BFGS:   16 20:25:27    -2781.400775        0.965832
BFGS:   17 20:25:28    -2781.483868        0.815352
BFGS:   18 20:25:29    -2781.562183        0.593169
BFGS:   19 20:25:29    -2781.647834        0.571038
BFGS:   20 20:25:30    -2781.737852        0.918145
BFGS:   21 20:25:31    -2781.820891        1.026396
BFGS:   22 20:25:31    -2781.898554        0.743402
BFGS:   23 20:25:32    -2781.959336        0.327159
BFGS:   24 20:25:33    -2781.978497        0.215612
BFGS:   25 20:25:33    -2782.005594        0.328878
BFGS:   26 20:25:34    -2782.033460        0.419013
BFGS:   27 20:25:35    -2782.072746        0.357226
BFGS:   28 20:25:35    -2782.119087        0.437879
BFGS:   29 20:25:36    -2782.158694        0.363231
BFGS:   30 20:25:37    -2782.202397        0.421774
BFGS:   31 20:25:37    -2782.255852        0.444413
BFGS:   32 20:25:38    -2782.326082        0.598728
BFGS:   33 20:25:39    -2782.406239        0.643460
BFGS:   34 20:25:40    -2782.475712        0.467468
BFGS:   35 20:25:40    -2782.518385        0.402753
BFGS:   36 20:25:41    -2782.544818        0.399347
BFGS:   37 20:25:42    -2782.565781        0.352971
BFGS:   38 20:25:42    -2782.581173        0.190851
BFGS:   39 20:25:43    -2782.592345        0.195660
BFGS:   40 20:25:44    -2782.602623        0.234808
BFGS:   41 20:25:44    -2782.611942        0.265516
BFGS:   42 20:25:45    -2782.619346        0.179732
BFGS:   43 20:25:45    -2782.624894        0.113611
BFGS:   44 20:25:46    -2782.630118        0.124543
BFGS:   45 20:25:46    -2782.635483        0.177144
BFGS:   46 20:25:47    -2782.640413        0.135143
BFGS:   47 20:25:48    -2782.644529        0.127740
BFGS:   48 20:25:48    -2782.648566        0.126794
BFGS:   49 20:25:49    -2782.653845        0.180803
BFGS:   50 20:25:49    -2782.660554        0.202311
BFGS:   51 20:25:50    -2782.665903        0.128030
BFGS:   52 20:25:50    -2782.668548        0.073843
BFGS:   53 20:25:51    -2782.670104        0.079351
BFGS:   54 20:25:51    -2782.671955        0.086441
BFGS:   55 20:25:52    -2782.674594        0.098337
BFGS:   56 20:25:52    -2782.677710        0.125140
BFGS:   57 20:25:53    -2782.680245        0.101261
BFGS:   58 20:25:54    -2782.681905        0.076870
BFGS:   59 20:25:54    -2782.683270        0.064508
BFGS:   60 20:25:55    -2782.684664        0.056105
BFGS:   61 20:25:55    -2782.685863        0.052794
BFGS:   62 20:25:56    -2782.686611        0.040903
BFGS:   63 20:25:56    -2782.687101        0.041172
BFGS:   64 20:25:57    -2782.687651        0.041672
BFGS:   65 20:25:57    -2782.688281        0.047669
BFGS:   66 20:25:58    -2782.688878        0.049940
BFGS:   67 20:25:58    -2782.689373        0.041427
BFGS:   68 20:25:59    -2782.689812        0.038905
BFGS:   69 20:25:59    -2782.690258        0.041227
BFGS:   70 20:26:00    -2782.690675        0.035519
BFGS:   71 20:26:00    -2782.691010        0.029579
BFGS:   72 20:26:01    -2782.691298        0.028194
BFGS:   73 20:26:01    -2782.691632        0.031544
BFGS:   74 20:26:02    -2782.692008        0.032962
BFGS:   75 20:26:02    -2782.692346        0.031584
BFGS:   76 20:26:03    -2782.692646        0.030914
BFGS:   77 20:26:03    -2782.692998        0.034082
BFGS:   78 20:26:04    -2782.693576        0.062560
BFGS:   79 20:26:04    -2782.694593        0.085954
BFGS:   80 20:26:05    -2782.696293        0.090951
BFGS:   81 20:26:05    -2782.698908        0.121946
BFGS:   82 20:26:06    -2782.702996        0.148800
BFGS:   83 20:26:07    -2782.712272        0.364810
BFGS:   84 20:26:07    -2782.719573        1.086555
BFGS:   85 20:26:08    -2782.749024        0.317389
BFGS:   86 20:26:09    -2782.797872        0.382027
BFGS:   87 20:26:09    -2782.817067        1.037718
BFGS:   88 20:26:10    -2782.828138        0.593159
BFGS:   89 20:26:11    -2782.850073        1.146683
BFGS:   90 20:26:11    -2782.891245        0.271397
BFGS:   91 20:26:12    -2782.904847        0.198830
BFGS:   92 20:26:12    -2782.919931        0.236071
BFGS:   93 20:26:13    -2782.928804        0.180907
BFGS:   94 20:26:13    -2782.936047        0.178231
BFGS:   95 20:26:14    -2782.943481        0.174838
BFGS:   96 20:26:15    -2782.950342        0.188252
BFGS:   97 20:26:15    -2782.955519        0.205218
BFGS:   98 20:26:16    -2782.959434        0.104466
BFGS:   99 20:26:17    -2782.962833        0.112893
BFGS:  100 20:26:18    -2782.966245        0.113483
BFGS:  101 20:26:19    -2782.969231        0.130748
BFGS:  102 20:26:20    -2782.971760        0.134838
BFGS:  103 20:26:21    -2782.973820        0.073781
BFGS:  104 20:26:21    -2782.975518        0.069021
BFGS:  105 20:26:22    -2782.976940        0.086338
BFGS:  106 20:26:23    -2782.978004        0.078019
BFGS:  107 20:26:24    -2782.978674        0.040802
BFGS:  108 20:26:24    -2782.979179        0.037120
BFGS:  109 20:26:25    -2782.979821        0.077018
BFGS:  110 20:26:26    -2782.980974        0.122112
BFGS:  111 20:26:27    -2782.982834        0.145701
BFGS:  112 20:26:28    -2782.985362        0.118834
BFGS:  113 20:26:28    -2782.988132        0.110038
BFGS:  114 20:26:29    -2782.990764        0.100006
BFGS:  115 20:26:30    -2782.993329        0.106458
BFGS:  116 20:26:31    -2782.996125        0.144536
BFGS:  117 20:26:32    -2782.998516        0.095111
BFGS:  118 20:26:33    -2782.992269        0.265987
BFGS:  119 20:26:34    -2783.000384        0.072006
BFGS:  120 20:26:34    -2783.000763        0.028854
BFGS:  121 20:26:35    -2783.001174        0.048337
BFGS:  122 20:26:35    -2783.001421        0.044865
BFGS:  123 20:26:36    -2783.001815        0.034446
BFGS:  124 20:26:37    -2783.001889        0.015683
BFGS:  125 20:26:37    -2783.001913        0.005864
