      Step     Time          Energy          fmax
BFGS:    0 14:19:48    -2839.261853       17.565741
BFGS:    1 14:19:49    -2845.391653        5.989230
BFGS:    2 14:19:51    -2846.900788        4.851548
BFGS:    3 14:19:52    -2847.933978        4.301500
BFGS:    4 14:19:53    -2848.683233        2.814524
BFGS:    5 14:19:54    -2848.832621        0.940006
BFGS:    6 14:19:55    -2848.990265        0.682862
BFGS:    7 14:19:56    -2849.170124        0.960848
BFGS:    8 14:19:57    -2849.401872        1.279086
BFGS:    9 14:19:58    -2849.832886        2.661734
BFGS:   10 14:19:59    -2850.496350        4.606847
BFGS:   11 14:20:00    -2850.988361        5.368095
BFGS:   12 14:20:01    -2851.402250        5.078078
BFGS:   13 14:20:02    -2852.649664        5.717022
BFGS:   14 14:20:02    -2854.252494        4.612003
BFGS:   15 14:20:03    -2855.289279        6.658477
BFGS:   16 14:20:04    -2856.636904        5.579929
BFGS:   17 14:20:05    -2858.140116        6.411933
BFGS:   18 14:20:06    -2859.793188        2.931888
BFGS:   19 14:20:07    -2861.449474        2.376076
BFGS:   20 14:20:07    -2861.982974        6.523250
BFGS:   21 14:20:08    -2862.052306        4.300127
BFGS:   22 14:20:09    -2862.866270        2.144807
BFGS:   23 14:20:10    -2863.416978        2.161134
BFGS:   24 14:20:10    -2864.383810        3.945416
BFGS:   25 14:20:11    -2865.279493        3.363658
BFGS:   26 14:20:12    -2865.958160        1.835856
BFGS:   27 14:20:12    -2866.809152        1.988827
BFGS:   28 14:20:13    -2867.001554        6.841559
BFGS:   29 14:20:14    -2867.580125        1.857104
BFGS:   30 14:20:14    -2868.194321        1.568958
BFGS:   31 14:20:15    -2868.069272        7.110776
BFGS:   32 14:20:16    -2868.633123        1.731802
BFGS:   33 14:20:16    -2868.818016        1.471696
BFGS:   34 14:20:17    -2869.109405        1.381742
BFGS:   35 14:20:18    -2869.524572        2.488567
BFGS:   36 14:20:18    -2869.785971        1.703174
BFGS:   37 14:20:19    -2870.053065        1.599796
BFGS:   38 14:20:19    -2870.332153        1.596229
BFGS:   39 14:20:20    -2870.566259        1.346714
BFGS:   40 14:20:20    -2870.842402        1.399197
BFGS:   41 14:20:21    -2871.050495        0.962534
BFGS:   42 14:20:21    -2871.191992        1.670024
BFGS:   43 14:20:22    -2871.311576        1.001116
BFGS:   44 14:20:22    -2871.400454        0.589188
BFGS:   45 14:20:23    -2871.535890        0.785464
BFGS:   46 14:20:23    -2871.607798        0.686026
BFGS:   47 14:20:24    -2871.683292        0.476430
BFGS:   48 14:20:24    -2871.730256        0.409260
BFGS:   49 14:20:24    -2871.779799        0.388882
BFGS:   50 14:20:25    -2871.816849        0.402399
BFGS:   51 14:20:25    -2871.848331        0.315818
BFGS:   52 14:20:26    -2871.874090        0.274297
BFGS:   53 14:20:26    -2871.898255        0.279137
BFGS:   54 14:20:27    -2871.922151        0.275113
BFGS:   55 14:20:27    -2871.944647        0.248531
BFGS:   56 14:20:28    -2871.962969        0.231366
BFGS:   57 14:20:28    -2871.979417        0.272949
BFGS:   58 14:20:28    -2871.999246        0.361351
BFGS:   59 14:20:29    -2872.025231        0.316494
BFGS:   60 14:20:29    -2872.054351        0.270600
BFGS:   61 14:20:30    -2872.080924        0.239645
BFGS:   62 14:20:30    -2872.104671        0.313945
BFGS:   63 14:20:31    -2872.128411        0.307813
BFGS:   64 14:20:31    -2872.156432        0.348921
BFGS:   65 14:20:31    -2872.190270        0.435530
BFGS:   66 14:20:32    -2872.232478        0.505264
BFGS:   67 14:20:32    -2872.281583        0.553454
BFGS:   68 14:20:33    -2872.346461        0.588017
BFGS:   69 14:20:34    -2872.416112        0.585752
BFGS:   70 14:20:34    -2872.488885        0.559881
BFGS:   71 14:20:35    -2872.556532        0.489653
BFGS:   72 14:20:35    -2872.626383        0.457161
BFGS:   73 14:20:36    -2872.695612        0.431405
BFGS:   74 14:20:36    -2872.757986        0.497228
BFGS:   75 14:20:37    -2872.823607        0.550032
BFGS:   76 14:20:38    -2872.919082        1.060391
BFGS:   77 14:20:38    -2873.000265        1.739913
BFGS:   78 14:20:39    -2873.047044        1.775176
BFGS:   79 14:20:40    -2873.091827        1.391802
BFGS:   80 14:20:40    -2873.116240        1.626493
BFGS:   81 14:20:41    -2873.129266        1.728789
BFGS:   82 14:20:41    -2873.139390        1.807956
BFGS:   83 14:20:41    -2873.151280        1.837153
BFGS:   84 14:20:42    -2873.158755        1.796211
BFGS:   85 14:20:42    -2873.164509        1.718471
BFGS:   86 14:20:43    -2873.169402        1.665248
BFGS:   87 14:20:43    -2873.174171        1.634124
BFGS:   88 14:20:44    -2873.178000        1.639690
BFGS:   89 14:20:44    -2873.181320        1.660303
BFGS:   90 14:20:44    -2873.184780        1.683948
BFGS:   91 14:20:45    -2873.188973        1.700537
BFGS:   92 14:20:45    -2873.193817        1.707217
BFGS:   93 14:20:45    -2873.199033        1.699571
BFGS:   94 14:20:46    -2873.204468        1.691686
BFGS:   95 14:20:46    -2873.209961        1.683605
BFGS:   96 14:20:47    -2873.215288        1.692152
BFGS:   97 14:20:47    -2873.220140        1.698374
BFGS:   98 14:20:48    -2873.224286        1.712091
BFGS:   99 14:20:48    -2873.227910        1.704741
BFGS:  100 14:20:48    -2873.231500        1.694440
BFGS:  101 14:20:49    -2873.235365        1.662095
BFGS:  102 14:20:49    -2873.239403        1.639381
BFGS:  103 14:20:49    -2873.243373        1.613229
BFGS:  104 14:20:50    -2873.247182        1.618059
BFGS:  105 14:20:50    -2873.251131        1.622576
BFGS:  106 14:20:50    -2873.255379        1.652207
BFGS:  107 14:20:51    -2873.259510        1.659742
BFGS:  108 14:20:51    -2873.262887        1.667962
BFGS:  109 14:20:51    -2873.265439        1.642623
BFGS:  110 14:20:52    -2873.267532        1.623711
BFGS:  111 14:20:52    -2873.269432        1.596616
BFGS:  112 14:20:53    -2873.271170        1.589526
BFGS:  113 14:20:53    -2873.272674        1.590600
BFGS:  114 14:20:53    -2873.273998        1.609044
BFGS:  115 14:20:53    -2873.275209        1.628457
BFGS:  116 14:20:54    -2873.276332        1.649236
BFGS:  117 14:20:54    -2873.277394        1.661271
BFGS:  118 14:20:55    -2873.278384        1.668223
BFGS:  119 14:20:55    -2873.279270        1.668144
BFGS:  120 14:20:55    -2873.280037        1.667893
BFGS:  121 14:20:56    -2873.280744        1.668179
BFGS:  122 14:20:56    -2873.281487        1.674003
BFGS:  123 14:20:57    -2873.282253        1.681075
BFGS:  124 14:20:57    -2873.282975        1.689929
BFGS:  125 14:20:57    -2873.283658        1.693924
BFGS:  126 14:20:58    -2873.284438        1.696343
BFGS:  127 14:20:58    -2873.285471        1.692083
BFGS:  128 14:20:58    -2873.286679        1.684895
BFGS:  129 14:20:59    -2873.287825        1.672957
BFGS:  130 14:20:59    -2873.288742        1.666072
BFGS:  131 14:21:00    -2873.289576        1.657473
BFGS:  132 14:21:00    -2873.290379        1.651955
BFGS:  133 14:21:01    -2873.291116        1.644151
BFGS:  134 14:21:01    -2873.291615        1.641592
BFGS:  135 14:21:01    -2873.291915        1.638915
BFGS:  136 14:21:02    -2873.292154        1.640639
BFGS:  137 14:21:02    -2873.292397        1.640879
BFGS:  138 14:21:02    -2873.292634        1.642388
BFGS:  139 14:21:03    -2873.292853        1.642028
BFGS:  140 14:21:03    -2873.293058        1.639723
BFGS:  141 14:21:03    -2873.293270        1.636318
BFGS:  142 14:21:03    -2873.293495        1.630935
BFGS:  143 14:21:04    -2873.293754        1.626938
BFGS:  144 14:21:04    -2873.294067        1.622723
BFGS:  145 14:21:05    -2873.294457        1.622463
BFGS:  146 14:21:05    -2873.294896        1.624376
BFGS:  147 14:21:05    -2873.295362        1.629160
BFGS:  148 14:21:06    -2873.295841        1.633513
BFGS:  149 14:21:06    -2873.296400        1.633498
BFGS:  150 14:21:06    -2873.297028        1.629823
BFGS:  151 14:21:07    -2873.297617        1.619542
BFGS:  152 14:21:07    -2873.298040        1.609936
BFGS:  153 14:21:08    -2873.298360        1.604001
BFGS:  154 14:21:08    -2873.298696        1.603679
BFGS:  155 14:21:08    -2873.299113        1.607860
BFGS:  156 14:21:08    -2873.299580        1.619104
BFGS:  157 14:21:09    -2873.300045        1.630858
BFGS:  158 14:21:09    -2873.300481        1.640790
BFGS:  159 14:21:09    -2873.300911        1.644731
BFGS:  160 14:21:10    -2873.301327        1.641323
BFGS:  161 14:21:10    -2873.301707        1.634597
BFGS:  162 14:21:10    -2873.302048        1.626823
BFGS:  163 14:21:11    -2873.302363        1.623508
BFGS:  164 14:21:11    -2873.302650        1.625293
BFGS:  165 14:21:11    -2873.302910        1.634315
BFGS:  166 14:21:12    -2873.303169        1.645945
BFGS:  167 14:21:12    -2873.303421        1.660627
BFGS:  168 14:21:12    -2873.303656        1.670204
BFGS:  169 14:21:12    -2873.303857        1.676294
BFGS:  170 14:21:13    -2873.304053        1.673989
BFGS:  171 14:21:13    -2873.304312        1.668140
BFGS:  172 14:21:13    -2873.304664        1.655120
BFGS:  173 14:21:14    -2873.305080        1.641672
BFGS:  174 14:21:14    -2873.305486        1.628023
BFGS:  175 14:21:14    -2873.305877        1.623821
BFGS:  176 14:21:15    -2873.306338        1.621269
BFGS:  177 14:21:15    -2873.306968        1.625924
BFGS:  178 14:21:15    -2873.307674        1.631713
BFGS:  179 14:21:16    -2873.308312        1.641290
BFGS:  180 14:21:16    -2873.308873        1.646398
BFGS:  181 14:21:16    -2873.309534        1.651091
BFGS:  182 14:21:17    -2873.310580        1.654588
BFGS:  183 14:21:17    -2873.312269        1.657706
BFGS:  184 14:21:17    -2873.314870        1.655686
BFGS:  185 14:21:18    -2873.318499        1.648963
BFGS:  186 14:21:18    -2873.323277        1.630942
BFGS:  187 14:21:19    -2873.329225        1.605963
BFGS:  188 14:21:19    -2873.336320        1.573830
BFGS:  189 14:21:20    -2873.344178        1.550325
BFGS:  190 14:21:20    -2873.352848        1.538457
BFGS:  191 14:21:21    -2873.362401        1.547431
BFGS:  192 14:21:21    -2873.373096        1.573064
BFGS:  193 14:21:21    -2873.384126        1.607807
BFGS:  194 14:21:22    -2873.394325        1.631834
BFGS:  195 14:21:22    -2873.404170        1.626098
BFGS:  196 14:21:23    -2873.414969        1.610496
BFGS:  197 14:21:23    -2873.425797        1.544605
BFGS:  198 14:21:23    -2873.434363        1.449387
BFGS:  199 14:21:24    -2873.446949        1.567665
BFGS:  200 14:21:24    -2873.458575        1.364178
