      Step     Time          Energy          fmax
BFGS:    0 12:44:29    -2364.201025      430.573109
BFGS:    1 12:44:29    -2447.977881       44.487865
BFGS:    2 12:44:30    -2464.930172       72.173927
BFGS:    3 12:44:31    -2474.159734       41.910305
BFGS:    4 12:44:31    -2478.820475       18.911888
BFGS:    5 12:44:31    -2480.706534        9.880423
BFGS:    6 12:44:32    -2482.319674        4.795683
BFGS:    7 12:44:32    -2483.478486        3.106459
BFGS:    8 12:44:32    -2483.849444        2.151038
BFGS:    9 12:44:33    -2484.027974        2.438263
BFGS:   10 12:44:33    -2484.294269        2.591421
BFGS:   11 12:44:33    -2484.492725        2.504764
BFGS:   12 12:44:34    -2484.696688        2.263799
BFGS:   13 12:44:34    -2484.827167        2.038621
BFGS:   14 12:44:34    -2484.944888        1.790787
BFGS:   15 12:44:35    -2485.067607        1.396260
BFGS:   16 12:44:35    -2485.162556        0.866213
BFGS:   17 12:44:36    -2485.225549        0.649783
BFGS:   18 12:44:36    -2485.268629        0.644564
BFGS:   19 12:44:36    -2485.298306        0.563794
BFGS:   20 12:44:37    -2485.325332        0.805512
BFGS:   21 12:44:37    -2485.358726        0.936016
BFGS:   22 12:44:38    -2485.396994        0.891661
BFGS:   23 12:44:38    -2485.425519        0.694968
BFGS:   24 12:44:38    -2485.441798        0.644623
BFGS:   25 12:44:39    -2485.454511        0.660463
BFGS:   26 12:44:39    -2485.473663        0.594205
BFGS:   27 12:44:40    -2485.579673        1.087129
BFGS:   28 12:44:40    -2485.515393        1.926331
BFGS:   29 12:44:41    -2485.671558        1.120600
BFGS:   30 12:44:41    -2485.764374        0.995965
BFGS:   31 12:44:42    -2486.133178        1.135630
BFGS:   32 12:44:42    -2486.353761        1.853680
BFGS:   33 12:44:43    -2486.527585        2.188620
BFGS:   34 12:44:43    -2486.756038        1.062867
BFGS:   35 12:44:44    -2486.958494        0.940967
BFGS:   36 12:44:44    -2487.114161        0.719692
BFGS:   37 12:44:45    -2487.182587        0.663485
BFGS:   38 12:44:45    -2487.253109        0.737717
BFGS:   39 12:44:45    -2487.295239        0.592285
BFGS:   40 12:44:46    -2487.343221        0.723917
BFGS:   41 12:44:46    -2487.381698        0.899845
BFGS:   42 12:44:47    -2487.442549        1.109996
BFGS:   43 12:44:47    -2487.481966        1.058988
BFGS:   44 12:44:48    -2487.520099        0.822041
BFGS:   45 12:44:48    -2487.536466        0.691503
BFGS:   46 12:44:49    -2487.550760        0.673837
BFGS:   47 12:44:49    -2487.558737        0.527550
BFGS:   48 12:44:49    -2487.563013        0.298666
BFGS:   49 12:44:50    -2487.564700        0.160069
BFGS:   50 12:44:50    -2487.565622        0.131097
BFGS:   51 12:44:50    -2487.566455        0.100567
BFGS:   52 12:44:51    -2487.567327        0.065061
BFGS:   53 12:44:51    -2487.568110        0.079253
BFGS:   54 12:44:51    -2487.568973        0.112862
BFGS:   55 12:44:52    -2487.570421        0.158745
BFGS:   56 12:44:52    -2487.573315        0.222983
BFGS:   57 12:44:53    -2487.577040        0.256532
BFGS:   58 12:44:53    -2487.584738        0.217039
BFGS:   59 12:44:54    -2487.601891        0.259058
BFGS:   60 12:44:54    -2487.611893        0.264726
BFGS:   61 12:44:55    -2487.593160        1.063763
BFGS:   62 12:44:55    -2487.631759        0.491495
BFGS:   63 12:44:56    -2487.638824        0.392420
BFGS:   64 12:44:56    -2487.653399        0.220751
BFGS:   65 12:44:57    -2487.657976        0.218858
BFGS:   66 12:44:57    -2487.671978        0.186051
BFGS:   67 12:44:57    -2487.676351        0.210520
BFGS:   68 12:44:58    -2487.686095        0.279818
BFGS:   69 12:44:58    -2487.697563        0.374531
BFGS:   70 12:44:59    -2487.714341        0.371900
BFGS:   71 12:44:59    -2487.728830        0.349827
BFGS:   72 12:45:00    -2487.740867        0.305422
BFGS:   73 12:45:00    -2487.750094        0.287006
BFGS:   74 12:45:01    -2487.761623        0.260817
BFGS:   75 12:45:01    -2487.774168        0.285273
BFGS:   76 12:45:02    -2487.784306        0.216710
BFGS:   77 12:45:02    -2487.791300        0.195954
BFGS:   78 12:45:02    -2487.798187        0.208675
BFGS:   79 12:45:03    -2487.805378        0.179346
BFGS:   80 12:45:03    -2487.811429        0.151669
BFGS:   81 12:45:04    -2487.815687        0.136159
BFGS:   82 12:45:04    -2487.818967        0.117233
BFGS:   83 12:45:04    -2487.822528        0.132974
BFGS:   84 12:45:05    -2487.826799        0.190810
BFGS:   85 12:45:05    -2487.831877        0.167438
BFGS:   86 12:45:06    -2487.857851        0.690008
BFGS:   87 12:45:06    -2487.696933        2.048518
BFGS:   88 12:45:07    -2487.886301        0.641018
BFGS:   89 12:45:07    -2487.899801        0.709301
BFGS:   90 12:45:08    -2487.918473        0.749366
BFGS:   91 12:45:08    -2487.972943        0.772069
BFGS:   92 12:45:09    -2488.005995        0.602406
BFGS:   93 12:45:09    -2488.061603        0.381833
BFGS:   94 12:45:09    -2488.089541        0.323561
BFGS:   95 12:45:10    -2488.132363        0.354651
BFGS:   96 12:45:10    -2488.153434        0.320038
BFGS:   97 12:45:11    -2488.169646        0.314901
BFGS:   98 12:45:11    -2488.183049        0.231813
BFGS:   99 12:45:12    -2488.192842        0.115838
BFGS:  100 12:45:12    -2488.196419        0.133042
BFGS:  101 12:45:12    -2488.199147        0.136660
BFGS:  102 12:45:13    -2488.202315        0.123551
BFGS:  103 12:45:13    -2488.206083        0.108879
BFGS:  104 12:45:13    -2488.209090        0.085870
BFGS:  105 12:45:14    -2488.210917        0.072096
BFGS:  106 12:45:14    -2488.212090        0.070518
BFGS:  107 12:45:14    -2488.213201        0.056673
BFGS:  108 12:45:15    -2488.214274        0.059154
BFGS:  109 12:45:15    -2488.215202        0.053504
BFGS:  110 12:45:15    -2488.216007        0.067789
BFGS:  111 12:45:16    -2488.216718        0.081571
BFGS:  112 12:45:16    -2488.217295        0.080667
BFGS:  113 12:45:16    -2488.217725        0.074539
BFGS:  114 12:45:16    -2488.218090        0.066047
BFGS:  115 12:45:17    -2488.218457        0.057382
BFGS:  116 12:45:17    -2488.218829        0.052447
BFGS:  117 12:45:17    -2488.219162        0.049934
BFGS:  118 12:45:18    -2488.219440        0.051166
BFGS:  119 12:45:18    -2488.219699        0.052605
BFGS:  120 12:45:18    -2488.219982        0.052747
BFGS:  121 12:45:19    -2488.220316        0.048431
BFGS:  122 12:45:19    -2488.220736        0.057056
BFGS:  123 12:45:19    -2488.221273        0.055744
BFGS:  124 12:45:19    -2488.221959        0.046546
BFGS:  125 12:45:20    -2488.222834        0.051469
BFGS:  126 12:45:20    -2488.223943        0.070718
BFGS:  127 12:45:21    -2488.225392        0.101856
BFGS:  128 12:45:21    -2488.227414        0.124290
BFGS:  129 12:45:21    -2488.230472        0.141579
BFGS:  130 12:45:22    -2488.235153        0.185341
BFGS:  131 12:45:22    -2488.241824        0.253962
BFGS:  132 12:45:23    -2488.251863        0.288108
BFGS:  133 12:45:23    -2488.265228        0.274427
BFGS:  134 12:45:23    -2488.278281        0.322127
BFGS:  135 12:45:24    -2488.292920        0.393318
BFGS:  136 12:45:24    -2488.309656        0.459416
BFGS:  137 12:45:25    -2488.325277        0.563708
BFGS:  138 12:45:25    -2488.349446        0.434508
BFGS:  139 12:45:25    -2488.377641        0.363647
BFGS:  140 12:45:26    -2488.400389        0.327285
BFGS:  141 12:45:26    -2488.418546        0.321009
BFGS:  142 12:45:27    -2488.436942        0.355318
BFGS:  143 12:45:27    -2488.456381        0.364966
BFGS:  144 12:45:28    -2488.482101        0.492041
BFGS:  145 12:45:28    -2488.507711        0.433394
BFGS:  146 12:45:29    -2488.530230        0.421405
BFGS:  147 12:45:29    -2488.561706        0.345707
BFGS:  148 12:45:29    -2488.599509        0.261378
BFGS:  149 12:45:30    -2488.628636        0.397862
BFGS:  150 12:45:30    -2488.652373        0.348488
BFGS:  151 12:45:31    -2488.671618        0.314747
BFGS:  152 12:45:31    -2488.687833        0.333495
BFGS:  153 12:45:31    -2488.704687        0.324905
BFGS:  154 12:45:32    -2488.719155        0.227862
BFGS:  155 12:45:32    -2488.730222        0.179588
BFGS:  156 12:45:33    -2488.738308        0.152660
BFGS:  157 12:45:33    -2488.745727        0.219861
BFGS:  158 12:45:33    -2488.752895        0.236047
BFGS:  159 12:45:34    -2488.758761        0.177926
BFGS:  160 12:45:34    -2488.762722        0.103125
BFGS:  161 12:45:34    -2488.765313        0.103432
BFGS:  162 12:45:35    -2488.767109        0.087396
BFGS:  163 12:45:35    -2488.768468        0.064732
BFGS:  164 12:45:35    -2488.769593        0.056713
BFGS:  165 12:45:36    -2488.770573        0.054101
BFGS:  166 12:45:36    -2488.771394        0.047934
BFGS:  167 12:45:36    -2488.771993        0.038026
BFGS:  168 12:45:36    -2488.772390        0.037002
BFGS:  169 12:45:37    -2488.772710        0.036280
BFGS:  170 12:45:37    -2488.773073        0.037166
BFGS:  171 12:45:37    -2488.773542        0.038464
BFGS:  172 12:45:38    -2488.774064        0.039145
BFGS:  173 12:45:38    -2488.774559        0.038956
BFGS:  174 12:45:38    -2488.775013        0.040324
BFGS:  175 12:45:39    -2488.775543        0.040929
BFGS:  176 12:45:39    -2488.776292        0.054438
BFGS:  177 12:45:39    -2488.777229        0.065255
BFGS:  178 12:45:39    -2488.778172        0.066393
BFGS:  179 12:45:40    -2488.778945        0.063820
BFGS:  180 12:45:40    -2488.779688        0.065793
BFGS:  181 12:45:40    -2488.780656        0.072372
BFGS:  182 12:45:41    -2488.782099        0.075966
BFGS:  183 12:45:41    -2488.784142        0.084460
BFGS:  184 12:45:41    -2488.786546        0.121298
BFGS:  185 12:45:42    -2488.789065        0.136127
BFGS:  186 12:45:42    -2488.791522        0.109909
BFGS:  187 12:45:42    -2488.793695        0.091241
BFGS:  188 12:45:43    -2488.795237        0.067855
BFGS:  189 12:45:43    -2488.796090        0.039922
BFGS:  190 12:45:43    -2488.796474        0.035867
BFGS:  191 12:45:44    -2488.796717        0.029300
BFGS:  192 12:45:44    -2488.796921        0.028348
BFGS:  193 12:45:44    -2488.797076        0.024400
BFGS:  194 12:45:44    -2488.797173        0.020421
BFGS:  195 12:45:45    -2488.797228        0.018972
BFGS:  196 12:45:45    -2488.797265        0.018910
BFGS:  197 12:45:45    -2488.797297        0.018477
BFGS:  198 12:45:45    -2488.797321        0.017875
BFGS:  199 12:45:46    -2488.797337        0.018277
BFGS:  200 12:45:46    -2488.797347        0.018567
