      Step     Time          Energy          fmax
BFGS:    0 14:25:00     1240.227127     6664.045987
BFGS:    1 14:25:01    -1251.682639      864.956438
BFGS:    2 14:25:02    -1628.093215     1125.797306
BFGS:    3 14:25:03    -1724.941935      914.367329
BFGS:    4 14:25:03    -1935.323195      383.989382
BFGS:    5 14:25:03    -2025.150789      119.428064
BFGS:    6 14:25:04    -2052.804980       77.200866
BFGS:    7 14:25:04    -2079.745518       41.005628
BFGS:    8 14:25:05    -2097.001835       28.489085
BFGS:    9 14:25:05    -2107.231165       27.372272
BFGS:   10 14:25:05    -2112.840872       21.027362
BFGS:   11 14:25:06    -2118.040263        5.472430
BFGS:   12 14:25:06    -2120.682341        5.340572
BFGS:   13 14:25:07    -2122.006174        9.979364
BFGS:   14 14:25:07    -2123.736899        3.656622
BFGS:   15 14:25:08    -2124.208212        3.419933
BFGS:   16 14:25:08    -2124.599784        6.869938
BFGS:   17 14:25:08    -2124.864631        5.309607
BFGS:   18 14:25:09    -2125.195208        3.855337
BFGS:   19 14:25:09    -2125.457102        2.794072
BFGS:   20 14:25:09    -2125.681424        2.597854
BFGS:   21 14:25:10    -2125.950122        2.578175
BFGS:   22 14:25:10    -2126.150256        2.295429
BFGS:   23 14:25:10    -2126.522664        1.579864
BFGS:   24 14:25:10    -2126.732115        1.697060
BFGS:   25 14:25:11    -2126.875709        1.062746
BFGS:   26 14:25:11    -2126.981730        1.202552
BFGS:   27 14:25:11    -2127.072428        1.205913
BFGS:   28 14:25:11    -2127.131270        1.053528
BFGS:   29 14:25:12    -2127.230687        1.201329
BFGS:   30 14:25:12    -2127.305851        1.076635
BFGS:   31 14:25:12    -2127.361475        0.745689
BFGS:   32 14:25:13    -2127.397003        0.617013
BFGS:   33 14:25:13    -2127.429002        0.609497
BFGS:   34 14:25:13    -2127.461814        0.891133
BFGS:   35 14:25:13    -2127.493794        0.883985
BFGS:   36 14:25:14    -2127.518825        0.693888
BFGS:   37 14:25:14    -2127.541655        0.703924
BFGS:   38 14:25:14    -2127.566838        0.694540
BFGS:   39 14:25:14    -2127.596453        0.671457
BFGS:   40 14:25:15    -2127.626391        0.833495
BFGS:   41 14:25:15    -2127.649894        0.734294
BFGS:   42 14:25:15    -2127.671145        0.512770
BFGS:   43 14:25:15    -2127.682060        0.568334
BFGS:   44 14:25:16    -2127.692079        0.596717
BFGS:   45 14:25:16    -2127.700117        0.499645
BFGS:   46 14:25:16    -2127.709227        0.410946
BFGS:   47 14:25:16    -2127.720310        0.412679
BFGS:   48 14:25:17    -2127.735234        0.420426
BFGS:   49 14:25:17    -2127.755329        0.578256
BFGS:   50 14:25:17    -2127.783236        0.862527
BFGS:   51 14:25:17    -2127.824642        1.126249
BFGS:   52 14:25:18    -2127.884372        1.308056
BFGS:   53 14:25:18    -2127.971860        1.581527
BFGS:   54 14:25:18    -2128.071361        1.667520
BFGS:   55 14:25:19    -2128.197683        1.066556
BFGS:   56 14:25:19    -2128.288202        1.190433
BFGS:   57 14:25:19    -2128.396937        1.385073
BFGS:   58 14:25:20    -2128.507031        1.062938
BFGS:   59 14:25:20    -2128.565640        0.803956
BFGS:   60 14:25:20    -2128.617165        0.841817
BFGS:   61 14:25:20    -2128.657023        0.833676
BFGS:   62 14:25:21    -2128.696803        0.918729
BFGS:   63 14:25:21    -2128.724009        1.030451
BFGS:   64 14:25:21    -2128.746350        0.904519
BFGS:   65 14:25:21    -2128.761874        0.654939
BFGS:   66 14:25:22    -2128.774549        0.539559
BFGS:   67 14:25:22    -2128.785173        0.701744
BFGS:   68 14:25:22    -2128.793378        0.654938
BFGS:   69 14:25:22    -2128.799870        0.549994
BFGS:   70 14:25:23    -2128.805762        0.463712
BFGS:   71 14:25:23    -2128.812153        0.408606
BFGS:   72 14:25:23    -2128.819270        0.436064
BFGS:   73 14:25:23    -2128.826426        0.442939
BFGS:   74 14:25:24    -2128.833595        0.476940
BFGS:   75 14:25:24    -2128.841562        0.491496
BFGS:   76 14:25:24    -2128.850873        0.520901
BFGS:   77 14:25:24    -2128.861310        0.541299
BFGS:   78 14:25:24    -2128.871302        0.556396
BFGS:   79 14:25:25    -2128.879477        0.579709
BFGS:   80 14:25:25    -2128.885957        0.595450
BFGS:   81 14:25:25    -2128.891505        0.588540
BFGS:   82 14:25:25    -2128.897119        0.568785
BFGS:   83 14:25:26    -2128.902645        0.573845
BFGS:   84 14:25:26    -2128.906926        0.576484
BFGS:   85 14:25:26    -2128.909830        0.579623
BFGS:   86 14:25:26    -2128.912346        0.571174
BFGS:   87 14:25:26    -2128.915185        0.560745
BFGS:   88 14:25:27    -2128.918240        0.563438
BFGS:   89 14:25:27    -2128.921104        0.617756
BFGS:   90 14:25:27    -2128.923551        0.649498
BFGS:   91 14:25:27    -2128.925788        0.643745
BFGS:   92 14:25:27    -2128.928041        0.611821
BFGS:   93 14:25:28    -2128.930214        0.583253
BFGS:   94 14:25:28    -2128.932289        0.589640
BFGS:   95 14:25:28    -2128.934453        0.599414
BFGS:   96 14:25:28    -2128.936789        0.603210
BFGS:   97 14:25:29    -2128.939008        0.600365
BFGS:   98 14:25:29    -2128.940859        0.594233
BFGS:   99 14:25:29    -2128.942387        0.584201
BFGS:  100 14:25:29    -2128.943913        0.608223
BFGS:  101 14:25:29    -2128.945582        0.630602
BFGS:  102 14:25:30    -2128.947223        0.629165
BFGS:  103 14:25:30    -2128.948652        0.603572
BFGS:  104 14:25:30    -2128.949865        0.573615
BFGS:  105 14:25:30    -2128.950902        0.583635
BFGS:  106 14:25:30    -2128.951784        0.589018
BFGS:  107 14:25:31    -2128.952515        0.585800
BFGS:  108 14:25:31    -2128.953156        0.578023
BFGS:  109 14:25:31    -2128.953803        0.558505
BFGS:  110 14:25:31    -2128.954447        0.551522
BFGS:  111 14:25:32    -2128.955029        0.560363
BFGS:  112 14:25:32    -2128.955570        0.563468
BFGS:  113 14:25:32    -2128.956074        0.559883
BFGS:  114 14:25:32    -2128.956625        0.552703
BFGS:  115 14:25:32    -2128.957286        0.542998
BFGS:  116 14:25:33    -2128.958027        0.552397
BFGS:  117 14:25:33    -2128.958714        0.568593
BFGS:  118 14:25:33    -2128.959270        0.577395
BFGS:  119 14:25:33    -2128.959738        0.577963
BFGS:  120 14:25:33    -2128.960198        0.575274
BFGS:  121 14:25:34    -2128.960625        0.575480
BFGS:  122 14:25:34    -2128.960979        0.587602
BFGS:  123 14:25:34    -2128.961246        0.593484
BFGS:  124 14:25:34    -2128.961468        0.592729
BFGS:  125 14:25:34    -2128.961678        0.586527
BFGS:  126 14:25:35    -2128.961872        0.576635
BFGS:  127 14:25:35    -2128.962045        0.566063
BFGS:  128 14:25:35    -2128.962191        0.559856
BFGS:  129 14:25:35    -2128.962316        0.558947
BFGS:  130 14:25:35    -2128.962417        0.558841
BFGS:  131 14:25:35    -2128.962496        0.560459
BFGS:  132 14:25:36    -2128.962568        0.561620
BFGS:  133 14:25:36    -2128.962648        0.564310
BFGS:  134 14:25:36    -2128.962749        0.567362
BFGS:  135 14:25:36    -2128.962872        0.569067
BFGS:  136 14:25:36    -2128.962997        0.568472
BFGS:  137 14:25:36    -2128.963101        0.570529
BFGS:  138 14:25:37    -2128.963191        0.571448
BFGS:  139 14:25:37    -2128.963293        0.570511
BFGS:  140 14:25:37    -2128.963439        0.566299
BFGS:  141 14:25:37    -2128.963634        0.559143
BFGS:  142 14:25:37    -2128.963825        0.553185
BFGS:  143 14:25:38    -2128.963963        0.547088
BFGS:  144 14:25:38    -2128.964053        0.543511
BFGS:  145 14:25:38    -2128.964133        0.544372
BFGS:  146 14:25:38    -2128.964219        0.545740
BFGS:  147 14:25:38    -2128.964303        0.548046
BFGS:  148 14:25:39    -2128.964361        0.548874
BFGS:  149 14:25:39    -2128.964396        0.547864
BFGS:  150 14:25:39    -2128.964425        0.546063
BFGS:  151 14:25:39    -2128.964462        0.547668
BFGS:  152 14:25:39    -2128.964514        0.548726
BFGS:  153 14:25:39    -2128.964585        0.548468
BFGS:  154 14:25:40    -2128.964669        0.546443
BFGS:  155 14:25:40    -2128.964774        0.544282
BFGS:  156 14:25:40    -2128.964915        0.545462
BFGS:  157 14:25:40    -2128.965101        0.552401
BFGS:  158 14:25:40    -2128.965293        0.558057
BFGS:  159 14:25:41    -2128.965429        0.558565
BFGS:  160 14:25:41    -2128.965522        0.555358
BFGS:  161 14:25:41    -2128.965620        0.550771
BFGS:  162 14:25:41    -2128.965751        0.549276
BFGS:  163 14:25:41    -2128.965888        0.548565
BFGS:  164 14:25:41    -2128.965975        0.547449
BFGS:  165 14:25:42    -2128.966024        0.546644
BFGS:  166 14:25:42    -2128.966067        0.552422
BFGS:  167 14:25:42    -2128.966131        0.559985
BFGS:  168 14:25:42    -2128.966218        0.566700
BFGS:  169 14:25:42    -2128.966325        0.570216
BFGS:  170 14:25:42    -2128.966446        0.567422
BFGS:  171 14:25:43    -2128.966597        0.558905
BFGS:  172 14:25:43    -2128.966760        0.552687
BFGS:  173 14:25:43    -2128.966890        0.551556
BFGS:  174 14:25:43    -2128.966962        0.549295
BFGS:  175 14:25:43    -2128.967011        0.547348
BFGS:  176 14:25:43    -2128.967071        0.545107
BFGS:  177 14:25:44    -2128.967143        0.547617
BFGS:  178 14:25:44    -2128.967206        0.550837
BFGS:  179 14:25:44    -2128.967248        0.550641
BFGS:  180 14:25:44    -2128.967287        0.550389
BFGS:  181 14:25:44    -2128.967350        0.552079
BFGS:  182 14:25:44    -2128.967470        0.552860
BFGS:  183 14:25:45    -2128.967638        0.550809
BFGS:  184 14:25:45    -2128.967810        0.551118
BFGS:  185 14:25:45    -2128.967935        0.551249
BFGS:  186 14:25:45    -2128.968033        0.548154
BFGS:  187 14:25:45    -2128.968140        0.541808
BFGS:  188 14:25:46    -2128.968258        0.533761
BFGS:  189 14:25:46    -2128.968350        0.534140
BFGS:  190 14:25:46    -2128.968397        0.532863
BFGS:  191 14:25:46    -2128.968437        0.531465
BFGS:  192 14:25:46    -2128.968501        0.531356
BFGS:  193 14:25:46    -2128.968597        0.530273
BFGS:  194 14:25:47    -2128.968734        0.527365
BFGS:  195 14:25:47    -2128.968888        0.522992
BFGS:  196 14:25:47    -2128.969061        0.527045
BFGS:  197 14:25:47    -2128.969233        0.533257
BFGS:  198 14:25:47    -2128.969442        0.536891
BFGS:  199 14:25:48    -2128.969678        0.537711
BFGS:  200 14:25:48    -2128.970013        0.533613
