      Step     Time          Energy          fmax
BFGS:    0 20:58:46    -2106.673953      435.518050
BFGS:    1 20:58:47    -2232.501484       60.546447
BFGS:    2 20:58:48    -2241.042346      137.808920
BFGS:    3 20:58:49    -2234.955884      157.684704
BFGS:    4 20:58:49    -2263.763880       26.850362
BFGS:    5 20:58:50    -2267.463434       20.535665
BFGS:    6 20:58:50    -2269.629985       12.955824
BFGS:    7 20:58:51    -2271.604127        5.662774
BFGS:    8 20:58:52    -2273.134177        2.077595
BFGS:    9 20:58:52    -2273.601708        2.505593
BFGS:   10 20:58:53    -2273.843460        2.958046
BFGS:   11 20:58:53    -2274.093632        2.971313
BFGS:   12 20:58:54    -2274.647313        2.850889
BFGS:   13 20:58:54    -2275.055243        2.441469
BFGS:   14 20:58:55    -2275.698728        3.011185
BFGS:   15 20:58:56    -2276.172888        2.506257
BFGS:   16 20:58:56    -2276.678371        1.888463
BFGS:   17 20:58:57    -2277.404277        1.666004
BFGS:   18 20:58:57    -2277.582159        1.777969
BFGS:   19 20:58:58    -2278.011227        1.988158
BFGS:   20 20:58:58    -2278.384652        2.427418
BFGS:   21 20:58:59    -2278.753288        1.921978
BFGS:   22 20:58:59    -2279.215346        1.566962
BFGS:   23 20:59:00    -2279.439262        1.876375
BFGS:   24 20:59:00    -2279.785428        1.771903
BFGS:   25 20:59:01    -2279.920511        1.274591
BFGS:   26 20:59:01    -2280.061272        0.959909
BFGS:   27 20:59:01    -2280.162074        0.619079
BFGS:   28 20:59:02    -2280.264821        0.768402
BFGS:   29 20:59:02    -2280.366682        0.928649
BFGS:   30 20:59:03    -2280.484024        1.739523
BFGS:   31 20:59:04    -2280.617495        2.293524
BFGS:   32 20:59:04    -2280.790355        1.801464
BFGS:   33 20:59:05    -2280.955769        1.160657
BFGS:   34 20:59:05    -2281.094572        0.968250
BFGS:   35 20:59:06    -2281.206233        0.890459
BFGS:   36 20:59:06    -2281.329530        0.621506
BFGS:   37 20:59:06    -2281.399028        0.656630
BFGS:   38 20:59:07    -2281.456450        0.340686
BFGS:   39 20:59:07    -2281.484886        0.296346
BFGS:   40 20:59:08    -2281.504017        0.216318
BFGS:   41 20:59:08    -2281.515209        0.192102
BFGS:   42 20:59:08    -2281.521891        0.167447
BFGS:   43 20:59:09    -2281.527264        0.178201
BFGS:   44 20:59:09    -2281.532750        0.204698
BFGS:   45 20:59:10    -2281.537812        0.257487
BFGS:   46 20:59:10    -2281.544395        0.331044
BFGS:   47 20:59:11    -2281.556058        0.361293
BFGS:   48 20:59:11    -2281.568074        0.423778
BFGS:   49 20:59:12    -2281.590431        0.365675
BFGS:   50 20:59:12    -2281.604096        0.329993
BFGS:   51 20:59:13    -2281.612614        0.371103
BFGS:   52 20:59:13    -2281.618993        0.318785
BFGS:   53 20:59:14    -2281.626068        0.278629
BFGS:   54 20:59:14    -2281.630516        0.265622
BFGS:   55 20:59:15    -2281.635343        0.175430
BFGS:   56 20:59:15    -2281.639246        0.146624
BFGS:   57 20:59:16    -2281.643502        0.149857
BFGS:   58 20:59:16    -2281.647319        0.134174
BFGS:   59 20:59:16    -2281.650662        0.106617
BFGS:   60 20:59:17    -2281.653514        0.142262
BFGS:   61 20:59:17    -2281.656914        0.218754
BFGS:   62 20:59:18    -2281.661343        0.304714
BFGS:   63 20:59:19    -2281.667694        0.396598
BFGS:   64 20:59:19    -2281.678620        0.502793
BFGS:   65 20:59:20    -2281.714933        0.726410
BFGS:   66 20:59:21    -2281.718222        1.096419
BFGS:   67 20:59:21    -2281.755665        0.799978
BFGS:   68 20:59:22    -2281.772108        0.793266
BFGS:   69 20:59:22    -2281.797248        0.843264
BFGS:   70 20:59:23    -2281.811103        0.746468
BFGS:   71 20:59:23    -2281.850989        1.233313
BFGS:   72 20:59:24    -2281.881816        1.401653
BFGS:   73 20:59:24    -2281.940294        1.469942
BFGS:   74 20:59:24    -2281.994305        1.497746
BFGS:   75 20:59:25    -2282.056434        1.341661
BFGS:   76 20:59:25    -2282.142077        1.204104
BFGS:   77 20:59:26    -2282.238612        1.466221
BFGS:   78 20:59:26    -2282.398513        1.736441
BFGS:   79 20:59:27    -2282.512928        1.689160
BFGS:   80 20:59:27    -2282.565415        1.188378
BFGS:   81 20:59:28    -2282.352931        2.280125
BFGS:   82 20:59:28    -2282.644211        0.832255
BFGS:   83 20:59:29    -2282.671809        0.820945
BFGS:   84 20:59:29    -2282.728110        0.889955
BFGS:   85 20:59:30    -2282.758799        0.679697
BFGS:   86 20:59:30    -2282.836190        0.584219
BFGS:   87 20:59:30    -2282.863254        0.517160
BFGS:   88 20:59:31    -2282.915718        0.635562
BFGS:   89 20:59:31    -2282.958417        0.586300
BFGS:   90 20:59:32    -2282.999168        0.687748
BFGS:   91 20:59:32    -2283.027935        0.450271
BFGS:   92 20:59:32    -2283.057556        0.454191
BFGS:   93 20:59:33    -2283.083303        0.456413
BFGS:   94 20:59:33    -2283.099298        0.343988
BFGS:   95 20:59:34    -2283.109800        0.289137
BFGS:   96 20:59:34    -2283.119079        0.235935
BFGS:   97 20:59:34    -2283.127274        0.157635
BFGS:   98 20:59:35    -2283.132988        0.129933
BFGS:   99 20:59:35    -2283.137052        0.112919
BFGS:  100 20:59:35    -2283.141179        0.126419
BFGS:  101 20:59:36    -2283.146054        0.122040
BFGS:  102 20:59:36    -2283.150760        0.143326
BFGS:  103 20:59:36    -2283.154977        0.165945
BFGS:  104 20:59:37    -2283.159101        0.179861
BFGS:  105 20:59:37    -2283.163893        0.160450
BFGS:  106 20:59:37    -2283.169529        0.130644
BFGS:  107 20:59:38    -2283.175170        0.118169
BFGS:  108 20:59:38    -2283.179999        0.117272
BFGS:  109 20:59:39    -2283.183833        0.105702
BFGS:  110 20:59:39    -2283.186719        0.126873
BFGS:  111 20:59:39    -2283.188670        0.104241
BFGS:  112 20:59:40    -2283.189928        0.117408
BFGS:  113 20:59:40    -2283.190925        0.139499
BFGS:  114 20:59:40    -2283.191886        0.151720
BFGS:  115 20:59:40    -2283.192758        0.148064
BFGS:  116 20:59:41    -2283.193488        0.138569
BFGS:  117 20:59:41    -2283.194096        0.119053
BFGS:  118 20:59:41    -2283.194645        0.117485
BFGS:  119 20:59:42    -2283.195164        0.115902
BFGS:  120 20:59:42    -2283.195668        0.119648
BFGS:  121 20:59:42    -2283.196180        0.124968
BFGS:  122 20:59:43    -2283.196731        0.127338
BFGS:  123 20:59:43    -2283.197297        0.121079
BFGS:  124 20:59:43    -2283.197773        0.120190
BFGS:  125 20:59:43    -2283.198079        0.113819
BFGS:  126 20:59:44    -2283.198273        0.102755
BFGS:  127 20:59:44    -2283.198451        0.096342
BFGS:  128 20:59:44    -2283.198674        0.097970
BFGS:  129 20:59:45    -2283.198935        0.101210
BFGS:  130 20:59:45    -2283.199186        0.104683
BFGS:  131 20:59:45    -2283.199391        0.102792
BFGS:  132 20:59:45    -2283.199569        0.099880
BFGS:  133 20:59:46    -2283.199744        0.095990
BFGS:  134 20:59:46    -2283.199907        0.094244
BFGS:  135 20:59:46    -2283.200045        0.091703
BFGS:  136 20:59:46    -2283.200163        0.088782
BFGS:  137 20:59:47    -2283.200277        0.084549
BFGS:  138 20:59:47    -2283.200387        0.077270
BFGS:  139 20:59:47    -2283.200494        0.072905
BFGS:  140 20:59:47    -2283.200603        0.073195
BFGS:  141 20:59:48    -2283.200728        0.071605
BFGS:  142 20:59:48    -2283.200859        0.066527
BFGS:  143 20:59:48    -2283.200968        0.061693
BFGS:  144 20:59:48    -2283.201049        0.063162
BFGS:  145 20:59:49    -2283.201126        0.067419
BFGS:  146 20:59:49    -2283.201227        0.070962
BFGS:  147 20:59:49    -2283.201356        0.068793
BFGS:  148 20:59:49    -2283.201478        0.063500
BFGS:  149 20:59:50    -2283.201571        0.053747
BFGS:  150 20:59:50    -2283.201645        0.052420
BFGS:  151 20:59:50    -2283.201719        0.049680
BFGS:  152 20:59:50    -2283.201794        0.045290
BFGS:  153 20:59:51    -2283.201855        0.041915
BFGS:  154 20:59:51    -2283.201894        0.043822
BFGS:  155 20:59:51    -2283.201919        0.043986
BFGS:  156 20:59:51    -2283.201937        0.042066
BFGS:  157 20:59:52    -2283.201952        0.039983
BFGS:  158 20:59:52    -2283.201965        0.038713
BFGS:  159 20:59:52    -2283.201976        0.036812
BFGS:  160 20:59:52    -2283.201986        0.035793
BFGS:  161 20:59:52    -2283.201995        0.036491
BFGS:  162 20:59:53    -2283.202004        0.037511
BFGS:  163 20:59:53    -2283.202014        0.038845
BFGS:  164 20:59:53    -2283.202024        0.037536
BFGS:  165 20:59:53    -2283.202032        0.037361
BFGS:  166 20:59:53    -2283.202040        0.038262
BFGS:  167 20:59:54    -2283.202048        0.037668
BFGS:  168 20:59:54    -2283.202056        0.035740
BFGS:  169 20:59:54    -2283.202064        0.035457
BFGS:  170 20:59:54    -2283.202071        0.037773
BFGS:  171 20:59:54    -2283.202078        0.038237
BFGS:  172 20:59:55    -2283.202087        0.038448
BFGS:  173 20:59:55    -2283.202097        0.036666
BFGS:  174 20:59:55    -2283.202112        0.033916
BFGS:  175 20:59:55    -2283.202134        0.034159
BFGS:  176 20:59:56    -2283.202162        0.034366
BFGS:  177 20:59:56    -2283.202187        0.032927
BFGS:  178 20:59:56    -2283.202204        0.030167
BFGS:  179 20:59:56    -2283.202216        0.031564
BFGS:  180 20:59:56    -2283.202228        0.033367
BFGS:  181 20:59:57    -2283.202243        0.034807
BFGS:  182 20:59:57    -2283.202257        0.033042
BFGS:  183 20:59:57    -2283.202268        0.030571
BFGS:  184 20:59:57    -2283.202278        0.026936
BFGS:  185 20:59:57    -2283.202292        0.024580
BFGS:  186 20:59:58    -2283.202309        0.022232
BFGS:  187 20:59:58    -2283.202328        0.022762
BFGS:  188 20:59:58    -2283.202345        0.024046
BFGS:  189 20:59:58    -2283.202364        0.027010
BFGS:  190 20:59:59    -2283.202382        0.027072
BFGS:  191 20:59:59    -2283.202403        0.025801
BFGS:  192 20:59:59    -2283.202422        0.023024
BFGS:  193 20:59:59    -2283.202438        0.023809
BFGS:  194 20:59:59    -2283.202451        0.023857
BFGS:  195 21:00:00    -2283.202461        0.022725
BFGS:  196 21:00:00    -2283.202470        0.023572
BFGS:  197 21:00:00    -2283.202482        0.026202
BFGS:  198 21:00:00    -2283.202500        0.027731
BFGS:  199 21:00:00    -2283.202525        0.026811
BFGS:  200 21:00:01    -2283.202554        0.022102
