      Step     Time          Energy          fmax
BFGS:    0 21:19:40    -2103.230640        8.656838
BFGS:    1 21:19:41    -2111.515675        8.071074
BFGS:    2 21:19:42    -2110.450711       22.044618
BFGS:    3 21:19:43    -2115.355921        5.541777
BFGS:    4 21:19:44    -2116.788469        3.435760
BFGS:    5 21:19:45    -2118.449148        7.216572
BFGS:    6 21:19:46    -2119.469299        3.148120
BFGS:    7 21:19:47    -2120.308024        5.077899
BFGS:    8 21:19:47    -2120.853536        1.631691
BFGS:    9 21:19:48    -2121.097311        1.691671
BFGS:   10 21:19:49    -2121.296592        1.121649
BFGS:   11 21:19:50    -2121.412910        0.620774
BFGS:   12 21:19:51    -2121.537091        0.822248
BFGS:   13 21:19:52    -2121.644895        1.434080
BFGS:   14 21:19:52    -2122.175161        2.057023
BFGS:   15 21:19:53    -2122.577983        1.046118
BFGS:   16 21:19:54    -2122.690519        0.673616
BFGS:   17 21:19:54    -2122.755488        0.734553
BFGS:   18 21:19:54    -2122.833187        0.652825
BFGS:   19 21:19:55    -2122.877374        0.432036
BFGS:   20 21:19:55    -2122.910071        0.399383
BFGS:   21 21:19:56    -2122.930209        0.288547
BFGS:   22 21:19:56    -2122.945835        0.252387
BFGS:   23 21:19:57    -2122.966866        0.386792
BFGS:   24 21:19:57    -2122.989273        0.408095
BFGS:   25 21:19:58    -2123.003932        0.268703
BFGS:   26 21:19:58    -2123.014535        0.223486
BFGS:   27 21:19:59    -2123.024856        0.339224
BFGS:   28 21:19:59    -2123.035908        0.405459
BFGS:   29 21:19:59    -2123.045273        0.205856
BFGS:   30 21:20:00    -2123.049526        0.129158
BFGS:   31 21:20:00    -2123.052596        0.176606
BFGS:   32 21:20:01    -2123.057034        0.259010
BFGS:   33 21:20:01    -2123.065247        0.304387
BFGS:   34 21:20:02    -2123.074198        0.226920
BFGS:   35 21:20:02    -2123.084346        0.237398
BFGS:   36 21:20:03    -2123.096714        0.366574
BFGS:   37 21:20:03    -2123.112305        0.514236
BFGS:   38 21:20:04    -2123.132367        0.489574
BFGS:   39 21:20:04    -2123.159351        0.320436
BFGS:   40 21:20:05    -2123.197331        0.388503
BFGS:   41 21:20:05    -2123.243332        0.458782
BFGS:   42 21:20:06    -2123.292802        0.589152
BFGS:   43 21:20:06    -2123.344502        0.621889
BFGS:   44 21:20:07    -2123.380913        0.505856
BFGS:   45 21:20:08    -2123.409360        0.360209
BFGS:   46 21:20:08    -2123.439582        0.263204
BFGS:   47 21:20:09    -2123.476009        0.271837
BFGS:   48 21:20:09    -2123.501202        0.297371
BFGS:   49 21:20:10    -2123.552189        0.359456
BFGS:   50 21:20:10    -2123.598350        0.404925
BFGS:   51 21:20:11    -2123.646749        0.340753
BFGS:   52 21:20:11    -2123.688746        0.303429
BFGS:   53 21:20:12    -2123.736160        0.416885
BFGS:   54 21:20:12    -2123.783989        0.611558
BFGS:   55 21:20:13    -2123.829360        0.546846
BFGS:   56 21:20:13    -2123.867211        0.399300
BFGS:   57 21:20:14    -2123.905198        0.464003
BFGS:   58 21:20:14    -2123.948813        0.561005
BFGS:   59 21:20:15    -2124.008887        0.779393
BFGS:   60 21:20:15    -2124.064581        0.981688
BFGS:   61 21:20:16    -2124.130248        0.908256
BFGS:   62 21:20:16    -2124.203715        0.653582
BFGS:   63 21:20:17    -2124.268211        0.618931
BFGS:   64 21:20:17    -2124.362341        0.771671
BFGS:   65 21:20:18    -2124.436664        0.685360
BFGS:   66 21:20:18    -2124.528496        0.577857
BFGS:   67 21:20:19    -2124.610698        0.648801
BFGS:   68 21:20:19    -2124.694618        0.767804
BFGS:   69 21:20:20    -2124.780874        0.834334
BFGS:   70 21:20:20    -2124.869057        0.871572
BFGS:   71 21:20:20    -2124.959038        0.891445
BFGS:   72 21:20:21    -2125.049936        0.898918
BFGS:   73 21:20:21    -2125.140884        0.899866
BFGS:   74 21:20:22    -2125.231588        0.902933
BFGS:   75 21:20:22    -2125.321940        0.901307
BFGS:   76 21:20:22    -2125.410798        0.902893
BFGS:   77 21:20:23    -2125.498493        0.897763
BFGS:   78 21:20:23    -2125.584519        0.887127
BFGS:   79 21:20:24    -2125.668970        0.872608
BFGS:   80 21:20:24    -2125.751373        0.854727
BFGS:   81 21:20:24    -2125.831903        0.834848
BFGS:   82 21:20:25    -2125.910269        0.813281
BFGS:   83 21:20:25    -2125.986746        0.790950
BFGS:   84 21:20:25    -2126.060963        0.767699
BFGS:   85 21:20:26    -2126.133436        0.744671
BFGS:   86 21:20:26    -2126.203725        0.721179
BFGS:   87 21:20:27    -2126.272013        0.698071
BFGS:   88 21:20:27    -2126.338392        0.675130
BFGS:   89 21:20:27    -2126.402942        0.653001
BFGS:   90 21:20:27    -2126.465635        0.631061
BFGS:   91 21:20:28    -2126.526603        0.609950
BFGS:   92 21:20:28    -2126.585909        0.589498
BFGS:   93 21:20:28    -2126.643485        0.569398
BFGS:   94 21:20:29    -2126.699575        0.550223
BFGS:   95 21:20:29    -2126.754136        0.531609
BFGS:   96 21:20:29    -2126.807158        0.513618
BFGS:   97 21:20:30    -2126.858872        0.496533
BFGS:   98 21:20:30    -2126.909160        0.479576
BFGS:   99 21:20:30    -2126.958380        0.464128
BFGS:  100 21:20:31    -2127.006169        0.448372
BFGS:  101 21:20:31    -2127.052776        0.434109
BFGS:  102 21:20:31    -2127.098165        0.419528
BFGS:  103 21:20:31    -2127.142468        0.406337
BFGS:  104 21:20:32    -2127.185633        0.392826
BFGS:  105 21:20:32    -2127.227855        0.380901
BFGS:  106 21:20:32    -2127.268997        0.368272
BFGS:  107 21:20:33    -2127.309294        0.366321
BFGS:  108 21:20:33    -2127.348517        0.364971
BFGS:  109 21:20:33    -2127.387046        0.363524
BFGS:  110 21:20:33    -2127.424531        0.361736
BFGS:  111 21:20:34    -2127.461385        0.359947
BFGS:  112 21:20:34    -2127.497256        0.357776
BFGS:  113 21:20:34    -2127.532532        0.355649
BFGS:  114 21:20:34    -2127.566823        0.353194
BFGS:  115 21:20:34    -2127.600663        0.350777
BFGS:  116 21:20:35    -2127.633579        0.348028
BFGS:  117 21:20:35    -2127.666000        0.345341
BFGS:  118 21:20:35    -2127.697634        0.342397
BFGS:  119 21:20:35    -2127.728752        0.339452
BFGS:  120 21:20:36    -2127.759161        0.336314
BFGS:  121 21:20:36    -2127.789046        0.333160
BFGS:  122 21:20:36    -2127.818292        0.329851
BFGS:  123 21:20:36    -2127.847058        0.326529
BFGS:  124 21:20:37    -2127.875211        0.323098
BFGS:  125 21:20:37    -2127.902888        0.319640
BFGS:  126 21:20:37    -2127.930021        0.316065
BFGS:  127 21:20:37    -2127.956685        0.312524
BFGS:  128 21:20:38    -2127.982851        0.308879
BFGS:  129 21:20:38    -2128.008576        0.305223
BFGS:  130 21:20:38    -2128.033820        0.301529
BFGS:  131 21:20:38    -2128.058649        0.297805
BFGS:  132 21:20:38    -2128.083040        0.294061
BFGS:  133 21:20:39    -2128.107011        0.290311
BFGS:  134 21:20:39    -2128.130567        0.286553
BFGS:  135 21:20:39    -2128.153741        0.282783
BFGS:  136 21:20:40    -2128.176523        0.279021
BFGS:  137 21:20:40    -2128.198942        0.275247
BFGS:  138 21:20:40    -2128.220991        0.271488
BFGS:  139 21:20:40    -2128.242702        0.267719
BFGS:  140 21:20:41    -2128.264065        0.263975
BFGS:  141 21:20:41    -2128.285079        0.260249
BFGS:  142 21:20:41    -2128.305763        0.256556
BFGS:  143 21:20:41    -2128.326139        0.252872
BFGS:  144 21:20:41    -2128.346196        0.249195
BFGS:  145 21:20:42    -2128.365970        0.245567
BFGS:  146 21:20:42    -2128.385425        0.241947
BFGS:  147 21:20:42    -2128.404611        0.238417
BFGS:  148 21:20:42    -2128.423476        0.234863
BFGS:  149 21:20:43    -2128.442115        0.231404
BFGS:  150 21:20:43    -2128.460452        0.227888
BFGS:  151 21:20:43    -2128.478558        0.224528
BFGS:  152 21:20:43    -2128.496369        0.221104
BFGS:  153 21:20:44    -2128.513980        0.217806
BFGS:  154 21:20:44    -2128.531301        0.214472
BFGS:  155 21:20:44    -2128.548423        0.211284
BFGS:  156 21:20:44    -2128.565278        0.208024
BFGS:  157 21:20:45    -2128.581945        0.204930
BFGS:  158 21:20:45    -2128.598356        0.201777
BFGS:  159 21:20:45    -2128.614585        0.198754
BFGS:  160 21:20:45    -2128.630581        0.195703
BFGS:  161 21:20:45    -2128.646394        0.192760
BFGS:  162 21:20:46    -2128.661975        0.189839
BFGS:  163 21:20:46    -2128.677385        0.186996
BFGS:  164 21:20:46    -2128.692586        0.184175
BFGS:  165 21:20:46    -2128.707600        0.181459
BFGS:  166 21:20:47    -2128.722433        0.178735
BFGS:  167 21:20:47    -2128.737085        0.176107
BFGS:  168 21:20:47    -2128.751565        0.173505
BFGS:  169 21:20:47    -2128.765878        0.170952
BFGS:  170 21:20:47    -2128.780021        0.168454
BFGS:  171 21:20:48    -2128.794000        0.166024
BFGS:  172 21:20:48    -2128.807808        0.163639
BFGS:  173 21:20:48    -2128.821466        0.161315
BFGS:  174 21:20:48    -2128.834974        0.159008
BFGS:  175 21:20:49    -2128.848331        0.156788
BFGS:  176 21:20:49    -2128.861531        0.154610
BFGS:  177 21:20:49    -2128.874593        0.152488
BFGS:  178 21:20:49    -2128.887513        0.150393
BFGS:  179 21:20:49    -2128.900302        0.148362
BFGS:  180 21:20:50    -2128.912941        0.146377
BFGS:  181 21:20:50    -2128.925455        0.144473
BFGS:  182 21:20:50    -2128.937831        0.142578
BFGS:  183 21:20:50    -2128.950091        0.140755
BFGS:  184 21:20:51    -2128.962222        0.138925
BFGS:  185 21:20:51    -2128.974235        0.137215
BFGS:  186 21:20:51    -2128.986118        0.135477
BFGS:  187 21:20:51    -2128.997891        0.134015
BFGS:  188 21:20:51    -2129.009537        0.134165
BFGS:  189 21:20:52    -2129.021079        0.133558
BFGS:  190 21:20:52    -2129.032501        0.133790
BFGS:  191 21:20:52    -2129.043830        0.133108
BFGS:  192 21:20:52    -2129.055033        0.133513
BFGS:  193 21:20:53    -2129.066155        0.132555
BFGS:  194 21:20:53    -2129.077148        0.133163
BFGS:  195 21:20:53    -2129.088056        0.132348
BFGS:  196 21:20:53    -2129.098854        0.132761
BFGS:  197 21:20:53    -2129.109565        0.132083
BFGS:  198 21:20:54    -2129.120172        0.132286
BFGS:  199 21:20:54    -2129.130692        0.131810
BFGS:  200 21:20:54    -2129.141111        0.131927
