      Step     Time          Energy          fmax
BFGS:    0 13:55:17    -2077.812688       11.150114
BFGS:    1 13:55:18    -2082.446363       12.331260
BFGS:    2 13:55:18    -2087.979931        7.564591
BFGS:    3 13:55:19    -2094.189781       13.369885
BFGS:    4 13:55:20    -2097.298349       28.441053
BFGS:    5 13:55:20    -2102.068569       10.264963
BFGS:    6 13:55:21    -2104.685923        8.460067
BFGS:    7 13:55:21    -2104.596682        6.666195
BFGS:    8 13:55:22    -2106.125308        3.911734
BFGS:    9 13:55:22    -2106.797400        3.818872
BFGS:   10 13:55:23    -2107.502299        4.062618
BFGS:   11 13:55:23    -2108.363345        3.781163
BFGS:   12 13:55:24    -2108.886996        3.394723
BFGS:   13 13:55:24    -2110.102724        3.095532
BFGS:   14 13:55:25    -2110.813156        3.579955
BFGS:   15 13:55:25    -2111.273286        2.959849
BFGS:   16 13:55:26    -2111.596237        2.055204
BFGS:   17 13:55:27    -2111.860770        2.532751
BFGS:   18 13:55:27    -2112.070117        1.092618
BFGS:   19 13:55:27    -2112.274177        1.203561
BFGS:   20 13:55:28    -2112.412493        1.237930
BFGS:   21 13:55:28    -2112.497048        0.744177
BFGS:   22 13:55:29    -2112.558916        0.569095
BFGS:   23 13:55:29    -2112.600922        0.783253
BFGS:   24 13:55:29    -2112.637705        0.537824
BFGS:   25 13:55:30    -2112.667774        0.439687
BFGS:   26 13:55:30    -2112.689634        0.496982
BFGS:   27 13:55:30    -2112.716438        0.611130
BFGS:   28 13:55:31    -2112.755170        0.756943
BFGS:   29 13:55:31    -2112.793170        0.708332
BFGS:   30 13:55:32    -2112.848792        0.585423
BFGS:   31 13:55:32    -2112.929205        0.563584
BFGS:   32 13:55:32    -2112.977061        0.539986
BFGS:   33 13:55:33    -2113.048413        0.512565
BFGS:   34 13:55:33    -2113.105168        0.512693
BFGS:   35 13:55:34    -2113.192784        0.573591
BFGS:   36 13:55:34    -2113.292998        0.868559
BFGS:   37 13:55:35    -2113.387409        0.879947
BFGS:   38 13:55:35    -2113.455921        0.973780
BFGS:   39 13:55:36    -2113.518665        0.886631
BFGS:   40 13:55:36    -2113.583764        0.770709
BFGS:   41 13:55:36    -2113.638899        0.571054
BFGS:   42 13:55:37    -2113.679056        0.620039
BFGS:   43 13:55:37    -2113.738544        0.578242
BFGS:   44 13:55:37    -2113.776512        0.449962
BFGS:   45 13:55:37    -2113.805297        0.306161
BFGS:   46 13:55:38    -2113.830368        0.376221
BFGS:   47 13:55:38    -2113.857102        0.358221
BFGS:   48 13:55:38    -2113.879852        0.330615
BFGS:   49 13:55:39    -2113.898145        0.355614
BFGS:   50 13:55:39    -2113.914911        0.382860
BFGS:   51 13:55:39    -2113.934221        0.346272
BFGS:   52 13:55:39    -2113.955293        0.315164
BFGS:   53 13:55:40    -2113.975795        0.357009
BFGS:   54 13:55:40    -2113.995282        0.266649
BFGS:   55 13:55:41    -2114.014034        0.266235
BFGS:   56 13:55:41    -2114.031961        0.240274
BFGS:   57 13:55:41    -2114.049728        0.293779
BFGS:   58 13:55:42    -2114.067679        0.297853
BFGS:   59 13:55:42    -2114.084154        0.216882
BFGS:   60 13:55:42    -2114.096204        0.245841
BFGS:   61 13:55:42    -2114.105164        0.207089
BFGS:   62 13:55:43    -2114.113849        0.181124
BFGS:   63 13:55:43    -2114.122357        0.184604
BFGS:   64 13:55:43    -2114.129085        0.143285
BFGS:   65 13:55:43    -2114.134229        0.126346
BFGS:   66 13:55:44    -2114.138795        0.161701
BFGS:   67 13:55:44    -2114.143595        0.142764
BFGS:   68 13:55:44    -2114.148069        0.106709
BFGS:   69 13:55:44    -2114.151495        0.103177
BFGS:   70 13:55:45    -2114.154061        0.098761
BFGS:   71 13:55:45    -2114.156120        0.077050
BFGS:   72 13:55:45    -2114.157734        0.080942
BFGS:   73 13:55:45    -2114.159201        0.090261
BFGS:   74 13:55:46    -2114.160882        0.111498
BFGS:   75 13:55:46    -2114.162835        0.095569
BFGS:   76 13:55:46    -2114.164647        0.079845
BFGS:   77 13:55:46    -2114.166125        0.080001
BFGS:   78 13:55:47    -2114.167609        0.093896
BFGS:   79 13:55:47    -2114.169686        0.116685
BFGS:   80 13:55:47    -2114.172365        0.140198
BFGS:   81 13:55:47    -2114.175047        0.117296
BFGS:   82 13:55:48    -2114.177090        0.100434
BFGS:   83 13:55:48    -2114.178753        0.078733
BFGS:   84 13:55:48    -2114.180299        0.090144
BFGS:   85 13:55:48    -2114.181626        0.112262
BFGS:   86 13:55:49    -2114.182500        0.087183
BFGS:   87 13:55:49    -2114.183043        0.046557
BFGS:   88 13:55:49    -2114.183521        0.047219
BFGS:   89 13:55:49    -2114.184014        0.056107
BFGS:   90 13:55:50    -2114.184475        0.073590
BFGS:   91 13:55:50    -2114.184870        0.062729
BFGS:   92 13:55:50    -2114.185277        0.038377
BFGS:   93 13:55:50    -2114.185809        0.058078
BFGS:   94 13:55:50    -2114.186608        0.067930
BFGS:   95 13:55:51    -2114.187891        0.113393
BFGS:   96 13:55:51    -2114.189872        0.140269
BFGS:   97 13:55:51    -2114.192470        0.126764
BFGS:   98 13:55:52    -2114.195757        0.123427
BFGS:   99 13:55:52    -2114.199187        0.138733
BFGS:  100 13:55:52    -2114.203089        0.134568
BFGS:  101 13:55:53    -2114.207778        0.146947
BFGS:  102 13:55:53    -2114.212789        0.163765
BFGS:  103 13:55:54    -2114.217162        0.124564
BFGS:  104 13:55:54    -2114.220635        0.102499
BFGS:  105 13:55:55    -2114.223867        0.105880
BFGS:  106 13:55:55    -2114.227700        0.129193
BFGS:  107 13:55:55    -2114.232611        0.137868
BFGS:  108 13:55:56    -2114.238810        0.187087
BFGS:  109 13:55:56    -2114.245879        0.223094
BFGS:  110 13:55:57    -2114.253551        0.196885
BFGS:  111 13:55:57    -2114.261730        0.205156
BFGS:  112 13:55:58    -2114.270101        0.232017
BFGS:  113 13:55:58    -2114.279373        0.220379
BFGS:  114 13:56:01    -2114.288522        0.178047
BFGS:  115 13:56:02    -2114.298290        0.329871
BFGS:  116 13:56:03    -2114.304489        0.205450
BFGS:  117 13:56:03    -2114.311122        0.165628
BFGS:  118 13:56:04    -2114.316363        0.104534
BFGS:  119 13:56:04    -2114.322828        0.156023
BFGS:  120 13:56:05    -2114.330634        0.133330
BFGS:  121 13:56:06    -2114.339426        0.178772
