      Step     Time          Energy          fmax
BFGS:    0 20:27:41    -2030.207515        4.667704
BFGS:    1 20:27:42    -2032.489040        2.517255
BFGS:    2 20:27:42    -2034.224067        2.445299
BFGS:    3 20:27:43    -2036.568716        6.409480
BFGS:    4 20:27:43    -2040.673579        5.196962
BFGS:    5 20:27:44    -2044.326436        7.631778
BFGS:    6 20:27:44    -2054.528508        9.136243
BFGS:    7 20:27:45    -2056.655027       68.086771
BFGS:    8 20:27:45    -2063.026316       23.427629
BFGS:    9 20:27:45    -2065.227844        8.233799
BFGS:   10 20:27:46    -2069.552446        3.073364
BFGS:   11 20:27:46    -2070.074842        4.162178
BFGS:   12 20:27:47    -2070.633119        1.810594
BFGS:   13 20:27:47    -2071.029972        2.090956
BFGS:   14 20:27:48    -2071.172103        2.078839
BFGS:   15 20:27:48    -2071.330033        1.010150
BFGS:   16 20:27:48    -2071.422832        0.999806
BFGS:   17 20:27:49    -2071.558648        1.785324
BFGS:   18 20:27:49    -2071.702970        2.138713
BFGS:   19 20:27:49    -2071.798957        1.112889
BFGS:   20 20:27:50    -2071.900951        0.873516
BFGS:   21 20:27:50    -2072.034546        1.957687
BFGS:   22 20:27:50    -2072.188168        2.971569
BFGS:   23 20:27:51    -2072.341450        2.920351
BFGS:   24 20:27:51    -2072.509702        1.564503
BFGS:   25 20:27:51    -2072.629536        1.219226
BFGS:   26 20:27:52    -2072.724987        2.253188
BFGS:   27 20:27:52    -2072.853573        2.894467
BFGS:   28 20:27:52    -2073.048459        2.255491
BFGS:   29 20:27:53    -2073.225199        1.093373
BFGS:   30 20:27:53    -2073.399304        1.317073
BFGS:   31 20:27:53    -2073.518535        1.335853
BFGS:   32 20:27:54    -2073.601538        1.104165
BFGS:   33 20:27:54    -2073.674396        0.792073
BFGS:   34 20:27:54    -2073.758955        1.080019
BFGS:   35 20:27:55    -2073.814195        1.321997
BFGS:   36 20:27:55    -2073.855376        0.736387
BFGS:   37 20:27:55    -2073.876041        0.573601
BFGS:   38 20:27:55    -2073.895498        0.569564
BFGS:   39 20:27:56    -2073.917580        0.876356
BFGS:   40 20:27:56    -2073.947399        0.837751
BFGS:   41 20:27:56    -2073.971560        0.501169
BFGS:   42 20:27:56    -2073.996802        0.492286
BFGS:   43 20:27:57    -2074.020141        0.620708
BFGS:   44 20:27:57    -2074.042274        0.701179
BFGS:   45 20:27:57    -2074.057029        0.361923
BFGS:   46 20:27:57    -2074.064732        0.277810
BFGS:   47 20:27:58    -2074.070684        0.270897
BFGS:   48 20:27:58    -2074.080619        0.444971
BFGS:   49 20:27:58    -2074.091729        0.481308
BFGS:   50 20:27:58    -2074.102176        0.335333
BFGS:   51 20:27:58    -2074.110315        0.227932
BFGS:   52 20:27:59    -2074.120464        0.278843
BFGS:   53 20:27:59    -2074.141025        0.485744
BFGS:   54 20:27:59    -2074.186434        0.987809
BFGS:   55 20:27:59    -2074.244811        1.403171
BFGS:   56 20:28:00    -2074.308666        1.596664
BFGS:   57 20:28:00    -2074.407090        1.314128
BFGS:   58 20:28:00    -2074.498883        0.575615
BFGS:   59 20:28:01    -2074.547074        0.673073
BFGS:   60 20:28:01    -2074.596236        0.924364
BFGS:   61 20:28:01    -2074.631704        0.975026
BFGS:   62 20:28:01    -2074.675507        0.543838
BFGS:   63 20:28:02    -2074.699731        0.410808
BFGS:   64 20:28:02    -2074.708282        0.401585
BFGS:   65 20:28:02    -2074.716872        0.430894
BFGS:   66 20:28:02    -2074.722652        0.434757
BFGS:   67 20:28:02    -2074.731401        0.420575
BFGS:   68 20:28:03    -2074.741586        0.393002
BFGS:   69 20:28:03    -2074.752764        0.356508
BFGS:   70 20:28:03    -2074.763835        0.339972
BFGS:   71 20:28:03    -2074.777974        0.416096
BFGS:   72 20:28:03    -2074.800169        0.556390
BFGS:   73 20:28:04    -2074.834078        0.701168
BFGS:   74 20:28:04    -2074.874926        0.796892
BFGS:   75 20:28:04    -2074.922287        0.779310
BFGS:   76 20:28:05    -2074.966566        1.545593
BFGS:   77 20:28:05    -2074.974142        2.109078
BFGS:   78 20:28:05    -2075.027905        0.685307
BFGS:   79 20:28:05    -2075.028738        1.215648
BFGS:   80 20:28:06    -2075.068188        0.614012
BFGS:   81 20:28:06    -2075.075740        0.522355
BFGS:   82 20:28:06    -2075.078675        0.512697
BFGS:   83 20:28:06    -2075.079954        0.502342
BFGS:   84 20:28:07    -2075.083153        0.555281
BFGS:   85 20:28:07    -2075.086300        0.588679
BFGS:   86 20:28:07    -2075.089521        0.606248
BFGS:   87 20:28:07    -2075.091647        0.601244
BFGS:   88 20:28:08    -2075.093468        0.589020
BFGS:   89 20:28:08    -2075.095096        0.582036
BFGS:   90 20:28:08    -2075.096483        0.587984
BFGS:   91 20:28:08    -2075.097531        0.586051
BFGS:   92 20:28:08    -2075.098470        0.593614
BFGS:   93 20:28:09    -2075.099548        0.597841
BFGS:   94 20:28:09    -2075.100764        0.599737
BFGS:   95 20:28:09    -2075.101827        0.584063
BFGS:   96 20:28:09    -2075.102600        0.558312
BFGS:   97 20:28:09    -2075.103245        0.535102
BFGS:   98 20:28:09    -2075.103972        0.537826
BFGS:   99 20:28:10    -2075.104775        0.553697
BFGS:  100 20:28:10    -2075.105545        0.560169
BFGS:  101 20:28:10    -2075.106227        0.577493
BFGS:  102 20:28:10    -2075.106847        0.588135
BFGS:  103 20:28:11    -2075.107398        0.589696
BFGS:  104 20:28:11    -2075.107847        0.593656
BFGS:  105 20:28:11    -2075.108290        0.587354
BFGS:  106 20:28:11    -2075.108937        0.574636
BFGS:  107 20:28:11    -2075.110109        0.562372
BFGS:  108 20:28:11    -2075.112212        0.574947
BFGS:  109 20:28:12    -2075.115296        0.620350
BFGS:  110 20:28:12    -2075.118552        0.663678
BFGS:  111 20:28:12    -2075.121501        0.675510
BFGS:  112 20:28:12    -2075.124680        0.659796
BFGS:  113 20:28:13    -2075.127819        0.629369
BFGS:  114 20:28:13    -2075.131074        0.618302
BFGS:  115 20:28:13    -2075.133563        0.600774
BFGS:  116 20:28:13    -2075.135057        0.585123
BFGS:  117 20:28:13    -2075.135852        0.573670
BFGS:  118 20:28:14    -2075.136416        0.572851
BFGS:  119 20:28:14    -2075.136948        0.582218
BFGS:  120 20:28:14    -2075.137363        0.603770
BFGS:  121 20:28:14    -2075.137734        0.599027
BFGS:  122 20:28:14    -2075.138043        0.593338
BFGS:  123 20:28:15    -2075.138397        0.581095
BFGS:  124 20:28:15    -2075.138578        0.586280
BFGS:  125 20:28:15    -2075.138838        0.598394
BFGS:  126 20:28:15    -2075.139031        0.602076
BFGS:  127 20:28:15    -2075.139376        0.603281
BFGS:  128 20:28:16    -2075.139925        0.603170
BFGS:  129 20:28:16    -2075.140890        0.600853
BFGS:  130 20:28:16    -2075.142305        0.597289
BFGS:  131 20:28:16    -2075.144103        0.592708
BFGS:  132 20:28:17    -2075.146153        0.588741
BFGS:  133 20:28:17    -2075.148459        0.584126
BFGS:  134 20:28:17    -2075.150903        0.587466
BFGS:  135 20:28:17    -2075.153202        0.595457
BFGS:  136 20:28:17    -2075.155170        0.601802
BFGS:  137 20:28:18    -2075.157211        0.604239
BFGS:  138 20:28:18    -2075.159847        0.603186
BFGS:  139 20:28:18    -2075.163515        0.595190
BFGS:  140 20:28:18    -2075.168122        0.582878
BFGS:  141 20:28:19    -2075.173640        0.604527
BFGS:  142 20:28:19    -2075.180384        0.662122
BFGS:  143 20:28:19    -2075.190227        0.732118
BFGS:  144 20:28:20    -2075.205683        0.797341
BFGS:  145 20:28:20    -2075.227011        0.847650
BFGS:  146 20:28:20    -2075.246785        0.805291
BFGS:  147 20:28:21    -2075.270676        0.770972
BFGS:  148 20:28:21    -2075.297807        0.746853
BFGS:  149 20:28:21    -2075.327418        0.797300
BFGS:  150 20:28:21    -2075.357846        0.824286
BFGS:  151 20:28:22    -2075.387941        0.844770
BFGS:  152 20:28:22    -2075.417879        0.864335
BFGS:  153 20:28:22    -2075.447997        0.882961
BFGS:  154 20:28:22    -2075.479759        0.897488
BFGS:  155 20:28:23    -2075.514127        0.905240
BFGS:  156 20:28:23    -2075.551164        0.906052
BFGS:  157 20:28:23    -2075.589766        0.900161
BFGS:  158 20:28:24    -2075.629291        0.895024
BFGS:  159 20:28:24    -2075.668219        0.878515
BFGS:  160 20:28:24    -2075.707852        0.875108
BFGS:  161 20:28:24    -2075.746960        0.860762
BFGS:  162 20:28:25    -2075.786421        0.860254
BFGS:  163 20:28:25    -2075.826015        0.896710
BFGS:  164 20:28:25    -2075.866052        0.929203
BFGS:  165 20:28:25    -2075.906654        0.958123
BFGS:  166 20:28:26    -2075.947764        0.982401
BFGS:  167 20:28:26    -2075.989626        1.002395
BFGS:  168 20:28:26    -2076.032536        1.019181
BFGS:  169 20:28:26    -2076.075914        1.030742
BFGS:  170 20:28:27    -2076.120652        1.038275
BFGS:  171 20:28:27    -2076.165477        1.042790
BFGS:  172 20:28:27    -2076.212062        1.044681
BFGS:  173 20:28:28    -2076.257691        1.042367
BFGS:  174 20:28:28    -2076.306208        1.041327
BFGS:  175 20:28:28    -2076.352299        1.037429
BFGS:  176 20:28:28    -2076.401067        1.028501
BFGS:  177 20:28:29    -2076.450034        1.031850
BFGS:  178 20:28:29    -2076.495784        1.007075
BFGS:  179 20:28:29    -2076.548983        1.025985
BFGS:  180 20:28:30    -2076.594324        1.000365
BFGS:  181 20:28:30    -2076.644517        0.994515
BFGS:  182 20:28:30    -2076.693839        0.987734
BFGS:  183 20:28:30    -2076.741464        0.967107
BFGS:  184 20:28:31    -2076.792119        0.959375
BFGS:  185 20:28:31    -2076.840438        0.941313
BFGS:  186 20:28:31    -2076.891062        0.926131
BFGS:  187 20:28:31    -2076.940137        0.911202
BFGS:  188 20:28:32    -2076.991006        0.888839
BFGS:  189 20:28:32    -2077.040078        0.880239
BFGS:  190 20:28:32    -2077.091089        0.848003
BFGS:  191 20:28:32    -2077.140018        0.847348
BFGS:  192 20:28:33    -2077.190126        0.816359
BFGS:  193 20:28:33    -2077.239426        0.801390
BFGS:  194 20:28:33    -2077.288069        0.796657
BFGS:  195 20:28:33    -2077.336996        0.751441
BFGS:  196 20:28:34    -2077.384504        0.770918
BFGS:  197 20:28:34    -2077.431729        0.722569
BFGS:  198 20:28:34    -2077.478878        0.734856
BFGS:  199 20:28:34    -2077.524036        0.692328
BFGS:  200 20:28:34    -2077.570968        0.706112
