      Step     Time          Energy          fmax
BFGS:    0 21:19:02    -2154.653921        5.418588
BFGS:    1 21:19:03    -2158.386263        5.507609
BFGS:    2 21:19:04    -2165.876149        7.557723
BFGS:    3 21:19:05    -2172.062213        7.220800
BFGS:    4 21:19:06    -2166.088573       24.220900
BFGS:    5 21:19:06    -2175.832484        4.492912
BFGS:    6 21:19:07    -2177.577357        3.672904
BFGS:    7 21:19:08    -2177.987073        9.831223
BFGS:    8 21:19:08    -2180.619787        1.814893
BFGS:    9 21:19:09    -2181.170722        2.165371
BFGS:   10 21:19:10    -2182.591575        4.074242
BFGS:   11 21:19:10    -2183.898596        4.954597
BFGS:   12 21:19:11    -2184.503800       10.377965
BFGS:   13 21:19:12    -2185.678615        3.383662
BFGS:   14 21:19:13    -2186.324728        1.556490
BFGS:   15 21:19:14    -2186.723020        1.825611
BFGS:   16 21:19:15    -2186.997544        1.963770
BFGS:   17 21:19:16    -2187.233592        1.055815
BFGS:   18 21:19:16    -2187.396405        0.910386
BFGS:   19 21:19:17    -2187.575798        2.160432
BFGS:   20 21:19:17    -2187.735552        1.486724
BFGS:   21 21:19:18    -2187.892595        0.691566
BFGS:   22 21:19:18    -2187.982978        0.390039
BFGS:   23 21:19:19    -2188.021558        0.561649
BFGS:   24 21:19:19    -2188.069919        0.718149
BFGS:   25 21:19:19    -2188.119566        0.462924
BFGS:   26 21:19:20    -2188.194811        0.592185
BFGS:   27 21:19:20    -2188.251181        0.839262
BFGS:   28 21:19:21    -2188.318913        0.702048
BFGS:   29 21:19:21    -2188.373334        0.390314
BFGS:   30 21:19:22    -2188.435857        0.463554
BFGS:   31 21:19:22    -2188.519179        1.046837
BFGS:   32 21:19:23    -2188.649844        1.275358
BFGS:   33 21:19:23    -2188.863518        0.991189
BFGS:   34 21:19:24    -2189.195778        1.784526
BFGS:   35 21:19:24    -2189.281216        2.019178
BFGS:   36 21:19:25    -2189.626252        1.796451
BFGS:   37 21:19:25    -2190.021404        1.701619
BFGS:   38 21:19:26    -2190.683056        2.256199
BFGS:   39 21:19:26    -2190.994631        1.521532
BFGS:   40 21:19:27    -2191.435497        0.970320
BFGS:   41 21:19:28    -2191.689210        1.493400
BFGS:   42 21:19:28    -2191.830869        1.228707
BFGS:   43 21:19:29    -2191.918139        0.597647
BFGS:   44 21:19:29    -2191.998444        0.491415
BFGS:   45 21:19:30    -2192.069385        0.846153
BFGS:   46 21:19:30    -2192.151915        0.773596
BFGS:   47 21:19:31    -2192.188447        0.443352
BFGS:   48 21:19:31    -2192.207086        0.290465
BFGS:   49 21:19:32    -2192.221173        0.307905
BFGS:   50 21:19:32    -2192.242078        0.342498
BFGS:   51 21:19:33    -2192.260565        0.285790
BFGS:   52 21:19:33    -2192.278312        0.308301
BFGS:   53 21:19:34    -2192.294974        0.262278
BFGS:   54 21:19:34    -2192.309115        0.250251
BFGS:   55 21:19:35    -2192.317385        0.147049
BFGS:   56 21:19:35    -2192.322172        0.130550
BFGS:   57 21:19:35    -2192.326881        0.158770
BFGS:   58 21:19:36    -2192.331992        0.201911
BFGS:   59 21:19:36    -2192.336507        0.131694
BFGS:   60 21:19:37    -2192.339664        0.077858
BFGS:   61 21:19:37    -2192.342719        0.083308
BFGS:   62 21:19:38    -2192.346976        0.128587
BFGS:   63 21:19:38    -2192.352392        0.168136
BFGS:   64 21:19:39    -2192.358397        0.148409
BFGS:   65 21:19:39    -2192.365567        0.160641
BFGS:   66 21:19:40    -2192.376588        0.225232
BFGS:   67 21:19:40    -2192.396410        0.303772
BFGS:   68 21:19:41    -2192.427337        0.364561
BFGS:   69 21:19:41    -2192.458966        0.314047
BFGS:   70 21:19:42    -2192.480324        0.192463
BFGS:   71 21:19:42    -2192.494689        0.234623
BFGS:   72 21:19:43    -2192.509657        0.283005
BFGS:   73 21:19:43    -2192.535398        0.325801
BFGS:   74 21:19:44    -2192.570853        0.407317
BFGS:   75 21:19:45    -2192.608707        0.446152
BFGS:   76 21:19:45    -2192.641314        0.364246
BFGS:   77 21:19:46    -2192.674827        0.544545
BFGS:   78 21:19:47    -2192.711676        0.417526
BFGS:   79 21:19:47    -2192.754872        0.451490
BFGS:   80 21:19:48    -2192.836068        0.563596
BFGS:   81 21:19:49    -2192.919938        0.747863
BFGS:   82 21:19:49    -2193.007860        0.831028
BFGS:   83 21:19:50    -2193.102761        0.866090
BFGS:   84 21:19:50    -2193.199127        0.837316
BFGS:   85 21:19:51    -2193.297101        0.796322
BFGS:   86 21:19:51    -2193.394879        0.746234
BFGS:   87 21:19:52    -2193.493591        0.733881
BFGS:   88 21:19:52    -2193.591328        0.777598
BFGS:   89 21:19:53    -2193.689975        0.815666
BFGS:   90 21:19:53    -2193.787516        0.836599
BFGS:   91 21:19:54    -2193.885692        0.857920
BFGS:   92 21:19:54    -2193.982155        0.862426
BFGS:   93 21:19:55    -2194.078660        0.871535
BFGS:   94 21:19:56    -2194.173232        0.867199
BFGS:   95 21:19:56    -2194.267210        0.864566
BFGS:   96 21:19:57    -2194.359353        0.854257
BFGS:   97 21:19:57    -2194.450212        0.843291
BFGS:   98 21:19:58    -2194.539277        0.828239
BFGS:   99 21:19:59    -2194.626566        0.811960
BFGS:  100 21:19:59    -2194.711886        0.793816
BFGS:  101 21:20:00    -2194.795163        0.774581
BFGS:  102 21:20:01    -2194.876362        0.754611
BFGS:  103 21:20:01    -2194.955550        0.733657
BFGS:  104 21:20:02    -2195.032671        0.713251
BFGS:  105 21:20:03    -2195.107709        0.691267
BFGS:  106 21:20:03    -2195.180579        0.671368
BFGS:  107 21:20:04    -2195.251876        0.649263
BFGS:  108 21:20:05    -2195.320593        0.629450
BFGS:  109 21:20:05    -2195.388175        0.608500
BFGS:  110 21:20:06    -2195.453027        0.588481
BFGS:  111 21:20:06    -2195.517114        0.569062
BFGS:  112 21:20:07    -2195.578280        0.548970
BFGS:  113 21:20:07    -2195.638868        0.531117
BFGS:  114 21:20:08    -2195.696824        0.511880
BFGS:  115 21:20:08    -2195.753989        0.494937
BFGS:  116 21:20:09    -2195.809133        0.476600
BFGS:  117 21:20:09    -2195.863131        0.460471
BFGS:  118 21:20:10    -2195.915433        0.443169
BFGS:  119 21:20:10    -2195.966646        0.428633
BFGS:  120 21:20:11    -2196.016194        0.437239
BFGS:  121 21:20:11    -2196.065169        0.408977
BFGS:  122 21:20:12    -2196.111678        0.441196
BFGS:  123 21:20:12    -2196.158969        0.399595
BFGS:  124 21:20:13    -2196.202264        0.441066
BFGS:  125 21:20:13    -2196.248181        0.399135
BFGS:  126 21:20:14    -2196.288884        0.427464
BFGS:  127 21:20:14    -2196.332255        0.414877
BFGS:  128 21:20:14    -2196.371799        0.414899
BFGS:  129 21:20:15    -2196.412261        0.423173
BFGS:  130 21:20:15    -2196.450746        0.412570
BFGS:  131 21:20:15    -2196.488825        0.422507
BFGS:  132 21:20:16    -2196.525979        0.411431
BFGS:  133 21:20:16    -2196.562217        0.424308
BFGS:  134 21:20:16    -2196.597794        0.403319
BFGS:  135 21:20:17    -2196.632582        0.430433
BFGS:  136 21:20:17    -2196.666409        0.402608
BFGS:  137 21:20:17    -2196.699961        0.421936
BFGS:  138 21:20:18    -2196.732362        0.410408
BFGS:  139 21:20:18    -2196.764569        0.412238
BFGS:  140 21:20:18    -2196.795666        0.411747
BFGS:  141 21:20:19    -2196.826626        0.407813
BFGS:  142 21:20:19    -2196.856485        0.402971
BFGS:  143 21:20:19    -2196.886225        0.415613
BFGS:  144 21:20:19    -2196.915022        0.387310
BFGS:  145 21:20:20    -2196.943503        0.419419
BFGS:  146 21:20:20    -2196.971395        0.375656
BFGS:  147 21:20:20    -2196.998686        0.423774
BFGS:  148 21:20:21    -2197.025688        0.363091
BFGS:  149 21:20:21    -2197.051953        0.422775
BFGS:  150 21:20:21    -2197.077959        0.367629
BFGS:  151 21:20:22    -2197.103428        0.407094
BFGS:  152 21:20:22    -2197.128425        0.378122
BFGS:  153 21:20:22    -2197.153192        0.393606
BFGS:  154 21:20:22    -2197.177181        0.384746
BFGS:  155 21:20:23    -2197.201369        0.380785
BFGS:  156 21:20:23    -2197.224305        0.388857
BFGS:  157 21:20:23    -2197.248003        0.369658
BFGS:  158 21:20:23    -2197.269955        0.389523
BFGS:  159 21:20:24    -2197.292914        0.368016
BFGS:  160 21:20:24    -2197.314334        0.380054
BFGS:  161 21:20:24    -2197.336337        0.377298
BFGS:  162 21:20:25    -2197.357331        0.366340
BFGS:  163 21:20:25    -2197.378471        0.384568
BFGS:  164 21:20:25    -2197.399056        0.365131
BFGS:  165 21:20:26    -2197.419444        0.372558
BFGS:  166 21:20:26    -2197.439595        0.365548
BFGS:  167 21:20:26    -2197.459398        0.362653
BFGS:  168 21:20:26    -2197.479042        0.361534
BFGS:  169 21:20:27    -2197.498334        0.351717
BFGS:  170 21:20:27    -2197.517466        0.359745
BFGS:  171 21:20:27    -2197.536280        0.340994
BFGS:  172 21:20:28    -2197.554933        0.354896
BFGS:  173 21:20:28    -2197.573283        0.334838
BFGS:  174 21:20:28    -2197.591477        0.352740
BFGS:  175 21:20:29    -2197.609367        0.336706
BFGS:  176 21:20:29    -2197.627083        0.345824
BFGS:  177 21:20:29    -2197.644596        0.330731
BFGS:  178 21:20:29    -2197.661875        0.335991
BFGS:  179 21:20:30    -2197.678998        0.325038
BFGS:  180 21:20:30    -2197.695902        0.330662
BFGS:  181 21:20:30    -2197.712589        0.317451
BFGS:  182 21:20:31    -2197.729190        0.331232
BFGS:  183 21:20:31    -2197.745368        0.305472
BFGS:  184 21:20:31    -2197.761726        0.328832
BFGS:  185 21:20:32    -2197.777440        0.296182
BFGS:  186 21:20:32    -2197.793522        0.320464
BFGS:  187 21:20:32    -2197.808783        0.286601
BFGS:  188 21:20:33    -2197.824588        0.303505
BFGS:  189 21:20:33    -2197.839426        0.281343
BFGS:  190 21:20:33    -2197.854819        0.276324
BFGS:  191 21:20:33    -2197.869108        0.281246
BFGS:  192 21:20:34    -2197.884194        0.237515
BFGS:  193 21:20:34    -2197.897497        0.296938
BFGS:  194 21:20:34    -2197.911938        0.237536
BFGS:  195 21:20:35    -2197.925175        0.286435
BFGS:  196 21:20:35    -2197.938706        0.251326
BFGS:  197 21:20:35    -2197.951764        0.288493
BFGS:  198 21:20:36    -2197.964735        0.257836
BFGS:  199 21:20:36    -2197.977354        0.293231
BFGS:  200 21:20:36    -2197.989843        0.265270
