      Step     Time          Energy          fmax
BFGS:    0 14:17:44    -1932.434409       12.908747
BFGS:    1 14:17:44    -1936.773008       11.836862
BFGS:    2 14:17:45    -1939.827434        5.967043
BFGS:    3 14:17:45    -1943.233724        5.501820
BFGS:    4 14:17:45    -1946.958844        6.346184
BFGS:    5 14:17:46    -1950.339828       19.386365
BFGS:    6 14:17:46    -1954.441444       29.762824
BFGS:    7 14:17:46    -1957.969913       32.714745
BFGS:    8 14:17:47    -1962.495628       16.233514
BFGS:    9 14:17:47    -1969.438872       11.201283
BFGS:   10 14:17:47    -1967.863926       34.340446
BFGS:   11 14:17:48    -1973.758760        5.251173
BFGS:   12 14:17:48    -1975.749695        5.384415
BFGS:   13 14:17:48    -1977.430461        4.137809
BFGS:   14 14:17:48    -1977.874507        4.204312
BFGS:   15 14:17:49    -1978.201451        3.871128
BFGS:   16 14:17:49    -1978.659117        2.182053
BFGS:   17 14:17:49    -1978.952457        1.322881
BFGS:   18 14:17:49    -1979.195837        1.203927
BFGS:   19 14:17:49    -1979.377880        1.336630
BFGS:   20 14:17:50    -1979.526355        0.922680
BFGS:   21 14:17:50    -1979.625953        0.640368
BFGS:   22 14:17:50    -1979.692207        0.566528
BFGS:   23 14:17:50    -1979.761381        0.895711
BFGS:   24 14:17:50    -1979.835404        1.095492
BFGS:   25 14:17:50    -1979.906918        0.847623
BFGS:   26 14:17:51    -1979.966718        0.581770
BFGS:   27 14:17:51    -1980.031196        0.616551
BFGS:   28 14:17:51    -1980.109954        1.051125
BFGS:   29 14:17:51    -1980.201988        1.271337
BFGS:   30 14:17:51    -1980.302989        0.880784
BFGS:   31 14:17:52    -1980.400750        0.882058
BFGS:   32 14:17:52    -1980.484263        1.171180
BFGS:   33 14:17:52    -1980.580124        1.394600
BFGS:   34 14:17:52    -1980.696750        1.513202
BFGS:   35 14:17:52    -1980.792062        0.601672
BFGS:   36 14:17:53    -1980.838665        0.410944
BFGS:   37 14:17:53    -1980.867865        0.565462
BFGS:   38 14:17:53    -1980.885073        0.415624
BFGS:   39 14:17:53    -1980.897741        0.267092
BFGS:   40 14:17:53    -1980.908992        0.359362
BFGS:   41 14:17:53    -1980.925691        0.495210
BFGS:   42 14:17:53    -1980.946570        0.445511
BFGS:   43 14:17:54    -1980.975300        0.372001
BFGS:   44 14:17:54    -1981.007819        0.458673
BFGS:   45 14:17:54    -1981.045266        0.694356
BFGS:   46 14:17:54    -1981.090513        0.825757
BFGS:   47 14:17:54    -1981.143522        0.808441
BFGS:   48 14:17:54    -1981.197608        0.588227
BFGS:   49 14:17:55    -1981.239811        0.489743
BFGS:   50 14:17:55    -1981.262828        0.306177
BFGS:   51 14:17:55    -1981.275123        0.312906
BFGS:   52 14:17:55    -1981.283835        0.215577
BFGS:   53 14:17:55    -1981.290348        0.295014
BFGS:   54 14:17:55    -1981.296375        0.187177
BFGS:   55 14:17:56    -1981.303323        0.192451
BFGS:   56 14:17:56    -1981.310775        0.151293
BFGS:   57 14:17:56    -1981.316196        0.150355
BFGS:   58 14:17:56    -1981.323403        0.205698
BFGS:   59 14:17:56    -1981.333993        0.290819
BFGS:   60 14:17:56    -1981.351415        0.374654
BFGS:   61 14:17:57    -1981.372617        0.343386
BFGS:   62 14:17:57    -1981.390928        0.204725
BFGS:   63 14:17:57    -1981.403007        0.209931
BFGS:   64 14:17:57    -1981.413508        0.307591
BFGS:   65 14:17:57    -1981.428243        0.322754
BFGS:   66 14:17:58    -1981.446058        0.302655
BFGS:   67 14:17:58    -1981.462696        0.252391
BFGS:   68 14:17:58    -1981.476544        0.292745
BFGS:   69 14:17:58    -1981.488067        0.281294
BFGS:   70 14:17:59    -1981.496952        0.204662
BFGS:   71 14:17:59    -1981.503078        0.193307
BFGS:   72 14:17:59    -1981.508027        0.172695
BFGS:   73 14:17:59    -1981.512908        0.194464
BFGS:   74 14:17:59    -1981.517525        0.146486
BFGS:   75 14:17:59    -1981.520711        0.110431
BFGS:   76 14:18:00    -1981.523131        0.116450
BFGS:   77 14:18:00    -1981.525828        0.145457
BFGS:   78 14:18:00    -1981.529565        0.170973
BFGS:   79 14:18:00    -1981.533861        0.145624
BFGS:   80 14:18:00    -1981.537846        0.169631
BFGS:   81 14:18:00    -1981.541627        0.163555
BFGS:   82 14:18:00    -1981.546292        0.189730
BFGS:   83 14:18:01    -1981.552537        0.212504
BFGS:   84 14:18:01    -1981.559736        0.250270
BFGS:   85 14:18:01    -1981.566362        0.203598
BFGS:   86 14:18:01    -1981.572102        0.166631
BFGS:   87 14:18:01    -1981.577549        0.225959
BFGS:   88 14:18:01    -1981.582885        0.201347
BFGS:   89 14:18:02    -1981.587789        0.203433
BFGS:   90 14:18:02    -1981.592216        0.180741
BFGS:   91 14:18:02    -1981.596497        0.198817
BFGS:   92 14:18:02    -1981.600597        0.203993
BFGS:   93 14:18:02    -1981.604138        0.133436
BFGS:   94 14:18:02    -1981.607004        0.116634
BFGS:   95 14:18:03    -1981.609527        0.105806
BFGS:   96 14:18:03    -1981.612080        0.143340
BFGS:   97 14:18:03    -1981.614613        0.117707
BFGS:   98 14:18:03    -1981.616809        0.086723
BFGS:   99 14:18:03    -1981.618625        0.078965
BFGS:  100 14:18:03    -1981.620258        0.102044
BFGS:  101 14:18:03    -1981.621735        0.080286
BFGS:  102 14:18:04    -1981.622982        0.077748
BFGS:  103 14:18:04    -1981.624110        0.071677
BFGS:  104 14:18:04    -1981.625419        0.109655
BFGS:  105 14:18:04    -1981.627173        0.125846
BFGS:  106 14:18:04    -1981.629341        0.092725
BFGS:  107 14:18:04    -1981.631578        0.099599
BFGS:  108 14:18:04    -1981.633556        0.099265
BFGS:  109 14:18:05    -1981.635333        0.096374
BFGS:  110 14:18:05    -1981.637109        0.080373
BFGS:  111 14:18:05    -1981.638664        0.063116
BFGS:  112 14:18:05    -1981.639676        0.051819
BFGS:  113 14:18:05    -1981.640265        0.061190
BFGS:  114 14:18:05    -1981.640677        0.054044
BFGS:  115 14:18:05    -1981.641015        0.035222
BFGS:  116 14:18:06    -1981.641269        0.022867
BFGS:  117 14:18:06    -1981.641438        0.027364
BFGS:  118 14:18:06    -1981.641578        0.030271
BFGS:  119 14:18:06    -1981.641742        0.034815
BFGS:  120 14:18:06    -1981.641975        0.045101
BFGS:  121 14:18:06    -1981.642337        0.050364
BFGS:  122 14:18:06    -1981.642910        0.047901
BFGS:  123 14:18:06    -1981.643704        0.061074
BFGS:  124 14:18:07    -1981.644621        0.061472
BFGS:  125 14:18:07    -1981.645452        0.056481
BFGS:  126 14:18:07    -1981.646180        0.068739
BFGS:  127 14:18:07    -1981.647112        0.069796
BFGS:  128 14:18:07    -1981.648601        0.069363
BFGS:  129 14:18:07    -1981.650282        0.075554
BFGS:  130 14:18:08    -1981.651599        0.068993
BFGS:  131 14:18:08    -1981.652767        0.094954
BFGS:  132 14:18:08    -1981.653591        0.191295
BFGS:  133 14:18:08    -1981.654889        0.103453
BFGS:  134 14:18:08    -1981.656364        0.198776
BFGS:  135 14:18:08    -1981.658256        0.191027
BFGS:  136 14:18:09    -1981.659535        0.132110
BFGS:  137 14:18:09    -1981.660781        0.149767
BFGS:  138 14:18:09    -1981.661608        0.166677
BFGS:  139 14:18:09    -1981.662301        0.063140
BFGS:  140 14:18:09    -1981.662914        0.048865
BFGS:  141 14:18:09    -1981.663520        0.041032
BFGS:  142 14:18:10    -1981.664019        0.043845
BFGS:  143 14:18:10    -1981.664571        0.053711
BFGS:  144 14:18:10    -1981.665036        0.050535
BFGS:  145 14:18:10    -1981.665763        0.067936
BFGS:  146 14:18:10    -1981.666770        0.093478
BFGS:  147 14:18:10    -1981.668069        0.080587
BFGS:  148 14:18:10    -1981.669224        0.090942
BFGS:  149 14:18:11    -1981.670054        0.106272
BFGS:  150 14:18:11    -1981.670699        0.063360
BFGS:  151 14:18:11    -1981.671405        0.066458
BFGS:  152 14:18:11    -1981.672283        0.049453
BFGS:  153 14:18:11    -1981.673342        0.051986
BFGS:  154 14:18:11    -1981.674476        0.067845
BFGS:  155 14:18:11    -1981.675689        0.074522
BFGS:  156 14:18:12    -1981.676946        0.090244
BFGS:  157 14:18:12    -1981.678348        0.086096
BFGS:  158 14:18:12    -1981.679870        0.166343
BFGS:  159 14:18:12    -1981.681680        0.093088
BFGS:  160 14:18:12    -1981.683896        0.106725
BFGS:  161 14:18:12    -1981.685534        0.101119
BFGS:  162 14:18:13    -1981.686515        0.106725
BFGS:  163 14:18:13    -1981.687674        0.111781
BFGS:  164 14:18:13    -1981.688790        0.114258
BFGS:  165 14:18:13    -1981.689274        0.044849
BFGS:  166 14:18:13    -1981.689599        0.041817
BFGS:  167 14:18:13    -1981.689830        0.045779
BFGS:  168 14:18:13    -1981.690198        0.057045
BFGS:  169 14:18:14    -1981.690789        0.083633
BFGS:  170 14:18:14    -1981.691549        0.124228
BFGS:  171 14:18:14    -1981.692220        0.114379
BFGS:  172 14:18:14    -1981.692709        0.091177
BFGS:  173 14:18:14    -1981.693238        0.112033
BFGS:  174 14:18:14    -1981.694151        0.094331
BFGS:  175 14:18:14    -1981.696032        0.134934
BFGS:  176 14:18:15    -1981.698607        0.146055
BFGS:  177 14:18:15    -1981.701628        0.181863
BFGS:  178 14:18:15    -1981.705053        0.183979
BFGS:  179 14:18:15    -1981.708176        0.283340
BFGS:  180 14:18:15    -1981.710020        0.199194
BFGS:  181 14:18:15    -1981.711041        0.152038
BFGS:  182 14:18:16    -1981.711698        0.568164
BFGS:  183 14:18:16    -1981.713929        0.166179
BFGS:  184 14:18:16    -1981.714972        0.143016
BFGS:  185 14:18:16    -1981.716708        0.163096
BFGS:  186 14:18:16    -1981.718258        0.095942
BFGS:  187 14:18:16    -1981.719539        0.095857
BFGS:  188 14:18:16    -1981.720447        0.108351
BFGS:  189 14:18:17    -1981.721104        0.115796
BFGS:  190 14:18:17    -1981.721944        0.085672
BFGS:  191 14:18:17    -1981.723278        0.243515
BFGS:  192 14:18:17    -1981.724855        0.165769
BFGS:  193 14:18:17    -1981.725704        0.115496
BFGS:  194 14:18:17    -1981.726526        0.144243
BFGS:  195 14:18:17    -1981.727028        0.144152
BFGS:  196 14:18:18    -1981.727368        0.233763
BFGS:  197 14:18:18    -1981.728035        0.040379
BFGS:  198 14:18:18    -1981.728331        0.056144
BFGS:  199 14:18:18    -1981.728652        0.051500
BFGS:  200 14:18:18    -1981.728847        0.056444
