      Step     Time          Energy          fmax
BFGS:    0 09:46:56    -3110.375697       37.764175
BFGS:    1 09:46:57    -3118.161408        5.632065
BFGS:    2 09:46:58    -3118.599850        2.001999
BFGS:    3 09:46:58    -3118.691957        0.682544
BFGS:    4 09:46:59    -3118.695605        0.287586
BFGS:    5 09:47:00    -3118.696466        0.061084
BFGS:    6 09:47:00    -3118.696595        0.097164
BFGS:    7 09:47:01    -3118.697186        0.183023
BFGS:    8 09:47:01    -3118.699444        0.353121
BFGS:    9 09:47:02    -3118.708116        0.670704
BFGS:   10 09:47:03    -3118.740422        1.176023
BFGS:   11 09:47:03    -3118.852483        1.738809
BFGS:   12 09:47:04    -3119.237593        3.610465
BFGS:   13 09:47:05    -3119.766499       10.632509
BFGS:   14 09:47:06    -3121.733120        4.920702
BFGS:   15 09:47:07    -3123.499519        4.964971
BFGS:   16 09:47:08    -3125.346315        4.748483
BFGS:   17 09:47:09    -3126.949297        3.629091
BFGS:   18 09:47:10    -3128.010041        2.149716
BFGS:   19 09:47:11    -3128.476025        0.981495
BFGS:   20 09:47:11    -3128.520399        0.801966
BFGS:   21 09:47:12    -3128.528122        0.770810
BFGS:   22 09:47:13    -3128.543289        0.717726
BFGS:   23 09:47:13    -3128.568926        0.613300
BFGS:   24 09:47:14    -3128.593120        0.393920
BFGS:   25 09:47:15    -3128.602303        0.235618
BFGS:   26 09:47:16    -3128.606567        0.220874
BFGS:   27 09:47:16    -3128.607465        0.208569
BFGS:   28 09:47:17    -3128.611995        0.106921
BFGS:   29 09:47:18    -3128.613482        0.078718
BFGS:   30 09:47:18    -3128.613974        0.047948
BFGS:   31 09:47:19    -3128.614060        0.053160
BFGS:   32 09:47:19    -3128.614170        0.054704
BFGS:   33 09:47:20    -3128.614361        0.048603
BFGS:   34 09:47:20    -3128.614556        0.033123
BFGS:   35 09:47:21    -3128.614649        0.022546
BFGS:   36 09:47:22    -3128.614675        0.019858
BFGS:   37 09:47:22    -3128.614688        0.018215
BFGS:   38 09:47:22    -3128.614711        0.014301
BFGS:   39 09:47:23    -3128.614740        0.010477
BFGS:   40 09:47:23    -3128.614761        0.006166
      Step     Time          Energy          fmax
BFGS:    0 12:33:04    -3106.884753       11.208269
BFGS:    1 12:33:05    -3111.028886        4.570163
BFGS:    2 12:33:06    -3113.001826        4.489097
BFGS:    3 12:33:06    -3115.702998        9.599614
BFGS:    4 12:33:07    -3117.066736       18.632533
BFGS:    5 12:33:08    -3120.140375        4.734371
BFGS:    6 12:33:09    -3122.279512        3.536105
BFGS:    7 12:33:09    -3122.795954        3.133934
BFGS:    8 12:33:10    -3123.232953        2.330932
BFGS:    9 12:33:11    -3124.085327        4.909627
BFGS:   10 12:33:11    -3124.496830        1.907661
BFGS:   11 12:33:12    -3125.117849        2.085967
BFGS:   12 12:33:12    -3125.821552        3.128803
BFGS:   13 12:33:13    -3126.401010        2.990140
BFGS:   14 12:33:14    -3126.897121        1.312025
BFGS:   15 12:33:14    -3127.141368        0.916435
BFGS:   16 12:33:15    -3127.303281        0.851915
BFGS:   17 12:33:15    -3127.452113        0.794943
BFGS:   18 12:33:16    -3127.532059        0.610051
BFGS:   19 12:33:16    -3127.582653        0.300581
BFGS:   20 12:33:16    -3127.616135        0.364669
BFGS:   21 12:33:17    -3127.649016        0.414648
BFGS:   22 12:33:17    -3127.684310        0.568750
BFGS:   23 12:33:18    -3127.716987        0.457244
BFGS:   24 12:33:18    -3127.743771        0.213011
BFGS:   25 12:33:19    -3127.766539        0.322892
BFGS:   26 12:33:19    -3127.790105        0.328047
BFGS:   27 12:33:20    -3127.818689        0.326814
BFGS:   28 12:33:20    -3127.853933        0.323710
BFGS:   29 12:33:20    -3127.897193        0.487591
BFGS:   30 12:33:21    -3127.952880        0.716739
BFGS:   31 12:33:22    -3128.026080        0.836734
BFGS:   32 12:33:22    -3128.116056        0.732070
BFGS:   33 12:33:23    -3128.215084        0.519695
BFGS:   34 12:33:23    -3128.303280        0.525120
BFGS:   35 12:33:24    -3128.368271        0.613732
BFGS:   36 12:33:24    -3128.419280        0.633156
BFGS:   37 12:33:25    -3128.471270        0.601107
BFGS:   38 12:33:26    -3128.543232        0.640158
BFGS:   39 12:33:26    -3128.651213        1.030939
BFGS:   40 12:33:27    -3128.741339        1.416542
BFGS:   41 12:33:28    -3128.884599        1.196314
BFGS:   42 12:33:28    -3129.116119        0.651291
BFGS:   43 12:33:29    -3129.228071        0.589346
BFGS:   44 12:33:29    -3129.335280        0.771674
BFGS:   45 12:33:30    -3129.393150        0.560832
BFGS:   46 12:33:31    -3129.433625        0.240211
BFGS:   47 12:33:31    -3129.462716        0.183820
BFGS:   48 12:33:32    -3129.478042        0.236236
BFGS:   49 12:33:32    -3129.495455        0.299384
BFGS:   50 12:33:33    -3129.509033        0.221963
BFGS:   51 12:33:33    -3129.521610        0.147830
BFGS:   52 12:33:34    -3129.531380        0.133287
BFGS:   53 12:33:34    -3129.539256        0.151919
BFGS:   54 12:33:35    -3129.545643        0.136811
BFGS:   55 12:33:35    -3129.551195        0.102493
BFGS:   56 12:33:36    -3129.555901        0.106604
BFGS:   57 12:33:36    -3129.560248        0.119640
BFGS:   58 12:33:37    -3129.564632        0.113072
BFGS:   59 12:33:37    -3129.568766        0.088569
BFGS:   60 12:33:38    -3129.571847        0.078696
BFGS:   61 12:33:38    -3129.573660        0.073499
BFGS:   62 12:33:38    -3129.574732        0.069776
BFGS:   63 12:33:39    -3129.575522        0.039509
BFGS:   64 12:33:39    -3129.576087        0.040585
BFGS:   65 12:33:39    -3129.576431        0.030102
BFGS:   66 12:33:40    -3129.576644        0.023918
BFGS:   67 12:33:40    -3129.576823        0.022776
BFGS:   68 12:33:40    -3129.577019        0.026495
BFGS:   69 12:33:41    -3129.577239        0.029642
BFGS:   70 12:33:41    -3129.577452        0.028222
BFGS:   71 12:33:42    -3129.577637        0.022513
BFGS:   72 12:33:42    -3129.577804        0.024178
BFGS:   73 12:33:42    -3129.577994        0.026536
BFGS:   74 12:33:43    -3129.578232        0.034315
BFGS:   75 12:33:43    -3129.578506        0.038923
BFGS:   76 12:33:43    -3129.578759        0.029734
BFGS:   77 12:33:44    -3129.578967        0.023737
BFGS:   78 12:33:44    -3129.579172        0.031886
BFGS:   79 12:33:44    -3129.579432        0.044494
BFGS:   80 12:33:45    -3129.579771        0.046299
BFGS:   81 12:33:45    -3129.580141        0.034851
BFGS:   82 12:33:46    -3129.580425        0.027539
BFGS:   83 12:33:46    -3129.580580        0.022318
BFGS:   84 12:33:46    -3129.580662        0.020472
BFGS:   85 12:33:47    -3129.580720        0.014298
BFGS:   86 12:33:47    -3129.580770        0.010894
BFGS:   87 12:33:47    -3129.580812        0.015751
BFGS:   88 12:33:48    -3129.580841        0.016520
BFGS:   89 12:33:48    -3129.580857        0.009879
