      Step     Time          Energy          fmax
BFGS:    0 20:22:59    -1900.423807        7.122383
BFGS:    1 20:23:00    -1901.800377       12.042889
BFGS:    2 20:23:01    -1903.445658        2.569616
BFGS:    3 20:23:01    -1904.559713        2.883647
BFGS:    4 20:23:02    -1909.049208        4.775686
BFGS:    5 20:23:03    -1914.356619        6.706666
BFGS:    6 20:23:03    -1918.018842       10.024117
BFGS:    7 20:23:04    -1923.543123        7.954772
BFGS:    8 20:23:05    -1924.809759       20.615326
BFGS:    9 20:23:06    -1930.621934        7.909778
BFGS:   10 20:23:07    -1933.930789        6.921102
BFGS:   11 20:23:08    -1934.981981        3.921988
BFGS:   12 20:23:09    -1936.301303        3.932776
BFGS:   13 20:23:09    -1938.103275        5.694660
BFGS:   14 20:23:10    -1939.351917        5.471412
BFGS:   15 20:23:11    -1939.194260       11.137930
BFGS:   16 20:23:12    -1940.492018        3.721109
BFGS:   17 20:23:13    -1940.897278        2.702798
BFGS:   18 20:23:14    -1941.277855        1.769550
BFGS:   19 20:23:16    -1941.328135        3.065821
BFGS:   20 20:23:17    -1941.498971        1.780133
BFGS:   21 20:23:18    -1941.717648        1.324901
BFGS:   22 20:23:19    -1941.960210        1.667985
BFGS:   23 20:23:20    -1942.416993        2.734961
BFGS:   24 20:23:21    -1942.926672        3.680995
BFGS:   25 20:23:21    -1943.413753        4.685084
BFGS:   26 20:23:22    -1943.440020        5.848655
BFGS:   27 20:23:22    -1943.850528        5.025807
BFGS:   28 20:23:22    -1944.214357        4.942170
BFGS:   29 20:23:23    -1945.247931        4.761928
BFGS:   30 20:23:23    -1946.043031        4.288355
BFGS:   31 20:23:24    -1946.820413        2.422259
BFGS:   32 20:23:24    -1947.636878        2.220037
BFGS:   33 20:23:25    -1948.184840        1.364839
BFGS:   34 20:23:25    -1948.342958        1.320246
BFGS:   35 20:23:25    -1948.526772        1.235616
BFGS:   36 20:23:26    -1948.608659        0.762801
BFGS:   37 20:23:26    -1948.668439        0.639470
BFGS:   38 20:23:26    -1948.718051        0.526038
BFGS:   39 20:23:27    -1948.769945        0.531935
BFGS:   40 20:23:27    -1948.806173        0.414134
BFGS:   41 20:23:27    -1948.832793        0.323556
BFGS:   42 20:23:28    -1948.854955        0.300345
BFGS:   43 20:23:28    -1948.875636        0.388263
BFGS:   44 20:23:29    -1948.892574        0.370958
BFGS:   45 20:23:29    -1948.906790        0.284367
BFGS:   46 20:23:29    -1948.919470        0.329937
BFGS:   47 20:23:30    -1948.928930        0.327309
BFGS:   48 20:23:30    -1948.934386        0.250422
BFGS:   49 20:23:30    -1948.937840        0.170250
BFGS:   50 20:23:30    -1948.940701        0.152014
BFGS:   51 20:23:31    -1948.943202        0.151065
BFGS:   52 20:23:31    -1948.945417        0.140144
BFGS:   53 20:23:31    -1948.947757        0.181181
BFGS:   54 20:23:32    -1948.950967        0.163999
BFGS:   55 20:23:32    -1948.955528        0.231216
BFGS:   56 20:23:32    -1948.970393        0.262190
BFGS:   57 20:23:33    -1949.088984        0.951529
BFGS:   58 20:23:33    -1949.467564        2.126714
BFGS:   59 20:23:34    -1950.058472        2.851874
BFGS:   60 20:23:34    -1950.704085        2.136599
BFGS:   61 20:23:35    -1950.358847        9.023006
BFGS:   62 20:23:35    -1950.887814        1.309357
BFGS:   63 20:23:35    -1950.947038        1.029617
BFGS:   64 20:23:36    -1950.995473        0.486079
BFGS:   65 20:23:36    -1951.039664        0.717753
BFGS:   66 20:23:36    -1951.071960        0.483749
BFGS:   67 20:23:37    -1951.123345        0.430995
BFGS:   68 20:23:37    -1951.148072        0.518530
BFGS:   69 20:23:37    -1951.178613        0.556822
BFGS:   70 20:23:38    -1951.198375        0.475932
BFGS:   71 20:23:38    -1951.211367        0.337724
BFGS:   72 20:23:38    -1951.219956        0.292128
BFGS:   73 20:23:38    -1951.228961        0.326896
BFGS:   74 20:23:39    -1951.238169        0.211075
BFGS:   75 20:23:39    -1951.245362        0.207560
BFGS:   76 20:23:39    -1951.251163        0.153418
BFGS:   77 20:23:39    -1951.256497        0.229193
BFGS:   78 20:23:40    -1951.260687        0.197416
BFGS:   79 20:23:40    -1951.263416        0.118181
BFGS:   80 20:23:40    -1951.265480        0.115867
BFGS:   81 20:23:40    -1951.267842        0.117131
BFGS:   82 20:23:40    -1951.270947        0.140327
BFGS:   83 20:23:41    -1951.274523        0.154930
BFGS:   84 20:23:41    -1951.278030        0.165648
BFGS:   85 20:23:41    -1951.281012        0.158918
BFGS:   86 20:23:41    -1951.283032        0.103490
BFGS:   87 20:23:42    -1951.284025        0.056324
BFGS:   88 20:23:42    -1951.284459        0.038486
BFGS:   89 20:23:42    -1951.284755        0.034611
BFGS:   90 20:23:42    -1951.285057        0.042761
BFGS:   91 20:23:42    -1951.285282        0.031213
BFGS:   92 20:23:43    -1951.285380        0.020855
BFGS:   93 20:23:43    -1951.285418        0.013631
BFGS:   94 20:23:43    -1951.285454        0.013522
BFGS:   95 20:23:43    -1951.285520        0.027452
BFGS:   96 20:23:43    -1951.285620        0.037904
BFGS:   97 20:23:43    -1951.285765        0.035276
BFGS:   98 20:23:44    -1951.285959        0.033369
BFGS:   99 20:23:44    -1951.286242        0.041394
BFGS:  100 20:23:44    -1951.286720        0.059502
BFGS:  101 20:23:44    -1951.287547        0.110805
BFGS:  102 20:23:45    -1951.288796        0.158375
BFGS:  103 20:23:45    -1951.290567        0.145145
BFGS:  104 20:23:45    -1951.292837        0.102295
BFGS:  105 20:23:46    -1951.295279        0.133004
BFGS:  106 20:23:46    -1951.298438        0.287350
BFGS:  107 20:23:47    -1951.285935        0.707679
BFGS:  108 20:23:47    -1951.303643        0.119035
BFGS:  109 20:23:47    -1951.306445        0.093863
BFGS:  110 20:23:48    -1951.307353        0.648958
BFGS:  111 20:23:48    -1951.313904        0.090403
BFGS:  112 20:23:49    -1951.317166        0.092001
BFGS:  113 20:23:49    -1951.306258        0.830824
BFGS:  114 20:23:50    -1951.321235        0.089990
BFGS:  115 20:23:50    -1951.323404        0.117552
BFGS:  116 20:23:51    -1951.320819        0.621465
BFGS:  117 20:23:51    -1951.327734        0.123690
BFGS:  118 20:23:51    -1951.329362        0.163735
BFGS:  119 20:23:52    -1951.330655        0.492161
BFGS:  120 20:23:52    -1951.333998        0.198055
BFGS:  121 20:23:52    -1951.336033        0.169441
BFGS:  122 20:23:53    -1951.341550        0.527306
BFGS:  123 20:23:53    -1951.346915        0.144385
BFGS:  124 20:23:54    -1951.350435        0.098218
BFGS:  125 20:23:54    -1951.336442        0.965229
BFGS:  126 20:23:54    -1951.353320        0.073459
BFGS:  127 20:23:55    -1951.355073        0.091241
BFGS:  128 20:23:55    -1951.350504        0.670475
BFGS:  129 20:23:56    -1951.359532        0.121084
BFGS:  130 20:23:56    -1951.361790        0.132790
BFGS:  131 20:23:56    -1951.355644        0.936599
BFGS:  132 20:23:57    -1951.366090        0.080827
BFGS:  133 20:23:57    -1951.368054        0.145690
BFGS:  134 20:23:58    -1951.363330        0.711779
BFGS:  135 20:23:58    -1951.371538        0.106380
BFGS:  136 20:23:59    -1951.372987        0.133523
BFGS:  137 20:23:59    -1951.373724        0.492112
BFGS:  138 20:23:59    -1951.376140        0.097978
BFGS:  139 20:24:00    -1951.377090        0.093338
BFGS:  140 20:24:00    -1951.378995        0.200921
BFGS:  141 20:24:00    -1951.380017        0.079741
BFGS:  142 20:24:01    -1951.380720        0.090219
BFGS:  143 20:24:01    -1951.381287        0.152555
BFGS:  144 20:24:01    -1951.381834        0.057953
BFGS:  145 20:24:02    -1951.382421        0.138966
BFGS:  146 20:24:02    -1951.383134        0.106043
BFGS:  147 20:24:02    -1951.383642        0.115164
BFGS:  148 20:24:02    -1951.383990        0.095985
BFGS:  149 20:24:03    -1951.384301        0.108931
BFGS:  150 20:24:03    -1951.384601        0.071966
BFGS:  151 20:24:03    -1951.384890        0.039586
BFGS:  152 20:24:03    -1951.385165        0.026001
BFGS:  153 20:24:04    -1951.385361        0.036213
BFGS:  154 20:24:04    -1951.385454        0.015186
BFGS:  155 20:24:04    -1951.385518        0.057032
BFGS:  156 20:24:04    -1951.385614        0.031446
BFGS:  157 20:24:05    -1951.385884        0.023105
BFGS:  158 20:24:05    -1951.386138        0.040948
BFGS:  159 20:24:05    -1951.386423        0.035023
BFGS:  160 20:24:05    -1951.386795        0.043390
BFGS:  161 20:24:06    -1951.387485        0.072459
BFGS:  162 20:24:06    -1951.388314        0.053295
BFGS:  163 20:24:06    -1951.389032        0.056214
BFGS:  164 20:24:06    -1951.389642        0.061018
BFGS:  165 20:24:07    -1951.390439        0.067950
BFGS:  166 20:24:07    -1951.391455        0.104638
BFGS:  167 20:24:07    -1951.392958        0.102600
BFGS:  168 20:24:07    -1951.397893        0.141585
BFGS:  169 20:24:08    -1951.399621        0.122882
BFGS:  170 20:24:08    -1951.402355        0.093255
BFGS:  171 20:24:08    -1951.403605        0.110837
BFGS:  172 20:24:08    -1951.404923        0.096579
BFGS:  173 20:24:09    -1951.406142        0.088541
BFGS:  174 20:24:09    -1951.407024        0.057435
BFGS:  175 20:24:09    -1951.407456        0.073903
BFGS:  176 20:24:09    -1951.407653        0.055881
BFGS:  177 20:24:10    -1951.407834        0.070432
BFGS:  178 20:24:10    -1951.408147        0.085047
BFGS:  179 20:24:10    -1951.408606        0.068306
BFGS:  180 20:24:11    -1951.408970        0.040678
BFGS:  181 20:24:11    -1951.409434        0.044376
BFGS:  182 20:24:11    -1951.409685        0.043697
BFGS:  183 20:24:11    -1951.410058        0.042405
BFGS:  184 20:24:12    -1951.410345        0.072422
BFGS:  185 20:24:12    -1951.410803        0.045220
BFGS:  186 20:24:12    -1951.411086        0.024360
BFGS:  187 20:24:12    -1951.411180        0.016705
BFGS:  188 20:24:12    -1951.411238        0.025186
BFGS:  189 20:24:13    -1951.411302        0.016489
BFGS:  190 20:24:13    -1951.411366        0.023562
BFGS:  191 20:24:13    -1951.411426        0.011363
BFGS:  192 20:24:13    -1951.411457        0.012221
BFGS:  193 20:24:13    -1951.411473        0.008524
