      Step     Time          Energy          fmax
BFGS:    0 14:22:59     -715.800823     2397.061112
BFGS:    1 14:23:02    -1824.946989      346.012957
BFGS:    2 14:23:02    -1700.400561     2184.490845
BFGS:    3 14:23:03    -1792.025583     1486.946761
BFGS:    4 14:23:03    -1947.020049      483.827782
BFGS:    5 14:23:04    -1921.472067      815.824138
BFGS:    6 14:23:04    -1979.963914      460.577888
BFGS:    7 14:23:05    -2043.349979      173.829422
BFGS:    8 14:23:05    -2081.398008       55.892222
BFGS:    9 14:23:06    -2095.534975       34.144511
BFGS:   10 14:23:06    -2101.700983       18.554440
BFGS:   11 14:23:07    -2106.565126       12.913017
BFGS:   12 14:23:07    -2108.745490       10.250444
BFGS:   13 14:23:07    -2111.953464        7.416125
BFGS:   14 14:23:08    -2113.284878        6.550074
BFGS:   15 14:23:08    -2114.557259        5.616835
BFGS:   16 14:23:09    -2115.560762        5.181207
BFGS:   17 14:23:09    -2116.331824        5.657307
BFGS:   18 14:23:09    -2116.904613        5.824069
BFGS:   19 14:23:10    -2117.490171        5.422231
BFGS:   20 14:23:10    -2118.057932        5.993185
BFGS:   21 14:23:11    -2118.556126        5.179945
BFGS:   22 14:23:11    -2119.073925        3.671601
BFGS:   23 14:23:11    -2119.475676        2.418311
BFGS:   24 14:23:12    -2119.797693        2.349729
BFGS:   25 14:23:12    -2120.021907        2.753658
BFGS:   26 14:23:12    -2120.216077        2.403632
BFGS:   27 14:23:13    -2120.393358        2.278925
BFGS:   28 14:23:13    -2120.524143        2.028065
BFGS:   29 14:23:13    -2120.634806        1.688958
BFGS:   30 14:23:14    -2120.730734        1.667002
BFGS:   31 14:23:14    -2120.801850        1.729063
BFGS:   32 14:23:14    -2120.860935        1.807173
BFGS:   33 14:23:15    -2120.910550        1.866934
BFGS:   34 14:23:15    -2120.958322        2.061799
BFGS:   35 14:23:15    -2121.010258        2.132366
BFGS:   36 14:23:16    -2121.060094        2.036723
BFGS:   37 14:23:16    -2121.105329        1.807380
BFGS:   38 14:23:16    -2121.144473        1.497745
BFGS:   39 14:23:17    -2121.174555        1.286755
BFGS:   40 14:23:17    -2121.202288        1.346936
BFGS:   41 14:23:17    -2121.232343        1.377940
BFGS:   42 14:23:17    -2121.260067        1.315566
BFGS:   43 14:23:18    -2121.284009        1.166018
BFGS:   44 14:23:18    -2121.305605        0.959771
BFGS:   45 14:23:18    -2121.326832        0.742167
BFGS:   46 14:23:19    -2121.350141        0.689595
BFGS:   47 14:23:19    -2121.374809        0.851854
BFGS:   48 14:23:19    -2121.399117        0.831259
BFGS:   49 14:23:20    -2121.424702        0.644749
BFGS:   50 14:23:20    -2121.452674        0.481082
BFGS:   51 14:23:20    -2121.484380        0.670817
BFGS:   52 14:23:20    -2121.532330        1.065597
BFGS:   53 14:23:21    -2121.591141        1.612063
BFGS:   54 14:23:21    -2121.652128        1.952512
BFGS:   55 14:23:21    -2121.703325        1.913138
BFGS:   56 14:23:22    -2121.744554        1.639821
BFGS:   57 14:23:22    -2121.769670        1.594880
BFGS:   58 14:23:22    -2121.801572        1.385939
BFGS:   59 14:23:22    -2121.834082        1.198571
BFGS:   60 14:23:23    -2121.872181        1.071844
BFGS:   61 14:23:23    -2121.903472        1.180423
BFGS:   62 14:23:23    -2121.939240        1.144441
BFGS:   63 14:23:23    -2121.960729        1.090648
BFGS:   64 14:23:24    -2121.974886        1.123244
BFGS:   65 14:23:24    -2121.988815        1.143549
BFGS:   66 14:23:24    -2122.005957        1.176668
BFGS:   67 14:23:24    -2122.023545        1.238779
BFGS:   68 14:23:25    -2122.040511        1.331754
BFGS:   69 14:23:25    -2122.057593        1.403645
BFGS:   70 14:23:25    -2122.085540        1.472622
BFGS:   71 14:23:26    -2122.182754        2.006196
BFGS:   72 14:23:26    -2122.634702        3.905127
BFGS:   73 14:23:26    -2122.710376        6.045925
BFGS:   74 14:23:27    -2123.257595        2.712324
BFGS:   75 14:23:27    -2123.673656        3.676635
BFGS:   76 14:23:27    -2123.677400        3.628935
BFGS:   77 14:23:28    -2123.969442        1.673603
BFGS:   78 14:23:28    -2124.021942        1.141620
BFGS:   79 14:23:28    -2124.091705        1.132614
BFGS:   80 14:23:28    -2124.193372        1.118247
BFGS:   81 14:23:29    -2124.227787        1.066845
BFGS:   82 14:23:29    -2124.265812        1.042555
BFGS:   83 14:23:29    -2124.296230        1.022647
BFGS:   84 14:23:29    -2124.331158        1.316788
BFGS:   85 14:23:30    -2124.360688        1.435860
BFGS:   86 14:23:30    -2124.387841        1.235980
BFGS:   87 14:23:30    -2124.416928        1.341815
BFGS:   88 14:23:30    -2124.456760        1.451778
BFGS:   89 14:23:30    -2124.508386        1.524780
BFGS:   90 14:23:31    -2124.563841        1.395905
BFGS:   91 14:23:31    -2124.617396        1.241500
BFGS:   92 14:23:31    -2124.673245        1.281095
BFGS:   93 14:23:31    -2124.733332        1.335980
BFGS:   94 14:23:32    -2124.791934        1.324795
BFGS:   95 14:23:32    -2124.832057        1.276323
BFGS:   96 14:23:32    -2124.858746        1.211172
BFGS:   97 14:23:32    -2124.882760        1.279651
BFGS:   98 14:23:32    -2124.909524        1.168278
BFGS:   99 14:23:33    -2124.939588        0.910310
BFGS:  100 14:23:33    -2124.961545        0.775656
BFGS:  101 14:23:33    -2124.980016        0.787576
BFGS:  102 14:23:33    -2124.994192        0.823423
BFGS:  103 14:23:34    -2125.006516        0.867782
BFGS:  104 14:23:34    -2125.019028        0.906162
BFGS:  105 14:23:34    -2125.031545        0.943871
BFGS:  106 14:23:34    -2125.042183        0.971940
BFGS:  107 14:23:34    -2125.050792        0.995121
BFGS:  108 14:23:35    -2125.058203        1.006982
BFGS:  109 14:23:35    -2125.064936        1.002971
BFGS:  110 14:23:35    -2125.070650        1.003124
BFGS:  111 14:23:35    -2125.075132        1.007173
BFGS:  112 14:23:35    -2125.078773        0.965889
BFGS:  113 14:23:35    -2125.081935        0.908493
BFGS:  114 14:23:36    -2125.084595        0.848576
BFGS:  115 14:23:36    -2125.086856        0.798290
BFGS:  116 14:23:36    -2125.089025        0.752021
BFGS:  117 14:23:36    -2125.091114        0.737725
BFGS:  118 14:23:36    -2125.092931        0.737702
BFGS:  119 14:23:37    -2125.094463        0.743196
BFGS:  120 14:23:37    -2125.095988        0.749530
BFGS:  121 14:23:37    -2125.097746        0.757464
BFGS:  122 14:23:37    -2125.099633        0.763206
BFGS:  123 14:23:37    -2125.101303        0.766066
BFGS:  124 14:23:37    -2125.102779        0.763844
BFGS:  125 14:23:38    -2125.104357        0.758883
BFGS:  126 14:23:38    -2125.106169        0.750094
BFGS:  127 14:23:38    -2125.107944        0.743112
BFGS:  128 14:23:38    -2125.109472        0.739934
BFGS:  129 14:23:38    -2125.110909        0.741271
BFGS:  130 14:23:38    -2125.112677        0.745317
BFGS:  131 14:23:39    -2125.114948        0.765389
BFGS:  132 14:23:39    -2125.117503        0.776821
BFGS:  133 14:23:39    -2125.119850        0.775917
BFGS:  134 14:23:39    -2125.121788        0.767541
BFGS:  135 14:23:39    -2125.123446        0.759009
BFGS:  136 14:23:39    -2125.125039        0.766588
BFGS:  137 14:23:40    -2125.126684        0.785129
BFGS:  138 14:23:40    -2125.128429        0.808140
BFGS:  139 14:23:40    -2125.130413        0.829192
BFGS:  140 14:23:40    -2125.132844        0.835669
BFGS:  141 14:23:40    -2125.135855        0.812176
BFGS:  142 14:23:40    -2125.139263        0.750051
BFGS:  143 14:23:41    -2125.142477        0.669611
BFGS:  144 14:23:41    -2125.144898        0.616849
BFGS:  145 14:23:41    -2125.146524        0.598456
BFGS:  146 14:23:41    -2125.147806        0.599981
BFGS:  147 14:23:41    -2125.149096        0.602663
BFGS:  148 14:23:41    -2125.150490        0.612617
BFGS:  149 14:23:42    -2125.151917        0.628803
BFGS:  150 14:23:42    -2125.153296        0.664416
BFGS:  151 14:23:42    -2125.154655        0.688450
BFGS:  152 14:23:42    -2125.156070        0.701540
BFGS:  153 14:23:42    -2125.157585        0.694868
BFGS:  154 14:23:43    -2125.159238        0.686915
BFGS:  155 14:23:43    -2125.160991        0.680407
BFGS:  156 14:23:43    -2125.162872        0.686798
BFGS:  157 14:23:43    -2125.165021        0.699476
BFGS:  158 14:23:43    -2125.167734        0.722871
BFGS:  159 14:23:43    -2125.171146        0.755145
BFGS:  160 14:23:44    -2125.175255        0.797982
BFGS:  161 14:23:44    -2125.179533        0.829883
BFGS:  162 14:23:44    -2125.183651        0.842716
BFGS:  163 14:23:44    -2125.187571        0.825942
BFGS:  164 14:23:44    -2125.191224        0.796417
BFGS:  165 14:23:45    -2125.194306        0.761216
BFGS:  166 14:23:45    -2125.196973        0.753665
BFGS:  167 14:23:45    -2125.199551        0.741200
BFGS:  168 14:23:45    -2125.202289        0.734615
BFGS:  169 14:23:45    -2125.205113        0.722983
BFGS:  170 14:23:45    -2125.207996        0.721274
BFGS:  171 14:23:46    -2125.211217        0.721632
BFGS:  172 14:23:46    -2125.215111        0.732105
BFGS:  173 14:23:46    -2125.219128        0.747077
BFGS:  174 14:23:46    -2125.222395        0.765410
BFGS:  175 14:23:46    -2125.224678        0.771462
BFGS:  176 14:23:47    -2125.226620        0.763914
BFGS:  177 14:23:47    -2125.228535        0.735078
BFGS:  178 14:23:47    -2125.230297        0.694395
BFGS:  179 14:23:47    -2125.231699        0.657169
BFGS:  180 14:23:47    -2125.232863        0.637021
BFGS:  181 14:23:47    -2125.234044        0.628067
BFGS:  182 14:23:48    -2125.235366        0.624988
BFGS:  183 14:23:48    -2125.236847        0.621671
BFGS:  184 14:23:48    -2125.238539        0.618589
BFGS:  185 14:23:48    -2125.240672        0.623305
BFGS:  186 14:23:48    -2125.243376        0.646969
BFGS:  187 14:23:48    -2125.246636        0.683143
BFGS:  188 14:23:49    -2125.250521        0.712638
BFGS:  189 14:23:49    -2125.255396        0.712566
BFGS:  190 14:23:49    -2125.261536        0.676814
BFGS:  191 14:23:49    -2125.268035        0.624124
BFGS:  192 14:23:49    -2125.272965        0.603550
BFGS:  193 14:23:50    -2125.276030        0.604246
BFGS:  194 14:23:50    -2125.278647        0.582551
BFGS:  195 14:23:50    -2125.281668        0.578516
BFGS:  196 14:23:50    -2125.285351        0.560367
BFGS:  197 14:23:50    -2125.289137        0.546141
BFGS:  198 14:23:50    -2125.292508        0.518676
BFGS:  199 14:23:51    -2125.296237        0.501068
BFGS:  200 14:23:51    -2125.300858        0.482581
