      Step     Time          Energy          fmax
BFGS:    0 14:10:58    -1100.344684     6675.961648
BFGS:    1 14:11:01    -2742.134064      988.557255
BFGS:    2 14:11:03    -3042.299191     2674.381451
BFGS:    3 14:11:06    -3051.104662     2114.505643
BFGS:    4 14:11:09    -3345.571365      821.932981
BFGS:    5 14:11:11    -3500.351048      300.373682
BFGS:    6 14:11:14    -3537.348071      168.223056
BFGS:    7 14:11:16    -3572.403209      109.579250
BFGS:    8 14:11:18    -3585.024796       72.954726
BFGS:    9 14:11:21    -3601.662515       43.507661
BFGS:   10 14:11:23    -3612.327638       24.434348
BFGS:   11 14:11:25    -3619.331820       11.479661
BFGS:   12 14:11:27    -3623.503695        6.686229
BFGS:   13 14:11:29    -3625.155954        5.274963
BFGS:   14 14:11:30    -3626.244367        4.513695
BFGS:   15 14:11:32    -3626.998435        4.277592
BFGS:   16 14:11:34    -3627.692559        4.348957
BFGS:   17 14:11:36    -3628.432061        4.315443
BFGS:   18 14:11:37    -3628.896326        4.301273
BFGS:   19 14:11:39    -3629.392617        4.066589
BFGS:   20 14:11:41    -3629.797785        3.817572
BFGS:   21 14:11:43    -3630.146131        3.639646
BFGS:   22 14:11:45    -3630.503109        3.581734
BFGS:   23 14:11:46    -3630.831894        3.416413
BFGS:   24 14:11:48    -3631.054174        3.156273
BFGS:   25 14:11:50    -3631.276920        2.975989
BFGS:   26 14:11:51    -3631.485214        2.783612
BFGS:   27 14:11:53    -3631.633477        2.674491
BFGS:   28 14:11:55    -3631.803769        2.542896
BFGS:   29 14:11:56    -3631.957060        2.387324
BFGS:   30 14:11:58    -3632.107703        2.222765
BFGS:   31 14:12:00    -3632.259185        2.166697
BFGS:   32 14:12:01    -3632.405213        2.136832
BFGS:   33 14:12:03    -3632.547347        2.127996
BFGS:   34 14:12:04    -3632.663812        2.081486
BFGS:   35 14:12:05    -3632.769356        1.998302
BFGS:   36 14:12:07    -3632.865466        1.938184
BFGS:   37 14:12:09    -3632.940763        1.901957
BFGS:   38 14:12:10    -3633.008224        1.856307
BFGS:   39 14:12:11    -3633.064504        1.879109
BFGS:   40 14:12:13    -3633.118698        1.934948
BFGS:   41 14:12:14    -3633.175294        1.964646
BFGS:   42 14:12:16    -3633.241214        2.041852
BFGS:   43 14:12:17    -3633.302835        2.108159
BFGS:   44 14:12:18    -3633.353420        2.223494
BFGS:   45 14:12:20    -3633.399943        2.269750
BFGS:   46 14:12:21    -3633.439259        2.305561
BFGS:   47 14:12:23    -3633.478104        2.276730
BFGS:   48 14:12:24    -3633.520967        2.238221
BFGS:   49 14:12:26    -3633.569753        2.184182
BFGS:   50 14:12:27    -3633.627792        2.173471
BFGS:   51 14:12:29    -3633.691061        2.132349
BFGS:   52 14:12:30    -3633.751065        2.057520
BFGS:   53 14:12:32    -3633.813977        1.962635
BFGS:   54 14:12:33    -3633.881281        1.942400
BFGS:   55 14:12:35    -3633.947872        1.892031
BFGS:   56 14:12:37    -3634.023287        1.857011
BFGS:   57 14:12:38    -3634.104459        1.613455
BFGS:   58 14:12:40    -3634.183660        1.647015
BFGS:   59 14:12:41    -3634.251522        1.263680
BFGS:   60 14:12:43    -3634.314686        1.420171
BFGS:   61 14:12:44    -3634.367463        1.509963
BFGS:   62 14:12:46    -3634.442087        1.466572
BFGS:   63 14:12:47    -3634.494654        1.383014
BFGS:   64 14:12:49    -3634.535821        1.239427
BFGS:   65 14:12:50    -3634.561239        1.261970
BFGS:   66 14:12:52    -3634.582684        1.278215
BFGS:   67 14:12:53    -3634.605054        1.310567
BFGS:   68 14:12:55    -3634.624506        1.305338
BFGS:   69 14:12:56    -3634.638641        1.257023
BFGS:   70 14:12:57    -3634.649511        1.208156
BFGS:   71 14:12:59    -3634.659189        1.142266
BFGS:   72 14:13:00    -3634.668213        1.112447
BFGS:   73 14:13:01    -3634.676947        1.103173
BFGS:   74 14:13:02    -3634.685314        1.109540
BFGS:   75 14:13:03    -3634.695483        1.118459
BFGS:   76 14:13:05    -3634.706307        1.121384
BFGS:   77 14:13:06    -3634.718491        1.113423
BFGS:   78 14:13:07    -3634.732835        1.096014
BFGS:   79 14:13:09    -3634.750590        1.112472
BFGS:   80 14:13:10    -3634.771684        1.114658
BFGS:   81 14:13:11    -3634.794976        1.114047
BFGS:   82 14:13:12    -3634.817924        1.110317
BFGS:   83 14:13:14    -3634.838776        1.095473
BFGS:   84 14:13:15    -3634.856465        1.061210
BFGS:   85 14:13:16    -3634.870916        1.008023
BFGS:   86 14:13:18    -3634.883132        0.941330
BFGS:   87 14:13:19    -3634.893693        0.862413
BFGS:   88 14:13:20    -3634.902172        0.779534
BFGS:   89 14:13:21    -3634.908673        0.701807
BFGS:   90 14:13:22    -3634.914068        0.641198
BFGS:   91 14:13:24    -3634.919035        0.664372
BFGS:   92 14:13:25    -3634.923793        0.631535
BFGS:   93 14:13:26    -3634.928215        0.636751
BFGS:   94 14:13:27    -3634.932338        0.608891
BFGS:   95 14:13:28    -3634.936455        0.540571
BFGS:   96 14:13:29    -3634.940590        0.540220
BFGS:   97 14:13:30    -3634.944519        0.547564
BFGS:   98 14:13:31    -3634.948220        0.545631
BFGS:   99 14:13:32    -3634.951859        0.536824
BFGS:  100 14:13:33    -3634.955706        0.519328
BFGS:  101 14:13:35    -3634.959777        0.545960
BFGS:  102 14:13:36    -3634.963998        0.550721
BFGS:  103 14:13:37    -3634.968550        0.531426
BFGS:  104 14:13:38    -3634.973805        0.490502
BFGS:  105 14:13:39    -3634.979772        0.440421
BFGS:  106 14:13:40    -3634.986016        0.429483
BFGS:  107 14:13:42    -3634.991764        0.406167
BFGS:  108 14:13:43    -3634.996897        0.371153
BFGS:  109 14:13:44    -3635.001660        0.333750
BFGS:  110 14:13:45    -3635.006246        0.336459
BFGS:  111 14:13:47    -3635.010754        0.384981
BFGS:  112 14:13:48    -3635.015522        0.452677
BFGS:  113 14:13:49    -3635.020768        0.482873
BFGS:  114 14:13:50    -3635.026230        0.449264
BFGS:  115 14:13:51    -3635.031358        0.367050
BFGS:  116 14:13:52    -3635.035881        0.352316
BFGS:  117 14:13:53    -3635.040208        0.358069
BFGS:  118 14:13:55    -3635.044722        0.349923
BFGS:  119 14:13:56    -3635.049391        0.333649
BFGS:  120 14:13:57    -3635.053586        0.327271
BFGS:  121 14:13:58    -3635.057010        0.307255
BFGS:  122 14:13:59    -3635.060050        0.329557
BFGS:  123 14:14:00    -3635.063276        0.332380
BFGS:  124 14:14:01    -3635.066669        0.344767
BFGS:  125 14:14:02    -3635.069720        0.364959
BFGS:  126 14:14:03    -3635.072128        0.369792
BFGS:  127 14:14:04    -3635.074319        0.366907
BFGS:  128 14:14:05    -3635.076710        0.360565
BFGS:  129 14:14:06    -3635.079458        0.354128
BFGS:  130 14:14:07    -3635.082472        0.358383
BFGS:  131 14:14:08    -3635.085821        0.347917
BFGS:  132 14:14:09    -3635.089371        0.359610
BFGS:  133 14:14:10    -3635.093200        0.344492
BFGS:  134 14:14:12    -3635.097097        0.342108
BFGS:  135 14:14:13    -3635.101260        0.301218
BFGS:  136 14:14:14    -3635.105572        0.270714
BFGS:  137 14:14:15    -3635.110374        0.255157
BFGS:  138 14:14:16    -3635.114301        0.271172
BFGS:  139 14:14:17    -3635.117364        0.290070
BFGS:  140 14:14:19    -3635.119594        0.293533
BFGS:  141 14:14:20    -3635.122226        0.317450
BFGS:  142 14:14:21    -3635.124984        0.332263
BFGS:  143 14:14:22    -3635.127852        0.328204
BFGS:  144 14:14:23    -3635.130216        0.306853
BFGS:  145 14:14:24    -3635.132302        0.278011
BFGS:  146 14:14:24    -3635.134325        0.249042
BFGS:  147 14:14:25    -3635.136608        0.223807
BFGS:  148 14:14:26    -3635.138932        0.217980
BFGS:  149 14:14:27    -3635.141292        0.215913
BFGS:  150 14:14:28    -3635.143639        0.208447
BFGS:  151 14:14:29    -3635.146034        0.199055
BFGS:  152 14:14:30    -3635.148276        0.224096
BFGS:  153 14:14:32    -3635.150229        0.241195
BFGS:  154 14:14:32    -3635.151894        0.268441
BFGS:  155 14:14:33    -3635.153451        0.293450
BFGS:  156 14:14:34    -3635.154854        0.311662
BFGS:  157 14:14:36    -3635.156021        0.325760
BFGS:  158 14:14:36    -3635.156952        0.336209
BFGS:  159 14:14:37    -3635.157854        0.348566
BFGS:  160 14:14:38    -3635.158853        0.363799
BFGS:  161 14:14:39    -3635.160110        0.383619
BFGS:  162 14:14:40    -3635.161614        0.401482
BFGS:  163 14:14:41    -3635.163401        0.414785
BFGS:  164 14:14:42    -3635.165554        0.416298
BFGS:  165 14:14:43    -3635.168378        0.402958
BFGS:  166 14:14:44    -3635.172031        0.375811
BFGS:  167 14:14:45    -3635.176028        0.350121
BFGS:  168 14:14:46    -3635.179926        0.356672
BFGS:  169 14:14:47    -3635.183414        0.321918
BFGS:  170 14:14:48    -3635.186053        0.303511
BFGS:  171 14:14:49    -3635.188091        0.298369
BFGS:  172 14:14:50    -3635.189959        0.285885
BFGS:  173 14:14:51    -3635.192111        0.258031
BFGS:  174 14:14:52    -3635.194469        0.218630
BFGS:  175 14:14:53    -3635.196380        0.176973
BFGS:  176 14:14:54    -3635.197779        0.155229
BFGS:  177 14:14:55    -3635.198965        0.175208
BFGS:  178 14:14:56    -3635.200019        0.165923
BFGS:  179 14:14:57    -3635.200937        0.158570
BFGS:  180 14:14:58    -3635.201738        0.130897
BFGS:  181 14:14:59    -3635.202674        0.101409
BFGS:  182 14:15:00    -3635.203895        0.070614
BFGS:  183 14:15:01    -3635.205285        0.065844
BFGS:  184 14:15:02    -3635.206411        0.059192
BFGS:  185 14:15:03    -3635.207194        0.060918
BFGS:  186 14:15:04    -3635.207877        0.064011
BFGS:  187 14:15:05    -3635.208687        0.071005
BFGS:  188 14:15:06    -3635.209601        0.085143
BFGS:  189 14:15:07    -3635.210536        0.102865
BFGS:  190 14:15:08    -3635.211456        0.116735
BFGS:  191 14:15:09    -3635.212478        0.123038
BFGS:  192 14:15:10    -3635.213702        0.114610
BFGS:  193 14:15:11    -3635.215011        0.090913
BFGS:  194 14:15:12    -3635.216112        0.074779
BFGS:  195 14:15:13    -3635.217068        0.062382
BFGS:  196 14:15:13    -3635.217813        0.060290
BFGS:  197 14:15:14    -3635.218380        0.048460
BFGS:  198 14:15:15    -3635.218805        0.040153
BFGS:  199 14:15:16    -3635.219148        0.040403
BFGS:  200 14:15:17    -3635.219425        0.038692
