      Step     Time          Energy          fmax
BFGS:    0 21:13:49    -2509.831041        7.924781
BFGS:    1 21:13:51    -2515.007655        5.089600
BFGS:    2 21:13:53    -2516.546276        5.281712
BFGS:    3 21:13:54    -2518.521282        4.049865
BFGS:    4 21:13:55    -2520.262424        2.457085
BFGS:    5 21:13:57    -2520.871645       15.124447
BFGS:    6 21:13:58    -2523.752900        5.735462
BFGS:    7 21:13:59    -2527.910910        6.408556
BFGS:    8 21:14:01    -2530.959724        8.235320
BFGS:    9 21:14:02    -2537.910804        7.848304
BFGS:   10 21:14:03    -2541.894141        7.428242
BFGS:   11 21:14:03    -2544.692078        3.892680
BFGS:   12 21:14:05    -2545.822211        6.657219
BFGS:   13 21:14:06    -2546.965445        1.878935
BFGS:   14 21:14:07    -2547.426630        1.189575
BFGS:   15 21:14:08    -2547.781452        0.861246
BFGS:   16 21:14:09    -2547.963985        1.095911
BFGS:   17 21:14:10    -2548.278579        1.360444
BFGS:   18 21:14:11    -2548.491353        1.131279
BFGS:   19 21:14:12    -2548.685952        0.959501
BFGS:   20 21:14:13    -2548.791893        0.681312
BFGS:   21 21:14:14    -2548.882608        0.910396
BFGS:   22 21:14:15    -2548.961913        0.975269
BFGS:   23 21:14:16    -2549.065152        0.823593
BFGS:   24 21:14:16    -2549.181567        0.930712
BFGS:   25 21:14:17    -2549.257718        1.034072
BFGS:   26 21:14:18    -2549.420585        1.143054
BFGS:   27 21:14:19    -2549.608148        1.156622
BFGS:   28 21:14:20    -2549.840097        1.032734
BFGS:   29 21:14:20    -2550.106240        1.074400
BFGS:   30 21:14:21    -2550.160386        1.119375
BFGS:   31 21:14:22    -2550.353782        0.530543
BFGS:   32 21:14:23    -2550.417127        0.486472
BFGS:   33 21:14:24    -2550.467661        0.411106
BFGS:   34 21:14:24    -2550.505240        0.452627
BFGS:   35 21:14:25    -2550.544596        0.335879
BFGS:   36 21:14:26    -2550.574607        0.310115
BFGS:   37 21:14:26    -2550.586515        0.175365
BFGS:   38 21:14:27    -2550.592082        0.107408
BFGS:   39 21:14:27    -2550.596340        0.086908
BFGS:   40 21:14:28    -2550.599744        0.095997
BFGS:   41 21:14:28    -2550.602695        0.129182
BFGS:   42 21:14:29    -2550.605549        0.109606
BFGS:   43 21:14:29    -2550.608771        0.108268
BFGS:   44 21:14:30    -2550.612665        0.151664
BFGS:   45 21:14:30    -2550.617425        0.172576
BFGS:   46 21:14:31    -2550.623112        0.142281
BFGS:   47 21:14:31    -2550.630145        0.133519
BFGS:   48 21:14:32    -2550.638372        0.135919
BFGS:   49 21:14:33    -2550.646598        0.181887
BFGS:   50 21:14:33    -2550.654153        0.223503
BFGS:   51 21:14:34    -2550.661786        0.193271
BFGS:   52 21:14:35    -2550.670147        0.149065
BFGS:   53 21:14:35    -2550.678091        0.123384
BFGS:   54 21:14:36    -2550.684082        0.140471
BFGS:   55 21:14:36    -2550.688337        0.122356
BFGS:   56 21:14:37    -2550.691989        0.100326
BFGS:   57 21:14:38    -2550.695708        0.105764
BFGS:   58 21:14:38    -2550.698904        0.112511
BFGS:   59 21:14:39    -2550.701259        0.085168
BFGS:   60 21:14:40    -2550.703063        0.099463
BFGS:   61 21:14:40    -2550.704794        0.091228
BFGS:   62 21:14:41    -2550.706336        0.076311
BFGS:   63 21:14:41    -2550.707546        0.075420
BFGS:   64 21:14:42    -2550.708568        0.090975
BFGS:   65 21:14:42    -2550.709804        0.112770
BFGS:   66 21:14:43    -2550.711838        0.148023
BFGS:   67 21:14:44    -2550.715889        0.212261
BFGS:   68 21:14:44    -2550.726129        0.383058
BFGS:   69 21:14:45    -2550.730663        0.493433
BFGS:   70 21:14:46    -2550.749159        0.475526
BFGS:   71 21:14:47    -2550.773839        0.449982
BFGS:   72 21:14:47    -2550.823708        0.717925
BFGS:   73 21:14:48    -2550.852151        0.390057
BFGS:   74 21:14:49    -2550.868391        0.343444
BFGS:   75 21:14:50    -2550.895115        0.456985
BFGS:   76 21:14:50    -2550.912137        0.258699
BFGS:   77 21:14:51    -2550.934799        0.243575
BFGS:   78 21:14:52    -2550.947800        0.285324
BFGS:   79 21:14:52    -2550.962696        0.300788
BFGS:   80 21:14:53    -2550.973715        0.175591
BFGS:   81 21:14:54    -2550.983694        0.165701
BFGS:   82 21:14:54    -2550.990970        0.136481
BFGS:   83 21:14:55    -2550.996003        0.161148
BFGS:   84 21:14:56    -2550.999230        0.106783
BFGS:   85 21:14:56    -2551.001285        0.077220
BFGS:   86 21:14:57    -2551.002661        0.049457
BFGS:   87 21:14:57    -2551.003693        0.065976
BFGS:   88 21:14:58    -2551.004465        0.051951
BFGS:   89 21:14:58    -2551.004963        0.035696
BFGS:   90 21:14:59    -2551.005236        0.028541
BFGS:   91 21:14:59    -2551.005412        0.023162
BFGS:   92 21:15:00    -2551.005600        0.031104
BFGS:   93 21:15:00    -2551.005870        0.040058
BFGS:   94 21:15:01    -2551.006235        0.042309
BFGS:   95 21:15:01    -2551.006631        0.037099
BFGS:   96 21:15:02    -2551.007000        0.033988
BFGS:   97 21:15:02    -2551.007363        0.040424
BFGS:   98 21:15:03    -2551.007844        0.050018
BFGS:   99 21:15:03    -2551.008538        0.053680
BFGS:  100 21:15:04    -2551.009403        0.056055
BFGS:  101 21:15:04    -2551.010254        0.066072
BFGS:  102 21:15:05    -2551.011041        0.076437
BFGS:  103 21:15:05    -2551.012006        0.085688
BFGS:  104 21:15:06    -2551.013430        0.093373
BFGS:  105 21:15:06    -2551.015369        0.106243
BFGS:  106 21:15:07    -2551.017363        0.091647
BFGS:  107 21:15:07    -2551.018913        0.084853
BFGS:  108 21:15:08    -2551.020169        0.079329
BFGS:  109 21:15:09    -2551.021653        0.073179
BFGS:  110 21:15:09    -2551.023489        0.087332
BFGS:  111 21:15:10    -2551.025155        0.064933
BFGS:  112 21:15:10    -2551.026143        0.048202
BFGS:  113 21:15:11    -2551.026645        0.039579
BFGS:  114 21:15:11    -2551.027010        0.034721
BFGS:  115 21:15:12    -2551.027325        0.029162
BFGS:  116 21:15:12    -2551.027540        0.021567
BFGS:  117 21:15:13    -2551.027655        0.013795
BFGS:  118 21:15:13    -2551.027725        0.016087
BFGS:  119 21:15:14    -2551.027789        0.013736
BFGS:  120 21:15:14    -2551.027857        0.014772
BFGS:  121 21:15:14    -2551.027930        0.015258
BFGS:  122 21:15:15    -2551.028009        0.016241
BFGS:  123 21:15:15    -2551.028093        0.017078
BFGS:  124 21:15:16    -2551.028191        0.015500
BFGS:  125 21:15:16    -2551.028289        0.016234
BFGS:  126 21:15:17    -2551.028408        0.020231
BFGS:  127 21:15:17    -2551.028538        0.022400
BFGS:  128 21:15:18    -2551.028707        0.018670
BFGS:  129 21:15:18    -2551.028879        0.020947
BFGS:  130 21:15:19    -2551.029078        0.021208
BFGS:  131 21:15:19    -2551.029266        0.024992
BFGS:  132 21:15:20    -2551.029525        0.031628
BFGS:  133 21:15:20    -2551.029880        0.036459
BFGS:  134 21:15:21    -2551.030375        0.037500
BFGS:  135 21:15:21    -2551.030928        0.041694
BFGS:  136 21:15:22    -2551.031397        0.035915
BFGS:  137 21:15:22    -2551.031790        0.035035
BFGS:  138 21:15:23    -2551.032186        0.028608
BFGS:  139 21:15:23    -2551.032563        0.029490
BFGS:  140 21:15:24    -2551.032847        0.028345
BFGS:  141 21:15:24    -2551.033006        0.024792
BFGS:  142 21:15:25    -2551.033139        0.023394
BFGS:  143 21:15:25    -2551.033282        0.023419
BFGS:  144 21:15:25    -2551.033442        0.021246
BFGS:  145 21:15:26    -2551.033577        0.018157
BFGS:  146 21:15:26    -2551.033668        0.018535
BFGS:  147 21:15:27    -2551.033750        0.015690
BFGS:  148 21:15:27    -2551.033836        0.019378
BFGS:  149 21:15:28    -2551.033911        0.015341
BFGS:  150 21:15:28    -2551.033959        0.013573
BFGS:  151 21:15:29    -2551.033999        0.014592
BFGS:  152 21:15:29    -2551.034050        0.019122
BFGS:  153 21:15:29    -2551.034174        0.028508
BFGS:  154 21:15:30    -2551.034382        0.034935
BFGS:  155 21:15:30    -2551.034671        0.033224
BFGS:  156 21:15:31    -2551.035045        0.028328
BFGS:  157 21:15:31    -2551.035400        0.031090
BFGS:  158 21:15:32    -2551.035736        0.033483
BFGS:  159 21:15:32    -2551.036054        0.029020
BFGS:  160 21:15:33    -2551.036360        0.025837
BFGS:  161 21:15:33    -2551.036582        0.022630
BFGS:  162 21:15:34    -2551.036713        0.018337
BFGS:  163 21:15:34    -2551.036783        0.014276
BFGS:  164 21:15:35    -2551.036823        0.008581
