      Step     Time          Energy          fmax
BFGS:    0 20:29:08    -3722.994609        4.695724
BFGS:    1 20:29:10    -3725.428696        3.343007
BFGS:    2 20:29:13    -3730.845829        5.565541
BFGS:    3 20:29:16    -3736.883496        9.338300
BFGS:    4 20:29:19    -3730.753725       21.974498
BFGS:    5 20:29:24    -3741.160143        6.179619
BFGS:    6 20:29:27    -3743.551094        4.965087
BFGS:    7 20:29:30    -3745.019687       22.517327
BFGS:    8 20:29:34    -3749.180920        2.999876
BFGS:    9 20:29:36    -3750.022804        2.538142
BFGS:   10 20:29:39    -3750.957407        2.367420
BFGS:   11 20:29:42    -3751.361379        1.118054
BFGS:   12 20:29:44    -3751.735269        0.724016
BFGS:   13 20:29:47    -3751.966336        0.728855
BFGS:   14 20:29:49    -3752.170124        0.590638
BFGS:   15 20:29:52    -3752.300537        0.432231
BFGS:   16 20:29:54    -3752.403609        0.774601
BFGS:   17 20:29:56    -3752.490756        1.006599
BFGS:   18 20:29:58    -3752.560516        0.757486
BFGS:   19 20:30:00    -3752.603726        0.289463
BFGS:   20 20:30:02    -3752.637258        0.245128
BFGS:   21 20:30:04    -3752.667181        0.283915
BFGS:   22 20:30:06    -3752.702140        0.344229
BFGS:   23 20:30:08    -3752.728814        0.249133
BFGS:   24 20:30:10    -3752.743824        0.122034
BFGS:   25 20:30:12    -3752.752355        0.123810
BFGS:   26 20:30:13    -3752.759933        0.144786
BFGS:   27 20:30:15    -3752.768056        0.167763
BFGS:   28 20:30:17    -3752.777015        0.163507
BFGS:   29 20:30:19    -3752.788313        0.163133
BFGS:   30 20:30:20    -3752.802402        0.183701
BFGS:   31 20:30:22    -3752.820662        0.204808
BFGS:   32 20:30:24    -3752.843815        0.268783
BFGS:   33 20:30:26    -3752.873495        0.355720
BFGS:   34 20:30:28    -3752.916356        0.441085
BFGS:   35 20:30:30    -3752.961278        0.445034
BFGS:   36 20:30:32    -3753.030122        0.551408
BFGS:   37 20:30:34    -3753.094121        0.413290
BFGS:   38 20:30:37    -3753.132322        0.530970
BFGS:   39 20:30:38    -3753.165416        0.327262
BFGS:   40 20:30:40    -3753.205795        0.395235
BFGS:   41 20:30:42    -3753.229312        0.420592
BFGS:   42 20:30:43    -3753.253346        0.195923
BFGS:   43 20:30:45    -3753.262560        0.128000
BFGS:   44 20:30:47    -3753.270583        0.111873
BFGS:   45 20:30:48    -3753.276841        0.112254
BFGS:   46 20:30:50    -3753.281404        0.118531
BFGS:   47 20:30:52    -3753.285205        0.154970
BFGS:   48 20:30:54    -3753.292281        0.249021
BFGS:   49 20:30:56    -3753.342713        0.975840
BFGS:   50 20:30:59    -3754.171129        2.345413
BFGS:   51 20:31:01    -3752.441377       16.394414
BFGS:   52 20:31:04    -3754.235895        2.463055
BFGS:   53 20:31:07    -3754.473316        1.756076
BFGS:   54 20:31:09    -3754.823890        0.546447
BFGS:   55 20:31:10    -3754.870705        0.458067
BFGS:   56 20:31:13    -3754.927122        0.811143
BFGS:   57 20:31:15    -3754.984867        0.745848
BFGS:   58 20:31:17    -3755.020847        0.444339
BFGS:   59 20:31:19    -3755.046390        0.277735
BFGS:   60 20:31:21    -3755.070615        0.460656
BFGS:   61 20:31:22    -3755.095902        0.496709
BFGS:   62 20:31:24    -3755.123655        0.475052
BFGS:   63 20:31:26    -3755.146876        0.322786
BFGS:   64 20:31:27    -3755.160852        0.232846
BFGS:   65 20:31:29    -3755.168301        0.187414
BFGS:   66 20:31:31    -3755.174153        0.250512
BFGS:   67 20:31:32    -3755.181493        0.241214
BFGS:   68 20:31:34    -3755.190533        0.182497
BFGS:   69 20:31:36    -3755.200851        0.206912
BFGS:   70 20:31:37    -3755.211192        0.264501
BFGS:   71 20:31:39    -3755.220683        0.248369
BFGS:   72 20:31:41    -3755.229906        0.223952
BFGS:   73 20:31:42    -3755.240090        0.266241
BFGS:   74 20:31:44    -3755.251008        0.286691
BFGS:   75 20:31:45    -3755.261144        0.313948
BFGS:   76 20:31:47    -3755.268344        0.188668
BFGS:   77 20:31:49    -3755.273214        0.137353
BFGS:   78 20:31:50    -3755.278125        0.174526
BFGS:   79 20:31:52    -3755.284270        0.285765
BFGS:   80 20:31:54    -3755.291358        0.282151
BFGS:   81 20:31:55    -3755.298117        0.184757
BFGS:   82 20:31:57    -3755.303522        0.153449
BFGS:   83 20:31:58    -3755.307800        0.183487
BFGS:   84 20:32:00    -3755.311637        0.209609
BFGS:   85 20:32:01    -3755.314975        0.127802
BFGS:   86 20:32:03    -3755.317673        0.093480
BFGS:   87 20:32:04    -3755.320113        0.126785
BFGS:   88 20:32:06    -3755.322372        0.132437
BFGS:   89 20:32:08    -3755.324330        0.083441
BFGS:   90 20:32:09    -3755.325960        0.071838
BFGS:   91 20:32:11    -3755.327523        0.133682
BFGS:   92 20:32:12    -3755.329309        0.164705
BFGS:   93 20:32:14    -3755.331165        0.117906
BFGS:   94 20:32:15    -3755.332749        0.068206
BFGS:   95 20:32:17    -3755.334111        0.078360
BFGS:   96 20:32:19    -3755.335477        0.136810
BFGS:   97 20:32:20    -3755.336943        0.137835
BFGS:   98 20:32:22    -3755.338390        0.078477
BFGS:   99 20:32:23    -3755.339677        0.054012
BFGS:  100 20:32:25    -3755.340968        0.099555
BFGS:  101 20:32:26    -3755.342698        0.132927
BFGS:  102 20:32:27    -3755.345254        0.134651
BFGS:  103 20:32:29    -3755.348806        0.138847
BFGS:  104 20:32:31    -3755.353182        0.112625
BFGS:  105 20:32:32    -3755.358037        0.132075
BFGS:  106 20:32:34    -3755.363562        0.172239
BFGS:  107 20:32:36    -3755.370517        0.184879
BFGS:  108 20:32:38    -3755.379679        0.157126
BFGS:  109 20:32:39    -3755.391117        0.168155
BFGS:  110 20:32:41    -3755.403805        0.218349
BFGS:  111 20:32:43    -3755.416593        0.195649
BFGS:  112 20:32:45    -3755.427948        0.172029
BFGS:  113 20:32:47    -3755.437221        0.142180
BFGS:  114 20:32:48    -3755.444470        0.153120
BFGS:  115 20:32:50    -3755.449505        0.146814
BFGS:  116 20:32:52    -3755.452845        0.125297
BFGS:  117 20:32:53    -3755.455160        0.072869
BFGS:  118 20:32:54    -3755.457130        0.084932
BFGS:  119 20:32:56    -3755.458775        0.087910
BFGS:  120 20:32:57    -3755.460204        0.094734
BFGS:  121 20:32:59    -3755.461376        0.064933
BFGS:  122 20:33:00    -3755.462436        0.074360
BFGS:  123 20:33:02    -3755.463575        0.098926
BFGS:  124 20:33:03    -3755.464971        0.102334
BFGS:  125 20:33:05    -3755.466611        0.092763
BFGS:  126 20:33:06    -3755.468502        0.097215
BFGS:  127 20:33:08    -3755.470797        0.093276
BFGS:  128 20:33:10    -3755.473626        0.139966
BFGS:  129 20:33:11    -3755.476509        0.165383
BFGS:  130 20:33:13    -3755.479595        0.166173
BFGS:  131 20:33:14    -3755.482747        0.150299
BFGS:  132 20:33:16    -3755.486041        0.122477
BFGS:  133 20:33:17    -3755.489273        0.119153
BFGS:  134 20:33:19    -3755.492333        0.095735
BFGS:  135 20:33:21    -3755.495179        0.117337
BFGS:  136 20:33:22    -3755.497765        0.137864
BFGS:  137 20:33:24    -3755.500629        0.136355
BFGS:  138 20:33:26    -3755.503215        0.098406
BFGS:  139 20:33:27    -3755.504501        0.066328
BFGS:  140 20:33:29    -3755.506093        0.067211
BFGS:  141 20:33:31    -3755.506967        0.044642
BFGS:  142 20:33:32    -3755.507953        0.063137
BFGS:  143 20:33:34    -3755.508756        0.066765
BFGS:  144 20:33:35    -3755.509807        0.066907
BFGS:  145 20:33:37    -3755.510896        0.064885
BFGS:  146 20:33:38    -3755.512155        0.070701
BFGS:  147 20:33:40    -3755.513517        0.084155
BFGS:  148 20:33:41    -3755.514753        0.053601
BFGS:  149 20:33:43    -3755.515814        0.047518
BFGS:  150 20:33:44    -3755.516775        0.058130
BFGS:  151 20:33:46    -3755.517886        0.089974
BFGS:  152 20:33:47    -3755.519137        0.082469
BFGS:  153 20:33:49    -3755.520539        0.066470
BFGS:  154 20:33:51    -3755.521999        0.057626
BFGS:  155 20:33:52    -3755.523408        0.076466
BFGS:  156 20:33:54    -3755.524760        0.081671
BFGS:  157 20:33:55    -3755.526093        0.066654
BFGS:  158 20:33:57    -3755.527486        0.062058
BFGS:  159 20:33:59    -3755.528764        0.070608
BFGS:  160 20:34:00    -3755.529978        0.078826
BFGS:  161 20:34:02    -3755.531072        0.049908
BFGS:  162 20:34:04    -3755.532113        0.052755
BFGS:  163 20:34:05    -3755.533050        0.069396
BFGS:  164 20:34:07    -3755.533919        0.082219
BFGS:  165 20:34:08    -3755.534648        0.056087
BFGS:  166 20:34:10    -3755.535325        0.044391
BFGS:  167 20:34:11    -3755.535977        0.052157
BFGS:  168 20:34:13    -3755.536700        0.072636
BFGS:  169 20:34:14    -3755.537391        0.047087
BFGS:  170 20:34:15    -3755.537961        0.037638
BFGS:  171 20:34:17    -3755.538595        0.063236
BFGS:  172 20:34:18    -3755.539499        0.112654
BFGS:  173 20:34:20    -3755.540835        0.131284
BFGS:  174 20:34:21    -3755.542517        0.096443
BFGS:  175 20:34:23    -3755.544413        0.066979
BFGS:  176 20:34:25    -3755.546606        0.082186
BFGS:  177 20:34:26    -3755.549587        0.161937
BFGS:  178 20:34:28    -3755.554300        0.208653
BFGS:  179 20:34:30    -3755.560169        0.194781
BFGS:  180 20:34:32    -3755.566828        0.150206
BFGS:  181 20:34:33    -3755.574004        0.155658
BFGS:  182 20:34:35    -3755.581563        0.170807
BFGS:  183 20:34:37    -3755.589333        0.179922
BFGS:  184 20:34:38    -3755.597100        0.193501
BFGS:  185 20:34:40    -3755.605058        0.205742
BFGS:  186 20:34:42    -3755.613139        0.216696
BFGS:  187 20:34:43    -3755.621314        0.225932
BFGS:  188 20:34:45    -3755.629649        0.233201
BFGS:  189 20:34:46    -3755.638034        0.239888
BFGS:  190 20:34:48    -3755.646468        0.243092
BFGS:  191 20:34:49    -3755.654916        0.246089
BFGS:  192 20:34:51    -3755.663359        0.247102
BFGS:  193 20:34:53    -3755.671733        0.248484
BFGS:  194 20:34:54    -3755.679981        0.247580
BFGS:  195 20:34:56    -3755.688205        0.246506
BFGS:  196 20:34:58    -3755.696314        0.244146
BFGS:  197 20:34:59    -3755.704289        0.241950
BFGS:  198 20:35:00    -3755.712150        0.238537
BFGS:  199 20:35:01    -3755.719921        0.234794
BFGS:  200 20:35:02    -3755.727544        0.230427
