      Step     Time          Energy          fmax
BFGS:    0 21:00:06    -2819.146581        6.973504
BFGS:    1 21:00:08    -2823.337728        3.812839
BFGS:    2 21:00:09    -2823.872458        3.302538
BFGS:    3 21:00:11    -2824.405934        3.313828
BFGS:    4 21:00:12    -2825.293532        3.413451
BFGS:    5 21:00:13    -2825.692370        1.595965
BFGS:    6 21:00:15    -2825.929704        1.417652
BFGS:    7 21:00:16    -2826.237680        0.864600
BFGS:    8 21:00:18    -2826.446565        0.739994
BFGS:    9 21:00:19    -2826.546842        0.953828
BFGS:   10 21:00:20    -2826.774173        1.605866
BFGS:   11 21:00:21    -2827.006437        1.773384
BFGS:   12 21:00:23    -2827.611806        1.731782
BFGS:   13 21:00:24    -2828.303407        2.554805
BFGS:   14 21:00:25    -2828.810143        3.157900
BFGS:   15 21:00:26    -2829.266333        3.622344
BFGS:   16 21:00:27    -2829.984379        3.086300
BFGS:   17 21:00:28    -2830.449806        2.989579
BFGS:   18 21:00:30    -2831.364718        4.125311
BFGS:   19 21:00:31    -2831.892344        4.119017
BFGS:   20 21:00:32    -2833.382696        4.721219
BFGS:   21 21:00:33    -2834.553141        5.380018
BFGS:   22 21:00:34    -2835.287578        5.052729
BFGS:   23 21:00:35    -2836.159276        5.443061
BFGS:   24 21:00:36    -2837.339110        4.220711
BFGS:   25 21:00:37    -2838.701343        5.656940
BFGS:   26 21:00:38    -2839.335584        4.864556
BFGS:   27 21:00:40    -2840.071587        3.493948
BFGS:   28 21:00:41    -2841.047908        3.779076
BFGS:   29 21:00:42    -2841.478912        3.636919
BFGS:   30 21:00:43    -2841.998155        3.351587
BFGS:   31 21:00:44    -2842.426665        2.675148
BFGS:   32 21:00:45    -2842.780106        3.077929
BFGS:   33 21:00:46    -2843.118002        2.288978
BFGS:   34 21:00:48    -2843.556963        2.619591
BFGS:   35 21:00:49    -2843.974453        2.951636
BFGS:   36 21:00:50    -2844.433550        2.396149
BFGS:   37 21:00:51    -2844.888766        1.919414
BFGS:   38 21:00:52    -2845.391460        1.709650
BFGS:   39 21:00:53    -2845.955889        1.613349
BFGS:   40 21:00:54    -2846.493376        1.553830
BFGS:   41 21:00:55    -2846.853518        1.505867
BFGS:   42 21:00:56    -2847.106331        1.606768
BFGS:   43 21:00:57    -2847.276746        0.847694
BFGS:   44 21:00:58    -2847.411864        0.676421
BFGS:   45 21:00:59    -2847.485370        0.385952
BFGS:   46 21:00:59    -2847.526721        0.340528
BFGS:   47 21:01:00    -2847.567593        0.333784
BFGS:   48 21:01:01    -2847.593822        0.344505
BFGS:   49 21:01:02    -2847.616828        0.326230
BFGS:   50 21:01:03    -2847.635434        0.298912
BFGS:   51 21:01:03    -2847.653118        0.271732
BFGS:   52 21:01:04    -2847.669875        0.275709
BFGS:   53 21:01:05    -2847.689354        0.330906
BFGS:   54 21:01:06    -2847.714872        0.447015
BFGS:   55 21:01:07    -2847.748725        0.644681
BFGS:   56 21:01:08    -2847.779778        0.747111
BFGS:   57 21:01:08    -2847.814594        0.482095
BFGS:   58 21:01:09    -2847.843463        0.395765
BFGS:   59 21:01:10    -2847.862758        0.426503
BFGS:   60 21:01:11    -2847.873023        0.510363
BFGS:   61 21:01:11    -2847.882271        0.388891
BFGS:   62 21:01:12    -2847.890972        0.400393
BFGS:   63 21:01:13    -2847.902866        0.413622
BFGS:   64 21:01:13    -2847.914392        0.393612
BFGS:   65 21:01:14    -2847.925302        0.318189
BFGS:   66 21:01:14    -2847.933598        0.339825
BFGS:   67 21:01:15    -2847.940867        0.414027
BFGS:   68 21:01:16    -2847.947933        0.497730
BFGS:   69 21:01:16    -2847.955211        0.482493
BFGS:   70 21:01:17    -2847.961924        0.431050
BFGS:   71 21:01:18    -2847.967490        0.366757
BFGS:   72 21:01:18    -2847.972217        0.338766
BFGS:   73 21:01:19    -2847.976506        0.293538
BFGS:   74 21:01:19    -2847.980581        0.289462
BFGS:   75 21:01:20    -2847.984259        0.287672
BFGS:   76 21:01:20    -2847.987326        0.321515
BFGS:   77 21:01:21    -2847.989936        0.322614
BFGS:   78 21:01:21    -2847.992618        0.298130
BFGS:   79 21:01:22    -2847.995702        0.248809
BFGS:   80 21:01:23    -2847.999288        0.233310
BFGS:   81 21:01:23    -2848.003193        0.214867
BFGS:   82 21:01:24    -2848.006939        0.218628
BFGS:   83 21:01:24    -2848.009972        0.215066
BFGS:   84 21:01:25    -2848.012124        0.203933
BFGS:   85 21:01:25    -2848.013758        0.203432
BFGS:   86 21:01:26    -2848.015348        0.205357
BFGS:   87 21:01:26    -2848.017057        0.187703
BFGS:   88 21:01:27    -2848.018626        0.171211
BFGS:   89 21:01:27    -2848.019747        0.153345
BFGS:   90 21:01:28    -2848.020522        0.155727
BFGS:   91 21:01:28    -2848.021235        0.160062
BFGS:   92 21:01:28    -2848.022012        0.157697
BFGS:   93 21:01:29    -2848.022744        0.153049
BFGS:   94 21:01:29    -2848.023318        0.140606
BFGS:   95 21:01:30    -2848.023757        0.129635
BFGS:   96 21:01:30    -2848.024159        0.123718
BFGS:   97 21:01:31    -2848.024573        0.124457
BFGS:   98 21:01:31    -2848.025004        0.125608
BFGS:   99 21:01:31    -2848.025476        0.134225
BFGS:  100 21:01:32    -2848.025998        0.132642
BFGS:  101 21:01:32    -2848.026574        0.128392
BFGS:  102 21:01:33    -2848.027128        0.109707
BFGS:  103 21:01:33    -2848.027626        0.093190
BFGS:  104 21:01:34    -2848.028071        0.088529
BFGS:  105 21:01:34    -2848.028496        0.093788
BFGS:  106 21:01:35    -2848.028890        0.094433
BFGS:  107 21:01:35    -2848.029221        0.081983
BFGS:  108 21:01:35    -2848.029466        0.074327
BFGS:  109 21:01:36    -2848.029645        0.079735
BFGS:  110 21:01:36    -2848.029788        0.078025
BFGS:  111 21:01:36    -2848.029921        0.075384
BFGS:  112 21:01:37    -2848.030067        0.071215
BFGS:  113 21:01:37    -2848.030235        0.066840
BFGS:  114 21:01:37    -2848.030418        0.071200
BFGS:  115 21:01:38    -2848.030591        0.073703
BFGS:  116 21:01:38    -2848.030748        0.077577
BFGS:  117 21:01:39    -2848.030893        0.077193
BFGS:  118 21:01:39    -2848.031041        0.076216
BFGS:  119 21:01:39    -2848.031176        0.071676
BFGS:  120 21:01:40    -2848.031281        0.065339
BFGS:  121 21:01:40    -2848.031358        0.063144
BFGS:  122 21:01:40    -2848.031423        0.061430
BFGS:  123 21:01:41    -2848.031482        0.066218
BFGS:  124 21:01:41    -2848.031534        0.068561
BFGS:  125 21:01:41    -2848.031584        0.069724
BFGS:  126 21:01:42    -2848.031631        0.067034
BFGS:  127 21:01:42    -2848.031680        0.065623
BFGS:  128 21:01:42    -2848.031727        0.058553
BFGS:  129 21:01:43    -2848.031773        0.057865
BFGS:  130 21:01:43    -2848.031820        0.054442
BFGS:  131 21:01:43    -2848.031870        0.056516
BFGS:  132 21:01:44    -2848.031919        0.057598
BFGS:  133 21:01:44    -2848.031950        0.060238
BFGS:  134 21:01:44    -2848.031971        0.059537
BFGS:  135 21:01:45    -2848.031986        0.057791
BFGS:  136 21:01:45    -2848.032005        0.055973
BFGS:  137 21:01:45    -2848.032022        0.052967
BFGS:  138 21:01:46    -2848.032037        0.051628
BFGS:  139 21:01:46    -2848.032050        0.052935
BFGS:  140 21:01:46    -2848.032064        0.054778
BFGS:  141 21:01:47    -2848.032080        0.055841
BFGS:  142 21:01:47    -2848.032096        0.055617
BFGS:  143 21:01:47    -2848.032113        0.053291
BFGS:  144 21:01:48    -2848.032131        0.052040
BFGS:  145 21:01:48    -2848.032155        0.050031
BFGS:  146 21:01:48    -2848.032189        0.049650
BFGS:  147 21:01:48    -2848.032227        0.047306
BFGS:  148 21:01:49    -2848.032265        0.049335
BFGS:  149 21:01:49    -2848.032299        0.049390
BFGS:  150 21:01:49    -2848.032336        0.051214
BFGS:  151 21:01:50    -2848.032380        0.049043
BFGS:  152 21:01:50    -2848.032426        0.044953
BFGS:  153 21:01:50    -2848.032480        0.041927
BFGS:  154 21:01:51    -2848.032536        0.039711
BFGS:  155 21:01:51    -2848.032595        0.035191
BFGS:  156 21:01:51    -2848.032655        0.031844
BFGS:  157 21:01:52    -2848.032727        0.030219
BFGS:  158 21:01:52    -2848.032810        0.030722
BFGS:  159 21:01:53    -2848.032917        0.030099
BFGS:  160 21:01:53    -2848.033015        0.024980
BFGS:  161 21:01:53    -2848.033097        0.016567
BFGS:  162 21:01:54    -2848.033153        0.013382
BFGS:  163 21:01:54    -2848.033201        0.011405
BFGS:  164 21:01:55    -2848.033242        0.012239
BFGS:  165 21:01:55    -2848.033273        0.009511
