      Step     Time          Energy          fmax
BFGS:    0 14:25:17    -2612.832223       19.056374
BFGS:    1 14:25:18    -2621.000264        6.074056
BFGS:    2 14:25:19    -2625.504022        4.060299
BFGS:    3 14:25:19    -2628.866690        8.074221
BFGS:    4 14:25:20    -2631.987545        7.119134
BFGS:    5 14:25:21    -2633.449931        4.211203
BFGS:    6 14:25:22    -2634.735125        3.694337
BFGS:    7 14:25:22    -2635.531735        3.487087
BFGS:    8 14:25:23    -2636.732072        2.169488
BFGS:    9 14:25:24    -2638.437798        2.478745
BFGS:   10 14:25:24    -2639.610541        3.878421
BFGS:   11 14:25:25    -2640.650332        2.762971
BFGS:   12 14:25:25    -2641.947234        2.305766
BFGS:   13 14:25:26    -2642.627094        1.812334
BFGS:   14 14:25:26    -2643.969856        2.188594
BFGS:   15 14:25:27    -2644.501845        1.215297
BFGS:   16 14:25:27    -2644.936267        1.303341
BFGS:   17 14:25:28    -2645.100504        0.814730
BFGS:   18 14:25:28    -2645.196475        0.373954
BFGS:   19 14:25:29    -2645.219026        0.329090
BFGS:   20 14:25:29    -2645.238527        0.279286
BFGS:   21 14:25:30    -2645.248843        0.220479
BFGS:   22 14:25:30    -2645.258161        0.194171
BFGS:   23 14:25:30    -2645.264688        0.149781
BFGS:   24 14:25:31    -2645.269667        0.117039
BFGS:   25 14:25:31    -2645.273155        0.090138
BFGS:   26 14:25:31    -2645.275923        0.092586
BFGS:   27 14:25:32    -2645.278167        0.106620
BFGS:   28 14:25:32    -2645.280060        0.087605
BFGS:   29 14:25:32    -2645.281608        0.065126
BFGS:   30 14:25:33    -2645.282906        0.069545
BFGS:   31 14:25:33    -2645.284218        0.090888
BFGS:   32 14:25:33    -2645.285821        0.129017
BFGS:   33 14:25:34    -2645.287810        0.138432
BFGS:   34 14:25:34    -2645.289907        0.120920
BFGS:   35 14:25:34    -2645.291682        0.123630
BFGS:   36 14:25:35    -2645.293170        0.163252
BFGS:   37 14:25:35    -2645.294992        0.221967
BFGS:   38 14:25:35    -2645.298953        0.335797
BFGS:   39 14:25:36    -2645.314539        0.740732
BFGS:   40 14:25:36    -2645.326658        1.113194
BFGS:   41 14:25:36    -2645.357892        1.156348
BFGS:   42 14:25:37    -2645.544681        1.388744
BFGS:   43 14:25:37    -2645.722872        1.250513
BFGS:   44 14:25:38    -2645.989805        1.259845
BFGS:   45 14:25:39    -2646.152008        1.366657
BFGS:   46 14:25:39    -2646.296179        1.173588
BFGS:   47 14:25:40    -2646.498958        0.683440
BFGS:   48 14:25:40    -2646.653753        0.993586
BFGS:   49 14:25:41    -2646.833096        1.409194
BFGS:   50 14:25:42    -2647.092630        0.907273
BFGS:   51 14:25:42    -2647.246585        0.708959
BFGS:   52 14:25:43    -2647.331216        0.580312
BFGS:   53 14:25:43    -2647.445718        0.380594
BFGS:   54 14:25:44    -2647.545614        0.562143
BFGS:   55 14:25:44    -2647.706474        0.705990
BFGS:   56 14:25:45    -2647.891409        0.784526
BFGS:   57 14:25:45    -2647.976807        0.822794
BFGS:   58 14:25:46    -2648.083153        0.656575
BFGS:   59 14:25:46    -2648.160286        0.624880
BFGS:   60 14:25:47    -2648.305167        0.546704
BFGS:   61 14:25:47    -2648.353549        0.555045
BFGS:   62 14:25:48    -2648.426443        0.354803
BFGS:   63 14:25:49    -2648.462074        0.339951
BFGS:   64 14:25:49    -2648.531611        0.845993
BFGS:   65 14:25:50    -2648.364067        1.039781
BFGS:   66 14:25:50    -2648.570275        0.345527
BFGS:   67 14:25:51    -2648.584968        0.638473
BFGS:   68 14:25:51    -2648.603323        0.470305
BFGS:   69 14:25:52    -2648.659127        0.547115
BFGS:   70 14:25:52    -2648.686770        0.656599
BFGS:   71 14:25:53    -2648.770998        1.003661
BFGS:   72 14:25:54    -2648.866623        1.341579
BFGS:   73 14:25:54    -2648.963788        1.471323
BFGS:   74 14:25:55    -2649.107670        1.770330
BFGS:   75 14:25:55    -2649.216532        1.611001
BFGS:   76 14:25:56    -2649.429968        1.349157
BFGS:   77 14:25:56    -2649.695181        1.361765
BFGS:   78 14:25:57    -2649.892640        1.289152
BFGS:   79 14:25:57    -2650.087376        0.950161
BFGS:   80 14:25:57    -2650.274177        0.705586
BFGS:   81 14:25:58    -2650.413108        0.525071
BFGS:   82 14:25:58    -2650.506899        0.533427
BFGS:   83 14:25:59    -2650.561211        0.520763
BFGS:   84 14:25:59    -2650.596233        0.424284
BFGS:   85 14:26:00    -2650.627783        0.331217
BFGS:   86 14:26:00    -2650.653306        0.314544
BFGS:   87 14:26:00    -2650.672107        0.324857
BFGS:   88 14:26:01    -2650.689458        0.319345
BFGS:   89 14:26:01    -2650.708697        0.303065
BFGS:   90 14:26:01    -2650.727227        0.272651
BFGS:   91 14:26:02    -2650.741616        0.236954
BFGS:   92 14:26:02    -2650.752190        0.209177
BFGS:   93 14:26:03    -2650.761321        0.244766
BFGS:   94 14:26:03    -2650.769723        0.252079
BFGS:   95 14:26:03    -2650.777000        0.237309
BFGS:   96 14:26:04    -2650.783964        0.207227
BFGS:   97 14:26:04    -2650.791802        0.162671
BFGS:   98 14:26:04    -2650.800228        0.164174
BFGS:   99 14:26:05    -2650.808066        0.166929
BFGS:  100 14:26:05    -2650.815407        0.168684
BFGS:  101 14:26:06    -2650.823567        0.153248
BFGS:  102 14:26:06    -2650.833649        0.173071
BFGS:  103 14:26:06    -2650.844645        0.198457
BFGS:  104 14:26:07    -2650.853696        0.161316
BFGS:  105 14:26:07    -2650.859980        0.118552
BFGS:  106 14:26:08    -2650.864865        0.113554
BFGS:  107 14:26:08    -2650.869720        0.122923
BFGS:  108 14:26:08    -2650.874848        0.125783
BFGS:  109 14:26:09    -2650.880552        0.124386
BFGS:  110 14:26:09    -2650.887415        0.136420
BFGS:  111 14:26:09    -2650.896092        0.176389
BFGS:  112 14:26:10    -2650.906464        0.164563
BFGS:  113 14:26:10    -2650.917398        0.162693
BFGS:  114 14:26:11    -2650.927536        0.161454
BFGS:  115 14:26:11    -2650.936606        0.168404
BFGS:  116 14:26:12    -2650.945257        0.144947
BFGS:  117 14:26:12    -2650.954369        0.162156
BFGS:  118 14:26:13    -2650.964368        0.184924
BFGS:  119 14:26:13    -2650.979715        0.294539
BFGS:  120 14:26:14    -2651.053885        1.630878
BFGS:  121 14:26:14    -2651.163955        1.484021
BFGS:  122 14:26:15    -2651.376286        1.865415
BFGS:  123 14:26:15    -2651.459243        1.523612
BFGS:  124 14:26:16    -2651.464032        1.583583
BFGS:  125 14:26:16    -2651.582116        0.950730
BFGS:  126 14:26:17    -2651.629606        0.813818
BFGS:  127 14:26:17    -2651.697080        0.490188
BFGS:  128 14:26:18    -2651.762352        0.389749
BFGS:  129 14:26:18    -2651.816968        0.320227
BFGS:  130 14:26:18    -2651.857086        0.355682
BFGS:  131 14:26:19    -2651.877038        0.270544
BFGS:  132 14:26:19    -2651.892379        0.263160
BFGS:  133 14:26:20    -2651.905170        0.240690
BFGS:  134 14:26:20    -2651.917449        0.221353
BFGS:  135 14:26:20    -2651.928978        0.199526
BFGS:  136 14:26:21    -2651.940917        0.183426
BFGS:  137 14:26:21    -2651.952495        0.165705
BFGS:  138 14:26:22    -2651.961586        0.157324
BFGS:  139 14:26:22    -2651.968282        0.143176
BFGS:  140 14:26:22    -2651.974184        0.157756
BFGS:  141 14:26:23    -2651.980486        0.137708
BFGS:  142 14:26:23    -2651.987159        0.137764
BFGS:  143 14:26:24    -2651.993443        0.125197
BFGS:  144 14:26:24    -2651.998968        0.129023
BFGS:  145 14:26:25    -2652.003924        0.127602
BFGS:  146 14:26:25    -2652.008429        0.124547
BFGS:  147 14:26:25    -2652.012388        0.118425
BFGS:  148 14:26:26    -2652.016046        0.114523
BFGS:  149 14:26:26    -2652.019969        0.117310
BFGS:  150 14:26:26    -2652.024459        0.103487
BFGS:  151 14:26:27    -2652.029338        0.100943
BFGS:  152 14:26:27    -2652.033990        0.093228
BFGS:  153 14:26:27    -2652.038003        0.098761
BFGS:  154 14:26:28    -2652.041407        0.096151
BFGS:  155 14:26:28    -2652.044410        0.094033
BFGS:  156 14:26:28    -2652.046901        0.101024
BFGS:  157 14:26:29    -2652.048827        0.081302
BFGS:  158 14:26:29    -2652.050256        0.091972
BFGS:  159 14:26:29    -2652.051227        0.070260
BFGS:  160 14:26:29    -2652.051891        0.060406
BFGS:  161 14:26:30    -2652.052368        0.061077
BFGS:  162 14:26:30    -2652.052767        0.061257
BFGS:  163 14:26:30    -2652.053082        0.060638
BFGS:  164 14:26:31    -2652.053318        0.059919
BFGS:  165 14:26:31    -2652.053536        0.058688
BFGS:  166 14:26:31    -2652.053824        0.056926
BFGS:  167 14:26:32    -2652.054226        0.053455
BFGS:  168 14:26:32    -2652.054682        0.048477
BFGS:  169 14:26:32    -2652.055066        0.043277
BFGS:  170 14:26:32    -2652.055383        0.039922
BFGS:  171 14:26:33    -2652.055721        0.037130
BFGS:  172 14:26:33    -2652.056148        0.037564
BFGS:  173 14:26:33    -2652.056594        0.038273
BFGS:  174 14:26:34    -2652.056943        0.034069
BFGS:  175 14:26:34    -2652.057174        0.023229
BFGS:  176 14:26:34    -2652.057347        0.021268
BFGS:  177 14:26:34    -2652.057495        0.020099
BFGS:  178 14:26:35    -2652.057602        0.021002
BFGS:  179 14:26:35    -2652.057671        0.017683
BFGS:  180 14:26:35    -2652.057720        0.017686
BFGS:  181 14:26:36    -2652.057762        0.017700
BFGS:  182 14:26:36    -2652.057804        0.018120
BFGS:  183 14:26:36    -2652.057841        0.018000
BFGS:  184 14:26:36    -2652.057874        0.018126
BFGS:  185 14:26:36    -2652.057902        0.017406
BFGS:  186 14:26:37    -2652.057929        0.017033
BFGS:  187 14:26:37    -2652.057956        0.016177
BFGS:  188 14:26:37    -2652.057986        0.015653
BFGS:  189 14:26:37    -2652.058012        0.015187
BFGS:  190 14:26:38    -2652.058033        0.015152
BFGS:  191 14:26:38    -2652.058051        0.015067
BFGS:  192 14:26:38    -2652.058072        0.015059
BFGS:  193 14:26:38    -2652.058094        0.014671
BFGS:  194 14:26:39    -2652.058112        0.014263
BFGS:  195 14:26:39    -2652.058125        0.013818
BFGS:  196 14:26:39    -2652.058135        0.013582
BFGS:  197 14:26:39    -2652.058144        0.013352
BFGS:  198 14:26:39    -2652.058153        0.013269
BFGS:  199 14:26:40    -2652.058159        0.013295
BFGS:  200 14:26:40    -2652.058163        0.013289
