      Step     Time          Energy          fmax
BFGS:    0 14:23:52    -2139.947420       12.501325
BFGS:    1 14:23:52    -2146.792924        5.378164
BFGS:    2 14:23:53    -2149.963689        4.521068
BFGS:    3 14:23:54    -2154.008516        5.119543
BFGS:    4 14:23:54    -2157.538831        6.108812
BFGS:    5 14:23:55    -2159.927161       13.783800
BFGS:    6 14:23:56    -2163.477205       19.989614
BFGS:    7 14:23:56    -2165.061960       17.351950
BFGS:    8 14:23:57    -2171.479042        7.959303
BFGS:    9 14:23:57    -2176.398680        6.615999
BFGS:   10 14:23:58    -2174.957963       21.369059
BFGS:   11 14:23:58    -2177.958427        4.211367
BFGS:   12 14:23:59    -2178.491913        2.936417
BFGS:   13 14:23:59    -2179.318994        3.845825
BFGS:   14 14:23:59    -2179.592466        2.431945
BFGS:   15 14:24:00    -2180.181618        1.816437
BFGS:   16 14:24:00    -2180.542357        2.552183
BFGS:   17 14:24:01    -2180.446579        4.461963
BFGS:   18 14:24:02    -2181.020583        2.318290
BFGS:   19 14:24:02    -2181.246927        1.472843
BFGS:   20 14:24:03    -2181.505426        1.223662
BFGS:   21 14:24:03    -2181.602707        0.546546
BFGS:   22 14:24:03    -2181.661265        0.598692
BFGS:   23 14:24:04    -2181.811421        0.754825
BFGS:   24 14:24:04    -2181.888317        0.438011
BFGS:   25 14:24:04    -2181.954505        0.437045
BFGS:   26 14:24:05    -2182.014841        0.594846
BFGS:   27 14:24:05    -2182.092320        0.822733
BFGS:   28 14:24:05    -2182.186346        0.829705
BFGS:   29 14:24:06    -2182.289588        0.575700
BFGS:   30 14:24:06    -2182.401183        0.707886
BFGS:   31 14:24:06    -2182.531821        1.073377
BFGS:   32 14:24:07    -2182.686012        1.095919
BFGS:   33 14:24:07    -2182.872922        1.147248
BFGS:   34 14:24:08    -2183.056251        0.923507
BFGS:   35 14:24:08    -2183.222341        1.074405
BFGS:   36 14:24:09    -2183.389204        1.441371
BFGS:   37 14:24:09    -2183.549228        1.190534
BFGS:   38 14:24:09    -2183.669016        1.288822
BFGS:   39 14:24:10    -2183.774739        1.197287
BFGS:   40 14:24:10    -2183.865873        0.776149
BFGS:   41 14:24:11    -2183.942629        0.523935
BFGS:   42 14:24:11    -2183.981950        0.625010
BFGS:   43 14:24:11    -2184.030077        0.559024
BFGS:   44 14:24:12    -2184.065891        0.394034
BFGS:   45 14:24:12    -2184.094974        0.297885
BFGS:   46 14:24:12    -2184.109158        0.232679
BFGS:   47 14:24:13    -2184.116041        0.191517
BFGS:   48 14:24:13    -2184.121602        0.182747
BFGS:   49 14:24:13    -2184.128364        0.173894
BFGS:   50 14:24:14    -2184.136256        0.180314
BFGS:   51 14:24:14    -2184.144175        0.177935
BFGS:   52 14:24:14    -2184.152187        0.207579
BFGS:   53 14:24:15    -2184.165308        0.251303
BFGS:   54 14:24:15    -2184.242742        0.969853
BFGS:   55 14:24:16    -2184.500280        1.522609
BFGS:   56 14:24:16    -2184.699240        1.610953
BFGS:   57 14:24:17    -2184.989016        0.985399
BFGS:   58 14:24:17    -2185.115022        0.734609
BFGS:   59 14:24:17    -2185.179205        0.946521
BFGS:   60 14:24:18    -2185.235088        0.547416
BFGS:   61 14:24:18    -2185.318171        0.483536
BFGS:   62 14:24:18    -2185.391287        0.719087
BFGS:   63 14:24:19    -2185.490330        0.775869
BFGS:   64 14:24:19    -2185.549520        0.563133
BFGS:   65 14:24:19    -2185.600682        0.384125
BFGS:   66 14:24:20    -2185.632589        0.311607
BFGS:   67 14:24:20    -2185.657844        0.410530
BFGS:   68 14:24:20    -2185.675628        0.319533
BFGS:   69 14:24:21    -2185.688757        0.257156
BFGS:   70 14:24:21    -2185.699448        0.215095
BFGS:   71 14:24:21    -2185.710092        0.216123
BFGS:   72 14:24:21    -2185.722667        0.351073
BFGS:   73 14:24:22    -2185.739521        0.491015
BFGS:   74 14:24:22    -2185.758959        0.446890
BFGS:   75 14:24:22    -2185.777447        0.225020
BFGS:   76 14:24:23    -2185.795053        0.269115
BFGS:   77 14:24:23    -2185.812654        0.344053
BFGS:   78 14:24:23    -2185.833207        0.349150
BFGS:   79 14:24:24    -2185.852727        0.272431
BFGS:   80 14:24:24    -2185.866895        0.187954
BFGS:   81 14:24:24    -2185.875130        0.192239
BFGS:   82 14:24:24    -2185.881407        0.204987
BFGS:   83 14:24:25    -2185.887818        0.190752
BFGS:   84 14:24:25    -2185.894336        0.173700
BFGS:   85 14:24:25    -2185.901325        0.182682
BFGS:   86 14:24:26    -2185.908266        0.145026
BFGS:   87 14:24:26    -2185.914462        0.150147
BFGS:   88 14:24:26    -2185.920107        0.145896
BFGS:   89 14:24:26    -2185.925278        0.122259
BFGS:   90 14:24:26    -2185.930886        0.182900
BFGS:   91 14:24:27    -2185.937208        0.258669
BFGS:   92 14:24:27    -2185.944046        0.246539
BFGS:   93 14:24:27    -2185.951049        0.195891
BFGS:   94 14:24:27    -2185.957953        0.148097
BFGS:   95 14:24:28    -2185.963590        0.123874
BFGS:   96 14:24:28    -2185.967103        0.084723
BFGS:   97 14:24:28    -2185.969227        0.099274
BFGS:   98 14:24:28    -2185.970999        0.084470
BFGS:   99 14:24:29    -2185.972756        0.064284
BFGS:  100 14:24:29    -2185.974385        0.073845
BFGS:  101 14:24:29    -2185.975832        0.105308
BFGS:  102 14:24:29    -2185.977199        0.085298
BFGS:  103 14:24:29    -2185.978549        0.059323
BFGS:  104 14:24:30    -2185.979814        0.076808
BFGS:  105 14:24:30    -2185.981192        0.153078
BFGS:  106 14:24:30    -2185.983041        0.207769
BFGS:  107 14:24:30    -2185.985873        0.214058
BFGS:  108 14:24:31    -2185.989013        0.139002
BFGS:  109 14:24:31    -2185.991173        0.057622
BFGS:  110 14:24:31    -2185.992015        0.051998
BFGS:  111 14:24:31    -2185.992386        0.064296
BFGS:  112 14:24:31    -2185.992724        0.047534
BFGS:  113 14:24:32    -2185.992991        0.024517
BFGS:  114 14:24:32    -2185.993136        0.022951
BFGS:  115 14:24:32    -2185.993230        0.023535
BFGS:  116 14:24:32    -2185.993335        0.026092
BFGS:  117 14:24:32    -2185.993445        0.022669
BFGS:  118 14:24:32    -2185.993511        0.012558
BFGS:  119 14:24:33    -2185.993535        0.007024
