      Step     Time          Energy          fmax
BFGS:    0 10:18:45    -2710.417315        2.405729
BFGS:    1 10:18:45    -2710.481776        0.333872
BFGS:    2 10:18:46    -2710.483014        0.023040
BFGS:    3 10:18:46    -2710.483019        0.009817
      Step     Time          Energy          fmax
BFGS:    0 12:53:46    -2696.478304       14.334770
BFGS:    1 12:53:47    -2704.621221        4.173400
BFGS:    2 12:53:48    -2707.226048        3.164000
BFGS:    3 12:53:48    -2709.519149        7.038009
BFGS:    4 12:53:49    -2712.484362        6.478482
BFGS:    5 12:53:50    -2714.581810        3.619471
BFGS:    6 12:53:50    -2716.116455        2.612465
BFGS:    7 12:53:51    -2717.707434        2.761393
BFGS:    8 12:53:52    -2718.785553        2.164873
BFGS:    9 12:53:52    -2719.802253        2.471136
BFGS:   10 12:53:52    -2721.567167        1.959319
BFGS:   11 12:53:53    -2722.261466        3.443895
BFGS:   12 12:53:54    -2723.058166        2.724643
BFGS:   13 12:53:54    -2723.832056        1.120378
BFGS:   14 12:53:54    -2724.343280        1.125450
BFGS:   15 12:53:55    -2725.104067        1.988554
BFGS:   16 12:53:56    -2725.495134        1.325390
BFGS:   17 12:53:56    -2725.734916        0.500063
BFGS:   18 12:53:57    -2725.795432        0.330878
BFGS:   19 12:53:57    -2725.836425        0.262736
BFGS:   20 12:53:58    -2725.857092        0.216881
BFGS:   21 12:53:58    -2725.874859        0.197476
BFGS:   22 12:53:58    -2725.886627        0.174567
BFGS:   23 12:53:59    -2725.894859        0.178559
BFGS:   24 12:53:59    -2725.898684        0.116995
BFGS:   25 12:54:00    -2725.900879        0.107746
BFGS:   26 12:54:00    -2725.903470        0.169611
BFGS:   27 12:54:01    -2725.908087        0.284253
BFGS:   28 12:54:01    -2725.919724        0.519476
BFGS:   29 12:54:02    -2725.926282        0.944517
BFGS:   30 12:54:02    -2725.959634        0.802324
BFGS:   31 12:54:03    -2726.011892        0.812181
BFGS:   32 12:54:03    -2726.259297        0.983294
BFGS:   33 12:54:04    -2726.452780        1.213161
BFGS:   34 12:54:04    -2726.672375        1.366925
BFGS:   35 12:54:05    -2726.889644        1.369687
BFGS:   36 12:54:06    -2727.065020        1.205664
BFGS:   37 12:54:06    -2727.212684        1.095514
BFGS:   38 12:54:07    -2727.395428        0.934989
BFGS:   39 12:54:07    -2727.779947        0.880699
BFGS:   40 12:54:08    -2728.044071        0.716724
BFGS:   41 12:54:09    -2728.242108        0.503884
BFGS:   42 12:54:09    -2728.321707        0.314096
BFGS:   43 12:54:10    -2728.364392        0.276721
BFGS:   44 12:54:10    -2728.412839        0.279903
BFGS:   45 12:54:11    -2728.483703        0.359555
BFGS:   46 12:54:11    -2728.594152        0.604245
BFGS:   47 12:54:12    -2728.722593        0.608651
BFGS:   48 12:54:12    -2728.845170        0.423013
BFGS:   49 12:54:13    -2728.943153        0.432341
BFGS:   50 12:54:13    -2729.029227        0.412084
BFGS:   51 12:54:14    -2729.113533        0.541559
BFGS:   52 12:54:15    -2729.173554        0.417197
BFGS:   53 12:54:15    -2729.210265        0.287174
BFGS:   54 12:54:16    -2729.240204        0.346229
BFGS:   55 12:54:16    -2729.287131        0.384238
BFGS:   56 12:54:17    -2730.144563        1.947795
BFGS:   57 12:54:18    -2729.804988        2.140073
BFGS:   58 12:54:19    -2729.104147        2.928926
BFGS:   59 12:54:20    -2730.031322        2.312665
BFGS:   60 12:54:21    -2730.174720        2.080263
BFGS:   61 12:54:22    -2730.214355        2.120075
BFGS:   62 12:54:22    -2730.242679        2.166757
BFGS:   63 12:54:23    -2730.259753        2.235785
BFGS:   64 12:54:24    -2730.354682        2.445454
BFGS:   65 12:54:25    -2730.468293        2.484437
BFGS:   66 12:54:26    -2730.659465        2.403997
BFGS:   67 12:54:26    -2730.745673        2.298324
BFGS:   68 12:54:27    -2731.028489        2.542001
BFGS:   69 12:54:28    -2731.192515        2.264930
BFGS:   70 12:54:29    -2731.565639        1.846850
BFGS:   71 12:54:30    -2732.106652        1.266450
BFGS:   72 12:54:30    -2732.217142        0.970828
BFGS:   73 12:54:31    -2732.343655        0.685245
BFGS:   74 12:54:32    -2732.470052        0.757470
BFGS:   75 12:54:32    -2732.582585        0.904363
BFGS:   76 12:54:33    -2732.682498        0.846060
BFGS:   77 12:54:34    -2732.793923        0.880096
BFGS:   78 12:54:34    -2732.862154        0.870986
BFGS:   79 12:54:35    -2732.914660        0.682920
BFGS:   80 12:54:35    -2732.950888        0.397661
BFGS:   81 12:54:36    -2732.976506        0.247776
BFGS:   82 12:54:36    -2732.989719        0.275599
BFGS:   83 12:54:37    -2733.001170        0.315024
BFGS:   84 12:54:37    -2733.009433        0.312321
BFGS:   85 12:54:38    -2733.027752        0.356153
BFGS:   86 12:54:38    -2733.039526        0.374282
BFGS:   87 12:54:39    -2733.062381        0.372638
BFGS:   88 12:54:39    -2733.077990        0.317587
BFGS:   89 12:54:40    -2733.091640        0.228832
BFGS:   90 12:54:40    -2733.100367        0.264423
BFGS:   91 12:54:41    -2733.109512        0.328220
BFGS:   92 12:54:41    -2733.117924        0.306005
BFGS:   93 12:54:42    -2733.123852        0.181609
BFGS:   94 12:54:42    -2733.127016        0.146340
BFGS:   95 12:54:43    -2733.129128        0.141158
BFGS:   96 12:54:43    -2733.131080        0.121371
BFGS:   97 12:54:44    -2733.132769        0.095961
BFGS:   98 12:54:44    -2733.134276        0.086166
BFGS:   99 12:54:44    -2733.135863        0.115525
BFGS:  100 12:54:45    -2733.138164        0.140893
BFGS:  101 12:54:45    -2733.140768        0.134239
BFGS:  102 12:54:46    -2733.142861        0.100429
BFGS:  103 12:54:46    -2733.144046        0.093636
BFGS:  104 12:54:47    -2733.144964        0.098412
BFGS:  105 12:54:47    -2733.145906        0.100553
BFGS:  106 12:54:47    -2733.146876        0.102724
BFGS:  107 12:54:48    -2733.147601        0.103020
BFGS:  108 12:54:48    -2733.148091        0.103558
BFGS:  109 12:54:49    -2733.148426        0.100448
BFGS:  110 12:54:49    -2733.148660        0.095650
BFGS:  111 12:54:49    -2733.148814        0.091265
BFGS:  112 12:54:50    -2733.148950        0.091801
BFGS:  113 12:54:50    -2733.149106        0.095801
BFGS:  114 12:54:51    -2733.149307        0.098694
BFGS:  115 12:54:51    -2733.149489        0.098005
BFGS:  116 12:54:51    -2733.149614        0.094997
BFGS:  117 12:54:52    -2733.149710        0.092883
BFGS:  118 12:54:52    -2733.149820        0.091105
BFGS:  119 12:54:52    -2733.149944        0.091710
BFGS:  120 12:54:53    -2733.150046        0.093727
BFGS:  121 12:54:53    -2733.150107        0.097340
BFGS:  122 12:54:54    -2733.150151        0.099786
BFGS:  123 12:54:54    -2733.150204        0.101773
BFGS:  124 12:54:54    -2733.150274        0.104038
BFGS:  125 12:54:55    -2733.150350        0.105416
BFGS:  126 12:54:55    -2733.150416        0.106234
BFGS:  127 12:54:55    -2733.150462        0.106953
BFGS:  128 12:54:56    -2733.150503        0.108256
BFGS:  129 12:54:56    -2733.150545        0.109881
BFGS:  130 12:54:56    -2733.150599        0.112012
BFGS:  131 12:54:57    -2733.150675        0.115430
BFGS:  132 12:54:57    -2733.150777        0.118309
BFGS:  133 12:54:57    -2733.150898        0.119932
BFGS:  134 12:54:58    -2733.151015        0.119252
BFGS:  135 12:54:58    -2733.151133        0.117069
BFGS:  136 12:54:59    -2733.151278        0.114123
BFGS:  137 12:54:59    -2733.151466        0.111228
BFGS:  138 12:54:59    -2733.151666        0.109273
BFGS:  139 12:55:00    -2733.151818        0.108441
BFGS:  140 12:55:00    -2733.151916        0.107616
BFGS:  141 12:55:01    -2733.151992        0.106608
BFGS:  142 12:55:01    -2733.152058        0.103720
BFGS:  143 12:55:01    -2733.152109        0.100838
BFGS:  144 12:55:02    -2733.152150        0.098349
BFGS:  145 12:55:02    -2733.152191        0.096287
BFGS:  146 12:55:02    -2733.152243        0.095133
BFGS:  147 12:55:02    -2733.152303        0.094612
BFGS:  148 12:55:03    -2733.152362        0.094982
BFGS:  149 12:55:03    -2733.152423        0.095918
BFGS:  150 12:55:03    -2733.152495        0.096801
BFGS:  151 12:55:04    -2733.152578        0.097884
BFGS:  152 12:55:04    -2733.152654        0.098175
BFGS:  153 12:55:04    -2733.152706        0.098339
BFGS:  154 12:55:05    -2733.152739        0.098484
BFGS:  155 12:55:05    -2733.152767        0.099405
BFGS:  156 12:55:05    -2733.152789        0.099689
BFGS:  157 12:55:06    -2733.152801        0.099928
BFGS:  158 12:55:06    -2733.152810        0.100354
BFGS:  159 12:55:06    -2733.152818        0.100123
BFGS:  160 12:55:06    -2733.152833        0.099247
BFGS:  161 12:55:06    -2733.152858        0.098171
BFGS:  162 12:55:07    -2733.152892        0.097022
BFGS:  163 12:55:07    -2733.152933        0.096220
BFGS:  164 12:55:07    -2733.152977        0.095477
BFGS:  165 12:55:08    -2733.153041        0.095380
BFGS:  166 12:55:08    -2733.153146        0.095809
BFGS:  167 12:55:08    -2733.153298        0.095903
BFGS:  168 12:55:09    -2733.153470        0.095708
BFGS:  169 12:55:09    -2733.153610        0.094627
BFGS:  170 12:55:10    -2733.153718        0.093032
BFGS:  171 12:55:10    -2733.153829        0.091037
BFGS:  172 12:55:10    -2733.153976        0.088660
BFGS:  173 12:55:11    -2733.154195        0.085422
BFGS:  174 12:55:11    -2733.154526        0.080171
BFGS:  175 12:55:11    -2733.155036        0.072848
BFGS:  176 12:55:12    -2733.155745        0.063437
BFGS:  177 12:55:12    -2733.156509        0.057339
BFGS:  178 12:55:13    -2733.157141        0.054874
BFGS:  179 12:55:13    -2733.157636        0.052527
BFGS:  180 12:55:14    -2733.158137        0.053604
BFGS:  181 12:55:14    -2733.158788        0.049608
BFGS:  182 12:55:15    -2733.159582        0.058130
BFGS:  183 12:55:15    -2733.160400        0.049055
BFGS:  184 12:55:16    -2733.161069        0.038174
BFGS:  185 12:55:16    -2733.161573        0.033577
BFGS:  186 12:55:17    -2733.161926        0.031741
BFGS:  187 12:55:17    -2733.162157        0.023900
BFGS:  188 12:55:17    -2733.162323        0.023769
BFGS:  189 12:55:18    -2733.162479        0.025217
BFGS:  190 12:55:18    -2733.162640        0.023286
BFGS:  191 12:55:19    -2733.162772        0.018709
BFGS:  192 12:55:19    -2733.162851        0.018744
BFGS:  193 12:55:19    -2733.162895        0.015785
BFGS:  194 12:55:20    -2733.162932        0.012561
BFGS:  195 12:55:20    -2733.162975        0.012067
BFGS:  196 12:55:20    -2733.163027        0.012255
BFGS:  197 12:55:21    -2733.163077        0.012766
BFGS:  198 12:55:21    -2733.163118        0.011669
BFGS:  199 12:55:21    -2733.163150        0.012723
BFGS:  200 12:55:22    -2733.163176        0.010817
