      Step     Time          Energy          fmax
BFGS:    0 10:15:33    -3654.264062      280.340380
BFGS:    1 10:15:37    -3693.472775      115.052756
BFGS:    2 10:15:40    -3703.473754       95.891479
BFGS:    3 10:15:43    -3714.841550       49.499021
BFGS:    4 10:15:46    -3719.795870       26.984645
BFGS:    5 10:15:49    -3722.506689       13.851783
BFGS:    6 10:15:52    -3723.992031        6.560876
BFGS:    7 10:15:55    -3724.859935        3.563425
BFGS:    8 10:15:58    -3725.443704        2.682034
BFGS:    9 10:16:01    -3725.870082        2.159350
BFGS:   10 10:16:04    -3726.180656        2.437746
BFGS:   11 10:16:06    -3726.421945        2.857059
BFGS:   12 10:16:09    -3726.664042        3.580787
BFGS:   13 10:16:12    -3726.936017        4.488131
BFGS:   14 10:16:14    -3727.299824        5.491308
BFGS:   15 10:16:16    -3727.768092        6.521522
BFGS:   16 10:16:19    -3728.373942        7.464844
BFGS:   17 10:16:22    -3729.040041        8.191720
BFGS:   18 10:16:25    -3729.609640        8.613826
BFGS:   19 10:16:27    -3730.012973        8.609475
BFGS:   20 10:16:29    -3730.742113        8.293630
BFGS:   21 10:16:32    -3732.366980        6.845392
BFGS:   22 10:16:34    -3733.744514        4.857764
BFGS:   23 10:16:36    -3734.753721        2.760944
BFGS:   24 10:16:38    -3735.333229        1.379991
BFGS:   25 10:16:41    -3735.484789        1.022137
BFGS:   26 10:16:43    -3735.531585        0.975823
BFGS:   27 10:16:46    -3735.560337        0.983966
BFGS:   28 10:16:48    -3735.590059        0.984907
BFGS:   29 10:16:50    -3735.624089        0.932448
BFGS:   30 10:16:53    -3735.659690        0.812630
BFGS:   31 10:16:56    -3735.670596        0.797521
BFGS:   32 10:16:58    -3735.686238        0.785677
BFGS:   33 10:17:00    -3735.753979        0.776701
BFGS:   34 10:17:02    -3735.829461        0.761372
BFGS:   35 10:17:05    -3735.862749        0.734076
BFGS:   36 10:17:07    -3735.923944        0.619807
BFGS:   37 10:17:09    -3735.957015        0.566159
BFGS:   38 10:17:11    -3735.965690        0.548045
BFGS:   39 10:17:13    -3735.968253        0.541225
BFGS:   40 10:17:14    -3735.969864        0.539773
BFGS:   41 10:17:15    -3735.973264        0.539405
BFGS:   42 10:17:17    -3735.980473        0.539376
BFGS:   43 10:17:19    -3735.995485        0.536584
BFGS:   44 10:17:21    -3736.018667        0.552633
BFGS:   45 10:17:23    -3736.047248        0.595644
BFGS:   46 10:17:25    -3736.068947        0.538313
BFGS:   47 10:17:27    -3736.075108        0.540958
BFGS:   48 10:17:28    -3736.084528        0.569566
BFGS:   49 10:17:30    -3736.106297        0.639450
BFGS:   50 10:17:32    -3736.141896        0.692468
BFGS:   51 10:17:34    -3736.185372        0.561378
BFGS:   52 10:17:36    -3736.210525        0.218338
BFGS:   53 10:17:38    -3736.215132        0.166518
BFGS:   54 10:17:40    -3736.216751        0.140722
BFGS:   55 10:17:41    -3736.216924        0.140446
BFGS:   56 10:17:43    -3736.217807        0.139219
BFGS:   57 10:17:44    -3736.219190        0.136327
BFGS:   58 10:17:46    -3736.222658        0.124015
BFGS:   59 10:17:47    -3736.228385        0.089659
BFGS:   60 10:17:49    -3736.233401        0.063741
BFGS:   61 10:17:51    -3736.235781        0.033349
BFGS:   62 10:17:53    -3736.236454        0.003058
