      Step     Time          Energy          fmax
BFGS:    0 13:45:31    -1192.553780     6682.151896
BFGS:    1 13:45:33    -2853.779937      971.486639
BFGS:    2 13:45:46    -3130.488054     2755.516892
BFGS:    3 13:45:48    -3159.157200     1968.399183
BFGS:    4 13:45:50    -3333.512445     1313.100404
BFGS:    5 13:45:52    -3364.453972     1811.155777
BFGS:    6 13:45:54    -3506.487010      883.740775
BFGS:    7 13:45:57    -3566.645156      682.643053
BFGS:    8 13:45:59    -3642.724601      286.949318
BFGS:    9 13:46:01    -3689.747235       66.340617
BFGS:   10 13:46:03    -3703.058819       20.953301
BFGS:   11 13:46:05    -3709.966566       10.442821
BFGS:   12 13:46:07    -3715.479406        9.442293
BFGS:   13 13:46:09    -3718.794774        8.033124
BFGS:   14 13:46:11    -3720.658220        6.429151
BFGS:   15 13:46:13    -3722.003539        5.302911
BFGS:   16 13:46:14    -3722.764358        5.322585
BFGS:   17 13:46:16    -3723.319849        5.391410
BFGS:   18 13:46:18    -3723.775439        5.189491
BFGS:   19 13:46:20    -3724.151922        5.452200
BFGS:   20 13:46:21    -3724.536596        5.607742
BFGS:   21 13:46:23    -3724.877528        5.490559
BFGS:   22 13:46:25    -3725.185502        5.106170
BFGS:   23 13:46:26    -3725.477313        4.575641
BFGS:   24 13:46:28    -3725.732267        4.317643
BFGS:   25 13:46:29    -3725.998526        4.241272
BFGS:   26 13:46:31    -3726.287806        3.939381
BFGS:   27 13:46:33    -3726.575825        3.628625
BFGS:   28 13:46:35    -3726.822522        3.387365
BFGS:   29 13:46:37    -3726.994905        3.387315
BFGS:   30 13:46:38    -3727.129494        3.327780
BFGS:   31 13:46:40    -3727.264319        3.148123
BFGS:   32 13:46:41    -3727.345238        3.105095
BFGS:   33 13:46:43    -3727.425669        3.156209
BFGS:   34 13:46:45    -3727.486232        3.094681
BFGS:   35 13:46:46    -3727.552873        2.929554
BFGS:   36 13:46:48    -3727.626009        2.780425
BFGS:   37 13:46:49    -3727.711463        2.890393
BFGS:   38 13:46:51    -3727.786918        2.927923
BFGS:   39 13:46:52    -3727.850571        2.892135
BFGS:   40 13:46:54    -3727.914270        2.762890
BFGS:   41 13:46:56    -3727.982293        2.572293
BFGS:   42 13:46:57    -3728.057213        2.406214
BFGS:   43 13:46:59    -3728.134206        2.368284
BFGS:   44 13:47:00    -3728.203506        2.262902
BFGS:   45 13:47:02    -3728.271574        2.178338
BFGS:   46 13:47:04    -3728.341389        2.075958
BFGS:   47 13:47:05    -3728.406421        2.005791
BFGS:   48 13:47:07    -3728.462474        1.947769
BFGS:   49 13:47:08    -3728.506129        1.889285
BFGS:   50 13:47:10    -3728.541152        1.816474
BFGS:   51 13:47:11    -3728.572025        1.710659
BFGS:   52 13:47:13    -3728.599488        1.600263
BFGS:   53 13:47:14    -3728.625010        1.593652
BFGS:   54 13:47:15    -3728.650077        1.576523
BFGS:   55 13:47:17    -3728.673218        1.511839
BFGS:   56 13:47:18    -3728.694870        1.412866
BFGS:   57 13:47:20    -3728.714511        1.382726
BFGS:   58 13:47:21    -3728.732586        1.349995
BFGS:   59 13:47:23    -3728.749572        1.324942
BFGS:   60 13:47:24    -3728.765067        1.272020
BFGS:   61 13:47:25    -3728.779655        1.221185
BFGS:   62 13:47:27    -3728.796939        1.166945
BFGS:   63 13:47:28    -3728.817486        1.083803
BFGS:   64 13:47:30    -3728.838507        0.969319
BFGS:   65 13:47:31    -3728.857135        0.934999
BFGS:   66 13:47:33    -3728.873600        0.948652
BFGS:   67 13:47:34    -3728.891430        1.006174
BFGS:   68 13:47:35    -3728.914693        1.086358
BFGS:   69 13:47:37    -3728.941550        1.124039
BFGS:   70 13:47:38    -3728.965592        1.085712
BFGS:   71 13:47:40    -3728.985243        1.151752
BFGS:   72 13:47:41    -3729.001825        1.189259
BFGS:   73 13:47:43    -3729.016525        1.198859
BFGS:   74 13:47:44    -3729.032507        1.193360
BFGS:   75 13:47:46    -3729.050881        1.185656
BFGS:   76 13:47:48    -3729.072445        1.219130
BFGS:   77 13:47:49    -3729.097065        1.389180
BFGS:   78 13:47:51    -3729.122239        1.515245
BFGS:   79 13:47:53    -3729.145932        1.551259
BFGS:   80 13:47:55    -3729.168397        1.521664
BFGS:   81 13:47:57    -3729.190746        1.480410
BFGS:   82 13:47:58    -3729.211767        1.471380
BFGS:   83 13:48:00    -3729.228915        1.498774
BFGS:   84 13:48:02    -3729.241953        1.530994
BFGS:   85 13:48:03    -3729.253377        1.528285
BFGS:   86 13:48:05    -3729.264613        1.508149
BFGS:   87 13:48:07    -3729.274431        1.540215
BFGS:   88 13:48:08    -3729.282117        1.557069
BFGS:   89 13:48:10    -3729.288296        1.519029
BFGS:   90 13:48:11    -3729.294094        1.485016
BFGS:   91 13:48:13    -3729.299683        1.419791
BFGS:   92 13:48:15    -3729.304360        1.424614
BFGS:   93 13:48:16    -3729.308363        1.466340
BFGS:   94 13:48:18    -3729.312873        1.478367
BFGS:   95 13:48:19    -3729.318184        1.458843
BFGS:   96 13:48:20    -3729.324277        1.419356
BFGS:   97 13:48:22    -3729.331393        1.402581
BFGS:   98 13:48:23    -3729.340044        1.442789
BFGS:   99 13:48:24    -3729.350210        1.486588
BFGS:  100 13:48:26    -3729.360480        1.523351
BFGS:  101 13:48:27    -3729.369326        1.549870
BFGS:  102 13:48:29    -3729.377063        1.584184
BFGS:  103 13:48:30    -3729.384573        1.598043
BFGS:  104 13:48:31    -3729.392726        1.613186
BFGS:  105 13:48:33    -3729.400827        1.639518
BFGS:  106 13:48:34    -3729.408368        1.655093
BFGS:  107 13:48:36    -3729.416053        1.663999
BFGS:  108 13:48:37    -3729.424819        1.655200
BFGS:  109 13:48:38    -3729.435095        1.640633
BFGS:  110 13:48:40    -3729.446834        1.694436
BFGS:  111 13:48:41    -3729.459948        1.755908
BFGS:  112 13:48:43    -3729.473843        1.792646
BFGS:  113 13:48:44    -3729.487546        1.791016
BFGS:  114 13:48:46    -3729.500274        1.795515
BFGS:  115 13:48:47    -3729.512008        1.792690
BFGS:  116 13:48:49    -3729.523872        1.858042
BFGS:  117 13:48:50    -3729.536508        1.933988
BFGS:  118 13:48:52    -3729.550303        2.034557
BFGS:  119 13:48:54    -3729.562736        2.099969
BFGS:  120 13:48:55    -3729.573814        2.049103
BFGS:  121 13:48:57    -3729.585020        2.019367
BFGS:  122 13:48:58    -3729.598083        1.981698
BFGS:  123 13:49:00    -3729.611773        1.903369
BFGS:  124 13:49:01    -3729.623995        1.820125
BFGS:  125 13:49:03    -3729.634007        1.750594
BFGS:  126 13:49:04    -3729.643129        1.697302
BFGS:  127 13:49:06    -3729.652023        1.684637
BFGS:  128 13:49:08    -3729.662680        1.770774
BFGS:  129 13:49:09    -3729.675979        1.666216
BFGS:  130 13:49:11    -3729.695302        1.588725
BFGS:  131 13:49:12    -3729.709511        1.563000
BFGS:  132 13:49:14    -3729.723354        1.500365
BFGS:  133 13:49:15    -3729.732900        1.477262
BFGS:  134 13:49:17    -3729.741628        1.433329
BFGS:  135 13:49:18    -3729.750189        1.425686
BFGS:  136 13:49:20    -3729.758188        1.412822
BFGS:  137 13:49:21    -3729.764254        1.494100
BFGS:  138 13:49:23    -3729.769166        1.441770
BFGS:  139 13:49:24    -3729.774992        1.509782
BFGS:  140 13:49:26    -3729.786696        1.648062
BFGS:  141 13:49:28    -3729.795147        1.836039
BFGS:  142 13:49:29    -3729.817589        1.854635
BFGS:  143 13:49:31    -3729.836487        1.888699
BFGS:  144 13:49:33    -3729.843012        1.812590
BFGS:  145 13:49:35    -3729.874574        1.811842
BFGS:  146 13:49:36    -3729.883627        1.978853
BFGS:  147 13:49:38    -3729.900888        1.908533
BFGS:  148 13:49:39    -3729.920026        1.969737
BFGS:  149 13:49:41    -3729.932583        2.004454
BFGS:  150 13:49:42    -3729.941074        1.983385
BFGS:  151 13:49:43    -3729.950782        1.970304
BFGS:  152 13:49:45    -3729.962204        2.017105
BFGS:  153 13:49:46    -3729.973498        2.104112
BFGS:  154 13:49:48    -3729.985996        2.000077
BFGS:  155 13:49:49    -3729.999082        2.061234
BFGS:  156 13:49:50    -3730.010943        1.972293
BFGS:  157 13:49:52    -3730.021262        2.041871
BFGS:  158 13:49:53    -3730.031774        2.078652
BFGS:  159 13:49:55    -3730.042868        2.099745
BFGS:  160 13:49:56    -3730.052869        2.099906
BFGS:  161 13:49:57    -3730.062254        2.068516
BFGS:  162 13:49:59    -3730.073031        2.093392
BFGS:  163 13:50:00    -3730.087597        1.992090
BFGS:  164 13:50:02    -3730.107103        1.936638
BFGS:  165 13:50:03    -3730.129927        1.835931
BFGS:  166 13:50:05    -3730.155440        1.775407
BFGS:  167 13:50:06    -3730.182187        1.750834
BFGS:  168 13:50:08    -3730.210504        1.718237
BFGS:  169 13:50:10    -3730.238043        1.661467
BFGS:  170 13:50:11    -3730.264528        1.647500
BFGS:  171 13:50:13    -3730.287936        1.512551
BFGS:  172 13:50:14    -3730.308584        1.494045
BFGS:  173 13:50:16    -3730.325118        1.466081
BFGS:  174 13:50:18    -3730.339032        1.463517
BFGS:  175 13:50:19    -3730.350739        1.377183
BFGS:  176 13:50:21    -3730.360031        1.533284
BFGS:  177 13:50:22    -3730.368761        1.350887
BFGS:  178 13:50:24    -3730.376935        1.306824
BFGS:  179 13:50:25    -3730.383545        1.242620
BFGS:  180 13:50:27    -3730.387429        1.222868
BFGS:  181 13:50:28    -3730.390579        1.205636
BFGS:  182 13:50:30    -3730.393150        1.185287
BFGS:  183 13:50:31    -3730.395787        1.154118
BFGS:  184 13:50:32    -3730.398159        1.120351
BFGS:  185 13:50:33    -3730.400161        1.088438
BFGS:  186 13:50:35    -3730.401931        1.075315
BFGS:  187 13:50:36    -3730.403921        1.071517
BFGS:  188 13:50:37    -3730.406424        1.077089
BFGS:  189 13:50:38    -3730.409167        1.083845
BFGS:  190 13:50:40    -3730.412223        1.092160
BFGS:  191 13:50:41    -3730.415973        1.081935
BFGS:  192 13:50:43    -3730.421319        1.065928
BFGS:  193 13:50:44    -3730.429179        0.987562
BFGS:  194 13:50:46    -3730.440315        0.955335
BFGS:  195 13:50:47    -3730.454813        0.928443
BFGS:  196 13:50:49    -3730.472754        0.907108
BFGS:  197 13:50:50    -3730.494301        0.891732
BFGS:  198 13:50:52    -3730.518859        0.859759
BFGS:  199 13:50:54    -3730.543469        0.807931
BFGS:  200 13:50:56    -3730.565996        0.713207
