      Step     Time          Energy          fmax
BFGS:    0 21:09:49    -2017.390253      434.387049
BFGS:    1 21:09:50    -2166.120645       44.297742
BFGS:    2 21:09:50    -2181.858382       50.409582
BFGS:    3 21:09:51    -2191.886832       34.641691
BFGS:    4 21:09:51    -2195.907832       16.370030
BFGS:    5 21:09:52    -2200.851854       11.385042
BFGS:    6 21:09:52    -2203.186921        7.894165
BFGS:    7 21:09:53    -2205.671034        3.536535
BFGS:    8 21:09:53    -2207.538771        2.916288
BFGS:    9 21:09:54    -2208.353041        2.999005
BFGS:   10 21:09:54    -2208.940465        2.610197
BFGS:   11 21:09:55    -2209.341259        2.671519
BFGS:   12 21:09:55    -2209.490203        4.484800
BFGS:   13 21:09:56    -2209.813931        2.650086
BFGS:   14 21:09:56    -2210.218737        3.431667
BFGS:   15 21:09:56    -2210.497867        5.370196
BFGS:   16 21:09:57    -2210.964150        6.207057
BFGS:   17 21:09:57    -2211.290305        2.276250
BFGS:   18 21:09:58    -2211.628153        1.363434
BFGS:   19 21:09:58    -2211.910853        2.568410
BFGS:   20 21:09:59    -2212.413150        1.824801
BFGS:   21 21:09:59    -2212.632664        2.950331
BFGS:   22 21:10:00    -2212.927478        2.249410
BFGS:   23 21:10:00    -2213.091398        2.139668
BFGS:   24 21:10:00    -2213.339062        2.541274
BFGS:   25 21:10:01    -2213.542837        3.264093
BFGS:   26 21:10:01    -2213.838343        2.191425
BFGS:   27 21:10:07    -2214.078080        2.541677
BFGS:   28 21:10:08    -2214.294363        1.920015
BFGS:   29 21:10:08    -2214.592959        1.262480
BFGS:   30 21:10:09    -2214.797014        1.093195
BFGS:   31 21:10:10    -2215.043717        1.080365
BFGS:   32 21:10:10    -2215.259270        0.950396
BFGS:   33 21:10:11    -2215.372910        1.003971
BFGS:   34 21:10:12    -2215.509511        1.022161
BFGS:   35 21:10:12    -2215.586216        1.086519
BFGS:   36 21:10:13    -2215.630167        1.019298
BFGS:   37 21:10:13    -2215.682441        1.167105
BFGS:   38 21:10:14    -2215.727262        1.222257
BFGS:   39 21:10:14    -2215.769943        1.287545
BFGS:   40 21:10:15    -2215.812114        1.092253
BFGS:   41 21:10:15    -2215.860357        0.898377
BFGS:   42 21:10:16    -2215.913141        0.682657
BFGS:   43 21:10:16    -2215.970198        0.811504
BFGS:   44 21:10:17    -2216.011166        0.751017
BFGS:   45 21:10:17    -2216.053361        0.793028
BFGS:   46 21:10:18    -2216.086247        0.732430
BFGS:   47 21:10:18    -2216.144535        0.801569
BFGS:   48 21:10:19    -2216.179442        0.889837
BFGS:   49 21:10:19    -2216.224039        0.643730
BFGS:   50 21:10:20    -2216.241684        0.299360
BFGS:   51 21:10:20    -2216.250365        0.226318
BFGS:   52 21:10:20    -2216.257383        0.205447
BFGS:   53 21:10:21    -2216.266276        0.258832
BFGS:   54 21:10:21    -2216.273390        0.227612
BFGS:   55 21:10:22    -2216.277089        0.155757
BFGS:   56 21:10:22    -2216.279217        0.149394
BFGS:   57 21:10:23    -2216.281096        0.147070
BFGS:   58 21:10:23    -2216.283258        0.132758
BFGS:   59 21:10:23    -2216.285397        0.115010
BFGS:   60 21:10:24    -2216.287424        0.094052
BFGS:   61 21:10:24    -2216.289323        0.085572
BFGS:   62 21:10:25    -2216.291014        0.081514
BFGS:   63 21:10:25    -2216.292299        0.089176
BFGS:   64 21:10:25    -2216.293213        0.092716
BFGS:   65 21:10:26    -2216.293946        0.077912
BFGS:   66 21:10:26    -2216.294745        0.089156
BFGS:   67 21:10:26    -2216.295693        0.103841
BFGS:   68 21:10:27    -2216.296639        0.099776
BFGS:   69 21:10:27    -2216.297362        0.083818
BFGS:   70 21:10:28    -2216.297835        0.084500
BFGS:   71 21:10:28    -2216.298233        0.076537
BFGS:   72 21:10:28    -2216.298672        0.076180
BFGS:   73 21:10:29    -2216.299243        0.070245
BFGS:   74 21:10:29    -2216.299974        0.063272
BFGS:   75 21:10:29    -2216.300949        0.068838
BFGS:   76 21:10:30    -2216.302220        0.089299
BFGS:   77 21:10:30    -2216.303812        0.092226
BFGS:   78 21:10:31    -2216.305727        0.118290
BFGS:   79 21:10:31    -2216.307938        0.112592
BFGS:   80 21:10:31    -2216.310382        0.132626
BFGS:   81 21:10:32    -2216.313120        0.159299
BFGS:   82 21:10:32    -2216.317273        0.243138
BFGS:   83 21:10:39    -2216.330544        0.342472
BFGS:   84 21:10:40    -2216.363700        0.444917
BFGS:   85 21:10:40    -2216.369986        0.543444
BFGS:   86 21:10:41    -2216.385845        0.501185
BFGS:   87 21:10:41    -2216.405891        0.446299
BFGS:   88 21:10:42    -2216.454709        0.890192
BFGS:   89 21:10:43    -2216.482127        1.004248
BFGS:   90 21:10:43    -2216.525406        0.874557
BFGS:   91 21:10:44    -2216.543183        1.490806
BFGS:   92 21:10:44    -2216.646244        0.489420
BFGS:   93 21:10:45    -2216.676184        0.432896
BFGS:   94 21:10:45    -2216.713915        0.516434
BFGS:   95 21:10:45    -2216.736603        0.381300
BFGS:   96 21:10:46    -2216.760203        0.372752
BFGS:   97 21:10:46    -2216.817100        0.535245
BFGS:   98 21:10:47    -2216.848506        0.514883
BFGS:   99 21:10:47    -2216.897626        0.360099
BFGS:  100 21:10:47    -2216.915640        0.277430
BFGS:  101 21:10:48    -2216.935596        0.290545
BFGS:  102 21:10:48    -2216.944784        0.289910
BFGS:  103 21:10:48    -2216.952339        0.173603
BFGS:  104 21:10:49    -2216.956329        0.163047
BFGS:  105 21:10:49    -2216.959903        0.133830
BFGS:  106 21:10:49    -2216.963800        0.136791
BFGS:  107 21:10:50    -2216.966929        0.096457
BFGS:  108 21:10:50    -2216.968389        0.075804
BFGS:  109 21:10:50    -2216.968937        0.052051
BFGS:  110 21:10:51    -2216.969385        0.059949
BFGS:  111 21:10:51    -2216.970190        0.071518
BFGS:  112 21:10:51    -2216.971639        0.136375
BFGS:  113 21:10:52    -2216.973997        0.184818
BFGS:  114 21:10:52    -2216.977356        0.175089
BFGS:  115 21:10:52    -2216.981658        0.188335
BFGS:  116 21:10:53    -2216.987768        0.217455
BFGS:  117 21:10:53    -2217.000070        0.410242
BFGS:  118 21:10:54    -2217.031996        0.887758
BFGS:  119 21:10:54    -2216.989302        1.408672
BFGS:  120 21:10:54    -2217.067688        1.206041
BFGS:  121 21:10:55    -2217.095625        0.916769
BFGS:  122 21:10:55    -2217.213415        0.563236
BFGS:  123 21:10:56    -2217.283675        1.084690
BFGS:  124 21:10:56    -2217.331384        0.486655
BFGS:  125 21:10:56    -2217.353423        0.318048
BFGS:  126 21:10:57    -2217.375311        0.391567
BFGS:  127 21:10:57    -2217.385841        0.256063
BFGS:  128 21:10:57    -2217.397674        0.200212
BFGS:  129 21:10:58    -2217.405072        0.169902
BFGS:  130 21:10:58    -2217.409495        0.120247
BFGS:  131 21:10:58    -2217.412194        0.082177
BFGS:  132 21:10:59    -2217.413654        0.059999
BFGS:  133 21:10:59    -2217.414544        0.049959
BFGS:  134 21:10:59    -2217.415238        0.041945
BFGS:  135 21:10:59    -2217.415880        0.047235
BFGS:  136 21:11:00    -2217.416521        0.050731
BFGS:  137 21:11:00    -2217.417195        0.057372
BFGS:  138 21:11:00    -2217.418023        0.073142
BFGS:  139 21:11:01    -2217.418767        0.077234
BFGS:  140 21:11:01    -2217.419349        0.047581
BFGS:  141 21:11:01    -2217.419787        0.046953
BFGS:  142 21:11:01    -2217.420142        0.041855
BFGS:  143 21:11:02    -2217.420450        0.039947
BFGS:  144 21:11:02    -2217.420695        0.035534
BFGS:  145 21:11:02    -2217.421050        0.044266
BFGS:  146 21:11:02    -2217.421497        0.069733
BFGS:  147 21:11:03    -2217.422149        0.070448
BFGS:  148 21:11:03    -2217.422870        0.057621
BFGS:  149 21:11:03    -2217.423701        0.048931
BFGS:  150 21:11:03    -2217.424573        0.060855
BFGS:  151 21:11:04    -2217.425748        0.101937
BFGS:  152 21:11:04    -2217.427245        0.107003
BFGS:  153 21:11:04    -2217.428699        0.076072
BFGS:  154 21:11:04    -2217.429927        0.075631
BFGS:  155 21:11:05    -2217.430891        0.061385
BFGS:  156 21:11:05    -2217.431729        0.071102
BFGS:  157 21:11:05    -2217.432515        0.056923
BFGS:  158 21:11:06    -2217.433140        0.047214
BFGS:  159 21:11:06    -2217.433692        0.044814
BFGS:  160 21:11:06    -2217.434237        0.046876
BFGS:  161 21:11:06    -2217.434779        0.041845
BFGS:  162 21:11:07    -2217.435300        0.045359
BFGS:  163 21:11:07    -2217.435849        0.056762
BFGS:  164 21:11:07    -2217.436510        0.055207
BFGS:  165 21:11:07    -2217.437509        0.053892
BFGS:  166 21:11:08    -2217.438632        0.060754
BFGS:  167 21:11:08    -2217.439973        0.063519
BFGS:  168 21:11:08    -2217.441821        0.122855
BFGS:  169 21:11:09    -2217.444080        0.103974
BFGS:  170 21:11:09    -2217.446084        0.201528
BFGS:  171 21:11:09    -2217.446749        0.295835
BFGS:  172 21:11:09    -2217.448342        0.160805
BFGS:  173 21:11:10    -2217.449675        0.094840
BFGS:  174 21:11:10    -2217.451415        0.095205
BFGS:  175 21:11:10    -2217.455335        0.168720
BFGS:  176 21:11:11    -2217.458215        0.111861
BFGS:  177 21:11:11    -2217.460161        0.200323
BFGS:  178 21:11:11    -2217.460635        0.305399
BFGS:  179 21:11:11    -2217.462812        0.084158
BFGS:  180 21:11:12    -2217.464577        0.141254
BFGS:  181 21:11:12    -2217.467803        0.288818
BFGS:  182 21:11:12    -2217.470344        0.264820
BFGS:  183 21:11:13    -2217.472564        0.168193
BFGS:  184 21:11:13    -2217.474273        0.097841
BFGS:  185 21:11:13    -2217.475644        0.091068
BFGS:  186 21:11:13    -2217.476721        0.142427
BFGS:  187 21:11:14    -2217.477760        0.066239
BFGS:  188 21:11:14    -2217.479020        0.089484
BFGS:  189 21:11:14    -2217.479453        0.083448
BFGS:  190 21:11:14    -2217.479831        0.064378
BFGS:  191 21:11:15    -2217.480289        0.079487
BFGS:  192 21:11:15    -2217.480956        0.100517
BFGS:  193 21:11:15    -2217.481884        0.088829
BFGS:  194 21:11:16    -2217.483145        0.070398
BFGS:  195 21:11:16    -2217.484760        0.133826
BFGS:  196 21:11:16    -2217.487059        0.213223
BFGS:  197 21:11:16    -2217.490002        0.240583
BFGS:  198 21:11:17    -2217.493245        0.181503
BFGS:  199 21:11:17    -2217.496325        0.086772
BFGS:  200 21:11:17    -2217.498579        0.299347
