      Step     Time          Energy          fmax
BFGS:    0 14:14:50    -1164.366377     2245.898200
BFGS:    1 14:14:52    -2284.457198      314.332661
BFGS:    2 14:14:53    -2194.650343     1691.147039
BFGS:    3 14:14:54    -2270.790041     1109.188329
BFGS:    4 14:14:55    -2388.194594      530.769828
BFGS:    5 14:14:56    -2486.229810      230.427894
BFGS:    6 14:14:56    -2520.521180       89.352592
BFGS:    7 14:14:57    -2539.227665       13.994642
BFGS:    8 14:14:58    -2547.883385        8.314775
BFGS:    9 14:14:59    -2554.340475        7.779006
BFGS:   10 14:14:59    -2559.338892        5.977507
BFGS:   11 14:15:00    -2562.300741        5.684999
BFGS:   12 14:15:00    -2565.174768        4.543885
BFGS:   13 14:15:01    -2568.385412        4.681515
BFGS:   14 14:15:01    -2570.005283        5.547211
BFGS:   15 14:15:02    -2571.338391        8.505651
BFGS:   16 14:15:03    -2572.390757        5.692718
BFGS:   17 14:15:03    -2572.981311        4.919649
BFGS:   18 14:15:04    -2573.488033        4.693848
BFGS:   19 14:15:04    -2573.739568        4.655404
BFGS:   20 14:15:04    -2574.094499        4.695932
BFGS:   21 14:15:05    -2574.533291        4.940002
BFGS:   22 14:15:06    -2574.988197        6.460764
BFGS:   23 14:15:06    -2575.419227        6.087049
BFGS:   24 14:15:07    -2576.017920        5.110496
BFGS:   25 14:15:07    -2576.308309        4.948088
BFGS:   26 14:15:08    -2576.680013        4.775393
BFGS:   27 14:15:08    -2576.892811        4.709388
BFGS:   28 14:15:09    -2577.133969        4.647641
BFGS:   29 14:15:09    -2577.382751        4.777116
BFGS:   30 14:15:10    -2577.649816        4.945537
BFGS:   31 14:15:10    -2577.866739        4.533481
BFGS:   32 14:15:10    -2578.068783        3.955772
BFGS:   33 14:15:11    -2578.237545        3.694187
BFGS:   34 14:15:11    -2578.356366        3.674923
BFGS:   35 14:15:12    -2578.450924        3.635166
BFGS:   36 14:15:12    -2578.537599        3.516499
BFGS:   37 14:15:13    -2578.612547        3.323228
BFGS:   38 14:15:13    -2578.676575        3.100219
BFGS:   39 14:15:14    -2578.739762        3.046757
BFGS:   40 14:15:14    -2578.806512        2.835160
BFGS:   41 14:15:14    -2578.875784        2.695023
BFGS:   42 14:15:15    -2578.943901        2.673381
BFGS:   43 14:15:15    -2579.008936        2.611854
BFGS:   44 14:15:16    -2579.070400        2.546405
BFGS:   45 14:15:16    -2579.129435        2.409055
BFGS:   46 14:15:17    -2579.182238        2.340301
BFGS:   47 14:15:17    -2579.225090        2.518303
BFGS:   48 14:15:17    -2579.262156        2.500351
BFGS:   49 14:15:18    -2579.299674        2.455833
BFGS:   50 14:15:18    -2579.338328        2.277991
BFGS:   51 14:15:19    -2579.376432        2.233219
BFGS:   52 14:15:19    -2579.413818        2.303297
BFGS:   53 14:15:19    -2579.451159        2.298356
BFGS:   54 14:15:20    -2579.486526        2.238994
BFGS:   55 14:15:20    -2579.518293        2.139368
BFGS:   56 14:15:21    -2579.546897        2.264873
BFGS:   57 14:15:21    -2579.573849        2.350483
BFGS:   58 14:15:22    -2579.599583        2.379957
BFGS:   59 14:15:22    -2579.623530        2.364187
BFGS:   60 14:15:22    -2579.646205        2.366435
BFGS:   61 14:15:23    -2579.666831        2.477732
BFGS:   62 14:15:23    -2579.682320        2.526035
BFGS:   63 14:15:24    -2579.693324        2.531410
BFGS:   64 14:15:24    -2579.703338        2.554657
BFGS:   65 14:15:24    -2579.715111        2.610730
BFGS:   66 14:15:25    -2579.729776        2.642591
BFGS:   67 14:15:25    -2579.748019        2.666684
BFGS:   68 14:15:26    -2579.772346        2.749016
BFGS:   69 14:15:26    -2579.808017        2.828372
BFGS:   70 14:15:27    -2579.859125        2.877768
BFGS:   71 14:15:27    -2579.925175        2.823656
BFGS:   72 14:15:28    -2580.007358        2.634877
BFGS:   73 14:15:28    -2580.094789        2.362024
BFGS:   74 14:15:29    -2580.181468        2.069252
BFGS:   75 14:15:29    -2580.269722        1.813321
BFGS:   76 14:15:30    -2580.349424        1.651417
BFGS:   77 14:15:30    -2580.412142        1.716103
BFGS:   78 14:15:31    -2580.457953        1.595412
BFGS:   79 14:15:31    -2580.487801        1.669344
BFGS:   80 14:15:32    -2580.504497        1.664827
BFGS:   81 14:15:32    -2580.523081        1.688329
BFGS:   82 14:15:32    -2580.542243        1.735863
BFGS:   83 14:15:33    -2580.557777        1.746203
BFGS:   84 14:15:33    -2580.578599        1.810614
BFGS:   85 14:15:34    -2580.596219        1.777209
BFGS:   86 14:15:34    -2580.612345        1.871606
BFGS:   87 14:15:34    -2580.626730        1.814659
BFGS:   88 14:15:35    -2580.641684        1.819326
BFGS:   89 14:15:35    -2580.658211        1.661611
BFGS:   90 14:15:36    -2580.676194        1.498647
BFGS:   91 14:15:36    -2580.694577        1.406967
BFGS:   92 14:15:36    -2580.710941        1.365147
BFGS:   93 14:15:37    -2580.723677        1.338166
BFGS:   94 14:15:37    -2580.734365        1.331800
BFGS:   95 14:15:37    -2580.745828        1.360936
BFGS:   96 14:15:38    -2580.759837        1.419778
BFGS:   97 14:15:38    -2580.776328        1.490197
BFGS:   98 14:15:39    -2580.794682        1.543928
BFGS:   99 14:15:39    -2580.815255        1.539071
BFGS:  100 14:15:39    -2580.838277        1.468759
BFGS:  101 14:15:40    -2580.864273        1.380355
BFGS:  102 14:15:40    -2580.888527        1.410954
BFGS:  103 14:15:41    -2580.907532        1.440189
BFGS:  104 14:15:41    -2580.922439        1.422884
BFGS:  105 14:15:41    -2580.935340        1.351113
BFGS:  106 14:15:42    -2580.945509        1.348204
BFGS:  107 14:15:42    -2580.953591        1.368720
BFGS:  108 14:15:42    -2580.960975        1.355341
BFGS:  109 14:15:42    -2580.968666        1.316095
BFGS:  110 14:15:43    -2580.976592        1.259550
BFGS:  111 14:15:43    -2580.984689        1.254295
BFGS:  112 14:15:43    -2580.993056        1.354954
BFGS:  113 14:15:44    -2581.001255        1.389181
BFGS:  114 14:15:44    -2581.008332        1.416586
BFGS:  115 14:15:44    -2581.014311        1.382046
BFGS:  116 14:15:45    -2581.019740        1.340869
BFGS:  117 14:15:45    -2581.025791        1.333392
BFGS:  118 14:15:45    -2581.032902        1.302467
BFGS:  119 14:15:46    -2581.040023        1.268425
BFGS:  120 14:15:46    -2581.047101        1.254964
BFGS:  121 14:15:46    -2581.054766        1.236288
BFGS:  122 14:15:46    -2581.063296        1.200998
BFGS:  123 14:15:47    -2581.071794        1.153268
BFGS:  124 14:15:47    -2581.078803        1.099774
BFGS:  125 14:15:47    -2581.084155        1.062075
BFGS:  126 14:15:48    -2581.088907        1.035781
BFGS:  127 14:15:48    -2581.093488        1.019359
BFGS:  128 14:15:48    -2581.097420        1.003683
BFGS:  129 14:15:48    -2581.100246        0.989389
BFGS:  130 14:15:49    -2581.102248        0.968644
BFGS:  131 14:15:49    -2581.104183        0.943911
BFGS:  132 14:15:49    -2581.106627        0.933089
BFGS:  133 14:15:49    -2581.109576        0.909450
BFGS:  134 14:15:50    -2581.112568        0.871992
BFGS:  135 14:15:50    -2581.115356        0.846637
BFGS:  136 14:15:50    -2581.118321        0.847960
BFGS:  137 14:15:51    -2581.122308        0.850212
BFGS:  138 14:15:51    -2581.128222        0.828113
BFGS:  139 14:15:51    -2581.136283        0.779074
BFGS:  140 14:15:52    -2581.145232        0.689643
BFGS:  141 14:15:52    -2581.153291        0.600878
BFGS:  142 14:15:52    -2581.160051        0.520957
BFGS:  143 14:15:52    -2581.166439        0.469231
BFGS:  144 14:15:53    -2581.173698        0.410502
BFGS:  145 14:15:53    -2581.181824        0.353784
BFGS:  146 14:15:53    -2581.189170        0.278249
BFGS:  147 14:15:54    -2581.193920        0.227336
BFGS:  148 14:15:54    -2581.196533        0.229372
BFGS:  149 14:15:54    -2581.198316        0.243833
BFGS:  150 14:15:54    -2581.200090        0.230720
BFGS:  151 14:15:55    -2581.201808        0.202392
BFGS:  152 14:15:55    -2581.203134        0.179053
BFGS:  153 14:15:55    -2581.204004        0.152865
BFGS:  154 14:15:56    -2581.204659        0.147512
BFGS:  155 14:15:56    -2581.205307        0.143802
BFGS:  156 14:15:56    -2581.205974        0.144540
BFGS:  157 14:15:56    -2581.206643        0.145637
BFGS:  158 14:15:56    -2581.207302        0.146758
BFGS:  159 14:15:57    -2581.207915        0.134962
BFGS:  160 14:15:57    -2581.208388        0.114524
BFGS:  161 14:15:57    -2581.208716        0.095195
BFGS:  162 14:15:57    -2581.208981        0.081828
BFGS:  163 14:15:58    -2581.209249        0.071200
BFGS:  164 14:15:58    -2581.209477        0.060844
BFGS:  165 14:15:58    -2581.209621        0.052757
BFGS:  166 14:15:58    -2581.209705        0.049191
BFGS:  167 14:15:59    -2581.209784        0.046753
BFGS:  168 14:15:59    -2581.209881        0.043483
BFGS:  169 14:15:59    -2581.209976        0.038872
BFGS:  170 14:15:59    -2581.210037        0.037114
BFGS:  171 14:16:00    -2581.210069        0.031981
BFGS:  172 14:16:00    -2581.210094        0.025809
BFGS:  173 14:16:00    -2581.210120        0.019748
BFGS:  174 14:16:00    -2581.210145        0.010930
BFGS:  175 14:16:00    -2581.210164        0.006670
