      Step     Time          Energy          fmax
BFGS:    0 10:00:11    -2249.189806        1.144192
BFGS:    1 10:00:11    -2249.224602        1.023260
BFGS:    2 10:00:12    -2249.303844        0.701960
      Step     Time          Energy          fmax
BFGS:    0 12:41:33    -2206.902755       10.038734
BFGS:    1 12:41:33    -2210.531097        5.511791
BFGS:    2 12:41:34    -2212.393140        4.057858
BFGS:    3 12:41:35    -2214.311411        2.967597
BFGS:    4 12:41:35    -2215.796294        3.863135
BFGS:    5 12:41:36    -2217.366365       17.226567
BFGS:    6 12:41:36    -2221.888274       27.066762
BFGS:    7 12:41:36    -2225.375718        7.444473
BFGS:    8 12:41:37    -2231.708579        9.091514
BFGS:    9 12:41:37    -2235.299312        9.594709
BFGS:   10 12:41:38    -2238.475507        6.905760
BFGS:   11 12:41:38    -2241.268727        5.047937
BFGS:   12 12:41:38    -2243.172466        5.629988
BFGS:   13 12:41:39    -2244.137786        4.084836
BFGS:   14 12:41:39    -2245.023647        2.398474
BFGS:   15 12:41:39    -2245.731849        1.220133
BFGS:   16 12:41:40    -2246.015332        1.231311
BFGS:   17 12:41:40    -2246.317361        1.634824
BFGS:   18 12:41:40    -2246.608338        1.251114
BFGS:   19 12:41:41    -2246.818829        1.765379
BFGS:   20 12:41:41    -2247.030642        1.725851
BFGS:   21 12:41:41    -2247.238962        1.023231
BFGS:   22 12:41:41    -2247.439862        1.323096
BFGS:   23 12:41:42    -2247.972366        2.514933
BFGS:   24 12:41:42    -2248.382692        4.785033
BFGS:   25 12:41:42    -2248.735051        3.444681
BFGS:   26 12:41:42    -2249.632323        3.315575
BFGS:   27 12:41:43    -2251.389306        4.510278
BFGS:   28 12:41:43    -2252.172741        5.014958
BFGS:   29 12:41:43    -2252.912670        3.527288
BFGS:   30 12:41:43    -2253.337714        4.076955
BFGS:   31 12:41:44    -2253.493206        8.325051
BFGS:   32 12:41:44    -2253.935983        0.841834
BFGS:   33 12:41:44    -2254.074319        0.893994
BFGS:   34 12:41:44    -2254.259600        1.452941
BFGS:   35 12:41:45    -2254.359657        1.145218
BFGS:   36 12:41:45    -2254.488049        0.670480
BFGS:   37 12:41:45    -2254.568363        0.806029
BFGS:   38 12:41:45    -2254.636578        0.883687
BFGS:   39 12:41:45    -2254.690950        0.447049
BFGS:   40 12:41:46    -2254.740410        0.458474
BFGS:   41 12:41:46    -2254.776117        0.493216
BFGS:   42 12:41:46    -2254.798389        0.422391
BFGS:   43 12:41:46    -2254.814261        0.246877
BFGS:   44 12:41:46    -2254.828318        0.229990
BFGS:   45 12:41:47    -2254.842868        0.245943
BFGS:   46 12:41:47    -2254.855008        0.185483
BFGS:   47 12:41:47    -2254.862306        0.137449
BFGS:   48 12:41:47    -2254.866607        0.126072
BFGS:   49 12:41:47    -2254.870690        0.198004
BFGS:   50 12:41:47    -2254.876231        0.186498
BFGS:   51 12:41:48    -2254.881842        0.157033
BFGS:   52 12:41:48    -2254.887077        0.134879
BFGS:   53 12:41:48    -2254.892624        0.119524
BFGS:   54 12:41:48    -2254.899142        0.217554
BFGS:   55 12:41:48    -2254.906268        0.197081
BFGS:   56 12:41:48    -2254.912428        0.194275
BFGS:   57 12:41:49    -2254.916584        0.178731
BFGS:   58 12:41:49    -2254.919366        0.120787
BFGS:   59 12:41:49    -2254.921621        0.137888
BFGS:   60 12:41:49    -2254.923371        0.124613
BFGS:   61 12:41:49    -2254.924585        0.138886
BFGS:   62 12:41:49    -2254.925558        0.089812
BFGS:   63 12:41:50    -2254.926395        0.061977
BFGS:   64 12:41:50    -2254.927038        0.068504
BFGS:   65 12:41:50    -2254.927569        0.100469
BFGS:   66 12:41:50    -2254.928166        0.094596
BFGS:   67 12:41:50    -2254.928954        0.077176
BFGS:   68 12:41:50    -2254.929855        0.069278
BFGS:   69 12:41:51    -2254.930685        0.069993
BFGS:   70 12:41:51    -2254.931339        0.078611
BFGS:   71 12:41:51    -2254.931899        0.048890
BFGS:   72 12:41:51    -2254.932427        0.047542
BFGS:   73 12:41:51    -2254.932952        0.059370
BFGS:   74 12:41:51    -2254.933555        0.086666
BFGS:   75 12:41:51    -2254.934436        0.087847
BFGS:   76 12:41:52    -2254.935887        0.118657
BFGS:   77 12:41:52    -2254.938264        0.150678
BFGS:   78 12:41:52    -2254.941753        0.138414
BFGS:   79 12:41:52    -2254.946248        0.233861
BFGS:   80 12:41:52    -2254.951543        0.256120
BFGS:   81 12:41:53    -2254.957616        0.189648
BFGS:   82 12:41:53    -2254.964442        0.203587
BFGS:   83 12:41:53    -2254.971738        0.215524
BFGS:   84 12:41:53    -2254.979438        0.347810
BFGS:   85 12:41:54    -2254.986458        0.313725
BFGS:   86 12:41:54    -2254.991046        0.144266
BFGS:   87 12:41:54    -2254.993442        0.096456
BFGS:   88 12:41:54    -2254.995029        0.123042
BFGS:   89 12:41:54    -2254.996351        0.170556
BFGS:   90 12:41:55    -2254.997627        0.111429
BFGS:   91 12:41:55    -2254.998798        0.080813
BFGS:   92 12:41:55    -2254.999476        0.079305
BFGS:   93 12:41:55    -2255.000522        0.125365
BFGS:   94 12:41:55    -2255.002529        0.159271
BFGS:   95 12:41:56    -2255.005770        0.205902
BFGS:   96 12:41:56    -2255.009265        0.154437
BFGS:   97 12:41:56    -2255.012538        0.140972
BFGS:   98 12:41:56    -2255.015416        0.170933
BFGS:   99 12:41:57    -2255.019038        0.211178
BFGS:  100 12:41:57    -2255.024272        0.200380
BFGS:  101 12:41:57    -2255.030103        0.125630
BFGS:  102 12:41:57    -2255.035155        0.146822
BFGS:  103 12:41:57    -2255.038771        0.161352
BFGS:  104 12:41:58    -2255.041707        0.170528
BFGS:  105 12:41:58    -2255.045983        0.161941
BFGS:  106 12:41:58    -2255.052002        0.249578
BFGS:  107 12:41:58    -2255.059492        0.265891
BFGS:  108 12:41:59    -2255.067411        0.205246
BFGS:  109 12:41:59    -2255.075305        0.220762
BFGS:  110 12:41:59    -2255.084928        0.265438
BFGS:  111 12:41:59    -2255.094280        0.285193
BFGS:  112 12:41:59    -2255.100850        0.238777
BFGS:  113 12:42:00    -2255.105044        0.224926
BFGS:  114 12:42:00    -2255.109908        0.219174
BFGS:  115 12:42:00    -2255.116113        0.241508
BFGS:  116 12:42:00    -2255.125704        0.281577
BFGS:  117 12:42:01    -2255.136878        0.294627
BFGS:  118 12:42:01    -2255.147749        0.242569
BFGS:  119 12:42:01    -2255.155859        0.126254
BFGS:  120 12:42:01    -2255.160107        0.111935
BFGS:  121 12:42:02    -2255.162426        0.089056
BFGS:  122 12:42:02    -2255.164579        0.140930
BFGS:  123 12:42:02    -2255.167004        0.150169
BFGS:  124 12:42:02    -2255.170735        0.121833
BFGS:  125 12:42:02    -2255.175702        0.170780
BFGS:  126 12:42:03    -2255.181981        0.216153
BFGS:  127 12:42:03    -2255.190256        0.262378
BFGS:  128 12:42:03    -2255.200953        0.254935
BFGS:  129 12:42:03    -2255.213715        0.198377
BFGS:  130 12:42:04    -2255.226715        0.368268
BFGS:  131 12:42:04    -2255.236949        0.278011
BFGS:  132 12:42:04    -2255.244034        0.588475
BFGS:  133 12:42:04    -2255.251840        0.292297
BFGS:  134 12:42:05    -2255.258350        0.191148
BFGS:  135 12:42:05    -2255.262794        0.200160
BFGS:  136 12:42:05    -2255.269184        0.158637
BFGS:  137 12:42:05    -2255.275263        0.113344
BFGS:  138 12:42:06    -2255.280157        0.091112
BFGS:  139 12:42:06    -2255.282488        0.078420
BFGS:  140 12:42:06    -2255.285243        0.109870
BFGS:  141 12:42:06    -2255.287901        0.192748
BFGS:  142 12:42:07    -2255.289991        0.180566
BFGS:  143 12:42:07    -2255.291353        0.071162
BFGS:  144 12:42:07    -2255.292613        0.066951
BFGS:  145 12:42:07    -2255.294722        0.155143
BFGS:  146 12:42:07    -2255.297005        0.156811
BFGS:  147 12:42:08    -2255.299373        0.169886
BFGS:  148 12:42:08    -2255.301926        0.142561
BFGS:  149 12:42:08    -2255.304898        0.113684
BFGS:  150 12:42:08    -2255.308312        0.134727
BFGS:  151 12:42:09    -2255.310862        0.167995
BFGS:  152 12:42:09    -2255.313915        0.130875
BFGS:  153 12:42:09    -2255.317861        0.127348
BFGS:  154 12:42:09    -2255.322359        0.143981
BFGS:  155 12:42:10    -2255.326358        0.118087
BFGS:  156 12:42:10    -2255.329825        0.112178
BFGS:  157 12:42:10    -2255.333073        0.109127
BFGS:  158 12:42:10    -2255.336107        0.109570
BFGS:  159 12:42:10    -2255.338549        0.086781
BFGS:  160 12:42:11    -2255.340437        0.122004
BFGS:  161 12:42:11    -2255.341737        0.083605
BFGS:  162 12:42:11    -2255.343096        0.078639
BFGS:  163 12:42:11    -2255.344691        0.089592
BFGS:  164 12:42:11    -2255.345674        0.053171
BFGS:  165 12:42:12    -2255.346307        0.069367
BFGS:  166 12:42:12    -2255.346769        0.077476
BFGS:  167 12:42:12    -2255.347154        0.068888
BFGS:  168 12:42:12    -2255.347478        0.053653
BFGS:  169 12:42:12    -2255.347757        0.039271
BFGS:  170 12:42:12    -2255.348115        0.045565
BFGS:  171 12:42:13    -2255.348522        0.043368
BFGS:  172 12:42:13    -2255.348896        0.052501
BFGS:  173 12:42:13    -2255.349158        0.038200
BFGS:  174 12:42:13    -2255.349397        0.038256
BFGS:  175 12:42:13    -2255.349691        0.040296
BFGS:  176 12:42:14    -2255.350047        0.035006
BFGS:  177 12:42:14    -2255.350475        0.037280
BFGS:  178 12:42:14    -2255.350945        0.040183
BFGS:  179 12:42:14    -2255.351482        0.039433
BFGS:  180 12:42:14    -2255.352023        0.041434
BFGS:  181 12:42:14    -2255.352526        0.059860
BFGS:  182 12:42:15    -2255.352918        0.046689
BFGS:  183 12:42:15    -2255.353212        0.062832
BFGS:  184 12:42:15    -2255.353452        0.027897
BFGS:  185 12:42:15    -2255.353669        0.029048
BFGS:  186 12:42:15    -2255.353901        0.022175
BFGS:  187 12:42:15    -2255.354161        0.027358
BFGS:  188 12:42:16    -2255.354434        0.026411
BFGS:  189 12:42:16    -2255.354723        0.034952
BFGS:  190 12:42:16    -2255.354954        0.025073
BFGS:  191 12:42:16    -2255.355159        0.028550
BFGS:  192 12:42:16    -2255.355360        0.027280
BFGS:  193 12:42:17    -2255.355549        0.019484
BFGS:  194 12:42:17    -2255.355700        0.021483
BFGS:  195 12:42:17    -2255.355806        0.024699
BFGS:  196 12:42:17    -2255.355919        0.035887
BFGS:  197 12:42:17    -2255.356053        0.036786
BFGS:  198 12:42:17    -2255.356183        0.039752
BFGS:  199 12:42:18    -2255.356282        0.020535
BFGS:  200 12:42:18    -2255.356366        0.022970
