      Step     Time          Energy          fmax
BFGS:    0 20:27:43    -3145.752996        4.771247
BFGS:    1 20:27:44    -3150.228166        5.033069
BFGS:    2 20:27:46    -3155.886129        8.310683
BFGS:    3 20:27:48    -3157.909941        3.582364
BFGS:    4 20:27:49    -3158.922660        3.160484
BFGS:    5 20:27:50    -3160.390120        4.189265
BFGS:    6 20:27:52    -3162.600762        6.855947
BFGS:    7 20:27:53    -3164.955292        7.445636
BFGS:    8 20:27:54    -3159.132026       58.396552
BFGS:    9 20:27:56    -3165.633520        7.346332
BFGS:   10 20:27:57    -3165.930932        7.010056
BFGS:   11 20:27:58    -3166.149625        6.331987
BFGS:   12 20:27:58    -3166.407060        4.614418
BFGS:   13 20:27:59    -3166.499160        4.626551
BFGS:   14 20:28:00    -3166.584321        4.506673
BFGS:   15 20:28:01    -3166.811330        5.132612
BFGS:   16 20:28:02    -3166.906243        5.265950
BFGS:   17 20:28:03    -3166.997061        4.822144
BFGS:   18 20:28:04    -3167.084850        3.841153
BFGS:   19 20:28:04    -3167.189084        3.195753
BFGS:   20 20:28:05    -3167.321635        2.969312
BFGS:   21 20:28:06    -3167.392972        2.969968
BFGS:   22 20:28:06    -3167.490441        2.972708
BFGS:   23 20:28:07    -3167.654242        3.012757
BFGS:   24 20:28:08    -3167.838939        2.808991
BFGS:   25 20:28:09    -3168.006415        2.323183
BFGS:   26 20:28:10    -3168.170555        2.300192
BFGS:   27 20:28:10    -3168.342569        2.382082
BFGS:   28 20:28:11    -3168.677562        2.038345
BFGS:   29 20:28:12    -3169.022031        1.111641
BFGS:   30 20:28:13    -3169.314709        1.154075
BFGS:   31 20:28:13    -3169.605854        0.843836
BFGS:   32 20:28:14    -3169.785948        0.894376
BFGS:   33 20:28:14    -3169.923398        2.186033
BFGS:   34 20:28:15    -3170.317986        0.937871
BFGS:   35 20:28:15    -3170.537665        0.721930
BFGS:   36 20:28:16    -3170.640329        0.813619
BFGS:   37 20:28:17    -3170.701656        0.878809
BFGS:   38 20:28:17    -3170.780076        0.479755
BFGS:   39 20:28:18    -3170.818713        0.395370
BFGS:   40 20:28:18    -3170.908083        0.483609
BFGS:   41 20:28:19    -3170.961497        0.558103
BFGS:   42 20:28:19    -3171.040722        0.468303
BFGS:   43 20:28:20    -3171.105419        0.560260
BFGS:   44 20:28:20    -3171.172120        0.569665
BFGS:   45 20:28:21    -3171.228487        0.645762
BFGS:   46 20:28:21    -3171.275849        0.714292
BFGS:   47 20:28:22    -3171.310967        0.742712
BFGS:   48 20:28:22    -3171.335428        0.670865
BFGS:   49 20:28:23    -3171.357201        0.820618
BFGS:   50 20:28:23    -3171.381158        1.007728
BFGS:   51 20:28:24    -3171.402840        0.996002
BFGS:   52 20:28:24    -3171.419309        0.827952
BFGS:   53 20:28:25    -3171.431118        0.670700
BFGS:   54 20:28:25    -3171.441292        0.671389
BFGS:   55 20:28:26    -3171.451835        0.726941
BFGS:   56 20:28:26    -3171.463632        0.734858
BFGS:   57 20:28:26    -3171.478453        0.771638
BFGS:   58 20:28:27    -3171.496484        0.756440
BFGS:   59 20:28:27    -3171.515734        0.816975
BFGS:   60 20:28:28    -3171.532987        0.753535
BFGS:   61 20:28:28    -3171.546489        0.584723
BFGS:   62 20:28:29    -3171.555900        0.437784
BFGS:   63 20:28:29    -3171.561766        0.421404
BFGS:   64 20:28:30    -3171.565470        0.420505
BFGS:   65 20:28:30    -3171.568472        0.425471
BFGS:   66 20:28:30    -3171.571527        0.460246
BFGS:   67 20:28:31    -3171.574247        0.490855
BFGS:   68 20:28:31    -3171.576195        0.478524
BFGS:   69 20:28:32    -3171.577590        0.448549
BFGS:   70 20:28:32    -3171.578774        0.420687
BFGS:   71 20:28:32    -3171.579679        0.407341
BFGS:   72 20:28:33    -3171.580170        0.415480
BFGS:   73 20:28:33    -3171.580389        0.424192
BFGS:   74 20:28:33    -3171.580519        0.427749
BFGS:   75 20:28:34    -3171.580620        0.426642
BFGS:   76 20:28:34    -3171.580705        0.421533
BFGS:   77 20:28:34    -3171.580797        0.416930
BFGS:   78 20:28:35    -3171.580901        0.415990
BFGS:   79 20:28:35    -3171.580998        0.420710
BFGS:   80 20:28:35    -3171.581069        0.428300
BFGS:   81 20:28:35    -3171.581116        0.432624
BFGS:   82 20:28:36    -3171.581153        0.432210
BFGS:   83 20:28:36    -3171.581188        0.426824
BFGS:   84 20:28:36    -3171.581229        0.417739
BFGS:   85 20:28:37    -3171.581291        0.405935
BFGS:   86 20:28:37    -3171.581389        0.393775
BFGS:   87 20:28:37    -3171.581523        0.388240
BFGS:   88 20:28:38    -3171.581657        0.395737
BFGS:   89 20:28:38    -3171.581765        0.411712
BFGS:   90 20:28:38    -3171.581866        0.426970
BFGS:   91 20:28:38    -3171.581994        0.437322
BFGS:   92 20:28:39    -3171.582133        0.434090
BFGS:   93 20:28:39    -3171.582234        0.417645
BFGS:   94 20:28:39    -3171.582290        0.400805
BFGS:   95 20:28:40    -3171.582338        0.389615
BFGS:   96 20:28:40    -3171.582404        0.381795
BFGS:   97 20:28:40    -3171.582483        0.382966
BFGS:   98 20:28:41    -3171.582552        0.393452
BFGS:   99 20:28:41    -3171.582608        0.405819
BFGS:  100 20:28:41    -3171.582655        0.413621
BFGS:  101 20:28:41    -3171.582703        0.413636
BFGS:  102 20:28:42    -3171.582740        0.405861
BFGS:  103 20:28:42    -3171.582764        0.396449
BFGS:  104 20:28:42    -3171.582787        0.388521
BFGS:  105 20:28:43    -3171.582809        0.384845
BFGS:  106 20:28:43    -3171.582829        0.386889
BFGS:  107 20:28:43    -3171.582844        0.392202
BFGS:  108 20:28:44    -3171.582855        0.397076
BFGS:  109 20:28:44    -3171.582864        0.399295
BFGS:  110 20:28:44    -3171.582871        0.397934
BFGS:  111 20:28:44    -3171.582876        0.395093
BFGS:  112 20:28:45    -3171.582881        0.391829
BFGS:  113 20:28:45    -3171.582885        0.389858
BFGS:  114 20:28:45    -3171.582891        0.389537
BFGS:  115 20:28:45    -3171.582895        0.391882
BFGS:  116 20:28:46    -3171.582898        0.394660
BFGS:  117 20:28:46    -3171.582901        0.397303
BFGS:  118 20:28:46    -3171.582905        0.398850
BFGS:  119 20:28:46    -3171.582910        0.399047
BFGS:  120 20:28:47    -3171.582916        0.396936
BFGS:  121 20:28:47    -3171.582922        0.393148
BFGS:  122 20:28:47    -3171.582927        0.392264
BFGS:  123 20:28:47    -3171.582939        0.390499
BFGS:  124 20:28:48    -3171.582946        0.392895
BFGS:  125 20:28:48    -3171.582959        0.399084
BFGS:  126 20:28:48    -3171.582965        0.399188
BFGS:  127 20:28:49    -3171.582975        0.395329
BFGS:  128 20:28:49    -3171.582980        0.392863
BFGS:  129 20:28:49    -3171.582988        0.387904
BFGS:  130 20:28:49    -3171.582992        0.388782
BFGS:  131 20:28:50    -3171.583005        0.392890
BFGS:  132 20:28:50    -3171.583009        0.393521
BFGS:  133 20:28:50    -3171.583015        0.394272
BFGS:  134 20:28:51    -3171.583020        0.394587
BFGS:  135 20:28:51    -3171.583026        0.394071
BFGS:  136 20:28:51    -3171.583032        0.393020
BFGS:  137 20:28:51    -3171.583038        0.391223
BFGS:  138 20:28:52    -3171.583042        0.390359
BFGS:  139 20:28:52    -3171.583046        0.390133
BFGS:  140 20:28:52    -3171.583050        0.390850
BFGS:  141 20:28:52    -3171.583060        0.393260
BFGS:  142 20:28:53    -3171.583067        0.394829
BFGS:  143 20:28:53    -3171.583075        0.394848
BFGS:  144 20:28:53    -3171.583082        0.393707
BFGS:  145 20:28:53    -3171.583086        0.392030
BFGS:  146 20:28:54    -3171.583089        0.390520
BFGS:  147 20:28:54    -3171.583092        0.389659
BFGS:  148 20:28:54    -3171.583094        0.389273
BFGS:  149 20:28:54    -3171.583098        0.389778
BFGS:  150 20:28:55    -3171.583104        0.391855
BFGS:  151 20:28:55    -3171.583106        0.391610
BFGS:  152 20:28:55    -3171.583109        0.390876
BFGS:  153 20:28:55    -3171.583110        0.390603
BFGS:  154 20:28:55    -3171.583110        0.390738
BFGS:  155 20:28:56    -3171.583111        0.391155
BFGS:  156 20:28:56    -3171.583112        0.391623
BFGS:  157 20:28:56    -3171.583113        0.391851
BFGS:  158 20:28:56    -3171.583114        0.391649
BFGS:  159 20:28:56    -3171.583115        0.391286
BFGS:  160 20:28:57    -3171.583116        0.390922
BFGS:  161 20:28:57    -3171.583117        0.390182
BFGS:  162 20:28:57    -3171.583118        0.390312
BFGS:  163 20:28:57    -3171.583120        0.391050
BFGS:  164 20:28:58    -3171.583121        0.391658
BFGS:  165 20:28:58    -3171.583123        0.392547
BFGS:  166 20:28:58    -3171.583123        0.392199
BFGS:  167 20:28:58    -3171.583125        0.391098
BFGS:  168 20:28:59    -3171.583125        0.390481
BFGS:  169 20:28:59    -3171.583126        0.390321
BFGS:  170 20:28:59    -3171.583126        0.390525
BFGS:  171 20:28:59    -3171.583127        0.390919
BFGS:  172 20:28:59    -3171.583127        0.392249
BFGS:  173 20:29:00    -3171.583128        0.391677
BFGS:  174 20:29:00    -3171.583129        0.390283
BFGS:  175 20:29:00    -3171.583130        0.390073
BFGS:  176 20:29:00    -3171.583132        0.390091
BFGS:  177 20:29:01    -3171.583133        0.390187
BFGS:  178 20:29:01    -3171.583137        0.390733
BFGS:  179 20:29:01    -3171.583139        0.390775
BFGS:  180 20:29:01    -3171.583144        0.391341
BFGS:  181 20:29:02    -3171.583149        0.391475
BFGS:  182 20:29:02    -3171.583153        0.391381
BFGS:  183 20:29:02    -3171.583157        0.391140
BFGS:  184 20:29:02    -3171.583159        0.390776
BFGS:  185 20:29:03    -3171.583163        0.390442
BFGS:  186 20:29:03    -3171.583165        0.390503
BFGS:  187 20:29:03    -3171.583171        0.390435
BFGS:  188 20:29:03    -3171.583175        0.390485
BFGS:  189 20:29:04    -3171.583179        0.390638
BFGS:  190 20:29:04    -3171.583183        0.390346
BFGS:  191 20:29:04    -3171.583188        0.389953
BFGS:  192 20:29:04    -3171.583193        0.390170
BFGS:  193 20:29:05    -3171.583191        0.390299
BFGS:  194 20:29:05    -3171.583195        0.390558
BFGS:  195 20:29:05    -3171.583201        0.390636
BFGS:  196 20:29:05    -3171.583210        0.390738
BFGS:  197 20:29:06    -3171.583219        0.390668
BFGS:  198 20:29:06    -3171.583229        0.390289
BFGS:  199 20:29:06    -3171.583243        0.389642
BFGS:  200 20:29:07    -3171.583258        0.388918
      Step     Time          Energy          fmax
BFGS:    0 20:31:42    -3145.752996        4.771247
BFGS:    1 20:31:44    -3150.228166        5.033069
BFGS:    2 20:31:46    -3155.886129        8.310683
BFGS:    3 20:31:48    -3157.909941        3.582364
BFGS:    4 20:31:50    -3158.922660        3.160484
BFGS:    5 20:31:52    -3160.390120        4.189265
BFGS:    6 20:31:54    -3162.600762        6.855947
BFGS:    7 20:31:56    -3164.955292        7.445636
BFGS:    8 20:31:57    -3159.132026       58.396552
BFGS:    9 20:31:59    -3165.633520        7.346332
BFGS:   10 20:32:01    -3165.930932        7.010056
BFGS:   11 20:32:02    -3166.149625        6.331987
BFGS:   12 20:32:04    -3166.407060        4.614418
BFGS:   13 20:32:05    -3166.499160        4.626551
BFGS:   14 20:32:06    -3166.584321        4.506673
BFGS:   15 20:32:07    -3166.811330        5.132612
BFGS:   16 20:32:08    -3166.906243        5.265950
BFGS:   17 20:32:09    -3166.997061        4.822144
BFGS:   18 20:32:11    -3167.084850        3.841153
BFGS:   19 20:32:12    -3167.189084        3.195753
BFGS:   20 20:32:13    -3167.321635        2.969312
BFGS:   21 20:32:14    -3167.392972        2.969968
BFGS:   22 20:32:14    -3167.490441        2.972708
BFGS:   23 20:32:16    -3167.654242        3.012757
BFGS:   24 20:32:17    -3167.838939        2.808991
BFGS:   25 20:32:18    -3168.006415        2.323183
BFGS:   26 20:32:19    -3168.170555        2.300192
BFGS:   27 20:32:20    -3168.342569        2.382082
BFGS:   28 20:32:21    -3168.677562        2.038345
BFGS:   29 20:32:22    -3169.022031        1.111641
BFGS:   30 20:32:23    -3169.314709        1.154075
BFGS:   31 20:32:24    -3169.605854        0.843836
BFGS:   32 20:32:24    -3169.785948        0.894376
BFGS:   33 20:32:25    -3169.923398        2.186033
BFGS:   34 20:32:26    -3170.317986        0.937871
BFGS:   35 20:32:27    -3170.537665        0.721930
BFGS:   36 20:32:27    -3170.640329        0.813619
BFGS:   37 20:32:28    -3170.701656        0.878809
BFGS:   38 20:32:29    -3170.780076        0.479755
BFGS:   39 20:32:29    -3170.818713        0.395370
BFGS:   40 20:32:30    -3170.908083        0.483609
BFGS:   41 20:32:31    -3170.961497        0.558103
BFGS:   42 20:32:31    -3171.040722        0.468303
BFGS:   43 20:32:32    -3171.105419        0.560260
BFGS:   44 20:32:33    -3171.172120        0.569665
BFGS:   45 20:32:34    -3171.228487        0.645762
BFGS:   46 20:32:34    -3171.275849        0.714292
BFGS:   47 20:32:35    -3171.310967        0.742712
BFGS:   48 20:32:36    -3171.335428        0.670865
BFGS:   49 20:32:36    -3171.357201        0.820618
BFGS:   50 20:32:37    -3171.381158        1.007728
BFGS:   51 20:32:38    -3171.402840        0.996002
BFGS:   52 20:32:38    -3171.419309        0.827952
BFGS:   53 20:32:39    -3171.431118        0.670700
BFGS:   54 20:32:39    -3171.441292        0.671389
BFGS:   55 20:32:40    -3171.451835        0.726941
BFGS:   56 20:32:41    -3171.463632        0.734858
BFGS:   57 20:32:41    -3171.478453        0.771638
BFGS:   58 20:32:42    -3171.496484        0.756440
BFGS:   59 20:32:42    -3171.515734        0.816975
BFGS:   60 20:32:43    -3171.532987        0.753535
BFGS:   61 20:32:44    -3171.546489        0.584723
BFGS:   62 20:32:44    -3171.555900        0.437784
BFGS:   63 20:32:45    -3171.561766        0.421404
BFGS:   64 20:32:46    -3171.565470        0.420505
BFGS:   65 20:32:46    -3171.568472        0.425471
BFGS:   66 20:32:47    -3171.571527        0.460246
BFGS:   67 20:32:47    -3171.574247        0.490855
BFGS:   68 20:32:48    -3171.576195        0.478524
BFGS:   69 20:32:48    -3171.577590        0.448549
BFGS:   70 20:32:49    -3171.578774        0.420687
BFGS:   71 20:32:49    -3171.579679        0.407341
BFGS:   72 20:32:50    -3171.580170        0.415480
BFGS:   73 20:32:50    -3171.580389        0.424192
BFGS:   74 20:32:51    -3171.580519        0.427749
BFGS:   75 20:32:51    -3171.580620        0.426642
BFGS:   76 20:32:51    -3171.580705        0.421533
BFGS:   77 20:32:52    -3171.580797        0.416930
BFGS:   78 20:32:52    -3171.580901        0.415990
BFGS:   79 20:32:52    -3171.580998        0.420710
BFGS:   80 20:32:53    -3171.581069        0.428300
BFGS:   81 20:32:53    -3171.581116        0.432624
BFGS:   82 20:32:54    -3171.581153        0.432210
BFGS:   83 20:32:54    -3171.581188        0.426824
BFGS:   84 20:32:54    -3171.581229        0.417739
BFGS:   85 20:32:55    -3171.581291        0.405935
BFGS:   86 20:32:55    -3171.581389        0.393775
BFGS:   87 20:32:56    -3171.581523        0.388240
BFGS:   88 20:32:56    -3171.581657        0.395737
BFGS:   89 20:32:56    -3171.581765        0.411712
BFGS:   90 20:32:57    -3171.581866        0.426970
BFGS:   91 20:32:57    -3171.581994        0.437322
BFGS:   92 20:32:58    -3171.582133        0.434090
BFGS:   93 20:32:58    -3171.582234        0.417645
BFGS:   94 20:32:58    -3171.582290        0.400805
BFGS:   95 20:32:59    -3171.582338        0.389615
BFGS:   96 20:32:59    -3171.582404        0.381795
BFGS:   97 20:32:59    -3171.582483        0.382966
BFGS:   98 20:33:00    -3171.582552        0.393452
BFGS:   99 20:33:00    -3171.582608        0.405819
BFGS:  100 20:33:01    -3171.582655        0.413621
BFGS:  101 20:33:01    -3171.582703        0.413636
BFGS:  102 20:33:02    -3171.582740        0.405861
BFGS:  103 20:33:02    -3171.582764        0.396449
BFGS:  104 20:33:02    -3171.582787        0.388521
BFGS:  105 20:33:03    -3171.582809        0.384845
BFGS:  106 20:33:03    -3171.582829        0.386889
BFGS:  107 20:33:04    -3171.582844        0.392202
BFGS:  108 20:33:04    -3171.582855        0.397076
BFGS:  109 20:33:04    -3171.582864        0.399295
BFGS:  110 20:33:05    -3171.582871        0.397934
BFGS:  111 20:33:05    -3171.582876        0.395093
BFGS:  112 20:33:05    -3171.582881        0.391829
BFGS:  113 20:33:06    -3171.582885        0.389858
BFGS:  114 20:33:06    -3171.582891        0.389537
BFGS:  115 20:33:06    -3171.582895        0.391882
BFGS:  116 20:33:07    -3171.582898        0.394660
BFGS:  117 20:33:07    -3171.582901        0.397303
BFGS:  118 20:33:07    -3171.582905        0.398850
BFGS:  119 20:33:08    -3171.582910        0.399047
BFGS:  120 20:33:08    -3171.582916        0.396936
BFGS:  121 20:33:08    -3171.582922        0.393148
BFGS:  122 20:33:09    -3171.582927        0.392264
BFGS:  123 20:33:09    -3171.582939        0.390499
BFGS:  124 20:33:09    -3171.582946        0.392895
BFGS:  125 20:33:10    -3171.582959        0.399084
BFGS:  126 20:33:10    -3171.582965        0.399188
BFGS:  127 20:33:10    -3171.582975        0.395329
BFGS:  128 20:33:11    -3171.582980        0.392863
BFGS:  129 20:33:11    -3171.582988        0.387904
BFGS:  130 20:33:11    -3171.582992        0.388782
BFGS:  131 20:33:12    -3171.583005        0.392890
BFGS:  132 20:33:12    -3171.583009        0.393521
BFGS:  133 20:33:13    -3171.583015        0.394272
BFGS:  134 20:33:13    -3171.583020        0.394587
BFGS:  135 20:33:13    -3171.583026        0.394071
BFGS:  136 20:33:14    -3171.583032        0.393020
BFGS:  137 20:33:14    -3171.583038        0.391223
BFGS:  138 20:33:14    -3171.583042        0.390359
BFGS:  139 20:33:15    -3171.583046        0.390133
BFGS:  140 20:33:15    -3171.583050        0.390850
BFGS:  141 20:33:15    -3171.583060        0.393260
BFGS:  142 20:33:16    -3171.583067        0.394829
BFGS:  143 20:33:16    -3171.583075        0.394848
BFGS:  144 20:33:16    -3171.583082        0.393707
BFGS:  145 20:33:17    -3171.583086        0.392030
BFGS:  146 20:33:17    -3171.583089        0.390520
BFGS:  147 20:33:17    -3171.583092        0.389659
BFGS:  148 20:33:18    -3171.583094        0.389273
BFGS:  149 20:33:18    -3171.583098        0.389778
BFGS:  150 20:33:18    -3171.583104        0.391855
BFGS:  151 20:33:19    -3171.583106        0.391610
BFGS:  152 20:33:19    -3171.583109        0.390876
BFGS:  153 20:33:19    -3171.583110        0.390603
BFGS:  154 20:33:19    -3171.583110        0.390738
BFGS:  155 20:33:20    -3171.583111        0.391155
BFGS:  156 20:33:20    -3171.583112        0.391623
BFGS:  157 20:33:20    -3171.583113        0.391851
BFGS:  158 20:33:21    -3171.583114        0.391649
BFGS:  159 20:33:21    -3171.583115        0.391286
BFGS:  160 20:33:21    -3171.583116        0.390922
BFGS:  161 20:33:21    -3171.583117        0.390182
BFGS:  162 20:33:22    -3171.583118        0.390312
BFGS:  163 20:33:22    -3171.583120        0.391050
BFGS:  164 20:33:22    -3171.583121        0.391658
BFGS:  165 20:33:23    -3171.583123        0.392547
BFGS:  166 20:33:23    -3171.583123        0.392199
BFGS:  167 20:33:23    -3171.583125        0.391098
BFGS:  168 20:33:24    -3171.583125        0.390481
BFGS:  169 20:33:24    -3171.583126        0.390321
BFGS:  170 20:33:24    -3171.583126        0.390525
BFGS:  171 20:33:24    -3171.583127        0.390919
BFGS:  172 20:33:25    -3171.583127        0.392249
BFGS:  173 20:33:25    -3171.583128        0.391677
BFGS:  174 20:33:25    -3171.583129        0.390283
BFGS:  175 20:33:26    -3171.583130        0.390073
BFGS:  176 20:33:26    -3171.583132        0.390091
BFGS:  177 20:33:26    -3171.583133        0.390187
BFGS:  178 20:33:26    -3171.583137        0.390733
BFGS:  179 20:33:27    -3171.583139        0.390775
BFGS:  180 20:33:27    -3171.583144        0.391341
BFGS:  181 20:33:28    -3171.583149        0.391475
BFGS:  182 20:33:28    -3171.583153        0.391381
BFGS:  183 20:33:28    -3171.583157        0.391140
BFGS:  184 20:33:28    -3171.583159        0.390776
BFGS:  185 20:33:29    -3171.583163        0.390442
BFGS:  186 20:33:29    -3171.583165        0.390503
BFGS:  187 20:33:29    -3171.583171        0.390435
BFGS:  188 20:33:30    -3171.583175        0.390485
BFGS:  189 20:33:30    -3171.583179        0.390638
BFGS:  190 20:33:30    -3171.583183        0.390346
BFGS:  191 20:33:31    -3171.583188        0.389953
BFGS:  192 20:33:31    -3171.583193        0.390170
BFGS:  193 20:33:31    -3171.583191        0.390299
BFGS:  194 20:33:32    -3171.583195        0.390558
BFGS:  195 20:33:32    -3171.583201        0.390636
BFGS:  196 20:33:33    -3171.583210        0.390738
BFGS:  197 20:33:33    -3171.583219        0.390668
BFGS:  198 20:33:33    -3171.583229        0.390289
BFGS:  199 20:33:34    -3171.583243        0.389642
BFGS:  200 20:33:34    -3171.583258        0.388918
