      Step     Time          Energy          fmax
BFGS:    0 20:23:32    -2517.954047        6.528411
BFGS:    1 20:23:34    -2521.906763        5.297757
BFGS:    2 20:23:35    -2522.757433        4.783507
BFGS:    3 20:23:36    -2523.575351        1.827373
BFGS:    4 20:23:38    -2524.584282        1.943932
BFGS:    5 20:23:39    -2525.380644        2.293297
BFGS:    6 20:23:40    -2526.686139        2.779945
BFGS:    7 20:23:41    -2528.004737        4.153959
BFGS:    8 20:23:43    -2529.369712        5.256974
BFGS:    9 20:23:44    -2530.891225        6.241133
BFGS:   10 20:23:45    -2532.994995        5.739674
BFGS:   11 20:23:45    -2538.596482        5.640741
BFGS:   12 20:23:46    -2544.409840        5.568774
BFGS:   13 20:23:47    -2548.869127        5.883163
BFGS:   14 20:23:48    -2551.172692        6.080726
BFGS:   15 20:23:49    -2552.725070        5.487835
BFGS:   16 20:23:49    -2554.503238        2.488886
BFGS:   17 20:23:50    -2555.224915        3.073437
BFGS:   18 20:23:50    -2555.352478        1.909031
BFGS:   19 20:23:51    -2555.672832        1.902907
BFGS:   20 20:23:52    -2555.928288        1.253599
BFGS:   21 20:23:52    -2556.086417        1.559430
BFGS:   22 20:23:53    -2556.251234        1.554255
BFGS:   23 20:23:54    -2556.538838        2.225886
BFGS:   24 20:23:54    -2557.049406        3.407020
BFGS:   25 20:23:55    -2557.302425        3.071017
BFGS:   26 20:23:56    -2557.964858        3.400118
BFGS:   27 20:23:57    -2558.491602        2.662580
BFGS:   28 20:23:57    -2558.954385        5.669875
BFGS:   29 20:23:58    -2559.418806        1.783134
BFGS:   30 20:23:59    -2559.579628        0.953328
BFGS:   31 20:23:59    -2559.710614        1.183541
BFGS:   32 20:24:00    -2559.783247        1.039789
BFGS:   33 20:24:01    -2559.996393        0.928996
BFGS:   34 20:24:02    -2560.192275        1.069236
BFGS:   35 20:24:03    -2560.441955        1.634108
BFGS:   36 20:24:03    -2560.855541        2.888026
BFGS:   37 20:24:04    -2561.006523        2.004221
BFGS:   38 20:24:05    -2561.427269        2.913956
BFGS:   39 20:24:06    -2561.894424        2.410387
BFGS:   40 20:24:07    -2562.431373        1.297365
BFGS:   41 20:24:07    -2562.673139        1.241422
BFGS:   42 20:24:08    -2562.856003        1.195626
BFGS:   43 20:24:09    -2562.958951        0.746374
BFGS:   44 20:24:10    -2563.032161        0.555309
BFGS:   45 20:24:11    -2563.125077        0.614383
BFGS:   46 20:24:11    -2563.200353        0.695858
BFGS:   47 20:24:12    -2563.290895        0.702235
BFGS:   48 20:24:13    -2563.356521        0.579683
BFGS:   49 20:24:14    -2563.425661        0.540400
BFGS:   50 20:24:14    -2563.494267        0.612454
BFGS:   51 20:24:15    -2563.574529        0.607112
BFGS:   52 20:24:16    -2563.659073        0.727932
BFGS:   53 20:24:17    -2563.738431        0.636383
BFGS:   54 20:24:17    -2563.811829        0.489420
BFGS:   55 20:24:18    -2563.889204        0.570433
BFGS:   56 20:24:19    -2563.965936        0.657136
BFGS:   57 20:24:20    -2564.038344        0.538430
BFGS:   58 20:24:21    -2564.102454        0.511021
BFGS:   59 20:24:22    -2564.150186        0.422392
BFGS:   60 20:24:22    -2564.186047        0.430586
BFGS:   61 20:24:23    -2564.225625        0.398056
BFGS:   62 20:24:24    -2564.271715        0.433399
BFGS:   63 20:24:24    -2564.318898        0.441790
BFGS:   64 20:24:25    -2564.356190        0.490007
BFGS:   65 20:24:25    -2564.385820        0.426241
BFGS:   66 20:24:26    -2564.414135        0.392785
BFGS:   67 20:24:27    -2564.444023        0.417267
BFGS:   68 20:24:27    -2564.476130        0.412362
BFGS:   69 20:24:28    -2564.504910        0.466707
BFGS:   70 20:24:29    -2564.526844        0.392990
BFGS:   71 20:24:29    -2564.545679        0.264467
BFGS:   72 20:24:30    -2564.563334        0.239220
BFGS:   73 20:24:31    -2564.577943        0.241823
BFGS:   74 20:24:31    -2564.588554        0.187391
BFGS:   75 20:24:32    -2564.596275        0.150047
BFGS:   76 20:24:32    -2564.603028        0.138311
BFGS:   77 20:24:33    -2564.610280        0.139752
BFGS:   78 20:24:33    -2564.618718        0.162712
BFGS:   79 20:24:34    -2564.628951        0.218393
BFGS:   80 20:24:34    -2564.642462        0.247783
BFGS:   81 20:24:35    -2564.659233        0.251377
BFGS:   82 20:24:35    -2564.677617        0.269656
BFGS:   83 20:24:36    -2564.695455        0.280589
BFGS:   84 20:24:37    -2564.711972        0.240011
BFGS:   85 20:24:37    -2564.727067        0.222924
BFGS:   86 20:24:38    -2564.741146        0.206727
BFGS:   87 20:24:38    -2564.753008        0.161563
BFGS:   88 20:24:39    -2564.761659        0.150092
BFGS:   89 20:24:39    -2564.767221        0.116671
BFGS:   90 20:24:40    -2564.770791        0.109362
BFGS:   91 20:24:40    -2564.773394        0.085222
BFGS:   92 20:24:41    -2564.775618        0.082745
BFGS:   93 20:24:41    -2564.777584        0.074352
BFGS:   94 20:24:42    -2564.779125        0.068167
BFGS:   95 20:24:42    -2564.780430        0.068866
BFGS:   96 20:24:43    -2564.781839        0.070936
BFGS:   97 20:24:43    -2564.783624        0.092955
BFGS:   98 20:24:44    -2564.785732        0.092923
BFGS:   99 20:24:44    -2564.787910        0.071476
BFGS:  100 20:24:45    -2564.790109        0.068417
BFGS:  101 20:24:45    -2564.792395        0.082105
BFGS:  102 20:24:46    -2564.794868        0.089740
BFGS:  103 20:24:46    -2564.797513        0.100483
BFGS:  104 20:24:47    -2564.800547        0.102368
BFGS:  105 20:24:47    -2564.804195        0.144520
BFGS:  106 20:24:48    -2564.808397        0.138687
BFGS:  107 20:24:48    -2564.812353        0.114197
BFGS:  108 20:24:49    -2564.815665        0.094954
BFGS:  109 20:24:49    -2564.819001        0.105911
BFGS:  110 20:24:50    -2564.823170        0.126431
BFGS:  111 20:24:50    -2564.828556        0.146849
BFGS:  112 20:24:51    -2564.834714        0.134018
BFGS:  113 20:24:52    -2564.841534        0.143164
BFGS:  114 20:24:52    -2564.849723        0.157749
BFGS:  115 20:24:53    -2564.860344        0.208357
BFGS:  116 20:24:53    -2564.871514        0.219521
BFGS:  117 20:24:54    -2564.883350        0.248920
BFGS:  118 20:24:55    -2564.898086        0.266144
BFGS:  119 20:24:55    -2564.908169        0.261979
BFGS:  120 20:24:56    -2564.921387        0.280994
BFGS:  121 20:24:56    -2564.929639        0.234652
BFGS:  122 20:24:57    -2564.939743        0.244077
BFGS:  123 20:24:57    -2564.945440        0.138413
BFGS:  124 20:24:58    -2564.950338        0.108871
BFGS:  125 20:24:59    -2564.955558        0.152154
BFGS:  126 20:24:59    -2564.959958        0.114896
BFGS:  127 20:25:00    -2564.963802        0.109926
BFGS:  128 20:25:00    -2564.967262        0.100786
BFGS:  129 20:25:01    -2564.970850        0.118314
BFGS:  130 20:25:01    -2564.974855        0.107428
BFGS:  131 20:25:02    -2564.978760        0.119541
BFGS:  132 20:25:03    -2564.982724        0.117688
BFGS:  133 20:25:03    -2564.987290        0.128736
BFGS:  134 20:25:04    -2564.991207        0.156267
BFGS:  135 20:25:04    -2564.996051        0.240012
BFGS:  136 20:25:05    -2565.001410        0.157742
BFGS:  137 20:25:05    -2565.006706        0.112497
BFGS:  138 20:25:06    -2565.010244        0.117902
BFGS:  139 20:25:07    -2565.014426        0.121244
BFGS:  140 20:25:07    -2565.018784        0.106897
BFGS:  141 20:25:08    -2565.023287        0.128195
BFGS:  142 20:25:09    -2565.027357        0.168314
BFGS:  143 20:25:09    -2565.029664        0.155160
BFGS:  144 20:25:10    -2565.033474        0.106868
BFGS:  145 20:25:11    -2565.038084        0.149029
BFGS:  146 20:25:11    -2565.042002        0.117366
BFGS:  147 20:25:12    -2565.046144        0.181782
BFGS:  148 20:25:13    -2565.051389        0.222182
BFGS:  149 20:25:13    -2565.056561        0.320135
BFGS:  150 20:25:14    -2565.063445        0.364661
BFGS:  151 20:25:15    -2565.069571        0.441736
BFGS:  152 20:25:15    -2565.078125        0.467550
BFGS:  153 20:25:16    -2565.085285        0.498851
BFGS:  154 20:25:17    -2565.095400        0.467093
BFGS:  155 20:25:18    -2565.104041        0.485914
BFGS:  156 20:25:19    -2565.116533        0.331395
BFGS:  157 20:25:19    -2565.125186        0.418352
BFGS:  158 20:25:20    -2565.137832        0.292250
BFGS:  159 20:25:21    -2565.150277        0.267162
BFGS:  160 20:25:22    -2565.163542        0.210842
BFGS:  161 20:25:22    -2565.178232        0.196265
BFGS:  162 20:25:23    -2565.188287        0.195049
BFGS:  163 20:25:24    -2565.202631        0.172713
BFGS:  164 20:25:25    -2565.210198        0.180562
BFGS:  165 20:25:25    -2565.219348        0.187102
BFGS:  166 20:25:26    -2565.226630        0.182329
BFGS:  167 20:25:27    -2565.233526        0.178288
BFGS:  168 20:25:27    -2565.238232        0.316752
BFGS:  169 20:25:28    -2565.242413        0.156082
BFGS:  170 20:25:28    -2565.246905        0.245587
BFGS:  171 20:25:29    -2565.250753        0.154227
BFGS:  172 20:25:30    -2565.253938        0.156380
BFGS:  173 20:25:30    -2565.256207        0.147251
BFGS:  174 20:25:31    -2565.258437        0.124793
BFGS:  175 20:25:31    -2565.260177        0.090642
BFGS:  176 20:25:32    -2565.261900        0.128118
BFGS:  177 20:25:33    -2565.264196        0.097167
BFGS:  178 20:25:33    -2565.266812        0.087014
BFGS:  179 20:25:34    -2565.269505        0.113217
BFGS:  180 20:25:34    -2565.272181        0.165100
BFGS:  181 20:25:34    -2565.275353        0.159988
BFGS:  182 20:25:35    -2565.278828        0.234804
BFGS:  183 20:25:36    -2565.282294        0.132259
BFGS:  184 20:25:36    -2565.285739        0.131826
BFGS:  185 20:25:37    -2565.289687        0.164450
BFGS:  186 20:25:37    -2565.294068        0.214210
BFGS:  187 20:25:38    -2565.299134        0.202959
BFGS:  188 20:25:38    -2565.303996        0.226258
BFGS:  189 20:25:39    -2565.309754        0.202084
BFGS:  190 20:25:40    -2565.314763        0.212448
BFGS:  191 20:25:40    -2565.321190        0.182011
BFGS:  192 20:25:41    -2565.326152        0.197311
BFGS:  193 20:25:41    -2565.332775        0.202608
BFGS:  194 20:25:42    -2565.338257        0.210227
BFGS:  195 20:25:42    -2565.344802        0.215721
BFGS:  196 20:25:43    -2565.351024        0.218084
BFGS:  197 20:25:43    -2565.357783        0.218333
BFGS:  198 20:25:44    -2565.364404        0.215987
BFGS:  199 20:25:44    -2565.371582        0.210620
BFGS:  200 20:25:45    -2565.378117        0.204664
