      Step     Time          Energy          fmax
BFGS:    0 13:15:19    -3631.262159      430.041355
BFGS:    1 13:15:21    -3714.568785       43.166433
BFGS:    2 13:15:23    -3732.117539       70.735548
BFGS:    3 13:15:25    -3740.654858       41.558313
BFGS:    4 13:15:27    -3745.474249       18.396189
BFGS:    5 13:15:28    -3747.429881        8.819975
BFGS:    6 13:15:30    -3748.878533        5.672825
BFGS:    7 13:15:32    -3750.259333        3.002682
BFGS:    8 13:15:33    -3751.010545        3.811720
BFGS:    9 13:15:35    -3751.625882        4.282292
BFGS:   10 13:15:37    -3752.304064        4.503343
BFGS:   11 13:15:39    -3752.928894        4.431499
BFGS:   12 13:15:41    -3753.422996        4.219487
BFGS:   13 13:15:43    -3753.853096        3.992535
BFGS:   14 13:15:45    -3754.313386        3.743281
BFGS:   15 13:15:48    -3754.822125        3.428695
BFGS:   16 13:15:50    -3755.219033        3.042049
BFGS:   17 13:15:52    -3755.620769        2.647075
BFGS:   18 13:15:54    -3755.941201        2.235437
BFGS:   19 13:15:56    -3756.199370        1.854617
BFGS:   20 13:15:58    -3756.466280        1.341131
BFGS:   21 13:16:00    -3756.688351        1.007757
BFGS:   22 13:16:02    -3757.004874        1.439591
BFGS:   23 13:16:05    -3757.241349        1.312457
BFGS:   24 13:16:07    -3757.490023        1.121392
BFGS:   25 13:16:09    -3757.616281        0.943783
BFGS:   26 13:16:11    -3757.709501        0.640691
BFGS:   27 13:16:13    -3757.807376        0.873908
BFGS:   28 13:16:14    -3757.873255        0.923721
BFGS:   29 13:16:17    -3757.912902        0.996097
BFGS:   30 13:16:18    -3757.939544        0.800954
BFGS:   31 13:16:20    -3757.961894        0.563250
BFGS:   32 13:16:22    -3757.975667        0.289961
BFGS:   33 13:16:23    -3757.981167        0.153972
BFGS:   34 13:16:25    -3757.983757        0.091122
BFGS:   35 13:16:26    -3757.985402        0.090647
BFGS:   36 13:16:28    -3757.986943        0.108654
BFGS:   37 13:16:29    -3757.988632        0.111320
BFGS:   38 13:16:31    -3757.990255        0.097198
BFGS:   39 13:16:32    -3757.991750        0.059060
BFGS:   40 13:16:34    -3757.993349        0.083261
BFGS:   41 13:16:35    -3757.995258        0.108389
BFGS:   42 13:16:37    -3757.997585        0.118362
BFGS:   43 13:16:38    -3757.999909        0.150436
BFGS:   44 13:16:40    -3758.002209        0.158438
BFGS:   45 13:16:41    -3758.004987        0.140827
BFGS:   46 13:16:43    -3758.009064        0.166244
BFGS:   47 13:16:45    -3758.014346        0.150638
BFGS:   48 13:16:47    -3758.020015        0.133006
BFGS:   49 13:16:48    -3758.025763        0.184633
BFGS:   50 13:16:50    -3758.032406        0.245611
BFGS:   51 13:16:53    -3758.040839        0.278460
BFGS:   52 13:16:54    -3758.050634        0.277474
BFGS:   53 13:16:56    -3758.061949        0.312792
BFGS:   54 13:16:58    -3758.072810        0.263657
BFGS:   55 13:17:00    -3758.084212        0.266349
BFGS:   56 13:17:01    -3758.097047        0.266079
BFGS:   57 13:17:03    -3758.107077        0.216445
BFGS:   58 13:17:05    -3758.114085        0.224609
BFGS:   59 13:17:07    -3758.120532        0.232732
BFGS:   60 13:17:08    -3758.129350        0.250894
BFGS:   61 13:17:10    -3758.142323        0.257945
BFGS:   62 13:17:12    -3758.159357        0.282334
BFGS:   63 13:17:14    -3758.174004        0.469111
BFGS:   64 13:17:16    -3758.182657        0.534572
BFGS:   65 13:17:18    -3758.199833        0.502523
BFGS:   66 13:17:19    -3758.221459        0.527091
BFGS:   67 13:17:21    -3758.256968        0.718349
BFGS:   68 13:17:24    -3758.290242        0.912031
BFGS:   69 13:17:26    -3758.298371        1.092684
BFGS:   70 13:17:28    -3758.343937        0.595283
BFGS:   71 13:17:29    -3758.373607        0.480936
BFGS:   72 13:17:31    -3758.403607        0.199038
BFGS:   73 13:17:33    -3758.411585        0.199615
BFGS:   74 13:17:34    -3758.419254        0.159228
BFGS:   75 13:17:36    -3758.424801        0.108734
BFGS:   76 13:17:37    -3758.429059        0.118935
BFGS:   77 13:17:39    -3758.433850        0.114002
BFGS:   78 13:17:40    -3758.437441        0.118506
BFGS:   79 13:17:42    -3758.440722        0.173312
BFGS:   80 13:17:43    -3758.443866        0.193724
BFGS:   81 13:17:45    -3758.446983        0.181452
BFGS:   82 13:17:46    -3758.449893        0.151473
BFGS:   83 13:17:47    -3758.452938        0.183614
BFGS:   84 13:17:49    -3758.456600        0.197231
BFGS:   85 13:17:50    -3758.461071        0.182098
BFGS:   86 13:17:52    -3758.465840        0.138896
BFGS:   87 13:17:53    -3758.470161        0.103230
BFGS:   88 13:17:55    -3758.473900        0.110527
BFGS:   89 13:17:56    -3758.477506        0.127181
BFGS:   90 13:17:57    -3758.481316        0.165098
BFGS:   91 13:17:59    -3758.485161        0.169364
BFGS:   92 13:18:01    -3758.488729        0.151425
BFGS:   93 13:18:02    -3758.492026        0.159675
BFGS:   94 13:18:04    -3758.495650        0.140948
BFGS:   95 13:18:05    -3758.499671        0.115404
BFGS:   96 13:18:07    -3758.503955        0.129349
BFGS:   97 13:18:08    -3758.508309        0.117472
BFGS:   98 13:18:10    -3758.513005        0.123157
BFGS:   99 13:18:12    -3758.518827        0.162257
BFGS:  100 13:18:13    -3758.526415        0.160137
BFGS:  101 13:18:15    -3758.535605        0.206926
BFGS:  102 13:18:17    -3758.545569        0.231009
BFGS:  103 13:18:19    -3758.556291        0.225023
BFGS:  104 13:18:20    -3758.568248        0.217996
BFGS:  105 13:18:22    -3758.580070        0.165308
BFGS:  106 13:18:24    -3758.589808        0.168407
BFGS:  107 13:18:25    -3758.596621        0.116114
BFGS:  108 13:18:27    -3758.601892        0.126064
BFGS:  109 13:18:28    -3758.606753        0.127837
BFGS:  110 13:18:30    -3758.611016        0.108914
BFGS:  111 13:18:31    -3758.613941        0.084739
BFGS:  112 13:18:32    -3758.616153        0.104246
BFGS:  113 13:18:34    -3758.618344        0.110046
BFGS:  114 13:18:35    -3758.620846        0.098503
BFGS:  115 13:18:37    -3758.623533        0.088849
BFGS:  116 13:18:38    -3758.626198        0.111993
BFGS:  117 13:18:40    -3758.628589        0.122170
BFGS:  118 13:18:42    -3758.630559        0.084080
BFGS:  119 13:18:43    -3758.632005        0.074469
BFGS:  120 13:18:44    -3758.633229        0.076151
BFGS:  121 13:18:46    -3758.634651        0.081527
BFGS:  122 13:18:47    -3758.636640        0.097263
BFGS:  123 13:18:48    -3758.639089        0.089750
BFGS:  124 13:18:50    -3758.641637        0.092498
BFGS:  125 13:18:51    -3758.643860        0.074835
BFGS:  126 13:18:52    -3758.645844        0.069514
BFGS:  127 13:18:54    -3758.647816        0.074746
BFGS:  128 13:18:55    -3758.649892        0.067356
BFGS:  129 13:18:56    -3758.651910        0.068500
BFGS:  130 13:18:58    -3758.653822        0.092733
BFGS:  131 13:18:59    -3758.655808        0.082895
BFGS:  132 13:19:00    -3758.658123        0.086044
BFGS:  133 13:19:02    -3758.660906        0.095362
BFGS:  134 13:19:03    -3758.663983        0.132603
BFGS:  135 13:19:04    -3758.667094        0.130753
BFGS:  136 13:19:06    -3758.669950        0.101916
BFGS:  137 13:19:07    -3758.672654        0.091241
BFGS:  138 13:19:08    -3758.675252        0.079931
BFGS:  139 13:19:10    -3758.677723        0.095395
BFGS:  140 13:19:11    -3758.680159        0.106390
BFGS:  141 13:19:13    -3758.682783        0.124088
BFGS:  142 13:19:14    -3758.686054        0.111670
BFGS:  143 13:19:16    -3758.690297        0.117165
BFGS:  144 13:19:17    -3758.695688        0.122251
BFGS:  145 13:19:19    -3758.701792        0.123688
BFGS:  146 13:19:21    -3758.709155        0.130603
BFGS:  147 13:19:22    -3758.719040        0.209749
BFGS:  148 13:19:24    -3758.733859        0.352330
BFGS:  149 13:19:26    -3758.756493        0.403681
BFGS:  150 13:19:28    -3758.797705        0.393956
BFGS:  151 13:19:29    -3758.826713        0.420712
BFGS:  152 13:19:32    -3758.758686        1.117497
BFGS:  153 13:19:34    -3758.906480        0.470426
BFGS:  154 13:19:36    -3758.934115        0.311643
BFGS:  155 13:19:37    -3758.975107        0.247054
BFGS:  156 13:19:39    -3759.003488        0.345310
BFGS:  157 13:19:41    -3759.026391        0.336460
BFGS:  158 13:19:42    -3759.048095        0.221964
BFGS:  159 13:19:44    -3759.063456        0.235946
BFGS:  160 13:19:46    -3759.079109        0.219009
BFGS:  161 13:19:47    -3759.094941        0.173286
BFGS:  162 13:19:48    -3759.105060        0.142922
BFGS:  163 13:19:50    -3759.112574        0.161236
BFGS:  164 13:19:51    -3759.118356        0.110025
BFGS:  165 13:19:52    -3759.122013        0.080592
BFGS:  166 13:19:53    -3759.124310        0.073665
BFGS:  167 13:19:55    -3759.126113        0.076366
BFGS:  168 13:19:56    -3759.128142        0.073711
BFGS:  169 13:19:57    -3759.130703        0.085310
BFGS:  170 13:19:59    -3759.133869        0.105007
BFGS:  171 13:20:00    -3759.137256        0.093784
BFGS:  172 13:20:01    -3759.140433        0.087690
BFGS:  173 13:20:03    -3759.143367        0.117674
BFGS:  174 13:20:04    -3759.146728        0.143435
BFGS:  175 13:20:06    -3759.151163        0.149430
BFGS:  176 13:20:07    -3759.157151        0.129821
BFGS:  177 13:20:09    -3759.164166        0.125533
BFGS:  178 13:20:10    -3759.171163        0.147489
BFGS:  179 13:20:12    -3759.177544        0.135841
BFGS:  180 13:20:14    -3759.183527        0.148089
BFGS:  181 13:20:15    -3759.189277        0.145558
BFGS:  182 13:20:16    -3759.194688        0.126294
BFGS:  183 13:20:18    -3759.199418        0.128621
BFGS:  184 13:20:19    -3759.203778        0.141343
BFGS:  185 13:20:21    -3759.207690        0.109155
BFGS:  186 13:20:22    -3759.210928        0.094910
BFGS:  187 13:20:24    -3759.213477        0.091411
BFGS:  188 13:20:25    -3759.215912        0.084022
BFGS:  189 13:20:26    -3759.218876        0.085977
BFGS:  190 13:20:28    -3759.222705        0.114357
BFGS:  191 13:20:29    -3759.226614        0.113617
BFGS:  192 13:20:31    -3759.230012        0.106987
BFGS:  193 13:20:32    -3759.233070        0.105668
BFGS:  194 13:20:33    -3759.236144        0.087493
BFGS:  195 13:20:35    -3759.239054        0.088035
BFGS:  196 13:20:36    -3759.241627        0.083430
BFGS:  197 13:20:38    -3759.243880        0.072533
BFGS:  198 13:20:39    -3759.246100        0.068874
BFGS:  199 13:20:40    -3759.248202        0.073948
BFGS:  200 13:20:42    -3759.249975        0.076587
