      Step     Time          Energy          fmax
BFGS:    0 13:45:16    -3648.680446      312.619338
BFGS:    1 13:45:18    -3718.073925       36.690655
BFGS:    2 13:45:20    -3726.833020       83.671316
BFGS:    3 13:45:22    -3738.322772       33.527842
BFGS:    4 13:45:24    -3742.486776       13.843190
BFGS:    5 13:45:26    -3744.116256        6.190656
BFGS:    6 13:45:28    -3745.476447        5.361583
BFGS:    7 13:45:29    -3746.828736        2.575772
BFGS:    8 13:45:31    -3747.515505        3.695633
BFGS:    9 13:45:33    -3748.215410        4.042809
BFGS:   10 13:45:34    -3748.855669        4.063617
BFGS:   11 13:45:36    -3749.348191        3.879722
BFGS:   12 13:45:38    -3749.763297        3.545139
BFGS:   13 13:45:40    -3750.126359        3.141596
BFGS:   14 13:45:42    -3750.490715        2.510946
BFGS:   15 13:45:43    -3750.752942        1.844274
BFGS:   16 13:45:45    -3750.896990        1.481641
BFGS:   17 13:45:46    -3751.008251        1.282146
BFGS:   18 13:45:48    -3751.102671        1.009615
BFGS:   19 13:45:50    -3751.174076        0.599537
BFGS:   20 13:45:51    -3751.229777        0.451472
BFGS:   21 13:45:53    -3751.287756        0.677106
BFGS:   22 13:45:55    -3751.408276        1.217083
BFGS:   23 13:45:57    -3751.479962        1.483907
BFGS:   24 13:45:59    -3751.607447        0.971385
BFGS:   25 13:46:00    -3751.704801        0.581105
BFGS:   26 13:46:02    -3751.779159        0.688687
BFGS:   27 13:46:04    -3751.894944        0.867597
BFGS:   28 13:46:06    -3752.015229        1.007342
BFGS:   29 13:46:08    -3752.169790        1.505450
BFGS:   30 13:46:10    -3752.304809        1.283507
BFGS:   31 13:46:12    -3752.477369        0.981857
BFGS:   32 13:46:14    -3752.579007        0.684437
BFGS:   33 13:46:15    -3752.643960        0.765554
BFGS:   34 13:46:17    -3752.684248        0.794338
BFGS:   35 13:46:18    -3752.735882        0.875653
BFGS:   36 13:46:20    -3752.790917        0.632036
BFGS:   37 13:46:21    -3752.833050        0.372227
BFGS:   38 13:46:23    -3752.863199        0.395362
BFGS:   39 13:46:24    -3752.884696        0.484830
BFGS:   40 13:46:26    -3752.902223        0.368153
BFGS:   41 13:46:27    -3752.918043        0.390953
BFGS:   42 13:46:29    -3752.932373        0.406816
BFGS:   43 13:46:30    -3752.946778        0.438137
BFGS:   44 13:46:31    -3752.965103        0.490821
BFGS:   45 13:46:33    -3752.992190        0.544354
BFGS:   46 13:46:34    -3753.030967        0.557603
BFGS:   47 13:46:36    -3753.074577        0.562364
BFGS:   48 13:46:38    -3753.109270        0.501493
BFGS:   49 13:46:39    -3753.131214        0.249670
BFGS:   50 13:46:40    -3753.143758        0.200079
BFGS:   51 13:46:42    -3753.154457        0.218565
BFGS:   52 13:46:43    -3753.164228        0.225977
BFGS:   53 13:46:44    -3753.172603        0.246973
BFGS:   54 13:46:46    -3753.179422        0.199442
BFGS:   55 13:46:47    -3753.185250        0.116759
BFGS:   56 13:46:48    -3753.190676        0.118647
BFGS:   57 13:46:49    -3753.196060        0.143789
BFGS:   58 13:46:50    -3753.201540        0.165384
BFGS:   59 13:46:51    -3753.207212        0.203192
BFGS:   60 13:46:53    -3753.212809        0.197009
BFGS:   61 13:46:54    -3753.217827        0.177723
BFGS:   62 13:46:55    -3753.221995        0.145930
BFGS:   63 13:46:56    -3753.225590        0.148714
BFGS:   64 13:46:58    -3753.229176        0.164240
BFGS:   65 13:46:59    -3753.232964        0.170854
BFGS:   66 13:47:00    -3753.236572        0.161575
BFGS:   67 13:47:01    -3753.239505        0.132676
BFGS:   68 13:47:02    -3753.241796        0.110859
BFGS:   69 13:47:03    -3753.243957        0.106799
BFGS:   70 13:47:05    -3753.246180        0.113373
BFGS:   71 13:47:06    -3753.248478        0.120448
BFGS:   72 13:47:07    -3753.250614        0.108537
BFGS:   73 13:47:08    -3753.252438        0.125667
BFGS:   74 13:47:09    -3753.254011        0.131620
BFGS:   75 13:47:11    -3753.255481        0.142609
BFGS:   76 13:47:12    -3753.257091        0.139572
BFGS:   77 13:47:13    -3753.259118        0.120944
BFGS:   78 13:47:14    -3753.261823        0.121145
BFGS:   79 13:47:15    -3753.265121        0.112213
BFGS:   80 13:47:17    -3753.268810        0.128400
BFGS:   81 13:47:18    -3753.272803        0.121798
BFGS:   82 13:47:19    -3753.277634        0.151505
BFGS:   83 13:47:21    -3753.283409        0.168383
BFGS:   84 13:47:22    -3753.289774        0.164247
BFGS:   85 13:47:24    -3753.296137        0.143508
BFGS:   86 13:47:25    -3753.303061        0.155767
BFGS:   87 13:47:26    -3753.311994        0.179689
BFGS:   88 13:47:28    -3753.323505        0.215512
BFGS:   89 13:47:29    -3753.334284        0.199120
BFGS:   90 13:47:30    -3753.340821        0.200574
BFGS:   91 13:47:31    -3753.344163        0.199403
BFGS:   92 13:47:32    -3753.346725        0.176230
BFGS:   93 13:47:34    -3753.349537        0.133863
BFGS:   94 13:47:35    -3753.352474        0.108079
BFGS:   95 13:47:36    -3753.355117        0.102236
BFGS:   96 13:47:38    -3753.357432        0.086428
BFGS:   97 13:47:39    -3753.359625        0.088132
BFGS:   98 13:47:40    -3753.361786        0.078755
BFGS:   99 13:47:41    -3753.363732        0.070283
BFGS:  100 13:47:42    -3753.365369        0.070494
BFGS:  101 13:47:44    -3753.366715        0.085277
BFGS:  102 13:47:45    -3753.367824        0.074532
BFGS:  103 13:47:46    -3753.368790        0.062010
BFGS:  104 13:47:47    -3753.369685        0.068960
BFGS:  105 13:47:49    -3753.370555        0.063917
BFGS:  106 13:47:50    -3753.371575        0.058536
BFGS:  107 13:47:51    -3753.372642        0.064222
BFGS:  108 13:47:52    -3753.373790        0.070404
BFGS:  109 13:47:53    -3753.375054        0.078321
BFGS:  110 13:47:54    -3753.376533        0.081609
BFGS:  111 13:47:56    -3753.378271        0.075156
BFGS:  112 13:47:57    -3753.380242        0.074562
BFGS:  113 13:47:58    -3753.382475        0.090114
BFGS:  114 13:48:00    -3753.384996        0.092946
BFGS:  115 13:48:02    -3753.387769        0.084191
BFGS:  116 13:48:04    -3753.390790        0.119652
BFGS:  117 13:48:05    -3753.393781        0.115798
BFGS:  118 13:48:07    -3753.396575        0.091586
BFGS:  119 13:48:08    -3753.399056        0.078114
BFGS:  120 13:48:10    -3753.401144        0.068829
BFGS:  121 13:48:12    -3753.402795        0.068780
BFGS:  122 13:48:14    -3753.404024        0.058218
BFGS:  123 13:48:15    -3753.404938        0.062231
BFGS:  124 13:48:17    -3753.405668        0.062450
BFGS:  125 13:48:18    -3753.406328        0.063811
BFGS:  126 13:48:19    -3753.406993        0.061632
BFGS:  127 13:48:21    -3753.407694        0.054316
BFGS:  128 13:48:22    -3753.408295        0.043849
BFGS:  129 13:48:23    -3753.408855        0.043427
BFGS:  130 13:48:24    -3753.409420        0.047550
BFGS:  131 13:48:25    -3753.410035        0.054282
BFGS:  132 13:48:26    -3753.410681        0.053408
BFGS:  133 13:48:28    -3753.411356        0.062582
BFGS:  134 13:48:29    -3753.411976        0.050738
BFGS:  135 13:48:30    -3753.412496        0.040688
BFGS:  136 13:48:32    -3753.412881        0.038301
BFGS:  137 13:48:33    -3753.413171        0.032396
BFGS:  138 13:48:34    -3753.413399        0.031696
BFGS:  139 13:48:35    -3753.413601        0.035898
BFGS:  140 13:48:36    -3753.413796        0.026084
BFGS:  141 13:48:37    -3753.414005        0.021716
BFGS:  142 13:48:38    -3753.414240        0.028043
BFGS:  143 13:48:39    -3753.414493        0.033641
BFGS:  144 13:48:40    -3753.414733        0.031669
BFGS:  145 13:48:41    -3753.414975        0.031307
BFGS:  146 13:48:42    -3753.415259        0.034489
BFGS:  147 13:48:44    -3753.415643        0.042532
BFGS:  148 13:48:45    -3753.416132        0.063466
BFGS:  149 13:48:46    -3753.416681        0.063468
BFGS:  150 13:48:47    -3753.417222        0.040688
BFGS:  151 13:48:48    -3753.417784        0.055359
BFGS:  152 13:48:49    -3753.418419        0.055218
BFGS:  153 13:48:50    -3753.419142        0.049519
BFGS:  154 13:48:51    -3753.419942        0.050255
BFGS:  155 13:48:53    -3753.420885        0.066364
BFGS:  156 13:48:54    -3753.422103        0.101137
BFGS:  157 13:48:55    -3753.423721        0.098675
BFGS:  158 13:48:57    -3753.425554        0.060773
BFGS:  159 13:48:58    -3753.427316        0.075641
BFGS:  160 13:48:59    -3753.428781        0.075411
BFGS:  161 13:49:00    -3753.430252        0.079750
BFGS:  162 13:49:01    -3753.431826        0.074259
BFGS:  163 13:49:02    -3753.433853        0.088502
BFGS:  164 13:49:03    -3753.436522        0.112719
BFGS:  165 13:49:05    -3753.439794        0.127989
BFGS:  166 13:49:06    -3753.443583        0.128101
BFGS:  167 13:49:08    -3753.447185        0.107577
BFGS:  168 13:49:09    -3753.450117        0.106076
BFGS:  169 13:49:10    -3753.452611        0.097364
BFGS:  170 13:49:11    -3753.454786        0.100703
BFGS:  171 13:49:12    -3753.456899        0.096380
BFGS:  172 13:49:14    -3753.458781        0.072635
BFGS:  173 13:49:15    -3753.460126        0.069780
BFGS:  174 13:49:16    -3753.461702        0.070759
BFGS:  175 13:49:17    -3753.463599        0.065184
BFGS:  176 13:49:18    -3753.465643        0.066032
BFGS:  177 13:49:19    -3753.467356        0.068483
BFGS:  178 13:49:20    -3753.468616        0.046262
BFGS:  179 13:49:21    -3753.469707        0.051461
BFGS:  180 13:49:23    -3753.470881        0.061724
BFGS:  181 13:49:24    -3753.471974        0.063184
BFGS:  182 13:49:25    -3753.472954        0.054168
BFGS:  183 13:49:26    -3753.473681        0.048282
BFGS:  184 13:49:27    -3753.474330        0.052590
BFGS:  185 13:49:28    -3753.475119        0.051438
BFGS:  186 13:49:29    -3753.476223        0.069990
BFGS:  187 13:49:30    -3753.477555        0.070146
BFGS:  188 13:49:31    -3753.478988        0.059283
BFGS:  189 13:49:33    -3753.480197        0.045841
BFGS:  190 13:49:34    -3753.481240        0.042431
BFGS:  191 13:49:35    -3753.482184        0.059054
BFGS:  192 13:49:36    -3753.483267        0.056248
BFGS:  193 13:49:37    -3753.484389        0.061205
BFGS:  194 13:49:38    -3753.485529        0.061023
BFGS:  195 13:49:39    -3753.486670        0.056350
BFGS:  196 13:49:40    -3753.488066        0.071236
BFGS:  197 13:49:41    -3753.489447        0.066009
BFGS:  198 13:49:42    -3753.491472        0.094365
BFGS:  199 13:49:43    -3753.493863        0.108248
BFGS:  200 13:49:45    -3753.496413        0.111479
