      Step     Time          Energy          fmax
BFGS:    0 09:45:55    -3800.640559        3.829350
BFGS:    1 09:45:57    -3800.915988        3.045195
BFGS:    2 09:45:58    -3801.322510        0.945396
BFGS:    3 09:46:00    -3801.340535        0.412692
BFGS:    4 09:46:01    -3801.344932        0.277993
BFGS:    5 09:46:02    -3801.347444        0.325707
BFGS:    6 09:46:03    -3801.354352        0.399997
BFGS:    7 09:46:04    -3801.364408        0.369606
BFGS:    8 09:46:06    -3801.372368        0.327469
BFGS:    9 09:46:07    -3801.374908        0.193569
BFGS:   10 09:46:08    -3801.376397        0.220770
BFGS:   11 09:46:09    -3801.378132        0.275339
BFGS:   12 09:46:10    -3801.381111        0.302094
BFGS:   13 09:46:11    -3801.384971        0.252706
BFGS:   14 09:46:13    -3801.387748        0.146767
BFGS:   15 09:46:14    -3801.388537        0.052379
BFGS:   16 09:46:15    -3801.388648        0.052775
BFGS:   17 09:46:16    -3801.388763        0.058415
BFGS:   18 09:46:17    -3801.389134        0.088309
BFGS:   19 09:46:18    -3801.390352        0.199918
BFGS:   20 09:46:19    -3801.396966        0.711171
BFGS:   21 09:46:21    -3801.401741        1.336565
BFGS:   22 09:46:22    -3801.412557        1.224513
BFGS:   23 09:46:23    -3801.462343        1.018433
BFGS:   24 09:46:25    -3801.507340        0.685830
BFGS:   25 09:46:26    -3801.538365        0.181965
BFGS:   26 09:46:27    -3801.540885        0.160156
BFGS:   27 09:46:29    -3801.543194        0.153556
BFGS:   28 09:46:30    -3801.543966        0.143336
BFGS:   29 09:46:31    -3801.547031        0.141409
BFGS:   30 09:46:32    -3801.551951        0.173783
BFGS:   31 09:46:33    -3801.558522        0.141547
BFGS:   32 09:46:35    -3801.562025        0.097259
BFGS:   33 09:46:36    -3801.562665        0.096377
BFGS:   34 09:46:37    -3801.562917        0.093133
BFGS:   35 09:46:38    -3801.563321        0.085619
BFGS:   36 09:46:39    -3801.564075        0.089522
BFGS:   37 09:46:40    -3801.565887        0.180614
BFGS:   38 09:46:41    -3801.571697        0.458408
BFGS:   39 09:46:43    -3801.577574        0.839292
BFGS:   40 09:46:44    -3801.590832        0.773256
BFGS:   41 09:46:46    -3801.644854        0.795843
BFGS:   42 09:46:49    -3801.711122        0.350987
BFGS:   43 09:46:51    -3801.752873        0.410670
BFGS:   44 09:46:53    -3801.782982        0.239173
BFGS:   45 09:46:55    -3801.781406        0.593456
BFGS:   46 09:46:57    -3801.812406        0.112320
BFGS:   47 09:46:58    -3801.816728        0.097941
BFGS:   48 09:46:59    -3801.818428        0.062578
BFGS:   49 09:47:00    -3801.819123        0.032943
BFGS:   50 09:47:02    -3801.819339        0.003396
