      Step     Time          Energy          fmax
BFGS:    0 12:35:00    -3090.475209       13.753343
BFGS:    1 12:35:01    -3095.159772        3.888653
BFGS:    2 12:35:02    -3096.748359        4.394816
BFGS:    3 12:35:02    -3099.078909       13.251608
BFGS:    4 12:35:03    -3100.397539       19.363358
BFGS:    5 12:35:04    -3103.219666        5.011723
BFGS:    6 12:35:04    -3105.310299        5.942061
BFGS:    7 12:35:05    -3106.139111        1.987608
BFGS:    8 12:35:06    -3106.572502        1.813180
BFGS:    9 12:35:06    -3107.180814        1.706627
BFGS:   10 12:35:07    -3107.633799        1.652406
BFGS:   11 12:35:07    -3108.485662        2.883055
BFGS:   12 12:35:08    -3108.864598        2.330275
BFGS:   13 12:35:09    -3109.592155        2.059125
BFGS:   14 12:35:09    -3109.952558        1.046555
BFGS:   15 12:35:10    -3110.231342        0.721397
BFGS:   16 12:35:11    -3110.381891        0.801760
BFGS:   17 12:35:11    -3110.531430        0.839898
BFGS:   18 12:35:12    -3110.603546        0.472999
BFGS:   19 12:35:12    -3110.643877        0.339614
BFGS:   20 12:35:13    -3110.671573        0.364565
BFGS:   21 12:35:13    -3110.703624        0.391263
BFGS:   22 12:35:14    -3110.735610        0.370185
BFGS:   23 12:35:15    -3110.765034        0.246652
BFGS:   24 12:35:15    -3110.790901        0.260427
BFGS:   25 12:35:16    -3110.818797        0.380100
BFGS:   26 12:35:16    -3110.853478        0.370335
BFGS:   27 12:35:17    -3110.895646        0.410975
BFGS:   28 12:35:17    -3110.943254        0.336934
BFGS:   29 12:35:18    -3110.992042        0.432875
BFGS:   30 12:35:19    -3111.039426        0.487996
BFGS:   31 12:35:19    -3111.089201        0.511932
BFGS:   32 12:35:20    -3111.144626        0.521921
BFGS:   33 12:35:20    -3111.210886        0.525089
BFGS:   34 12:35:21    -3111.286487        0.654861
BFGS:   35 12:35:21    -3111.360203        0.549781
BFGS:   36 12:35:22    -3111.418522        0.469915
BFGS:   37 12:35:23    -3111.469401        0.477730
BFGS:   38 12:35:23    -3111.537578        0.538188
BFGS:   39 12:35:24    -3111.662016        1.073504
BFGS:   40 12:35:25    -3111.768075        1.739152
BFGS:   41 12:35:25    -3111.879387        2.181906
BFGS:   42 12:35:26    -3112.081386        1.571232
BFGS:   43 12:35:27    -3112.374838        0.651303
BFGS:   44 12:35:27    -3112.510775        0.673072
BFGS:   45 12:35:28    -3112.606685        0.594999
BFGS:   46 12:35:28    -3112.668417        0.351157
BFGS:   47 12:35:29    -3112.709828        0.257738
BFGS:   48 12:35:30    -3112.736291        0.314014
BFGS:   49 12:35:30    -3112.760560        0.306212
BFGS:   50 12:35:31    -3112.788241        0.294936
BFGS:   51 12:35:31    -3112.812591        0.234810
BFGS:   52 12:35:32    -3112.831370        0.226709
BFGS:   53 12:35:32    -3112.846822        0.211659
BFGS:   54 12:35:33    -3112.860005        0.218239
BFGS:   55 12:35:33    -3112.872166        0.173555
BFGS:   56 12:35:34    -3112.882995        0.167325
BFGS:   57 12:35:34    -3112.892592        0.167357
BFGS:   58 12:35:35    -3112.901627        0.139689
BFGS:   59 12:35:35    -3112.910456        0.169504
BFGS:   60 12:35:36    -3112.918011        0.205961
BFGS:   61 12:35:36    -3112.923932        0.215517
BFGS:   62 12:35:37    -3112.928881        0.205635
BFGS:   63 12:35:37    -3112.933994        0.193434
BFGS:   64 12:35:38    -3112.940514        0.196489
BFGS:   65 12:35:38    -3112.950262        0.258787
BFGS:   66 12:35:39    -3112.976180        0.576518
BFGS:   67 12:35:40    -3113.067517        1.346873
BFGS:   68 12:35:41    -3113.352074        1.363004
BFGS:   69 12:35:42    -3113.046959        3.991197
BFGS:   70 12:35:43    -3113.511288        1.253205
BFGS:   71 12:35:44    -3113.692895        1.171569
BFGS:   72 12:35:45    -3114.295228        1.070927
BFGS:   73 12:35:45    -3114.406984        1.109846
BFGS:   74 12:35:46    -3114.543108        1.174838
BFGS:   75 12:35:47    -3114.616844        1.196337
BFGS:   76 12:35:48    -3114.713145        1.210131
BFGS:   77 12:35:49    -3114.770444        0.906578
BFGS:   78 12:35:49    -3114.847940        0.711014
BFGS:   79 12:35:50    -3114.902399        0.733308
BFGS:   80 12:35:51    -3114.995629        0.752801
BFGS:   81 12:35:52    -3115.069969        0.653358
BFGS:   82 12:35:52    -3115.144418        0.637032
BFGS:   83 12:35:53    -3115.217906        0.661478
BFGS:   84 12:35:54    -3115.276031        0.832298
BFGS:   85 12:35:55    -3115.334862        0.608514
BFGS:   86 12:35:55    -3115.384433        0.510176
BFGS:   87 12:35:56    -3115.418761        0.434672
BFGS:   88 12:35:56    -3115.441492        0.398067
BFGS:   89 12:35:57    -3115.465038        0.363895
BFGS:   90 12:35:57    -3115.480495        0.425883
BFGS:   91 12:35:58    -3115.496797        0.302824
BFGS:   92 12:35:59    -3115.514107        0.278553
BFGS:   93 12:35:59    -3115.531925        0.277640
BFGS:   94 12:36:00    -3115.542711        0.324137
BFGS:   95 12:36:00    -3115.555616        0.367204
BFGS:   96 12:36:01    -3115.565005        0.369817
BFGS:   97 12:36:02    -3115.573530        0.341115
BFGS:   98 12:36:02    -3115.581138        0.300426
BFGS:   99 12:36:03    -3115.588603        0.255401
BFGS:  100 12:36:03    -3115.595654        0.222333
BFGS:  101 12:36:04    -3115.603395        0.192765
BFGS:  102 12:36:05    -3115.612816        0.245706
BFGS:  103 12:36:05    -3115.623165        0.309473
BFGS:  104 12:36:06    -3115.631833        0.310650
BFGS:  105 12:36:07    -3115.638130        0.304725
BFGS:  106 12:36:07    -3115.643920        0.337327
BFGS:  107 12:36:08    -3115.651169        0.344576
BFGS:  108 12:36:09    -3115.659549        0.320039
BFGS:  109 12:36:09    -3115.667397        0.256446
BFGS:  110 12:36:10    -3115.672956        0.195478
BFGS:  111 12:36:10    -3115.676251        0.140179
BFGS:  112 12:36:11    -3115.678337        0.127450
BFGS:  113 12:36:11    -3115.680005        0.131233
BFGS:  114 12:36:12    -3115.681638        0.140657
BFGS:  115 12:36:12    -3115.683192        0.155069
BFGS:  116 12:36:13    -3115.684661        0.164778
BFGS:  117 12:36:14    -3115.685848        0.166851
BFGS:  118 12:36:14    -3115.686720        0.165586
BFGS:  119 12:36:15    -3115.687547        0.162761
BFGS:  120 12:36:15    -3115.688521        0.162356
BFGS:  121 12:36:16    -3115.689601        0.163852
BFGS:  122 12:36:16    -3115.690688        0.168819
BFGS:  123 12:36:17    -3115.691805        0.175460
BFGS:  124 12:36:17    -3115.693062        0.185064
BFGS:  125 12:36:18    -3115.694447        0.194197
BFGS:  126 12:36:18    -3115.695886        0.200326
BFGS:  127 12:36:19    -3115.697376        0.200474
BFGS:  128 12:36:19    -3115.699038        0.200608
BFGS:  129 12:36:20    -3115.700870        0.199808
BFGS:  130 12:36:21    -3115.702553        0.210042
BFGS:  131 12:36:21    -3115.703792        0.222338
BFGS:  132 12:36:22    -3115.704691        0.239076
BFGS:  133 12:36:22    -3115.705554        0.252788
BFGS:  134 12:36:23    -3115.706582        0.264416
BFGS:  135 12:36:23    -3115.707818        0.269884
BFGS:  136 12:36:24    -3115.708997        0.263381
BFGS:  137 12:36:24    -3115.709993        0.248084
BFGS:  138 12:36:25    -3115.710725        0.232044
BFGS:  139 12:36:25    -3115.711306        0.221085
BFGS:  140 12:36:26    -3115.711846        0.214648
BFGS:  141 12:36:26    -3115.712353        0.215242
BFGS:  142 12:36:27    -3115.712741        0.219021
BFGS:  143 12:36:27    -3115.712997        0.223823
BFGS:  144 12:36:28    -3115.713192        0.225445
BFGS:  145 12:36:28    -3115.713404        0.223179
BFGS:  146 12:36:28    -3115.713652        0.217137
BFGS:  147 12:36:29    -3115.713902        0.207617
BFGS:  148 12:36:29    -3115.714137        0.199183
BFGS:  149 12:36:30    -3115.714384        0.191834
BFGS:  150 12:36:30    -3115.714693        0.186647
BFGS:  151 12:36:30    -3115.715061        0.180734
BFGS:  152 12:36:31    -3115.715420        0.182143
BFGS:  153 12:36:31    -3115.715724        0.176880
BFGS:  154 12:36:32    -3115.715995        0.175335
BFGS:  155 12:36:32    -3115.716255        0.165239
BFGS:  156 12:36:32    -3115.716491        0.155990
BFGS:  157 12:36:33    -3115.716672        0.146669
BFGS:  158 12:36:33    -3115.716826        0.144081
BFGS:  159 12:36:33    -3115.716967        0.143177
BFGS:  160 12:36:34    -3115.717087        0.148269
BFGS:  161 12:36:34    -3115.717187        0.151558
BFGS:  162 12:36:34    -3115.717290        0.154613
BFGS:  163 12:36:35    -3115.717414        0.153885
BFGS:  164 12:36:35    -3115.717562        0.147427
BFGS:  165 12:36:35    -3115.717704        0.138003
BFGS:  166 12:36:36    -3115.717816        0.127463
BFGS:  167 12:36:36    -3115.717918        0.121661
BFGS:  168 12:36:36    -3115.718039        0.115894
BFGS:  169 12:36:37    -3115.718184        0.117422
BFGS:  170 12:36:37    -3115.718325        0.120388
BFGS:  171 12:36:38    -3115.718440        0.126612
BFGS:  172 12:36:38    -3115.718539        0.130812
BFGS:  173 12:36:38    -3115.718647        0.132480
BFGS:  174 12:36:39    -3115.718795        0.130551
BFGS:  175 12:36:39    -3115.718988        0.124477
BFGS:  176 12:36:40    -3115.719215        0.115811
BFGS:  177 12:36:40    -3115.719431        0.108388
BFGS:  178 12:36:40    -3115.719615        0.105291
BFGS:  179 12:36:41    -3115.719786        0.106616
BFGS:  180 12:36:41    -3115.719999        0.110744
BFGS:  181 12:36:42    -3115.720294        0.116239
BFGS:  182 12:36:42    -3115.720683        0.119753
BFGS:  183 12:36:42    -3115.721071        0.116712
BFGS:  184 12:36:43    -3115.721375        0.108050
BFGS:  185 12:36:43    -3115.721586        0.098625
BFGS:  186 12:36:44    -3115.721777        0.091840
BFGS:  187 12:36:44    -3115.722011        0.085630
BFGS:  188 12:36:44    -3115.722265        0.087535
BFGS:  189 12:36:45    -3115.722558        0.093644
BFGS:  190 12:36:45    -3115.722865        0.103871
BFGS:  191 12:36:46    -3115.723191        0.110011
BFGS:  192 12:36:46    -3115.723525        0.108629
BFGS:  193 12:36:46    -3115.723862        0.099343
BFGS:  194 12:36:47    -3115.724195        0.086563
BFGS:  195 12:36:47    -3115.724530        0.075493
BFGS:  196 12:36:47    -3115.724892        0.066355
BFGS:  197 12:36:48    -3115.725296        0.063273
BFGS:  198 12:36:48    -3115.725740        0.067741
BFGS:  199 12:36:49    -3115.726146        0.070970
BFGS:  200 12:36:49    -3115.726516        0.085144
