      Step     Time          Energy          fmax
BFGS:    0 13:11:46    -3578.794109       10.051783
BFGS:    1 13:11:48    -3582.346440        5.279157
BFGS:    2 13:11:50    -3584.379035        3.903627
BFGS:    3 13:11:51    -3586.805586        3.735846
BFGS:    4 13:11:53    -3589.103138        4.754841
BFGS:    5 13:11:54    -3590.685929       18.282705
BFGS:    6 13:11:56    -3596.223123       23.831962
BFGS:    7 13:11:58    -3606.356189        7.496754
BFGS:    8 13:11:59    -3608.625354       12.243179
BFGS:    9 13:12:00    -3610.662063        4.453635
BFGS:   10 13:12:02    -3611.775812        4.108825
BFGS:   11 13:12:03    -3613.887925        6.118740
BFGS:   12 13:12:04    -3615.141494        5.805034
BFGS:   13 13:12:05    -3615.551433        9.746214
BFGS:   14 13:12:07    -3616.383279        2.861128
BFGS:   15 13:12:08    -3616.685306        1.595839
BFGS:   16 13:12:09    -3617.011325        2.084288
BFGS:   17 13:12:10    -3617.179681        2.000546
BFGS:   18 13:12:11    -3617.532897        1.290650
BFGS:   19 13:12:12    -3617.810157        2.290613
BFGS:   20 13:12:14    -3618.469131        3.810224
BFGS:   21 13:12:15    -3618.700659        4.258875
BFGS:   22 13:12:16    -3619.500539        2.681943
BFGS:   23 13:12:18    -3619.851715        1.029925
BFGS:   24 13:12:19    -3620.154572        0.899982
BFGS:   25 13:12:20    -3620.348974        1.141686
BFGS:   26 13:12:21    -3620.588848        0.804495
BFGS:   27 13:12:22    -3620.703670        0.725226
BFGS:   28 13:12:23    -3620.794807        0.527265
BFGS:   29 13:12:24    -3620.878498        0.620409
BFGS:   30 13:12:25    -3620.968843        0.516295
BFGS:   31 13:12:26    -3621.046992        0.524939
BFGS:   32 13:12:27    -3621.110178        0.458016
BFGS:   33 13:12:28    -3621.167097        0.486095
BFGS:   34 13:12:30    -3621.232349        0.479528
BFGS:   35 13:12:31    -3621.305391        0.502182
BFGS:   36 13:12:32    -3621.378635        0.464488
BFGS:   37 13:12:33    -3621.446507        0.490772
BFGS:   38 13:12:34    -3621.504331        0.389079
BFGS:   39 13:12:35    -3621.550342        0.404981
BFGS:   40 13:12:36    -3621.588317        0.354375
BFGS:   41 13:12:37    -3621.621097        0.381760
BFGS:   42 13:12:38    -3621.647353        0.313205
BFGS:   43 13:12:39    -3621.666792        0.210950
BFGS:   44 13:12:39    -3621.683509        0.211662
BFGS:   45 13:12:40    -3621.700870        0.238500
BFGS:   46 13:12:41    -3621.717791        0.233981
BFGS:   47 13:12:42    -3621.732880        0.286605
BFGS:   48 13:12:43    -3621.748090        0.299585
BFGS:   49 13:12:44    -3621.765668        0.278199
BFGS:   50 13:12:45    -3621.785188        0.255985
BFGS:   51 13:12:45    -3621.803096        0.177757
BFGS:   52 13:12:46    -3621.816777        0.183518
BFGS:   53 13:12:47    -3621.827480        0.178695
BFGS:   54 13:12:48    -3621.837158        0.210959
BFGS:   55 13:12:48    -3621.845540        0.153294
BFGS:   56 13:12:49    -3621.851915        0.098155
BFGS:   57 13:12:50    -3621.857209        0.106101
BFGS:   58 13:12:51    -3621.862656        0.131583
BFGS:   59 13:12:52    -3621.868512        0.161514
BFGS:   60 13:12:52    -3621.873961        0.123272
BFGS:   61 13:12:53    -3621.878321        0.101636
BFGS:   62 13:12:54    -3621.881870        0.101635
BFGS:   63 13:12:55    -3621.885211        0.099267
BFGS:   64 13:12:55    -3621.888551        0.121413
BFGS:   65 13:12:56    -3621.891653        0.101405
BFGS:   66 13:12:57    -3621.894305        0.085977
BFGS:   67 13:12:58    -3621.896520        0.077461
BFGS:   68 13:12:58    -3621.898439        0.068411
BFGS:   69 13:12:59    -3621.900181        0.057213
BFGS:   70 13:13:00    -3621.901810        0.055885
BFGS:   71 13:13:01    -3621.903340        0.064195
BFGS:   72 13:13:01    -3621.904741        0.058083
BFGS:   73 13:13:02    -3621.906033        0.058997
BFGS:   74 13:13:03    -3621.907310        0.055473
BFGS:   75 13:13:04    -3621.908786        0.065795
BFGS:   76 13:13:04    -3621.910658        0.092075
BFGS:   77 13:13:05    -3621.912884        0.085624
BFGS:   78 13:13:06    -3621.915116        0.083122
BFGS:   79 13:13:06    -3621.917044        0.109939
BFGS:   80 13:13:07    -3621.918734        0.103636
BFGS:   81 13:13:08    -3621.920309        0.063983
BFGS:   82 13:13:09    -3621.921641        0.065430
BFGS:   83 13:13:09    -3621.922534        0.067060
BFGS:   84 13:13:10    -3621.923109        0.063309
BFGS:   85 13:13:11    -3621.923588        0.059994
BFGS:   86 13:13:11    -3621.924036        0.038336
BFGS:   87 13:13:12    -3621.924351        0.025196
BFGS:   88 13:13:13    -3621.924537        0.023396
BFGS:   89 13:13:13    -3621.924678        0.021967
BFGS:   90 13:13:14    -3621.924844        0.023176
BFGS:   91 13:13:15    -3621.925042        0.023106
BFGS:   92 13:13:16    -3621.925268        0.027272
BFGS:   93 13:13:16    -3621.925535        0.041169
BFGS:   94 13:13:17    -3621.925916        0.052376
BFGS:   95 13:13:18    -3621.926540        0.058984
BFGS:   96 13:13:19    -3621.927421        0.076918
BFGS:   97 13:13:20    -3621.928402        0.075089
BFGS:   98 13:13:20    -3621.929285        0.053552
BFGS:   99 13:13:21    -3621.929986        0.060822
BFGS:  100 13:13:22    -3621.930628        0.060424
BFGS:  101 13:13:23    -3621.931298        0.058122
BFGS:  102 13:13:24    -3621.931889        0.059275
BFGS:  103 13:13:24    -3621.932390        0.042566
BFGS:  104 13:13:25    -3621.932876        0.038072
BFGS:  105 13:13:26    -3621.933410        0.042221
BFGS:  106 13:13:26    -3621.933940        0.050101
BFGS:  107 13:13:27    -3621.934395        0.056900
BFGS:  108 13:13:28    -3621.934731        0.042939
BFGS:  109 13:13:28    -3621.934985        0.023034
BFGS:  110 13:13:29    -3621.935207        0.032743
BFGS:  111 13:13:30    -3621.935409        0.040181
BFGS:  112 13:13:30    -3621.935602        0.040766
BFGS:  113 13:13:31    -3621.935793        0.031275
BFGS:  114 13:13:32    -3621.936030        0.031732
BFGS:  115 13:13:33    -3621.936363        0.049983
BFGS:  116 13:13:33    -3621.936848        0.081528
BFGS:  117 13:13:34    -3621.937500        0.121182
BFGS:  118 13:13:35    -3621.938327        0.135935
BFGS:  119 13:13:36    -3621.939313        0.108172
BFGS:  120 13:13:37    -3621.940538        0.057588
BFGS:  121 13:13:38    -3621.941982        0.092075
BFGS:  122 13:13:39    -3621.943589        0.137306
BFGS:  123 13:13:40    -3621.945173        0.165666
BFGS:  124 13:13:41    -3621.946631        0.135907
BFGS:  125 13:13:42    -3621.947759        0.078738
BFGS:  126 13:13:43    -3621.948762        0.066571
BFGS:  127 13:13:43    -3621.949560        0.062485
BFGS:  128 13:13:44    -3621.950529        0.071750
BFGS:  129 13:13:45    -3621.951203        0.055421
BFGS:  130 13:13:46    -3621.952022        0.047111
BFGS:  131 13:13:46    -3621.952535        0.042254
BFGS:  132 13:13:47    -3621.952994        0.044974
BFGS:  133 13:13:48    -3621.953497        0.042886
BFGS:  134 13:13:48    -3621.954129        0.036850
BFGS:  135 13:13:49    -3621.954669        0.038192
BFGS:  136 13:13:50    -3621.955041        0.030275
BFGS:  137 13:13:51    -3621.955330        0.031259
BFGS:  138 13:13:51    -3621.955654        0.032923
BFGS:  139 13:13:52    -3621.956010        0.032425
BFGS:  140 13:13:53    -3621.956345        0.030396
BFGS:  141 13:13:53    -3621.956665        0.030893
BFGS:  142 13:13:54    -3621.957046        0.029058
BFGS:  143 13:13:55    -3621.957493        0.036052
BFGS:  144 13:13:56    -3621.957897        0.028004
BFGS:  145 13:13:57    -3621.958167        0.028022
BFGS:  146 13:13:57    -3621.958371        0.028358
BFGS:  147 13:13:58    -3621.958593        0.028768
BFGS:  148 13:13:59    -3621.958882        0.038067
BFGS:  149 13:14:00    -3621.959160        0.031478
BFGS:  150 13:14:01    -3621.959427        0.029423
BFGS:  151 13:14:02    -3621.959671        0.031196
BFGS:  152 13:14:02    -3621.959934        0.032394
BFGS:  153 13:14:03    -3621.960204        0.040566
BFGS:  154 13:14:04    -3621.960469        0.031812
BFGS:  155 13:14:04    -3621.960740        0.036617
BFGS:  156 13:14:05    -3621.961044        0.038935
BFGS:  157 13:14:06    -3621.961417        0.041388
BFGS:  158 13:14:06    -3621.961827        0.047755
BFGS:  159 13:14:07    -3621.962281        0.041579
BFGS:  160 13:14:08    -3621.962769        0.037490
BFGS:  161 13:14:08    -3621.963269        0.033684
BFGS:  162 13:14:09    -3621.963715        0.035171
BFGS:  163 13:14:10    -3621.964082        0.034067
BFGS:  164 13:14:11    -3621.964369        0.031700
BFGS:  165 13:14:11    -3621.964586        0.025607
BFGS:  166 13:14:12    -3621.964741        0.021261
BFGS:  167 13:14:12    -3621.964862        0.021787
BFGS:  168 13:14:13    -3621.964966        0.024090
BFGS:  169 13:14:14    -3621.965069        0.017728
BFGS:  170 13:14:14    -3621.965155        0.023237
BFGS:  171 13:14:15    -3621.965225        0.014306
BFGS:  172 13:14:15    -3621.965288        0.014708
BFGS:  173 13:14:16    -3621.965367        0.018049
BFGS:  174 13:14:16    -3621.965469        0.026508
BFGS:  175 13:14:17    -3621.965596        0.025751
BFGS:  176 13:14:18    -3621.965713        0.016893
BFGS:  177 13:14:18    -3621.965805        0.015075
BFGS:  178 13:14:19    -3621.965864        0.012656
BFGS:  179 13:14:19    -3621.965918        0.014742
BFGS:  180 13:14:20    -3621.965974        0.016351
BFGS:  181 13:14:20    -3621.966048        0.013213
BFGS:  182 13:14:21    -3621.966121        0.014147
BFGS:  183 13:14:22    -3621.966197        0.014096
BFGS:  184 13:14:22    -3621.966261        0.012678
BFGS:  185 13:14:23    -3621.966320        0.010441
BFGS:  186 13:14:23    -3621.966367        0.008663
