      Step     Time          Energy          fmax
BFGS:    0 13:22:43    -2145.566880       10.705390
BFGS:    1 13:22:44    -2149.265514        5.715200
BFGS:    2 13:22:44    -2150.924988        4.409968
BFGS:    3 13:22:45    -2152.558741        3.179854
BFGS:    4 13:22:46    -2153.725990        3.221161
BFGS:    5 13:22:46    -2154.924603        9.301140
BFGS:    6 13:22:47    -2157.779184       28.386263
BFGS:    7 13:22:47    -2160.263481       57.757231
BFGS:    8 13:22:48    -2162.087858       76.272060
BFGS:    9 13:22:48    -2167.850317       37.974939
BFGS:   10 13:22:49    -2172.534711       21.918246
BFGS:   11 13:22:50    -2175.431239       10.144689
BFGS:   12 13:22:50    -2177.265950        5.223740
BFGS:   13 13:22:51    -2178.418342        1.842931
BFGS:   14 13:22:51    -2178.835754        1.414155
BFGS:   15 13:22:51    -2179.388588        1.295568
BFGS:   16 13:22:52    -2179.815901        1.941047
BFGS:   17 13:22:52    -2180.255534        1.711427
BFGS:   18 13:22:53    -2180.525531        1.081256
BFGS:   19 13:22:53    -2180.726246        0.860500
BFGS:   20 13:22:54    -2180.850507        0.823928
BFGS:   21 13:22:54    -2180.957720        0.899570
BFGS:   22 13:22:55    -2181.019670        0.766576
BFGS:   23 13:22:55    -2181.070191        0.540484
BFGS:   24 13:22:55    -2181.124943        0.441681
BFGS:   25 13:22:56    -2181.178136        0.496234
BFGS:   26 13:22:56    -2181.214755        0.654193
BFGS:   27 13:22:57    -2181.255698        0.912235
BFGS:   28 13:22:57    -2181.303937        1.084346
BFGS:   29 13:22:57    -2181.365174        1.113251
BFGS:   30 13:22:58    -2181.430588        0.921811
BFGS:   31 13:22:58    -2181.501353        0.675080
BFGS:   32 13:22:58    -2181.591159        0.597456
BFGS:   33 13:22:59    -2181.711795        0.701278
BFGS:   34 13:22:59    -2181.868028        1.177320
BFGS:   35 13:23:00    -2182.117031        1.949749
BFGS:   36 13:23:00    -2182.103397        2.976815
BFGS:   37 13:23:01    -2182.360722        2.196555
BFGS:   38 13:23:01    -2182.500778        2.192533
BFGS:   39 13:23:02    -2182.638119        2.767260
BFGS:   40 13:23:02    -2182.862732        1.763829
BFGS:   41 13:23:03    -2182.971289        1.505671
BFGS:   42 13:23:03    -2183.129009        1.087915
BFGS:   43 13:23:03    -2183.185522        0.479201
BFGS:   44 13:23:04    -2183.291237        0.820130
BFGS:   45 13:23:04    -2183.340179        0.728657
BFGS:   46 13:23:05    -2183.391955        0.484374
BFGS:   47 13:23:05    -2183.439027        0.419889
BFGS:   48 13:23:05    -2183.492110        0.568049
BFGS:   49 13:23:06    -2183.533312        0.473484
BFGS:   50 13:23:06    -2183.552432        0.270161
BFGS:   51 13:23:06    -2183.565682        0.314595
BFGS:   52 13:23:07    -2183.581667        0.373600
BFGS:   53 13:23:07    -2183.599149        0.499263
BFGS:   54 13:23:07    -2183.615435        0.600071
BFGS:   55 13:23:08    -2183.631002        0.582988
BFGS:   56 13:23:08    -2183.648966        0.448317
BFGS:   57 13:23:08    -2183.667443        0.294377
BFGS:   58 13:23:09    -2183.678636        0.169087
BFGS:   59 13:23:09    -2183.684090        0.110213
BFGS:   60 13:23:09    -2183.687482        0.126442
BFGS:   61 13:23:10    -2183.690147        0.108215
BFGS:   62 13:23:10    -2183.692344        0.125219
BFGS:   63 13:23:10    -2183.694202        0.111200
BFGS:   64 13:23:10    -2183.696272        0.083038
BFGS:   65 13:23:11    -2183.698585        0.090640
BFGS:   66 13:23:11    -2183.700844        0.092644
BFGS:   67 13:23:12    -2183.702931        0.107002
BFGS:   68 13:23:12    -2183.705757        0.168301
BFGS:   69 13:23:12    -2183.711889        0.303309
BFGS:   70 13:23:13    -2183.719350        0.399415
BFGS:   71 13:23:13    -2183.731997        0.438845
BFGS:   72 13:23:14    -2183.768967        0.385499
BFGS:   73 13:23:14    -2183.783565        0.188846
BFGS:   74 13:23:14    -2183.797316        0.215871
BFGS:   75 13:23:15    -2183.818305        0.238155
BFGS:   76 13:23:15    -2183.832729        0.297989
BFGS:   77 13:23:15    -2183.847848        0.284222
BFGS:   78 13:23:16    -2183.866311        0.269502
BFGS:   79 13:23:16    -2183.885585        0.266101
BFGS:   80 13:23:16    -2183.896548        0.275954
BFGS:   81 13:23:17    -2183.903689        0.242587
BFGS:   82 13:23:17    -2183.907946        0.141513
BFGS:   83 13:23:17    -2183.910969        0.079691
BFGS:   84 13:23:18    -2183.912986        0.071879
BFGS:   85 13:23:18    -2183.915123        0.076744
BFGS:   86 13:23:18    -2183.917866        0.122066
BFGS:   87 13:23:18    -2183.921303        0.137593
BFGS:   88 13:23:19    -2183.924585        0.147479
BFGS:   89 13:23:19    -2183.927140        0.132874
BFGS:   90 13:23:19    -2183.929262        0.110267
BFGS:   91 13:23:20    -2183.931685        0.137720
BFGS:   92 13:23:20    -2183.934429        0.128933
BFGS:   93 13:23:20    -2183.937071        0.121837
BFGS:   94 13:23:21    -2183.939243        0.102495
BFGS:   95 13:23:21    -2183.941149        0.112077
BFGS:   96 13:23:21    -2183.943163        0.115837
BFGS:   97 13:23:22    -2183.945499        0.124978
BFGS:   98 13:23:22    -2183.947884        0.111618
BFGS:   99 13:23:22    -2183.949693        0.073485
BFGS:  100 13:23:23    -2183.950770        0.053211
BFGS:  101 13:23:23    -2183.951479        0.050057
BFGS:  102 13:23:23    -2183.952229        0.062576
BFGS:  103 13:23:23    -2183.953236        0.069680
BFGS:  104 13:23:24    -2183.954434        0.088865
BFGS:  105 13:23:24    -2183.955581        0.076344
BFGS:  106 13:23:24    -2183.956574        0.053328
BFGS:  107 13:23:24    -2183.957676        0.080732
BFGS:  108 13:23:25    -2183.959276        0.096459
BFGS:  109 13:23:25    -2183.961626        0.097575
BFGS:  110 13:23:25    -2183.964636        0.121931
BFGS:  111 13:23:26    -2183.967905        0.136123
BFGS:  112 13:23:26    -2183.971356        0.114114
BFGS:  113 13:23:26    -2183.975306        0.121744
BFGS:  114 13:23:27    -2183.979969        0.158652
BFGS:  115 13:23:27    -2183.984682        0.189231
BFGS:  116 13:23:27    -2183.988302        0.145738
BFGS:  117 13:23:28    -2183.990676        0.104162
BFGS:  118 13:23:28    -2183.992460        0.091329
BFGS:  119 13:23:28    -2183.994010        0.082636
BFGS:  120 13:23:28    -2183.995188        0.090467
BFGS:  121 13:23:29    -2183.996097        0.091035
BFGS:  122 13:23:29    -2183.996922        0.052485
BFGS:  123 13:23:29    -2183.997836        0.060511
BFGS:  124 13:23:30    -2183.998622        0.047984
BFGS:  125 13:23:30    -2183.999366        0.052612
BFGS:  126 13:23:30    -2184.000196        0.060359
BFGS:  127 13:23:30    -2184.001264        0.059286
BFGS:  128 13:23:31    -2184.002521        0.065126
BFGS:  129 13:23:31    -2184.003855        0.071594
BFGS:  130 13:23:31    -2184.005537        0.075473
BFGS:  131 13:23:32    -2184.008496        0.096571
BFGS:  132 13:23:32    -2184.020502        0.232202
BFGS:  133 13:23:32    -2184.153088        0.905241
BFGS:  134 13:23:33    -2184.602427        2.066384
BFGS:  135 13:23:33    -2185.248986        1.853119
BFGS:  136 13:23:34    -2185.124677        5.415940
BFGS:  137 13:23:34    -2185.362982        2.574932
BFGS:  138 13:23:35    -2185.317831        2.569897
BFGS:  139 13:23:35    -2185.571919        1.690341
BFGS:  140 13:23:35    -2185.708980        0.875018
BFGS:  141 13:23:36    -2185.785080        0.532185
BFGS:  142 13:23:36    -2185.831019        0.862375
BFGS:  143 13:23:36    -2185.906177        0.787652
BFGS:  144 13:23:37    -2185.991423        0.457175
BFGS:  145 13:23:37    -2186.062135        0.805073
BFGS:  146 13:23:38    -2186.114246        0.869070
BFGS:  147 13:23:38    -2186.191020        0.723674
BFGS:  148 13:23:38    -2186.248976        0.542705
BFGS:  149 13:23:39    -2186.317330        0.446783
BFGS:  150 13:23:39    -2186.362572        0.350399
BFGS:  151 13:23:40    -2186.397624        0.339206
BFGS:  152 13:23:40    -2186.424040        0.322495
BFGS:  153 13:23:40    -2186.449530        0.306209
BFGS:  154 13:23:40    -2186.462032        0.279326
BFGS:  155 13:23:41    -2186.478167        0.202577
BFGS:  156 13:23:41    -2186.486610        0.154892
BFGS:  157 13:23:41    -2186.494771        0.122638
BFGS:  158 13:23:42    -2186.500868        0.138976
BFGS:  159 13:23:42    -2186.505524        0.147043
BFGS:  160 13:23:42    -2186.508526        0.124206
BFGS:  161 13:23:42    -2186.511128        0.106378
BFGS:  162 13:23:43    -2186.513847        0.092602
BFGS:  163 13:23:43    -2186.516533        0.107592
BFGS:  164 13:23:43    -2186.518824        0.112290
BFGS:  165 13:23:43    -2186.520717        0.088373
BFGS:  166 13:23:44    -2186.522396        0.089372
BFGS:  167 13:23:44    -2186.524035        0.089556
BFGS:  168 13:23:44    -2186.525808        0.095154
BFGS:  169 13:23:44    -2186.528025        0.100822
BFGS:  170 13:23:45    -2186.530988        0.101666
BFGS:  171 13:23:45    -2186.534736        0.123939
BFGS:  172 13:23:45    -2186.538658        0.138956
BFGS:  173 13:23:46    -2186.542270        0.111826
BFGS:  174 13:23:46    -2186.545824        0.114262
BFGS:  175 13:23:46    -2186.549825        0.107631
BFGS:  176 13:23:46    -2186.554207        0.130127
BFGS:  177 13:23:47    -2186.558531        0.139124
BFGS:  178 13:23:47    -2186.562322        0.123795
BFGS:  179 13:23:47    -2186.565723        0.092051
BFGS:  180 13:23:48    -2186.569112        0.108603
BFGS:  181 13:23:48    -2186.572543        0.120950
BFGS:  182 13:23:48    -2186.575242        0.088560
BFGS:  183 13:23:49    -2186.577168        0.087468
BFGS:  184 13:23:49    -2186.579004        0.093522
BFGS:  185 13:23:49    -2186.581485        0.107615
BFGS:  186 13:23:49    -2186.584746        0.136363
BFGS:  187 13:23:50    -2186.587985        0.134711
BFGS:  188 13:23:50    -2186.590252        0.089439
BFGS:  189 13:23:50    -2186.591637        0.074319
BFGS:  190 13:23:51    -2186.592770        0.068812
BFGS:  191 13:23:51    -2186.594104        0.107002
BFGS:  192 13:23:51    -2186.595917        0.130001
BFGS:  193 13:23:51    -2186.598154        0.121516
BFGS:  194 13:23:52    -2186.600454        0.110155
BFGS:  195 13:23:52    -2186.602369        0.079110
BFGS:  196 13:23:52    -2186.603989        0.094275
BFGS:  197 13:23:53    -2186.605886        0.124250
BFGS:  198 13:23:53    -2186.608755        0.166055
BFGS:  199 13:23:53    -2186.612728        0.232015
BFGS:  200 13:23:54    -2186.616931        0.204687
