      Step     Time          Energy          fmax
BFGS:    0 20:44:02    -3473.327998        4.636643
BFGS:    1 20:44:05    -3474.946131        2.454701
BFGS:    2 20:44:07    -3475.810402        2.867992
BFGS:    3 20:44:10    -3478.430088        5.358976
BFGS:    4 20:44:12    -3481.176536        9.434524
BFGS:    5 20:44:14    -3483.740707       13.841565
BFGS:    6 20:44:16    -3484.991514       17.305010
BFGS:    7 20:44:18    -3486.068921       14.768139
BFGS:    8 20:44:21    -3488.619763       13.535839
BFGS:    9 20:44:23    -3490.012597       16.256012
BFGS:   10 20:44:25    -3492.332785       11.683613
BFGS:   11 20:44:27    -3494.587223       10.374310
BFGS:   12 20:44:29    -3498.306684        7.343830
BFGS:   13 20:44:31    -3500.547070        4.770855
BFGS:   14 20:44:34    -3502.218699        7.942100
BFGS:   15 20:44:36    -3504.437101        4.414400
BFGS:   16 20:44:38    -3505.390528        4.949460
BFGS:   17 20:44:41    -3506.026429        3.299196
BFGS:   18 20:44:42    -3506.473358        2.210654
BFGS:   19 20:44:44    -3506.838786        1.216734
BFGS:   20 20:44:46    -3506.993525        0.991477
BFGS:   21 20:44:48    -3507.152338        0.715600
BFGS:   22 20:44:49    -3507.258507        0.875806
BFGS:   23 20:44:51    -3507.367884        0.880883
BFGS:   24 20:44:53    -3507.487710        1.155191
BFGS:   25 20:44:54    -3507.613775        1.228147
BFGS:   26 20:44:56    -3507.778603        1.172236
BFGS:   27 20:44:58    -3507.966990        1.149007
BFGS:   28 20:45:00    -3508.198365        1.497724
BFGS:   29 20:45:02    -3508.512551        1.735240
BFGS:   30 20:45:04    -3508.779654        1.924306
BFGS:   31 20:45:06    -3509.246965        1.163639
BFGS:   32 20:45:07    -3509.628330        0.838259
BFGS:   33 20:45:09    -3509.946529        1.081754
BFGS:   34 20:45:11    -3510.077552        0.783571
BFGS:   35 20:45:12    -3510.204601        0.569797
BFGS:   36 20:45:14    -3510.263991        0.511977
BFGS:   37 20:45:15    -3510.306951        0.443525
BFGS:   38 20:45:17    -3510.349331        0.517018
BFGS:   39 20:45:18    -3510.394414        0.618171
BFGS:   40 20:45:20    -3510.452849        0.679691
BFGS:   41 20:45:22    -3510.535902        0.781923
BFGS:   42 20:45:23    -3510.682811        1.075745
BFGS:   43 20:45:25    -3510.751108        1.614977
BFGS:   44 20:45:28    -3510.944567        1.175621
BFGS:   45 20:45:29    -3511.126594        0.822505
BFGS:   46 20:45:32    -3511.221464        2.291288
BFGS:   47 20:45:34    -3511.601284        1.247243
BFGS:   48 20:45:36    -3511.712847        0.970913
BFGS:   49 20:45:38    -3511.866786        0.948255
BFGS:   50 20:45:39    -3511.954837        0.579134
BFGS:   51 20:45:41    -3512.038324        0.506836
BFGS:   52 20:45:43    -3512.125385        0.530783
BFGS:   53 20:45:44    -3512.213807        0.691561
BFGS:   54 20:45:46    -3512.347027        0.878920
BFGS:   55 20:45:48    -3512.468810        0.756599
BFGS:   56 20:45:49    -3512.568645        0.547874
BFGS:   57 20:45:51    -3512.645489        0.458458
BFGS:   58 20:45:52    -3512.698976        0.404606
BFGS:   59 20:45:54    -3512.747735        0.401812
BFGS:   60 20:45:55    -3512.793127        0.400595
BFGS:   61 20:45:56    -3512.825147        0.376377
BFGS:   62 20:45:57    -3512.847222        0.328106
BFGS:   63 20:45:59    -3512.867698        0.353958
BFGS:   64 20:46:00    -3512.890138        0.297707
BFGS:   65 20:46:02    -3512.912680        0.295641
BFGS:   66 20:46:03    -3512.932683        0.377499
BFGS:   67 20:46:04    -3512.951998        0.431560
BFGS:   68 20:46:06    -3512.971793        0.381477
BFGS:   69 20:46:07    -3512.990409        0.209936
BFGS:   70 20:46:09    -3513.006957        0.205782
BFGS:   71 20:46:10    -3513.021837        0.292206
BFGS:   72 20:46:11    -3513.034965        0.300396
BFGS:   73 20:46:13    -3513.047120        0.184581
BFGS:   74 20:46:14    -3513.056360        0.205406
BFGS:   75 20:46:15    -3513.062652        0.201970
BFGS:   76 20:46:16    -3513.067865        0.182415
BFGS:   77 20:46:18    -3513.073767        0.160344
BFGS:   78 20:46:19    -3513.082129        0.179899
BFGS:   79 20:46:20    -3513.092969        0.186542
BFGS:   80 20:46:21    -3513.103227        0.173945
BFGS:   81 20:46:22    -3513.110212        0.116969
BFGS:   82 20:46:23    -3513.115209        0.166873
BFGS:   83 20:46:24    -3513.120709        0.223818
BFGS:   84 20:46:26    -3513.127582        0.228119
BFGS:   85 20:46:27    -3513.135058        0.180179
BFGS:   86 20:46:28    -3513.141652        0.131387
BFGS:   87 20:46:29    -3513.146905        0.105536
BFGS:   88 20:46:30    -3513.151036        0.124348
BFGS:   89 20:46:31    -3513.154114        0.111860
BFGS:   90 20:46:32    -3513.156565        0.076051
BFGS:   91 20:46:33    -3513.159094        0.081707
BFGS:   92 20:46:34    -3513.162189        0.121072
BFGS:   93 20:46:35    -3513.165601        0.147837
BFGS:   94 20:46:36    -3513.168682        0.101235
BFGS:   95 20:46:38    -3513.171336        0.093173
BFGS:   96 20:46:39    -3513.174352        0.111901
BFGS:   97 20:46:40    -3513.178543        0.179113
BFGS:   98 20:46:42    -3513.184737        0.226875
BFGS:   99 20:46:43    -3513.193578        0.211251
BFGS:  100 20:46:44    -3513.205479        0.229247
BFGS:  101 20:46:46    -3513.220310        0.251252
BFGS:  102 20:46:47    -3513.241675        0.394002
BFGS:  103 20:46:49    -3513.261018        0.406420
BFGS:  104 20:46:50    -3513.279396        0.301876
BFGS:  105 20:46:51    -3513.296552        0.302371
BFGS:  106 20:46:53    -3513.314686        0.427892
BFGS:  107 20:46:54    -3513.335115        0.485133
BFGS:  108 20:46:56    -3513.358280        0.441882
BFGS:  109 20:46:57    -3513.389040        0.317764
BFGS:  110 20:46:58    -3513.440461        0.528964
BFGS:  111 20:46:59    -3513.481945        0.738319
BFGS:  112 20:47:01    -3513.525970        0.745018
BFGS:  113 20:47:02    -3513.569830        0.841497
BFGS:  114 20:47:04    -3513.625102        0.602303
BFGS:  115 20:47:05    -3513.693046        0.770474
BFGS:  116 20:47:06    -3513.763292        2.197260
BFGS:  117 20:47:08    -3513.699476        2.160134
BFGS:  118 20:47:09    -3513.948773        1.735778
BFGS:  119 20:47:11    -3514.086646        1.917921
BFGS:  120 20:47:12    -3514.265905        1.619566
BFGS:  121 20:47:13    -3514.468558        1.221303
BFGS:  122 20:47:14    -3514.410068        1.919316
BFGS:  123 20:47:16    -3514.574232        0.571287
BFGS:  124 20:47:17    -3514.610443        0.433833
BFGS:  125 20:47:18    -3514.669766        0.509141
BFGS:  126 20:47:19    -3514.700636        0.355355
BFGS:  127 20:47:20    -3514.711036        0.104327
BFGS:  128 20:47:21    -3514.716839        0.127466
BFGS:  129 20:47:22    -3514.722248        0.160569
BFGS:  130 20:47:23    -3514.727145        0.124047
BFGS:  131 20:47:24    -3514.730229        0.079042
BFGS:  132 20:47:24    -3514.732060        0.067970
BFGS:  133 20:47:25    -3514.733423        0.086566
BFGS:  134 20:47:26    -3514.734585        0.064087
BFGS:  135 20:47:27    -3514.735437        0.052735
BFGS:  136 20:47:28    -3514.736111        0.035619
BFGS:  137 20:47:29    -3514.736870        0.051597
BFGS:  138 20:47:29    -3514.737948        0.066465
BFGS:  139 20:47:30    -3514.739171        0.061143
BFGS:  140 20:47:31    -3514.740077        0.036257
BFGS:  141 20:47:32    -3514.740557        0.026775
BFGS:  142 20:47:33    -3514.740840        0.023722
BFGS:  143 20:47:33    -3514.741079        0.019288
BFGS:  144 20:47:34    -3514.741244        0.016903
BFGS:  145 20:47:35    -3514.741336        0.016676
BFGS:  146 20:47:35    -3514.741404        0.021251
BFGS:  147 20:47:36    -3514.741496        0.021367
BFGS:  148 20:47:37    -3514.741601        0.018223
BFGS:  149 20:47:37    -3514.741714        0.017608
BFGS:  150 20:47:38    -3514.741820        0.014786
BFGS:  151 20:47:39    -3514.741926        0.014880
BFGS:  152 20:47:39    -3514.742031        0.014902
BFGS:  153 20:47:40    -3514.742133        0.016275
BFGS:  154 20:47:41    -3514.742210        0.014279
BFGS:  155 20:47:42    -3514.742271        0.012324
BFGS:  156 20:47:42    -3514.742323        0.010833
BFGS:  157 20:47:43    -3514.742363        0.011981
BFGS:  158 20:47:43    -3514.742395        0.008070
