      Step     Time          Energy          fmax
BFGS:    0 20:08:26    -3541.622755        4.574941
BFGS:    1 20:08:29    -3543.165929        2.606028
BFGS:    2 20:08:31    -3544.283411        2.940320
BFGS:    3 20:08:34    -3547.291683        6.554887
BFGS:    4 20:08:38    -3550.433372       11.565034
BFGS:    5 20:08:41    -3553.339699       17.071841
BFGS:    6 20:08:43    -3554.567661       21.644868
BFGS:    7 20:08:45    -3556.476055       15.898089
BFGS:    8 20:08:48    -3560.331510       12.728929
BFGS:    9 20:08:50    -3567.432631        8.358216
BFGS:   10 20:08:52    -3570.081933        6.851252
BFGS:   11 20:08:54    -3573.716512        8.152301
BFGS:   12 20:08:56    -3577.609498        5.858332
BFGS:   13 20:08:58    -3579.004644       10.656256
BFGS:   14 20:09:00    -3579.301056        4.282242
BFGS:   15 20:09:02    -3580.917884        1.893124
BFGS:   16 20:09:03    -3581.223317        1.411139
BFGS:   17 20:09:05    -3581.405314        1.165971
BFGS:   18 20:09:07    -3581.676135        1.171676
BFGS:   19 20:09:09    -3581.906874        1.040276
BFGS:   20 20:09:11    -3582.176722        0.987098
BFGS:   21 20:09:13    -3582.464693        1.155722
BFGS:   22 20:09:16    -3583.025939        1.912068
BFGS:   23 20:09:18    -3583.472542        2.789841
BFGS:   24 20:09:20    -3583.923367        2.339275
BFGS:   25 20:09:22    -3585.117177        2.355963
BFGS:   26 20:09:23    -3585.968420        2.777759
BFGS:   27 20:09:25    -3586.008512        9.770211
BFGS:   28 20:09:27    -3586.612575        2.577239
BFGS:   29 20:09:29    -3587.183576        2.046355
BFGS:   30 20:09:30    -3587.661330        1.603117
BFGS:   31 20:09:32    -3587.799035        3.878898
BFGS:   32 20:09:34    -3588.173848        1.145496
BFGS:   33 20:09:35    -3588.322518        0.780842
BFGS:   34 20:09:36    -3588.494026        0.984445
BFGS:   35 20:09:37    -3588.546978        0.592490
BFGS:   36 20:09:39    -3588.615068        0.532910
BFGS:   37 20:09:40    -3588.645403        0.486214
BFGS:   38 20:09:41    -3588.661956        0.316637
BFGS:   39 20:09:42    -3588.672119        0.208063
BFGS:   40 20:09:43    -3588.683304        0.256137
BFGS:   41 20:09:44    -3588.697031        0.435823
BFGS:   42 20:09:46    -3588.711061        0.479829
BFGS:   43 20:09:47    -3588.724810        0.322440
BFGS:   44 20:09:48    -3588.738445        0.289652
BFGS:   45 20:09:50    -3588.752799        0.370586
BFGS:   46 20:09:51    -3588.768615        0.339942
BFGS:   47 20:09:52    -3588.785006        0.250821
BFGS:   48 20:09:53    -3588.799909        0.237381
BFGS:   49 20:09:54    -3588.811613        0.216200
BFGS:   50 20:09:56    -3588.821538        0.244839
BFGS:   51 20:09:57    -3588.831273        0.213158
BFGS:   52 20:09:58    -3588.840631        0.196425
BFGS:   53 20:09:59    -3588.849228        0.243442
BFGS:   54 20:10:01    -3588.857410        0.194218
BFGS:   55 20:10:02    -3588.865709        0.177449
BFGS:   56 20:10:03    -3588.874022        0.182234
BFGS:   57 20:10:04    -3588.882085        0.179345
BFGS:   58 20:10:05    -3588.889656        0.183149
BFGS:   59 20:10:06    -3588.897109        0.190175
BFGS:   60 20:10:08    -3588.904302        0.151984
BFGS:   61 20:10:09    -3588.910718        0.179394
BFGS:   62 20:10:10    -3588.916414        0.179253
BFGS:   63 20:10:11    -3588.922008        0.164343
BFGS:   64 20:10:13    -3588.927869        0.127801
BFGS:   65 20:10:14    -3588.934194        0.166952
BFGS:   66 20:10:15    -3588.941396        0.200378
BFGS:   67 20:10:16    -3588.949913        0.184246
BFGS:   68 20:10:17    -3588.960738        0.210149
BFGS:   69 20:10:19    -3588.973553        0.312100
BFGS:   70 20:10:20    -3588.987711        0.343469
BFGS:   71 20:10:21    -3588.999187        0.240798
BFGS:   72 20:10:22    -3589.008157        0.150411
BFGS:   73 20:10:24    -3589.016147        0.151212
BFGS:   74 20:10:25    -3589.024482        0.223799
BFGS:   75 20:10:26    -3589.032583        0.222155
BFGS:   76 20:10:27    -3589.040337        0.162385
BFGS:   77 20:10:29    -3589.047471        0.175474
BFGS:   78 20:10:30    -3589.054264        0.166590
BFGS:   79 20:10:31    -3589.060191        0.133078
BFGS:   80 20:10:32    -3589.065100        0.114227
BFGS:   81 20:10:33    -3589.069161        0.105285
BFGS:   82 20:10:34    -3589.073110        0.133713
BFGS:   83 20:10:36    -3589.077138        0.137409
BFGS:   84 20:10:37    -3589.080860        0.115812
BFGS:   85 20:10:38    -3589.083832        0.103670
BFGS:   86 20:10:39    -3589.086118        0.080749
BFGS:   87 20:10:40    -3589.088044        0.096468
BFGS:   88 20:10:41    -3589.089979        0.130537
BFGS:   89 20:10:42    -3589.091893        0.108008
BFGS:   90 20:10:43    -3589.093402        0.062013
BFGS:   91 20:10:44    -3589.094368        0.050322
BFGS:   92 20:10:45    -3589.095035        0.056765
BFGS:   93 20:10:47    -3589.095626        0.063379
BFGS:   94 20:10:48    -3589.096224        0.064776
BFGS:   95 20:10:49    -3589.096794        0.063401
BFGS:   96 20:10:50    -3589.097365        0.075866
BFGS:   97 20:10:51    -3589.097955        0.072127
BFGS:   98 20:10:52    -3589.098497        0.043325
BFGS:   99 20:10:53    -3589.098872        0.028807
BFGS:  100 20:10:54    -3589.099111        0.028266
BFGS:  101 20:10:55    -3589.099317        0.036609
BFGS:  102 20:10:56    -3589.099548        0.036767
BFGS:  103 20:10:57    -3589.099760        0.029576
BFGS:  104 20:10:58    -3589.099948        0.022319
BFGS:  105 20:10:59    -3589.100100        0.028926
BFGS:  106 20:11:00    -3589.100259        0.036730
BFGS:  107 20:11:01    -3589.100446        0.040527
BFGS:  108 20:11:02    -3589.100713        0.031518
BFGS:  109 20:11:03    -3589.101062        0.037181
BFGS:  110 20:11:04    -3589.101503        0.039999
BFGS:  111 20:11:05    -3589.101973        0.046272
BFGS:  112 20:11:06    -3589.102407        0.047495
BFGS:  113 20:11:07    -3589.102749        0.043611
BFGS:  114 20:11:08    -3589.103055        0.035285
BFGS:  115 20:11:09    -3589.103368        0.036827
BFGS:  116 20:11:11    -3589.103748        0.040807
BFGS:  117 20:11:12    -3589.104205        0.051909
BFGS:  118 20:11:13    -3589.104826        0.064127
BFGS:  119 20:11:14    -3589.105732        0.083676
BFGS:  120 20:11:15    -3589.107365        0.088187
BFGS:  121 20:11:16    -3589.116292        0.212863
BFGS:  122 20:11:18    -3589.201773        0.622602
BFGS:  123 20:11:20    -3589.343237        0.655046
BFGS:  124 20:11:21    -3589.460706        1.156017
BFGS:  125 20:11:23    -3589.593592        1.952616
BFGS:  126 20:11:24    -3589.746795        2.400645
BFGS:  127 20:11:26    -3589.926824        1.109570
BFGS:  128 20:11:28    -3590.165346        2.037389
BFGS:  129 20:11:29    -3590.218572        2.210528
BFGS:  130 20:11:30    -3590.491519        1.193134
BFGS:  131 20:11:32    -3590.604777        0.867626
BFGS:  132 20:11:34    -3590.741745        0.828904
BFGS:  133 20:11:36    -3590.902042        0.903721
BFGS:  134 20:11:37    -3591.031488        1.109705
BFGS:  135 20:11:39    -3591.180316        1.369252
BFGS:  136 20:11:41    -3591.303216        0.942194
BFGS:  137 20:11:42    -3591.393204        0.614904
BFGS:  138 20:11:43    -3591.446710        0.393468
BFGS:  139 20:11:44    -3591.481236        0.471480
BFGS:  140 20:11:46    -3591.510712        0.358652
BFGS:  141 20:11:47    -3591.531991        0.283411
BFGS:  142 20:11:48    -3591.547517        0.275920
BFGS:  143 20:11:50    -3591.564032        0.317105
BFGS:  144 20:11:51    -3591.591571        0.451520
BFGS:  145 20:11:53    -3591.612591        0.706393
BFGS:  146 20:11:54    -3591.653617        0.507741
BFGS:  147 20:11:55    -3591.687132        0.481864
BFGS:  148 20:11:57    -3591.736654        0.657046
BFGS:  149 20:11:58    -3591.764005        0.348366
BFGS:  150 20:11:59    -3591.781583        0.414229
BFGS:  151 20:12:00    -3591.831554        0.300780
BFGS:  152 20:12:02    -3591.842237        0.344843
BFGS:  153 20:12:03    -3591.852829        0.168048
BFGS:  154 20:12:04    -3591.862534        0.147567
BFGS:  155 20:12:05    -3591.870114        0.188976
BFGS:  156 20:12:06    -3591.878610        0.111144
BFGS:  157 20:12:07    -3591.885344        0.134777
BFGS:  158 20:12:08    -3591.891334        0.175282
BFGS:  159 20:12:09    -3591.896603        0.181148
BFGS:  160 20:12:10    -3591.901652        0.102603
BFGS:  161 20:12:11    -3591.906882        0.108078
BFGS:  162 20:12:12    -3591.912284        0.178687
BFGS:  163 20:12:13    -3591.918945        0.203271
BFGS:  164 20:12:14    -3591.926602        0.161975
BFGS:  165 20:12:15    -3591.934679        0.135210
BFGS:  166 20:12:17    -3591.943135        0.179337
BFGS:  167 20:12:18    -3591.953279        0.229392
BFGS:  168 20:12:19    -3591.966404        0.259253
BFGS:  169 20:12:21    -3591.980921        0.255367
BFGS:  170 20:12:23    -3591.994333        0.210976
BFGS:  171 20:12:24    -3592.006098        0.162115
BFGS:  172 20:12:25    -3592.016790        0.170493
BFGS:  173 20:12:27    -3592.028117        0.191449
BFGS:  174 20:12:28    -3592.038874        0.176155
BFGS:  175 20:12:29    -3592.049332        0.190177
BFGS:  176 20:12:30    -3592.061534        0.168571
BFGS:  177 20:12:32    -3592.080387        0.219916
BFGS:  178 20:12:33    -3592.118703        0.695233
BFGS:  179 20:12:34    -3592.161272        1.232216
BFGS:  180 20:12:36    -3591.953698        4.327725
BFGS:  181 20:12:37    -3592.338428        1.326464
BFGS:  182 20:12:39    -3592.344169        0.687276
BFGS:  183 20:12:41    -3592.451806        0.459573
BFGS:  184 20:12:42    -3592.477435        1.514533
BFGS:  185 20:12:44    -3592.514691        0.345276
BFGS:  186 20:12:45    -3592.544069        0.326937
BFGS:  187 20:12:46    -3592.570766        0.578384
BFGS:  188 20:12:47    -3592.594871        0.445589
BFGS:  189 20:12:48    -3592.616692        0.383075
BFGS:  190 20:12:50    -3592.639021        0.280432
BFGS:  191 20:12:51    -3592.659862        0.330823
BFGS:  192 20:12:53    -3592.691862        0.402786
BFGS:  193 20:12:55    -3592.775309        1.128962
BFGS:  194 20:12:56    -3592.604805        3.747422
BFGS:  195 20:12:58    -3592.836914        1.333821
BFGS:  196 20:12:59    -3592.866459        1.841973
BFGS:  197 20:13:00    -3592.964917        1.568399
BFGS:  198 20:13:02    -3592.837164        2.304116
BFGS:  199 20:13:03    -3593.116053        1.031560
BFGS:  200 20:13:04    -3593.180788        0.764205
