      Step     Time          Energy          fmax
BFGS:    0 20:14:56    -2238.925352        8.196805
BFGS:    1 20:14:57    -2246.120946       11.862077
BFGS:    2 20:14:57    -2246.458991       19.963145
BFGS:    3 20:14:58    -2250.688364        5.012900
BFGS:    4 20:14:58    -2252.124289        3.424085
BFGS:    5 20:14:59    -2253.359287        4.879894
BFGS:    6 20:15:00    -2254.090247        2.154770
BFGS:    7 20:15:00    -2255.382015        1.372172
BFGS:    8 20:15:01    -2255.906051        2.943799
BFGS:    9 20:15:01    -2256.370609        1.885766
BFGS:   10 20:15:02    -2257.132206        1.014028
BFGS:   11 20:15:02    -2257.248888        2.406562
BFGS:   12 20:15:02    -2257.328597        2.320327
BFGS:   13 20:15:03    -2257.380660        1.745600
BFGS:   14 20:15:03    -2257.485460        1.145032
BFGS:   15 20:15:04    -2257.603806        0.923348
BFGS:   16 20:15:04    -2257.858506        2.076619
BFGS:   17 20:15:05    -2258.051200        1.777995
BFGS:   18 20:15:05    -2258.381495        0.887657
BFGS:   19 20:15:06    -2258.405259        1.725076
BFGS:   20 20:15:06    -2258.509117        0.486458
BFGS:   21 20:15:06    -2258.544178        0.398394
BFGS:   22 20:15:07    -2258.567027        0.292864
BFGS:   23 20:15:07    -2258.577445        0.241560
BFGS:   24 20:15:08    -2258.584385        0.246763
BFGS:   25 20:15:08    -2258.591078        0.148824
BFGS:   26 20:15:08    -2258.597538        0.142643
BFGS:   27 20:15:09    -2258.601826        0.118050
BFGS:   28 20:15:09    -2258.604839        0.089671
BFGS:   29 20:15:09    -2258.606713        0.084044
BFGS:   30 20:15:10    -2258.608359        0.085016
BFGS:   31 20:15:10    -2258.609894        0.080787
BFGS:   32 20:15:10    -2258.611099        0.066361
BFGS:   33 20:15:10    -2258.611943        0.049695
BFGS:   34 20:15:11    -2258.612699        0.054266
BFGS:   35 20:15:11    -2258.613496        0.063563
BFGS:   36 20:15:11    -2258.614091        0.056700
BFGS:   37 20:15:12    -2258.614373        0.027215
BFGS:   38 20:15:12    -2258.614512        0.025305
BFGS:   39 20:15:12    -2258.614644        0.026766
BFGS:   40 20:15:12    -2258.614792        0.031518
BFGS:   41 20:15:13    -2258.614944        0.031536
BFGS:   42 20:15:13    -2258.615116        0.024609
BFGS:   43 20:15:13    -2258.615400        0.040861
BFGS:   44 20:15:14    -2258.615873        0.056661
BFGS:   45 20:15:14    -2258.616572        0.063778
BFGS:   46 20:15:14    -2258.617331        0.062798
BFGS:   47 20:15:14    -2258.617981        0.053200
BFGS:   48 20:15:15    -2258.618515        0.052111
BFGS:   49 20:15:15    -2258.619046        0.047408
BFGS:   50 20:15:15    -2258.619600        0.047072
BFGS:   51 20:15:16    -2258.620083        0.055145
BFGS:   52 20:15:16    -2258.620602        0.080032
BFGS:   53 20:15:16    -2258.621330        0.100863
BFGS:   54 20:15:17    -2258.622503        0.098895
BFGS:   55 20:15:17    -2258.624402        0.092859
BFGS:   56 20:15:17    -2258.627518        0.145015
BFGS:   57 20:15:18    -2258.632714        0.192785
BFGS:   58 20:15:18    -2258.641127        0.313332
BFGS:   59 20:15:19    -2258.633531        0.872240
BFGS:   60 20:15:19    -2258.649096        0.608950
BFGS:   61 20:15:20    -2258.664331        0.243455
BFGS:   62 20:15:20    -2258.674251        0.206092
BFGS:   63 20:15:21    -2258.684520        0.536779
BFGS:   64 20:15:21    -2258.697511        0.311246
BFGS:   65 20:15:21    -2258.718140        0.240453
BFGS:   66 20:15:22    -2258.739998        0.383547
BFGS:   67 20:15:22    -2258.755210        0.495006
BFGS:   68 20:15:23    -2258.766122        0.584781
BFGS:   69 20:15:23    -2258.771350        0.434225
BFGS:   70 20:15:24    -2258.789650        0.209286
BFGS:   71 20:15:24    -2258.803997        0.510986
BFGS:   72 20:15:25    -2258.821620        0.654729
BFGS:   73 20:15:25    -2258.840022        0.390380
BFGS:   74 20:15:26    -2258.851905        0.393126
BFGS:   75 20:15:26    -2258.873994        0.336310
BFGS:   76 20:15:26    -2258.888129        0.365701
BFGS:   77 20:15:27    -2258.898981        0.812120
BFGS:   78 20:15:27    -2258.899032        0.710968
BFGS:   79 20:15:28    -2258.907388        1.395372
BFGS:   80 20:15:28    -2258.918997        0.261629
BFGS:   81 20:15:29    -2258.922630        0.361420
BFGS:   82 20:15:29    -2258.925722        0.501977
BFGS:   83 20:15:30    -2258.928780        0.339786
BFGS:   84 20:15:30    -2258.930737        0.152926
BFGS:   85 20:15:30    -2258.933777        0.231486
BFGS:   86 20:15:31    -2258.935346        0.177798
BFGS:   87 20:15:31    -2258.937466        0.110103
BFGS:   88 20:15:31    -2258.939902        0.119249
BFGS:   89 20:15:32    -2258.941860        0.124578
BFGS:   90 20:15:32    -2258.942850        0.309618
BFGS:   91 20:15:32    -2258.944305        0.197903
BFGS:   92 20:15:33    -2258.946644        0.108791
BFGS:   93 20:15:33    -2258.948541        0.116701
BFGS:   94 20:15:33    -2258.950123        0.155063
BFGS:   95 20:15:34    -2258.951190        0.103019
BFGS:   96 20:15:34    -2258.951983        0.102053
BFGS:   97 20:15:35    -2258.952720        0.164801
BFGS:   98 20:15:35    -2258.953330        0.140803
BFGS:   99 20:15:35    -2258.954037        0.113254
BFGS:  100 20:15:35    -2258.954534        0.054480
BFGS:  101 20:15:36    -2258.955207        0.067915
BFGS:  102 20:15:36    -2258.956452        0.138569
BFGS:  103 20:15:36    -2258.958994        0.193577
BFGS:  104 20:15:37    -2258.963447        0.195307
BFGS:  105 20:15:37    -2258.970584        0.158070
BFGS:  106 20:15:38    -2258.980802        0.431006
BFGS:  107 20:15:38    -2258.986940        0.447939
BFGS:  108 20:15:39    -2258.998920        0.310837
BFGS:  109 20:15:39    -2259.011118        0.271689
BFGS:  110 20:15:40    -2259.032801        0.571074
BFGS:  111 20:15:40    -2259.020861        0.832502
BFGS:  112 20:15:41    -2259.060781        0.287312
BFGS:  113 20:15:41    -2259.071736        0.265135
BFGS:  114 20:15:42    -2259.082297        0.192912
BFGS:  115 20:15:42    -2259.086781        0.170684
BFGS:  116 20:15:42    -2259.095387        0.120184
BFGS:  117 20:15:43    -2259.097770        0.129096
BFGS:  118 20:15:43    -2259.101228        0.122373
BFGS:  119 20:15:44    -2259.104112        0.138069
BFGS:  120 20:15:44    -2259.107377        0.146919
BFGS:  121 20:15:44    -2259.109981        0.111965
BFGS:  122 20:15:45    -2259.111857        0.095337
BFGS:  123 20:15:45    -2259.113378        0.082201
BFGS:  124 20:15:45    -2259.114932        0.105622
BFGS:  125 20:15:46    -2259.116600        0.106067
BFGS:  126 20:15:46    -2259.118161        0.107892
BFGS:  127 20:15:46    -2259.119707        0.098891
BFGS:  128 20:15:47    -2259.121449        0.077889
BFGS:  129 20:15:47    -2259.123329        0.090915
BFGS:  130 20:15:47    -2259.125142        0.094831
BFGS:  131 20:15:48    -2259.126881        0.070841
BFGS:  132 20:15:48    -2259.128767        0.094808
BFGS:  133 20:15:48    -2259.131087        0.116157
BFGS:  134 20:15:49    -2259.133918        0.123145
BFGS:  135 20:15:49    -2259.137098        0.159672
BFGS:  136 20:15:49    -2259.140240        0.104035
BFGS:  137 20:15:50    -2259.143084        0.128792
BFGS:  138 20:15:50    -2259.145496        0.129645
BFGS:  139 20:15:50    -2259.147432        0.110870
BFGS:  140 20:15:51    -2259.149189        0.073115
BFGS:  141 20:15:51    -2259.151327        0.102771
BFGS:  142 20:15:52    -2259.154619        0.146609
BFGS:  143 20:15:52    -2259.162669        0.369495
BFGS:  144 20:15:52    -2259.184073        1.203830
BFGS:  145 20:15:53    -2259.177652        2.347879
BFGS:  146 20:15:53    -2259.193192        1.393499
BFGS:  147 20:15:54    -2259.378652        2.397878
BFGS:  148 20:15:54    -2259.673193        4.369645
BFGS:  149 20:15:55    -2259.677471        5.390316
BFGS:  150 20:15:55    -2259.998337        4.566553
BFGS:  151 20:15:56    -2260.453378        4.251637
BFGS:  152 20:15:56    -2260.905581        3.709008
BFGS:  153 20:15:57    -2261.265000        2.007642
BFGS:  154 20:15:58    -2261.411199        1.995319
BFGS:  155 20:15:58    -2261.498996        1.341504
BFGS:  156 20:15:59    -2261.551018        0.857891
BFGS:  157 20:15:59    -2261.602664        0.460192
BFGS:  158 20:15:59    -2261.665978        0.670814
BFGS:  159 20:16:00    -2261.702434        0.437648
BFGS:  160 20:16:00    -2261.736849        0.361980
BFGS:  161 20:16:00    -2261.758846        0.326134
BFGS:  162 20:16:01    -2261.770887        0.253488
BFGS:  163 20:16:01    -2261.779656        0.229168
BFGS:  164 20:16:01    -2261.787848        0.280806
BFGS:  165 20:16:02    -2261.797453        0.258322
BFGS:  166 20:16:02    -2261.806739        0.177979
BFGS:  167 20:16:02    -2261.814568        0.182546
BFGS:  168 20:16:03    -2261.820802        0.181805
BFGS:  169 20:16:03    -2261.828771        0.181473
BFGS:  170 20:16:03    -2261.840948        0.199146
BFGS:  171 20:16:04    -2261.853683        0.559083
BFGS:  172 20:16:04    -2261.866543        0.456001
BFGS:  173 20:16:04    -2261.879012        0.361733
BFGS:  174 20:16:05    -2261.898161        0.343493
BFGS:  175 20:16:05    -2261.908888        0.426544
BFGS:  176 20:16:05    -2261.921580        0.334276
BFGS:  177 20:16:06    -2261.932418        0.505956
BFGS:  178 20:16:06    -2261.946661        0.300153
BFGS:  179 20:16:06    -2261.964994        0.317385
BFGS:  180 20:16:06    -2261.986401        0.421637
BFGS:  181 20:16:07    -2261.999942        0.412911
BFGS:  182 20:16:07    -2262.010804        0.411660
BFGS:  183 20:16:07    -2262.020554        0.362812
BFGS:  184 20:16:07    -2262.032075        0.306790
BFGS:  185 20:16:08    -2262.044298        0.317216
BFGS:  186 20:16:08    -2262.055551        0.219945
BFGS:  187 20:16:08    -2262.064208        0.179581
BFGS:  188 20:16:09    -2262.070177        0.259083
BFGS:  189 20:16:09    -2262.075446        0.187944
BFGS:  190 20:16:09    -2262.081032        0.262564
BFGS:  191 20:16:09    -2262.082941        0.693428
BFGS:  192 20:16:10    -2262.086763        0.171261
BFGS:  193 20:16:10    -2262.089287        0.170514
BFGS:  194 20:16:10    -2262.092127        0.216525
BFGS:  195 20:16:10    -2262.095063        0.165471
BFGS:  196 20:16:11    -2262.097905        0.107109
BFGS:  197 20:16:11    -2262.100356        0.171067
BFGS:  198 20:16:11    -2262.102544        0.153804
BFGS:  199 20:16:12    -2262.104835        0.133144
BFGS:  200 20:16:12    -2262.107172        0.091185
