      Step     Time          Energy          fmax
BFGS:    0 14:13:56    -3380.538917        4.575687
BFGS:    1 14:13:57    -3382.373416        4.324605
BFGS:    2 14:13:59    -3384.293220        4.726508
BFGS:    3 14:14:01    -3387.024562        6.711618
BFGS:    4 14:14:02    -3389.815163       10.205269
BFGS:    5 14:14:04    -3392.527729       13.667144
BFGS:    6 14:14:05    -3394.808756       16.083919
BFGS:    7 14:14:07    -3396.503071       16.570751
BFGS:    8 14:14:08    -3399.660777       13.746446
BFGS:    9 14:14:10    -3403.865618       13.131752
BFGS:   10 14:14:11    -3406.972908       17.418056
BFGS:   11 14:14:13    -3407.926796        8.444833
BFGS:   12 14:14:14    -3412.557288        9.592203
BFGS:   13 14:14:16    -3414.360263       10.056475
BFGS:   14 14:14:17    -3415.915502        8.142932
BFGS:   15 14:14:18    -3417.327211        5.840444
BFGS:   16 14:14:20    -3417.707181        9.512870
BFGS:   17 14:14:21    -3418.557535        3.173174
BFGS:   18 14:14:22    -3418.864356        3.026973
BFGS:   19 14:14:23    -3419.368380        1.831431
BFGS:   20 14:14:24    -3419.753816        2.645594
BFGS:   21 14:14:26    -3419.999575        2.264783
BFGS:   22 14:14:27    -3420.657920        1.801480
BFGS:   23 14:14:28    -3421.103631        2.433417
BFGS:   24 14:14:30    -3421.972758        2.801272
BFGS:   25 14:14:31    -3422.704371        3.081355
BFGS:   26 14:14:32    -3423.466278        3.647166
BFGS:   27 14:14:34    -3423.510674        5.216446
BFGS:   28 14:14:35    -3424.412321        1.845512
BFGS:   29 14:14:37    -3424.660979        2.353553
BFGS:   30 14:14:38    -3424.832820        0.761140
BFGS:   31 14:14:39    -3424.986321        0.852973
BFGS:   32 14:14:40    -3425.116002        1.080093
BFGS:   33 14:14:41    -3425.233822        0.955634
BFGS:   34 14:14:42    -3425.350506        0.739168
BFGS:   35 14:14:43    -3425.452533        0.690783
BFGS:   36 14:14:43    -3425.547139        0.701608
BFGS:   37 14:14:44    -3425.637551        0.698471
BFGS:   38 14:14:45    -3425.720992        0.776580
BFGS:   39 14:14:46    -3425.789335        0.646916
BFGS:   40 14:14:47    -3425.844992        0.429608
BFGS:   41 14:14:48    -3425.887907        0.427518
BFGS:   42 14:14:49    -3425.928752        0.356618
BFGS:   43 14:14:50    -3425.964591        0.371250
BFGS:   44 14:14:51    -3425.998325        0.362859
BFGS:   45 14:14:52    -3426.027284        0.352980
BFGS:   46 14:14:53    -3426.051974        0.336207
BFGS:   47 14:14:54    -3426.074408        0.294071
BFGS:   48 14:14:55    -3426.097952        0.263529
BFGS:   49 14:14:56    -3426.122806        0.277159
BFGS:   50 14:14:57    -3426.146409        0.245987
BFGS:   51 14:14:58    -3426.164399        0.197423
BFGS:   52 14:14:58    -3426.178043        0.192364
BFGS:   53 14:14:59    -3426.191162        0.266496
BFGS:   54 14:15:00    -3426.205737        0.289393
BFGS:   55 14:15:01    -3426.220290        0.232552
BFGS:   56 14:15:02    -3426.233119        0.237963
BFGS:   57 14:15:02    -3426.244050        0.238992
BFGS:   58 14:15:03    -3426.254767        0.237479
BFGS:   59 14:15:04    -3426.266558        0.248194
BFGS:   60 14:15:04    -3426.279411        0.215906
BFGS:   61 14:15:05    -3426.292166        0.190770
BFGS:   62 14:15:06    -3426.303140        0.170792
BFGS:   63 14:15:07    -3426.311108        0.159924
BFGS:   64 14:15:08    -3426.316473        0.127903
BFGS:   65 14:15:08    -3426.320868        0.125286
BFGS:   66 14:15:09    -3426.325386        0.131426
BFGS:   67 14:15:10    -3426.330251        0.144228
BFGS:   68 14:15:11    -3426.335065        0.121796
BFGS:   69 14:15:12    -3426.339679        0.119504
BFGS:   70 14:15:13    -3426.344363        0.158565
BFGS:   71 14:15:14    -3426.349365        0.167239
BFGS:   72 14:15:14    -3426.354491        0.144087
BFGS:   73 14:15:15    -3426.359446        0.118961
BFGS:   74 14:15:16    -3426.364011        0.108170
BFGS:   75 14:15:17    -3426.368122        0.104887
BFGS:   76 14:15:18    -3426.371631        0.097036
BFGS:   77 14:15:19    -3426.374308        0.089456
BFGS:   78 14:15:19    -3426.376310        0.075793
BFGS:   79 14:15:20    -3426.378180        0.070540
BFGS:   80 14:15:21    -3426.380211        0.096947
BFGS:   81 14:15:22    -3426.382338        0.088484
BFGS:   82 14:15:22    -3426.384192        0.068749
BFGS:   83 14:15:23    -3426.386057        0.077462
BFGS:   84 14:15:24    -3426.388170        0.102916
BFGS:   85 14:15:24    -3426.390849        0.118963
BFGS:   86 14:15:25    -3426.393881        0.117097
BFGS:   87 14:15:26    -3426.396916        0.096742
BFGS:   88 14:15:26    -3426.399694        0.083265
BFGS:   89 14:15:27    -3426.402285        0.090427
BFGS:   90 14:15:28    -3426.404692        0.070370
BFGS:   91 14:15:28    -3426.406714        0.067223
BFGS:   92 14:15:29    -3426.408246        0.055207
BFGS:   93 14:15:29    -3426.409485        0.059835
BFGS:   94 14:15:30    -3426.410639        0.053605
BFGS:   95 14:15:31    -3426.411679        0.049173
BFGS:   96 14:15:31    -3426.412489        0.048172
BFGS:   97 14:15:32    -3426.413121        0.044661
BFGS:   98 14:15:33    -3426.413689        0.044416
BFGS:   99 14:15:33    -3426.414265        0.038810
BFGS:  100 14:15:34    -3426.414804        0.043106
BFGS:  101 14:15:34    -3426.415253        0.039551
BFGS:  102 14:15:35    -3426.415618        0.032131
BFGS:  103 14:15:35    -3426.415937        0.027631
BFGS:  104 14:15:36    -3426.416211        0.030859
BFGS:  105 14:15:36    -3426.416440        0.030132
BFGS:  106 14:15:37    -3426.416651        0.028227
BFGS:  107 14:15:38    -3426.416861        0.032428
BFGS:  108 14:15:38    -3426.417077        0.023053
BFGS:  109 14:15:39    -3426.417276        0.019532
BFGS:  110 14:15:39    -3426.417441        0.019354
BFGS:  111 14:15:40    -3426.417604        0.022261
BFGS:  112 14:15:40    -3426.417783        0.024406
BFGS:  113 14:15:41    -3426.417962        0.025177
BFGS:  114 14:15:42    -3426.418123        0.019275
BFGS:  115 14:15:42    -3426.418273        0.017520
BFGS:  116 14:15:43    -3426.418418        0.022299
BFGS:  117 14:15:43    -3426.418590        0.025912
BFGS:  118 14:15:44    -3426.418797        0.025458
BFGS:  119 14:15:44    -3426.419035        0.025459
BFGS:  120 14:15:45    -3426.419291        0.024599
BFGS:  121 14:15:46    -3426.419531        0.024332
BFGS:  122 14:15:46    -3426.419790        0.030438
BFGS:  123 14:15:47    -3426.420060        0.027786
BFGS:  124 14:15:48    -3426.420328        0.025643
BFGS:  125 14:15:48    -3426.420578        0.025417
BFGS:  126 14:15:49    -3426.420819        0.023274
BFGS:  127 14:15:49    -3426.421040        0.026806
BFGS:  128 14:15:50    -3426.421260        0.033040
BFGS:  129 14:15:51    -3426.421475        0.031814
BFGS:  130 14:15:51    -3426.421676        0.023375
BFGS:  131 14:15:52    -3426.421860        0.024974
BFGS:  132 14:15:52    -3426.422046        0.026757
BFGS:  133 14:15:53    -3426.422249        0.027097
BFGS:  134 14:15:54    -3426.422451        0.024569
BFGS:  135 14:15:54    -3426.422630        0.020490
BFGS:  136 14:15:55    -3426.422777        0.014959
BFGS:  137 14:15:55    -3426.422884        0.014665
BFGS:  138 14:15:56    -3426.422985        0.015563
BFGS:  139 14:15:56    -3426.423077        0.017073
BFGS:  140 14:15:57    -3426.423161        0.014547
BFGS:  141 14:15:58    -3426.423242        0.016500
BFGS:  142 14:15:58    -3426.423328        0.014509
BFGS:  143 14:15:59    -3426.423415        0.017086
BFGS:  144 14:15:59    -3426.423494        0.014756
BFGS:  145 14:16:00    -3426.423564        0.011687
BFGS:  146 14:16:00    -3426.423634        0.015684
BFGS:  147 14:16:01    -3426.423716        0.017134
BFGS:  148 14:16:01    -3426.423795        0.017031
BFGS:  149 14:16:02    -3426.423856        0.012892
BFGS:  150 14:16:02    -3426.423891        0.008747
