      Step     Time          Energy          fmax
BFGS:    0 13:43:31    -2421.164105       10.921897
BFGS:    1 13:43:31    -2426.563855        5.819583
BFGS:    2 13:43:32    -2433.440796        7.761514
BFGS:    3 13:43:33    -2439.831163       14.874429
BFGS:    4 13:43:33    -2440.254375       24.835344
BFGS:    5 13:43:34    -2445.584010        8.176746
BFGS:    6 13:43:34    -2447.678367        5.746532
BFGS:    7 13:43:35    -2448.999283        4.713950
BFGS:    8 13:43:36    -2449.638375        1.699013
BFGS:    9 13:43:36    -2449.962939        1.574700
BFGS:   10 13:43:37    -2450.388084        1.716756
BFGS:   11 13:43:37    -2450.517733        1.692731
BFGS:   12 13:43:38    -2450.715754        1.577289
BFGS:   13 13:43:38    -2451.070334        1.885334
BFGS:   14 13:43:39    -2451.365638        2.484859
BFGS:   15 13:43:39    -2451.666541        1.385537
BFGS:   16 13:43:40    -2451.964699        1.196323
BFGS:   17 13:43:40    -2452.045501        1.325384
BFGS:   18 13:43:41    -2452.162559        1.045578
BFGS:   19 13:43:41    -2452.244284        0.638544
BFGS:   20 13:43:42    -2452.306800        0.878257
BFGS:   21 13:43:42    -2452.382445        0.854105
BFGS:   22 13:43:43    -2452.452766        0.469441
BFGS:   23 13:43:43    -2452.497569        0.385817
BFGS:   24 13:43:43    -2452.525935        0.392925
BFGS:   25 13:43:44    -2452.547425        0.384771
BFGS:   26 13:43:44    -2452.567957        0.405254
BFGS:   27 13:43:45    -2452.591790        0.320818
BFGS:   28 13:43:45    -2452.614414        0.394685
BFGS:   29 13:43:46    -2452.631673        0.310322
BFGS:   30 13:43:46    -2452.644346        0.234785
BFGS:   31 13:43:46    -2452.654786        0.197135
BFGS:   32 13:43:47    -2452.664541        0.200312
BFGS:   33 13:43:47    -2452.673633        0.192015
BFGS:   34 13:43:48    -2452.682191        0.201169
BFGS:   35 13:43:48    -2452.691729        0.216373
BFGS:   36 13:43:48    -2452.703398        0.236770
BFGS:   37 13:43:49    -2452.716360        0.237488
BFGS:   38 13:43:49    -2452.728604        0.212403
BFGS:   39 13:43:50    -2452.739028        0.173106
BFGS:   40 13:43:50    -2452.748222        0.208369
BFGS:   41 13:43:50    -2452.756737        0.247056
BFGS:   42 13:43:51    -2452.764474        0.257263
BFGS:   43 13:43:51    -2452.771168        0.243686
BFGS:   44 13:43:52    -2452.777352        0.200575
BFGS:   45 13:43:52    -2452.782766        0.142488
BFGS:   46 13:43:52    -2452.786914        0.117779
BFGS:   47 13:43:53    -2452.789661        0.103010
BFGS:   48 13:43:53    -2452.791437        0.076050
BFGS:   49 13:43:54    -2452.792671        0.075351
BFGS:   50 13:43:54    -2452.793586        0.060872
BFGS:   51 13:43:54    -2452.794298        0.050538
BFGS:   52 13:43:55    -2452.794925        0.049548
BFGS:   53 13:43:55    -2452.795553        0.066278
BFGS:   54 13:43:55    -2452.796242        0.067588
BFGS:   55 13:43:56    -2452.796998        0.050843
BFGS:   56 13:43:56    -2452.797764        0.054487
BFGS:   57 13:43:56    -2452.798484        0.070474
BFGS:   58 13:43:57    -2452.799187        0.074787
BFGS:   59 13:43:57    -2452.799930        0.074083
BFGS:   60 13:43:57    -2452.800649        0.051965
BFGS:   61 13:43:58    -2452.801215        0.039700
BFGS:   62 13:43:58    -2452.801593        0.053509
BFGS:   63 13:43:58    -2452.801876        0.047651
BFGS:   64 13:43:59    -2452.802168        0.033945
BFGS:   65 13:43:59    -2452.802485        0.038032
BFGS:   66 13:43:59    -2452.802811        0.045549
BFGS:   67 13:44:00    -2452.803127        0.057995
BFGS:   68 13:44:00    -2452.803432        0.050888
BFGS:   69 13:44:00    -2452.803728        0.031773
BFGS:   70 13:44:01    -2452.804014        0.033162
BFGS:   71 13:44:01    -2452.804347        0.049240
BFGS:   72 13:44:01    -2452.804830        0.078435
BFGS:   73 13:44:02    -2452.805578        0.090895
BFGS:   74 13:44:02    -2452.806563        0.099329
BFGS:   75 13:44:02    -2452.807557        0.079675
BFGS:   76 13:44:03    -2452.808335        0.064407
BFGS:   77 13:44:03    -2452.808980        0.055108
BFGS:   78 13:44:03    -2452.809652        0.064254
BFGS:   79 13:44:04    -2452.810388        0.087751
BFGS:   80 13:44:04    -2452.811082        0.085960
BFGS:   81 13:44:04    -2452.811734        0.066798
BFGS:   82 13:44:05    -2452.812350        0.049805
BFGS:   83 13:44:05    -2452.812947        0.054671
BFGS:   84 13:44:05    -2452.813504        0.046558
BFGS:   85 13:44:06    -2452.814033        0.053456
BFGS:   86 13:44:06    -2452.814612        0.059328
BFGS:   87 13:44:06    -2452.815275        0.063446
BFGS:   88 13:44:07    -2452.816007        0.068740
BFGS:   89 13:44:07    -2452.816867        0.064263
BFGS:   90 13:44:08    -2452.817991        0.070610
BFGS:   91 13:44:08    -2452.819595        0.093003
BFGS:   92 13:44:08    -2452.821586        0.098334
BFGS:   93 13:44:09    -2452.823636        0.096275
BFGS:   94 13:44:09    -2452.825441        0.073992
BFGS:   95 13:44:09    -2452.827123        0.073848
BFGS:   96 13:44:10    -2452.828861        0.092625
BFGS:   97 13:44:10    -2452.830396        0.084021
BFGS:   98 13:44:11    -2452.831431        0.056827
BFGS:   99 13:44:11    -2452.832032        0.048325
BFGS:  100 13:44:11    -2452.832440        0.040964
BFGS:  101 13:44:11    -2452.832760        0.034372
BFGS:  102 13:44:12    -2452.833042        0.034413
BFGS:  103 13:44:12    -2452.833310        0.036210
BFGS:  104 13:44:12    -2452.833544        0.025270
BFGS:  105 13:44:13    -2452.833707        0.026861
BFGS:  106 13:44:13    -2452.833813        0.023651
BFGS:  107 13:44:13    -2452.833920        0.021452
BFGS:  108 13:44:14    -2452.834086        0.027322
BFGS:  109 13:44:14    -2452.834337        0.042661
BFGS:  110 13:44:14    -2452.834656        0.049129
BFGS:  111 13:44:15    -2452.835001        0.041222
BFGS:  112 13:44:15    -2452.835377        0.049308
BFGS:  113 13:44:15    -2452.835839        0.049696
BFGS:  114 13:44:16    -2452.836385        0.044618
BFGS:  115 13:44:16    -2452.836923        0.042147
BFGS:  116 13:44:16    -2452.837387        0.039722
BFGS:  117 13:44:17    -2452.837877        0.048115
BFGS:  118 13:44:17    -2452.838508        0.056272
BFGS:  119 13:44:17    -2452.839279        0.058888
BFGS:  120 13:44:18    -2452.840048        0.057787
BFGS:  121 13:44:18    -2452.840815        0.052765
BFGS:  122 13:44:19    -2452.841684        0.057623
BFGS:  123 13:44:19    -2452.842963        0.088015
BFGS:  124 13:44:19    -2452.844580        0.091382
BFGS:  125 13:44:20    -2452.846254        0.099817
BFGS:  126 13:44:20    -2452.847642        0.098353
BFGS:  127 13:44:21    -2452.848791        0.088660
BFGS:  128 13:44:21    -2452.849929        0.087204
BFGS:  129 13:44:21    -2452.851321        0.128831
BFGS:  130 13:44:22    -2452.853744        0.176105
BFGS:  131 13:44:22    -2452.856545        0.225951
BFGS:  132 13:44:23    -2452.864020        0.259614
BFGS:  133 13:44:23    -2452.881727        0.362915
BFGS:  134 13:44:24    -2452.926687        0.669743
BFGS:  135 13:44:24    -2453.056315        1.346338
BFGS:  136 13:44:25    -2453.415157        2.171323
BFGS:  137 13:44:25    -2453.942668        1.840481
BFGS:  138 13:44:26    -2454.181429        2.066100
BFGS:  139 13:44:26    -2454.400563        2.118174
BFGS:  140 13:44:27    -2454.683301        2.033098
BFGS:  141 13:44:27    -2454.878804        1.227398
BFGS:  142 13:44:28    -2454.981550        0.979911
BFGS:  143 13:44:28    -2455.065284        1.101741
BFGS:  144 13:44:29    -2455.308460        1.678255
BFGS:  145 13:44:29    -2455.532919        2.121749
BFGS:  146 13:44:30    -2455.528342        2.882036
BFGS:  147 13:44:30    -2455.967396        1.745641
BFGS:  148 13:44:31    -2456.234615        1.526071
BFGS:  149 13:44:31    -2456.507487        1.070075
BFGS:  150 13:44:31    -2456.617473        1.153753
BFGS:  151 13:44:32    -2456.727280        0.613539
BFGS:  152 13:44:32    -2456.769529        0.687079
BFGS:  153 13:44:32    -2456.821785        0.488393
BFGS:  154 13:44:33    -2456.882579        0.422358
BFGS:  155 13:44:33    -2456.924876        0.361484
BFGS:  156 13:44:33    -2456.976191        0.487103
BFGS:  157 13:44:34    -2457.009215        0.375470
BFGS:  158 13:44:34    -2457.041728        0.335913
BFGS:  159 13:44:35    -2457.068388        0.294043
BFGS:  160 13:44:35    -2457.088536        0.223643
BFGS:  161 13:44:35    -2457.102562        0.231973
BFGS:  162 13:44:36    -2457.112557        0.185773
BFGS:  163 13:44:36    -2457.119601        0.180064
BFGS:  164 13:44:36    -2457.124652        0.137219
BFGS:  165 13:44:37    -2457.128495        0.132470
BFGS:  166 13:44:37    -2457.131903        0.100590
BFGS:  167 13:44:37    -2457.135269        0.098437
BFGS:  168 13:44:37    -2457.138395        0.106427
BFGS:  169 13:44:38    -2457.140939        0.113986
BFGS:  170 13:44:38    -2457.142766        0.080969
BFGS:  171 13:44:38    -2457.144023        0.055593
BFGS:  172 13:44:38    -2457.145048        0.057472
BFGS:  173 13:44:39    -2457.145999        0.068191
BFGS:  174 13:44:39    -2457.146885        0.058065
BFGS:  175 13:44:39    -2457.147603        0.051686
BFGS:  176 13:44:39    -2457.148164        0.055236
BFGS:  177 13:44:40    -2457.148704        0.051387
BFGS:  178 13:44:40    -2457.149403        0.055565
BFGS:  179 13:44:40    -2457.150403        0.057621
BFGS:  180 13:44:41    -2457.151722        0.080067
BFGS:  181 13:44:41    -2457.153251        0.093841
BFGS:  182 13:44:41    -2457.155014        0.085811
BFGS:  183 13:44:42    -2457.157133        0.084609
BFGS:  184 13:44:42    -2457.159687        0.078814
BFGS:  185 13:44:42    -2457.162326        0.104482
BFGS:  186 13:44:43    -2457.164723        0.103694
BFGS:  187 13:44:43    -2457.167085        0.093725
BFGS:  188 13:44:43    -2457.169931        0.109167
BFGS:  189 13:44:44    -2457.173539        0.105988
BFGS:  190 13:44:44    -2457.176982        0.113045
BFGS:  191 13:44:44    -2457.179309        0.094900
BFGS:  192 13:44:45    -2457.180903        0.094716
BFGS:  193 13:44:45    -2457.182438        0.092932
BFGS:  194 13:44:45    -2457.184435        0.105318
BFGS:  195 13:44:46    -2457.186921        0.115186
BFGS:  196 13:44:46    -2457.189450        0.096168
BFGS:  197 13:44:46    -2457.191800        0.081905
BFGS:  198 13:44:47    -2457.193717        0.082129
BFGS:  199 13:44:47    -2457.195291        0.087983
BFGS:  200 13:44:47    -2457.197712        0.096288
