      Step     Time          Energy          fmax
BFGS:    0 20:34:25    -3564.357276        5.519734
BFGS:    1 20:34:28    -3566.775992        3.640048
BFGS:    2 20:34:30    -3568.531123        3.109310
BFGS:    3 20:34:33    -3571.726522        4.364499
BFGS:    4 20:34:35    -3573.847795        7.162541
BFGS:    5 20:34:37    -3578.844035        7.139180
BFGS:    6 20:34:39    -3586.018380        8.833044
BFGS:    7 20:34:41    -3587.262829       38.266394
BFGS:    8 20:34:44    -3593.480641       12.349866
BFGS:    9 20:34:46    -3594.220632       14.589657
BFGS:   10 20:34:47    -3596.028450        2.523003
BFGS:   11 20:34:49    -3596.645128        1.629177
BFGS:   12 20:34:51    -3597.445423        2.394394
BFGS:   13 20:34:53    -3597.672018        1.344582
BFGS:   14 20:34:54    -3598.045165        1.105812
BFGS:   15 20:34:56    -3598.487639        1.764281
BFGS:   16 20:34:59    -3598.991897        2.678829
BFGS:   17 20:35:00    -3599.552083        2.832391
BFGS:   18 20:35:02    -3600.183638        2.102695
BFGS:   19 20:35:04    -3600.735449        1.862553
BFGS:   20 20:35:06    -3601.335696        2.889249
BFGS:   21 20:35:08    -3602.647437        5.195565
BFGS:   22 20:35:09    -3603.290136        6.891040
BFGS:   23 20:35:11    -3603.958110        5.567234
BFGS:   24 20:35:13    -3604.876491        3.872019
BFGS:   25 20:35:15    -3605.727757        1.850214
BFGS:   26 20:35:17    -3606.034614        1.212588
BFGS:   27 20:35:19    -3606.268268        1.696196
BFGS:   28 20:35:20    -3606.293906        1.660757
BFGS:   29 20:35:21    -3606.397508        0.612450
BFGS:   30 20:35:23    -3606.454169        0.512586
BFGS:   31 20:35:24    -3606.485652        0.405875
BFGS:   32 20:35:26    -3606.512598        0.284468
BFGS:   33 20:35:27    -3606.540267        0.289241
BFGS:   34 20:35:28    -3606.581624        0.318712
BFGS:   35 20:35:30    -3606.630048        0.386728
BFGS:   36 20:35:31    -3606.689226        0.622406
BFGS:   37 20:35:32    -3606.759533        0.734431
BFGS:   38 20:35:34    -3606.841652        0.597693
BFGS:   39 20:35:35    -3606.927059        0.480334
BFGS:   40 20:35:37    -3607.004954        0.447122
BFGS:   41 20:35:39    -3607.070683        0.488096
BFGS:   42 20:35:41    -3607.134134        0.411759
BFGS:   43 20:35:43    -3607.214301        0.845717
BFGS:   44 20:35:46    -3607.271557        1.087822
BFGS:   45 20:35:48    -3607.365067        0.928057
BFGS:   46 20:35:51    -3607.493764        0.824872
BFGS:   47 20:35:53    -3607.575103        0.706424
BFGS:   48 20:35:55    -3607.650029        0.641565
BFGS:   49 20:35:57    -3607.724045        0.777176
BFGS:   50 20:35:58    -3607.786386        0.493821
BFGS:   51 20:36:00    -3607.842975        0.619327
BFGS:   52 20:36:02    -3607.914328        0.776115
BFGS:   53 20:36:04    -3608.028624        0.741197
BFGS:   54 20:36:05    -3608.110184        0.634610
BFGS:   55 20:36:07    -3608.184014        0.586836
BFGS:   56 20:36:09    -3608.249164        0.761363
BFGS:   57 20:36:11    -3608.337138        0.934357
BFGS:   58 20:36:13    -3608.437013        0.804528
BFGS:   59 20:36:14    -3608.550431        0.656434
BFGS:   60 20:36:16    -3608.660565        0.616111
BFGS:   61 20:36:17    -3608.749491        0.643446
BFGS:   62 20:36:19    -3608.813117        0.668205
BFGS:   63 20:36:20    -3608.858860        0.603029
BFGS:   64 20:36:22    -3608.895129        0.588275
BFGS:   65 20:36:23    -3608.933480        0.477094
BFGS:   66 20:36:24    -3608.975622        0.547567
BFGS:   67 20:36:26    -3609.015888        0.368196
BFGS:   68 20:36:27    -3609.048289        0.345984
BFGS:   69 20:36:28    -3609.071623        0.376222
BFGS:   70 20:36:29    -3609.088865        0.433149
BFGS:   71 20:36:30    -3609.102891        0.337372
BFGS:   72 20:36:31    -3609.115575        0.207264
BFGS:   73 20:36:33    -3609.128010        0.233718
BFGS:   74 20:36:34    -3609.139418        0.242767
BFGS:   75 20:36:35    -3609.148542        0.223673
BFGS:   76 20:36:36    -3609.155620        0.138226
BFGS:   77 20:36:37    -3609.161878        0.184774
BFGS:   78 20:36:38    -3609.168319        0.210339
BFGS:   79 20:36:39    -3609.174703        0.171780
BFGS:   80 20:36:40    -3609.180132        0.134800
BFGS:   81 20:36:41    -3609.184376        0.112303
BFGS:   82 20:36:42    -3609.187742        0.092656
BFGS:   83 20:36:43    -3609.190336        0.085971
BFGS:   84 20:36:44    -3609.192307        0.065191
BFGS:   85 20:36:45    -3609.193805        0.068892
BFGS:   86 20:36:46    -3609.194908        0.061924
BFGS:   87 20:36:47    -3609.195686        0.051188
BFGS:   88 20:36:48    -3609.196318        0.047067
BFGS:   89 20:36:49    -3609.196989        0.081067
BFGS:   90 20:36:49    -3609.197732        0.088456
BFGS:   91 20:36:50    -3609.198466        0.064261
BFGS:   92 20:36:51    -3609.199079        0.038436
BFGS:   93 20:36:52    -3609.199617        0.048216
BFGS:   94 20:36:53    -3609.200155        0.055677
BFGS:   95 20:36:54    -3609.200688        0.056476
BFGS:   96 20:36:55    -3609.201185        0.034392
BFGS:   97 20:36:56    -3609.201672        0.032771
BFGS:   98 20:36:57    -3609.202215        0.051347
BFGS:   99 20:36:58    -3609.202812        0.070027
BFGS:  100 20:36:59    -3609.203414        0.067705
BFGS:  101 20:37:00    -3609.204017        0.049903
BFGS:  102 20:37:01    -3609.204701        0.062069
BFGS:  103 20:37:02    -3609.205538        0.072803
BFGS:  104 20:37:03    -3609.206486        0.068662
BFGS:  105 20:37:04    -3609.207463        0.057781
BFGS:  106 20:37:05    -3609.208460        0.061686
BFGS:  107 20:37:06    -3609.209541        0.067060
BFGS:  108 20:37:07    -3609.210788        0.076191
BFGS:  109 20:37:08    -3609.212206        0.102430
BFGS:  110 20:37:09    -3609.213833        0.117372
BFGS:  111 20:37:11    -3609.215841        0.131360
BFGS:  112 20:37:12    -3609.218174        0.137478
BFGS:  113 20:37:13    -3609.220627        0.141540
BFGS:  114 20:37:14    -3609.222915        0.148345
BFGS:  115 20:37:15    -3609.224843        0.127508
BFGS:  116 20:37:16    -3609.226506        0.081136
BFGS:  117 20:37:17    -3609.227911        0.081868
BFGS:  118 20:37:18    -3609.229131        0.075577
BFGS:  119 20:37:19    -3609.230162        0.095218
BFGS:  120 20:37:20    -3609.231141        0.085344
BFGS:  121 20:37:21    -3609.232108        0.092085
BFGS:  122 20:37:22    -3609.233025        0.108571
BFGS:  123 20:37:23    -3609.234043        0.115631
BFGS:  124 20:37:24    -3609.235310        0.094230
BFGS:  125 20:37:25    -3609.236802        0.097171
BFGS:  126 20:37:26    -3609.238324        0.069330
BFGS:  127 20:37:27    -3609.239810        0.083790
BFGS:  128 20:37:29    -3609.241692        0.103504
BFGS:  129 20:37:30    -3609.244655        0.116448
BFGS:  130 20:37:31    -3609.249351        0.200184
BFGS:  131 20:37:32    -3609.255522        0.242068
BFGS:  132 20:37:34    -3609.261785        0.201762
BFGS:  133 20:37:35    -3609.270118        0.201085
BFGS:  134 20:37:36    -3609.277201        0.169696
BFGS:  135 20:37:37    -3609.287847        0.125494
BFGS:  136 20:37:39    -3609.293667        0.115815
BFGS:  137 20:37:40    -3609.300531        0.157210
BFGS:  138 20:37:41    -3609.305775        0.154806
BFGS:  139 20:37:42    -3609.310628        0.100663
BFGS:  140 20:37:43    -3609.313393        0.080682
BFGS:  141 20:37:44    -3609.314886        0.072437
BFGS:  142 20:37:45    -3609.315922        0.072355
BFGS:  143 20:37:47    -3609.317109        0.096776
BFGS:  144 20:37:48    -3609.318392        0.090782
BFGS:  145 20:37:49    -3609.319375        0.051806
BFGS:  146 20:37:50    -3609.320052        0.047603
BFGS:  147 20:37:51    -3609.320598        0.038456
BFGS:  148 20:37:52    -3609.321218        0.040837
BFGS:  149 20:37:53    -3609.321882        0.045583
BFGS:  150 20:37:54    -3609.322461        0.034250
BFGS:  151 20:37:55    -3609.322917        0.030377
BFGS:  152 20:37:56    -3609.323323        0.038216
BFGS:  153 20:37:57    -3609.323746        0.037289
BFGS:  154 20:37:57    -3609.324185        0.032262
BFGS:  155 20:37:58    -3609.324596        0.030838
BFGS:  156 20:37:59    -3609.325020        0.028973
BFGS:  157 20:38:00    -3609.325515        0.043160
BFGS:  158 20:38:01    -3609.326061        0.041815
BFGS:  159 20:38:02    -3609.326577        0.036591
BFGS:  160 20:38:03    -3609.327000        0.038297
BFGS:  161 20:38:04    -3609.327386        0.037357
BFGS:  162 20:38:05    -3609.327798        0.048190
BFGS:  163 20:38:06    -3609.328230        0.043395
BFGS:  164 20:38:07    -3609.328634        0.027183
BFGS:  165 20:38:08    -3609.328980        0.027396
BFGS:  166 20:38:09    -3609.329282        0.030680
BFGS:  167 20:38:10    -3609.329569        0.038101
BFGS:  168 20:38:11    -3609.329816        0.029192
BFGS:  169 20:38:12    -3609.330030        0.021882
BFGS:  170 20:38:13    -3609.330241        0.029202
BFGS:  171 20:38:13    -3609.330462        0.030593
BFGS:  172 20:38:14    -3609.330703        0.037426
BFGS:  173 20:38:15    -3609.330949        0.030699
BFGS:  174 20:38:16    -3609.331214        0.028264
BFGS:  175 20:38:17    -3609.331481        0.029657
BFGS:  176 20:38:18    -3609.331728        0.022187
BFGS:  177 20:38:19    -3609.331931        0.024381
BFGS:  178 20:38:20    -3609.332103        0.019027
BFGS:  179 20:38:21    -3609.332261        0.024203
BFGS:  180 20:38:21    -3609.332399        0.019502
BFGS:  181 20:38:22    -3609.332505        0.019432
BFGS:  182 20:38:23    -3609.332598        0.019560
BFGS:  183 20:38:24    -3609.332695        0.016003
BFGS:  184 20:38:25    -3609.332810        0.016736
BFGS:  185 20:38:26    -3609.332903        0.017433
BFGS:  186 20:38:26    -3609.332994        0.020617
BFGS:  187 20:38:27    -3609.333071        0.020652
BFGS:  188 20:38:28    -3609.333161        0.019155
BFGS:  189 20:38:29    -3609.333270        0.016930
BFGS:  190 20:38:30    -3609.333405        0.021339
BFGS:  191 20:38:30    -3609.333557        0.028357
BFGS:  192 20:38:31    -3609.333731        0.032760
BFGS:  193 20:38:32    -3609.333927        0.033645
BFGS:  194 20:38:33    -3609.334145        0.029701
BFGS:  195 20:38:34    -3609.334365        0.032308
BFGS:  196 20:38:35    -3609.334576        0.026183
BFGS:  197 20:38:36    -3609.334769        0.020869
BFGS:  198 20:38:37    -3609.334972        0.026565
BFGS:  199 20:38:38    -3609.335180        0.031069
BFGS:  200 20:38:39    -3609.335385        0.030547
