      Step     Time          Energy          fmax
BFGS:    0 13:47:23    -2714.358191      430.355341
BFGS:    1 13:47:24    -2798.102039       45.285281
BFGS:    2 13:47:25    -2816.643389       70.071719
BFGS:    3 13:47:26    -2827.428951       43.122899
BFGS:    4 13:47:27    -2833.411220       24.205312
BFGS:    5 13:47:28    -2837.665607        8.954056
BFGS:    6 13:47:29    -2840.483606        5.870518
BFGS:    7 13:47:29    -2843.086756        3.741960
BFGS:    8 13:47:30    -2845.345120        5.663367
BFGS:    9 13:47:31    -2846.864178        5.941198
BFGS:   10 13:47:32    -2848.451953        6.101781
BFGS:   11 13:47:33    -2850.064828        5.685405
BFGS:   12 13:47:34    -2851.289664        4.880909
BFGS:   13 13:47:35    -2852.101658        4.897451
BFGS:   14 13:47:36    -2852.993179        5.115389
BFGS:   15 13:47:37    -2853.974858        5.114207
BFGS:   16 13:47:37    -2854.406429        4.763957
BFGS:   17 13:47:38    -2854.707706        4.583350
BFGS:   18 13:47:39    -2854.988954        4.243415
BFGS:   19 13:47:40    -2855.212869        3.843187
BFGS:   20 13:47:41    -2855.380848        3.571647
BFGS:   21 13:47:41    -2855.556960        3.123470
BFGS:   22 13:47:42    -2855.703188        2.336113
BFGS:   23 13:47:43    -2855.864149        1.457906
BFGS:   24 13:47:43    -2855.976346        0.840787
BFGS:   25 13:47:44    -2856.042298        0.515152
BFGS:   26 13:47:45    -2856.083786        0.344184
BFGS:   27 13:47:45    -2856.119881        0.341948
BFGS:   28 13:47:46    -2856.156443        0.511537
BFGS:   29 13:47:46    -2856.193968        0.830297
BFGS:   30 13:47:47    -2856.224667        0.988725
BFGS:   31 13:47:47    -2856.248449        1.015171
BFGS:   32 13:47:48    -2856.273058        0.966364
BFGS:   33 13:47:49    -2856.307034        1.083000
BFGS:   34 13:47:49    -2856.360770        1.167670
BFGS:   35 13:47:50    -2856.436925        1.220529
BFGS:   36 13:47:51    -2856.533089        1.161142
BFGS:   37 13:47:51    -2856.643752        1.075554
BFGS:   38 13:47:52    -2856.769844        0.922207
BFGS:   39 13:47:53    -2856.900758        0.847854
BFGS:   40 13:47:54    -2857.038135        1.058594
BFGS:   41 13:47:55    -2857.171028        0.890905
BFGS:   42 13:47:55    -2857.243756        1.307094
BFGS:   43 13:47:56    -2857.363670        0.902986
BFGS:   44 13:47:57    -2857.432473        0.507368
BFGS:   45 13:47:57    -2857.487559        0.708158
BFGS:   46 13:47:58    -2857.522234        0.572576
BFGS:   47 13:47:59    -2857.552717        0.454178
BFGS:   48 13:48:00    -2857.578011        0.286067
BFGS:   49 13:48:01    -2857.593199        0.252997
BFGS:   50 13:48:02    -2857.602783        0.284154
BFGS:   51 13:48:03    -2857.612305        0.228292
BFGS:   52 13:48:04    -2857.620584        0.132506
BFGS:   53 13:48:05    -2857.627229        0.148825
BFGS:   54 13:48:06    -2857.632540        0.198158
BFGS:   55 13:48:06    -2857.637326        0.190828
BFGS:   56 13:48:07    -2857.641614        0.111809
BFGS:   57 13:48:08    -2857.645611        0.115347
BFGS:   58 13:48:09    -2857.650005        0.134384
BFGS:   59 13:48:10    -2857.654825        0.146310
BFGS:   60 13:48:11    -2857.659882        0.133947
BFGS:   61 13:48:12    -2857.664842        0.129636
BFGS:   62 13:48:13    -2857.669667        0.134225
BFGS:   63 13:48:13    -2857.674546        0.161662
BFGS:   64 13:48:14    -2857.679353        0.136913
BFGS:   65 13:48:15    -2857.683880        0.162874
BFGS:   66 13:48:16    -2857.688358        0.175415
BFGS:   67 13:48:17    -2857.693365        0.163446
BFGS:   68 13:48:18    -2857.699275        0.210440
BFGS:   69 13:48:18    -2857.706189        0.243623
BFGS:   70 13:48:19    -2857.713968        0.238360
BFGS:   71 13:48:20    -2857.722567        0.187785
BFGS:   72 13:48:20    -2857.732334        0.223363
BFGS:   73 13:48:21    -2857.743612        0.274460
BFGS:   74 13:48:21    -2857.756549        0.299208
BFGS:   75 13:48:22    -2857.770086        0.235390
BFGS:   76 13:48:23    -2857.783124        0.224404
BFGS:   77 13:48:23    -2857.794624        0.263232
BFGS:   78 13:48:24    -2857.804837        0.231266
BFGS:   79 13:48:24    -2857.814096        0.226971
BFGS:   80 13:48:25    -2857.822082        0.218875
BFGS:   81 13:48:26    -2857.828433        0.159842
BFGS:   82 13:48:26    -2857.833010        0.194128
BFGS:   83 13:48:27    -2857.836521        0.129697
BFGS:   84 13:48:27    -2857.839803        0.129506
BFGS:   85 13:48:28    -2857.844125        0.123839
BFGS:   86 13:48:28    -2857.848191        0.167144
BFGS:   87 13:48:29    -2857.853047        0.135772
BFGS:   88 13:48:29    -2857.856951        0.094744
BFGS:   89 13:48:30    -2857.860219        0.092720
BFGS:   90 13:48:30    -2857.863411        0.116001
BFGS:   91 13:48:31    -2857.867440        0.143468
BFGS:   92 13:48:32    -2857.872683        0.143980
BFGS:   93 13:48:32    -2857.879094        0.142656
BFGS:   94 13:48:33    -2857.885442        0.133808
BFGS:   95 13:48:33    -2857.890462        0.112948
BFGS:   96 13:48:34    -2857.893898        0.103859
BFGS:   97 13:48:34    -2857.896544        0.127983
BFGS:   98 13:48:35    -2857.899309        0.123609
BFGS:   99 13:48:35    -2857.902341        0.097398
BFGS:  100 13:48:36    -2857.905169        0.099373
BFGS:  101 13:48:36    -2857.907400        0.095596
BFGS:  102 13:48:37    -2857.909244        0.074391
BFGS:  103 13:48:37    -2857.911093        0.073162
BFGS:  104 13:48:38    -2857.913071        0.070658
BFGS:  105 13:48:38    -2857.914743        0.074479
BFGS:  106 13:48:39    -2857.916335        0.079006
BFGS:  107 13:48:39    -2857.918214        0.076089
BFGS:  108 13:48:39    -2857.920793        0.106783
BFGS:  109 13:48:40    -2857.924054        0.132414
BFGS:  110 13:48:40    -2857.927851        0.147340
BFGS:  111 13:48:41    -2857.931947        0.122016
BFGS:  112 13:48:41    -2857.936770        0.142906
BFGS:  113 13:48:42    -2857.942602        0.146397
BFGS:  114 13:48:42    -2857.949343        0.198218
BFGS:  115 13:48:43    -2857.956657        0.218897
BFGS:  116 13:48:43    -2857.964464        0.159766
BFGS:  117 13:48:44    -2857.972425        0.144210
BFGS:  118 13:48:44    -2857.979382        0.136386
BFGS:  119 13:48:45    -2857.984622        0.152802
BFGS:  120 13:48:45    -2857.988604        0.120269
BFGS:  121 13:48:46    -2857.992188        0.121887
BFGS:  122 13:48:46    -2857.995808        0.123202
BFGS:  123 13:48:46    -2857.999226        0.100050
BFGS:  124 13:48:47    -2858.002183        0.083625
BFGS:  125 13:48:47    -2858.004891        0.092452
BFGS:  126 13:48:48    -2858.007444        0.084135
BFGS:  127 13:48:48    -2858.009648        0.077475
BFGS:  128 13:48:49    -2858.011483        0.079774
BFGS:  129 13:48:49    -2858.013370        0.087601
BFGS:  130 13:48:50    -2858.015714        0.091202
BFGS:  131 13:48:50    -2858.018527        0.111803
BFGS:  132 13:48:50    -2858.020878        0.094698
BFGS:  133 13:48:51    -2858.022704        0.093935
BFGS:  134 13:48:51    -2858.024521        0.102724
BFGS:  135 13:48:52    -2858.026814        0.098445
BFGS:  136 13:48:52    -2858.029441        0.098970
BFGS:  137 13:48:53    -2858.031792        0.098640
BFGS:  138 13:48:53    -2858.033593        0.076368
BFGS:  139 13:48:53    -2858.035123        0.071543
BFGS:  140 13:48:54    -2858.036669        0.070762
BFGS:  141 13:48:54    -2858.038109        0.075101
BFGS:  142 13:48:55    -2858.039420        0.090628
BFGS:  143 13:48:55    -2858.040716        0.073498
BFGS:  144 13:48:55    -2858.042177        0.069714
BFGS:  145 13:48:56    -2858.043721        0.065635
BFGS:  146 13:48:56    -2858.045136        0.061776
BFGS:  147 13:48:57    -2858.046128        0.070628
BFGS:  148 13:48:57    -2858.047033        0.076948
BFGS:  149 13:48:57    -2858.048123        0.085190
BFGS:  150 13:48:58    -2858.049469        0.104313
BFGS:  151 13:48:58    -2858.050880        0.089151
BFGS:  152 13:48:59    -2858.052258        0.077356
BFGS:  153 13:48:59    -2858.053738        0.078750
BFGS:  154 13:48:59    -2858.055658        0.115849
BFGS:  155 13:49:00    -2858.058004        0.149472
BFGS:  156 13:49:00    -2858.060275        0.135538
BFGS:  157 13:49:01    -2858.061970        0.096025
BFGS:  158 13:49:01    -2858.063267        0.111482
BFGS:  159 13:49:01    -2858.064521        0.134386
BFGS:  160 13:49:02    -2858.065839        0.128353
BFGS:  161 13:49:02    -2858.067251        0.105087
BFGS:  162 13:49:03    -2858.068652        0.084127
BFGS:  163 13:49:03    -2858.070037        0.061187
BFGS:  164 13:49:04    -2858.071452        0.083720
BFGS:  165 13:49:04    -2858.072729        0.058700
BFGS:  166 13:49:04    -2858.073991        0.070278
BFGS:  167 13:49:05    -2858.075430        0.068435
BFGS:  168 13:49:05    -2858.077286        0.077736
BFGS:  169 13:49:06    -2858.079364        0.088862
BFGS:  170 13:49:06    -2858.081409        0.086506
BFGS:  171 13:49:06    -2858.083181        0.084806
BFGS:  172 13:49:07    -2858.084824        0.106735
BFGS:  173 13:49:07    -2858.086493        0.076895
BFGS:  174 13:49:08    -2858.088775        0.084448
BFGS:  175 13:49:08    -2858.091865        0.100955
BFGS:  176 13:49:09    -2858.095944        0.105423
BFGS:  177 13:49:09    -2858.100857        0.157128
BFGS:  178 13:49:09    -2858.105934        0.142589
BFGS:  179 13:49:10    -2858.109787        0.157018
BFGS:  180 13:49:10    -2858.113506        0.130910
BFGS:  181 13:49:11    -2858.117016        0.144470
BFGS:  182 13:49:11    -2858.121358        0.110608
BFGS:  183 13:49:12    -2858.123174        0.118138
BFGS:  184 13:49:12    -2858.125440        0.073187
BFGS:  185 13:49:13    -2858.126819        0.058955
BFGS:  186 13:49:13    -2858.128161        0.081913
BFGS:  187 13:49:13    -2858.129500        0.094355
BFGS:  188 13:49:14    -2858.130967        0.129434
BFGS:  189 13:49:14    -2858.132413        0.120325
BFGS:  190 13:49:14    -2858.133843        0.090275
BFGS:  191 13:49:15    -2858.135380        0.081621
BFGS:  192 13:49:15    -2858.137509        0.086612
BFGS:  193 13:49:16    -2858.140140        0.094643
BFGS:  194 13:49:16    -2858.142712        0.088568
BFGS:  195 13:49:16    -2858.144778        0.101411
BFGS:  196 13:49:17    -2858.146627        0.099355
BFGS:  197 13:49:17    -2858.148550        0.096912
BFGS:  198 13:49:18    -2858.150523        0.109233
BFGS:  199 13:49:18    -2858.152555        0.114388
BFGS:  200 13:49:19    -2858.154598        0.111855
