      Step     Time          Energy          fmax
BFGS:    0 13:41:45    -3089.883610        4.776468
BFGS:    1 13:41:47    -3093.586716        4.796670
BFGS:    2 13:41:48    -3097.099375        5.846727
BFGS:    3 13:41:50    -3098.244886        2.472220
BFGS:    4 13:41:51    -3098.870672        1.210108
BFGS:    5 13:41:52    -3099.306591        0.925033
BFGS:    6 13:41:54    -3099.494297        0.848051
BFGS:    7 13:41:55    -3099.872512        0.842408
BFGS:    8 13:41:56    -3100.044497        0.973646
BFGS:    9 13:41:57    -3100.309593        0.842256
BFGS:   10 13:41:59    -3100.664887        1.222107
BFGS:   11 13:42:00    -3101.690810        3.366246
BFGS:   12 13:42:01    -3102.166880       13.240634
BFGS:   13 13:42:02    -3106.002525        4.033590
BFGS:   14 13:42:03    -3111.658016        5.311848
BFGS:   15 13:42:04    -3108.228596       27.073794
BFGS:   16 13:42:05    -3113.765465        4.032443
BFGS:   17 13:42:06    -3114.667020        2.776111
BFGS:   18 13:42:06    -3115.540010        7.726717
BFGS:   19 13:42:07    -3116.656530        2.304293
BFGS:   20 13:42:08    -3117.232365        1.603381
BFGS:   21 13:42:08    -3118.179463        2.370513
BFGS:   22 13:42:09    -3118.633626        2.980250
BFGS:   23 13:42:09    -3120.292696        6.580186
BFGS:   24 13:42:10    -3121.719253        8.539056
BFGS:   25 13:42:10    -3122.236214       11.635475
BFGS:   26 13:42:11    -3122.800685        8.125201
BFGS:   27 13:42:11    -3123.218082        8.080066
BFGS:   28 13:42:12    -3123.520509        7.890898
BFGS:   29 13:42:12    -3123.825206        7.953888
BFGS:   30 13:42:13    -3124.367968        8.359163
BFGS:   31 13:42:13    -3124.754421        8.338894
BFGS:   32 13:42:14    -3125.449104        7.924450
BFGS:   33 13:42:14    -3125.966559        7.844651
BFGS:   34 13:42:15    -3126.415780        7.426048
BFGS:   35 13:42:15    -3126.765835        7.389179
BFGS:   36 13:42:16    -3127.026576        7.338731
BFGS:   37 13:42:16    -3127.241128        7.104889
BFGS:   38 13:42:17    -3127.443778        7.415305
BFGS:   39 13:42:17    -3127.684894        6.344323
BFGS:   40 13:42:18    -3127.831474        6.577863
BFGS:   41 13:42:18    -3127.952905        5.771744
BFGS:   42 13:42:19    -3128.084751        5.545359
BFGS:   43 13:42:19    -3128.216710        5.525704
BFGS:   44 13:42:20    -3128.316058        5.720186
BFGS:   45 13:42:20    -3128.385058        5.853701
BFGS:   46 13:42:21    -3128.442289        5.907353
BFGS:   47 13:42:21    -3128.499079        5.775499
BFGS:   48 13:42:21    -3128.551168        5.555819
BFGS:   49 13:42:22    -3128.591225        5.317808
BFGS:   50 13:42:22    -3128.618812        5.184431
BFGS:   51 13:42:23    -3128.639531        5.133424
BFGS:   52 13:42:23    -3128.657961        5.141841
BFGS:   53 13:42:23    -3128.676686        5.160298
BFGS:   54 13:42:24    -3128.696577        5.140605
BFGS:   55 13:42:24    -3128.715157        5.059506
BFGS:   56 13:42:25    -3128.730088        4.933058
BFGS:   57 13:42:25    -3128.742509        4.810038
BFGS:   58 13:42:25    -3128.755239        4.712239
BFGS:   59 13:42:26    -3128.770531        4.648435
BFGS:   60 13:42:26    -3128.787480        4.634133
BFGS:   61 13:42:27    -3128.802828        4.653959
BFGS:   62 13:42:27    -3128.815254        4.681057
BFGS:   63 13:42:27    -3128.826293        4.679576
BFGS:   64 13:42:28    -3128.837892        4.648214
BFGS:   65 13:42:28    -3128.849364        4.589042
BFGS:   66 13:42:29    -3128.858499        4.534463
BFGS:   67 13:42:29    -3128.865031        4.516311
BFGS:   68 13:42:29    -3128.870721        4.530078
BFGS:   69 13:42:30    -3128.876576        4.569829
BFGS:   70 13:42:30    -3128.882003        4.608576
BFGS:   71 13:42:30    -3128.886204        4.626220
BFGS:   72 13:42:31    -3128.889170        4.618747
BFGS:   73 13:42:31    -3128.891477        4.604917
BFGS:   74 13:42:31    -3128.893534        4.594691
BFGS:   75 13:42:32    -3128.895436        4.598983
BFGS:   76 13:42:32    -3128.897081        4.617341
BFGS:   77 13:42:32    -3128.898324        4.637895
BFGS:   78 13:42:33    -3128.899150        4.651108
BFGS:   79 13:42:33    -3128.899691        4.650723
BFGS:   80 13:42:33    -3128.900091        4.643630
BFGS:   81 13:42:34    -3128.900438        4.633294
BFGS:   82 13:42:34    -3128.900750        4.625059
BFGS:   83 13:42:34    -3128.900967        4.624704
BFGS:   84 13:42:35    -3128.901112        4.630340
BFGS:   85 13:42:35    -3128.901226        4.639884
BFGS:   86 13:42:35    -3128.901362        4.648904
BFGS:   87 13:42:35    -3128.901533        4.658329
BFGS:   88 13:42:36    -3128.901686        4.657516
BFGS:   89 13:42:36    -3128.901771        4.651912
BFGS:   90 13:42:36    -3128.901816        4.645137
BFGS:   91 13:42:36    -3128.901857        4.638944
BFGS:   92 13:42:37    -3128.901908        4.636381
BFGS:   93 13:42:37    -3128.901973        4.638300
BFGS:   94 13:42:37    -3128.902044        4.645510
BFGS:   95 13:42:37    -3128.902113        4.655633
BFGS:   96 13:42:38    -3128.902183        4.663663
BFGS:   97 13:42:38    -3128.902258        4.667394
BFGS:   98 13:42:38    -3128.902338        4.664846
BFGS:   99 13:42:38    -3128.902435        4.656839
BFGS:  100 13:42:39    -3128.902573        4.645139
BFGS:  101 13:42:39    -3128.902780        4.631626
BFGS:  102 13:42:39    -3128.903062        4.624933
BFGS:  103 13:42:40    -3128.903393        4.625146
BFGS:  104 13:42:40    -3128.903812        4.636092
BFGS:  105 13:42:40    -3128.904437        4.649987
BFGS:  106 13:42:41    -3128.905564        4.668661
BFGS:  107 13:42:41    -3128.907528        4.675786
BFGS:  108 13:42:41    -3128.910770        4.660833
BFGS:  109 13:42:42    -3128.915752        4.606025
BFGS:  110 13:42:42    -3128.923635        4.501256
BFGS:  111 13:42:43    -3128.938108        4.308735
BFGS:  112 13:42:43    -3128.953904        4.120872
BFGS:  113 13:42:44    -3128.972219        3.924654
BFGS:  114 13:42:44    -3128.997889        3.717506
BFGS:  115 13:42:45    -3129.039943        3.533001
BFGS:  116 13:42:45    -3129.082408        3.509860
BFGS:  117 13:42:46    -3129.136436        3.603875
BFGS:  118 13:42:46    -3129.168646        3.551795
BFGS:  119 13:42:46    -3129.219753        3.641281
BFGS:  120 13:42:47    -3129.286347        3.535126
BFGS:  121 13:42:47    -3129.318157        3.455191
BFGS:  122 13:42:48    -3129.366352        3.155129
BFGS:  123 13:42:48    -3129.410490        2.967242
BFGS:  124 13:42:49    -3129.451897        2.758053
BFGS:  125 13:42:49    -3129.523006        2.427888
BFGS:  126 13:42:50    -3129.579166        2.430417
BFGS:  127 13:42:50    -3129.678083        2.492983
BFGS:  128 13:42:50    -3129.771295        2.611166
BFGS:  129 13:42:51    -3129.839288        2.560531
BFGS:  130 13:42:51    -3129.918393        2.520545
BFGS:  131 13:42:52    -3129.984546        2.273921
BFGS:  132 13:42:52    -3130.061973        2.003430
BFGS:  133 13:42:53    -3130.159614        1.936091
BFGS:  134 13:42:53    -3130.264344        1.809014
BFGS:  135 13:42:54    -3130.334262        1.772821
BFGS:  136 13:42:54    -3130.392807        1.718165
BFGS:  137 13:42:55    -3130.431418        1.760749
BFGS:  138 13:42:55    -3130.461388        1.776386
BFGS:  139 13:42:56    -3130.500825        1.754227
BFGS:  140 13:42:56    -3130.535463        1.540225
BFGS:  141 13:42:56    -3130.567452        1.432675
BFGS:  142 13:42:57    -3130.598249        1.226533
BFGS:  143 13:42:57    -3130.624680        1.215081
BFGS:  144 13:42:58    -3130.643823        1.241460
BFGS:  145 13:42:58    -3130.658625        1.333392
BFGS:  146 13:42:58    -3130.670594        1.259913
BFGS:  147 13:42:59    -3130.680337        1.232853
BFGS:  148 13:42:59    -3130.689272        1.171610
BFGS:  149 13:43:00    -3130.698767        1.137514
BFGS:  150 13:43:00    -3130.708492        1.085948
BFGS:  151 13:43:00    -3130.716648        1.081459
BFGS:  152 13:43:01    -3130.722602        1.113794
BFGS:  153 13:43:01    -3130.727905        1.114128
BFGS:  154 13:43:01    -3130.733392        1.087823
BFGS:  155 13:43:02    -3130.739768        1.064283
BFGS:  156 13:43:02    -3130.745761        1.024095
BFGS:  157 13:43:02    -3130.750728        0.979087
BFGS:  158 13:43:03    -3130.754878        1.001904
BFGS:  159 13:43:03    -3130.758240        0.990661
BFGS:  160 13:43:04    -3130.761572        1.036332
BFGS:  161 13:43:04    -3130.765075        1.019338
BFGS:  162 13:43:04    -3130.768142        1.009188
BFGS:  163 13:43:05    -3130.770598        1.000506
BFGS:  164 13:43:05    -3130.772908        0.992686
BFGS:  165 13:43:05    -3130.775653        0.982597
BFGS:  166 13:43:06    -3130.778424        0.984546
BFGS:  167 13:43:06    -3130.780965        0.974118
BFGS:  168 13:43:06    -3130.783214        0.982204
BFGS:  169 13:43:07    -3130.785379        0.995886
BFGS:  170 13:43:07    -3130.787452        1.027128
BFGS:  171 13:43:07    -3130.789183        1.029185
BFGS:  172 13:43:08    -3130.790694        1.015606
BFGS:  173 13:43:08    -3130.792310        0.981749
BFGS:  174 13:43:08    -3130.794164        0.981270
BFGS:  175 13:43:09    -3130.796150        0.977334
BFGS:  176 13:43:09    -3130.798010        0.974411
BFGS:  177 13:43:09    -3130.799788        0.954130
BFGS:  178 13:43:10    -3130.801664        0.942018
BFGS:  179 13:43:10    -3130.803717        0.920793
BFGS:  180 13:43:10    -3130.805774        0.933676
BFGS:  181 13:43:11    -3130.807521        0.947383
BFGS:  182 13:43:11    -3130.808861        0.956673
BFGS:  183 13:43:11    -3130.809872        0.958525
BFGS:  184 13:43:12    -3130.810671        0.961786
BFGS:  185 13:43:12    -3130.811295        0.963845
BFGS:  186 13:43:12    -3130.811791        0.963032
BFGS:  187 13:43:13    -3130.812192        0.960328
BFGS:  188 13:43:13    -3130.812564        0.953710
BFGS:  189 13:43:13    -3130.812972        0.941881
BFGS:  190 13:43:14    -3130.813409        0.928664
BFGS:  191 13:43:14    -3130.813797        0.926642
BFGS:  192 13:43:14    -3130.814078        0.928923
BFGS:  193 13:43:15    -3130.814292        0.926962
BFGS:  194 13:43:15    -3130.814512        0.921072
BFGS:  195 13:43:15    -3130.814781        0.922650
BFGS:  196 13:43:15    -3130.815069        0.924772
BFGS:  197 13:43:16    -3130.815334        0.921155
BFGS:  198 13:43:16    -3130.815571        0.922488
BFGS:  199 13:43:16    -3130.815814        0.931158
BFGS:  200 13:43:17    -3130.816069        0.945881
