      Step     Time          Energy          fmax
BFGS:    0 13:38:14    -2228.763980        9.352220
BFGS:    1 13:38:14    -2236.641086       11.732353
BFGS:    2 13:38:14    -2238.561584       18.973001
BFGS:    3 13:38:15    -2241.536331        6.282733
BFGS:    4 13:38:15    -2242.871174        3.962974
BFGS:    5 13:38:15    -2244.049534        3.758473
BFGS:    6 13:38:16    -2244.831056        2.880543
BFGS:    7 13:38:16    -2246.212829        2.693330
BFGS:    8 13:38:16    -2246.553345        4.519269
BFGS:    9 13:38:17    -2247.088403        3.604026
BFGS:   10 13:38:17    -2247.510769        2.091254
BFGS:   11 13:38:17    -2247.750482        3.126014
BFGS:   12 13:38:17    -2247.875115        1.205109
BFGS:   13 13:38:18    -2247.993787        1.046058
BFGS:   14 13:38:18    -2248.165489        1.218020
BFGS:   15 13:38:18    -2248.386068        1.680024
BFGS:   16 13:38:19    -2248.591536        1.590600
BFGS:   17 13:38:19    -2248.859179        0.955734
BFGS:   18 13:38:19    -2248.916674        0.559253
BFGS:   19 13:38:19    -2248.948524        0.904009
BFGS:   20 13:38:20    -2249.005485        0.441902
BFGS:   21 13:38:20    -2249.030727        0.413424
BFGS:   22 13:38:20    -2249.062296        0.391949
BFGS:   23 13:38:20    -2249.084430        0.287604
BFGS:   24 13:38:21    -2249.110439        0.285226
BFGS:   25 13:38:21    -2249.133108        0.297977
BFGS:   26 13:38:21    -2249.152674        0.331837
BFGS:   27 13:38:21    -2249.170547        0.322390
BFGS:   28 13:38:21    -2249.188282        0.291354
BFGS:   29 13:38:22    -2249.204821        0.279583
BFGS:   30 13:38:22    -2249.220573        0.346710
BFGS:   31 13:38:22    -2249.234413        0.337244
BFGS:   32 13:38:22    -2249.245089        0.233254
BFGS:   33 13:38:23    -2249.252205        0.187930
BFGS:   34 13:38:23    -2249.257171        0.149456
BFGS:   35 13:38:23    -2249.260841        0.152451
BFGS:   36 13:38:23    -2249.263336        0.109528
BFGS:   37 13:38:23    -2249.265521        0.090791
BFGS:   38 13:38:24    -2249.268092        0.099485
BFGS:   39 13:38:24    -2249.271235        0.123056
BFGS:   40 13:38:24    -2249.274567        0.108851
BFGS:   41 13:38:24    -2249.277697        0.132814
BFGS:   42 13:38:25    -2249.281051        0.147478
BFGS:   43 13:38:25    -2249.285594        0.150767
BFGS:   44 13:38:25    -2249.291887        0.194673
BFGS:   45 13:38:25    -2249.299058        0.217165
BFGS:   46 13:38:26    -2249.305332        0.156118
BFGS:   47 13:38:26    -2249.309527        0.133394
BFGS:   48 13:38:26    -2249.312419        0.142348
BFGS:   49 13:38:26    -2249.315017        0.113267
BFGS:   50 13:38:26    -2249.317267        0.129227
BFGS:   51 13:38:27    -2249.319215        0.108920
BFGS:   52 13:38:27    -2249.321203        0.112233
BFGS:   53 13:38:27    -2249.323680        0.096840
BFGS:   54 13:38:27    -2249.326105        0.111680
BFGS:   55 13:38:27    -2249.329363        0.120024
BFGS:   56 13:38:28    -2249.333555        0.133517
BFGS:   57 13:38:28    -2249.338308        0.132492
BFGS:   58 13:38:28    -2249.342555        0.132189
BFGS:   59 13:38:28    -2249.345899        0.138283
BFGS:   60 13:38:29    -2249.349177        0.115017
BFGS:   61 13:38:29    -2249.353456        0.180301
BFGS:   62 13:38:29    -2249.360047        0.249588
BFGS:   63 13:38:29    -2249.368551        0.253032
BFGS:   64 13:38:30    -2249.378403        0.204187
BFGS:   65 13:38:30    -2249.389246        0.238474
BFGS:   66 13:38:30    -2249.402144        0.267606
BFGS:   67 13:38:31    -2249.411006        0.286465
BFGS:   68 13:38:31    -2249.426806        0.294979
BFGS:   69 13:38:31    -2249.439052        0.255403
BFGS:   70 13:38:32    -2249.450505        0.184299
BFGS:   71 13:38:32    -2249.457733        0.215636
BFGS:   72 13:38:32    -2249.470481        0.282683
BFGS:   73 13:38:32    -2249.479106        0.228941
BFGS:   74 13:38:33    -2249.487229        0.178694
BFGS:   75 13:38:33    -2249.492631        0.150125
BFGS:   76 13:38:33    -2249.497614        0.141366
BFGS:   77 13:38:33    -2249.502096        0.140101
BFGS:   78 13:38:34    -2249.505969        0.124302
BFGS:   79 13:38:34    -2249.509391        0.120112
BFGS:   80 13:38:34    -2249.512822        0.163251
BFGS:   81 13:38:34    -2249.516550        0.164473
BFGS:   82 13:38:35    -2249.520570        0.114259
BFGS:   83 13:38:35    -2249.524422        0.111341
BFGS:   84 13:38:35    -2249.527833        0.109522
BFGS:   85 13:38:35    -2249.530926        0.152950
BFGS:   86 13:38:36    -2249.534390        0.149343
BFGS:   87 13:38:36    -2249.538780        0.166530
BFGS:   88 13:38:36    -2249.544391        0.172977
BFGS:   89 13:38:36    -2249.550672        0.157238
BFGS:   90 13:38:37    -2249.556607        0.193501
BFGS:   91 13:38:37    -2249.562057        0.216669
BFGS:   92 13:38:37    -2249.568713        0.226367
BFGS:   93 13:38:37    -2249.578533        0.212483
BFGS:   94 13:38:38    -2249.590774        0.200170
BFGS:   95 13:38:38    -2249.602642        0.193445
BFGS:   96 13:38:38    -2249.610334        0.346085
BFGS:   97 13:38:39    -2249.617154        0.134348
BFGS:   98 13:38:39    -2249.621513        0.103946
BFGS:   99 13:38:39    -2249.626841        0.118761
BFGS:  100 13:38:39    -2249.628660        0.077191
BFGS:  101 13:38:39    -2249.630144        0.066770
BFGS:  102 13:38:40    -2249.631119        0.067206
BFGS:  103 13:38:40    -2249.632470        0.084208
BFGS:  104 13:38:40    -2249.634226        0.094820
BFGS:  105 13:38:40    -2249.636824        0.132923
BFGS:  106 13:38:41    -2249.647275        0.547467
BFGS:  107 13:38:41    -2249.649122        1.227999
BFGS:  108 13:38:41    -2249.725539        0.811562
BFGS:  109 13:38:42    -2249.616756        1.913694
BFGS:  110 13:38:42    -2249.783975        0.672524
BFGS:  111 13:38:42    -2249.824728        0.598129
BFGS:  112 13:38:43    -2249.918937        0.497728
BFGS:  113 13:38:43    -2249.939544        0.410966
BFGS:  114 13:38:43    -2249.949714        0.182091
BFGS:  115 13:38:43    -2249.957891        0.136662
BFGS:  116 13:38:44    -2249.963874        0.131037
BFGS:  117 13:38:44    -2249.967511        0.120577
BFGS:  118 13:38:44    -2249.971026        0.101113
BFGS:  119 13:38:44    -2249.974192        0.104727
BFGS:  120 13:38:44    -2249.977577        0.112865
BFGS:  121 13:38:45    -2249.981362        0.110495
BFGS:  122 13:38:45    -2249.985902        0.125030
BFGS:  123 13:38:45    -2249.991464        0.142719
BFGS:  124 13:38:45    -2249.998045        0.166884
BFGS:  125 13:38:46    -2250.004987        0.193657
BFGS:  126 13:38:46    -2250.012093        0.219337
BFGS:  127 13:38:46    -2250.019517        0.221941
BFGS:  128 13:38:46    -2250.028168        0.205919
BFGS:  129 13:38:47    -2250.036066        0.273104
BFGS:  130 13:38:47    -2250.044431        0.198752
BFGS:  131 13:38:47    -2250.051483        0.220587
BFGS:  132 13:38:47    -2250.058408        0.203292
BFGS:  133 13:38:48    -2250.062903        0.164069
BFGS:  134 13:38:48    -2250.065859        0.141478
BFGS:  135 13:38:48    -2250.068066        0.112579
BFGS:  136 13:38:48    -2250.070589        0.092338
BFGS:  137 13:38:48    -2250.074002        0.141777
BFGS:  138 13:38:49    -2250.078045        0.154442
BFGS:  139 13:38:49    -2250.081406        0.306796
BFGS:  140 13:38:49    -2250.085262        0.127309
BFGS:  141 13:38:49    -2250.088973        0.106358
BFGS:  142 13:38:50    -2250.096077        0.189803
BFGS:  143 13:38:50    -2250.101908        0.161630
BFGS:  144 13:38:50    -2250.110949        0.229143
BFGS:  145 13:38:50    -2250.114118        0.458794
BFGS:  146 13:38:50    -2250.120583        0.176053
BFGS:  147 13:38:51    -2250.123662        0.129085
BFGS:  148 13:38:51    -2250.126762        0.102174
BFGS:  149 13:38:51    -2250.128803        0.085031
BFGS:  150 13:38:51    -2250.129915        0.049343
BFGS:  151 13:38:52    -2250.130733        0.054012
BFGS:  152 13:38:52    -2250.131230        0.033230
BFGS:  153 13:38:52    -2250.131499        0.056175
BFGS:  154 13:38:52    -2250.131708        0.032981
BFGS:  155 13:38:52    -2250.131953        0.054774
BFGS:  156 13:38:52    -2250.132232        0.036227
BFGS:  157 13:38:53    -2250.132466        0.049521
BFGS:  158 13:38:53    -2250.132649        0.033424
BFGS:  159 13:38:53    -2250.132857        0.031773
BFGS:  160 13:38:53    -2250.133170        0.039710
BFGS:  161 13:38:53    -2250.133578        0.050446
BFGS:  162 13:38:53    -2250.133993        0.042294
BFGS:  163 13:38:54    -2250.134340        0.044591
BFGS:  164 13:38:54    -2250.134714        0.070525
BFGS:  165 13:38:54    -2250.135213        0.051176
BFGS:  166 13:38:54    -2250.136027        0.065814
BFGS:  167 13:38:54    -2250.137028        0.097676
BFGS:  168 13:38:55    -2250.137863        0.133832
BFGS:  169 13:38:55    -2250.138487        0.163154
BFGS:  170 13:38:55    -2250.139645        0.075382
BFGS:  171 13:38:55    -2250.141399        0.113057
BFGS:  172 13:38:56    -2250.142875        0.117880
BFGS:  173 13:38:56    -2250.143796        0.150397
BFGS:  174 13:38:56    -2250.144511        0.354483
BFGS:  175 13:38:56    -2250.145757        0.098360
BFGS:  176 13:38:56    -2250.146618        0.134821
BFGS:  177 13:38:57    -2250.147425        0.088232
BFGS:  178 13:38:57    -2250.148149        0.090804
BFGS:  179 13:38:57    -2250.149071        0.114424
BFGS:  180 13:38:57    -2250.149756        0.127100
BFGS:  181 13:38:57    -2250.150499        0.135149
BFGS:  182 13:38:58    -2250.150950        0.086357
BFGS:  183 13:38:58    -2250.151206        0.068138
BFGS:  184 13:38:58    -2250.151374        0.059079
BFGS:  185 13:38:58    -2250.151594        0.046441
BFGS:  186 13:38:58    -2250.151757        0.045213
BFGS:  187 13:38:58    -2250.151853        0.037652
BFGS:  188 13:38:59    -2250.151901        0.034381
BFGS:  189 13:38:59    -2250.151941        0.027249
BFGS:  190 13:38:59    -2250.151999        0.028174
BFGS:  191 13:38:59    -2250.152064        0.015083
BFGS:  192 13:38:59    -2250.152112        0.019684
BFGS:  193 13:38:59    -2250.152145        0.017540
BFGS:  194 13:39:00    -2250.152170        0.015575
BFGS:  195 13:39:00    -2250.152197        0.016272
BFGS:  196 13:39:00    -2250.152235        0.020455
BFGS:  197 13:39:00    -2250.152276        0.015277
BFGS:  198 13:39:00    -2250.152312        0.011861
BFGS:  199 13:39:00    -2250.152342        0.010267
BFGS:  200 13:39:00    -2250.152375        0.014623
