      Step     Time          Energy          fmax
BFGS:    0 10:11:21    -3779.314320        5.340937
BFGS:    1 10:11:22    -3780.002720        3.698347
BFGS:    2 10:11:24    -3780.513763        1.500770
BFGS:    3 10:11:26    -3780.560785        0.610739
BFGS:    4 10:11:27    -3780.572573        0.559650
BFGS:    5 10:11:29    -3780.641733        0.945546
BFGS:    6 10:11:31    -3780.884027        1.570526
BFGS:    7 10:11:34    -3781.256466        1.040329
BFGS:    8 10:11:36    -3781.525750        0.622133
BFGS:    9 10:11:38    -3781.534142        1.482679
BFGS:   10 10:11:40    -3781.576368        0.921813
BFGS:   11 10:11:42    -3781.582082        0.926633
BFGS:   12 10:11:44    -3781.705742        0.888473
BFGS:   13 10:11:45    -3781.753306        0.490654
BFGS:   14 10:11:47    -3781.768988        0.123932
BFGS:   15 10:11:48    -3781.769711        0.067848
BFGS:   16 10:11:49    -3781.769839        0.066631
BFGS:   17 10:11:51    -3781.772844        0.055889
BFGS:   18 10:11:52    -3781.774832        0.078864
BFGS:   19 10:11:53    -3781.775717        0.066895
BFGS:   20 10:11:55    -3781.775986        0.044300
BFGS:   21 10:11:56    -3781.776068        0.048307
BFGS:   22 10:11:57    -3781.776201        0.046432
BFGS:   23 10:11:58    -3781.776398        0.035494
BFGS:   24 10:11:59    -3781.776575        0.030411
BFGS:   25 10:12:00    -3781.776667        0.032418
BFGS:   26 10:12:02    -3781.776713        0.032634
BFGS:   27 10:12:03    -3781.776789        0.035809
BFGS:   28 10:12:04    -3781.777065        0.056417
BFGS:   29 10:12:06    -3781.779305        0.198646
BFGS:   30 10:12:08    -3781.781871        0.498357
BFGS:   31 10:12:10    -3781.785117        0.521993
BFGS:   32 10:12:13    -3781.796241        0.822324
BFGS:   33 10:12:16    -3781.814062        1.045407
BFGS:   34 10:12:19    -3781.823527        1.251939
BFGS:   35 10:12:21    -3781.826130        1.154315
BFGS:   36 10:12:22    -3781.827078        1.141401
BFGS:   37 10:12:24    -3781.846494        1.152913
BFGS:   38 10:12:27    -3781.866411        1.153307
BFGS:   39 10:12:30    -3781.888414        1.283854
BFGS:   40 10:12:32    -3781.918399        1.407075
BFGS:   41 10:12:35    -3781.949415        1.526239
BFGS:   42 10:12:37    -3781.951302        1.559213
BFGS:   43 10:12:39    -3781.953466        1.528752
BFGS:   44 10:12:41    -3781.954376        1.542462
BFGS:   45 10:12:43    -3781.956506        1.584151
BFGS:   46 10:12:44    -3781.957968        1.600375
BFGS:   47 10:12:46    -3781.961169        1.606516
BFGS:   48 10:12:48    -3781.965300        1.577942
BFGS:   49 10:12:50    -3781.968547        1.519565
BFGS:   50 10:12:51    -3781.969502        1.483825
BFGS:   51 10:12:53    -3781.969743        1.472114
BFGS:   52 10:12:54    -3781.969846        1.467247
BFGS:   53 10:12:55    -3781.969886        1.464169
BFGS:   54 10:12:56    -3781.969900        1.463233
BFGS:   55 10:12:58    -3781.969917        1.461612
BFGS:   56 10:12:59    -3781.969929        1.460740
BFGS:   57 10:13:00    -3781.969994        1.459979
BFGS:   58 10:13:01    -3781.970136        1.461426
BFGS:   59 10:13:03    -3781.970501        1.463750
BFGS:   60 10:13:04    -3781.971489        1.466160
BFGS:   61 10:13:06    -3781.974042        1.467446
BFGS:   62 10:13:08    -3781.980681        1.462454
BFGS:   63 10:13:09    -3781.997362        1.436961
BFGS:   64 10:13:12    -3782.037702        1.362430
BFGS:   65 10:13:14    -3782.124983        1.190972
BFGS:   66 10:13:16    -3782.258876        0.709673
BFGS:   67 10:13:19    -3782.327739        0.325162
BFGS:   68 10:13:22    -3782.392324        0.332899
BFGS:   69 10:13:24    -3782.455112        0.281348
BFGS:   70 10:13:27    -3782.478051        0.195942
BFGS:   71 10:13:29    -3782.488579        0.081967
BFGS:   72 10:13:31    -3782.490825        0.053578
BFGS:   73 10:13:33    -3782.492437        0.024365
BFGS:   74 10:13:34    -3782.492758        0.013133
BFGS:   75 10:13:35    -3782.492802        0.004661
      Step     Time          Energy          fmax
BFGS:    0 12:47:22    -3749.438883       11.816948
BFGS:    1 12:47:24    -3756.941929        5.796869
BFGS:    2 12:47:26    -3763.967798        7.641787
BFGS:    3 12:47:28    -3769.759762       12.378806
BFGS:    4 12:47:30    -3772.086170       17.508217
BFGS:    5 12:47:31    -3775.997471        4.860434
BFGS:    6 12:47:32    -3777.330908        2.460173
BFGS:    7 12:47:34    -3777.877424        1.209499
BFGS:    8 12:47:35    -3778.355020        1.023737
BFGS:    9 12:47:36    -3778.617009        0.920106
BFGS:   10 12:47:37    -3778.752658        0.989782
BFGS:   11 12:47:38    -3778.899461        0.665405
BFGS:   12 12:47:40    -3779.086278        0.832969
BFGS:   13 12:47:41    -3779.313999        1.234403
BFGS:   14 12:47:42    -3779.698703        2.456656
BFGS:   15 12:47:43    -3780.266711        3.236253
BFGS:   16 12:47:44    -3780.908722        2.037523
BFGS:   17 12:47:45    -3781.689765        1.796295
BFGS:   18 12:47:46    -3781.839744        1.417648
BFGS:   19 12:47:47    -3782.136358        0.767729
BFGS:   20 12:47:48    -3782.235032        0.621262
BFGS:   21 12:47:49    -3782.395650        0.604126
BFGS:   22 12:47:50    -3782.474081        0.822912
BFGS:   23 12:47:51    -3782.585746        0.733098
BFGS:   24 12:47:52    -3782.654915        0.390631
BFGS:   25 12:47:53    -3782.718765        0.417766
BFGS:   26 12:47:54    -3782.785691        0.532767
BFGS:   27 12:47:55    -3782.871017        0.752012
BFGS:   28 12:47:56    -3782.972986        0.694422
BFGS:   29 12:47:57    -3783.067297        0.476467
BFGS:   30 12:47:58    -3783.120167        0.268416
BFGS:   31 12:47:58    -3783.152425        0.239510
BFGS:   32 12:47:59    -3783.190037        0.373458
BFGS:   33 12:48:00    -3783.236215        0.401343
BFGS:   34 12:48:01    -3783.277930        0.296500
BFGS:   35 12:48:02    -3783.303463        0.166061
BFGS:   36 12:48:03    -3783.317448        0.178020
BFGS:   37 12:48:04    -3783.329838        0.197152
BFGS:   38 12:48:05    -3783.344342        0.187835
BFGS:   39 12:48:05    -3783.357193        0.199564
BFGS:   40 12:48:06    -3783.367780        0.160789
BFGS:   41 12:48:07    -3783.378139        0.219182
BFGS:   42 12:48:08    -3783.388819        0.187657
BFGS:   43 12:48:09    -3783.398326        0.126857
BFGS:   44 12:48:09    -3783.406562        0.143892
BFGS:   45 12:48:10    -3783.415408        0.162134
BFGS:   46 12:48:11    -3783.426250        0.189367
BFGS:   47 12:48:12    -3783.436931        0.129390
BFGS:   48 12:48:13    -3783.444167        0.099306
BFGS:   49 12:48:14    -3783.448178        0.081250
BFGS:   50 12:48:14    -3783.450914        0.094157
BFGS:   51 12:48:15    -3783.452933        0.061673
BFGS:   52 12:48:16    -3783.454218        0.045592
BFGS:   53 12:48:17    -3783.455010        0.033751
BFGS:   54 12:48:17    -3783.455574        0.033523
BFGS:   55 12:48:18    -3783.455937        0.022429
BFGS:   56 12:48:19    -3783.456105        0.015135
BFGS:   57 12:48:19    -3783.456185        0.010755
BFGS:   58 12:48:20    -3783.456242        0.011080
BFGS:   59 12:48:20    -3783.456284        0.008310
