      Step     Time          Energy          fmax
BFGS:    0 20:07:45     -563.590060     2254.503546
BFGS:    1 20:07:46    -1999.868651      315.399661
BFGS:    2 20:07:46    -1640.523016     1821.751016
BFGS:    3 20:07:47    -2047.706155      572.685274
BFGS:    4 20:07:47    -2098.739951      382.006753
BFGS:    5 20:07:48    -2195.916234      133.220676
BFGS:    6 20:07:48    -2230.697197       45.520001
BFGS:    7 20:07:49    -2241.388602       15.455602
BFGS:    8 20:07:50    -2247.310297       20.521902
BFGS:    9 20:07:50    -2252.333072       14.378363
BFGS:   10 20:07:51    -2257.435742        9.854971
BFGS:   11 20:07:51    -2260.725389        7.211809
BFGS:   12 20:07:52    -2263.004516        8.848081
BFGS:   13 20:07:53    -2264.740140        7.828986
BFGS:   14 20:07:53    -2266.256105        6.319451
BFGS:   15 20:07:54    -2268.167476        6.797896
BFGS:   16 20:07:54    -2269.210373        6.696705
BFGS:   17 20:07:54    -2270.218368        7.100446
BFGS:   18 20:07:55    -2270.995748        7.358090
BFGS:   19 20:07:55    -2271.634667        6.877826
BFGS:   20 20:07:56    -2272.137160        6.136267
BFGS:   21 20:07:56    -2272.588939        4.581537
BFGS:   22 20:07:57    -2272.882606        3.944110
BFGS:   23 20:07:57    -2273.216343        3.329540
BFGS:   24 20:07:58    -2273.484936        2.936847
BFGS:   25 20:07:58    -2273.680613        2.583736
BFGS:   26 20:07:59    -2273.823389        2.521130
BFGS:   27 20:07:59    -2273.935325        2.519460
BFGS:   28 20:07:59    -2274.049323        2.480086
BFGS:   29 20:08:00    -2274.145872        2.163678
BFGS:   30 20:08:00    -2274.230142        1.554138
BFGS:   31 20:08:01    -2274.293981        1.226028
BFGS:   32 20:08:01    -2274.340208        1.194499
BFGS:   33 20:08:01    -2274.377455        1.107328
BFGS:   34 20:08:02    -2274.411185        1.099325
BFGS:   35 20:08:02    -2274.443690        1.045260
BFGS:   36 20:08:02    -2274.475509        1.034421
BFGS:   37 20:08:03    -2274.507362        1.028566
BFGS:   38 20:08:03    -2274.535401        0.921167
BFGS:   39 20:08:04    -2274.562447        0.897959
BFGS:   40 20:08:04    -2274.590625        0.870397
BFGS:   41 20:08:04    -2274.609974        0.858352
BFGS:   42 20:08:05    -2274.626944        0.784704
BFGS:   43 20:08:05    -2274.640357        0.678990
BFGS:   44 20:08:05    -2274.650247        0.661751
BFGS:   45 20:08:06    -2274.658296        0.652975
BFGS:   46 20:08:06    -2274.665506        0.641038
BFGS:   47 20:08:06    -2274.671375        0.583324
BFGS:   48 20:08:07    -2274.675889        0.505418
BFGS:   49 20:08:07    -2274.679347        0.452807
BFGS:   50 20:08:07    -2274.681898        0.419497
BFGS:   51 20:08:08    -2274.683599        0.397998
BFGS:   52 20:08:08    -2274.684727        0.378061
BFGS:   53 20:08:08    -2274.685581        0.364491
BFGS:   54 20:08:08    -2274.686281        0.363263
BFGS:   55 20:08:09    -2274.686825        0.372479
BFGS:   56 20:08:09    -2274.687259        0.370507
BFGS:   57 20:08:09    -2274.687649        0.356836
BFGS:   58 20:08:09    -2274.688039        0.337412
BFGS:   59 20:08:10    -2274.688447        0.333327
BFGS:   60 20:08:10    -2274.688880        0.324445
BFGS:   61 20:08:10    -2274.689321        0.310901
BFGS:   62 20:08:11    -2274.689770        0.297312
BFGS:   63 20:08:11    -2274.690273        0.281871
BFGS:   64 20:08:11    -2274.690913        0.259728
BFGS:   65 20:08:11    -2274.691714        0.240695
BFGS:   66 20:08:12    -2274.692577        0.216721
BFGS:   67 20:08:12    -2274.693332        0.195044
BFGS:   68 20:08:12    -2274.693982        0.181637
BFGS:   69 20:08:12    -2274.694620        0.184122
BFGS:   70 20:08:13    -2274.695274        0.176463
BFGS:   71 20:08:13    -2274.695860        0.154466
BFGS:   72 20:08:13    -2274.696359        0.120148
BFGS:   73 20:08:14    -2274.696814        0.112660
BFGS:   74 20:08:14    -2274.697238        0.087708
BFGS:   75 20:08:14    -2274.697577        0.052581
BFGS:   76 20:08:14    -2274.697818        0.032587
BFGS:   77 20:08:15    -2274.698027        0.042238
BFGS:   78 20:08:15    -2274.698259        0.042500
BFGS:   79 20:08:15    -2274.698480        0.030178
BFGS:   80 20:08:15    -2274.698631        0.037417
BFGS:   81 20:08:16    -2274.698725        0.043818
BFGS:   82 20:08:16    -2274.698809        0.044475
BFGS:   83 20:08:16    -2274.698907        0.043363
BFGS:   84 20:08:16    -2274.699000        0.055067
BFGS:   85 20:08:17    -2274.699076        0.064123
BFGS:   86 20:08:17    -2274.699140        0.067861
BFGS:   87 20:08:17    -2274.699214        0.070532
BFGS:   88 20:08:17    -2274.699311        0.071163
BFGS:   89 20:08:17    -2274.699426        0.072641
BFGS:   90 20:08:18    -2274.699552        0.087550
BFGS:   91 20:08:18    -2274.699693        0.099832
BFGS:   92 20:08:18    -2274.699856        0.107391
BFGS:   93 20:08:18    -2274.700062        0.113231
BFGS:   94 20:08:19    -2274.700284        0.117807
BFGS:   95 20:08:19    -2274.700518        0.122140
BFGS:   96 20:08:19    -2274.700746        0.137019
BFGS:   97 20:08:19    -2274.700989        0.145687
BFGS:   98 20:08:20    -2274.701269        0.147415
BFGS:   99 20:08:20    -2274.701604        0.146400
BFGS:  100 20:08:20    -2274.702010        0.158116
BFGS:  101 20:08:20    -2274.702540        0.165762
BFGS:  102 20:08:21    -2274.703255        0.168623
BFGS:  103 20:08:21    -2274.704315        0.172466
BFGS:  104 20:08:21    -2274.705818        0.208064
BFGS:  105 20:08:22    -2274.708054        0.268168
BFGS:  106 20:08:22    -2274.713221        0.400648
BFGS:  107 20:08:22    -2274.721539        0.548689
BFGS:  108 20:08:23    -2274.757566        0.999830
BFGS:  109 20:08:23    -2274.834402        2.258378
BFGS:  110 20:08:24    -2275.418426        5.387075
BFGS:  111 20:08:24    -2276.740887        4.430055
BFGS:  112 20:08:25    -2276.826280        3.255892
BFGS:  113 20:08:25    -2277.104515        2.773776
BFGS:  114 20:08:26    -2277.303119        2.888778
BFGS:  115 20:08:26    -2277.460452        2.465759
BFGS:  116 20:08:27    -2277.640799        1.780514
BFGS:  117 20:08:27    -2277.754201        1.977022
BFGS:  118 20:08:28    -2277.852854        2.080741
BFGS:  119 20:08:28    -2277.908984        2.521877
BFGS:  120 20:08:28    -2277.976254        2.339594
BFGS:  121 20:08:29    -2278.093509        1.702716
BFGS:  122 20:08:29    -2278.127558        1.550859
BFGS:  123 20:08:29    -2278.177582        1.346387
BFGS:  124 20:08:30    -2278.214282        1.227381
BFGS:  125 20:08:30    -2278.263099        1.216666
BFGS:  126 20:08:31    -2278.310404        1.042230
BFGS:  127 20:08:31    -2278.358036        0.926458
BFGS:  128 20:08:31    -2278.402407        0.941295
BFGS:  129 20:08:32    -2278.446773        0.976189
BFGS:  130 20:08:32    -2278.479871        0.954359
BFGS:  131 20:08:33    -2278.500097        0.884067
BFGS:  132 20:08:33    -2278.514084        0.791091
BFGS:  133 20:08:33    -2278.525992        0.703760
BFGS:  134 20:08:34    -2278.538744        0.618526
BFGS:  135 20:08:34    -2278.551679        0.723328
BFGS:  136 20:08:34    -2278.564212        0.767299
BFGS:  137 20:08:35    -2278.577923        0.747758
BFGS:  138 20:08:35    -2278.594775        0.682767
BFGS:  139 20:08:36    -2278.613855        0.576786
BFGS:  140 20:08:36    -2278.630609        0.455012
BFGS:  141 20:08:36    -2278.642470        0.347234
BFGS:  142 20:08:37    -2278.650004        0.267560
BFGS:  143 20:08:37    -2278.654916        0.199164
BFGS:  144 20:08:37    -2278.657876        0.184226
BFGS:  145 20:08:38    -2278.659358        0.181189
BFGS:  146 20:08:38    -2278.660096        0.169432
BFGS:  147 20:08:38    -2278.660667        0.150235
BFGS:  148 20:08:39    -2278.661273        0.136048
BFGS:  149 20:08:39    -2278.661871        0.156113
BFGS:  150 20:08:39    -2278.662358        0.153833
BFGS:  151 20:08:40    -2278.662709        0.131714
BFGS:  152 20:08:40    -2278.662975        0.103527
BFGS:  153 20:08:40    -2278.663247        0.112903
BFGS:  154 20:08:41    -2278.663569        0.123064
BFGS:  155 20:08:41    -2278.663968        0.134065
BFGS:  156 20:08:41    -2278.664344        0.133138
BFGS:  157 20:08:42    -2278.664659        0.121928
BFGS:  158 20:08:42    -2278.664971        0.104257
BFGS:  159 20:08:42    -2278.665390        0.105590
BFGS:  160 20:08:43    -2278.666226        0.101523
BFGS:  161 20:08:43    -2278.667882        0.316116
BFGS:  162 20:08:44    -2278.669949        0.196295
BFGS:  163 20:08:44    -2278.673137        0.189316
BFGS:  164 20:08:45    -2278.630771        0.775429
BFGS:  165 20:08:45    -2278.678298        0.167508
BFGS:  166 20:08:45    -2278.680896        0.198564
BFGS:  167 20:08:46    -2278.642409        1.272217
BFGS:  168 20:08:46    -2278.688355        0.285988
BFGS:  169 20:08:47    -2278.695156        0.415780
BFGS:  170 20:08:47    -2278.780969        1.819051
BFGS:  171 20:08:48    -2279.066980        3.510121
BFGS:  172 20:08:48    -2278.121747       10.077563
BFGS:  173 20:08:49    -2278.873600        3.875420
BFGS:  174 20:08:49    -2279.435689        3.348908
BFGS:  175 20:08:50    -2279.806982        3.810299
BFGS:  176 20:08:50    -2280.240793        3.476415
BFGS:  177 20:08:51    -2280.800179        2.375352
BFGS:  178 20:08:51    -2281.238179        2.210872
BFGS:  179 20:08:52    -2281.485426        2.002167
BFGS:  180 20:08:52    -2281.701240        1.773506
BFGS:  181 20:08:52    -2281.844073        1.754125
BFGS:  182 20:08:53    -2281.969073        1.562299
BFGS:  183 20:08:53    -2282.068491        1.424406
BFGS:  184 20:08:54    -2282.150059        1.594785
BFGS:  185 20:08:54    -2282.210191        1.047427
BFGS:  186 20:08:54    -2282.254485        0.922334
BFGS:  187 20:08:55    -2282.310294        0.923099
BFGS:  188 20:08:55    -2282.367764        1.003851
BFGS:  189 20:08:56    -2282.425765        0.980779
BFGS:  190 20:08:56    -2282.474451        0.940633
BFGS:  191 20:08:56    -2282.510897        0.853291
BFGS:  192 20:08:57    -2282.542053        0.697278
BFGS:  193 20:08:57    -2282.574395        0.562353
BFGS:  194 20:08:57    -2282.604506        0.500550
BFGS:  195 20:08:58    -2282.627203        0.425218
BFGS:  196 20:08:58    -2282.642729        0.385472
BFGS:  197 20:08:58    -2282.655343        0.359593
BFGS:  198 20:08:59    -2282.668298        0.361714
BFGS:  199 20:08:59    -2282.680428        0.331440
BFGS:  200 20:08:59    -2282.689091        0.255486
