      Step     Time          Energy          fmax
BFGS:    0 13:28:58    -2235.839043        4.534088
BFGS:    1 13:28:58    -2238.579378        4.574321
BFGS:    2 13:28:59    -2244.736128        6.977621
BFGS:    3 13:29:00    -2249.574048        8.221172
BFGS:    4 13:29:00    -2249.396824        9.462854
BFGS:    5 13:29:01    -2253.895046        5.736988
BFGS:    6 13:29:01    -2256.247266        3.880719
BFGS:    7 13:29:02    -2258.288947        2.245879
BFGS:    8 13:29:03    -2258.769343        1.775791
BFGS:    9 13:29:03    -2259.133470        1.781794
BFGS:   10 13:29:03    -2259.783587        2.715917
BFGS:   11 13:29:04    -2260.540359        3.421091
BFGS:   12 13:29:04    -2261.234109        4.284699
BFGS:   13 13:29:05    -2261.505529        4.781359
BFGS:   14 13:29:05    -2262.691458        1.585641
BFGS:   15 13:29:06    -2262.883912        0.756974
BFGS:   16 13:29:06    -2263.061175        0.654610
BFGS:   17 13:29:07    -2263.114622        0.405300
BFGS:   18 13:29:07    -2263.155328        0.331462
BFGS:   19 13:29:07    -2263.189093        0.201493
BFGS:   20 13:29:08    -2263.201794        0.183769
BFGS:   21 13:29:08    -2263.213019        0.186182
BFGS:   22 13:29:08    -2263.224036        0.198642
BFGS:   23 13:29:09    -2263.237097        0.160930
BFGS:   24 13:29:09    -2263.249491        0.194809
BFGS:   25 13:29:10    -2263.259645        0.163579
BFGS:   26 13:29:10    -2263.267352        0.155504
BFGS:   27 13:29:10    -2263.272002        0.126814
BFGS:   28 13:29:10    -2263.276290        0.131846
BFGS:   29 13:29:11    -2263.280763        0.145619
BFGS:   30 13:29:11    -2263.286071        0.143365
BFGS:   31 13:29:12    -2263.291576        0.136557
BFGS:   32 13:29:12    -2263.296829        0.110870
BFGS:   33 13:29:12    -2263.303674        0.141524
BFGS:   34 13:29:13    -2263.310933        0.122729
BFGS:   35 13:29:13    -2263.316807        0.137261
BFGS:   36 13:29:13    -2263.321720        0.151570
BFGS:   37 13:29:14    -2263.330070        0.195522
BFGS:   38 13:29:14    -2263.397362        0.518602
BFGS:   39 13:29:15    -2263.727934        0.674044
BFGS:   40 13:29:15    -2263.684397        1.206405
BFGS:   41 13:29:15    -2263.852477        0.244141
BFGS:   42 13:29:16    -2263.871118        0.163296
BFGS:   43 13:29:16    -2263.881553        0.168809
BFGS:   44 13:29:16    -2263.890685        0.148102
BFGS:   45 13:29:17    -2263.907173        0.164846
BFGS:   46 13:29:17    -2263.917341        0.122412
BFGS:   47 13:29:17    -2263.921735        0.083420
BFGS:   48 13:29:18    -2263.923874        0.091820
BFGS:   49 13:29:18    -2263.926761        0.095261
BFGS:   50 13:29:18    -2263.931578        0.090921
BFGS:   51 13:29:19    -2263.938211        0.137541
BFGS:   52 13:29:19    -2263.944774        0.154299
BFGS:   53 13:29:19    -2263.950634        0.137615
BFGS:   54 13:29:20    -2263.956687        0.114265
BFGS:   55 13:29:20    -2263.963668        0.157407
BFGS:   56 13:29:20    -2263.970516        0.156126
BFGS:   57 13:29:20    -2263.975386        0.112125
BFGS:   58 13:29:21    -2263.978130        0.113470
BFGS:   59 13:29:21    -2263.980099        0.108073
BFGS:   60 13:29:21    -2263.982472        0.093176
BFGS:   61 13:29:22    -2263.985086        0.116705
BFGS:   62 13:29:22    -2263.987524        0.119826
BFGS:   63 13:29:22    -2263.989676        0.088117
BFGS:   64 13:29:23    -2263.991516        0.073288
BFGS:   65 13:29:23    -2263.993162        0.065464
BFGS:   66 13:29:23    -2263.994846        0.073273
BFGS:   67 13:29:24    -2263.996696        0.083165
BFGS:   68 13:29:24    -2263.998885        0.073769
BFGS:   69 13:29:24    -2264.001455        0.089694
BFGS:   70 13:29:24    -2264.004004        0.102935
BFGS:   71 13:29:25    -2264.006679        0.109311
BFGS:   72 13:29:25    -2264.010826        0.114487
BFGS:   73 13:29:25    -2264.018612        0.213560
BFGS:   74 13:29:26    -2264.032072        0.293150
BFGS:   75 13:29:26    -2264.051146        0.306812
BFGS:   76 13:29:26    -2264.073259        0.219927
BFGS:   77 13:29:27    -2264.094085        0.274179
BFGS:   78 13:29:27    -2264.113631        0.354847
BFGS:   79 13:29:28    -2264.146757        0.538421
BFGS:   80 13:29:28    -2264.179769        0.624647
BFGS:   81 13:29:28    -2264.213190        0.671787
BFGS:   82 13:29:29    -2264.246931        0.710050
BFGS:   83 13:29:29    -2264.281083        0.744932
BFGS:   84 13:29:29    -2264.315843        0.775215
BFGS:   85 13:29:30    -2264.351379        0.799276
BFGS:   86 13:29:30    -2264.387760        0.816104
BFGS:   87 13:29:30    -2264.424882        0.825295
BFGS:   88 13:29:31    -2264.462554        0.827974
BFGS:   89 13:29:31    -2264.500686        0.824448
BFGS:   90 13:29:31    -2264.539021        0.816422
BFGS:   91 13:29:32    -2264.577542        0.804552
BFGS:   92 13:29:32    -2264.615970        0.789729
BFGS:   93 13:29:32    -2264.654395        0.772926
BFGS:   94 13:29:33    -2264.692783        0.754057
BFGS:   95 13:29:33    -2264.731049        0.759809
BFGS:   96 13:29:33    -2264.769107        0.767792
BFGS:   97 13:29:34    -2264.807177        0.772919
BFGS:   98 13:29:34    -2264.844962        0.775804
BFGS:   99 13:29:34    -2264.882558        0.776451
BFGS:  100 13:29:35    -2264.919995        0.775040
BFGS:  101 13:29:35    -2264.957223        0.771840
BFGS:  102 13:29:35    -2264.994292        0.766951
BFGS:  103 13:29:35    -2265.031136        0.760571
BFGS:  104 13:29:36    -2265.067642        0.752816
BFGS:  105 13:29:36    -2265.103849        0.743810
BFGS:  106 13:29:36    -2265.139787        0.733656
BFGS:  107 13:29:37    -2265.175366        0.722656
BFGS:  108 13:29:37    -2265.210566        0.710643
BFGS:  109 13:29:37    -2265.245446        0.698059
BFGS:  110 13:29:37    -2265.279914        0.684644
BFGS:  111 13:29:38    -2265.313924        0.670737
BFGS:  112 13:29:38    -2265.347543        0.656303
BFGS:  113 13:29:38    -2265.380812        0.641646
BFGS:  114 13:29:39    -2265.413684        0.626592
BFGS:  115 13:29:39    -2265.446131        0.611256
BFGS:  116 13:29:39    -2265.478116        0.595818
BFGS:  117 13:29:39    -2265.509748        0.580320
BFGS:  118 13:29:40    -2265.541022        0.567942
BFGS:  119 13:29:40    -2265.571896        0.555427
BFGS:  120 13:29:40    -2265.602419        0.542966
BFGS:  121 13:29:41    -2265.632558        0.530874
BFGS:  122 13:29:41    -2265.662367        0.518785
BFGS:  123 13:29:41    -2265.691953        0.507080
BFGS:  124 13:29:41    -2265.721195        0.495504
BFGS:  125 13:29:42    -2265.750102        0.484423
BFGS:  126 13:29:42    -2265.778608        0.473278
BFGS:  127 13:29:42    -2265.806756        0.462701
BFGS:  128 13:29:43    -2265.834601        0.452461
BFGS:  129 13:29:43    -2265.862130        0.442677
BFGS:  130 13:29:43    -2265.889364        0.432929
BFGS:  131 13:29:43    -2265.916297        0.423534
BFGS:  132 13:29:44    -2265.942937        0.414588
BFGS:  133 13:29:44    -2265.969301        0.405990
BFGS:  134 13:29:44    -2265.995387        0.397580
BFGS:  135 13:29:44    -2266.021195        0.389360
BFGS:  136 13:29:45    -2266.046728        0.381712
BFGS:  137 13:29:45    -2266.071993        0.374139
BFGS:  138 13:29:45    -2266.096987        0.366979
BFGS:  139 13:29:45    -2266.121713        0.359907
BFGS:  140 13:29:45    -2266.146167        0.353201
BFGS:  141 13:29:46    -2266.170355        0.346807
BFGS:  142 13:29:46    -2266.194271        0.340448
BFGS:  143 13:29:46    -2266.217922        0.334519
BFGS:  144 13:29:46    -2266.241303        0.328848
BFGS:  145 13:29:46    -2266.264417        0.323172
BFGS:  146 13:29:47    -2266.287252        0.317726
BFGS:  147 13:29:47    -2266.309820        0.312702
BFGS:  148 13:29:47    -2266.332118        0.307681
BFGS:  149 13:29:47    -2266.354144        0.302711
BFGS:  150 13:29:48    -2266.375892        0.300265
BFGS:  151 13:29:48    -2266.397369        0.298886
BFGS:  152 13:29:48    -2266.418578        0.297382
BFGS:  153 13:29:48    -2266.439509        0.295811
BFGS:  154 13:29:48    -2266.460169        0.294097
BFGS:  155 13:29:48    -2266.480557        0.292295
BFGS:  156 13:29:49    -2266.500671        0.290417
BFGS:  157 13:29:49    -2266.520512        0.288445
BFGS:  158 13:29:49    -2266.540086        0.286420
BFGS:  159 13:29:49    -2266.559390        0.284276
BFGS:  160 13:29:50    -2266.578422        0.282084
BFGS:  161 13:29:50    -2266.597183        0.279835
BFGS:  162 13:29:50    -2266.615682        0.277540
BFGS:  163 13:29:50    -2266.633916        0.275112
BFGS:  164 13:29:50    -2266.651881        0.272711
BFGS:  165 13:29:51    -2266.669584        0.270298
BFGS:  166 13:29:51    -2266.687033        0.267739
BFGS:  167 13:29:51    -2266.704220        0.265234
BFGS:  168 13:29:51    -2266.721157        0.262608
BFGS:  169 13:29:51    -2266.737834        0.259990
BFGS:  170 13:29:52    -2266.754259        0.257334
BFGS:  171 13:29:52    -2266.770438        0.254658
BFGS:  172 13:29:52    -2266.786368        0.251945
BFGS:  173 13:29:52    -2266.802052        0.249219
BFGS:  174 13:29:52    -2266.817498        0.246471
BFGS:  175 13:29:53    -2266.832706        0.243717
BFGS:  176 13:29:53    -2266.847673        0.240920
BFGS:  177 13:29:53    -2266.862407        0.238164
BFGS:  178 13:29:53    -2266.876915        0.235346
BFGS:  179 13:29:53    -2266.891194        0.232508
BFGS:  180 13:29:54    -2266.905247        0.229720
BFGS:  181 13:29:54    -2266.919080        0.226875
BFGS:  182 13:29:54    -2266.932690        0.224069
BFGS:  183 13:29:54    -2266.946084        0.221258
BFGS:  184 13:29:54    -2266.959267        0.218422
BFGS:  185 13:29:55    -2266.972239        0.215626
BFGS:  186 13:29:55    -2266.985008        0.212801
BFGS:  187 13:29:55    -2266.997570        0.209997
BFGS:  188 13:29:55    -2267.009930        0.207179
BFGS:  189 13:29:56    -2267.022090        0.204406
BFGS:  190 13:29:56    -2267.034056        0.201617
BFGS:  191 13:29:56    -2267.045833        0.198834
BFGS:  192 13:29:56    -2267.057418        0.196085
BFGS:  193 13:29:56    -2267.068821        0.193606
BFGS:  194 13:29:57    -2267.080037        0.191272
BFGS:  195 13:29:57    -2267.091076        0.188945
BFGS:  196 13:29:57    -2267.101940        0.186562
BFGS:  197 13:29:57    -2267.112627        0.184243
BFGS:  198 13:29:57    -2267.123143        0.181759
BFGS:  199 13:29:58    -2267.133493        0.179345
BFGS:  200 13:29:58    -2267.143679        0.176981
