      Step     Time          Energy          fmax
BFGS:    0 09:45:47    -3821.663314        4.566257
BFGS:    1 09:45:48    -3822.007193        3.977347
BFGS:    2 09:45:50    -3822.839309        3.049704
BFGS:    3 09:45:52    -3823.403761        1.953228
BFGS:    4 09:45:54    -3823.712893        1.082813
BFGS:    5 09:45:55    -3823.807086        0.980417
BFGS:    6 09:45:57    -3823.837796        0.889985
BFGS:    7 09:45:58    -3823.881483        0.718777
BFGS:    8 09:45:59    -3823.940491        0.784539
BFGS:    9 09:46:01    -3824.015325        0.724230
BFGS:   10 09:46:03    -3824.071036        0.402569
BFGS:   11 09:46:04    -3824.079176        0.297557
BFGS:   12 09:46:05    -3824.080873        0.248731
BFGS:   13 09:46:06    -3824.083589        0.172079
BFGS:   14 09:46:07    -3824.087805        0.141303
BFGS:   15 09:46:09    -3824.090307        0.077127
BFGS:   16 09:46:10    -3824.090989        0.040722
BFGS:   17 09:46:11    -3824.091051        0.040386
BFGS:   18 09:46:12    -3824.091117        0.040058
BFGS:   19 09:46:13    -3824.091269        0.037376
BFGS:   20 09:46:13    -3824.091522        0.029393
BFGS:   21 09:46:15    -3824.091775        0.026679
BFGS:   22 09:46:16    -3824.091876        0.013496
BFGS:   23 09:46:17    -3824.091890        0.006074
      Step     Time          Energy          fmax
BFGS:    0 12:22:03    -3806.680919        8.230049
BFGS:    1 12:22:05    -3814.133657        7.009213
BFGS:    2 12:22:07    -3814.972421       12.488315
BFGS:    3 12:22:08    -3817.699638        4.216754
BFGS:    4 12:22:09    -3818.467703        2.245310
BFGS:    5 12:22:11    -3818.798308        1.597711
BFGS:    6 12:22:12    -3818.884838        0.585896
BFGS:    7 12:22:13    -3818.962728        0.346898
BFGS:    8 12:22:14    -3818.989581        0.391065
BFGS:    9 12:22:15    -3819.014786        0.303715
BFGS:   10 12:22:16    -3819.037879        0.292633
BFGS:   11 12:22:17    -3819.063617        0.373832
BFGS:   12 12:22:19    -3819.090840        0.429940
BFGS:   13 12:22:20    -3819.117121        0.383577
BFGS:   14 12:22:21    -3819.145038        0.348183
BFGS:   15 12:22:22    -3819.175597        0.505878
BFGS:   16 12:22:23    -3819.208182        0.505746
BFGS:   17 12:22:24    -3819.241676        0.377443
BFGS:   18 12:22:25    -3819.269740        0.239813
BFGS:   19 12:22:26    -3819.292372        0.281952
BFGS:   20 12:22:27    -3819.318089        0.324142
BFGS:   21 12:22:28    -3819.337171        0.244130
BFGS:   22 12:22:29    -3819.346350        0.216815
BFGS:   23 12:22:30    -3819.352149        0.133273
BFGS:   24 12:22:31    -3819.357724        0.155875
BFGS:   25 12:22:32    -3819.363356        0.139605
BFGS:   26 12:22:33    -3819.368587        0.162533
BFGS:   27 12:22:34    -3819.374774        0.175213
BFGS:   28 12:22:35    -3819.384769        0.266243
BFGS:   29 12:22:36    -3819.401234        0.375990
BFGS:   30 12:22:37    -3819.421636        0.400154
BFGS:   31 12:22:38    -3819.439259        0.273698
BFGS:   32 12:22:39    -3819.452772        0.265641
BFGS:   33 12:22:40    -3819.465334        0.234182
BFGS:   34 12:22:41    -3819.479387        0.277784
BFGS:   35 12:22:42    -3819.493792        0.195220
BFGS:   36 12:22:43    -3819.505985        0.174906
BFGS:   37 12:22:44    -3819.516090        0.196286
BFGS:   38 12:22:45    -3819.525217        0.207664
BFGS:   39 12:22:46    -3819.533783        0.134266
BFGS:   40 12:22:47    -3819.540610        0.113489
BFGS:   41 12:22:48    -3819.545462        0.102015
BFGS:   42 12:22:49    -3819.548274        0.089036
BFGS:   43 12:22:50    -3819.549677        0.047524
