      Step     Time          Energy          fmax
BFGS:    0 13:37:42    -1980.944267       13.080310
BFGS:    1 13:37:42    -1985.272760       11.718382
BFGS:    2 13:37:43    -1987.744572        6.545685
BFGS:    3 13:37:43    -1990.155941        4.611070
BFGS:    4 13:37:43    -1992.753805        6.173928
BFGS:    5 13:37:44    -1996.187676       13.644955
BFGS:    6 13:37:44    -2000.705023       17.592612
BFGS:    7 13:37:45    -2004.492495       29.511748
BFGS:    8 13:37:45    -2006.195136       41.472878
BFGS:    9 13:37:45    -2008.976545       38.957735
BFGS:   10 13:37:46    -2008.449082       58.389169
BFGS:   11 13:37:46    -2008.427271       27.268121
BFGS:   12 13:37:46    -2010.054899       28.257885
BFGS:   13 13:37:47    -2012.472909       23.547760
BFGS:   14 13:37:47    -2013.143430       22.957327
BFGS:   15 13:37:47    -2013.893897       23.883573
BFGS:   16 13:37:48    -2014.828703       20.769345
BFGS:   17 13:37:48    -2015.636138       18.733011
BFGS:   18 13:37:48    -2017.517250       10.300453
BFGS:   19 13:37:49    -2019.561656        6.903186
BFGS:   20 13:37:49    -2022.093189        7.902533
BFGS:   21 13:37:49    -2023.549643       11.681992
BFGS:   22 13:37:50    -2023.429079        7.618271
BFGS:   23 13:37:50    -2024.607879        6.750934
BFGS:   24 13:37:50    -2025.003075        7.673544
BFGS:   25 13:37:51    -2025.568521        4.935001
BFGS:   26 13:37:51    -2026.015330        2.587590
BFGS:   27 13:37:51    -2026.391906        2.133875
BFGS:   28 13:37:51    -2026.902761        1.996467
BFGS:   29 13:37:52    -2027.298060        2.040922
BFGS:   30 13:37:52    -2027.690439        2.908715
BFGS:   31 13:37:52    -2028.296397        4.613115
BFGS:   32 13:37:53    -2028.583789        3.802833
BFGS:   33 13:37:53    -2029.039791        3.809636
BFGS:   34 13:37:53    -2029.438905        2.749983
BFGS:   35 13:37:53    -2029.882784        1.513629
BFGS:   36 13:37:54    -2029.994607        1.745536
BFGS:   37 13:37:54    -2030.133717        0.975478
BFGS:   38 13:37:54    -2030.194646        0.706460
BFGS:   39 13:37:54    -2030.250715        0.788881
BFGS:   40 13:37:55    -2030.320958        0.738921
BFGS:   41 13:37:55    -2030.355158        0.460817
BFGS:   42 13:37:55    -2030.390286        0.479025
BFGS:   43 13:37:55    -2030.425993        0.629996
BFGS:   44 13:37:55    -2030.458265        0.389011
BFGS:   45 13:37:56    -2030.480949        0.318708
BFGS:   46 13:37:56    -2030.501037        0.361758
BFGS:   47 13:37:56    -2030.521089        0.377964
BFGS:   48 13:37:56    -2030.542287        0.329449
BFGS:   49 13:37:56    -2030.560708        0.348557
BFGS:   50 13:37:57    -2030.576899        0.311911
BFGS:   51 13:37:57    -2030.590122        0.257094
BFGS:   52 13:37:57    -2030.603052        0.322986
BFGS:   53 13:37:57    -2030.615356        0.325495
BFGS:   54 13:37:57    -2030.626651        0.299540
BFGS:   55 13:37:58    -2030.637046        0.344163
BFGS:   56 13:37:58    -2030.647203        0.345885
BFGS:   57 13:37:58    -2030.654862        0.282636
BFGS:   58 13:37:58    -2030.660971        0.270802
BFGS:   59 13:37:58    -2030.667012        0.310177
BFGS:   60 13:37:58    -2030.673997        0.319555
BFGS:   61 13:37:58    -2030.680681        0.333724
BFGS:   62 13:37:59    -2030.686530        0.357263
BFGS:   63 13:37:59    -2030.691430        0.399954
BFGS:   64 13:37:59    -2030.696411        0.433907
BFGS:   65 13:37:59    -2030.701716        0.390723
BFGS:   66 13:37:59    -2030.707611        0.366601
BFGS:   67 13:37:59    -2030.714010        0.334597
BFGS:   68 13:38:00    -2030.721174        0.341093
BFGS:   69 13:38:00    -2030.728632        0.328031
BFGS:   70 13:38:00    -2030.735437        0.365903
BFGS:   71 13:38:00    -2030.740293        0.383028
BFGS:   72 13:38:00    -2030.743622        0.380193
BFGS:   73 13:38:00    -2030.746484        0.359154
BFGS:   74 13:38:01    -2030.749412        0.366579
BFGS:   75 13:38:01    -2030.752285        0.355079
BFGS:   76 13:38:01    -2030.754718        0.384415
BFGS:   77 13:38:01    -2030.756670        0.351389
BFGS:   78 13:38:01    -2030.758629        0.351054
BFGS:   79 13:38:01    -2030.761256        0.341076
BFGS:   80 13:38:02    -2030.765010        0.317110
BFGS:   81 13:38:02    -2030.769729        0.273539
BFGS:   82 13:38:02    -2030.774909        0.258711
BFGS:   83 13:38:02    -2030.780611        0.269770
BFGS:   84 13:38:02    -2030.787277        0.279358
BFGS:   85 13:38:02    -2030.794818        0.242795
BFGS:   86 13:38:03    -2030.801821        0.168184
BFGS:   87 13:38:03    -2030.807513        0.142213
BFGS:   88 13:38:03    -2030.810773        0.203799
BFGS:   89 13:38:03    -2030.813237        0.121473
BFGS:   90 13:38:03    -2030.815195        0.077806
BFGS:   91 13:38:03    -2030.816626        0.101650
BFGS:   92 13:38:03    -2030.817181        0.097787
BFGS:   93 13:38:04    -2030.817954        0.072646
BFGS:   94 13:38:04    -2030.818357        0.067360
BFGS:   95 13:38:04    -2030.818781        0.068249
BFGS:   96 13:38:04    -2030.819256        0.069136
BFGS:   97 13:38:04    -2030.819833        0.061236
BFGS:   98 13:38:04    -2030.820467        0.070603
BFGS:   99 13:38:04    -2030.821295        0.083707
BFGS:  100 13:38:04    -2030.822650        0.109441
BFGS:  101 13:38:05    -2030.824764        0.147743
BFGS:  102 13:38:05    -2030.827721        0.157565
BFGS:  103 13:38:05    -2030.831549        0.139467
BFGS:  104 13:38:05    -2030.835837        0.202075
BFGS:  105 13:38:05    -2030.841019        0.156859
BFGS:  106 13:38:05    -2030.843628        0.651732
BFGS:  107 13:38:06    -2030.852525        0.270034
BFGS:  108 13:38:06    -2030.861572        0.349544
BFGS:  109 13:38:06    -2030.866971        0.433693
BFGS:  110 13:38:06    -2030.882304        0.478098
BFGS:  111 13:38:06    -2030.894957        0.324783
BFGS:  112 13:38:06    -2030.906135        0.647410
BFGS:  113 13:38:07    -2030.916367        0.493308
BFGS:  114 13:38:07    -2030.912173        0.666460
BFGS:  115 13:38:07    -2030.929016        0.536601
BFGS:  116 13:38:07    -2030.930192        0.422461
BFGS:  117 13:38:07    -2030.940752        0.140900
BFGS:  118 13:38:07    -2030.945997        0.304997
BFGS:  119 13:38:08    -2030.951583        0.281316
BFGS:  120 13:38:08    -2030.960454        0.177291
BFGS:  121 13:38:08    -2030.964490        0.181967
BFGS:  122 13:38:08    -2030.971177        0.286924
BFGS:  123 13:38:08    -2030.975490        0.186318
BFGS:  124 13:38:08    -2030.979468        0.144707
BFGS:  125 13:38:09    -2030.982658        0.130412
BFGS:  126 13:38:09    -2030.985396        0.169751
BFGS:  127 13:38:09    -2030.988427        0.141887
BFGS:  128 13:38:09    -2030.991424        0.115791
BFGS:  129 13:38:09    -2030.994328        0.135902
BFGS:  130 13:38:09    -2030.996439        0.101826
BFGS:  131 13:38:10    -2030.998606        0.094689
BFGS:  132 13:38:10    -2031.000334        0.115027
BFGS:  133 13:38:10    -2031.002348        0.147337
BFGS:  134 13:38:10    -2031.004597        0.219012
BFGS:  135 13:38:10    -2031.006902        0.175226
BFGS:  136 13:38:10    -2031.009651        0.260231
BFGS:  137 13:38:10    -2031.013451        0.208685
BFGS:  138 13:38:11    -2031.020869        0.203345
BFGS:  139 13:38:11    -2031.026387        0.330703
BFGS:  140 13:38:11    -2031.030274        0.282906
BFGS:  141 13:38:11    -2031.032844        0.220172
BFGS:  142 13:38:11    -2031.035457        0.213987
BFGS:  143 13:38:11    -2031.037709        0.233636
BFGS:  144 13:38:12    -2031.039947        0.409464
BFGS:  145 13:38:12    -2031.041306        0.269890
BFGS:  146 13:38:12    -2031.043958        0.328907
BFGS:  147 13:38:12    -2031.047471        0.524982
BFGS:  148 13:38:12    -2031.050522        0.545064
BFGS:  149 13:38:12    -2031.052714        0.455874
BFGS:  150 13:38:12    -2031.054454        0.276810
BFGS:  151 13:38:13    -2031.056004        0.285343
BFGS:  152 13:38:13    -2031.057331        0.196592
BFGS:  153 13:38:13    -2031.058307        0.264837
BFGS:  154 13:38:13    -2031.059308        0.240834
BFGS:  155 13:38:13    -2031.060398        0.240518
BFGS:  156 13:38:13    -2031.061340        0.217287
BFGS:  157 13:38:13    -2031.062213        0.227543
BFGS:  158 13:38:13    -2031.063013        0.183045
BFGS:  159 13:38:14    -2031.063977        0.159628
BFGS:  160 13:38:14    -2031.065437        0.177652
BFGS:  161 13:38:14    -2031.067527        0.215582
BFGS:  162 13:38:14    -2031.069833        0.184137
BFGS:  163 13:38:14    -2031.071896        0.154840
BFGS:  164 13:38:14    -2031.073682        0.139725
BFGS:  165 13:38:15    -2031.075141        0.133084
BFGS:  166 13:38:15    -2031.076234        0.126207
BFGS:  167 13:38:15    -2031.077183        0.117764
BFGS:  168 13:38:15    -2031.078289        0.105482
BFGS:  169 13:38:15    -2031.079652        0.135015
BFGS:  170 13:38:15    -2031.080904        0.129292
BFGS:  171 13:38:15    -2031.081695        0.094039
BFGS:  172 13:38:16    -2031.082193        0.078720
BFGS:  173 13:38:16    -2031.082742        0.074970
BFGS:  174 13:38:16    -2031.083498        0.076305
BFGS:  175 13:38:16    -2031.084974        0.137250
BFGS:  176 13:38:16    -2031.086196        0.099663
BFGS:  177 13:38:16    -2031.087856        0.115960
BFGS:  178 13:38:17    -2031.089778        0.105762
BFGS:  179 13:38:17    -2031.090746        0.458146
BFGS:  180 13:38:17    -2031.091912        0.269867
BFGS:  181 13:38:17    -2031.094144        0.200524
BFGS:  182 13:38:17    -2031.095283        0.166959
BFGS:  183 13:38:17    -2031.096666        0.219041
BFGS:  184 13:38:18    -2031.099142        0.137918
BFGS:  185 13:38:18    -2031.100640        0.262408
BFGS:  186 13:38:18    -2031.102371        0.184855
BFGS:  187 13:38:18    -2031.103615        0.309202
BFGS:  188 13:38:18    -2031.104696        0.451206
BFGS:  189 13:38:18    -2031.107892        0.126091
BFGS:  190 13:38:18    -2031.110242        0.135111
BFGS:  191 13:38:19    -2031.112751        0.126870
BFGS:  192 13:38:19    -2031.114564        0.156664
BFGS:  193 13:38:19    -2031.115735        0.260738
BFGS:  194 13:38:19    -2031.116803        0.164478
BFGS:  195 13:38:19    -2031.117762        0.240291
BFGS:  196 13:38:19    -2031.118302        0.178550
BFGS:  197 13:38:20    -2031.118776        0.145131
BFGS:  198 13:38:20    -2031.119221        0.134755
BFGS:  199 13:38:20    -2031.119577        0.205364
BFGS:  200 13:38:20    -2031.119930        0.183928
