      Step     Time          Energy          fmax
BFGS:    0 14:09:37    -3071.544041        8.934231
BFGS:    1 14:09:38    -3076.328494        4.793765
BFGS:    2 14:09:39    -3078.200979        7.726592
BFGS:    3 14:09:39    -3078.836553        2.027475
BFGS:    4 14:09:40    -3079.078266        1.257008
BFGS:    5 14:09:41    -3079.370257        1.069724
BFGS:    6 14:09:41    -3079.511018        1.261640
BFGS:    7 14:09:42    -3079.694434        0.711504
BFGS:    8 14:09:43    -3079.763289        0.454074
BFGS:    9 14:09:43    -3079.832700        0.467288
BFGS:   10 14:09:44    -3079.895843        0.590514
BFGS:   11 14:09:45    -3079.973550        0.555430
BFGS:   12 14:09:45    -3080.030123        0.536822
BFGS:   13 14:09:46    -3080.078031        0.428799
BFGS:   14 14:09:46    -3080.116230        0.346672
BFGS:   15 14:09:47    -3080.142308        0.278242
BFGS:   16 14:09:48    -3080.156272        0.161790
BFGS:   17 14:09:48    -3080.163987        0.146058
BFGS:   18 14:09:48    -3080.170668        0.177312
BFGS:   19 14:09:49    -3080.177198        0.175460
BFGS:   20 14:09:49    -3080.181987        0.134036
BFGS:   21 14:09:50    -3080.185724        0.137342
BFGS:   22 14:09:50    -3080.189809        0.159073
BFGS:   23 14:09:51    -3080.195302        0.162507
BFGS:   24 14:09:51    -3080.201772        0.170558
BFGS:   25 14:09:52    -3080.207686        0.137303
BFGS:   26 14:09:52    -3080.212240        0.112140
BFGS:   27 14:09:53    -3080.216116        0.145975
BFGS:   28 14:09:53    -3080.219614        0.127438
BFGS:   29 14:09:53    -3080.222602        0.117731
BFGS:   30 14:09:54    -3080.224979        0.090051
BFGS:   31 14:09:54    -3080.226799        0.090626
BFGS:   32 14:09:55    -3080.228255        0.079259
BFGS:   33 14:09:55    -3080.229507        0.060000
BFGS:   34 14:09:55    -3080.230499        0.050540
BFGS:   35 14:09:56    -3080.231239        0.047526
BFGS:   36 14:09:56    -3080.231838        0.045321
BFGS:   37 14:09:57    -3080.232412        0.042082
BFGS:   38 14:09:57    -3080.233057        0.040036
BFGS:   39 14:09:57    -3080.233742        0.045998
BFGS:   40 14:09:58    -3080.234364        0.037716
BFGS:   41 14:09:58    -3080.234853        0.038116
BFGS:   42 14:09:58    -3080.235247        0.033758
BFGS:   43 14:09:59    -3080.235608        0.030976
BFGS:   44 14:09:59    -3080.235965        0.039052
BFGS:   45 14:09:59    -3080.236313        0.034230
BFGS:   46 14:10:00    -3080.236621        0.037084
BFGS:   47 14:10:00    -3080.236874        0.042934
BFGS:   48 14:10:00    -3080.237097        0.047112
BFGS:   49 14:10:01    -3080.237358        0.053497
BFGS:   50 14:10:01    -3080.237794        0.068776
BFGS:   51 14:10:01    -3080.238765        0.110730
BFGS:   52 14:10:02    -3080.241907        0.246293
BFGS:   53 14:10:03    -3080.248407        0.571210
BFGS:   54 14:10:03    -3080.258123        0.613178
BFGS:   55 14:10:04    -3080.317570        0.774297
BFGS:   56 14:10:04    -3080.393255        0.723236
BFGS:   57 14:10:05    -3080.443811        0.976539
BFGS:   58 14:10:05    -3080.487561        0.822192
BFGS:   59 14:10:06    -3080.544079        0.611590
BFGS:   60 14:10:06    -3080.647822        0.390126
BFGS:   61 14:10:07    -3080.730527        0.273271
BFGS:   62 14:10:08    -3080.752334        0.260794
BFGS:   63 14:10:08    -3080.773900        0.309286
BFGS:   64 14:10:09    -3080.800921        0.314805
BFGS:   65 14:10:09    -3080.835375        0.419038
BFGS:   66 14:10:10    -3080.865361        0.382037
BFGS:   67 14:10:10    -3080.887616        0.249380
BFGS:   68 14:10:11    -3080.905951        0.202915
BFGS:   69 14:10:11    -3080.924752        0.249166
BFGS:   70 14:10:12    -3080.943397        0.253580
BFGS:   71 14:10:12    -3080.960588        0.261301
BFGS:   72 14:10:13    -3080.977474        0.265261
BFGS:   73 14:10:14    -3080.995929        0.277597
BFGS:   74 14:10:14    -3081.053575        0.629457
BFGS:   75 14:10:15    -3081.155270        1.198030
BFGS:   76 14:10:16    -3081.209122        1.754455
BFGS:   77 14:10:17    -3081.323207        1.035936
BFGS:   78 14:10:18    -3081.482209        0.604845
BFGS:   79 14:10:18    -3081.531620        0.477446
BFGS:   80 14:10:19    -3081.566647        0.285070
BFGS:   81 14:10:20    -3081.582214        0.246706
BFGS:   82 14:10:20    -3081.594491        0.216309
BFGS:   83 14:10:21    -3081.629638        1.304822
BFGS:   84 14:10:22    -3081.656496        0.426645
BFGS:   85 14:10:22    -3081.689885        0.222876
BFGS:   86 14:10:23    -3081.696471        0.198254
BFGS:   87 14:10:23    -3081.703579        0.215261
BFGS:   88 14:10:24    -3081.712580        0.311678
BFGS:   89 14:10:25    -3081.723433        0.401910
BFGS:   90 14:10:26    -3081.747982        0.473853
BFGS:   91 14:10:26    -3081.758243        0.444063
BFGS:   92 14:10:27    -3081.776247        0.366564
BFGS:   93 14:10:27    -3081.793620        0.313792
BFGS:   94 14:10:28    -3081.813450        0.489209
BFGS:   95 14:10:28    -3081.828684        0.629609
BFGS:   96 14:10:29    -3081.862900        0.589924
BFGS:   97 14:10:29    -3081.887228        0.452704
BFGS:   98 14:10:30    -3081.904182        0.436421
BFGS:   99 14:10:30    -3081.923833        0.347512
BFGS:  100 14:10:31    -3081.945953        0.410242
BFGS:  101 14:10:31    -3081.968063        0.523763
BFGS:  102 14:10:32    -3081.990052        0.582418
BFGS:  103 14:10:32    -3082.010249        0.562290
BFGS:  104 14:10:33    -3082.027215        0.485997
BFGS:  105 14:10:33    -3082.040979        0.382485
BFGS:  106 14:10:34    -3082.055091        0.342113
BFGS:  107 14:10:34    -3082.073134        0.251698
BFGS:  108 14:10:35    -3082.088407        0.284661
BFGS:  109 14:10:35    -3082.113703        0.255580
BFGS:  110 14:10:36    -3082.129044        0.221813
BFGS:  111 14:10:36    -3082.140365        0.182599
BFGS:  112 14:10:37    -3082.146312        0.168679
BFGS:  113 14:10:37    -3082.153410        0.125139
BFGS:  114 14:10:38    -3082.157796        0.120446
BFGS:  115 14:10:38    -3082.160747        0.091548
BFGS:  116 14:10:39    -3082.163030        0.091787
BFGS:  117 14:10:39    -3082.165412        0.085976
BFGS:  118 14:10:39    -3082.167225        0.084636
BFGS:  119 14:10:40    -3082.168350        0.083495
BFGS:  120 14:10:40    -3082.169274        0.080872
BFGS:  121 14:10:40    -3082.170195        0.075812
BFGS:  122 14:10:41    -3082.171125        0.069409
BFGS:  123 14:10:41    -3082.172074        0.064860
BFGS:  124 14:10:42    -3082.173105        0.062825
BFGS:  125 14:10:42    -3082.174223        0.061378
BFGS:  126 14:10:42    -3082.175323        0.065410
BFGS:  127 14:10:43    -3082.176302        0.053625
BFGS:  128 14:10:43    -3082.177168        0.046051
BFGS:  129 14:10:43    -3082.177959        0.054560
BFGS:  130 14:10:44    -3082.178705        0.055287
BFGS:  131 14:10:44    -3082.179398        0.058921
BFGS:  132 14:10:45    -3082.180087        0.052025
BFGS:  133 14:10:45    -3082.180805        0.054080
BFGS:  134 14:10:45    -3082.181553        0.050140
BFGS:  135 14:10:46    -3082.182296        0.048288
BFGS:  136 14:10:46    -3082.183001        0.048651
BFGS:  137 14:10:46    -3082.183636        0.039483
BFGS:  138 14:10:47    -3082.184161        0.042006
BFGS:  139 14:10:47    -3082.184564        0.032545
BFGS:  140 14:10:47    -3082.184863        0.027227
BFGS:  141 14:10:48    -3082.185088        0.024246
BFGS:  142 14:10:48    -3082.185263        0.019856
BFGS:  143 14:10:48    -3082.185396        0.019530
BFGS:  144 14:10:48    -3082.185508        0.014606
BFGS:  145 14:10:49    -3082.185604        0.015420
BFGS:  146 14:10:49    -3082.185701        0.013773
BFGS:  147 14:10:49    -3082.185788        0.017571
BFGS:  148 14:10:50    -3082.185855        0.015068
BFGS:  149 14:10:50    -3082.185897        0.010871
BFGS:  150 14:10:50    -3082.185922        0.007934
