      Step     Time          Energy          fmax
BFGS:    0 12:33:15    -2364.263313       11.733695
BFGS:    1 12:33:16    -2369.768882        5.269310
BFGS:    2 12:33:16    -2375.658157        6.093583
BFGS:    3 12:33:17    -2381.850920       18.431142
BFGS:    4 12:33:17    -2384.495154       31.146696
BFGS:    5 12:33:18    -2389.038483        7.471486
BFGS:    6 12:33:18    -2391.156406        3.737806
BFGS:    7 12:33:18    -2392.086785        1.655282
BFGS:    8 12:33:19    -2392.602111        1.326617
BFGS:    9 12:33:19    -2393.056264        1.094988
BFGS:   10 12:33:19    -2393.217196        1.214761
BFGS:   11 12:33:20    -2393.407620        1.250942
BFGS:   12 12:33:20    -2393.573664        0.960994
BFGS:   13 12:33:21    -2393.778246        0.885570
BFGS:   14 12:33:21    -2394.006704        1.054587
BFGS:   15 12:33:21    -2394.247146        1.404428
BFGS:   16 12:33:22    -2394.521000        1.265908
BFGS:   17 12:33:22    -2394.786209        0.876344
BFGS:   18 12:33:22    -2394.907296        0.848445
BFGS:   19 12:33:23    -2395.012920        0.744422
BFGS:   20 12:33:23    -2395.084562        0.601645
BFGS:   21 12:33:24    -2395.153031        0.722352
BFGS:   22 12:33:24    -2395.219590        0.522000
BFGS:   23 12:33:24    -2395.266493        0.367967
BFGS:   24 12:33:24    -2395.287403        0.305121
BFGS:   25 12:33:25    -2395.298541        0.251809
BFGS:   26 12:33:25    -2395.310596        0.186315
BFGS:   27 12:33:25    -2395.321865        0.261311
BFGS:   28 12:33:26    -2395.334583        0.338013
BFGS:   29 12:33:26    -2395.349457        0.339985
BFGS:   30 12:33:26    -2395.363541        0.213516
BFGS:   31 12:33:27    -2395.373853        0.181887
BFGS:   32 12:33:27    -2395.381508        0.155670
BFGS:   33 12:33:27    -2395.388934        0.227516
BFGS:   34 12:33:28    -2395.398520        0.217116
BFGS:   35 12:33:28    -2395.409447        0.278070
BFGS:   36 12:33:28    -2395.420124        0.258141
BFGS:   37 12:33:29    -2395.430369        0.189826
BFGS:   38 12:33:29    -2395.441746        0.223756
BFGS:   39 12:33:29    -2395.454079        0.248590
BFGS:   40 12:33:29    -2395.466652        0.237517
BFGS:   41 12:33:30    -2395.478549        0.196852
BFGS:   42 12:33:30    -2395.489289        0.167218
BFGS:   43 12:33:30    -2395.498135        0.161956
BFGS:   44 12:33:30    -2395.505234        0.174967
BFGS:   45 12:33:31    -2395.510357        0.142421
BFGS:   46 12:33:31    -2395.514551        0.112604
BFGS:   47 12:33:31    -2395.519073        0.130371
BFGS:   48 12:33:31    -2395.525003        0.196699
BFGS:   49 12:33:32    -2395.533199        0.293511
BFGS:   50 12:33:32    -2395.543500        0.389127
BFGS:   51 12:33:32    -2395.553967        0.353818
BFGS:   52 12:33:32    -2395.563301        0.193258
BFGS:   53 12:33:33    -2395.572263        0.194545
BFGS:   54 12:33:33    -2395.583953        0.391500
BFGS:   55 12:33:33    -2395.600826        0.555993
BFGS:   56 12:33:33    -2395.624544        0.687128
BFGS:   57 12:33:34    -2395.650902        0.608873
BFGS:   58 12:33:34    -2395.672030        0.262488
BFGS:   59 12:33:34    -2395.684846        0.264853
BFGS:   60 12:33:35    -2395.697838        0.323416
BFGS:   61 12:33:35    -2395.718115        0.422963
BFGS:   62 12:33:35    -2395.748872        0.455719
BFGS:   63 12:33:36    -2395.862840        0.703819
BFGS:   64 12:33:36    -2397.037696        3.058621
BFGS:   65 12:33:37    -2397.809840        3.834864
BFGS:   66 12:33:37    -2398.072974        2.853607
BFGS:   67 12:33:38    -2398.631796        1.311134
BFGS:   68 12:33:38    -2399.100177        1.026898
BFGS:   69 12:33:39    -2399.699461        2.134993
BFGS:   70 12:33:39    -2400.282197        1.413923
BFGS:   71 12:33:40    -2400.735290        1.134989
BFGS:   72 12:33:40    -2401.220959        1.425755
BFGS:   73 12:33:41    -2401.641264        1.628277
BFGS:   74 12:33:41    -2401.918631        2.162296
BFGS:   75 12:33:42    -2402.335476        1.398167
BFGS:   76 12:33:42    -2402.863195        1.045218
BFGS:   77 12:33:42    -2403.009848        1.302545
BFGS:   78 12:33:43    -2403.263850        1.450273
BFGS:   79 12:33:43    -2403.470002        1.020794
BFGS:   80 12:33:44    -2403.609827        0.541096
BFGS:   81 12:33:44    -2403.660975        0.363664
BFGS:   82 12:33:44    -2403.685943        0.322741
BFGS:   83 12:33:45    -2403.703157        0.178598
BFGS:   84 12:33:45    -2403.712994        0.177399
BFGS:   85 12:33:45    -2403.718019        0.104675
BFGS:   86 12:33:45    -2403.721500        0.106527
BFGS:   87 12:33:46    -2403.725111        0.109573
BFGS:   88 12:33:46    -2403.729328        0.172091
BFGS:   89 12:33:46    -2403.734575        0.186448
BFGS:   90 12:33:47    -2403.741421        0.178359
BFGS:   91 12:33:47    -2403.750145        0.167753
BFGS:   92 12:33:47    -2403.760333        0.177948
BFGS:   93 12:33:48    -2403.771937        0.188467
BFGS:   94 12:33:48    -2403.787171        0.198142
BFGS:   95 12:33:48    -2403.806692        0.300813
BFGS:   96 12:33:49    -2403.826281        0.274705
BFGS:   97 12:33:49    -2403.841360        0.159790
BFGS:   98 12:33:49    -2403.850599        0.155487
BFGS:   99 12:33:50    -2403.856298        0.128818
BFGS:  100 12:33:50    -2403.861039        0.120777
BFGS:  101 12:33:50    -2403.865202        0.117340
BFGS:  102 12:33:50    -2403.868397        0.101448
BFGS:  103 12:33:51    -2403.870537        0.083572
BFGS:  104 12:33:51    -2403.871781        0.083374
BFGS:  105 12:33:51    -2403.872520        0.077940
BFGS:  106 12:33:51    -2403.873152        0.059394
BFGS:  107 12:33:52    -2403.873925        0.049860
BFGS:  108 12:33:52    -2403.874706        0.044743
BFGS:  109 12:33:52    -2403.875178        0.033037
BFGS:  110 12:33:52    -2403.875388        0.031879
BFGS:  111 12:33:53    -2403.875526        0.023638
BFGS:  112 12:33:53    -2403.875679        0.024160
BFGS:  113 12:33:53    -2403.875793        0.018360
BFGS:  114 12:33:53    -2403.875846        0.009705
