      Step     Time          Energy          fmax
BFGS:    0 14:03:30    -3555.505096       66.403848
BFGS:    1 14:03:32    -3583.175012        6.618596
BFGS:    2 14:03:34    -3585.229980        3.970398
BFGS:    3 14:03:35    -3586.398206        2.329401
BFGS:    4 14:03:37    -3586.944522        1.424656
BFGS:    5 14:03:39    -3587.185543        2.024013
BFGS:    6 14:03:40    -3587.453519        1.856053
BFGS:    7 14:03:42    -3587.645179        1.333971
BFGS:    8 14:03:44    -3587.891255        0.834327
BFGS:    9 14:03:45    -3588.215756        1.147892
BFGS:   10 14:03:47    -3588.585347        1.664346
BFGS:   11 14:03:49    -3588.978006        1.621159
BFGS:   12 14:03:50    -3589.362745        1.173961
BFGS:   13 14:03:52    -3589.669886        0.915864
BFGS:   14 14:03:54    -3589.899479        1.150211
BFGS:   15 14:03:55    -3590.061439        1.444853
BFGS:   16 14:03:57    -3590.201365        1.445703
BFGS:   17 14:03:59    -3590.310322        0.629027
BFGS:   18 14:04:00    -3590.399522        0.522042
BFGS:   19 14:04:02    -3590.492861        0.631669
BFGS:   20 14:04:04    -3590.550199        0.649372
BFGS:   21 14:04:05    -3590.620135        0.941899
BFGS:   22 14:04:07    -3590.683698        1.123800
BFGS:   23 14:04:09    -3590.768535        1.145146
BFGS:   24 14:04:12    -3590.934378        1.052855
BFGS:   25 14:04:13    -3591.034035        0.838756
BFGS:   26 14:04:15    -3591.147694        0.659020
BFGS:   27 14:04:17    -3591.235832        0.551072
BFGS:   28 14:04:19    -3591.291392        0.876525
BFGS:   29 14:04:20    -3591.332861        0.471309
BFGS:   30 14:04:22    -3591.353843        0.331692
BFGS:   31 14:04:23    -3591.372833        0.319194
BFGS:   32 14:04:24    -3591.386330        0.212371
BFGS:   33 14:04:26    -3591.400428        0.148443
BFGS:   34 14:04:27    -3591.409437        0.177953
BFGS:   35 14:04:28    -3591.423336        0.173507
BFGS:   36 14:04:30    -3591.434903        0.185767
BFGS:   37 14:04:32    -3591.449275        0.183205
BFGS:   38 14:04:33    -3591.468182        0.230988
BFGS:   39 14:04:35    -3591.492102        0.244288
BFGS:   40 14:04:37    -3591.512995        0.293946
BFGS:   41 14:04:38    -3591.527191        0.276689
BFGS:   42 14:04:39    -3591.537729        0.192257
BFGS:   43 14:04:41    -3591.549068        0.189795
BFGS:   44 14:04:42    -3591.562624        0.197745
BFGS:   45 14:04:43    -3591.576144        0.190525
BFGS:   46 14:04:44    -3591.587744        0.229029
BFGS:   47 14:04:46    -3591.598995        0.207335
BFGS:   48 14:04:48    -3591.613620        0.186873
BFGS:   49 14:04:49    -3591.631161        0.288259
BFGS:   50 14:04:50    -3591.646939        0.204010
BFGS:   51 14:04:52    -3591.658106        0.178089
BFGS:   52 14:04:53    -3591.667830        0.169263
BFGS:   53 14:04:54    -3591.679062        0.193940
BFGS:   54 14:04:56    -3591.692350        0.221040
BFGS:   55 14:04:57    -3591.704850        0.218598
BFGS:   56 14:04:59    -3591.716218        0.213705
BFGS:   57 14:05:00    -3591.726421        0.211712
BFGS:   58 14:05:01    -3591.734845        0.167887
BFGS:   59 14:05:02    -3591.741043        0.117181
BFGS:   60 14:05:03    -3591.745969        0.127421
BFGS:   61 14:05:04    -3591.751846        0.125072
BFGS:   62 14:05:05    -3591.760508        0.178259
BFGS:   63 14:05:07    -3591.771369        0.191918
BFGS:   64 14:05:08    -3591.780732        0.137989
BFGS:   65 14:05:09    -3591.786687        0.102922
BFGS:   66 14:05:11    -3591.790774        0.091109
BFGS:   67 14:05:12    -3591.795083        0.087518
BFGS:   68 14:05:13    -3591.800297        0.095143
BFGS:   69 14:05:15    -3591.804860        0.094345
BFGS:   70 14:05:16    -3591.808038        0.089463
BFGS:   71 14:05:17    -3591.810581        0.096143
BFGS:   72 14:05:18    -3591.813446        0.097586
BFGS:   73 14:05:19    -3591.816606        0.089829
BFGS:   74 14:05:20    -3591.819804        0.093468
BFGS:   75 14:05:22    -3591.822952        0.088568
BFGS:   76 14:05:23    -3591.826862        0.088433
BFGS:   77 14:05:24    -3591.832228        0.127504
BFGS:   78 14:05:25    -3591.838566        0.161190
BFGS:   79 14:05:26    -3591.844037        0.159559
BFGS:   80 14:05:27    -3591.848017        0.134012
BFGS:   81 14:05:28    -3591.851738        0.112335
BFGS:   82 14:05:29    -3591.856809        0.116874
BFGS:   83 14:05:30    -3591.863848        0.150220
BFGS:   84 14:05:32    -3591.872477        0.174708
BFGS:   85 14:05:33    -3591.881582        0.166523
BFGS:   86 14:05:35    -3591.892320        0.157710
BFGS:   87 14:05:36    -3591.909261        0.210011
BFGS:   88 14:05:37    -3591.940928        0.304278
BFGS:   89 14:05:38    -3591.987665        0.411091
BFGS:   90 14:05:39    -3592.036356        0.452627
BFGS:   91 14:05:41    -3592.086321        0.446588
BFGS:   92 14:05:42    -3592.136868        0.413515
BFGS:   93 14:05:43    -3592.187587        0.368348
BFGS:   94 14:05:44    -3592.238739        0.420451
BFGS:   95 14:05:45    -3592.290921        0.468530
BFGS:   96 14:05:47    -3592.344398        0.512960
BFGS:   97 14:05:48    -3592.399497        0.553843
BFGS:   98 14:05:49    -3592.456273        0.591017
BFGS:   99 14:05:50    -3592.514701        0.624512
BFGS:  100 14:05:52    -3592.574819        0.654276
BFGS:  101 14:05:53    -3592.636655        0.680382
BFGS:  102 14:05:55    -3592.699885        0.702950
BFGS:  103 14:05:56    -3592.764782        0.722129
BFGS:  104 14:05:58    -3592.831133        0.738002
BFGS:  105 14:05:59    -3592.898869        0.750812
BFGS:  106 14:06:00    -3592.967669        0.760556
BFGS:  107 14:06:02    -3593.037618        0.767592
BFGS:  108 14:06:03    -3593.108201        0.771701
BFGS:  109 14:06:04    -3593.179505        0.773486
BFGS:  110 14:06:05    -3593.251010        0.772484
BFGS:  111 14:06:07    -3593.322875        0.769612
BFGS:  112 14:06:08    -3593.394720        0.763964
BFGS:  113 14:06:09    -3593.466307        0.756893
BFGS:  114 14:06:09    -3593.537462        0.747664
BFGS:  115 14:06:10    -3593.607510        0.737894
BFGS:  116 14:06:11    -3593.677111        0.725393
BFGS:  117 14:06:13    -3593.745012        0.711697
BFGS:  118 14:06:14    -3593.812282        0.695805
BFGS:  119 14:06:15    -3593.877686        0.678581
BFGS:  120 14:06:16    -3593.941974        0.659412
BFGS:  121 14:06:17    -3594.003868        0.638952
BFGS:  122 14:06:18    -3594.064507        0.616821
BFGS:  123 14:06:19    -3594.122506        0.593568
BFGS:  124 14:06:20    -3594.178803        0.568652
BFGS:  125 14:06:22    -3594.232056        0.542961
BFGS:  126 14:06:23    -3594.283439        0.515716
BFGS:  127 14:06:24    -3594.331492        0.488004
BFGS:  128 14:06:25    -3594.377799        0.458562
BFGS:  129 14:06:26    -3594.420167        0.429413
BFGS:  130 14:06:27    -3594.461023        0.398205
BFGS:  131 14:06:29    -3594.497702        0.367879
BFGS:  132 14:06:30    -3594.532718        0.335622
BFGS:  133 14:06:31    -3594.564127        0.304396
BFGS:  134 14:06:32    -3594.593662        0.271688
BFGS:  135 14:06:33    -3594.620326        0.239790
BFGS:  136 14:06:34    -3594.645054        0.236128
BFGS:  137 14:06:35    -3594.667590        0.244068
BFGS:  138 14:06:36    -3594.688533        0.255924
BFGS:  139 14:06:37    -3594.707895        0.262033
BFGS:  140 14:06:38    -3594.726236        0.271380
BFGS:  141 14:06:40    -3594.743794        0.274708
BFGS:  142 14:06:40    -3594.760956        0.281542
BFGS:  143 14:06:41    -3594.778113        0.284096
BFGS:  144 14:06:42    -3594.795461        0.296394
BFGS:  145 14:06:42    -3594.813472        0.310011
BFGS:  146 14:06:43    -3594.832129        0.317046
BFGS:  147 14:06:44    -3594.851869        0.323403
BFGS:  148 14:06:44    -3594.872467        0.324037
BFGS:  149 14:06:45    -3594.894439        0.321353
BFGS:  150 14:06:46    -3594.917239        0.314821
BFGS:  151 14:06:47    -3594.941532        0.302723
BFGS:  152 14:06:47    -3594.966349        0.289236
BFGS:  153 14:06:48    -3594.992848        0.276747
BFGS:  154 14:06:49    -3595.019269        0.285978
BFGS:  155 14:06:50    -3595.047481        0.294918
BFGS:  156 14:06:50    -3595.074963        0.301399
BFGS:  157 14:06:51    -3595.104247        0.307597
BFGS:  158 14:06:52    -3595.132731        0.311390
BFGS:  159 14:06:52    -3595.162642        0.314627
BFGS:  160 14:06:53    -3595.192102        0.315913
BFGS:  161 14:06:54    -3595.222518        0.318358
BFGS:  162 14:06:55    -3595.252846        0.327345
BFGS:  163 14:06:55    -3595.283805        0.338621
BFGS:  164 14:06:56    -3595.314887        0.347179
BFGS:  165 14:06:57    -3595.346436        0.356543
BFGS:  166 14:06:57    -3595.378290        0.364238
BFGS:  167 14:06:58    -3595.410429        0.372255
BFGS:  168 14:06:59    -3595.442824        0.379062
BFGS:  169 14:07:00    -3595.475512        0.385727
BFGS:  170 14:07:00    -3595.508433        0.391566
BFGS:  171 14:07:01    -3595.541609        0.396961
BFGS:  172 14:07:02    -3595.574990        0.404723
BFGS:  173 14:07:02    -3595.608566        0.422807
BFGS:  174 14:07:03    -3595.642301        0.439138
BFGS:  175 14:07:04    -3595.676192        0.453653
BFGS:  176 14:07:04    -3595.710210        0.466601
BFGS:  177 14:07:05    -3595.744287        0.477886
BFGS:  178 14:07:05    -3595.778443        0.487734
BFGS:  179 14:07:06    -3595.812599        0.496345
BFGS:  180 14:07:07    -3595.846774        0.503440
BFGS:  181 14:07:07    -3595.880902        0.509605
BFGS:  182 14:07:08    -3595.914965        0.514533
BFGS:  183 14:07:09    -3595.948924        0.518625
BFGS:  184 14:07:09    -3595.982782        0.521744
BFGS:  185 14:07:10    -3596.016467        0.524094
BFGS:  186 14:07:10    -3596.049972        0.525496
BFGS:  187 14:07:11    -3596.083259        0.526317
BFGS:  188 14:07:12    -3596.116278        0.526295
BFGS:  189 14:07:12    -3596.149040        0.525816
BFGS:  190 14:07:13    -3596.181458        0.524751
BFGS:  191 14:07:14    -3596.213570        0.523121
BFGS:  192 14:07:14    -3596.245279        0.520981
BFGS:  193 14:07:15    -3596.276602        0.518398
BFGS:  194 14:07:16    -3596.307519        0.515473
BFGS:  195 14:07:16    -3596.337980        0.512207
BFGS:  196 14:07:17    -3596.368004        0.508476
BFGS:  197 14:07:17    -3596.397530        0.504349
BFGS:  198 14:07:18    -3596.426571        0.500426
BFGS:  199 14:07:18    -3596.455102        0.495524
BFGS:  200 14:07:19    -3596.483124        0.490863
