      Step     Time          Energy          fmax
BFGS:    0 20:28:21     -723.027611     2255.726661
BFGS:    1 20:28:22    -1849.775094      315.000112
BFGS:    2 20:28:23    -1767.643746     1632.814564
BFGS:    3 20:28:23    -1841.430863     1062.133591
BFGS:    4 20:28:24    -1908.691384      643.110713
BFGS:    5 20:28:24    -1998.920954      333.843634
BFGS:    6 20:28:25    -2059.983644      116.563412
BFGS:    7 20:28:26    -2086.018731       63.145814
BFGS:    8 20:28:26    -2096.202480       68.024480
BFGS:    9 20:28:27    -2104.433565       18.458311
BFGS:   10 20:28:28    -2109.857957        8.698869
BFGS:   11 20:28:28    -2111.874617        4.429930
BFGS:   12 20:28:29    -2113.114779        5.311124
BFGS:   13 20:28:30    -2114.671899        6.221980
BFGS:   14 20:28:30    -2116.288290        5.150134
BFGS:   15 20:28:31    -2117.131782        7.125152
BFGS:   16 20:28:32    -2118.146104        3.835786
BFGS:   17 20:28:32    -2118.701637        3.036807
BFGS:   18 20:28:33    -2119.028357        6.715046
BFGS:   19 20:28:34    -2119.454553        3.403787
BFGS:   20 20:28:34    -2119.707810        3.093876
BFGS:   21 20:28:35    -2120.000576        2.354967
BFGS:   22 20:28:36    -2120.152062        2.215375
BFGS:   23 20:28:36    -2120.375448        1.856722
BFGS:   24 20:28:37    -2120.577479        2.037660
BFGS:   25 20:28:38    -2120.770215        2.409665
BFGS:   26 20:28:38    -2120.932391        1.759175
BFGS:   27 20:28:39    -2121.078143        1.894001
BFGS:   28 20:28:39    -2121.196199        2.225322
BFGS:   29 20:28:40    -2121.282434        2.324082
BFGS:   30 20:28:41    -2121.354112        2.211054
BFGS:   31 20:28:41    -2121.430423        2.103931
BFGS:   32 20:28:42    -2121.511865        1.770395
BFGS:   33 20:28:42    -2121.602313        1.926495
BFGS:   34 20:28:43    -2121.717457        2.195674
BFGS:   35 20:28:44    -2121.912220        2.526997
BFGS:   36 20:28:44    -2122.064808        2.692090
BFGS:   37 20:28:45    -2122.315061        2.013508
BFGS:   38 20:28:46    -2122.579655        2.328891
BFGS:   39 20:28:47    -2122.811184        2.293513
BFGS:   40 20:28:47    -2123.052580        2.571283
BFGS:   41 20:28:48    -2123.313463        2.512964
BFGS:   42 20:28:49    -2123.508090        2.144933
BFGS:   43 20:28:50    -2123.730636        2.130813
BFGS:   44 20:28:50    -2123.907796        1.537959
BFGS:   45 20:28:51    -2124.014682        1.313732
BFGS:   46 20:28:51    -2124.095144        1.306657
BFGS:   47 20:28:52    -2124.141408        1.251421
BFGS:   48 20:28:52    -2124.185899        1.340221
BFGS:   49 20:28:52    -2124.220682        1.401755
BFGS:   50 20:28:53    -2124.258069        1.561471
BFGS:   51 20:28:53    -2124.299670        1.575712
BFGS:   52 20:28:54    -2124.343938        1.552010
BFGS:   53 20:28:54    -2124.385742        1.428245
BFGS:   54 20:28:55    -2124.425661        1.455810
BFGS:   55 20:28:55    -2124.464009        1.364835
BFGS:   56 20:28:56    -2124.503259        1.203307
BFGS:   57 20:28:56    -2124.536843        1.010118
BFGS:   58 20:28:57    -2124.560858        0.975858
BFGS:   59 20:28:57    -2124.579389        1.074979
BFGS:   60 20:28:57    -2124.595053        1.196028
BFGS:   61 20:28:58    -2124.606495        1.146334
BFGS:   62 20:28:58    -2124.614394        1.106141
BFGS:   63 20:28:58    -2124.621331        1.059327
BFGS:   64 20:28:59    -2124.629556        1.024893
BFGS:   65 20:28:59    -2124.638612        1.034546
BFGS:   66 20:29:00    -2124.646701        1.072804
BFGS:   67 20:29:00    -2124.653718        1.140439
BFGS:   68 20:29:00    -2124.661137        1.199697
BFGS:   69 20:29:01    -2124.670421        1.265912
BFGS:   70 20:29:01    -2124.682448        1.264364
BFGS:   71 20:29:02    -2124.696138        1.210730
BFGS:   72 20:29:02    -2124.710093        1.169700
BFGS:   73 20:29:03    -2124.723039        1.054456
BFGS:   74 20:29:03    -2124.735355        0.991866
BFGS:   75 20:29:03    -2124.747943        0.932288
BFGS:   76 20:29:04    -2124.761943        0.939187
BFGS:   77 20:29:04    -2124.776823        0.960543
BFGS:   78 20:29:05    -2124.792154        1.089296
BFGS:   79 20:29:05    -2124.807743        1.288779
BFGS:   80 20:29:05    -2124.823860        1.508294
BFGS:   81 20:29:06    -2124.840807        1.701559
BFGS:   82 20:29:06    -2124.859014        1.956907
BFGS:   83 20:29:07    -2124.882535        2.405659
BFGS:   84 20:29:07    -2124.937129        4.214226
BFGS:   85 20:29:08    -2124.883740        5.706940
BFGS:   86 20:29:09    -2124.978141        4.663829
BFGS:   87 20:29:09    -2125.006026        4.696496
BFGS:   88 20:29:10    -2125.140388        5.352299
BFGS:   89 20:29:10    -2125.234863        5.435231
BFGS:   90 20:29:11    -2125.418276        5.848842
BFGS:   91 20:29:12    -2125.518990        6.114734
BFGS:   92 20:29:12    -2125.648043        6.408485
BFGS:   93 20:29:13    -2125.787035        6.195555
BFGS:   94 20:29:13    -2125.883985        6.046237
BFGS:   95 20:29:14    -2126.045794        5.406093
BFGS:   96 20:29:14    -2126.210380        4.378114
BFGS:   97 20:29:15    -2126.498397        3.059194
BFGS:   98 20:29:16    -2126.857366        3.390600
BFGS:   99 20:29:16    -2127.029981        5.132742
BFGS:  100 20:29:17    -2127.192372        4.357984
BFGS:  101 20:29:17    -2127.416177        4.063257
BFGS:  102 20:29:18    -2127.642846        3.951211
BFGS:  103 20:29:19    -2127.861985        3.555968
BFGS:  104 20:29:19    -2128.131876        2.843506
BFGS:  105 20:29:20    -2128.298975        3.078145
BFGS:  106 20:29:20    -2128.424999        2.861170
BFGS:  107 20:29:21    -2128.504472        2.397768
BFGS:  108 20:29:21    -2128.605529        1.707016
BFGS:  109 20:29:22    -2128.706060        1.499698
BFGS:  110 20:29:22    -2128.791574        1.047990
BFGS:  111 20:29:23    -2128.830814        0.883088
BFGS:  112 20:29:23    -2128.875070        1.018509
BFGS:  113 20:29:24    -2128.920003        1.122432
BFGS:  114 20:29:24    -2128.961332        1.004906
BFGS:  115 20:29:25    -2128.997153        0.807026
BFGS:  116 20:29:25    -2129.017907        0.821053
BFGS:  117 20:29:26    -2129.034174        0.931762
BFGS:  118 20:29:26    -2129.048001        1.027129
BFGS:  119 20:29:27    -2129.061146        0.986466
BFGS:  120 20:29:27    -2129.072938        0.829660
BFGS:  121 20:29:27    -2129.082717        0.933177
BFGS:  122 20:29:28    -2129.092996        1.093174
BFGS:  123 20:29:28    -2129.106155        1.212686
BFGS:  124 20:29:29    -2129.122584        1.325105
BFGS:  125 20:29:29    -2129.140170        1.306468
BFGS:  126 20:29:30    -2129.157909        1.218897
BFGS:  127 20:29:30    -2129.176858        1.041013
BFGS:  128 20:29:30    -2129.197113        0.880297
BFGS:  129 20:29:31    -2129.216731        0.891147
BFGS:  130 20:29:31    -2129.234219        0.771646
BFGS:  131 20:29:32    -2129.251880        0.659123
BFGS:  132 20:29:32    -2129.273869        0.622239
BFGS:  133 20:29:33    -2129.298537        0.493845
BFGS:  134 20:29:33    -2129.318451        0.365893
BFGS:  135 20:29:33    -2129.331398        0.532173
BFGS:  136 20:29:34    -2129.340771        0.627614
BFGS:  137 20:29:34    -2129.348774        0.611933
BFGS:  138 20:29:35    -2129.355311        0.527121
BFGS:  139 20:29:35    -2129.359996        0.459602
BFGS:  140 20:29:36    -2129.363717        0.363503
BFGS:  141 20:29:36    -2129.367570        0.250599
BFGS:  142 20:29:36    -2129.371426        0.193188
BFGS:  143 20:29:37    -2129.374465        0.173632
BFGS:  144 20:29:37    -2129.376620        0.225664
BFGS:  145 20:29:37    -2129.378454        0.237129
BFGS:  146 20:29:38    -2129.380268        0.219423
BFGS:  147 20:29:38    -2129.381828        0.194940
BFGS:  148 20:29:38    -2129.382972        0.166538
BFGS:  149 20:29:39    -2129.383979        0.108742
BFGS:  150 20:29:39    -2129.385135        0.076059
BFGS:  151 20:29:40    -2129.386404        0.093574
BFGS:  152 20:29:40    -2129.387460        0.078893
BFGS:  153 20:29:40    -2129.388103        0.078804
BFGS:  154 20:29:41    -2129.388505        0.073367
BFGS:  155 20:29:41    -2129.388882        0.048340
BFGS:  156 20:29:41    -2129.389325        0.045093
BFGS:  157 20:29:42    -2129.389785        0.066148
BFGS:  158 20:29:42    -2129.390135        0.079356
BFGS:  159 20:29:42    -2129.390354        0.076730
BFGS:  160 20:29:43    -2129.390506        0.088984
BFGS:  161 20:29:43    -2129.390665        0.101620
BFGS:  162 20:29:43    -2129.390850        0.109920
BFGS:  163 20:29:44    -2129.391071        0.113851
BFGS:  164 20:29:44    -2129.391302        0.113412
BFGS:  165 20:29:44    -2129.391514        0.111214
BFGS:  166 20:29:45    -2129.391675        0.110350
BFGS:  167 20:29:45    -2129.391797        0.113011
BFGS:  168 20:29:45    -2129.391921        0.124864
BFGS:  169 20:29:46    -2129.392089        0.136044
BFGS:  170 20:29:46    -2129.392319        0.147415
BFGS:  171 20:29:46    -2129.392569        0.145692
BFGS:  172 20:29:47    -2129.392764        0.132924
BFGS:  173 20:29:47    -2129.392898        0.123443
BFGS:  174 20:29:47    -2129.392997        0.118354
BFGS:  175 20:29:47    -2129.393105        0.110130
BFGS:  176 20:29:48    -2129.393222        0.102239
BFGS:  177 20:29:48    -2129.393349        0.088103
BFGS:  178 20:29:48    -2129.393481        0.076499
BFGS:  179 20:29:49    -2129.393606        0.069905
BFGS:  180 20:29:49    -2129.393712        0.064483
BFGS:  181 20:29:49    -2129.393810        0.059267
BFGS:  182 20:29:50    -2129.393935        0.056670
BFGS:  183 20:29:50    -2129.394121        0.056755
BFGS:  184 20:29:50    -2129.394373        0.068266
BFGS:  185 20:29:51    -2129.394648        0.074038
BFGS:  186 20:29:51    -2129.394896        0.065878
BFGS:  187 20:29:51    -2129.395091        0.043488
BFGS:  188 20:29:52    -2129.395251        0.026236
BFGS:  189 20:29:52    -2129.395386        0.025959
BFGS:  190 20:29:52    -2129.395496        0.038932
BFGS:  191 20:29:53    -2129.395581        0.041461
BFGS:  192 20:29:53    -2129.395650        0.032775
BFGS:  193 20:29:53    -2129.395699        0.023396
BFGS:  194 20:29:54    -2129.395736        0.025965
BFGS:  195 20:29:54    -2129.395778        0.028472
BFGS:  196 20:29:54    -2129.395838        0.028992
BFGS:  197 20:29:55    -2129.395910        0.038326
BFGS:  198 20:29:55    -2129.395991        0.034034
BFGS:  199 20:29:55    -2129.396068        0.042725
BFGS:  200 20:29:56    -2129.396162        0.046811
