      Step     Time          Energy          fmax
BFGS:    0 21:16:58    -2367.241921        8.297552
BFGS:    1 21:16:59    -2374.375547        7.358293
BFGS:    2 21:17:00    -2374.581744       19.837673
BFGS:    3 21:17:01    -2378.093261        5.306877
BFGS:    4 21:17:01    -2379.331951        3.430007
BFGS:    5 21:17:02    -2380.884388        6.357616
BFGS:    6 21:17:03    -2381.539221        3.825923
BFGS:    7 21:17:04    -2382.334419        2.145865
BFGS:    8 21:17:05    -2382.607996        1.868019
BFGS:    9 21:17:05    -2382.816554        1.404526
BFGS:   10 21:17:06    -2382.899587        0.953090
BFGS:   11 21:17:06    -2382.933299        0.425552
BFGS:   12 21:17:07    -2382.964723        0.297796
BFGS:   13 21:17:08    -2382.974437        0.242994
BFGS:   14 21:17:08    -2382.980170        0.177237
BFGS:   15 21:17:09    -2382.983979        0.164264
BFGS:   16 21:17:09    -2382.987999        0.130767
BFGS:   17 21:17:10    -2382.992399        0.183061
BFGS:   18 21:17:11    -2383.003375        0.299169
BFGS:   19 21:17:11    -2383.145838        1.568299
BFGS:   20 21:17:12    -2383.109854        2.336628
BFGS:   21 21:17:13    -2383.498837        3.060080
BFGS:   22 21:17:14    -2383.708991        1.739726
BFGS:   23 21:17:14    -2383.888233        0.869537
BFGS:   24 21:17:15    -2383.990125        0.893099
BFGS:   25 21:17:16    -2384.073276        0.693290
BFGS:   26 21:17:17    -2384.129616        0.536754
BFGS:   27 21:17:17    -2384.171582        0.446056
BFGS:   28 21:17:18    -2384.217620        0.434336
BFGS:   29 21:17:19    -2384.252639        0.336991
BFGS:   30 21:17:19    -2384.269523        0.213209
BFGS:   31 21:17:20    -2384.278305        0.144483
BFGS:   32 21:17:20    -2384.283131        0.096470
BFGS:   33 21:17:21    -2384.285371        0.083858
BFGS:   34 21:17:22    -2384.286546        0.088582
BFGS:   35 21:17:22    -2384.287722        0.102334
BFGS:   36 21:17:23    -2384.289353        0.148569
BFGS:   37 21:17:23    -2384.292224        0.259606
BFGS:   38 21:17:24    -2384.299741        0.529690
BFGS:   39 21:17:25    -2384.303260        0.549435
BFGS:   40 21:17:26    -2384.323308        0.598773
BFGS:   41 21:17:26    -2384.375498        0.503411
BFGS:   42 21:17:27    -2384.402059        0.345931
BFGS:   43 21:17:28    -2384.417132        0.277118
BFGS:   44 21:17:28    -2384.427598        0.185421
BFGS:   45 21:17:29    -2384.439460        0.177588
BFGS:   46 21:17:30    -2384.443965        0.159865
BFGS:   47 21:17:30    -2384.452293        0.182729
BFGS:   48 21:17:31    -2384.456966        0.142150
BFGS:   49 21:17:31    -2384.462632        0.133253
BFGS:   50 21:17:32    -2384.467205        0.132775
BFGS:   51 21:17:32    -2384.471893        0.144768
BFGS:   52 21:17:33    -2384.475719        0.105263
BFGS:   53 21:17:34    -2384.478207        0.075517
BFGS:   54 21:17:34    -2384.479639        0.072897
BFGS:   55 21:17:35    -2384.480864        0.087080
BFGS:   56 21:17:35    -2384.482322        0.080073
BFGS:   57 21:17:36    -2384.483863        0.076781
BFGS:   58 21:17:36    -2384.485074        0.051777
BFGS:   59 21:17:37    -2384.485997        0.063549
BFGS:   60 21:17:38    -2384.486977        0.068149
BFGS:   61 21:17:38    -2384.488308        0.075856
BFGS:   62 21:17:39    -2384.489982        0.091481
BFGS:   63 21:17:39    -2384.491817        0.077008
BFGS:   64 21:17:40    -2384.493657        0.092980
BFGS:   65 21:17:41    -2384.495477        0.094340
BFGS:   66 21:17:41    -2384.497302        0.103136
BFGS:   67 21:17:42    -2384.499163        0.090307
BFGS:   68 21:17:42    -2384.501210        0.089061
BFGS:   69 21:17:43    -2384.503374        0.091082
BFGS:   70 21:17:44    -2384.505485        0.110789
BFGS:   71 21:17:44    -2384.507514        0.121788
BFGS:   72 21:17:45    -2384.509842        0.133002
BFGS:   73 21:17:46    -2384.513326        0.170564
BFGS:   74 21:17:46    -2384.518462        0.169015
BFGS:   75 21:17:47    -2384.525280        0.245461
BFGS:   76 21:17:48    -2384.532419        0.297856
BFGS:   77 21:17:48    -2384.539621        0.181707
BFGS:   78 21:17:49    -2384.546848        0.220253
BFGS:   79 21:17:50    -2384.556515        0.195295
BFGS:   80 21:17:51    -2384.565896        0.262761
BFGS:   81 21:17:51    -2384.572381        0.345953
BFGS:   82 21:17:52    -2384.575812        0.121759
BFGS:   83 21:17:53    -2384.579017        0.086751
BFGS:   84 21:17:53    -2384.583012        0.093780
BFGS:   85 21:17:54    -2384.586550        0.143582
BFGS:   86 21:17:55    -2384.590489        0.151878
BFGS:   87 21:17:55    -2384.593733        0.140491
BFGS:   88 21:17:56    -2384.596467        0.122702
BFGS:   89 21:17:57    -2384.599033        0.096434
BFGS:   90 21:17:57    -2384.601228        0.085178
BFGS:   91 21:17:58    -2384.603139        0.079025
BFGS:   92 21:17:58    -2384.605105        0.083400
BFGS:   93 21:17:59    -2384.606433        0.071692
BFGS:   94 21:18:00    -2384.607148        0.057748
BFGS:   95 21:18:00    -2384.607608        0.044598
BFGS:   96 21:18:01    -2384.608099        0.045288
BFGS:   97 21:18:02    -2384.608567        0.041704
BFGS:   98 21:18:02    -2384.608928        0.044004
BFGS:   99 21:18:03    -2384.609216        0.036105
BFGS:  100 21:18:03    -2384.609568        0.038372
BFGS:  101 21:18:04    -2384.610053        0.054642
BFGS:  102 21:18:05    -2384.610645        0.067201
BFGS:  103 21:18:05    -2384.611267        0.076242
BFGS:  104 21:18:06    -2384.611876        0.061311
BFGS:  105 21:18:06    -2384.612505        0.055084
BFGS:  106 21:18:07    -2384.613135        0.052504
BFGS:  107 21:18:08    -2384.613718        0.050410
BFGS:  108 21:18:08    -2384.614342        0.067572
BFGS:  109 21:18:09    -2384.615167        0.078128
BFGS:  110 21:18:09    -2384.616278        0.083461
BFGS:  111 21:18:10    -2384.617559        0.078470
BFGS:  112 21:18:11    -2384.618752        0.075953
BFGS:  113 21:18:11    -2384.619818        0.076494
BFGS:  114 21:18:12    -2384.620949        0.065723
BFGS:  115 21:18:12    -2384.622293        0.078449
BFGS:  116 21:18:13    -2384.623784        0.078723
BFGS:  117 21:18:14    -2384.625422        0.081661
BFGS:  118 21:18:14    -2384.627446        0.093865
BFGS:  119 21:18:15    -2384.629970        0.100689
BFGS:  120 21:18:15    -2384.632677        0.093226
BFGS:  121 21:18:16    -2384.634737        0.078085
BFGS:  122 21:18:16    -2384.636258        0.082330
BFGS:  123 21:18:17    -2384.637784        0.085858
BFGS:  124 21:18:17    -2384.639814        0.079563
BFGS:  125 21:18:18    -2384.642100        0.099125
BFGS:  126 21:18:19    -2384.644145        0.087517
BFGS:  127 21:18:19    -2384.645923        0.106216
BFGS:  128 21:18:20    -2384.647981        0.114437
BFGS:  129 21:18:20    -2384.651212        0.127263
BFGS:  130 21:18:21    -2384.656177        0.146496
BFGS:  131 21:18:21    -2384.663148        0.174296
BFGS:  132 21:18:22    -2384.671506        0.188050
BFGS:  133 21:18:23    -2384.680107        0.165686
BFGS:  134 21:18:23    -2384.687559        0.164447
BFGS:  135 21:18:24    -2384.693247        0.162764
BFGS:  136 21:18:24    -2384.698144        0.152186
BFGS:  137 21:18:25    -2384.703144        0.165841
BFGS:  138 21:18:26    -2384.708432        0.168052
BFGS:  139 21:18:26    -2384.712844        0.138695
BFGS:  140 21:18:27    -2384.715564        0.100601
BFGS:  141 21:18:27    -2384.717055        0.067897
BFGS:  142 21:18:28    -2384.718708        0.117351
BFGS:  143 21:18:28    -2384.720970        0.137506
BFGS:  144 21:18:29    -2384.723667        0.107585
BFGS:  145 21:18:29    -2384.726489        0.104469
BFGS:  146 21:18:30    -2384.730422        0.142883
BFGS:  147 21:18:31    -2384.750740        0.480507
BFGS:  148 21:18:31    -2384.823176        1.361983
BFGS:  149 21:18:32    -2384.805975        2.374455
BFGS:  150 21:18:33    -2385.100333        2.288021
BFGS:  151 21:18:33    -2385.469914        2.034550
BFGS:  152 21:18:34    -2385.775196        1.809022
BFGS:  153 21:18:35    -2385.986007        1.574742
BFGS:  154 21:18:36    -2386.131934        1.074575
BFGS:  155 21:18:37    -2386.316110        0.644339
BFGS:  156 21:18:37    -2386.389068        0.547786
BFGS:  157 21:18:38    -2386.466738        0.506753
BFGS:  158 21:18:39    -2386.496115        1.055477
BFGS:  159 21:18:40    -2386.532429        0.429510
BFGS:  160 21:18:40    -2386.584185        0.474215
BFGS:  161 21:18:41    -2386.615251        0.551488
BFGS:  162 21:18:42    -2386.674653        0.889929
BFGS:  163 21:18:43    -2386.726339        0.895087
BFGS:  164 21:18:43    -2386.772617        0.482908
BFGS:  165 21:18:44    -2386.796460        0.288760
BFGS:  166 21:18:44    -2386.812485        0.288926
BFGS:  167 21:18:45    -2386.824093        0.293472
BFGS:  168 21:18:45    -2386.834767        0.259594
BFGS:  169 21:18:46    -2386.846189        0.209551
BFGS:  170 21:18:47    -2386.856490        0.176555
BFGS:  171 21:18:47    -2386.862702        0.114818
BFGS:  172 21:18:48    -2386.865713        0.092428
BFGS:  173 21:18:48    -2386.867713        0.080205
BFGS:  174 21:18:49    -2386.870084        0.088553
BFGS:  175 21:18:49    -2386.872860        0.103845
BFGS:  176 21:18:49    -2386.875139        0.112718
BFGS:  177 21:18:50    -2386.876490        0.073815
BFGS:  178 21:18:51    -2386.877329        0.065307
BFGS:  179 21:18:51    -2386.878144        0.057820
BFGS:  180 21:18:52    -2386.878996        0.076707
BFGS:  181 21:18:52    -2386.879797        0.071555
BFGS:  182 21:18:52    -2386.880477        0.060216
BFGS:  183 21:18:53    -2386.881103        0.060584
BFGS:  184 21:18:53    -2386.881858        0.074145
BFGS:  185 21:18:54    -2386.882769        0.087152
BFGS:  186 21:18:55    -2386.883796        0.083713
BFGS:  187 21:18:55    -2386.884922        0.067197
BFGS:  188 21:18:56    -2386.886260        0.064883
BFGS:  189 21:18:56    -2386.888177        0.114286
BFGS:  190 21:18:57    -2386.891019        0.178797
BFGS:  191 21:18:57    -2386.894701        0.182052
BFGS:  192 21:18:58    -2386.898224        0.110079
BFGS:  193 21:18:58    -2386.900804        0.090731
BFGS:  194 21:18:59    -2386.902938        0.097883
BFGS:  195 21:18:59    -2386.905652        0.116280
BFGS:  196 21:19:00    -2386.909275        0.119559
BFGS:  197 21:19:01    -2386.913584        0.119982
BFGS:  198 21:19:01    -2386.917466        0.100991
BFGS:  199 21:19:02    -2386.920694        0.097689
BFGS:  200 21:19:02    -2386.923715        0.134555
