      Step     Time          Energy          fmax
BFGS:    0 10:00:39    -3190.167571       22.680161
BFGS:    1 10:00:40    -3194.328799        1.791975
BFGS:    2 10:00:41    -3194.402368        1.106202
BFGS:    3 10:00:41    -3194.449104        0.097827
BFGS:    4 10:00:42    -3194.449294        0.016942
BFGS:    5 10:00:42    -3194.449298        0.012360
BFGS:    6 10:00:43    -3194.449311        0.033203
BFGS:    7 10:00:43    -3194.449333        0.042002
BFGS:    8 10:00:44    -3194.449934        0.250510
BFGS:    9 10:00:44    -3194.452819        0.355542
BFGS:   10 10:00:45    -3194.457119        0.913163
BFGS:   11 10:00:45    -3194.474210        0.917976
BFGS:   12 10:00:46    -3194.541033        3.312859
BFGS:   13 10:00:47    -3194.699515       10.612359
BFGS:   14 10:00:48    -3195.156952       14.505479
BFGS:   15 10:00:49    -3196.553447       13.952751
BFGS:   16 10:00:50    -3198.477064       11.844219
BFGS:   17 10:00:51    -3200.400738        9.053659
BFGS:   18 10:00:51    -3201.937188        6.177018
BFGS:   19 10:00:52    -3202.902648        3.732506
BFGS:   20 10:00:53    -3203.295499        2.085441
BFGS:   21 10:00:53    -3203.320822        1.851279
BFGS:   22 10:00:54    -3203.331189        1.777609
BFGS:   23 10:00:55    -3203.355431        1.696069
BFGS:   24 10:00:55    -3203.405209        1.637960
BFGS:   25 10:00:56    -3203.493723        1.622334
BFGS:   26 10:00:57    -3203.566812        1.662061
BFGS:   27 10:00:58    -3203.588224        1.711790
BFGS:   28 10:00:58    -3203.620598        1.804558
BFGS:   29 10:00:59    -3203.685480        1.958548
BFGS:   30 10:01:00    -3203.742229        1.854233
BFGS:   31 10:01:01    -3203.876496        1.391506
BFGS:   32 10:01:01    -3204.040997        1.246392
BFGS:   33 10:01:02    -3204.161516        0.657577
BFGS:   34 10:01:03    -3204.184242        0.440739
BFGS:   35 10:01:03    -3204.192578        0.376993
BFGS:   36 10:01:04    -3204.202395        0.294800
BFGS:   37 10:01:04    -3204.212583        0.161730
BFGS:   38 10:01:05    -3204.216904        0.068594
BFGS:   39 10:01:06    -3204.217527        0.051911
BFGS:   40 10:01:06    -3204.217649        0.049197
BFGS:   41 10:01:06    -3204.217766        0.044566
BFGS:   42 10:01:07    -3204.218009        0.037444
BFGS:   43 10:01:07    -3204.218267        0.034680
BFGS:   44 10:01:08    -3204.218412        0.022502
BFGS:   45 10:01:08    -3204.218445        0.017822
BFGS:   46 10:01:08    -3204.218455        0.016962
BFGS:   47 10:01:09    -3204.218471        0.015863
BFGS:   48 10:01:09    -3204.218497        0.013639
BFGS:   49 10:01:09    -3204.218521        0.008775
      Step     Time          Energy          fmax
BFGS:    0 12:41:45    -3193.502682        6.370400
BFGS:    1 12:41:45    -3197.412386        5.652916
BFGS:    2 12:41:46    -3199.860848        6.298868
BFGS:    3 12:41:47    -3200.494441        2.578359
BFGS:    4 12:41:47    -3200.762477        1.521769
BFGS:    5 12:41:48    -3200.992806        1.068375
BFGS:    6 12:41:49    -3201.081415        0.804362
BFGS:    7 12:41:49    -3201.201765        0.413884
BFGS:    8 12:41:50    -3201.234757        0.527356
BFGS:    9 12:41:51    -3201.262960        0.346740
BFGS:   10 12:41:51    -3201.281549        0.231169
BFGS:   11 12:41:52    -3201.305286        0.273371
BFGS:   12 12:41:52    -3201.326196        0.292891
BFGS:   13 12:41:53    -3201.348312        0.309736
BFGS:   14 12:41:54    -3201.368343        0.268042
BFGS:   15 12:41:54    -3201.383400        0.220899
BFGS:   16 12:41:55    -3201.392100        0.131220
BFGS:   17 12:41:55    -3201.397654        0.105185
BFGS:   18 12:41:56    -3201.402680        0.139722
BFGS:   19 12:41:57    -3201.407113        0.127052
BFGS:   20 12:41:57    -3201.410217        0.089469
BFGS:   21 12:41:58    -3201.412642        0.086926
BFGS:   22 12:41:58    -3201.415488        0.141908
BFGS:   23 12:41:59    -3201.419545        0.193468
BFGS:   24 12:41:59    -3201.424921        0.198679
BFGS:   25 12:42:00    -3201.430975        0.156695
BFGS:   26 12:42:00    -3201.436962        0.141216
BFGS:   27 12:42:01    -3201.442446        0.169093
BFGS:   28 12:42:01    -3201.447167        0.160002
BFGS:   29 12:42:02    -3201.451043        0.105937
BFGS:   30 12:42:02    -3201.454263        0.090600
BFGS:   31 12:42:03    -3201.457282        0.143237
BFGS:   32 12:42:03    -3201.460629        0.186058
BFGS:   33 12:42:04    -3201.464983        0.210264
BFGS:   34 12:42:04    -3201.471734        0.265785
BFGS:   35 12:42:05    -3201.485092        0.451540
BFGS:   36 12:42:06    -3201.512773        0.862780
BFGS:   37 12:42:06    -3201.557937        1.147779
BFGS:   38 12:42:07    -3201.661019        1.420010
BFGS:   39 12:42:08    -3201.800581        1.536253
BFGS:   40 12:42:08    -3201.989673        1.550846
BFGS:   41 12:42:09    -3202.308784        1.423406
BFGS:   42 12:42:10    -3202.861112        1.675829
BFGS:   43 12:42:10    -3203.364937        1.260609
BFGS:   44 12:42:11    -3203.841313        1.223035
BFGS:   45 12:42:11    -3204.117149        0.664078
BFGS:   46 12:42:12    -3204.199880        0.487778
BFGS:   47 12:42:12    -3204.305103        0.422451
BFGS:   48 12:42:13    -3204.377188        0.415621
BFGS:   49 12:42:13    -3204.437865        0.375918
BFGS:   50 12:42:14    -3204.478687        0.359058
BFGS:   51 12:42:14    -3204.519272        0.318069
BFGS:   52 12:42:15    -3204.554387        0.258814
BFGS:   53 12:42:15    -3204.575074        0.196745
BFGS:   54 12:42:16    -3204.586301        0.174531
BFGS:   55 12:42:16    -3204.595194        0.208548
BFGS:   56 12:42:16    -3204.604915        0.232409
BFGS:   57 12:42:17    -3204.613260        0.148463
BFGS:   58 12:42:17    -3204.618296        0.090109
BFGS:   59 12:42:18    -3204.620897        0.115075
BFGS:   60 12:42:18    -3204.622572        0.084598
BFGS:   61 12:42:18    -3204.623627        0.057586
BFGS:   62 12:42:18    -3204.624164        0.033529
BFGS:   63 12:42:19    -3204.624491        0.038152
BFGS:   64 12:42:19    -3204.624866        0.040882
BFGS:   65 12:42:19    -3204.625359        0.042668
BFGS:   66 12:42:20    -3204.625879        0.059363
BFGS:   67 12:42:20    -3204.626350        0.052003
BFGS:   68 12:42:20    -3204.626818        0.040412
BFGS:   69 12:42:21    -3204.627414        0.043686
BFGS:   70 12:42:21    -3204.628199        0.057859
BFGS:   71 12:42:21    -3204.629069        0.085185
BFGS:   72 12:42:22    -3204.629913        0.080442
BFGS:   73 12:42:22    -3204.630740        0.049781
BFGS:   74 12:42:22    -3204.631657        0.045778
BFGS:   75 12:42:22    -3204.632592        0.043870
BFGS:   76 12:42:23    -3204.633295        0.050612
BFGS:   77 12:42:23    -3204.633704        0.035295
BFGS:   78 12:42:23    -3204.633952        0.024243
BFGS:   79 12:42:24    -3204.634139        0.020169
BFGS:   80 12:42:24    -3204.634263        0.018557
BFGS:   81 12:42:24    -3204.634336        0.012234
BFGS:   82 12:42:24    -3204.634389        0.017076
BFGS:   83 12:42:24    -3204.634440        0.018755
BFGS:   84 12:42:25    -3204.634482        0.011392
BFGS:   85 12:42:25    -3204.634505        0.007762
