      Step     Time          Energy          fmax
BFGS:    0 13:21:52    -3557.775019      429.697537
BFGS:    1 13:21:55    -3682.113896       54.679993
BFGS:    2 13:21:57    -3694.093618      130.342724
BFGS:    3 13:22:00    -3684.398206      173.652872
BFGS:    4 13:22:03    -3713.549189       28.906315
BFGS:    5 13:22:05    -3717.720368       21.998924
BFGS:    6 13:22:07    -3720.523420       13.440847
BFGS:    7 13:22:09    -3723.833929        4.619629
BFGS:    8 13:22:12    -3725.614833        2.841144
BFGS:    9 13:22:14    -3726.770770        3.819224
BFGS:   10 13:22:16    -3727.727392        4.976832
BFGS:   11 13:22:19    -3728.689362        5.296826
BFGS:   12 13:22:22    -3729.700494        5.181749
BFGS:   13 13:22:25    -3730.445608        5.023133
BFGS:   14 13:22:27    -3731.047698        4.754879
BFGS:   15 13:22:29    -3732.013962        3.997075
BFGS:   16 13:22:31    -3732.524215        3.112756
BFGS:   17 13:22:33    -3732.989102        2.521285
BFGS:   18 13:22:35    -3733.350581        2.399551
BFGS:   19 13:22:37    -3733.553672        2.257348
BFGS:   20 13:22:39    -3733.798383        1.778374
BFGS:   21 13:22:41    -3734.047520        1.045691
BFGS:   22 13:22:44    -3734.302607        1.394435
BFGS:   23 13:22:46    -3734.648645        3.904135
BFGS:   24 13:22:49    -3734.945336        6.927745
BFGS:   25 13:22:51    -3735.334713        5.132325
BFGS:   26 13:22:53    -3735.784837        3.594244
BFGS:   27 13:22:56    -3736.029560        3.469859
BFGS:   28 13:22:58    -3736.250837        1.593876
BFGS:   29 13:23:00    -3736.570957        1.432183
BFGS:   30 13:23:03    -3736.860859        1.362969
BFGS:   31 13:23:05    -3736.974971        1.428438
BFGS:   32 13:23:08    -3737.095980        1.532848
BFGS:   33 13:23:10    -3737.174437        1.249644
BFGS:   34 13:23:12    -3737.235728        0.891879
BFGS:   35 13:23:14    -3737.267387        0.790431
BFGS:   36 13:23:15    -3737.282024        0.678234
BFGS:   37 13:23:17    -3737.291956        0.489255
BFGS:   38 13:23:19    -3737.300105        0.290097
BFGS:   39 13:23:21    -3737.307196        0.179469
BFGS:   40 13:23:22    -3737.312525        0.125667
BFGS:   41 13:23:24    -3737.316832        0.130873
BFGS:   42 13:23:25    -3737.320494        0.135577
BFGS:   43 13:23:27    -3737.324315        0.192962
BFGS:   44 13:23:29    -3737.328272        0.243941
BFGS:   45 13:23:31    -3737.332020        0.262914
BFGS:   46 13:23:32    -3737.335385        0.248919
BFGS:   47 13:23:34    -3737.338776        0.224978
BFGS:   48 13:23:35    -3737.342435        0.219187
BFGS:   49 13:23:37    -3737.345705        0.167103
BFGS:   50 13:23:39    -3737.347693        0.095984
BFGS:   51 13:23:40    -3737.348771        0.058503
BFGS:   52 13:23:41    -3737.349621        0.051326
BFGS:   53 13:23:43    -3737.350555        0.052645
BFGS:   54 13:23:44    -3737.351468        0.072224
BFGS:   55 13:23:46    -3737.352338        0.105683
BFGS:   56 13:23:48    -3737.353320        0.121802
BFGS:   57 13:23:49    -3737.354648        0.130182
BFGS:   58 13:23:51    -3737.356295        0.115385
BFGS:   59 13:23:52    -3737.358042        0.092106
BFGS:   60 13:23:54    -3737.359806        0.079240
BFGS:   61 13:23:55    -3737.362064        0.090381
BFGS:   62 13:23:57    -3737.365599        0.126372
BFGS:   63 13:23:59    -3737.375352        0.240219
BFGS:   64 13:24:02    -3737.325771        1.014745
BFGS:   65 13:24:04    -3737.398471        0.416116
BFGS:   66 13:24:06    -3737.411844        0.345072
BFGS:   67 13:24:08    -3737.423646        0.363701
BFGS:   68 13:24:10    -3737.435617        0.377572
BFGS:   69 13:24:12    -3737.456239        0.328626
BFGS:   70 13:24:14    -3737.466522        0.317506
BFGS:   71 13:24:16    -3737.492445        0.315627
BFGS:   72 13:24:18    -3737.511191        0.320731
BFGS:   73 13:24:20    -3737.526999        0.338072
BFGS:   74 13:24:22    -3737.539590        0.356457
BFGS:   75 13:24:23    -3737.553313        0.343408
BFGS:   76 13:24:25    -3737.566314        0.305318
BFGS:   77 13:24:27    -3737.578091        0.236770
BFGS:   78 13:24:29    -3737.587908        0.218842
BFGS:   79 13:24:30    -3737.597163        0.242404
BFGS:   80 13:24:32    -3737.606204        0.308404
BFGS:   81 13:24:33    -3737.616403        0.307605
BFGS:   82 13:24:35    -3737.624278        0.266877
BFGS:   83 13:24:37    -3737.633394        0.201358
BFGS:   84 13:24:38    -3737.641732        0.250167
BFGS:   85 13:24:40    -3737.650276        0.314998
BFGS:   86 13:24:42    -3737.659143        0.350371
BFGS:   87 13:24:43    -3737.668702        0.341574
BFGS:   88 13:24:45    -3737.677601        0.349384
BFGS:   89 13:24:47    -3737.684301        0.311654
BFGS:   90 13:24:48    -3737.689172        0.325187
BFGS:   91 13:24:50    -3737.693172        0.275341
BFGS:   92 13:24:51    -3737.697449        0.237071
BFGS:   93 13:24:53    -3737.700992        0.188484
BFGS:   94 13:24:54    -3737.703870        0.165563
BFGS:   95 13:24:56    -3737.706136        0.166685
BFGS:   96 13:24:57    -3737.708298        0.175012
BFGS:   97 13:24:59    -3737.710841        0.172760
BFGS:   98 13:25:00    -3737.713947        0.163446
BFGS:   99 13:25:02    -3737.717355        0.159790
BFGS:  100 13:25:04    -3737.720529        0.167399
BFGS:  101 13:25:05    -3737.723439        0.174769
BFGS:  102 13:25:07    -3737.726545        0.178495
BFGS:  103 13:25:08    -3737.730340        0.186882
BFGS:  104 13:25:10    -3737.734842        0.194811
BFGS:  105 13:25:11    -3737.739702        0.214720
BFGS:  106 13:25:13    -3737.744843        0.221544
BFGS:  107 13:25:15    -3737.750876        0.239731
BFGS:  108 13:25:16    -3737.758537        0.251596
BFGS:  109 13:25:18    -3737.767966        0.246069
BFGS:  110 13:25:20    -3737.778516        0.260895
BFGS:  111 13:25:21    -3737.789051        0.325317
BFGS:  112 13:25:23    -3737.799333        0.308246
BFGS:  113 13:25:24    -3737.808942        0.195562
BFGS:  114 13:25:26    -3737.816096        0.162429
BFGS:  115 13:25:27    -3737.819638        0.137321
BFGS:  116 13:25:29    -3737.822427        0.176008
BFGS:  117 13:25:30    -3737.825166        0.148347
BFGS:  118 13:25:32    -3737.827869        0.090965
BFGS:  119 13:25:33    -3737.830248        0.088311
BFGS:  120 13:25:34    -3737.832304        0.094833
BFGS:  121 13:25:35    -3737.834009        0.102464
BFGS:  122 13:25:37    -3737.835573        0.100218
BFGS:  123 13:25:38    -3737.837229        0.113758
BFGS:  124 13:25:40    -3737.839200        0.111127
BFGS:  125 13:25:41    -3737.841702        0.152505
BFGS:  126 13:25:42    -3737.844481        0.152356
BFGS:  127 13:25:44    -3737.847515        0.113683
BFGS:  128 13:25:45    -3737.850743        0.111945
BFGS:  129 13:25:46    -3737.853935        0.117629
BFGS:  130 13:25:47    -3737.856965        0.111554
BFGS:  131 13:25:48    -3737.859997        0.117761
BFGS:  132 13:25:50    -3737.863080        0.097732
BFGS:  133 13:25:51    -3737.866228        0.095173
BFGS:  134 13:25:52    -3737.869220        0.093882
BFGS:  135 13:25:54    -3737.871874        0.101364
BFGS:  136 13:25:55    -3737.874207        0.106551
BFGS:  137 13:25:56    -3737.876500        0.091746
BFGS:  138 13:25:58    -3737.879031        0.092569
BFGS:  139 13:25:59    -3737.881690        0.079595
BFGS:  140 13:26:00    -3737.883987        0.065476
BFGS:  141 13:26:02    -3737.885702        0.062754
BFGS:  142 13:26:03    -3737.887045        0.051266
BFGS:  143 13:26:04    -3737.888194        0.049789
BFGS:  144 13:26:05    -3737.889178        0.053192
BFGS:  145 13:26:07    -3737.890004        0.050698
BFGS:  146 13:26:08    -3737.890831        0.056678
BFGS:  147 13:26:10    -3737.891863        0.059615
BFGS:  148 13:26:11    -3737.893143        0.060831
BFGS:  149 13:26:12    -3737.894484        0.060222
BFGS:  150 13:26:13    -3737.895682        0.053222
BFGS:  151 13:26:14    -3737.896726        0.049430
BFGS:  152 13:26:16    -3737.897693        0.058017
BFGS:  153 13:26:17    -3737.898632        0.072491
BFGS:  154 13:26:19    -3737.899523        0.062721
BFGS:  155 13:26:20    -3737.900375        0.068596
BFGS:  156 13:26:21    -3737.901235        0.075284
BFGS:  157 13:26:23    -3737.902064        0.075580
BFGS:  158 13:26:24    -3737.902887        0.063602
BFGS:  159 13:26:25    -3737.903655        0.051963
BFGS:  160 13:26:27    -3737.904439        0.065407
BFGS:  161 13:26:28    -3737.905195        0.064366
BFGS:  162 13:26:29    -3737.905885        0.043626
BFGS:  163 13:26:31    -3737.906532        0.044607
BFGS:  164 13:26:32    -3737.907282        0.045578
BFGS:  165 13:26:33    -3737.908206        0.069034
BFGS:  166 13:26:35    -3737.909260        0.079563
BFGS:  167 13:26:36    -3737.910279        0.080450
BFGS:  168 13:26:37    -3737.911294        0.080019
BFGS:  169 13:26:38    -3737.912525        0.073255
BFGS:  170 13:26:40    -3737.914168        0.087957
BFGS:  171 13:26:41    -3737.916143        0.108022
BFGS:  172 13:26:42    -3737.918011        0.082920
BFGS:  173 13:26:44    -3737.919569        0.071687
BFGS:  174 13:26:45    -3737.920997        0.070415
BFGS:  175 13:26:46    -3737.922470        0.062223
BFGS:  176 13:26:47    -3737.924003        0.065550
BFGS:  177 13:26:49    -3737.925486        0.067367
BFGS:  178 13:26:50    -3737.927046        0.094313
BFGS:  179 13:26:51    -3737.928895        0.117389
BFGS:  180 13:26:52    -3737.930967        0.119294
BFGS:  181 13:26:54    -3737.932835        0.094549
BFGS:  182 13:26:55    -3737.934152        0.076921
BFGS:  183 13:26:56    -3737.935114        0.075901
BFGS:  184 13:26:57    -3737.936072        0.079874
BFGS:  185 13:26:59    -3737.937233        0.078262
BFGS:  186 13:27:00    -3737.938505        0.069674
BFGS:  187 13:27:01    -3737.939694        0.081908
BFGS:  188 13:27:03    -3737.940596        0.089863
BFGS:  189 13:27:04    -3737.941311        0.093170
BFGS:  190 13:27:05    -3737.941996        0.088254
BFGS:  191 13:27:06    -3737.942837        0.078927
BFGS:  192 13:27:08    -3737.943977        0.059589
BFGS:  193 13:27:09    -3737.945363        0.066715
BFGS:  194 13:27:10    -3737.946869        0.077851
BFGS:  195 13:27:11    -3737.948385        0.099651
BFGS:  196 13:27:13    -3737.949897        0.151016
BFGS:  197 13:27:14    -3737.951361        0.201072
BFGS:  198 13:27:15    -3737.952923        0.215774
BFGS:  199 13:27:16    -3737.954840        0.205580
BFGS:  200 13:27:18    -3737.957394        0.180808
