      Step     Time          Energy          fmax
BFGS:    0 14:01:28    -3517.249316      429.923188
BFGS:    1 14:01:30    -3597.298131       43.330909
BFGS:    2 14:01:33    -3611.647957       62.712400
BFGS:    3 14:01:35    -3618.790835       39.511633
BFGS:    4 14:01:37    -3623.844409       15.918842
BFGS:    5 14:01:38    -3625.487751        8.611313
BFGS:    6 14:01:40    -3626.980732        5.883062
BFGS:    7 14:01:42    -3628.032042        2.540059
BFGS:    8 14:01:43    -3628.660237        2.875169
BFGS:    9 14:01:45    -3629.263422        3.399434
BFGS:   10 14:01:47    -3629.763891        3.491883
BFGS:   11 14:01:49    -3630.190499        3.393407
BFGS:   12 14:01:50    -3630.561661        3.169849
BFGS:   13 14:01:52    -3630.937031        2.984856
BFGS:   14 14:01:54    -3631.368741        2.758212
BFGS:   15 14:01:57    -3631.824395        2.579321
BFGS:   16 14:01:59    -3632.227020        2.674599
BFGS:   17 14:02:01    -3632.700746        2.975463
BFGS:   18 14:02:04    -3633.296069        3.425550
BFGS:   19 14:02:07    -3633.786518        2.041677
BFGS:   20 14:02:09    -3634.241306        1.418982
BFGS:   21 14:02:12    -3634.492769        1.323569
BFGS:   22 14:02:14    -3634.654545        0.941406
BFGS:   23 14:02:16    -3634.830349        1.203780
BFGS:   24 14:02:18    -3634.968693        0.711041
BFGS:   25 14:02:20    -3635.063951        0.848725
BFGS:   26 14:02:22    -3635.145562        1.130908
BFGS:   27 14:02:24    -3635.207760        1.385320
BFGS:   28 14:02:26    -3635.258685        1.601791
BFGS:   29 14:02:28    -3635.311237        1.681426
BFGS:   30 14:02:30    -3635.379414        1.520029
BFGS:   31 14:02:32    -3635.461545        1.062987
BFGS:   32 14:02:34    -3635.543190        0.618545
BFGS:   33 14:02:36    -3635.606805        0.401458
BFGS:   34 14:02:38    -3635.638306        0.364600
BFGS:   35 14:02:39    -3635.659546        0.265792
BFGS:   36 14:02:41    -3635.674532        0.224482
BFGS:   37 14:02:43    -3635.685242        0.164740
BFGS:   38 14:02:44    -3635.693663        0.193188
BFGS:   39 14:02:46    -3635.701974        0.242654
BFGS:   40 14:02:47    -3635.711065        0.328001
BFGS:   41 14:02:49    -3635.720374        0.357644
BFGS:   42 14:02:51    -3635.729656        0.389166
BFGS:   43 14:02:52    -3635.739706        0.427425
BFGS:   44 14:02:54    -3635.751893        0.388979
BFGS:   45 14:02:55    -3635.766804        0.281701
BFGS:   46 14:02:57    -3635.783079        0.266370
BFGS:   47 14:02:58    -3635.797831        0.278337
BFGS:   48 14:03:00    -3635.809723        0.167592
BFGS:   49 14:03:02    -3635.819542        0.160986
BFGS:   50 14:03:03    -3635.827436        0.195758
BFGS:   51 14:03:05    -3635.833471        0.191919
BFGS:   52 14:03:06    -3635.838321        0.158955
BFGS:   53 14:03:07    -3635.843409        0.153600
BFGS:   54 14:03:09    -3635.849560        0.172949
BFGS:   55 14:03:10    -3635.856221        0.224523
BFGS:   56 14:03:12    -3635.862427        0.188554
BFGS:   57 14:03:13    -3635.868133        0.181598
BFGS:   58 14:03:15    -3635.873751        0.149103
BFGS:   59 14:03:16    -3635.879623        0.160353
BFGS:   60 14:03:18    -3635.885530        0.157607
BFGS:   61 14:03:19    -3635.890804        0.130605
BFGS:   62 14:03:21    -3635.895253        0.111937
BFGS:   63 14:03:22    -3635.899502        0.157498
BFGS:   64 14:03:23    -3635.904130        0.178713
BFGS:   65 14:03:25    -3635.909189        0.168149
BFGS:   66 14:03:26    -3635.914808        0.235346
BFGS:   67 14:03:28    -3635.921235        0.255535
BFGS:   68 14:03:29    -3635.928350        0.232634
BFGS:   69 14:03:31    -3635.935487        0.206166
BFGS:   70 14:03:32    -3635.941994        0.151142
BFGS:   71 14:03:33    -3635.948658        0.142278
BFGS:   72 14:03:35    -3635.957171        0.258330
BFGS:   73 14:03:36    -3635.968434        0.325263
BFGS:   74 14:03:38    -3635.980776        0.276617
BFGS:   75 14:03:39    -3635.991653        0.196983
BFGS:   76 14:03:41    -3636.001009        0.198455
BFGS:   77 14:03:42    -3636.010782        0.270971
BFGS:   78 14:03:44    -3636.021308        0.249833
BFGS:   79 14:03:46    -3636.030597        0.217819
BFGS:   80 14:03:47    -3636.037326        0.273170
BFGS:   81 14:03:49    -3636.042475        0.292765
BFGS:   82 14:03:50    -3636.047318        0.284981
BFGS:   83 14:03:52    -3636.052042        0.248859
BFGS:   84 14:03:53    -3636.056061        0.190733
BFGS:   85 14:03:54    -3636.059159        0.133176
BFGS:   86 14:03:56    -3636.061840        0.122743
BFGS:   87 14:03:57    -3636.064372        0.088899
BFGS:   88 14:03:59    -3636.066607        0.089395
BFGS:   89 14:04:00    -3636.068453        0.078784
BFGS:   90 14:04:01    -3636.070101        0.083745
BFGS:   91 14:04:02    -3636.071920        0.080526
BFGS:   92 14:04:04    -3636.074242        0.091252
BFGS:   93 14:04:05    -3636.077136        0.098539
BFGS:   94 14:04:07    -3636.080238        0.101281
BFGS:   95 14:04:08    -3636.083358        0.089794
BFGS:   96 14:04:09    -3636.086577        0.115775
BFGS:   97 14:04:11    -3636.090250        0.138436
BFGS:   98 14:04:12    -3636.094553        0.140527
BFGS:   99 14:04:13    -3636.099030        0.126099
BFGS:  100 14:04:15    -3636.102960        0.119180
BFGS:  101 14:04:16    -3636.106176        0.111475
BFGS:  102 14:04:18    -3636.109141        0.116538
BFGS:  103 14:04:19    -3636.112317        0.142288
BFGS:  104 14:04:20    -3636.115855        0.108818
BFGS:  105 14:04:22    -3636.119345        0.086815
BFGS:  106 14:04:23    -3636.122354        0.084903
BFGS:  107 14:04:25    -3636.124875        0.092220
BFGS:  108 14:04:26    -3636.127259        0.086556
BFGS:  109 14:04:27    -3636.129663        0.082478
BFGS:  110 14:04:29    -3636.131932        0.084998
BFGS:  111 14:04:30    -3636.133854        0.072080
BFGS:  112 14:04:31    -3636.135317        0.066598
BFGS:  113 14:04:32    -3636.136431        0.056630
BFGS:  114 14:04:33    -3636.137331        0.067845
BFGS:  115 14:04:35    -3636.138176        0.057714
BFGS:  116 14:04:36    -3636.139023        0.039495
BFGS:  117 14:04:37    -3636.139805        0.047280
BFGS:  118 14:04:38    -3636.140463        0.048568
BFGS:  119 14:04:39    -3636.141176        0.058505
BFGS:  120 14:04:41    -3636.142003        0.076491
BFGS:  121 14:04:42    -3636.143012        0.078501
BFGS:  122 14:04:43    -3636.144102        0.064699
BFGS:  123 14:04:44    -3636.145066        0.060958
BFGS:  124 14:04:45    -3636.145894        0.054831
BFGS:  125 14:04:46    -3636.146771        0.055900
BFGS:  126 14:04:47    -3636.147928        0.066992
BFGS:  127 14:04:48    -3636.149566        0.082572
BFGS:  128 14:04:50    -3636.151853        0.091395
BFGS:  129 14:04:51    -3636.154955        0.121935
BFGS:  130 14:04:52    -3636.159031        0.123634
BFGS:  131 14:04:53    -3636.163817        0.096032
BFGS:  132 14:04:55    -3636.168453        0.090831
BFGS:  133 14:04:56    -3636.172310        0.085114
BFGS:  134 14:04:57    -3636.175496        0.096299
BFGS:  135 14:04:59    -3636.178346        0.108322
BFGS:  136 14:05:00    -3636.180969        0.097951
BFGS:  137 14:05:01    -3636.183146        0.067394
BFGS:  138 14:05:02    -3636.184823        0.067060
BFGS:  139 14:05:03    -3636.186419        0.088535
BFGS:  140 14:05:04    -3636.188034        0.090982
BFGS:  141 14:05:05    -3636.189599        0.081452
BFGS:  142 14:05:07    -3636.190980        0.045420
BFGS:  143 14:05:08    -3636.192207        0.047274
BFGS:  144 14:05:09    -3636.193007        0.047950
BFGS:  145 14:05:10    -3636.194084        0.050013
BFGS:  146 14:05:11    -3636.194970        0.046418
BFGS:  147 14:05:13    -3636.195932        0.051286
BFGS:  148 14:05:14    -3636.197004        0.055502
BFGS:  149 14:05:15    -3636.198323        0.058878
BFGS:  150 14:05:16    -3636.199682        0.057147
BFGS:  151 14:05:17    -3636.200866        0.058440
BFGS:  152 14:05:18    -3636.201871        0.075995
BFGS:  153 14:05:19    -3636.202839        0.075791
BFGS:  154 14:05:20    -3636.203783        0.062995
BFGS:  155 14:05:22    -3636.204620        0.047991
BFGS:  156 14:05:23    -3636.205345        0.049835
BFGS:  157 14:05:24    -3636.206033        0.052828
BFGS:  158 14:05:25    -3636.206750        0.043429
BFGS:  159 14:05:26    -3636.207491        0.054619
BFGS:  160 14:05:27    -3636.208174        0.061915
BFGS:  161 14:05:28    -3636.208821        0.056548
BFGS:  162 14:05:29    -3636.209526        0.047688
BFGS:  163 14:05:30    -3636.210374        0.045282
BFGS:  164 14:05:32    -3636.211301        0.045100
BFGS:  165 14:05:33    -3636.212207        0.047492
BFGS:  166 14:05:34    -3636.213062        0.053918
BFGS:  167 14:05:35    -3636.214028        0.062944
BFGS:  168 14:05:36    -3636.215283        0.061084
BFGS:  169 14:05:37    -3636.217004        0.081912
BFGS:  170 14:05:38    -3636.219215        0.084331
BFGS:  171 14:05:39    -3636.221584        0.089745
BFGS:  172 14:05:40    -3636.223733        0.072479
BFGS:  173 14:05:42    -3636.225489        0.081864
BFGS:  174 14:05:43    -3636.227141        0.100548
BFGS:  175 14:05:44    -3636.228924        0.106125
BFGS:  176 14:05:45    -3636.230771        0.099878
BFGS:  177 14:05:46    -3636.232465        0.079218
BFGS:  178 14:05:47    -3636.233805        0.063390
BFGS:  179 14:05:48    -3636.234834        0.060750
BFGS:  180 14:05:49    -3636.235811        0.055543
BFGS:  181 14:05:50    -3636.236701        0.060227
BFGS:  182 14:05:51    -3636.237453        0.067322
BFGS:  183 14:05:53    -3636.238126        0.068175
BFGS:  184 14:05:54    -3636.238944        0.076808
BFGS:  185 14:05:55    -3636.239828        0.075763
BFGS:  186 14:05:56    -3636.240642        0.059527
BFGS:  187 14:05:57    -3636.241240        0.039512
BFGS:  188 14:05:58    -3636.241708        0.034875
BFGS:  189 14:05:59    -3636.242213        0.036320
BFGS:  190 14:06:00    -3636.242853        0.043849
BFGS:  191 14:06:02    -3636.243571        0.065151
BFGS:  192 14:06:03    -3636.244222        0.070629
BFGS:  193 14:06:04    -3636.244723        0.060785
BFGS:  194 14:06:05    -3636.245207        0.040810
BFGS:  195 14:06:06    -3636.245789        0.037944
BFGS:  196 14:06:08    -3636.246508        0.042288
BFGS:  197 14:06:09    -3636.247445        0.059955
BFGS:  198 14:06:10    -3636.248631        0.084570
BFGS:  199 14:06:11    -3636.250270        0.096545
BFGS:  200 14:06:12    -3636.252352        0.088461
