      Step     Time          Energy          fmax
BFGS:    0 13:03:29    -2062.299650       10.462267
BFGS:    1 13:03:30    -2067.180550        5.775943
BFGS:    2 13:03:30    -2070.020830        3.979909
BFGS:    3 13:03:31    -2072.390844        3.355057
BFGS:    4 13:03:31    -2074.416314        4.456226
BFGS:    5 13:03:32    -2076.462056       21.359079
BFGS:    6 13:03:32    -2082.177027       34.108689
BFGS:    7 13:03:32    -2090.679576       25.773655
BFGS:    8 13:03:32    -2091.425881       35.096236
BFGS:    9 13:03:33    -2097.495518        7.347760
BFGS:   10 13:03:33    -2099.642516        5.788755
BFGS:   11 13:03:33    -2101.652230        3.553512
BFGS:   12 13:03:33    -2103.247839        2.670679
BFGS:   13 13:03:34    -2104.007118        2.975793
BFGS:   14 13:03:34    -2104.562584        2.610618
BFGS:   15 13:03:34    -2104.884249        1.280905
BFGS:   16 13:03:34    -2105.042988        0.850715
BFGS:   17 13:03:35    -2105.173224        0.828902
BFGS:   18 13:03:35    -2105.279895        0.902117
BFGS:   19 13:03:35    -2105.377502        0.685798
BFGS:   20 13:03:35    -2105.441953        0.427394
BFGS:   21 13:03:35    -2105.499559        0.530544
BFGS:   22 13:03:36    -2105.563394        0.852927
BFGS:   23 13:03:36    -2105.637910        0.914813
BFGS:   24 13:03:36    -2105.708031        0.618816
BFGS:   25 13:03:36    -2105.778556        0.445354
BFGS:   26 13:03:36    -2105.868566        0.751258
BFGS:   27 13:03:37    -2105.992427        1.021691
BFGS:   28 13:03:37    -2106.128021        0.825644
BFGS:   29 13:03:37    -2106.246383        0.559345
BFGS:   30 13:03:37    -2106.346511        0.628361
BFGS:   31 13:03:37    -2106.440200        0.643548
BFGS:   32 13:03:38    -2106.537582        0.606856
BFGS:   33 13:03:38    -2106.614840        0.400426
BFGS:   34 13:03:38    -2106.654163        0.344489
BFGS:   35 13:03:38    -2106.682655        0.468812
BFGS:   36 13:03:38    -2106.709233        0.384625
BFGS:   37 13:03:39    -2106.729621        0.369267
BFGS:   38 13:03:39    -2106.747571        0.435175
BFGS:   39 13:03:39    -2106.768089        0.373459
BFGS:   40 13:03:39    -2106.788469        0.423919
BFGS:   41 13:03:39    -2106.802927        0.307570
BFGS:   42 13:03:39    -2106.813064        0.269661
BFGS:   43 13:03:40    -2106.822646        0.347234
BFGS:   44 13:03:40    -2106.833114        0.256500
BFGS:   45 13:03:40    -2106.841039        0.170794
BFGS:   46 13:03:40    -2106.845471        0.112578
BFGS:   47 13:03:40    -2106.848487        0.182232
BFGS:   48 13:03:40    -2106.850765        0.165158
BFGS:   49 13:03:41    -2106.852154        0.084761
BFGS:   50 13:03:41    -2106.852921        0.046784
BFGS:   51 13:03:41    -2106.853525        0.052898
BFGS:   52 13:03:41    -2106.854112        0.082972
BFGS:   53 13:03:41    -2106.854625        0.075167
BFGS:   54 13:03:41    -2106.855137        0.043021
BFGS:   55 13:03:41    -2106.855852        0.057937
BFGS:   56 13:03:41    -2106.856930        0.086246
BFGS:   57 13:03:42    -2106.858299        0.123547
BFGS:   58 13:03:42    -2106.859802        0.128788
BFGS:   59 13:03:42    -2106.861677        0.104364
BFGS:   60 13:03:42    -2106.864857        0.138546
BFGS:   61 13:03:42    -2106.871050        0.238480
BFGS:   62 13:03:42    -2106.881514        0.326940
BFGS:   63 13:03:43    -2106.894287        0.407374
BFGS:   64 13:03:43    -2106.906424        0.350885
BFGS:   65 13:03:43    -2106.916004        0.246932
BFGS:   66 13:03:43    -2106.923544        0.200857
BFGS:   67 13:03:43    -2106.933273        0.247305
BFGS:   68 13:03:43    -2106.942484        0.307565
BFGS:   69 13:03:44    -2106.950942        0.226570
BFGS:   70 13:03:44    -2106.959303        0.185677
BFGS:   71 13:03:44    -2106.969068        0.241576
BFGS:   72 13:03:44    -2106.978386        0.267542
BFGS:   73 13:03:44    -2106.986375        0.260644
BFGS:   74 13:03:44    -2106.992294        0.155744
BFGS:   75 13:03:45    -2106.997672        0.138487
BFGS:   76 13:03:45    -2107.001040        0.119225
BFGS:   77 13:03:45    -2107.002997        0.096770
BFGS:   78 13:03:45    -2107.004191        0.067561
BFGS:   79 13:03:45    -2107.005485        0.086215
BFGS:   80 13:03:45    -2107.006686        0.083405
BFGS:   81 13:03:45    -2107.007498        0.048616
BFGS:   82 13:03:45    -2107.008108        0.057616
BFGS:   83 13:03:46    -2107.009006        0.109783
BFGS:   84 13:03:46    -2107.010772        0.159513
BFGS:   85 13:03:46    -2107.013968        0.191254
BFGS:   86 13:03:46    -2107.018623        0.206445
BFGS:   87 13:03:46    -2107.024021        0.135063
BFGS:   88 13:03:46    -2107.030127        0.163260
BFGS:   89 13:03:47    -2107.039007        0.322850
BFGS:   90 13:03:47    -2107.053390        0.461027
BFGS:   91 13:03:47    -2107.071075        0.566908
BFGS:   92 13:03:47    -2107.086483        0.424614
BFGS:   93 13:03:47    -2107.094455        0.155155
BFGS:   94 13:03:47    -2107.097658        0.108887
BFGS:   95 13:03:48    -2107.099576        0.113717
BFGS:   96 13:03:48    -2107.101019        0.098019
BFGS:   97 13:03:48    -2107.101805        0.057871
BFGS:   98 13:03:48    -2107.102263        0.039331
BFGS:   99 13:03:48    -2107.102704        0.042408
BFGS:  100 13:03:48    -2107.102951        0.024016
BFGS:  101 13:03:48    -2107.103048        0.017958
BFGS:  102 13:03:48    -2107.103118        0.018426
BFGS:  103 13:03:49    -2107.103240        0.023279
BFGS:  104 13:03:49    -2107.103437        0.037118
BFGS:  105 13:03:49    -2107.103697        0.041345
BFGS:  106 13:03:49    -2107.104000        0.038416
BFGS:  107 13:03:49    -2107.104444        0.041890
BFGS:  108 13:03:49    -2107.105331        0.072361
BFGS:  109 13:03:49    -2107.107423        0.121713
BFGS:  110 13:03:50    -2107.112319        0.198528
BFGS:  111 13:03:50    -2107.115704        0.497367
BFGS:  112 13:03:50    -2107.123947        0.173575
BFGS:  113 13:03:50    -2107.131291        0.189799
BFGS:  114 13:03:50    -2107.136147        0.205924
BFGS:  115 13:03:50    -2107.140866        0.204583
BFGS:  116 13:03:51    -2107.149909        0.221712
BFGS:  117 13:03:51    -2107.162916        0.279359
BFGS:  118 13:03:51    -2107.175011        0.451323
BFGS:  119 13:03:51    -2107.193545        0.447965
BFGS:  120 13:03:51    -2107.205426        0.253149
BFGS:  121 13:03:52    -2107.215918        0.165769
BFGS:  122 13:03:52    -2107.220345        0.238326
BFGS:  123 13:03:52    -2107.222045        0.220596
BFGS:  124 13:03:52    -2107.224951        0.131977
BFGS:  125 13:03:52    -2107.226725        0.066030
BFGS:  126 13:03:52    -2107.228174        0.073257
BFGS:  127 13:03:53    -2107.228800        0.080796
BFGS:  128 13:03:53    -2107.229689        0.049943
BFGS:  129 13:03:53    -2107.230151        0.026424
BFGS:  130 13:03:53    -2107.230316        0.022052
BFGS:  131 13:03:53    -2107.230378        0.015162
BFGS:  132 13:03:53    -2107.230434        0.013629
BFGS:  133 13:03:54    -2107.230493        0.011203
BFGS:  134 13:03:54    -2107.230521        0.008223
