      Step     Time          Energy          fmax
BFGS:    0 13:52:32      574.730681     6684.550357
BFGS:    1 13:52:33    -1911.605542      861.517080
BFGS:    2 13:52:35    -2282.904760     1125.225114
BFGS:    3 13:52:37    -2409.321537      870.570088
BFGS:    4 13:52:38    -2520.796271      582.923799
BFGS:    5 13:52:39    -2597.343803      436.278981
BFGS:    6 13:52:40    -2654.472312      338.361982
BFGS:    7 13:52:41    -2699.503857      239.164481
BFGS:    8 13:52:43    -2738.462007       48.354550
BFGS:    9 13:52:44    -2761.574866       19.801292
BFGS:   10 13:52:45    -2774.474431       11.124788
BFGS:   11 13:52:46    -2784.997125        7.808486
BFGS:   12 13:52:47    -2792.913859        7.615365
BFGS:   13 13:52:48    -2799.870327        9.373230
BFGS:   14 13:52:49    -2805.124834        9.807086
BFGS:   15 13:52:50    -2808.041846        7.836027
BFGS:   16 13:52:51    -2810.383870        7.398824
BFGS:   17 13:52:52    -2812.879781        6.528760
BFGS:   18 13:52:53    -2815.274240        5.900581
BFGS:   19 13:52:54    -2816.616085        4.497332
BFGS:   20 13:52:54    -2817.739479        3.531369
BFGS:   21 13:52:55    -2818.730023        5.673343
BFGS:   22 13:52:56    -2819.171204        4.598931
BFGS:   23 13:52:56    -2819.653501        2.888944
BFGS:   24 13:52:57    -2820.175116        2.941145
BFGS:   25 13:52:57    -2820.621475        4.170355
BFGS:   26 13:52:58    -2821.123250        1.917635
BFGS:   27 13:52:59    -2821.764611        1.474844
BFGS:   28 13:52:59    -2822.139766        1.877492
BFGS:   29 13:53:00    -2822.665626        1.661494
BFGS:   30 13:53:01    -2823.126814        1.435232
BFGS:   31 13:53:01    -2823.606434        1.527674
BFGS:   32 13:53:02    -2824.042798        1.485111
BFGS:   33 13:53:03    -2824.447801        1.672594
BFGS:   34 13:53:03    -2824.808204        1.857917
BFGS:   35 13:53:04    -2825.133907        2.022601
BFGS:   36 13:53:05    -2825.344360        2.246063
BFGS:   37 13:53:05    -2825.494007        2.400064
BFGS:   38 13:53:06    -2825.597606        2.392773
BFGS:   39 13:53:06    -2825.692031        2.313210
BFGS:   40 13:53:07    -2825.781671        2.143646
BFGS:   41 13:53:08    -2825.860676        1.948152
BFGS:   42 13:53:08    -2825.925507        1.803736
BFGS:   43 13:53:09    -2825.990488        1.819200
BFGS:   44 13:53:10    -2826.068179        1.719597
BFGS:   45 13:53:10    -2826.145791        1.658177
BFGS:   46 13:53:11    -2826.209526        1.477160
BFGS:   47 13:53:11    -2826.256121        1.395036
BFGS:   48 13:53:12    -2826.296325        1.330242
BFGS:   49 13:53:12    -2826.337103        1.444674
BFGS:   50 13:53:13    -2826.377857        1.560451
BFGS:   51 13:53:14    -2826.414677        1.602669
BFGS:   52 13:53:14    -2826.446820        1.578695
BFGS:   53 13:53:15    -2826.473475        1.533056
BFGS:   54 13:53:15    -2826.495423        1.578931
BFGS:   55 13:53:16    -2826.516749        1.621657
BFGS:   56 13:53:16    -2826.539839        1.622325
BFGS:   57 13:53:17    -2826.564044        1.590276
BFGS:   58 13:53:18    -2826.585575        1.570874
BFGS:   59 13:53:18    -2826.601729        1.598414
BFGS:   60 13:53:19    -2826.614690        1.628495
BFGS:   61 13:53:19    -2826.628001        1.659965
BFGS:   62 13:53:20    -2826.642964        1.674691
BFGS:   63 13:53:20    -2826.658529        1.632763
BFGS:   64 13:53:21    -2826.672358        1.530712
BFGS:   65 13:53:21    -2826.683410        1.446684
BFGS:   66 13:53:22    -2826.693165        1.391472
BFGS:   67 13:53:23    -2826.703879        1.414927
BFGS:   68 13:53:23    -2826.717025        1.411200
BFGS:   69 13:53:24    -2826.732457        1.306856
BFGS:   70 13:53:24    -2826.748554        1.123626
BFGS:   71 13:53:25    -2826.763990        0.989514
BFGS:   72 13:53:25    -2826.778243        0.885254
BFGS:   73 13:53:26    -2826.790797        0.793685
BFGS:   74 13:53:27    -2826.801281        0.753514
BFGS:   75 13:53:27    -2826.809729        0.727852
BFGS:   76 13:53:28    -2826.816707        0.708840
BFGS:   77 13:53:28    -2826.822833        0.689019
BFGS:   78 13:53:29    -2826.827902        0.693052
BFGS:   79 13:53:29    -2826.831559        0.681025
BFGS:   80 13:53:30    -2826.834564        0.674762
BFGS:   81 13:53:30    -2826.837895        0.678881
BFGS:   82 13:53:31    -2826.842092        0.689569
BFGS:   83 13:53:31    -2826.847055        0.697859
BFGS:   84 13:53:32    -2826.851953        0.686944
BFGS:   85 13:53:32    -2826.856572        0.676100
BFGS:   86 13:53:32    -2826.861281        0.666497
BFGS:   87 13:53:33    -2826.866208        0.699295
BFGS:   88 13:53:33    -2826.870972        0.716052
BFGS:   89 13:53:34    -2826.875366        0.712329
BFGS:   90 13:53:34    -2826.879860        0.694059
BFGS:   91 13:53:35    -2826.884945        0.686408
BFGS:   92 13:53:35    -2826.890762        0.750702
BFGS:   93 13:53:36    -2826.896773        0.804281
BFGS:   94 13:53:36    -2826.902777        0.823095
BFGS:   95 13:53:37    -2826.909001        0.796815
BFGS:   96 13:53:37    -2826.915094        0.740518
BFGS:   97 13:53:38    -2826.920618        0.760255
BFGS:   98 13:53:38    -2826.925808        0.780079
BFGS:   99 13:53:39    -2826.931336        0.799998
BFGS:  100 13:53:39    -2826.938103        0.810025
BFGS:  101 13:53:40    -2826.945433        0.822301
BFGS:  102 13:53:40    -2826.951565        0.811806
BFGS:  103 13:53:41    -2826.955946        0.807122
BFGS:  104 13:53:41    -2826.959791        0.785826
BFGS:  105 13:53:42    -2826.963908        0.774572
BFGS:  106 13:53:42    -2826.968599        0.751573
BFGS:  107 13:53:43    -2826.972735        0.756665
BFGS:  108 13:53:43    -2826.975941        0.770583
BFGS:  109 13:53:44    -2826.978959        0.783195
BFGS:  110 13:53:44    -2826.982627        0.788440
BFGS:  111 13:53:45    -2826.986555        0.789225
BFGS:  112 13:53:45    -2826.990404        0.795648
BFGS:  113 13:53:46    -2826.993876        0.814813
BFGS:  114 13:53:46    -2826.997141        0.804226
BFGS:  115 13:53:47    -2827.000117        0.813426
BFGS:  116 13:53:47    -2827.002439        0.831133
BFGS:  117 13:53:47    -2827.004135        0.841398
BFGS:  118 13:53:48    -2827.005620        0.837750
BFGS:  119 13:53:48    -2827.007360        0.823064
BFGS:  120 13:53:49    -2827.009685        0.820233
BFGS:  121 13:53:49    -2827.012437        0.876748
BFGS:  122 13:53:50    -2827.015253        0.922283
BFGS:  123 13:53:50    -2827.018094        0.946132
BFGS:  124 13:53:51    -2827.021211        0.948816
BFGS:  125 13:53:51    -2827.024498        0.954092
BFGS:  126 13:53:52    -2827.027406        0.969222
BFGS:  127 13:53:52    -2827.029636        0.990447
BFGS:  128 13:53:53    -2827.031570        0.985731
BFGS:  129 13:53:53    -2827.034189        0.964097
BFGS:  130 13:53:54    -2827.037728        0.939828
BFGS:  131 13:53:54    -2827.041503        0.946825
BFGS:  132 13:53:55    -2827.044261        0.985456
BFGS:  133 13:53:55    -2827.045992        1.008656
BFGS:  134 13:53:55    -2827.047456        1.021462
BFGS:  135 13:53:56    -2827.049176        1.034570
BFGS:  136 13:53:56    -2827.051106        1.066771
BFGS:  137 13:53:57    -2827.052983        1.084237
BFGS:  138 13:53:57    -2827.054674        1.093797
BFGS:  139 13:53:57    -2827.056229        1.094500
BFGS:  140 13:53:58    -2827.057669        1.094610
BFGS:  141 13:53:58    -2827.058905        1.108687
BFGS:  142 13:53:59    -2827.059953        1.108824
BFGS:  143 13:53:59    -2827.060930        1.093201
BFGS:  144 13:54:00    -2827.061849        1.096444
BFGS:  145 13:54:00    -2827.062766        1.100715
BFGS:  146 13:54:00    -2827.063628        1.094497
BFGS:  147 13:54:01    -2827.064501        1.098185
BFGS:  148 13:54:01    -2827.065480        1.107549
BFGS:  149 13:54:02    -2827.066297        1.116387
BFGS:  150 13:54:02    -2827.067038        1.125386
BFGS:  151 13:54:02    -2827.067842        1.133067
BFGS:  152 13:54:03    -2827.069005        1.127110
BFGS:  153 13:54:03    -2827.070911        1.110657
BFGS:  154 13:54:04    -2827.073548        1.080882
BFGS:  155 13:54:04    -2827.076708        1.049844
BFGS:  156 13:54:05    -2827.079928        1.025648
BFGS:  157 13:54:05    -2827.082908        1.016498
BFGS:  158 13:54:06    -2827.085985        1.013866
BFGS:  159 13:54:06    -2827.089597        1.007646
BFGS:  160 13:54:07    -2827.093845        0.994590
BFGS:  161 13:54:07    -2827.097981        0.964331
BFGS:  162 13:54:08    -2827.101221        0.914129
BFGS:  163 13:54:08    -2827.103460        0.900893
BFGS:  164 13:54:09    -2827.105205        0.894435
BFGS:  165 13:54:09    -2827.106976        0.895092
BFGS:  166 13:54:10    -2827.109040        0.891485
BFGS:  167 13:54:10    -2827.111045        0.870795
BFGS:  168 13:54:11    -2827.113230        0.836509
BFGS:  169 13:54:11    -2827.114813        0.825362
BFGS:  170 13:54:11    -2827.115961        0.829731
BFGS:  171 13:54:12    -2827.116874        0.825412
BFGS:  172 13:54:12    -2827.117676        0.820025
BFGS:  173 13:54:13    -2827.118261        0.817941
BFGS:  174 13:54:13    -2827.118691        0.832724
BFGS:  175 13:54:14    -2827.119083        0.833905
BFGS:  176 13:54:14    -2827.119493        0.825492
BFGS:  177 13:54:15    -2827.119903        0.807158
BFGS:  178 13:54:15    -2827.120256        0.794141
BFGS:  179 13:54:15    -2827.120529        0.791123
BFGS:  180 13:54:16    -2827.120679        0.798105
BFGS:  181 13:54:16    -2827.120822        0.803587
BFGS:  182 13:54:17    -2827.121108        0.821336
BFGS:  183 13:54:17    -2827.121438        0.836453
BFGS:  184 13:54:17    -2827.121775        0.842768
BFGS:  185 13:54:18    -2827.122050        0.836553
BFGS:  186 13:54:18    -2827.122212        0.827405
BFGS:  187 13:54:19    -2827.122368        0.822293
BFGS:  188 13:54:19    -2827.122494        0.821346
BFGS:  189 13:54:20    -2827.122625        0.826797
BFGS:  190 13:54:20    -2827.122797        0.833260
BFGS:  191 13:54:20    -2827.123087        0.842419
BFGS:  192 13:54:21    -2827.123578        0.846916
BFGS:  193 13:54:21    -2827.124275        0.843909
BFGS:  194 13:54:21    -2827.125017        0.827232
BFGS:  195 13:54:22    -2827.125768        0.811748
BFGS:  196 13:54:22    -2827.126444        0.807952
BFGS:  197 13:54:23    -2827.127425        0.805717
BFGS:  198 13:54:23    -2827.128723        0.790045
BFGS:  199 13:54:24    -2827.130217        0.766869
BFGS:  200 13:54:24    -2827.131424        0.758004
