      Step     Time          Energy          fmax
BFGS:    0 14:02:05    -2598.459987        8.147741
BFGS:    1 14:02:06    -2604.383880        5.892654
BFGS:    2 14:02:06    -2608.461693        7.314532
BFGS:    3 14:02:07    -2614.119895       10.283698
BFGS:    4 14:02:08    -2618.077179       13.876110
BFGS:    5 14:02:09    -2620.997793        7.871639
BFGS:    6 14:02:09    -2624.243030        5.561730
BFGS:    7 14:02:10    -2625.865216        1.881825
BFGS:    8 14:02:10    -2626.461098        1.415369
BFGS:    9 14:02:11    -2626.994565        2.051628
BFGS:   10 14:02:12    -2627.536943        2.528593
BFGS:   11 14:02:12    -2628.185330        2.918315
BFGS:   12 14:02:13    -2629.019468        3.214573
BFGS:   13 14:02:14    -2629.354870        4.748381
BFGS:   14 14:02:14    -2630.205444        3.247203
BFGS:   15 14:02:15    -2631.039144        1.648992
BFGS:   16 14:02:16    -2631.505568        2.109751
BFGS:   17 14:02:16    -2631.698499        1.269670
BFGS:   18 14:02:17    -2631.839275        1.035775
BFGS:   19 14:02:17    -2631.919370        0.862641
BFGS:   20 14:02:18    -2632.011557        0.720718
BFGS:   21 14:02:18    -2632.100318        0.866152
BFGS:   22 14:02:19    -2632.256018        0.803668
BFGS:   23 14:02:20    -2632.404671        1.051354
BFGS:   24 14:02:20    -2632.542307        0.927181
BFGS:   25 14:02:21    -2632.696063        0.657452
BFGS:   26 14:02:21    -2632.834535        0.681180
BFGS:   27 14:02:22    -2632.956730        0.690358
BFGS:   28 14:02:22    -2633.065388        0.548326
BFGS:   29 14:02:23    -2633.150705        0.603994
BFGS:   30 14:02:23    -2633.214989        0.505128
BFGS:   31 14:02:24    -2633.286332        0.572844
BFGS:   32 14:02:24    -2633.369316        0.558202
BFGS:   33 14:02:25    -2633.465469        0.657517
BFGS:   34 14:02:25    -2633.560375        0.755459
BFGS:   35 14:02:26    -2633.651430        0.660506
BFGS:   36 14:02:26    -2633.757636        0.759198
BFGS:   37 14:02:27    -2633.892507        0.718132
BFGS:   38 14:02:27    -2634.027466        0.647341
BFGS:   39 14:02:28    -2634.149365        0.756525
BFGS:   40 14:02:28    -2634.271717        0.644868
BFGS:   41 14:02:29    -2634.408009        0.700587
BFGS:   42 14:02:30    -2634.549375        0.631912
BFGS:   43 14:02:30    -2634.658989        0.696205
BFGS:   44 14:02:31    -2634.743575        0.515905
BFGS:   45 14:02:31    -2634.815245        0.582348
BFGS:   46 14:02:32    -2634.902210        0.589124
BFGS:   47 14:02:32    -2634.980714        0.488685
BFGS:   48 14:02:33    -2635.050701        0.454696
BFGS:   49 14:02:33    -2635.119255        0.494368
BFGS:   50 14:02:34    -2635.191373        0.543092
BFGS:   51 14:02:34    -2635.260318        0.519338
BFGS:   52 14:02:35    -2635.336799        0.505769
BFGS:   53 14:02:35    -2635.409420        0.566024
BFGS:   54 14:02:35    -2635.488526        0.625051
BFGS:   55 14:02:36    -2635.556495        0.659002
BFGS:   56 14:02:36    -2635.640992        0.724121
BFGS:   57 14:02:36    -2635.699607        0.696649
BFGS:   58 14:02:37    -2635.781981        0.721673
BFGS:   59 14:02:37    -2635.849747        0.679735
BFGS:   60 14:02:38    -2635.933173        0.636879
BFGS:   61 14:02:38    -2636.011572        0.659770
BFGS:   62 14:02:39    -2636.101909        0.729824
BFGS:   63 14:02:39    -2636.184439        0.795150
BFGS:   64 14:02:39    -2636.279756        0.865128
BFGS:   65 14:02:40    -2636.358120        0.916632
BFGS:   66 14:02:40    -2636.453897        0.964999
BFGS:   67 14:02:40    -2636.525844        0.993049
BFGS:   68 14:02:41    -2636.612339        1.006549
BFGS:   69 14:02:41    -2636.682384        1.005524
BFGS:   70 14:02:42    -2636.760343        0.983630
BFGS:   71 14:02:42    -2636.827551        0.951169
BFGS:   72 14:02:42    -2636.900526        0.898137
BFGS:   73 14:02:43    -2636.964052        0.838312
BFGS:   74 14:02:43    -2637.032906        0.759240
BFGS:   75 14:02:44    -2637.092509        0.678018
BFGS:   76 14:02:44    -2637.157026        0.578304
BFGS:   77 14:02:44    -2637.212093        0.534906
BFGS:   78 14:02:45    -2637.273255        0.500670
BFGS:   79 14:02:45    -2637.318858        0.482503
BFGS:   80 14:02:46    -2637.375881        0.396537
BFGS:   81 14:02:46    -2637.414282        0.356301
BFGS:   82 14:02:46    -2637.458110        0.324788
BFGS:   83 14:02:47    -2637.501190        0.338371
BFGS:   84 14:02:47    -2637.542418        0.465020
BFGS:   85 14:02:48    -2637.590107        0.458207
BFGS:   86 14:02:48    -2637.651562        0.430670
BFGS:   87 14:02:48    -2637.714998        0.620943
BFGS:   88 14:02:49    -2637.767850        0.649775
BFGS:   89 14:02:49    -2637.826745        0.795221
BFGS:   90 14:02:49    -2637.879326        0.713170
BFGS:   91 14:02:50    -2637.924345        0.706483
BFGS:   92 14:02:50    -2637.972250        0.549122
BFGS:   93 14:02:51    -2638.011057        0.573182
BFGS:   94 14:02:51    -2638.055396        0.433541
BFGS:   95 14:02:51    -2638.093356        0.416654
BFGS:   96 14:02:52    -2638.134641        0.322922
BFGS:   97 14:02:52    -2638.172384        0.316441
BFGS:   98 14:02:52    -2638.213291        0.319447
BFGS:   99 14:02:53    -2638.250422        0.328256
BFGS:  100 14:02:53    -2638.292439        0.331183
BFGS:  101 14:02:54    -2638.328254        0.334314
BFGS:  102 14:02:54    -2638.371165        0.327702
BFGS:  103 14:02:54    -2638.406219        0.323858
BFGS:  104 14:02:55    -2638.447827        0.310863
BFGS:  105 14:02:55    -2638.483716        0.312009
BFGS:  106 14:02:55    -2638.524596        0.315755
BFGS:  107 14:02:56    -2638.560327        0.315302
BFGS:  108 14:02:56    -2638.601191        0.308423
BFGS:  109 14:02:57    -2638.634934        0.295707
BFGS:  110 14:02:57    -2638.676612        0.270312
BFGS:  111 14:02:57    -2638.707253        0.294948
BFGS:  112 14:02:58    -2638.749183        0.328282
BFGS:  113 14:02:58    -2638.782342        0.334661
BFGS:  114 14:02:59    -2638.832611        0.308882
BFGS:  115 14:02:59    -2638.868109        0.281335
BFGS:  116 14:02:59    -2638.909464        0.260995
BFGS:  117 14:03:00    -2638.928270        0.409775
BFGS:  118 14:03:00    -2638.940949        0.195705
BFGS:  119 14:03:00    -2638.954328        0.158515
BFGS:  120 14:03:01    -2638.971263        0.206778
BFGS:  121 14:03:01    -2638.986280        0.223290
BFGS:  122 14:03:01    -2638.997555        0.207959
BFGS:  123 14:03:02    -2639.009708        0.151913
BFGS:  124 14:03:02    -2639.024327        0.245233
BFGS:  125 14:03:02    -2639.041629        0.273685
BFGS:  126 14:03:03    -2639.062575        0.294795
BFGS:  127 14:03:03    -2639.087121        0.247353
BFGS:  128 14:03:03    -2639.116363        0.296499
BFGS:  129 14:03:04    -2639.147201        0.328232
BFGS:  130 14:03:04    -2639.172327        0.343055
BFGS:  131 14:03:05    -2639.202100        0.314311
BFGS:  132 14:03:05    -2639.223016        0.292832
BFGS:  133 14:03:05    -2639.257511        0.291262
BFGS:  134 14:03:06    -2639.285397        0.280564
BFGS:  135 14:03:06    -2639.319954        0.264318
BFGS:  136 14:03:06    -2639.347342        0.301397
BFGS:  137 14:03:07    -2639.380333        0.304941
BFGS:  138 14:03:07    -2639.406532        0.314437
BFGS:  139 14:03:07    -2639.442169        0.330643
BFGS:  140 14:03:08    -2639.465856        0.310600
BFGS:  141 14:03:08    -2639.501432        0.299412
BFGS:  142 14:03:08    -2639.527124        0.301875
BFGS:  143 14:03:09    -2639.562664        0.305048
BFGS:  144 14:03:09    -2639.585752        0.298857
BFGS:  145 14:03:09    -2639.618044        0.265207
BFGS:  146 14:03:10    -2639.637405        0.236143
BFGS:  147 14:03:10    -2639.665006        0.311296
BFGS:  148 14:03:10    -2639.685078        0.302738
BFGS:  149 14:03:11    -2639.709816        0.324234
BFGS:  150 14:03:11    -2639.727432        0.303617
BFGS:  151 14:03:11    -2639.748681        0.357261
BFGS:  152 14:03:12    -2639.768607        0.313860
BFGS:  153 14:03:12    -2639.789453        0.297334
BFGS:  154 14:03:12    -2639.810756        0.399015
BFGS:  155 14:03:13    -2639.822203        0.251956
BFGS:  156 14:03:13    -2639.841615        0.301606
BFGS:  157 14:03:13    -2639.860203        0.325462
BFGS:  158 14:03:14    -2639.875560        0.312940
BFGS:  159 14:03:14    -2639.887538        0.292564
BFGS:  160 14:03:14    -2639.900946        0.271826
BFGS:  161 14:03:15    -2639.912784        0.218491
BFGS:  162 14:03:15    -2639.927431        0.231660
BFGS:  163 14:03:15    -2639.937079        0.233926
BFGS:  164 14:03:15    -2639.951716        0.223966
BFGS:  165 14:03:16    -2639.961457        0.195898
BFGS:  166 14:03:16    -2639.974213        0.190472
BFGS:  167 14:03:16    -2639.984953        0.178589
BFGS:  168 14:03:17    -2639.998281        0.175306
BFGS:  169 14:03:17    -2640.006408        0.213433
BFGS:  170 14:03:17    -2640.018780        0.270818
BFGS:  171 14:03:18    -2640.030917        0.302720
BFGS:  172 14:03:18    -2640.045178        0.280632
BFGS:  173 14:03:18    -2640.059013        0.232455
BFGS:  174 14:03:19    -2640.073201        0.187282
BFGS:  175 14:03:19    -2640.086907        0.192594
BFGS:  176 14:03:19    -2640.099874        0.205505
BFGS:  177 14:03:20    -2640.113241        0.229648
BFGS:  178 14:03:20    -2640.124604        0.243504
BFGS:  179 14:03:20    -2640.139103        0.264334
BFGS:  180 14:03:21    -2640.148432        0.246262
BFGS:  181 14:03:21    -2640.160888        0.254075
BFGS:  182 14:03:22    -2640.171637        0.226572
BFGS:  183 14:03:22    -2640.184380        0.227190
BFGS:  184 14:03:22    -2640.195875        0.226080
BFGS:  185 14:03:23    -2640.209265        0.270908
BFGS:  186 14:03:23    -2640.220640        0.267957
BFGS:  187 14:03:23    -2640.234893        0.277784
BFGS:  188 14:03:24    -2640.244653        0.290007
BFGS:  189 14:03:24    -2640.258956        0.232647
BFGS:  190 14:03:24    -2640.269765        0.243576
BFGS:  191 14:03:25    -2640.287822        0.242131
BFGS:  192 14:03:25    -2640.307621        0.312624
BFGS:  193 14:03:25    -2640.333987        0.335658
BFGS:  194 14:03:26    -2640.362067        0.409160
BFGS:  195 14:03:26    -2640.397453        0.430082
BFGS:  196 14:03:26    -2640.420939        0.362925
BFGS:  197 14:03:27    -2640.446563        0.376068
BFGS:  198 14:03:27    -2640.467861        0.429913
BFGS:  199 14:03:27    -2640.492529        0.437371
BFGS:  200 14:03:28    -2640.511432        0.492785
