      Step     Time          Energy          fmax
BFGS:    0 20:30:02    -1311.993920     2259.408262
BFGS:    1 20:30:03    -2426.905451      315.061308
BFGS:    2 20:30:04    -2347.621011     1637.317710
BFGS:    3 20:30:05    -2426.609303     1070.653588
BFGS:    4 20:30:06    -2524.012400      816.187652
BFGS:    5 20:30:07    -2599.599467      616.314671
BFGS:    6 20:30:09    -2672.875480      199.160202
BFGS:    7 20:30:10    -2695.809851       31.021803
BFGS:    8 20:30:11    -2706.596622       11.591944
BFGS:    9 20:30:13    -2711.095537        8.016732
BFGS:   10 20:30:14    -2715.307968        6.925548
BFGS:   11 20:30:15    -2720.525845        8.185593
BFGS:   12 20:30:17    -2723.635325        7.606838
BFGS:   13 20:30:18    -2725.972973        6.346182
BFGS:   14 20:30:19    -2728.412239        5.735655
BFGS:   15 20:30:20    -2729.946365        5.400915
BFGS:   16 20:30:21    -2731.023733        4.856945
BFGS:   17 20:30:22    -2732.090617        4.677880
BFGS:   18 20:30:23    -2733.007561        4.450873
BFGS:   19 20:30:25    -2733.604492        4.777050
BFGS:   20 20:30:25    -2734.205505        4.201372
BFGS:   21 20:30:26    -2734.541768        4.048730
BFGS:   22 20:30:27    -2734.919472        3.950527
BFGS:   23 20:30:28    -2735.327728        3.917188
BFGS:   24 20:30:29    -2735.766820        3.555193
BFGS:   25 20:30:30    -2736.122586        2.640935
BFGS:   26 20:30:31    -2736.455037        2.059634
BFGS:   27 20:30:32    -2736.676996        1.761254
BFGS:   28 20:30:33    -2736.861184        1.845023
BFGS:   29 20:30:34    -2737.028013        2.129829
BFGS:   30 20:30:35    -2737.157393        2.331535
BFGS:   31 20:30:36    -2737.259623        2.442368
BFGS:   32 20:30:37    -2737.327244        2.403808
BFGS:   33 20:30:38    -2737.381290        2.293613
BFGS:   34 20:30:38    -2737.422325        2.312020
BFGS:   35 20:30:39    -2737.448926        2.358191
BFGS:   36 20:30:40    -2737.469828        2.406195
BFGS:   37 20:30:41    -2737.490222        2.439367
BFGS:   38 20:30:42    -2737.512081        2.457460
BFGS:   39 20:30:42    -2737.532526        2.452815
BFGS:   40 20:30:43    -2737.547560        2.484020
BFGS:   41 20:30:44    -2737.558109        2.519157
BFGS:   42 20:30:45    -2737.567815        2.519942
BFGS:   43 20:30:45    -2737.578372        2.483552
BFGS:   44 20:30:46    -2737.589576        2.438992
BFGS:   45 20:30:47    -2737.600584        2.399432
BFGS:   46 20:30:48    -2737.611220        2.456915
BFGS:   47 20:30:49    -2737.622095        2.559412
BFGS:   48 20:30:50    -2737.633103        2.684849
BFGS:   49 20:30:51    -2737.643434        2.775078
BFGS:   50 20:30:51    -2737.653635        2.835347
BFGS:   51 20:30:52    -2737.664841        2.839522
BFGS:   52 20:30:53    -2737.677426        2.807943
BFGS:   53 20:30:54    -2737.691607        2.737927
BFGS:   54 20:30:55    -2737.707720        2.673099
BFGS:   55 20:30:55    -2737.725986        2.647740
BFGS:   56 20:30:56    -2737.746689        2.669598
BFGS:   57 20:30:57    -2737.769954        2.706693
BFGS:   58 20:30:58    -2737.793896        2.763455
BFGS:   59 20:30:59    -2737.816406        2.799130
BFGS:   60 20:31:00    -2737.837918        2.818161
BFGS:   61 20:31:01    -2737.859366        2.795897
BFGS:   62 20:31:01    -2737.880321        2.787884
BFGS:   63 20:31:02    -2737.902215        2.817520
BFGS:   64 20:31:03    -2737.925633        2.872651
BFGS:   65 20:31:04    -2737.948739        2.902297
BFGS:   66 20:31:05    -2737.969167        2.941430
BFGS:   67 20:31:06    -2737.988849        2.925857
BFGS:   68 20:31:07    -2738.012000        2.921179
BFGS:   69 20:31:08    -2738.039873        2.810126
BFGS:   70 20:31:09    -2738.069395        2.831109
BFGS:   71 20:31:10    -2738.097455        2.839596
BFGS:   72 20:31:11    -2738.125319        2.937112
BFGS:   73 20:31:12    -2738.169637        3.118980
BFGS:   74 20:31:13    -2738.220761        3.242171
BFGS:   75 20:31:13    -2738.276814        3.254620
BFGS:   76 20:31:14    -2738.364090        3.489870
BFGS:   77 20:31:15    -2738.415987        3.527356
BFGS:   78 20:31:16    -2738.449527        3.720252
BFGS:   79 20:31:17    -2738.510026        3.678848
BFGS:   80 20:31:18    -2738.562199        3.402359
BFGS:   81 20:31:19    -2738.633873        3.258019
BFGS:   82 20:31:20    -2738.696044        3.050860
BFGS:   83 20:31:21    -2738.775636        2.736077
BFGS:   84 20:31:21    -2738.859724        2.459298
BFGS:   85 20:31:22    -2738.933730        2.255382
BFGS:   86 20:31:23    -2738.994779        2.069930
BFGS:   87 20:31:24    -2739.057373        1.797882
BFGS:   88 20:31:25    -2739.118184        1.565908
BFGS:   89 20:31:26    -2739.168576        1.605494
BFGS:   90 20:31:27    -2739.209890        1.501717
BFGS:   91 20:31:27    -2739.241138        1.562726
BFGS:   92 20:31:28    -2739.262332        1.570055
BFGS:   93 20:31:29    -2739.280665        1.611956
BFGS:   94 20:31:30    -2739.300436        1.645864
BFGS:   95 20:31:30    -2739.320547        1.703651
BFGS:   96 20:31:31    -2739.338653        1.782271
BFGS:   97 20:31:32    -2739.355087        1.782099
BFGS:   98 20:31:33    -2739.371805        1.805626
BFGS:   99 20:31:33    -2739.391011        1.788159
BFGS:  100 20:31:34    -2739.414404        1.765102
BFGS:  101 20:31:35    -2739.440913        1.694145
BFGS:  102 20:31:36    -2739.469634        1.653384
BFGS:  103 20:31:37    -2739.500979        1.616734
BFGS:  104 20:31:38    -2739.532922        1.534934
BFGS:  105 20:31:39    -2739.562442        1.342864
BFGS:  106 20:31:39    -2739.587638        1.119434
BFGS:  107 20:31:40    -2739.608721        0.895030
BFGS:  108 20:31:41    -2739.623518        0.794768
BFGS:  109 20:31:42    -2739.633263        0.771671
BFGS:  110 20:31:43    -2739.640066        0.753882
BFGS:  111 20:31:43    -2739.644601        0.775170
BFGS:  112 20:31:44    -2739.647480        0.755505
BFGS:  113 20:31:45    -2739.649612        0.748327
BFGS:  114 20:31:45    -2739.651904        0.705778
BFGS:  115 20:31:46    -2739.654285        0.664293
BFGS:  116 20:31:47    -2739.656731        0.614015
BFGS:  117 20:31:48    -2739.658904        0.617711
BFGS:  118 20:31:48    -2739.660994        0.637283
BFGS:  119 20:31:49    -2739.663410        0.665900
BFGS:  120 20:31:50    -2739.666394        0.694250
BFGS:  121 20:31:51    -2739.669752        0.702302
BFGS:  122 20:31:51    -2739.673397        0.694094
BFGS:  123 20:31:52    -2739.677334        0.657508
BFGS:  124 20:31:53    -2739.681156        0.627694
BFGS:  125 20:31:54    -2739.684301        0.602505
BFGS:  126 20:31:54    -2739.686882        0.613088
BFGS:  127 20:31:55    -2739.689484        0.634539
BFGS:  128 20:31:56    -2739.692537        0.677013
BFGS:  129 20:31:56    -2739.695762        0.711307
BFGS:  130 20:31:57    -2739.698511        0.723954
BFGS:  131 20:31:58    -2739.700607        0.704056
BFGS:  132 20:31:58    -2739.702509        0.662206
BFGS:  133 20:31:59    -2739.704741        0.600498
BFGS:  134 20:32:00    -2739.707768        0.542913
BFGS:  135 20:32:00    -2739.711618        0.477288
BFGS:  136 20:32:01    -2739.715913        0.425357
BFGS:  137 20:32:02    -2739.720189        0.390259
BFGS:  138 20:32:03    -2739.724596        0.360364
BFGS:  139 20:32:03    -2739.729794        0.319453
BFGS:  140 20:32:04    -2739.735993        0.277728
BFGS:  141 20:32:05    -2739.741891        0.237040
BFGS:  142 20:32:06    -2739.746063        0.205064
BFGS:  143 20:32:06    -2739.748485        0.183696
BFGS:  144 20:32:07    -2739.750416        0.195852
BFGS:  145 20:32:08    -2739.752540        0.207968
BFGS:  146 20:32:09    -2739.754758        0.194468
BFGS:  147 20:32:09    -2739.756751        0.172584
BFGS:  148 20:32:10    -2739.758528        0.145583
BFGS:  149 20:32:11    -2739.760236        0.139107
BFGS:  150 20:32:11    -2739.762019        0.159639
BFGS:  151 20:32:12    -2739.763913        0.176405
BFGS:  152 20:32:13    -2739.766034        0.196497
BFGS:  153 20:32:14    -2739.768520        0.200064
BFGS:  154 20:32:14    -2739.771512        0.226505
BFGS:  155 20:32:15    -2739.774959        0.245216
BFGS:  156 20:32:16    -2739.778703        0.229566
BFGS:  157 20:32:17    -2739.782470        0.218191
BFGS:  158 20:32:17    -2739.786068        0.256967
BFGS:  159 20:32:18    -2739.789289        0.312802
BFGS:  160 20:32:19    -2739.792259        0.355478
BFGS:  161 20:32:20    -2739.795071        0.398077
BFGS:  162 20:32:20    -2739.798436        0.379976
BFGS:  163 20:32:21    -2739.802510        0.416759
BFGS:  164 20:32:22    -2739.805503        0.389781
BFGS:  165 20:32:23    -2739.808755        0.418768
BFGS:  166 20:32:23    -2739.811507        0.419452
BFGS:  167 20:32:24    -2739.814175        0.479657
BFGS:  168 20:32:25    -2739.817113        0.531324
BFGS:  169 20:32:26    -2739.820783        0.586781
BFGS:  170 20:32:26    -2739.825114        0.608239
BFGS:  171 20:32:27    -2739.826891        0.692052
BFGS:  172 20:32:28    -2739.833054        0.675181
BFGS:  173 20:32:29    -2739.836884        0.677425
BFGS:  174 20:32:29    -2739.843149        0.719375
BFGS:  175 20:32:30    -2739.847315        0.753059
BFGS:  176 20:32:31    -2739.854235        0.842984
BFGS:  177 20:32:32    -2739.863787        0.973025
BFGS:  178 20:32:32    -2739.871169        1.042772
BFGS:  179 20:32:33    -2739.880906        1.131735
BFGS:  180 20:32:34    -2739.894090        1.126991
BFGS:  181 20:32:35    -2739.910421        1.166738
BFGS:  182 20:32:35    -2739.928492        1.091427
BFGS:  183 20:32:36    -2739.949852        1.190999
BFGS:  184 20:32:37    -2739.983128        1.107413
BFGS:  185 20:32:38    -2739.998424        1.075261
BFGS:  186 20:32:38    -2740.016114        0.943108
BFGS:  187 20:32:39    -2740.036290        1.038138
BFGS:  188 20:32:40    -2740.053361        0.787203
BFGS:  189 20:32:40    -2740.072240        0.635468
BFGS:  190 20:32:41    -2740.085268        0.546730
BFGS:  191 20:32:42    -2740.091376        0.557928
BFGS:  192 20:32:42    -2740.096484        0.599528
BFGS:  193 20:32:43    -2740.100677        0.617734
BFGS:  194 20:32:44    -2740.103214        0.623055
BFGS:  195 20:32:44    -2740.105079        0.616485
BFGS:  196 20:32:45    -2740.106902        0.609670
BFGS:  197 20:32:45    -2740.109050        0.605918
BFGS:  198 20:32:46    -2740.111100        0.617599
BFGS:  199 20:32:46    -2740.112964        0.633691
BFGS:  200 20:32:47    -2740.114879        0.652869
