      Step     Time          Energy          fmax
BFGS:    0 20:28:51    -2780.818797        6.843406
BFGS:    1 20:28:52    -2785.476714        2.663930
BFGS:    2 20:28:53    -2786.727762        2.876256
BFGS:    3 20:28:54    -2788.024069        2.844325
BFGS:    4 20:28:55    -2789.323583        2.734666
BFGS:    5 20:28:56    -2790.266830        2.938736
BFGS:    6 20:28:56    -2791.776998        4.010322
BFGS:    7 20:28:57    -2789.058419       36.697483
BFGS:    8 20:28:58    -2793.061365        6.116196
BFGS:    9 20:28:59    -2793.412798        5.244106
BFGS:   10 20:28:59    -2794.369013        4.869297
BFGS:   11 20:29:00    -2795.308062        5.294438
BFGS:   12 20:29:00    -2795.704928        1.527046
BFGS:   13 20:29:01    -2795.902581        0.973187
BFGS:   14 20:29:01    -2796.025648        2.754411
BFGS:   15 20:29:02    -2796.157281        2.072054
BFGS:   16 20:29:02    -2796.274259        1.120166
BFGS:   17 20:29:02    -2796.470918        1.231682
BFGS:   18 20:29:03    -2796.536532        1.436809
BFGS:   19 20:29:03    -2796.575328        1.811886
BFGS:   20 20:29:04    -2796.625625        0.848055
BFGS:   21 20:29:04    -2796.651465        0.574479
BFGS:   22 20:29:04    -2796.676398        0.522330
BFGS:   23 20:29:05    -2796.701051        1.193790
BFGS:   24 20:29:05    -2796.734248        0.685203
BFGS:   25 20:29:06    -2796.773853        0.961114
BFGS:   26 20:29:06    -2796.802497        0.678284
BFGS:   27 20:29:06    -2796.827763        0.306557
BFGS:   28 20:29:07    -2796.862965        0.557529
BFGS:   29 20:29:07    -2796.907497        0.845448
BFGS:   30 20:29:07    -2796.949780        0.593805
BFGS:   31 20:29:08    -2796.975451        0.441370
BFGS:   32 20:29:08    -2796.996030        0.380402
BFGS:   33 20:29:08    -2797.018855        0.538255
BFGS:   34 20:29:09    -2797.055602        0.499931
BFGS:   35 20:29:09    -2797.079422        0.427872
BFGS:   36 20:29:09    -2797.099901        0.295011
BFGS:   37 20:29:10    -2797.114171        0.336970
BFGS:   38 20:29:10    -2797.125374        0.279451
BFGS:   39 20:29:10    -2797.134680        0.264358
BFGS:   40 20:29:11    -2797.142657        0.246358
BFGS:   41 20:29:11    -2797.149087        0.316814
BFGS:   42 20:29:11    -2797.154503        0.243361
BFGS:   43 20:29:12    -2797.158665        0.133470
BFGS:   44 20:29:12    -2797.161461        0.147941
BFGS:   45 20:29:12    -2797.163764        0.153968
BFGS:   46 20:29:12    -2797.165160        0.074277
BFGS:   47 20:29:13    -2797.165932        0.049344
BFGS:   48 20:29:13    -2797.166712        0.084543
BFGS:   49 20:29:13    -2797.167519        0.086640
BFGS:   50 20:29:13    -2797.167992        0.045113
BFGS:   51 20:29:14    -2797.168391        0.035608
BFGS:   52 20:29:14    -2797.169000        0.083224
BFGS:   53 20:29:14    -2797.170219        0.149566
BFGS:   54 20:29:15    -2797.172449        0.201209
BFGS:   55 20:29:15    -2797.175866        0.187470
BFGS:   56 20:29:15    -2797.179700        0.103366
BFGS:   57 20:29:15    -2797.183446        0.111973
BFGS:   58 20:29:16    -2797.187640        0.184083
BFGS:   59 20:29:16    -2797.192416        0.209474
BFGS:   60 20:29:16    -2797.198307        0.154337
BFGS:   61 20:29:17    -2797.203415        0.130805
BFGS:   62 20:29:17    -2797.206259        0.104949
BFGS:   63 20:29:17    -2797.207723        0.104208
BFGS:   64 20:29:18    -2797.208821        0.053337
BFGS:   65 20:29:18    -2797.210001        0.069130
BFGS:   66 20:29:18    -2797.211601        0.127561
BFGS:   67 20:29:18    -2797.213815        0.167188
BFGS:   68 20:29:19    -2797.216610        0.139660
BFGS:   69 20:29:19    -2797.219963        0.104400
BFGS:   70 20:29:19    -2797.224692        0.162259
BFGS:   71 20:29:20    -2797.233849        0.394857
BFGS:   72 20:29:20    -2797.256119        0.748130
BFGS:   73 20:29:20    -2797.293624        1.081129
BFGS:   74 20:29:21    -2797.335413        1.288545
BFGS:   75 20:29:21    -2797.381522        1.433517
BFGS:   76 20:29:21    -2797.431181        1.540950
BFGS:   77 20:29:22    -2797.483808        1.623658
BFGS:   78 20:29:22    -2797.539135        1.687402
BFGS:   79 20:29:22    -2797.596809        1.735478
BFGS:   80 20:29:23    -2797.656505        1.769854
BFGS:   81 20:29:23    -2797.717993        1.792181
BFGS:   82 20:29:23    -2797.781313        1.803988
BFGS:   83 20:29:24    -2797.846247        1.806233
BFGS:   84 20:29:24    -2797.912729        1.800041
BFGS:   85 20:29:24    -2797.980507        1.786873
BFGS:   86 20:29:24    -2798.049461        1.767550
BFGS:   87 20:29:25    -2798.119473        1.743274
BFGS:   88 20:29:25    -2798.190494        1.714922
BFGS:   89 20:29:25    -2798.262395        1.683178
BFGS:   90 20:29:26    -2798.334949        1.648661
BFGS:   91 20:29:26    -2798.408240        1.612094
BFGS:   92 20:29:26    -2798.482006        1.574155
BFGS:   93 20:29:26    -2798.556203        1.535097
BFGS:   94 20:29:27    -2798.630638        1.495418
BFGS:   95 20:29:27    -2798.705212        1.455457
BFGS:   96 20:29:27    -2798.779949        1.415554
BFGS:   97 20:29:28    -2798.854724        1.375672
BFGS:   98 20:29:28    -2798.929406        1.336200
BFGS:   99 20:29:28    -2799.004009        1.297102
BFGS:  100 20:29:28    -2799.078408        1.258677
BFGS:  101 20:29:29    -2799.152453        1.220653
BFGS:  102 20:29:29    -2799.226056        1.183730
BFGS:  103 20:29:29    -2799.299461        1.147192
BFGS:  104 20:29:29    -2799.372335        1.112085
BFGS:  105 20:29:30    -2799.444617        1.076950
BFGS:  106 20:29:30    -2799.516375        1.044048
BFGS:  107 20:29:30    -2799.587485        1.010304
BFGS:  108 20:29:31    -2799.657736        0.979992
BFGS:  109 20:29:31    -2799.727238        0.947212
BFGS:  110 20:29:31    -2799.795827        0.920276
BFGS:  111 20:29:31    -2799.863612        0.887878
BFGS:  112 20:29:32    -2799.930408        0.864404
BFGS:  113 20:29:32    -2799.996210        0.833217
BFGS:  114 20:29:32    -2800.060964        0.811139
BFGS:  115 20:29:32    -2800.124684        0.783276
BFGS:  116 20:29:33    -2800.187308        0.761497
BFGS:  117 20:29:33    -2800.248933        0.737041
BFGS:  118 20:29:33    -2800.309408        0.716071
BFGS:  119 20:29:33    -2800.368783        0.693848
BFGS:  120 20:29:34    -2800.427108        0.674398
BFGS:  121 20:29:34    -2800.484303        0.654616
      Step     Time          Energy          fmax
BFGS:    0 20:33:09    -2780.818797        6.843406
BFGS:    1 20:33:11    -2785.476714        2.663930
BFGS:    2 20:33:12    -2786.727762        2.876256
BFGS:    3 20:33:13    -2788.024069        2.844325
BFGS:    4 20:33:13    -2789.323583        2.734666
BFGS:    5 20:33:14    -2790.266830        2.938736
BFGS:    6 20:33:15    -2791.776998        4.010322
BFGS:    7 20:33:16    -2789.058419       36.697483
BFGS:    8 20:33:17    -2793.061365        6.116196
BFGS:    9 20:33:18    -2793.412798        5.244106
BFGS:   10 20:33:19    -2794.369013        4.869297
BFGS:   11 20:33:20    -2795.308062        5.294438
BFGS:   12 20:33:20    -2795.704928        1.527046
BFGS:   13 20:33:21    -2795.902581        0.973187
BFGS:   14 20:33:21    -2796.025648        2.754411
BFGS:   15 20:33:22    -2796.157281        2.072054
BFGS:   16 20:33:22    -2796.274259        1.120166
BFGS:   17 20:33:23    -2796.470918        1.231682
BFGS:   18 20:33:24    -2796.536532        1.436809
BFGS:   19 20:33:24    -2796.575328        1.811886
BFGS:   20 20:33:25    -2796.625625        0.848055
BFGS:   21 20:33:25    -2796.651465        0.574479
BFGS:   22 20:33:25    -2796.676398        0.522330
BFGS:   23 20:33:26    -2796.701051        1.193790
BFGS:   24 20:33:26    -2796.734248        0.685203
BFGS:   25 20:33:27    -2796.773853        0.961114
BFGS:   26 20:33:28    -2796.802497        0.678284
BFGS:   27 20:33:28    -2796.827763        0.306557
BFGS:   28 20:33:28    -2796.862965        0.557529
BFGS:   29 20:33:29    -2796.907497        0.845448
BFGS:   30 20:33:29    -2796.949780        0.593805
BFGS:   31 20:33:30    -2796.975451        0.441370
BFGS:   32 20:33:30    -2796.996030        0.380402
BFGS:   33 20:33:31    -2797.018855        0.538255
BFGS:   34 20:33:31    -2797.055602        0.499931
BFGS:   35 20:33:31    -2797.079422        0.427872
BFGS:   36 20:33:32    -2797.099901        0.295011
BFGS:   37 20:33:32    -2797.114171        0.336970
BFGS:   38 20:33:33    -2797.125374        0.279451
BFGS:   39 20:33:33    -2797.134680        0.264358
BFGS:   40 20:33:33    -2797.142657        0.246358
BFGS:   41 20:33:34    -2797.149087        0.316814
BFGS:   42 20:33:34    -2797.154503        0.243361
BFGS:   43 20:33:35    -2797.158665        0.133470
BFGS:   44 20:33:35    -2797.161461        0.147941
BFGS:   45 20:33:35    -2797.163764        0.153968
BFGS:   46 20:33:36    -2797.165160        0.074277
BFGS:   47 20:33:36    -2797.165932        0.049344
BFGS:   48 20:33:36    -2797.166712        0.084543
BFGS:   49 20:33:37    -2797.167519        0.086640
BFGS:   50 20:33:37    -2797.167992        0.045113
BFGS:   51 20:33:37    -2797.168391        0.035608
BFGS:   52 20:33:38    -2797.169000        0.083224
BFGS:   53 20:33:38    -2797.170219        0.149566
BFGS:   54 20:33:38    -2797.172449        0.201209
BFGS:   55 20:33:39    -2797.175866        0.187470
BFGS:   56 20:33:39    -2797.179700        0.103366
BFGS:   57 20:33:40    -2797.183446        0.111973
BFGS:   58 20:33:40    -2797.187640        0.184083
BFGS:   59 20:33:40    -2797.192416        0.209474
BFGS:   60 20:33:41    -2797.198307        0.154337
BFGS:   61 20:33:41    -2797.203415        0.130805
BFGS:   62 20:33:42    -2797.206259        0.104949
BFGS:   63 20:33:42    -2797.207723        0.104208
BFGS:   64 20:33:43    -2797.208821        0.053337
BFGS:   65 20:33:43    -2797.210001        0.069130
BFGS:   66 20:33:43    -2797.211601        0.127561
BFGS:   67 20:33:44    -2797.213815        0.167188
BFGS:   68 20:33:44    -2797.216610        0.139660
BFGS:   69 20:33:44    -2797.219963        0.104400
BFGS:   70 20:33:45    -2797.224692        0.162259
BFGS:   71 20:33:45    -2797.233849        0.394857
BFGS:   72 20:33:46    -2797.256119        0.748130
BFGS:   73 20:33:46    -2797.293624        1.081129
BFGS:   74 20:33:47    -2797.335413        1.288545
BFGS:   75 20:33:47    -2797.381522        1.433517
BFGS:   76 20:33:48    -2797.431181        1.540950
BFGS:   77 20:33:48    -2797.483808        1.623658
BFGS:   78 20:33:48    -2797.539135        1.687402
BFGS:   79 20:33:49    -2797.596809        1.735478
BFGS:   80 20:33:49    -2797.656505        1.769854
BFGS:   81 20:33:50    -2797.717993        1.792181
BFGS:   82 20:33:50    -2797.781313        1.803988
BFGS:   83 20:33:51    -2797.846247        1.806233
BFGS:   84 20:33:51    -2797.912729        1.800041
BFGS:   85 20:33:51    -2797.980507        1.786873
BFGS:   86 20:33:52    -2798.049461        1.767550
BFGS:   87 20:33:52    -2798.119473        1.743274
BFGS:   88 20:33:53    -2798.190494        1.714922
BFGS:   89 20:33:53    -2798.262395        1.683178
BFGS:   90 20:33:53    -2798.334949        1.648661
BFGS:   91 20:33:54    -2798.408240        1.612094
BFGS:   92 20:33:54    -2798.482006        1.574155
BFGS:   93 20:33:55    -2798.556203        1.535097
BFGS:   94 20:33:55    -2798.630638        1.495418
BFGS:   95 20:33:55    -2798.705212        1.455457
BFGS:   96 20:33:56    -2798.779949        1.415554
BFGS:   97 20:33:56    -2798.854724        1.375672
BFGS:   98 20:33:56    -2798.929406        1.336200
BFGS:   99 20:33:57    -2799.004009        1.297102
BFGS:  100 20:33:57    -2799.078408        1.258677
BFGS:  101 20:33:57    -2799.152453        1.220653
BFGS:  102 20:33:58    -2799.226056        1.183730
BFGS:  103 20:33:58    -2799.299461        1.147192
BFGS:  104 20:33:59    -2799.372335        1.112085
BFGS:  105 20:33:59    -2799.444617        1.076950
BFGS:  106 20:33:59    -2799.516375        1.044048
BFGS:  107 20:34:00    -2799.587485        1.010304
BFGS:  108 20:34:00    -2799.657736        0.979992
BFGS:  109 20:34:00    -2799.727238        0.947212
BFGS:  110 20:34:01    -2799.795827        0.920276
BFGS:  111 20:34:01    -2799.863612        0.887878
BFGS:  112 20:34:02    -2799.930408        0.864404
BFGS:  113 20:34:02    -2799.996210        0.833217
BFGS:  114 20:34:02    -2800.060964        0.811139
BFGS:  115 20:34:03    -2800.124684        0.783276
BFGS:  116 20:34:03    -2800.187308        0.761497
BFGS:  117 20:34:03    -2800.248933        0.737041
BFGS:  118 20:34:04    -2800.309408        0.716071
BFGS:  119 20:34:04    -2800.368783        0.693848
BFGS:  120 20:34:04    -2800.427108        0.674398
BFGS:  121 20:34:05    -2800.484303        0.654616
BFGS:  122 20:34:05    -2800.540373        0.636199
BFGS:  123 20:34:05    -2800.595355        0.618148
BFGS:  124 20:34:06    -2800.649259        0.601223
BFGS:  125 20:34:06    -2800.702084        0.584706
BFGS:  126 20:34:06    -2800.753840        0.569139
BFGS:  127 20:34:07    -2800.804560        0.556673
BFGS:  128 20:34:07    -2800.854243        0.544576
BFGS:  129 20:34:07    -2800.902888        0.532790
BFGS:  130 20:34:07    -2800.950528        0.521222
BFGS:  131 20:34:08    -2800.997181        0.511866
BFGS:  132 20:34:08    -2801.042864        0.502774
BFGS:  133 20:34:08    -2801.087595        0.493744
BFGS:  134 20:34:09    -2801.131395        0.484714
BFGS:  135 20:34:09    -2801.174282        0.475702
BFGS:  136 20:34:09    -2801.216273        0.466781
BFGS:  137 20:34:10    -2801.257389        0.457866
BFGS:  138 20:34:10    -2801.297648        0.449056
BFGS:  139 20:34:10    -2801.337071        0.440272
BFGS:  140 20:34:10    -2801.375676        0.431605
BFGS:  141 20:34:11    -2801.413482        0.422980
BFGS:  142 20:34:11    -2801.450507        0.414478
BFGS:  143 20:34:11    -2801.486771        0.406031
BFGS:  144 20:34:12    -2801.522291        0.397718
BFGS:  145 20:34:12    -2801.557085        0.389468
BFGS:  146 20:34:12    -2801.591172        0.381356
BFGS:  147 20:34:13    -2801.624569        0.373315
BFGS:  148 20:34:13    -2801.657292        0.365419
BFGS:  149 20:34:13    -2801.689360        0.357615
BFGS:  150 20:34:13    -2801.720789        0.349917
BFGS:  151 20:34:14    -2801.751593        0.342360
BFGS:  152 20:34:14    -2801.781791        0.334900
BFGS:  153 20:34:14    -2801.811398        0.327554
BFGS:  154 20:34:15    -2801.840428        0.320350
BFGS:  155 20:34:15    -2801.868896        0.313266
BFGS:  156 20:34:15    -2801.896814        0.306262
BFGS:  157 20:34:16    -2801.924205        0.299416
BFGS:  158 20:34:16    -2801.951092        0.292673
BFGS:  159 20:34:16    -2801.977458        0.286072
BFGS:  160 20:34:16    -2802.003330        0.280794
BFGS:  161 20:34:17    -2802.028722        0.276958
BFGS:  162 20:34:17    -2802.053648        0.272335
BFGS:  163 20:34:17    -2802.078119        0.268445
BFGS:  164 20:34:17    -2802.102149        0.264331
BFGS:  165 20:34:18    -2802.125746        0.260385
BFGS:  166 20:34:18    -2802.148942        0.256843
BFGS:  167 20:34:18    -2802.171712        0.252817
BFGS:  168 20:34:18    -2802.194084        0.249662
BFGS:  169 20:34:19    -2802.216067        0.245919
BFGS:  170 20:34:19    -2802.237676        0.242594
BFGS:  171 20:34:19    -2802.258914        0.239014
BFGS:  172 20:34:20    -2802.279791        0.236271
BFGS:  173 20:34:20    -2802.300320        0.232555
BFGS:  174 20:34:20    -2802.320507        0.230193
BFGS:  175 20:34:20    -2802.340363        0.226419
BFGS:  176 20:34:21    -2802.359893        0.224239
BFGS:  177 20:34:21    -2802.379108        0.220723
BFGS:  178 20:34:21    -2802.398015        0.218509
BFGS:  179 20:34:21    -2802.416621        0.215288
BFGS:  180 20:34:22    -2802.434934        0.213070
BFGS:  181 20:34:22    -2802.452961        0.210055
BFGS:  182 20:34:22    -2802.470709        0.207904
BFGS:  183 20:34:22    -2802.488184        0.205025
BFGS:  184 20:34:23    -2802.505395        0.202966
BFGS:  185 20:34:23    -2802.522345        0.200202
BFGS:  186 20:34:23    -2802.539043        0.198229
BFGS:  187 20:34:24    -2802.555492        0.195929
BFGS:  188 20:34:24    -2802.571699        0.193451
BFGS:  189 20:34:24    -2802.587670        0.191394
BFGS:  190 20:34:24    -2802.603411        0.189106
BFGS:  191 20:34:24    -2802.618927        0.187065
BFGS:  192 20:34:25    -2802.634222        0.184926
BFGS:  193 20:34:25    -2802.649302        0.182925
BFGS:  194 20:34:25    -2802.664171        0.180893
BFGS:  195 20:34:25    -2802.678834        0.178947
BFGS:  196 20:34:26    -2802.693296        0.176999
BFGS:  197 20:34:26    -2802.707561        0.175114
BFGS:  198 20:34:26    -2802.721632        0.173240
BFGS:  199 20:34:26    -2802.735515        0.171417
BFGS:  200 20:34:27    -2802.749213        0.169608
