      Step     Time          Energy          fmax
BFGS:    0 13:57:34    -1157.140114     6665.794866
BFGS:    1 13:57:36    -2609.958369      857.340067
BFGS:    2 13:57:38    -2978.821503     1739.313121
BFGS:    3 13:57:39    -3021.068561     1537.858784
BFGS:    4 13:57:41    -3185.071370      668.467033
BFGS:    5 13:57:42    -3280.232990      148.767955
BFGS:    6 13:57:44    -3245.485265      382.194135
BFGS:    7 13:57:45    -3284.197697      285.759923
BFGS:    8 13:57:47    -3312.337002       87.616375
BFGS:    9 13:57:48    -3341.744831       40.709449
BFGS:   10 13:57:50    -3357.744286       31.362448
BFGS:   11 13:57:51    -3364.746878       22.343381
BFGS:   12 13:57:52    -3369.893683       11.553471
BFGS:   13 13:57:54    -3373.665009        6.572050
BFGS:   14 13:57:55    -3376.370774        7.294129
BFGS:   15 13:57:56    -3378.825728        7.063293
BFGS:   16 13:57:58    -3380.715278        5.656475
BFGS:   17 13:57:59    -3382.191596        4.310786
BFGS:   18 13:58:00    -3383.787363        6.310759
BFGS:   19 13:58:01    -3384.774767        5.723417
BFGS:   20 13:58:03    -3386.290129        6.329692
BFGS:   21 13:58:04    -3386.984692        6.255587
BFGS:   22 13:58:05    -3387.999546        5.501888
BFGS:   23 13:58:06    -3388.876078        4.436331
BFGS:   24 13:58:07    -3389.885200        3.432646
BFGS:   25 13:58:08    -3390.574374        3.358893
BFGS:   26 13:58:09    -3391.268443        3.483859
BFGS:   27 13:58:10    -3391.994754        3.088329
BFGS:   28 13:58:11    -3392.769947        2.678845
BFGS:   29 13:58:13    -3393.430092        2.240036
BFGS:   30 13:58:14    -3393.855074        1.833110
BFGS:   31 13:58:15    -3394.106346        1.591196
BFGS:   32 13:58:16    -3394.311725        1.298132
BFGS:   33 13:58:17    -3394.461716        1.036546
BFGS:   34 13:58:18    -3394.571369        1.111061
BFGS:   35 13:58:19    -3394.663275        1.132941
BFGS:   36 13:58:21    -3394.768390        1.205287
BFGS:   37 13:58:22    -3394.859634        1.492406
BFGS:   38 13:58:23    -3394.942564        1.510297
BFGS:   39 13:58:24    -3395.007112        1.528654
BFGS:   40 13:58:25    -3395.045370        1.384608
BFGS:   41 13:58:25    -3395.072708        1.350755
BFGS:   42 13:58:26    -3395.100038        1.416019
BFGS:   43 13:58:27    -3395.132316        1.511566
BFGS:   44 13:58:28    -3395.164270        1.571916
BFGS:   45 13:58:29    -3395.188157        1.568627
BFGS:   46 13:58:30    -3395.206252        1.524810
BFGS:   47 13:58:31    -3395.223049        1.517789
BFGS:   48 13:58:31    -3395.242667        1.575212
BFGS:   49 13:58:32    -3395.267023        1.745135
BFGS:   50 13:58:33    -3395.301989        2.097270
BFGS:   51 13:58:34    -3395.365551        2.954755
BFGS:   52 13:58:36    -3395.391085        4.141812
BFGS:   53 13:58:37    -3395.474962        3.680289
BFGS:   54 13:58:38    -3395.588451        3.959993
BFGS:   55 13:58:39    -3395.740374        4.775215
BFGS:   56 13:58:40    -3395.838818        4.870899
BFGS:   57 13:58:41    -3395.980629        5.259950
BFGS:   58 13:58:42    -3396.061178        5.567364
BFGS:   59 13:58:43    -3396.173120        5.199242
BFGS:   60 13:58:44    -3396.302369        5.132479
BFGS:   61 13:58:45    -3396.544637        4.858754
BFGS:   62 13:58:46    -3396.900572        4.541993
BFGS:   63 13:58:47    -3396.762213        5.470247
BFGS:   64 13:58:48    -3397.236818        4.670746
BFGS:   65 13:58:49    -3397.456905        4.771041
BFGS:   66 13:58:50    -3397.857705        4.084951
BFGS:   67 13:58:51    -3398.441602        3.948431
BFGS:   68 13:58:53    -3398.746927        3.677701
BFGS:   69 13:58:54    -3399.196558        3.521500
BFGS:   70 13:58:55    -3399.593300        3.614073
BFGS:   71 13:58:56    -3399.965107        3.583041
BFGS:   72 13:58:57    -3400.439062        2.721424
BFGS:   73 13:58:57    -3400.652922        2.699438
BFGS:   74 13:58:58    -3400.864484        2.771752
BFGS:   75 13:59:00    -3401.024999        2.814454
BFGS:   76 13:59:00    -3401.148535        2.667872
BFGS:   77 13:59:01    -3401.243726        2.705659
BFGS:   78 13:59:02    -3401.316433        2.656407
BFGS:   79 13:59:03    -3401.390230        2.602025
BFGS:   80 13:59:04    -3401.465693        2.633432
BFGS:   81 13:59:05    -3401.548127        2.315648
BFGS:   82 13:59:05    -3401.640764        2.296503
BFGS:   83 13:59:06    -3401.727974        2.050554
BFGS:   84 13:59:07    -3401.805077        1.977916
BFGS:   85 13:59:08    -3401.876489        1.942023
BFGS:   86 13:59:09    -3401.947746        1.904674
BFGS:   87 13:59:10    -3402.023105        1.779547
BFGS:   88 13:59:11    -3402.095311        1.642983
BFGS:   89 13:59:11    -3402.149961        1.463502
BFGS:   90 13:59:12    -3402.187198        1.409114
BFGS:   91 13:59:13    -3402.216724        1.390881
BFGS:   92 13:59:14    -3402.243970        1.364574
BFGS:   93 13:59:14    -3402.270786        1.312880
BFGS:   94 13:59:15    -3402.297031        1.297812
BFGS:   95 13:59:16    -3402.324570        1.335208
BFGS:   96 13:59:17    -3402.358703        1.362318
BFGS:   97 13:59:17    -3402.404921        1.353465
BFGS:   98 13:59:18    -3402.462675        1.325846
BFGS:   99 13:59:19    -3402.525313        1.380241
BFGS:  100 13:59:20    -3402.590661        1.371260
BFGS:  101 13:59:21    -3402.665068        1.284934
BFGS:  102 13:59:22    -3402.756704        1.228551
BFGS:  103 13:59:22    -3402.858263        1.276771
BFGS:  104 13:59:23    -3402.953770        1.326715
BFGS:  105 13:59:24    -3403.031453        1.369625
BFGS:  106 13:59:25    -3403.091788        1.371699
BFGS:  107 13:59:26    -3403.142067        1.429743
BFGS:  108 13:59:27    -3403.183307        1.467571
BFGS:  109 13:59:28    -3403.197488        2.035677
BFGS:  110 13:59:28    -3403.241588        1.461418
BFGS:  111 13:59:29    -3403.265944        1.460100
BFGS:  112 13:59:30    -3403.294173        1.455926
BFGS:  113 13:59:31    -3403.309789        1.515483
BFGS:  114 13:59:31    -3403.323842        1.518669
BFGS:  115 13:59:32    -3403.335920        1.520942
BFGS:  116 13:59:33    -3403.347193        1.475270
BFGS:  117 13:59:33    -3403.356092        1.427671
BFGS:  118 13:59:34    -3403.365547        1.400024
BFGS:  119 13:59:35    -3403.375278        1.383593
BFGS:  120 13:59:36    -3403.384501        1.443479
BFGS:  121 13:59:36    -3403.391273        1.506043
BFGS:  122 13:59:37    -3403.396015        1.528543
BFGS:  123 13:59:38    -3403.399761        1.530840
BFGS:  124 13:59:38    -3403.403117        1.510927
BFGS:  125 13:59:39    -3403.405996        1.486653
BFGS:  126 13:59:40    -3403.408492        1.459773
BFGS:  127 13:59:40    -3403.410847        1.434781
BFGS:  128 13:59:41    -3403.413124        1.409443
BFGS:  129 13:59:41    -3403.415174        1.383943
BFGS:  130 13:59:42    -3403.417084        1.358615
BFGS:  131 13:59:42    -3403.419089        1.329277
BFGS:  132 13:59:43    -3403.421364        1.295840
BFGS:  133 13:59:44    -3403.423636        1.262335
BFGS:  134 13:59:44    -3403.425658        1.237631
BFGS:  135 13:59:45    -3403.427550        1.219346
BFGS:  136 13:59:45    -3403.429820        1.202236
BFGS:  137 13:59:46    -3403.432818        1.178300
BFGS:  138 13:59:47    -3403.436506        1.158137
BFGS:  139 13:59:47    -3403.440476        1.145241
BFGS:  140 13:59:48    -3403.444468        1.106140
BFGS:  141 13:59:48    -3403.448482        1.048118
BFGS:  142 13:59:49    -3403.452554        1.005966
BFGS:  143 13:59:50    -3403.456350        0.992843
BFGS:  144 13:59:50    -3403.459674        0.989767
BFGS:  145 13:59:51    -3403.462696        0.991288
BFGS:  146 13:59:52    -3403.465770        0.991017
BFGS:  147 13:59:52    -3403.469054        0.983498
BFGS:  148 13:59:53    -3403.472489        0.967478
BFGS:  149 13:59:54    -3403.476052        0.949776
BFGS:  150 13:59:54    -3403.479825        0.915580
BFGS:  151 13:59:55    -3403.483906        0.878283
BFGS:  152 13:59:56    -3403.488288        0.844717
BFGS:  153 13:59:56    -3403.492915        0.810113
BFGS:  154 13:59:57    -3403.497801        0.774677
BFGS:  155 13:59:58    -3403.502865        0.736011
BFGS:  156 13:59:58    -3403.507931        0.696876
BFGS:  157 13:59:59    -3403.512623        0.661442
BFGS:  158 14:00:00    -3403.516868        0.645571
BFGS:  159 14:00:00    -3403.520930        0.612803
BFGS:  160 14:00:01    -3403.525061        0.575907
BFGS:  161 14:00:02    -3403.529166        0.543576
BFGS:  162 14:00:02    -3403.533028        0.511861
BFGS:  163 14:00:03    -3403.536428        0.477242
BFGS:  164 14:00:04    -3403.539521        0.443783
BFGS:  165 14:00:04    -3403.542499        0.409744
BFGS:  166 14:00:05    -3403.545348        0.374242
BFGS:  167 14:00:05    -3403.547827        0.341270
BFGS:  168 14:00:06    -3403.549905        0.305739
BFGS:  169 14:00:07    -3403.551722        0.269274
BFGS:  170 14:00:07    -3403.553479        0.224367
BFGS:  171 14:00:08    -3403.555159        0.177338
BFGS:  172 14:00:08    -3403.556648        0.162863
BFGS:  173 14:00:09    -3403.557864        0.158619
BFGS:  174 14:00:09    -3403.558893        0.154474
BFGS:  175 14:00:10    -3403.559867        0.158397
BFGS:  176 14:00:11    -3403.560797        0.150908
BFGS:  177 14:00:11    -3403.561562        0.129361
BFGS:  178 14:00:12    -3403.562107        0.102850
BFGS:  179 14:00:12    -3403.562518        0.090889
BFGS:  180 14:00:13    -3403.562901        0.078427
BFGS:  181 14:00:13    -3403.563281        0.081464
BFGS:  182 14:00:14    -3403.563618        0.077558
BFGS:  183 14:00:14    -3403.563881        0.065784
BFGS:  184 14:00:15    -3403.564078        0.052024
BFGS:  185 14:00:15    -3403.564231        0.042931
BFGS:  186 14:00:16    -3403.564338        0.034505
BFGS:  187 14:00:16    -3403.564412        0.034052
BFGS:  188 14:00:16    -3403.564470        0.031158
BFGS:  189 14:00:17    -3403.564524        0.029123
BFGS:  190 14:00:17    -3403.564573        0.023686
BFGS:  191 14:00:18    -3403.564616        0.019241
BFGS:  192 14:00:18    -3403.564655        0.018726
BFGS:  193 14:00:19    -3403.564696        0.019725
BFGS:  194 14:00:19    -3403.564736        0.021336
BFGS:  195 14:00:20    -3403.564767        0.021054
BFGS:  196 14:00:20    -3403.564789        0.021788
BFGS:  197 14:00:21    -3403.564807        0.022422
BFGS:  198 14:00:21    -3403.564828        0.023033
BFGS:  199 14:00:21    -3403.564850        0.024342
BFGS:  200 14:00:22    -3403.564870        0.025774
