      Step     Time          Energy          fmax
BFGS:    0 20:46:52    -2284.580092       68.284185
BFGS:    1 20:46:53    -2320.473668        7.207184
BFGS:    2 20:46:54    -2323.183517        3.811285
BFGS:    3 20:46:55    -2324.191830        2.532391
BFGS:    4 20:46:55    -2324.609111        1.946239
BFGS:    5 20:46:56    -2324.866330        0.874139
BFGS:    6 20:46:57    -2325.028332        0.754926
BFGS:    7 20:46:57    -2325.167775        0.678000
BFGS:    8 20:46:58    -2325.240422        0.425485
BFGS:    9 20:46:59    -2325.280220        0.369309
BFGS:   10 20:46:59    -2325.307997        0.377838
BFGS:   11 20:47:00    -2325.332237        0.512942
BFGS:   12 20:47:01    -2325.356736        0.459326
BFGS:   13 20:47:01    -2325.390398        0.548149
BFGS:   14 20:47:02    -2325.419698        0.773754
BFGS:   15 20:47:02    -2325.440290        0.304906
BFGS:   16 20:47:03    -2325.450044        0.136393
BFGS:   17 20:47:04    -2325.453927        0.170116
BFGS:   18 20:47:04    -2325.459186        0.149196
BFGS:   19 20:47:05    -2325.463432        0.156177
BFGS:   20 20:47:05    -2325.467349        0.152920
BFGS:   21 20:47:06    -2325.471744        0.194606
BFGS:   22 20:47:06    -2325.478883        0.297072
BFGS:   23 20:47:07    -2325.490896        0.368684
BFGS:   24 20:47:07    -2325.503658        0.299601
BFGS:   25 20:47:08    -2325.515986        0.243942
BFGS:   26 20:47:08    -2325.533823        0.398771
BFGS:   27 20:47:09    -2325.592821        0.733948
BFGS:   28 20:47:10    -2325.355982        4.924991
BFGS:   29 20:47:11    -2325.889193        1.314968
BFGS:   30 20:47:12    -2326.444105        1.855183
BFGS:   31 20:47:12    -2327.149991        3.287326
BFGS:   32 20:47:13    -2327.606410        4.247927
BFGS:   33 20:47:14    -2328.265496        5.816963
BFGS:   34 20:47:14    -2328.768887        4.426613
BFGS:   35 20:47:15    -2329.131586        0.958961
BFGS:   36 20:47:16    -2329.264216        0.912998
BFGS:   37 20:47:16    -2329.347646        0.529731
BFGS:   38 20:47:17    -2329.388178        0.512857
BFGS:   39 20:47:17    -2329.443766        0.507633
BFGS:   40 20:47:18    -2329.482456        0.589265
BFGS:   41 20:47:19    -2329.561668        0.737324
BFGS:   42 20:47:19    -2329.698371        1.176472
BFGS:   43 20:47:20    -2329.810794        3.081826
BFGS:   44 20:47:21    -2330.090357        1.569758
BFGS:   45 20:47:21    -2330.658154        2.114909
BFGS:   46 20:47:22    -2330.965469        3.016364
BFGS:   47 20:47:23    -2331.265504        3.005783
BFGS:   48 20:47:23    -2331.599897        2.594014
BFGS:   49 20:47:24    -2331.945668        2.490788
BFGS:   50 20:47:25    -2332.271364        2.184440
BFGS:   51 20:47:25    -2332.492625        1.694854
BFGS:   52 20:47:26    -2332.732290        1.314737
BFGS:   53 20:47:27    -2332.902836        1.051422
BFGS:   54 20:47:27    -2333.120777        1.295008
BFGS:   55 20:47:28    -2333.218311        1.259119
BFGS:   56 20:47:29    -2333.343075        0.674404
BFGS:   57 20:47:29    -2333.422983        0.755616
BFGS:   58 20:47:30    -2333.522175        0.701935
BFGS:   59 20:47:30    -2333.632077        0.688013
BFGS:   60 20:47:31    -2333.746359        0.651248
BFGS:   61 20:47:31    -2333.851408        0.563077
BFGS:   62 20:47:32    -2333.920011        1.018301
BFGS:   63 20:47:32    -2333.993949        0.648529
BFGS:   64 20:47:33    -2334.075302        0.757629
BFGS:   65 20:47:34    -2334.161968        0.661678
BFGS:   66 20:47:34    -2334.220482        0.612734
BFGS:   67 20:47:35    -2334.272341        0.463625
BFGS:   68 20:47:35    -2334.307864        0.513521
BFGS:   69 20:47:36    -2334.325431        0.593461
BFGS:   70 20:47:36    -2334.359690        0.356655
BFGS:   71 20:47:37    -2334.383701        0.272273
BFGS:   72 20:47:38    -2334.428256        0.633611
BFGS:   73 20:47:38    -2334.636184        2.551574
BFGS:   74 20:47:39    -2334.897132        2.266656
BFGS:   75 20:47:40    -2335.655296        1.869006
BFGS:   76 20:47:40    -2336.348418        2.061710
BFGS:   77 20:47:41    -2337.016379        2.324806
BFGS:   78 20:47:42    -2337.425208        2.633164
BFGS:   79 20:47:43    -2337.909921        2.934924
BFGS:   80 20:47:43    -2338.223534        2.737021
BFGS:   81 20:47:44    -2338.896840        1.590731
BFGS:   82 20:47:45    -2339.443866        1.278871
BFGS:   83 20:47:46    -2339.783271        1.099023
BFGS:   84 20:47:46    -2340.123189        1.072272
BFGS:   85 20:47:47    -2340.270227        0.664204
BFGS:   86 20:47:48    -2340.380580        0.783348
BFGS:   87 20:47:48    -2340.479297        0.960524
BFGS:   88 20:47:49    -2340.556784        0.524801
BFGS:   89 20:47:49    -2340.606411        0.480056
BFGS:   90 20:47:50    -2340.641093        0.583294
BFGS:   91 20:47:50    -2340.677758        0.557704
BFGS:   92 20:47:51    -2340.719876        0.623424
BFGS:   93 20:47:52    -2340.753428        0.523881
BFGS:   94 20:47:52    -2340.779387        0.394347
BFGS:   95 20:47:53    -2340.809666        0.334125
BFGS:   96 20:47:53    -2340.843625        0.388912
BFGS:   97 20:47:54    -2340.878157        0.517155
BFGS:   98 20:47:54    -2340.902670        0.422493
BFGS:   99 20:47:55    -2340.915195        0.262104
BFGS:  100 20:47:55    -2340.922275        0.162318
BFGS:  101 20:47:56    -2340.928664        0.190072
BFGS:  102 20:47:56    -2340.933590        0.189224
BFGS:  103 20:47:57    -2340.936248        0.093829
BFGS:  104 20:47:57    -2340.937408        0.068387
BFGS:  105 20:47:58    -2340.938168        0.075712
BFGS:  106 20:47:58    -2340.938898        0.100618
BFGS:  107 20:47:58    -2340.939520        0.072179
BFGS:  108 20:47:59    -2340.939973        0.048528
BFGS:  109 20:47:59    -2340.940272        0.033874
BFGS:  110 20:47:59    -2340.940446        0.046710
BFGS:  111 20:48:00    -2340.940531        0.034132
BFGS:  112 20:48:00    -2340.940572        0.014862
BFGS:  113 20:48:00    -2340.940605        0.010670
BFGS:  114 20:48:01    -2340.940643        0.018773
BFGS:  115 20:48:01    -2340.940685        0.022378
BFGS:  116 20:48:01    -2340.940723        0.016893
BFGS:  117 20:48:02    -2340.940751        0.014642
BFGS:  118 20:48:02    -2340.940774        0.014800
BFGS:  119 20:48:02    -2340.940795        0.011917
BFGS:  120 20:48:03    -2340.940813        0.008919
