      Step     Time          Energy          fmax
BFGS:    0 20:21:16    -3501.488082        4.818557
BFGS:    1 20:21:19    -3503.906677        3.821809
BFGS:    2 20:21:23    -3506.302043        3.908221
BFGS:    3 20:21:27    -3508.881293        4.477945
BFGS:    4 20:21:30    -3509.717729        4.573821
BFGS:    5 20:21:34    -3510.970042        1.961110
BFGS:    6 20:21:37    -3511.419492        1.207040
BFGS:    7 20:21:40    -3511.673282        1.330931
BFGS:    8 20:21:44    -3512.033045        1.892185
BFGS:    9 20:21:47    -3512.805990        3.996298
BFGS:   10 20:21:51    -3513.727174        5.812121
BFGS:   11 20:21:54    -3512.938708        9.060505
BFGS:   12 20:21:57    -3514.208002        5.414709
BFGS:   13 20:22:00    -3514.546092        5.110680
BFGS:   14 20:22:03    -3516.095191        5.853296
BFGS:   15 20:22:06    -3516.894197        2.302669
BFGS:   16 20:22:08    -3517.786639        1.588837
BFGS:   17 20:22:11    -3518.652271        2.022081
BFGS:   18 20:22:14    -3520.336333        3.593917
BFGS:   19 20:22:18    -3521.888996        3.842993
BFGS:   20 20:22:20    -3522.603007        3.389476
BFGS:   21 20:22:23    -3524.128967        2.672155
BFGS:   22 20:22:26    -3525.205079        1.710263
BFGS:   23 20:22:28    -3525.490843        1.363564
BFGS:   24 20:22:31    -3525.953520        1.250306
BFGS:   25 20:22:33    -3526.137599        1.178939
BFGS:   26 20:22:36    -3526.234542        0.442716
BFGS:   27 20:22:38    -3526.271281        0.371895
BFGS:   28 20:22:40    -3526.295959        0.370264
BFGS:   29 20:22:42    -3526.334376        0.428376
BFGS:   30 20:22:45    -3526.377035        0.372394
BFGS:   31 20:22:47    -3526.413267        0.436751
BFGS:   32 20:22:49    -3526.467311        0.486093
BFGS:   33 20:22:51    -3526.539987        0.748142
BFGS:   34 20:22:54    -3526.630209        0.731796
BFGS:   35 20:22:56    -3526.735928        0.710529
BFGS:   36 20:22:59    -3526.876566        0.713430
BFGS:   37 20:23:02    -3527.034452        0.803557
BFGS:   38 20:23:04    -3527.224677        0.916950
BFGS:   39 20:23:07    -3527.419220        0.726443
BFGS:   40 20:23:10    -3527.573535        0.717577
BFGS:   41 20:23:12    -3527.683229        0.844382
BFGS:   42 20:23:15    -3527.792647        1.097792
BFGS:   43 20:23:18    -3527.902379        0.703624
BFGS:   44 20:23:20    -3528.004832        0.446363
BFGS:   45 20:23:22    -3528.050801        0.492535
BFGS:   46 20:23:24    -3528.114557        0.496300
BFGS:   47 20:23:26    -3528.154518        0.352977
BFGS:   48 20:23:28    -3528.178843        0.310645
BFGS:   49 20:23:30    -3528.192812        0.174105
BFGS:   50 20:23:32    -3528.200243        0.156309
BFGS:   51 20:23:34    -3528.207687        0.192089
BFGS:   52 20:23:35    -3528.218542        0.246154
BFGS:   53 20:23:37    -3528.233535        0.226308
BFGS:   54 20:23:39    -3528.250639        0.302658
BFGS:   55 20:23:41    -3528.269777        0.336992
BFGS:   56 20:23:43    -3528.294188        0.299670
BFGS:   57 20:23:45    -3528.326844        0.383925
BFGS:   58 20:23:47    -3528.364780        0.390082
BFGS:   59 20:23:49    -3528.400214        0.348397
BFGS:   60 20:23:51    -3528.429923        0.417052
BFGS:   61 20:23:53    -3528.456121        0.365468
BFGS:   62 20:23:55    -3528.483991        0.329056
BFGS:   63 20:23:57    -3528.509984        0.241803
BFGS:   64 20:23:59    -3528.530651        0.214049
BFGS:   65 20:24:00    -3528.546150        0.229234
BFGS:   66 20:24:02    -3528.558744        0.212913
BFGS:   67 20:24:04    -3528.568704        0.207057
BFGS:   68 20:24:06    -3528.577719        0.202583
BFGS:   69 20:24:07    -3528.586400        0.196792
BFGS:   70 20:24:09    -3528.595511        0.170587
BFGS:   71 20:24:11    -3528.603673        0.157413
BFGS:   72 20:24:12    -3528.611133        0.144262
BFGS:   73 20:24:14    -3528.619251        0.170579
BFGS:   74 20:24:16    -3528.628920        0.208984
BFGS:   75 20:24:18    -3528.638314        0.174726
BFGS:   76 20:24:19    -3528.645167        0.125158
BFGS:   77 20:24:21    -3528.649800        0.145089
BFGS:   78 20:24:22    -3528.653751        0.119154
BFGS:   79 20:24:24    -3528.657428        0.112509
BFGS:   80 20:24:26    -3528.660495        0.143229
BFGS:   81 20:24:27    -3528.663400        0.184096
BFGS:   82 20:24:29    -3528.668406        0.265516
BFGS:   83 20:24:31    -3528.683139        0.539456
BFGS:   84 20:24:34    -3528.810508        2.084772
BFGS:   85 20:24:37    -3529.137878        1.995983
BFGS:   86 20:24:40    -3529.374635        1.426978
BFGS:   87 20:24:42    -3529.600369        1.453476
BFGS:   88 20:24:45    -3529.677400        1.838354
BFGS:   89 20:24:48    -3529.804550        0.855627
BFGS:   90 20:24:50    -3529.850209        0.646296
BFGS:   91 20:24:53    -3529.889059        0.366487
BFGS:   92 20:24:55    -3529.937798        0.504072
BFGS:   93 20:24:58    -3529.974700        0.471073
BFGS:   94 20:25:00    -3529.995352        0.257466
BFGS:   95 20:25:02    -3530.005320        0.132256
BFGS:   96 20:25:04    -3530.009594        0.115748
BFGS:   97 20:25:06    -3530.013214        0.145549
BFGS:   98 20:25:08    -3530.016358        0.120162
BFGS:   99 20:25:10    -3530.019301        0.125015
BFGS:  100 20:25:11    -3530.021675        0.099886
BFGS:  101 20:25:13    -3530.023886        0.125411
BFGS:  102 20:25:15    -3530.026502        0.125334
BFGS:  103 20:25:16    -3530.029753        0.099142
BFGS:  104 20:25:18    -3530.033234        0.104442
BFGS:  105 20:25:20    -3530.036508        0.108889
BFGS:  106 20:25:22    -3530.039762        0.137919
BFGS:  107 20:25:24    -3530.043357        0.122415
BFGS:  108 20:25:25    -3530.047032        0.137086
BFGS:  109 20:25:27    -3530.049968        0.097861
BFGS:  110 20:25:29    -3530.051984        0.085520
BFGS:  111 20:25:30    -3530.053600        0.073593
BFGS:  112 20:25:32    -3530.055186        0.103911
BFGS:  113 20:25:33    -3530.056679        0.112802
BFGS:  114 20:25:34    -3530.057942        0.099522
BFGS:  115 20:25:36    -3530.059041        0.092658
BFGS:  116 20:25:38    -3530.060103        0.075654
BFGS:  117 20:25:40    -3530.061111        0.071977
BFGS:  118 20:25:41    -3530.062048        0.071029
BFGS:  119 20:25:43    -3530.063052        0.073926
BFGS:  120 20:25:45    -3530.064419        0.103859
BFGS:  121 20:25:47    -3530.066603        0.136400
BFGS:  122 20:25:49    -3530.070179        0.196489
BFGS:  123 20:25:51    -3530.076749        0.288483
BFGS:  124 20:25:54    -3530.092282        0.806950
BFGS:  125 20:25:57    -3530.089035        1.658471
BFGS:  126 20:25:59    -3530.125047        0.807463
BFGS:  127 20:26:02    -3530.155407        0.565129
BFGS:  128 20:26:04    -3530.203456        0.630085
BFGS:  129 20:26:06    -3530.235915        0.430369
BFGS:  130 20:26:08    -3530.252477        0.347148
BFGS:  131 20:26:10    -3530.260723        0.135698
BFGS:  132 20:26:12    -3530.263907        0.069877
BFGS:  133 20:26:14    -3530.265722        0.083443
BFGS:  134 20:26:15    -3530.267210        0.103287
BFGS:  135 20:26:17    -3530.269242        0.093150
BFGS:  136 20:26:18    -3530.270855        0.058744
BFGS:  137 20:26:20    -3530.271953        0.041620
BFGS:  138 20:26:21    -3530.272628        0.050984
BFGS:  139 20:26:23    -3530.273213        0.044814
BFGS:  140 20:26:24    -3530.273737        0.034392
BFGS:  141 20:26:26    -3530.274203        0.052219
BFGS:  142 20:26:27    -3530.274631        0.054724
BFGS:  143 20:26:29    -3530.275093        0.040102
BFGS:  144 20:26:30    -3530.275668        0.042928
BFGS:  145 20:26:32    -3530.276332        0.048696
BFGS:  146 20:26:33    -3530.277092        0.081107
BFGS:  147 20:26:35    -3530.278014        0.095785
BFGS:  148 20:26:36    -3530.279292        0.086096
BFGS:  149 20:26:38    -3530.281037        0.069391
BFGS:  150 20:26:39    -3530.283159        0.069891
BFGS:  151 20:26:41    -3530.285193        0.073788
BFGS:  152 20:26:42    -3530.286978        0.097159
BFGS:  153 20:26:44    -3530.288649        0.093414
BFGS:  154 20:26:45    -3530.290623        0.074176
BFGS:  155 20:26:47    -3530.293014        0.083016
BFGS:  156 20:26:49    -3530.295629        0.083391
BFGS:  157 20:26:51    -3530.298015        0.092498
BFGS:  158 20:26:52    -3530.300008        0.097221
BFGS:  159 20:26:54    -3530.301758        0.071378
BFGS:  160 20:26:56    -3530.303364        0.071944
BFGS:  161 20:26:57    -3530.304840        0.063055
BFGS:  162 20:26:59    -3530.306127        0.057493
BFGS:  163 20:27:00    -3530.307244        0.051085
BFGS:  164 20:27:02    -3530.308366        0.062821
BFGS:  165 20:27:03    -3530.309682        0.075691
BFGS:  166 20:27:05    -3530.311254        0.082437
BFGS:  167 20:27:07    -3530.313080        0.087341
BFGS:  168 20:27:08    -3530.314994        0.087707
BFGS:  169 20:27:10    -3530.316926        0.076265
BFGS:  170 20:27:12    -3530.318790        0.120642
BFGS:  171 20:27:14    -3530.320578        0.104869
BFGS:  172 20:27:15    -3530.322152        0.091711
BFGS:  173 20:27:17    -3530.323492        0.069141
BFGS:  174 20:27:19    -3530.324595        0.066528
BFGS:  175 20:27:20    -3530.325535        0.095046
BFGS:  176 20:27:22    -3530.326457        0.089220
BFGS:  177 20:27:24    -3530.327530        0.065866
BFGS:  178 20:27:25    -3530.328795        0.062857
BFGS:  179 20:27:27    -3530.330225        0.080717
BFGS:  180 20:27:28    -3530.331852        0.067782
BFGS:  181 20:27:30    -3530.333801        0.081953
BFGS:  182 20:27:31    -3530.336276        0.099987
BFGS:  183 20:27:33    -3530.339669        0.127465
BFGS:  184 20:27:35    -3530.344631        0.162241
BFGS:  185 20:27:37    -3530.351977        0.137400
BFGS:  186 20:27:39    -3530.364592        0.193497
BFGS:  187 20:27:41    -3530.384925        0.385300
BFGS:  188 20:27:43    -3530.315466        1.581659
BFGS:  189 20:27:45    -3530.420710        1.496087
BFGS:  190 20:27:47    -3530.526861        1.678489
BFGS:  191 20:27:50    -3530.643294        3.530198
BFGS:  192 20:27:52    -3530.932476        3.227094
BFGS:  193 20:27:54    -3531.166563        2.447972
BFGS:  194 20:27:56    -3531.258951        3.477138
BFGS:  195 20:27:58    -3531.712378        0.794231
BFGS:  196 20:28:00    -3531.815276        1.391434
BFGS:  197 20:28:02    -3531.880203        0.922675
BFGS:  198 20:28:04    -3531.943911        0.435707
BFGS:  199 20:28:06    -3531.973158        0.750183
BFGS:  200 20:28:08    -3532.013534        0.643925
