      Step     Time          Energy          fmax
BFGS:    0 13:04:42     -575.344366     6694.615931
BFGS:    1 13:04:43    -2220.173777      982.671662
BFGS:    2 13:04:44    -2528.842512     2671.158557
BFGS:    3 13:04:45    -2536.353452     2089.837344
BFGS:    4 13:04:46    -2758.734113     1429.090296
BFGS:    5 13:04:47    -2898.454354      910.111895
BFGS:    6 13:04:48    -3001.161507      387.885426
BFGS:    7 13:04:49    -3050.486130      111.928658
BFGS:    8 13:04:50    -3078.249333       78.634842
BFGS:    9 13:04:51    -3092.547287       44.568105
BFGS:   10 13:04:52    -3103.675279       14.002818
BFGS:   11 13:04:53    -3108.434602       17.626974
BFGS:   12 13:04:53    -3111.957261        9.647814
BFGS:   13 13:04:54    -3114.782828        7.160650
BFGS:   14 13:04:55    -3117.405726        6.864918
BFGS:   15 13:04:56    -3119.254560        7.562568
BFGS:   16 13:04:56    -3120.780127        8.304140
BFGS:   17 13:04:57    -3122.261827        7.842956
BFGS:   18 13:04:58    -3123.569053        6.041454
BFGS:   19 13:04:59    -3124.250204        5.602264
BFGS:   20 13:04:59    -3124.971688        5.561807
BFGS:   21 13:05:00    -3125.425996        4.519255
BFGS:   22 13:05:00    -3125.843353        3.930276
BFGS:   23 13:05:01    -3126.221305        3.695214
BFGS:   24 13:05:02    -3126.510010        3.458200
BFGS:   25 13:05:02    -3126.715581        2.962563
BFGS:   26 13:05:03    -3126.899610        2.812564
BFGS:   27 13:05:04    -3127.061000        2.698976
BFGS:   28 13:05:04    -3127.193345        2.553119
BFGS:   29 13:05:05    -3127.281603        2.254489
BFGS:   30 13:05:06    -3127.331143        1.956370
BFGS:   31 13:05:06    -3127.367131        1.688199
BFGS:   32 13:05:07    -3127.396503        1.452283
BFGS:   33 13:05:08    -3127.418559        1.332288
BFGS:   34 13:05:08    -3127.436275        1.269791
BFGS:   35 13:05:09    -3127.453081        1.154106
BFGS:   36 13:05:09    -3127.469774        1.064677
BFGS:   37 13:05:10    -3127.485345        0.940648
BFGS:   38 13:05:11    -3127.499053        0.872166
BFGS:   39 13:05:11    -3127.512510        0.852077
BFGS:   40 13:05:12    -3127.527667        0.813207
BFGS:   41 13:05:12    -3127.544565        0.787052
BFGS:   42 13:05:13    -3127.560626        0.897629
BFGS:   43 13:05:14    -3127.574025        0.946721
BFGS:   44 13:05:14    -3127.585482        0.921657
BFGS:   45 13:05:15    -3127.596563        0.840232
BFGS:   46 13:05:15    -3127.607914        0.804430
BFGS:   47 13:05:16    -3127.619602        0.851182
BFGS:   48 13:05:16    -3127.631784        0.891993
BFGS:   49 13:05:17    -3127.644258        0.919360
BFGS:   50 13:05:18    -3127.656708        0.934140
BFGS:   51 13:05:18    -3127.668792        0.938477
BFGS:   52 13:05:19    -3127.680359        0.963616
BFGS:   53 13:05:19    -3127.691800        1.027408
BFGS:   54 13:05:20    -3127.703203        1.058536
BFGS:   55 13:05:20    -3127.713889        1.057294
BFGS:   56 13:05:21    -3127.723116        1.036048
BFGS:   57 13:05:22    -3127.730596        1.012829
BFGS:   58 13:05:22    -3127.736456        1.048809
BFGS:   59 13:05:23    -3127.741140        1.070378
BFGS:   60 13:05:23    -3127.745192        1.075538
BFGS:   61 13:05:24    -3127.748766        1.067116
BFGS:   62 13:05:24    -3127.751704        1.051772
BFGS:   63 13:05:25    -3127.753869        1.051583
BFGS:   64 13:05:25    -3127.755498        1.083103
BFGS:   65 13:05:26    -3127.757107        1.112132
BFGS:   66 13:05:26    -3127.759217        1.140526
BFGS:   67 13:05:27    -3127.762267        1.162829
BFGS:   68 13:05:27    -3127.766684        1.169037
BFGS:   69 13:05:28    -3127.772870        1.148570
BFGS:   70 13:05:28    -3127.781270        1.136935
BFGS:   71 13:05:29    -3127.792714        1.170611
BFGS:   72 13:05:30    -3127.808497        1.228210
BFGS:   73 13:05:30    -3127.830418        1.494002
BFGS:   74 13:05:31    -3127.858900        1.636643
BFGS:   75 13:05:31    -3127.890560        1.640588
BFGS:   76 13:05:32    -3127.918445        1.592391
BFGS:   77 13:05:32    -3127.938867        1.616980
BFGS:   78 13:05:33    -3127.953517        1.443433
BFGS:   79 13:05:33    -3127.963434        1.613598
BFGS:   80 13:05:34    -3127.976247        1.243175
BFGS:   81 13:05:35    -3127.988998        1.033967
BFGS:   82 13:05:35    -3128.003675        0.789119
BFGS:   83 13:05:36    -3128.011332        0.780185
BFGS:   84 13:05:36    -3128.018046        0.772418
BFGS:   85 13:05:37    -3128.021895        0.765046
BFGS:   86 13:05:37    -3128.025248        0.752345
BFGS:   87 13:05:37    -3128.028169        0.739048
BFGS:   88 13:05:38    -3128.030805        0.726339
BFGS:   89 13:05:38    -3128.032965        0.729921
BFGS:   90 13:05:39    -3128.035054        0.762244
BFGS:   91 13:05:39    -3128.037327        0.781472
BFGS:   92 13:05:40    -3128.039602        0.779750
BFGS:   93 13:05:40    -3128.041400        0.754994
BFGS:   94 13:05:40    -3128.042548        0.721803
BFGS:   95 13:05:41    -3128.043368        0.699299
BFGS:   96 13:05:41    -3128.044091        0.698820
BFGS:   97 13:05:42    -3128.044749        0.698578
BFGS:   98 13:05:42    -3128.045363        0.699277
BFGS:   99 13:05:42    -3128.046027        0.711654
BFGS:  100 13:05:43    -3128.046858        0.735285
BFGS:  101 13:05:43    -3128.047923        0.757383
BFGS:  102 13:05:44    -3128.049210        0.772838
BFGS:  103 13:05:44    -3128.050694        0.781210
BFGS:  104 13:05:45    -3128.052361        0.787278
BFGS:  105 13:05:45    -3128.054267        0.799029
BFGS:  106 13:05:46    -3128.056478        0.823654
BFGS:  107 13:05:46    -3128.059191        0.861445
BFGS:  108 13:05:47    -3128.062728        0.912800
BFGS:  109 13:05:47    -3128.067438        0.969677
BFGS:  110 13:05:48    -3128.073792        1.023529
BFGS:  111 13:05:48    -3128.082548        1.067536
BFGS:  112 13:05:49    -3128.094736        1.102978
BFGS:  113 13:05:49    -3128.111136        1.134442
BFGS:  114 13:05:50    -3128.131881        1.163269
BFGS:  115 13:05:51    -3128.159336        1.223337
BFGS:  116 13:05:51    -3128.196590        1.314086
BFGS:  117 13:05:52    -3128.243053        1.395570
BFGS:  118 13:05:52    -3128.270626        1.492103
BFGS:  119 13:05:53    -3128.330639        1.404279
BFGS:  120 13:05:54    -3128.374088        1.333337
BFGS:  121 13:05:54    -3128.431302        1.065545
BFGS:  122 13:05:55    -3128.458800        0.958354
BFGS:  123 13:05:56    -3128.502552        0.876326
BFGS:  124 13:05:56    -3128.531187        0.844926
BFGS:  125 13:05:57    -3128.554196        0.757159
BFGS:  126 13:05:57    -3128.578629        0.507371
BFGS:  127 13:05:58    -3128.608211        0.532262
BFGS:  128 13:05:58    -3128.631448        0.485416
BFGS:  129 13:05:59    -3128.651098        0.618154
BFGS:  130 13:06:00    -3128.671287        0.746293
BFGS:  131 13:06:00    -3128.689987        0.791343
BFGS:  132 13:06:01    -3128.704209        0.758071
BFGS:  133 13:06:01    -3128.713673        0.658714
BFGS:  134 13:06:02    -3128.720649        0.543265
BFGS:  135 13:06:02    -3128.727257        0.453677
BFGS:  136 13:06:03    -3128.733759        0.407393
BFGS:  137 13:06:03    -3128.740463        0.390112
BFGS:  138 13:06:04    -3128.748672        0.400621
BFGS:  139 13:06:04    -3128.759045        0.389497
BFGS:  140 13:06:05    -3128.770827        0.378934
BFGS:  141 13:06:05    -3128.782442        0.304010
BFGS:  142 13:06:06    -3128.793381        0.250358
BFGS:  143 13:06:06    -3128.804151        0.240048
BFGS:  144 13:06:07    -3128.814020        0.259296
BFGS:  145 13:06:07    -3128.821225        0.315258
BFGS:  146 13:06:08    -3128.825778        0.345054
BFGS:  147 13:06:08    -3128.829018        0.314388
BFGS:  148 13:06:08    -3128.831792        0.245994
BFGS:  149 13:06:09    -3128.834154        0.176128
BFGS:  150 13:06:09    -3128.836058        0.158167
BFGS:  151 13:06:10    -3128.837617        0.141612
BFGS:  152 13:06:10    -3128.838943        0.113163
BFGS:  153 13:06:11    -3128.839955        0.108980
BFGS:  154 13:06:11    -3128.840653        0.120240
BFGS:  155 13:06:12    -3128.841197        0.113580
BFGS:  156 13:06:12    -3128.841712        0.090765
BFGS:  157 13:06:12    -3128.842160        0.058992
BFGS:  158 13:06:13    -3128.842472        0.044198
BFGS:  159 13:06:13    -3128.842662        0.036469
BFGS:  160 13:06:13    -3128.842792        0.028916
BFGS:  161 13:06:14    -3128.842897        0.022515
BFGS:  162 13:06:14    -3128.842978        0.017719
BFGS:  163 13:06:14    -3128.843034        0.019079
BFGS:  164 13:06:15    -3128.843077        0.019357
BFGS:  165 13:06:15    -3128.843113        0.019393
BFGS:  166 13:06:15    -3128.843140        0.018397
BFGS:  167 13:06:16    -3128.843162        0.014610
BFGS:  168 13:06:16    -3128.843181        0.009403
