      Step     Time          Energy          fmax
BFGS:    0 13:17:23    -2259.529003     2393.051343
BFGS:    1 13:17:26    -3359.751400      337.834904
BFGS:    2 13:17:29    -3233.737875     2181.127777
BFGS:    3 13:17:30    -3325.376698     1482.283080
BFGS:    4 13:17:34    -3424.050013      696.533637
BFGS:    5 13:17:37    -3513.698893      323.831647
BFGS:    6 13:17:39    -3560.732315      171.608462
BFGS:    7 13:17:41    -3592.732729      126.332576
BFGS:    8 13:17:43    -3614.584543       70.490379
BFGS:    9 13:17:45    -3629.863877       19.457990
BFGS:   10 13:17:47    -3636.696027       10.122350
BFGS:   11 13:17:49    -3641.258869        6.124290
BFGS:   12 13:17:52    -3644.442405        6.004543
BFGS:   13 13:17:54    -3646.879126        4.121770
BFGS:   14 13:17:56    -3649.176806        3.946884
BFGS:   15 13:17:58    -3650.834297        4.659444
BFGS:   16 13:18:00    -3651.884023        6.092803
BFGS:   17 13:18:02    -3652.881794        5.034711
BFGS:   18 13:18:03    -3653.562395        3.924482
BFGS:   19 13:18:05    -3654.264761        3.216625
BFGS:   20 13:18:07    -3654.779590        2.878557
BFGS:   21 13:18:08    -3655.180599        2.629825
BFGS:   22 13:18:10    -3655.662378        2.506846
BFGS:   23 13:18:11    -3656.029209        2.702688
BFGS:   24 13:18:13    -3656.381954        3.046090
BFGS:   25 13:18:14    -3656.776927        3.671267
BFGS:   26 13:18:16    -3657.118108        3.181475
BFGS:   27 13:18:18    -3657.428531        2.060084
BFGS:   28 13:18:19    -3657.655904        1.807883
BFGS:   29 13:18:21    -3657.784231        2.177866
BFGS:   30 13:18:23    -3657.924805        2.415959
BFGS:   31 13:18:24    -3658.057648        2.394416
BFGS:   32 13:18:26    -3658.198181        2.147073
BFGS:   33 13:18:28    -3658.326744        1.954924
BFGS:   34 13:18:30    -3658.432492        1.676260
BFGS:   35 13:18:31    -3658.531103        1.437079
BFGS:   36 13:18:33    -3658.661070        1.167561
BFGS:   37 13:18:35    -3658.833272        0.993119
BFGS:   38 13:18:37    -3659.035666        1.424973
BFGS:   39 13:18:39    -3659.205605        1.879529
BFGS:   40 13:18:41    -3659.358355        2.232142
BFGS:   41 13:18:43    -3659.632095        3.435238
BFGS:   42 13:18:45    -3659.960965        4.853861
BFGS:   43 13:18:47    -3660.274872        4.670610
BFGS:   44 13:18:49    -3660.725464        4.278990
BFGS:   45 13:18:51    -3660.859813        4.313966
BFGS:   46 13:18:52    -3660.884404        4.224004
BFGS:   47 13:18:54    -3661.101295        3.616375
BFGS:   48 13:18:55    -3661.168708        3.553918
BFGS:   49 13:18:57    -3661.282700        3.350417
BFGS:   50 13:18:58    -3661.312754        3.334450
BFGS:   51 13:19:00    -3661.376533        3.160303
BFGS:   52 13:19:01    -3661.408016        2.963579
BFGS:   53 13:19:02    -3661.449073        2.665200
BFGS:   54 13:19:04    -3661.480498        2.493510
BFGS:   55 13:19:05    -3661.510824        2.290317
BFGS:   56 13:19:06    -3661.533182        2.125435
BFGS:   57 13:19:08    -3661.551757        2.001670
BFGS:   58 13:19:09    -3661.570459        1.946491
BFGS:   59 13:19:10    -3661.591238        1.884620
BFGS:   60 13:19:11    -3661.610786        1.811008
BFGS:   61 13:19:13    -3661.626450        1.745732
BFGS:   62 13:19:14    -3661.638795        1.695112
BFGS:   63 13:19:15    -3661.650828        1.748029
BFGS:   64 13:19:16    -3661.664401        1.794155
BFGS:   65 13:19:18    -3661.678547        1.749628
BFGS:   66 13:19:19    -3661.692238        1.627776
BFGS:   67 13:19:20    -3661.705412        1.435992
BFGS:   68 13:19:21    -3661.717991        1.338260
BFGS:   69 13:19:22    -3661.729409        1.265666
BFGS:   70 13:19:23    -3661.740046        1.215547
BFGS:   71 13:19:25    -3661.752148        1.174201
BFGS:   72 13:19:26    -3661.768356        1.147819
BFGS:   73 13:19:27    -3661.788860        1.200601
BFGS:   74 13:19:28    -3661.810452        1.298290
BFGS:   75 13:19:30    -3661.829446        1.354789
BFGS:   76 13:19:31    -3661.844750        1.374406
BFGS:   77 13:19:32    -3661.857287        1.404279
BFGS:   78 13:19:33    -3661.867961        1.407470
BFGS:   79 13:19:34    -3661.876624        1.383326
BFGS:   80 13:19:35    -3661.884311        1.390815
BFGS:   81 13:19:37    -3661.892546        1.379649
BFGS:   82 13:19:38    -3661.901055        1.331600
BFGS:   83 13:19:39    -3661.908318        1.258775
BFGS:   84 13:19:40    -3661.914026        1.180427
BFGS:   85 13:19:41    -3661.918981        1.111427
BFGS:   86 13:19:42    -3661.923638        1.099916
BFGS:   87 13:19:43    -3661.927761        1.085126
BFGS:   88 13:19:44    -3661.931626        1.058549
BFGS:   89 13:19:45    -3661.935776        1.015882
BFGS:   90 13:19:46    -3661.940593        0.951560
BFGS:   91 13:19:48    -3661.945295        0.906620
BFGS:   92 13:19:49    -3661.948997        0.886579
BFGS:   93 13:19:50    -3661.951954        0.864540
BFGS:   94 13:19:50    -3661.955081        0.828485
BFGS:   95 13:19:51    -3661.958809        0.779267
BFGS:   96 13:19:52    -3661.962952        0.714147
BFGS:   97 13:19:54    -3661.966937        0.656126
BFGS:   98 13:19:55    -3661.970618        0.626368
BFGS:   99 13:19:56    -3661.974447        0.598639
BFGS:  100 13:19:57    -3661.979164        0.561046
BFGS:  101 13:19:58    -3661.985445        0.503309
BFGS:  102 13:19:59    -3661.993744        0.449542
BFGS:  103 13:20:00    -3662.003847        0.370189
BFGS:  104 13:20:01    -3662.014639        0.273084
BFGS:  105 13:20:02    -3662.025133        0.255362
BFGS:  106 13:20:03    -3662.034737        0.275298
BFGS:  107 13:20:04    -3662.043064        0.309332
BFGS:  108 13:20:05    -3662.049945        0.308715
BFGS:  109 13:20:06    -3662.055516        0.280618
BFGS:  110 13:20:07    -3662.060115        0.295837
BFGS:  111 13:20:08    -3662.064011        0.312201
BFGS:  112 13:20:09    -3662.067201        0.318912
BFGS:  113 13:20:10    -3662.069664        0.322591
BFGS:  114 13:20:11    -3662.071645        0.346729
BFGS:  115 13:20:12    -3662.073408        0.370270
BFGS:  116 13:20:13    -3662.075055        0.372770
BFGS:  117 13:20:14    -3662.076665        0.362222
BFGS:  118 13:20:15    -3662.078411        0.381943
BFGS:  119 13:20:16    -3662.080497        0.397500
BFGS:  120 13:20:17    -3662.083028        0.394554
BFGS:  121 13:20:18    -3662.085932        0.369197
BFGS:  122 13:20:19    -3662.089291        0.321802
BFGS:  123 13:20:20    -3662.093388        0.334617
BFGS:  124 13:20:21    -3662.098208        0.335330
BFGS:  125 13:20:22    -3662.103498        0.306355
BFGS:  126 13:20:23    -3662.108585        0.341289
BFGS:  127 13:20:24    -3662.113109        0.412427
BFGS:  128 13:20:25    -3662.116919        0.403744
BFGS:  129 13:20:26    -3662.119899        0.330095
BFGS:  130 13:20:27    -3662.121868        0.260223
BFGS:  131 13:20:28    -3662.123281        0.246293
BFGS:  132 13:20:29    -3662.124777        0.238137
BFGS:  133 13:20:30    -3662.126794        0.255404
BFGS:  134 13:20:31    -3662.129449        0.246278
BFGS:  135 13:20:32    -3662.132442        0.220177
BFGS:  136 13:20:33    -3662.135297        0.207162
BFGS:  137 13:20:34    -3662.137766        0.181107
BFGS:  138 13:20:36    -3662.139965        0.174700
BFGS:  139 13:20:37    -3662.141968        0.145188
BFGS:  140 13:20:38    -3662.143716        0.121102
BFGS:  141 13:20:39    -3662.145185        0.101207
BFGS:  142 13:20:40    -3662.146510        0.100973
BFGS:  143 13:20:41    -3662.147738        0.103655
BFGS:  144 13:20:42    -3662.148795        0.107281
BFGS:  145 13:20:43    -3662.149556        0.101738
BFGS:  146 13:20:44    -3662.150087        0.087382
BFGS:  147 13:20:45    -3662.150510        0.077372
BFGS:  148 13:20:45    -3662.150915        0.065314
BFGS:  149 13:20:46    -3662.151291        0.055318
BFGS:  150 13:20:47    -3662.151595        0.048169
BFGS:  151 13:20:48    -3662.151755        0.054556
BFGS:  152 13:20:49    -3662.151967        0.062637
BFGS:  153 13:20:50    -3662.152226        0.063248
BFGS:  154 13:20:51    -3662.152564        0.061189
BFGS:  155 13:20:52    -3662.152982        0.056683
BFGS:  156 13:20:53    -3662.153445        0.043890
BFGS:  157 13:20:54    -3662.153932        0.054078
BFGS:  158 13:20:55    -3662.154389        0.049252
BFGS:  159 13:20:56    -3662.154863        0.043638
BFGS:  160 13:20:57    -3662.155280        0.066423
BFGS:  161 13:20:58    -3662.155637        0.078757
BFGS:  162 13:20:59    -3662.155981        0.076895
BFGS:  163 13:21:00    -3662.156358        0.069815
BFGS:  164 13:21:00    -3662.156801        0.071392
BFGS:  165 13:21:01    -3662.157260        0.076542
BFGS:  166 13:21:02    -3662.157697        0.091635
BFGS:  167 13:21:03    -3662.158123        0.105013
BFGS:  168 13:21:04    -3662.158595        0.109978
BFGS:  169 13:21:05    -3662.159165        0.103222
BFGS:  170 13:21:06    -3662.159846        0.085434
BFGS:  171 13:21:07    -3662.160486        0.076533
BFGS:  172 13:21:08    -3662.161008        0.072959
BFGS:  173 13:21:09    -3662.161407        0.080084
BFGS:  174 13:21:09    -3662.161746        0.092597
BFGS:  175 13:21:10    -3662.162072        0.102222
BFGS:  176 13:21:11    -3662.162371        0.105853
BFGS:  177 13:21:12    -3662.162655        0.100185
BFGS:  178 13:21:13    -3662.162895        0.088459
BFGS:  179 13:21:14    -3662.163173        0.080179
BFGS:  180 13:21:15    -3662.163503        0.064706
BFGS:  181 13:21:15    -3662.163887        0.056383
BFGS:  182 13:21:16    -3662.164311        0.061865
BFGS:  183 13:21:17    -3662.164711        0.064744
BFGS:  184 13:21:18    -3662.165099        0.059049
BFGS:  185 13:21:19    -3662.165463        0.048156
BFGS:  186 13:21:20    -3662.165799        0.053126
BFGS:  187 13:21:21    -3662.166115        0.051620
BFGS:  188 13:21:22    -3662.166418        0.052334
BFGS:  189 13:21:23    -3662.166705        0.064936
BFGS:  190 13:21:24    -3662.166986        0.078157
BFGS:  191 13:21:24    -3662.167259        0.085376
BFGS:  192 13:21:25    -3662.167555        0.083758
BFGS:  193 13:21:26    -3662.167857        0.069733
BFGS:  194 13:21:27    -3662.168153        0.048858
BFGS:  195 13:21:28    -3662.168446        0.037862
BFGS:  196 13:21:29    -3662.168756        0.045173
BFGS:  197 13:21:30    -3662.169141        0.060440
BFGS:  198 13:21:31    -3662.169645        0.068316
BFGS:  199 13:21:32    -3662.170244        0.060713
BFGS:  200 13:21:33    -3662.170841        0.041045
