      Step     Time          Energy          fmax
BFGS:    0 20:17:07    -2128.789662      317.801627
BFGS:    1 20:17:07    -2199.479382       41.759457
BFGS:    2 20:17:08    -2208.511608       82.765093
BFGS:    3 20:17:09    -2219.599274       33.580559
BFGS:    4 20:17:09    -2221.061251       13.218643
BFGS:    5 20:17:10    -2224.397406        9.279651
BFGS:    6 20:17:10    -2225.477847        6.311652
BFGS:    7 20:17:11    -2226.557070        3.770532
BFGS:    8 20:17:11    -2228.431260        2.982521
BFGS:    9 20:17:12    -2228.986307        3.701807
BFGS:   10 20:17:12    -2229.399369        3.670905
BFGS:   11 20:17:13    -2229.836883        3.649952
BFGS:   12 20:17:13    -2229.902763        4.502024
BFGS:   13 20:17:14    -2230.077899        3.087648
BFGS:   14 20:17:15    -2230.163137        2.935127
BFGS:   15 20:17:15    -2230.294965        2.384839
BFGS:   16 20:17:16    -2230.472028        1.476520
BFGS:   17 20:17:16    -2230.544114        0.832739
BFGS:   18 20:17:17    -2230.586262        1.107523
BFGS:   19 20:17:17    -2230.629221        1.042439
BFGS:   20 20:17:17    -2230.653947        1.102430
BFGS:   21 20:17:18    -2230.685780        1.096602
BFGS:   22 20:17:18    -2230.725251        0.912065
BFGS:   23 20:17:19    -2230.764921        0.573364
BFGS:   24 20:17:19    -2230.791181        0.471690
BFGS:   25 20:17:20    -2230.803268        0.231994
BFGS:   26 20:17:20    -2230.807777        0.152053
BFGS:   27 20:17:21    -2230.810187        0.129217
BFGS:   28 20:17:21    -2230.812002        0.105225
BFGS:   29 20:17:21    -2230.813091        0.104603
BFGS:   30 20:17:22    -2230.813635        0.057404
BFGS:   31 20:17:22    -2230.813904        0.039010
BFGS:   32 20:17:22    -2230.814135        0.037935
BFGS:   33 20:17:23    -2230.814356        0.031524
BFGS:   34 20:17:23    -2230.814498        0.023798
BFGS:   35 20:17:23    -2230.814565        0.013596
BFGS:   36 20:17:24    -2230.814601        0.013642
BFGS:   37 20:17:24    -2230.814635        0.013110
BFGS:   38 20:17:24    -2230.814665        0.014732
BFGS:   39 20:17:24    -2230.814689        0.010127
BFGS:   40 20:17:25    -2230.814718        0.012726
BFGS:   41 20:17:25    -2230.814751        0.013860
BFGS:   42 20:17:25    -2230.814788        0.017244
BFGS:   43 20:17:25    -2230.814821        0.017943
BFGS:   44 20:17:26    -2230.814850        0.013259
BFGS:   45 20:17:26    -2230.814889        0.017088
BFGS:   46 20:17:26    -2230.814964        0.021985
BFGS:   47 20:17:27    -2230.815109        0.033806
BFGS:   48 20:17:27    -2230.815396        0.055266
BFGS:   49 20:17:27    -2230.815874        0.083934
BFGS:   50 20:17:28    -2230.816692        0.113562
BFGS:   51 20:17:28    -2230.818115        0.145765
BFGS:   52 20:17:29    -2230.820466        0.230914
BFGS:   53 20:17:29    -2230.825518        0.297094
BFGS:   54 20:17:30    -2230.836328        0.232784
BFGS:   55 20:17:30    -2230.837302        0.639920
BFGS:   56 20:17:31    -2230.858516        0.246746
BFGS:   57 20:17:31    -2230.874432        0.357093
BFGS:   58 20:17:32    -2230.899259        0.248752
BFGS:   59 20:17:32    -2230.910085        0.254632
BFGS:   60 20:17:32    -2230.910224        0.551989
BFGS:   61 20:17:33    -2230.924867        0.219072
BFGS:   62 20:17:33    -2230.906783        0.788324
BFGS:   63 20:17:34    -2230.928248        0.134090
BFGS:   64 20:17:34    -2230.930157        0.230644
BFGS:   65 20:17:34    -2230.933119        0.162968
BFGS:   66 20:17:35    -2230.940924        0.098850
BFGS:   67 20:17:35    -2230.945784        0.123805
BFGS:   68 20:17:35    -2230.949229        0.101094
BFGS:   69 20:17:36    -2230.951801        0.096205
BFGS:   70 20:17:36    -2230.956486        0.107307
BFGS:   71 20:17:37    -2230.959340        0.099722
BFGS:   72 20:17:37    -2230.963818        0.136520
BFGS:   73 20:17:37    -2230.970172        0.198218
BFGS:   74 20:17:38    -2230.980805        0.234988
BFGS:   75 20:17:38    -2230.995604        0.313358
BFGS:   76 20:17:38    -2231.016241        0.439383
BFGS:   77 20:17:39    -2231.041605        0.559144
BFGS:   78 20:17:39    -2231.060435        0.558167
BFGS:   79 20:17:40    -2231.070940        1.202343
BFGS:   80 20:17:40    -2231.099609        0.344871
BFGS:   81 20:17:41    -2231.112110        0.337075
BFGS:   82 20:17:41    -2231.128203        0.367471
BFGS:   83 20:17:41    -2231.137693        0.340085
BFGS:   84 20:17:42    -2231.154175        0.439356
BFGS:   85 20:17:42    -2231.161388        0.242725
BFGS:   86 20:17:43    -2231.164575        0.128858
BFGS:   87 20:17:43    -2231.166294        0.118359
BFGS:   88 20:17:43    -2231.167497        0.095357
BFGS:   89 20:17:44    -2231.168295        0.087648
BFGS:   90 20:17:44    -2231.168909        0.103451
BFGS:   91 20:17:44    -2231.169192        0.058252
BFGS:   92 20:17:44    -2231.169375        0.047040
BFGS:   93 20:17:45    -2231.169593        0.035237
BFGS:   94 20:17:45    -2231.169800        0.025368
BFGS:   95 20:17:45    -2231.169974        0.022386
BFGS:   96 20:17:46    -2231.170082        0.033182
BFGS:   97 20:17:46    -2231.170159        0.033651
BFGS:   98 20:17:46    -2231.170232        0.032811
BFGS:   99 20:17:46    -2231.170320        0.026304
BFGS:  100 20:17:47    -2231.170415        0.014118
BFGS:  101 20:17:47    -2231.170487        0.013653
BFGS:  102 20:17:47    -2231.170540        0.014311
BFGS:  103 20:17:47    -2231.170586        0.021874
BFGS:  104 20:17:48    -2231.170621        0.023358
BFGS:  105 20:17:48    -2231.170644        0.021101
BFGS:  106 20:17:48    -2231.170664        0.018529
BFGS:  107 20:17:48    -2231.170692        0.017741
BFGS:  108 20:17:48    -2231.170738        0.020015
BFGS:  109 20:17:49    -2231.170809        0.022820
BFGS:  110 20:17:49    -2231.170898        0.022906
BFGS:  111 20:17:49    -2231.171006        0.023394
BFGS:  112 20:17:50    -2231.171138        0.032056
BFGS:  113 20:17:50    -2231.171337        0.046927
BFGS:  114 20:17:50    -2231.171641        0.058171
BFGS:  115 20:17:50    -2231.172096        0.060953
BFGS:  116 20:17:51    -2231.172713        0.086992
BFGS:  117 20:17:51    -2231.173532        0.103639
BFGS:  118 20:17:52    -2231.174679        0.119468
BFGS:  119 20:17:52    -2231.176235        0.103657
BFGS:  120 20:17:53    -2231.177375        0.075159
BFGS:  121 20:17:53    -2231.177702        0.044109
BFGS:  122 20:17:53    -2231.178038        0.059037
BFGS:  123 20:17:54    -2231.178228        0.024102
BFGS:  124 20:17:54    -2231.178367        0.022362
BFGS:  125 20:17:54    -2231.178514        0.033478
BFGS:  126 20:17:54    -2231.178604        0.022020
BFGS:  127 20:17:55    -2231.178692        0.027482
BFGS:  128 20:17:55    -2231.178792        0.018567
BFGS:  129 20:17:55    -2231.178947        0.023570
BFGS:  130 20:17:56    -2231.179160        0.031278
BFGS:  131 20:17:56    -2231.179482        0.045176
BFGS:  132 20:17:56    -2231.179896        0.045850
BFGS:  133 20:17:57    -2231.180266        0.045898
BFGS:  134 20:17:57    -2231.180481        0.038779
BFGS:  135 20:17:57    -2231.180616        0.027724
BFGS:  136 20:17:58    -2231.180719        0.020697
BFGS:  137 20:17:58    -2231.180782        0.020739
BFGS:  138 20:17:58    -2231.180819        0.017667
BFGS:  139 20:17:59    -2231.180847        0.015580
BFGS:  140 20:17:59    -2231.180871        0.014514
BFGS:  141 20:17:59    -2231.180894        0.016096
BFGS:  142 20:17:59    -2231.180911        0.011506
BFGS:  143 20:17:59    -2231.180923        0.008468
