      Step     Time          Energy          fmax
BFGS:    0 14:08:18    -1478.611980     2401.494832
BFGS:    1 14:08:20    -2887.951356      352.834139
BFGS:    2 14:08:21    -2671.371857     2155.425527
BFGS:    3 14:08:22    -1464.978676    13954.305813
BFGS:    4 14:08:24    -2537.343320     3965.335104
BFGS:    5 14:08:25    -3045.752067      656.062615
BFGS:    6 14:08:26    -3126.372134      292.269158
BFGS:    7 14:08:27    -3146.441005      190.212114
BFGS:    8 14:08:28    -3166.321481      114.308275
BFGS:    9 14:08:29    -3180.421527       56.615386
BFGS:   10 14:08:31    -3191.061967       25.387975
BFGS:   11 14:08:32    -3196.434209       20.459882
BFGS:   12 14:08:32    -3199.510016       19.919836
BFGS:   13 14:08:33    -3202.434879       10.436498
BFGS:   14 14:08:34    -3204.546944        8.828367
BFGS:   15 14:08:35    -3206.199785        8.879565
BFGS:   16 14:08:36    -3207.457450        6.971790
BFGS:   17 14:08:37    -3208.400193        6.668997
BFGS:   18 14:08:38    -3209.147219        6.461513
BFGS:   19 14:08:39    -3209.566936        6.351924
BFGS:   20 14:08:40    -3209.865936        6.083036
BFGS:   21 14:08:41    -3210.165775        5.736370
BFGS:   22 14:08:42    -3210.416947        5.530625
BFGS:   23 14:08:42    -3210.619180        5.472446
BFGS:   24 14:08:43    -3210.770326        5.313218
BFGS:   25 14:08:44    -3210.896825        5.047219
BFGS:   26 14:08:45    -3211.013815        4.723962
BFGS:   27 14:08:46    -3211.113099        4.225631
BFGS:   28 14:08:47    -3211.200604        3.635461
BFGS:   29 14:08:47    -3211.294423        2.984217
BFGS:   30 14:08:48    -3211.387030        2.524949
BFGS:   31 14:08:49    -3211.450374        2.439065
BFGS:   32 14:08:50    -3211.485171        2.340538
BFGS:   33 14:08:51    -3211.508016        2.223390
BFGS:   34 14:08:51    -3211.527062        2.146520
BFGS:   35 14:08:52    -3211.542928        2.233043
BFGS:   36 14:08:52    -3211.555529        2.273958
BFGS:   37 14:08:53    -3211.566132        2.258305
BFGS:   38 14:08:54    -3211.575548        2.204067
BFGS:   39 14:08:54    -3211.583524        2.143533
BFGS:   40 14:08:55    -3211.589973        2.142376
BFGS:   41 14:08:56    -3211.595268        2.132361
BFGS:   42 14:08:56    -3211.600099        2.110462
BFGS:   43 14:08:57    -3211.604973        2.081787
BFGS:   44 14:08:58    -3211.609716        2.051448
BFGS:   45 14:08:58    -3211.613499        2.031736
BFGS:   46 14:08:59    -3211.616131        2.023738
BFGS:   47 14:08:59    -3211.618248        2.022337
BFGS:   48 14:09:00    -3211.620431        2.020633
BFGS:   49 14:09:00    -3211.622791        2.017231
BFGS:   50 14:09:01    -3211.624999        2.011971
BFGS:   51 14:09:02    -3211.626953        2.016067
BFGS:   52 14:09:02    -3211.628901        2.012655
BFGS:   53 14:09:03    -3211.631088        2.010137
BFGS:   54 14:09:03    -3211.633332        2.017550
BFGS:   55 14:09:04    -3211.635292        2.020937
BFGS:   56 14:09:04    -3211.636995        2.020434
BFGS:   57 14:09:05    -3211.638721        2.013109
BFGS:   58 14:09:06    -3211.640572        2.015445
BFGS:   59 14:09:06    -3211.642250        2.008551
BFGS:   60 14:09:07    -3211.643518        1.992832
BFGS:   61 14:09:07    -3211.644481        1.973659
BFGS:   62 14:09:08    -3211.645437        1.960652
BFGS:   63 14:09:08    -3211.646668        1.967215
BFGS:   64 14:09:09    -3211.648264        1.971689
BFGS:   65 14:09:09    -3211.650285        1.972092
BFGS:   66 14:09:10    -3211.652372        1.982951
BFGS:   67 14:09:10    -3211.654333        2.006485
BFGS:   68 14:09:11    -3211.656106        2.018903
BFGS:   69 14:09:12    -3211.658063        2.015714
BFGS:   70 14:09:12    -3211.660485        1.994093
BFGS:   71 14:09:13    -3211.663332        1.987691
BFGS:   72 14:09:13    -3211.666417        1.998640
BFGS:   73 14:09:14    -3211.669788        1.998421
BFGS:   74 14:09:14    -3211.673938        1.981325
BFGS:   75 14:09:15    -3211.679470        1.943071
BFGS:   76 14:09:16    -3211.686594        1.883654
BFGS:   77 14:09:16    -3211.694703        1.879768
BFGS:   78 14:09:17    -3211.702805        1.856401
BFGS:   79 14:09:17    -3211.711121        1.804416
BFGS:   80 14:09:18    -3211.721163        1.761545
BFGS:   81 14:09:19    -3211.734475        1.745767
BFGS:   82 14:09:19    -3211.751571        1.690211
BFGS:   83 14:09:20    -3211.770813        1.578444
BFGS:   84 14:09:21    -3211.789306        1.426938
BFGS:   85 14:09:21    -3211.805181        1.274183
BFGS:   86 14:09:22    -3211.819959        1.186613
BFGS:   87 14:09:23    -3211.835117        1.135822
BFGS:   88 14:09:23    -3211.849312        1.047923
BFGS:   89 14:09:24    -3211.860973        0.942549
BFGS:   90 14:09:25    -3211.870516        0.889364
BFGS:   91 14:09:26    -3211.879703        0.845211
BFGS:   92 14:09:26    -3211.889791        0.768528
BFGS:   93 14:09:27    -3211.899648        0.655862
BFGS:   94 14:09:28    -3211.907349        0.545845
BFGS:   95 14:09:28    -3211.912878        0.457192
BFGS:   96 14:09:29    -3211.917384        0.409389
BFGS:   97 14:09:30    -3211.921302        0.348435
BFGS:   98 14:09:30    -3211.924607        0.325449
BFGS:   99 14:09:31    -3211.927360        0.273572
BFGS:  100 14:09:31    -3211.929946        0.253115
BFGS:  101 14:09:32    -3211.932499        0.233732
BFGS:  102 14:09:32    -3211.934896        0.214460
BFGS:  103 14:09:33    -3211.936861        0.187981
BFGS:  104 14:09:34    -3211.938253        0.161713
BFGS:  105 14:09:34    -3211.939313        0.139900
BFGS:  106 14:09:35    -3211.940241        0.139227
BFGS:  107 14:09:35    -3211.941078        0.139940
BFGS:  108 14:09:36    -3211.941795        0.134968
BFGS:  109 14:09:36    -3211.942386        0.129797
BFGS:  110 14:09:37    -3211.942880        0.113927
BFGS:  111 14:09:37    -3211.943299        0.094768
BFGS:  112 14:09:38    -3211.943669        0.071935
BFGS:  113 14:09:38    -3211.943980        0.055596
BFGS:  114 14:09:39    -3211.944247        0.046035
BFGS:  115 14:09:39    -3211.944478        0.045878
BFGS:  116 14:09:40    -3211.944683        0.055146
BFGS:  117 14:09:40    -3211.944872        0.057076
BFGS:  118 14:09:41    -3211.945030        0.052260
BFGS:  119 14:09:41    -3211.945153        0.037821
BFGS:  120 14:09:41    -3211.945244        0.028633
BFGS:  121 14:09:42    -3211.945313        0.020725
BFGS:  122 14:09:42    -3211.945365        0.019542
BFGS:  123 14:09:43    -3211.945410        0.017056
BFGS:  124 14:09:43    -3211.945446        0.018159
BFGS:  125 14:09:43    -3211.945484        0.019560
BFGS:  126 14:09:44    -3211.945513        0.019558
BFGS:  127 14:09:44    -3211.945535        0.022600
BFGS:  128 14:09:45    -3211.945548        0.022549
BFGS:  129 14:09:45    -3211.945558        0.020048
BFGS:  130 14:09:45    -3211.945567        0.016520
BFGS:  131 14:09:46    -3211.945573        0.013051
BFGS:  132 14:09:46    -3211.945580        0.011867
BFGS:  133 14:09:46    -3211.945583        0.010779
BFGS:  134 14:09:47    -3211.945586        0.009129
