      Step     Time          Energy          fmax
BFGS:    0 12:59:20    -1549.971851     1444.675299
BFGS:    1 12:59:22    -2488.893938      197.262807
BFGS:    2 12:59:23    -2527.173259      171.148749
BFGS:    3 12:59:24    -2578.685221      185.274723
BFGS:    4 12:59:25    -2623.462948       85.732540
BFGS:    5 12:59:26    -2637.310906       22.041981
BFGS:    6 12:59:27    -2642.846973       34.325239
BFGS:    7 12:59:28    -2641.314009       46.220985
BFGS:    8 12:59:29    -2649.608647        8.958356
BFGS:    9 12:59:30    -2653.003981        8.723049
BFGS:   10 12:59:31    -2656.769497       13.199337
BFGS:   11 12:59:32    -2659.437590        8.314082
BFGS:   12 12:59:33    -2663.002348        7.061272
BFGS:   13 12:59:34    -2665.121265        6.161137
BFGS:   14 12:59:34    -2666.568815        6.889728
BFGS:   15 12:59:35    -2668.900530       11.322979
BFGS:   16 12:59:35    -2669.935271        7.918782
BFGS:   17 12:59:36    -2670.812649        6.009511
BFGS:   18 12:59:36    -2671.776851        6.562180
BFGS:   19 12:59:37    -2672.479119        5.985680
BFGS:   20 12:59:37    -2673.147415        4.455901
BFGS:   21 12:59:38    -2673.718444        2.427504
BFGS:   22 12:59:38    -2674.038395        2.381779
BFGS:   23 12:59:39    -2674.254485        2.198180
BFGS:   24 12:59:39    -2674.461946        2.244550
BFGS:   25 12:59:40    -2674.594141        2.518651
BFGS:   26 12:59:40    -2674.683418        2.575868
BFGS:   27 12:59:41    -2674.761761        2.444992
BFGS:   28 12:59:41    -2674.836490        2.113949
BFGS:   29 12:59:42    -2674.905199        1.944103
BFGS:   30 12:59:42    -2674.966837        1.895200
BFGS:   31 12:59:43    -2675.028570        1.796533
BFGS:   32 12:59:43    -2675.092391        1.606205
BFGS:   33 12:59:44    -2675.144360        1.514314
BFGS:   34 12:59:44    -2675.184978        1.483737
BFGS:   35 12:59:45    -2675.217983        1.391365
BFGS:   36 12:59:45    -2675.248378        1.356777
BFGS:   37 12:59:46    -2675.276391        1.120638
BFGS:   38 12:59:46    -2675.297054        0.831493
BFGS:   39 12:59:47    -2675.309912        0.641014
BFGS:   40 12:59:47    -2675.318625        0.424127
BFGS:   41 12:59:48    -2675.326061        0.275420
BFGS:   42 12:59:48    -2675.333538        0.246176
BFGS:   43 12:59:48    -2675.340169        0.286919
BFGS:   44 12:59:49    -2675.345279        0.346340
BFGS:   45 12:59:49    -2675.349990        0.414400
BFGS:   46 12:59:50    -2675.355289        0.439566
BFGS:   47 12:59:50    -2675.361000        0.401612
BFGS:   48 12:59:51    -2675.365929        0.351356
BFGS:   49 12:59:51    -2675.369778        0.326462
BFGS:   50 12:59:51    -2675.373595        0.274288
BFGS:   51 12:59:52    -2675.378270        0.238597
BFGS:   52 12:59:52    -2675.383077        0.211694
BFGS:   53 12:59:53    -2675.386672        0.204779
BFGS:   54 12:59:53    -2675.389072        0.206698
BFGS:   55 12:59:53    -2675.391304        0.215401
BFGS:   56 12:59:54    -2675.394174        0.221422
BFGS:   57 12:59:54    -2675.397797        0.212660
BFGS:   58 12:59:55    -2675.401916        0.183950
BFGS:   59 12:59:55    -2675.406606        0.180128
BFGS:   60 12:59:56    -2675.412572        0.227000
BFGS:   61 12:59:56    -2675.420431        0.240629
BFGS:   62 12:59:56    -2675.429906        0.203868
BFGS:   63 12:59:57    -2675.440534        0.224676
BFGS:   64 12:59:57    -2675.452527        0.269914
BFGS:   65 12:59:58    -2675.466438        0.323150
BFGS:   66 12:59:58    -2675.482053        0.378560
BFGS:   67 12:59:59    -2675.497655        0.494498
BFGS:   68 12:59:59    -2675.511422        0.624196
BFGS:   69 13:00:00    -2675.522973        0.685792
BFGS:   70 13:00:00    -2675.533813        0.685555
BFGS:   71 13:00:01    -2675.544920        0.681563
BFGS:   72 13:00:01    -2675.556237        0.696997
BFGS:   73 13:00:02    -2675.568679        0.658313
BFGS:   74 13:00:02    -2675.584432        0.569077
BFGS:   75 13:00:03    -2675.606889        0.761298
BFGS:   76 13:00:03    -2675.606802        1.153310
BFGS:   77 13:00:04    -2675.645699        1.050426
BFGS:   78 13:00:04    -2675.713537        0.961206
BFGS:   79 13:00:05    -2675.781283        0.738697
BFGS:   80 13:00:05    -2675.812196        1.499946
BFGS:   81 13:00:06    -2675.880279        0.668964
BFGS:   82 13:00:06    -2675.911466        0.541738
BFGS:   83 13:00:07    -2675.965699        0.558720
BFGS:   84 13:00:07    -2675.993774        0.499239
BFGS:   85 13:00:08    -2676.015988        0.504846
BFGS:   86 13:00:08    -2676.030303        0.450006
BFGS:   87 13:00:09    -2676.039093        0.255398
BFGS:   88 13:00:09    -2676.044616        0.121847
BFGS:   89 13:00:09    -2676.048730        0.178939
BFGS:   90 13:00:10    -2676.052385        0.187573
BFGS:   91 13:00:10    -2676.056055        0.162404
BFGS:   92 13:00:10    -2676.059371        0.150147
BFGS:   93 13:00:11    -2676.062301        0.128095
BFGS:   94 13:00:11    -2676.065083        0.139239
BFGS:   95 13:00:12    -2676.067901        0.133154
BFGS:   96 13:00:12    -2676.070656        0.112902
BFGS:   97 13:00:12    -2676.073375        0.106206
BFGS:   98 13:00:13    -2676.076565        0.117101
BFGS:   99 13:00:13    -2676.081305        0.194383
BFGS:  100 13:00:14    -2676.088880        0.228121
BFGS:  101 13:00:14    -2676.101943        0.203381
BFGS:  102 13:00:15    -2676.138405        1.012659
BFGS:  103 13:00:15    -2675.947611        2.379390
BFGS:  104 13:00:16    -2676.162608        1.128092
BFGS:  105 13:00:16    -2676.180947        1.201211
BFGS:  106 13:00:16    -2676.093427        4.045115
BFGS:  107 13:00:17    -2676.274046        1.334752
BFGS:  108 13:00:17    -2676.326614        1.332535
BFGS:  109 13:00:18    -2675.919865        7.903254
BFGS:  110 13:00:18    -2676.403322        1.191912
BFGS:  111 13:00:18    -2676.440974        1.077947
BFGS:  112 13:00:19    -2676.469217        1.669157
BFGS:  113 13:00:19    -2676.518344        0.444995
BFGS:  114 13:00:20    -2676.534613        0.395139
BFGS:  115 13:00:20    -2676.581322        0.361545
BFGS:  116 13:00:20    -2676.587959        0.387572
BFGS:  117 13:00:21    -2676.596960        0.355767
BFGS:  118 13:00:21    -2676.604920        0.277381
BFGS:  119 13:00:21    -2676.608294        0.262003
BFGS:  120 13:00:22    -2676.612046        0.258960
BFGS:  121 13:00:22    -2676.615897        0.224400
BFGS:  122 13:00:22    -2676.619304        0.195209
BFGS:  123 13:00:22    -2676.621688        0.160837
BFGS:  124 13:00:23    -2676.623649        0.148710
BFGS:  125 13:00:23    -2676.625372        0.130339
BFGS:  126 13:00:23    -2676.626681        0.101888
BFGS:  127 13:00:24    -2676.627618        0.099835
BFGS:  128 13:00:24    -2676.628464        0.096901
BFGS:  129 13:00:24    -2676.629399        0.078498
BFGS:  130 13:00:25    -2676.630325        0.064449
BFGS:  131 13:00:25    -2676.631037        0.052592
BFGS:  132 13:00:25    -2676.631547        0.043121
BFGS:  133 13:00:25    -2676.631987        0.046190
BFGS:  134 13:00:26    -2676.632455        0.066898
BFGS:  135 13:00:26    -2676.632968        0.078952
BFGS:  136 13:00:26    -2676.633468        0.071131
BFGS:  137 13:00:26    -2676.633842        0.049723
BFGS:  138 13:00:27    -2676.634077        0.039588
BFGS:  139 13:00:27    -2676.634245        0.039937
BFGS:  140 13:00:27    -2676.634416        0.043157
BFGS:  141 13:00:27    -2676.634596        0.042180
BFGS:  142 13:00:27    -2676.634757        0.041627
BFGS:  143 13:00:28    -2676.634881        0.036537
BFGS:  144 13:00:28    -2676.634991        0.041532
BFGS:  145 13:00:28    -2676.635109        0.042618
BFGS:  146 13:00:28    -2676.635238        0.039843
BFGS:  147 13:00:29    -2676.635375        0.042798
BFGS:  148 13:00:29    -2676.635509        0.052366
BFGS:  149 13:00:29    -2676.635644        0.062073
BFGS:  150 13:00:29    -2676.635768        0.064707
BFGS:  151 13:00:30    -2676.635891        0.061247
BFGS:  152 13:00:30    -2676.636027        0.065416
BFGS:  153 13:00:30    -2676.636199        0.072687
BFGS:  154 13:00:30    -2676.636434        0.070704
BFGS:  155 13:00:31    -2676.636695        0.061644
BFGS:  156 13:00:31    -2676.636975        0.052344
BFGS:  157 13:00:31    -2676.637320        0.049874
BFGS:  158 13:00:32    -2676.638398        0.089167
BFGS:  159 13:00:32    -2676.629700        0.454318
BFGS:  160 13:00:32    -2676.641350        0.090259
BFGS:  161 13:00:33    -2676.645347        0.072406
BFGS:  162 13:00:33    -2676.654829        0.090289
BFGS:  163 13:00:33    -2676.700369        0.353866
BFGS:  164 13:00:34    -2676.767483        0.388362
BFGS:  165 13:00:34    -2676.810398        0.689347
BFGS:  166 13:00:35    -2676.850217        0.649497
BFGS:  167 13:00:35    -2676.903542        0.738425
BFGS:  168 13:00:36    -2676.928938        0.884560
BFGS:  169 13:00:36    -2676.952146        0.354428
BFGS:  170 13:00:36    -2676.963081        0.308285
BFGS:  171 13:00:37    -2676.971495        0.456945
BFGS:  172 13:00:37    -2676.977644        0.368369
BFGS:  173 13:00:37    -2676.988040        0.365516
BFGS:  174 13:00:38    -2677.005759        0.459719
BFGS:  175 13:00:38    -2677.015451        0.421515
BFGS:  176 13:00:38    -2677.027242        0.381338
BFGS:  177 13:00:39    -2677.036042        0.389874
BFGS:  178 13:00:39    -2677.045308        0.474370
BFGS:  179 13:00:39    -2677.054018        0.522659
BFGS:  180 13:00:40    -2677.063387        0.597357
BFGS:  181 13:00:40    -2677.072675        0.600519
BFGS:  182 13:00:40    -2677.079441        0.546568
BFGS:  183 13:00:41    -2677.084665        0.467412
BFGS:  184 13:00:41    -2677.089658        0.431965
BFGS:  185 13:00:41    -2677.095223        0.441017
BFGS:  186 13:00:42    -2677.101301        0.452078
BFGS:  187 13:00:42    -2677.106649        0.458868
BFGS:  188 13:00:42    -2677.110725        0.438160
BFGS:  189 13:00:43    -2677.114006        0.443897
BFGS:  190 13:00:43    -2677.117229        0.427551
BFGS:  191 13:00:43    -2677.120733        0.424959
BFGS:  192 13:00:44    -2677.124328        0.382020
BFGS:  193 13:00:44    -2677.127374        0.343498
BFGS:  194 13:00:44    -2677.129552        0.303964
BFGS:  195 13:00:45    -2677.131167        0.295620
BFGS:  196 13:00:45    -2677.132787        0.316941
BFGS:  197 13:00:45    -2677.134891        0.338905
BFGS:  198 13:00:46    -2677.137587        0.337845
BFGS:  199 13:00:46    -2677.140517        0.309048
BFGS:  200 13:00:46    -2677.143455        0.259053
