      Step     Time          Energy          fmax
BFGS:    0 14:23:40    -2969.451480       12.405997
BFGS:    1 14:23:42    -2978.621379        6.713393
BFGS:    2 14:23:43    -2985.922195        3.860192
BFGS:    3 14:23:45    -2985.947980       12.138518
BFGS:    4 14:23:46    -2988.666056        2.235122
BFGS:    5 14:23:47    -2989.194105        0.966680
BFGS:    6 14:23:48    -2989.420608        1.254489
BFGS:    7 14:23:49    -2989.785642        1.238808
BFGS:    8 14:23:50    -2990.189117        1.831027
BFGS:    9 14:23:51    -2991.459775        3.350834
BFGS:   10 14:23:52    -2991.718243        5.607995
BFGS:   11 14:23:53    -2992.508120        4.609744
BFGS:   12 14:23:54    -2993.265594        4.586497
BFGS:   13 14:23:55    -2994.075522       14.140394
BFGS:   14 14:23:56    -2996.496938        2.359461
BFGS:   15 14:23:57    -2997.294856        1.812751
BFGS:   16 14:23:58    -2998.840154        8.681957
BFGS:   17 14:23:58    -3000.277361        5.153471
BFGS:   18 14:23:59    -3002.699916        2.987845
BFGS:   19 14:23:59    -3004.035961        1.900499
BFGS:   20 14:24:00    -3004.111658        2.841128
BFGS:   21 14:24:01    -3004.819003        1.554169
BFGS:   22 14:24:01    -3005.129588        2.150597
BFGS:   23 14:24:02    -3005.635571        2.095063
BFGS:   24 14:24:02    -3006.092616        2.478246
BFGS:   25 14:24:03    -3006.409142        2.153522
BFGS:   26 14:24:03    -3006.729932        0.996333
BFGS:   27 14:24:04    -3006.863310        0.715600
BFGS:   28 14:24:04    -3006.976139        0.850553
BFGS:   29 14:24:05    -3007.046537        0.994434
BFGS:   30 14:24:05    -3007.121627        0.744697
BFGS:   31 14:24:06    -3007.182647        0.408141
BFGS:   32 14:24:06    -3007.217741        0.369508
BFGS:   33 14:24:07    -3007.238169        0.433800
BFGS:   34 14:24:07    -3007.255227        0.247154
BFGS:   35 14:24:08    -3007.269148        0.241353
BFGS:   36 14:24:08    -3007.282786        0.233762
BFGS:   37 14:24:09    -3007.296207        0.305200
BFGS:   38 14:24:09    -3007.308710        0.259870
BFGS:   39 14:24:10    -3007.318458        0.133523
BFGS:   40 14:24:10    -3007.325576        0.162072
BFGS:   41 14:24:11    -3007.332512        0.247669
BFGS:   42 14:24:11    -3007.341106        0.246490
BFGS:   43 14:24:12    -3007.350769        0.195891
BFGS:   44 14:24:12    -3007.359300        0.140016
BFGS:   45 14:24:13    -3007.365426        0.131531
BFGS:   46 14:24:13    -3007.369652        0.132860
BFGS:   47 14:24:14    -3007.372819        0.120969
BFGS:   48 14:24:14    -3007.375255        0.089094
BFGS:   49 14:24:15    -3007.377097        0.063922
BFGS:   50 14:24:15    -3007.378469        0.067246
BFGS:   51 14:24:16    -3007.379420        0.062464
BFGS:   52 14:24:16    -3007.380085        0.068758
BFGS:   53 14:24:16    -3007.380630        0.077869
BFGS:   54 14:24:17    -3007.381184        0.091058
BFGS:   55 14:24:17    -3007.381865        0.111627
BFGS:   56 14:24:18    -3007.382986        0.149637
BFGS:   57 14:24:18    -3007.386148        0.254817
BFGS:   58 14:24:19    -3007.395042        0.605191
BFGS:   59 14:24:20    -3007.408514        0.649989
BFGS:   60 14:24:20    -3007.389910        0.876162
BFGS:   61 14:24:21    -3007.497831        1.173052
BFGS:   62 14:24:22    -3007.570245        1.060178
BFGS:   63 14:24:22    -3007.608460        1.017182
BFGS:   64 14:24:23    -3007.701120        0.788637
BFGS:   65 14:24:23    -3007.793098        0.694261
BFGS:   66 14:24:24    -3007.874337        0.446823
BFGS:   67 14:24:24    -3007.910870        0.411627
BFGS:   68 14:24:25    -3007.934320        0.357575
BFGS:   69 14:24:25    -3007.970873        0.399215
BFGS:   70 14:24:25    -3007.994820        0.364465
BFGS:   71 14:24:26    -3008.009194        0.295078
BFGS:   72 14:24:26    -3008.020543        0.235544
BFGS:   73 14:24:27    -3008.030534        0.230023
BFGS:   74 14:24:27    -3008.039442        0.234405
BFGS:   75 14:24:28    -3008.048178        0.229463
BFGS:   76 14:24:28    -3008.057677        0.238701
BFGS:   77 14:24:29    -3008.067147        0.227431
BFGS:   78 14:24:29    -3008.074770        0.216321
BFGS:   79 14:24:29    -3008.081025        0.218643
BFGS:   80 14:24:30    -3008.088061        0.232956
BFGS:   81 14:24:30    -3008.097573        0.250555
BFGS:   82 14:24:31    -3008.109181        0.251786
BFGS:   83 14:24:31    -3008.121242        0.225758
BFGS:   84 14:24:31    -3008.133430        0.184997
BFGS:   85 14:24:32    -3008.146052        0.160101
BFGS:   86 14:24:32    -3008.159721        0.235203
BFGS:   87 14:24:33    -3008.173233        0.211521
BFGS:   88 14:24:33    -3008.183518        0.175152
BFGS:   89 14:24:34    -3008.190691        0.110110
BFGS:   90 14:24:34    -3008.196397        0.180567
BFGS:   91 14:24:34    -3008.201614        0.209105
BFGS:   92 14:24:35    -3008.205908        0.146889
BFGS:   93 14:24:35    -3008.208504        0.082772
BFGS:   94 14:24:36    -3008.209699        0.083098
BFGS:   95 14:24:36    -3008.210361        0.075622
BFGS:   96 14:24:36    -3008.211000        0.064515
BFGS:   97 14:24:37    -3008.211711        0.058214
BFGS:   98 14:24:37    -3008.212325        0.053298
BFGS:   99 14:24:37    -3008.212697        0.060399
BFGS:  100 14:24:38    -3008.212908        0.061111
BFGS:  101 14:24:38    -3008.213082        0.061189
BFGS:  102 14:24:38    -3008.213281        0.054751
BFGS:  103 14:24:39    -3008.213428        0.050969
BFGS:  104 14:24:39    -3008.213524        0.046928
BFGS:  105 14:24:39    -3008.213581        0.041537
BFGS:  106 14:24:39    -3008.213620        0.036796
BFGS:  107 14:24:40    -3008.213647        0.036395
BFGS:  108 14:24:40    -3008.213667        0.037902
BFGS:  109 14:24:40    -3008.213684        0.038539
BFGS:  110 14:24:40    -3008.213697        0.038144
BFGS:  111 14:24:40    -3008.213709        0.036993
BFGS:  112 14:24:41    -3008.213718        0.035875
BFGS:  113 14:24:41    -3008.213727        0.035298
BFGS:  114 14:24:41    -3008.213735        0.035407
BFGS:  115 14:24:41    -3008.213740        0.036276
BFGS:  116 14:24:42    -3008.213744        0.037250
BFGS:  117 14:24:42    -3008.213746        0.037734
BFGS:  118 14:24:42    -3008.213747        0.038028
BFGS:  119 14:24:42    -3008.213748        0.038022
BFGS:  120 14:24:42    -3008.213749        0.037607
BFGS:  121 14:24:42    -3008.213751        0.037035
BFGS:  122 14:24:43    -3008.213752        0.036915
BFGS:  123 14:24:43    -3008.213753        0.037011
BFGS:  124 14:24:43    -3008.213754        0.037110
BFGS:  125 14:24:43    -3008.213754        0.037248
BFGS:  126 14:24:43    -3008.213754        0.037422
BFGS:  127 14:24:43    -3008.213755        0.037759
BFGS:  128 14:24:44    -3008.213755        0.037972
BFGS:  129 14:24:44    -3008.213756        0.038263
BFGS:  130 14:24:44    -3008.213756        0.038356
BFGS:  131 14:24:44    -3008.213757        0.038316
BFGS:  132 14:24:44    -3008.213757        0.038112
BFGS:  133 14:24:44    -3008.213758        0.037769
BFGS:  134 14:24:45    -3008.213759        0.037437
BFGS:  135 14:24:45    -3008.213761        0.037545
BFGS:  136 14:24:45    -3008.213763        0.037838
BFGS:  137 14:24:45    -3008.213767        0.038030
BFGS:  138 14:24:45    -3008.213771        0.037878
BFGS:  139 14:24:45    -3008.213774        0.037579
BFGS:  140 14:24:46    -3008.213776        0.037130
BFGS:  141 14:24:46    -3008.213777        0.037190
BFGS:  142 14:24:46    -3008.213781        0.037589
BFGS:  143 14:24:46    -3008.213786        0.038243
BFGS:  144 14:24:46    -3008.213793        0.038915
BFGS:  145 14:24:47    -3008.213800        0.039475
BFGS:  146 14:24:47    -3008.213809        0.039809
BFGS:  147 14:24:47    -3008.213820        0.040006
BFGS:  148 14:24:47    -3008.213839        0.040028
BFGS:  149 14:24:48    -3008.213865        0.039658
BFGS:  150 14:24:48    -3008.213900        0.038744
BFGS:  151 14:24:48    -3008.213935        0.037571
BFGS:  152 14:24:48    -3008.213962        0.036766
BFGS:  153 14:24:49    -3008.213980        0.036312
BFGS:  154 14:24:49    -3008.213993        0.035911
BFGS:  155 14:24:49    -3008.214008        0.036538
BFGS:  156 14:24:49    -3008.214033        0.037315
BFGS:  157 14:24:50    -3008.214079        0.037844
BFGS:  158 14:24:50    -3008.214156        0.037535
BFGS:  159 14:24:50    -3008.214276        0.036540
BFGS:  160 14:24:50    -3008.214445        0.038768
BFGS:  161 14:24:51    -3008.214681        0.042915
BFGS:  162 14:24:51    -3008.214959        0.044873
BFGS:  163 14:24:52    -3008.215218        0.043310
BFGS:  164 14:24:52    -3008.215420        0.044407
BFGS:  165 14:24:52    -3008.215603        0.043127
BFGS:  166 14:24:53    -3008.215848        0.039703
BFGS:  167 14:24:53    -3008.216204        0.035669
BFGS:  168 14:24:53    -3008.216628        0.032628
BFGS:  169 14:24:54    -3008.216979        0.032236
BFGS:  170 14:24:54    -3008.217235        0.037249
BFGS:  171 14:24:54    -3008.217464        0.036499
BFGS:  172 14:24:55    -3008.217610        0.047978
BFGS:  173 14:24:55    -3008.218094        0.032674
BFGS:  174 14:24:56    -3008.218636        0.024256
BFGS:  175 14:24:56    -3008.219194        0.027721
BFGS:  176 14:24:56    -3008.219412        0.028806
BFGS:  177 14:24:57    -3008.219891        0.028634
BFGS:  178 14:24:57    -3008.220193        0.024108
BFGS:  179 14:24:58    -3008.220388        0.020930
BFGS:  180 14:24:58    -3008.220485        0.018283
BFGS:  181 14:24:58    -3008.220556        0.016287
BFGS:  182 14:24:58    -3008.220633        0.010459
BFGS:  183 14:24:59    -3008.220679        0.009203
