      Step     Time          Energy          fmax
BFGS:    0 20:22:15    -2082.493860        7.114612
BFGS:    1 20:22:16    -2085.614858       12.021926
BFGS:    2 20:22:17    -2092.031119        7.038085
BFGS:    3 20:22:18    -2100.206091        7.257949
BFGS:    4 20:22:19    -2103.370523        9.438527
BFGS:    5 20:22:19    -2107.090278        8.183108
BFGS:    6 20:22:20    -2110.649370        7.088099
BFGS:    7 20:22:22    -2112.934013       12.323334
BFGS:    8 20:22:22    -2114.132119        2.886208
BFGS:    9 20:22:23    -2114.745336        2.951494
BFGS:   10 20:22:24    -2115.564934        3.196817
BFGS:   11 20:22:24    -2117.037008        3.984311
BFGS:   12 20:22:26    -2117.546362        7.632858
BFGS:   13 20:22:27    -2118.230656        2.094457
BFGS:   14 20:22:28    -2118.792407        2.715920
BFGS:   15 20:22:31    -2118.830103        6.154855
BFGS:   16 20:22:32    -2119.396010        1.121147
BFGS:   17 20:22:32    -2119.525571        1.035141
BFGS:   18 20:22:33    -2119.847816        1.870144
BFGS:   19 20:22:33    -2120.114791        2.087669
BFGS:   20 20:22:34    -2120.316538        1.541986
BFGS:   21 20:22:35    -2120.763089        1.920448
BFGS:   22 20:22:36    -2121.394084        2.592647
BFGS:   23 20:22:36    -2121.595465        6.750021
BFGS:   24 20:22:37    -2122.338368        5.421345
BFGS:   25 20:22:37    -2122.393529        3.867354
BFGS:   26 20:22:38    -2123.009622        0.944445
BFGS:   27 20:22:38    -2123.185643        0.940357
BFGS:   28 20:22:39    -2123.421261        0.969315
BFGS:   29 20:22:39    -2123.637357        0.731936
BFGS:   30 20:22:39    -2123.746072        0.779784
BFGS:   31 20:22:40    -2123.817075        0.644743
BFGS:   32 20:22:40    -2123.878813        0.438307
BFGS:   33 20:22:41    -2123.920294        0.352802
BFGS:   34 20:22:41    -2123.956782        0.445208
BFGS:   35 20:22:42    -2123.999214        0.586047
BFGS:   36 20:22:42    -2124.028375        0.427779
BFGS:   37 20:22:42    -2124.075010        0.342619
BFGS:   38 20:22:43    -2124.089714        0.333188
BFGS:   39 20:22:43    -2124.108670        0.248734
BFGS:   40 20:22:43    -2124.114079        0.157980
BFGS:   41 20:22:44    -2124.117519        0.116709
BFGS:   42 20:22:44    -2124.120315        0.108592
BFGS:   43 20:22:44    -2124.122347        0.092717
BFGS:   44 20:22:44    -2124.123352        0.062075
BFGS:   45 20:22:45    -2124.124308        0.074678
BFGS:   46 20:22:45    -2124.125417        0.089681
BFGS:   47 20:22:45    -2124.126866        0.084702
BFGS:   48 20:22:45    -2124.128527        0.080280
BFGS:   49 20:22:46    -2124.130206        0.067966
BFGS:   50 20:22:46    -2124.131830        0.074994
BFGS:   51 20:22:46    -2124.133514        0.084898
BFGS:   52 20:22:46    -2124.135191        0.081092
BFGS:   53 20:22:47    -2124.136672        0.064733
BFGS:   54 20:22:47    -2124.137948        0.067847
BFGS:   55 20:22:47    -2124.139097        0.078361
BFGS:   56 20:22:47    -2124.139968        0.052591
BFGS:   57 20:22:48    -2124.140388        0.030327
BFGS:   58 20:22:48    -2124.140538        0.023605
BFGS:   59 20:22:48    -2124.140632        0.020149
BFGS:   60 20:22:48    -2124.140770        0.026652
BFGS:   61 20:22:48    -2124.140970        0.039049
BFGS:   62 20:22:49    -2124.141219        0.040570
BFGS:   63 20:22:49    -2124.141480        0.029127
BFGS:   64 20:22:49    -2124.141737        0.032980
BFGS:   65 20:22:49    -2124.141973        0.030580
BFGS:   66 20:22:50    -2124.142170        0.022256
BFGS:   67 20:22:50    -2124.142331        0.027748
BFGS:   68 20:22:50    -2124.142491        0.030107
BFGS:   69 20:22:50    -2124.142674        0.029383
BFGS:   70 20:22:51    -2124.142855        0.022766
BFGS:   71 20:22:51    -2124.142996        0.018590
BFGS:   72 20:22:51    -2124.143103        0.021707
BFGS:   73 20:22:51    -2124.143222        0.025246
BFGS:   74 20:22:51    -2124.143392        0.026933
BFGS:   75 20:22:52    -2124.143625        0.028940
BFGS:   76 20:22:52    -2124.143887        0.034676
BFGS:   77 20:22:52    -2124.144178        0.030864
BFGS:   78 20:22:52    -2124.144545        0.036545
BFGS:   79 20:22:53    -2124.145131        0.047407
BFGS:   80 20:22:53    -2124.146215        0.068890
BFGS:   81 20:22:53    -2124.148110        0.115526
BFGS:   82 20:22:54    -2124.150977        0.155505
BFGS:   83 20:22:54    -2124.155502        0.140247
BFGS:   84 20:22:55    -2124.161027        0.223728
BFGS:   85 20:22:55    -2124.142204        0.827392
BFGS:   86 20:22:56    -2124.166045        0.191586
BFGS:   87 20:22:56    -2124.168013        0.150863
BFGS:   88 20:22:56    -2124.173612        0.306795
BFGS:   89 20:22:57    -2124.175675        0.105025
BFGS:   90 20:22:57    -2124.180668        0.231925
BFGS:   91 20:22:58    -2124.182489        0.479345
BFGS:   92 20:22:58    -2124.189246        0.165020
BFGS:   93 20:22:59    -2124.194160        0.112776
BFGS:   94 20:23:00    -2124.198598        0.496788
BFGS:   95 20:23:00    -2124.206125        0.110991
BFGS:   96 20:23:00    -2124.210734        0.163705
BFGS:   97 20:23:01    -2124.207638        0.633089
BFGS:   98 20:23:02    -2124.216809        0.147550
BFGS:   99 20:23:02    -2124.219902        0.168087
BFGS:  100 20:23:03    -2124.223969        0.633168
BFGS:  101 20:23:04    -2124.230197        0.206604
BFGS:  102 20:23:04    -2124.234655        0.203966
BFGS:  103 20:23:05    -2124.237158        0.813582
BFGS:  104 20:23:05    -2124.244168        0.096210
BFGS:  105 20:23:05    -2124.247609        0.155162
BFGS:  106 20:23:06    -2124.243389        0.905602
BFGS:  107 20:23:07    -2124.251968        0.138492
BFGS:  108 20:23:07    -2124.253778        0.076561
BFGS:  109 20:23:08    -2124.248996        0.851289
BFGS:  110 20:23:08    -2124.256649        0.079008
BFGS:  111 20:23:09    -2124.258044        0.076015
BFGS:  112 20:23:09    -2124.256206        0.852514
BFGS:  113 20:23:10    -2124.261148        0.082760
BFGS:  114 20:23:10    -2124.262184        0.049405
BFGS:  115 20:23:11    -2124.262883        0.316196
BFGS:  116 20:23:11    -2124.263764        0.123370
BFGS:  117 20:23:11    -2124.263997        0.052257
BFGS:  118 20:23:12    -2124.264501        0.045518
BFGS:  119 20:23:12    -2124.264858        0.095155
BFGS:  120 20:23:12    -2124.265559        0.094942
BFGS:  121 20:23:13    -2124.266032        0.102880
BFGS:  122 20:23:13    -2124.266289        0.041606
BFGS:  123 20:23:13    -2124.266493        0.034602
BFGS:  124 20:23:13    -2124.266668        0.032377
BFGS:  125 20:23:14    -2124.266947        0.046462
BFGS:  126 20:23:14    -2124.267124        0.037483
BFGS:  127 20:23:14    -2124.267414        0.029389
BFGS:  128 20:23:15    -2124.267658        0.026240
BFGS:  129 20:23:15    -2124.267922        0.022785
BFGS:  130 20:23:15    -2124.268138        0.040590
BFGS:  131 20:23:16    -2124.268235        0.059185
BFGS:  132 20:23:16    -2124.268412        0.028631
BFGS:  133 20:23:16    -2124.268553        0.035806
BFGS:  134 20:23:16    -2124.268748        0.056468
BFGS:  135 20:23:16    -2124.268921        0.043565
BFGS:  136 20:23:17    -2124.269261        0.035829
BFGS:  137 20:23:17    -2124.269699        0.039231
BFGS:  138 20:23:17    -2124.270308        0.044937
BFGS:  139 20:23:18    -2124.271213        0.046080
BFGS:  140 20:23:18    -2124.272462        0.053167
BFGS:  141 20:23:18    -2124.273623        0.047607
BFGS:  142 20:23:19    -2124.273380        0.262374
BFGS:  143 20:23:19    -2124.274315        0.041870
BFGS:  144 20:23:20    -2124.274653        0.057999
BFGS:  145 20:23:20    -2124.274916        0.064293
BFGS:  146 20:23:20    -2124.275872        0.111899
BFGS:  147 20:23:20    -2124.276066        0.093158
BFGS:  148 20:23:21    -2124.276430        0.061674
BFGS:  149 20:23:21    -2124.276706        0.048663
BFGS:  150 20:23:21    -2124.277230        0.047384
BFGS:  151 20:23:22    -2124.277796        0.054731
BFGS:  152 20:23:22    -2124.278445        0.047041
BFGS:  153 20:23:22    -2124.278916        0.058112
BFGS:  154 20:23:23    -2124.279167        0.089966
BFGS:  155 20:23:23    -2124.279673        0.059610
BFGS:  156 20:23:23    -2124.280071        0.059896
BFGS:  157 20:23:24    -2124.280490        0.074897
BFGS:  158 20:23:24    -2124.280814        0.042379
BFGS:  159 20:23:24    -2124.280743        0.180883
BFGS:  160 20:23:25    -2124.281117        0.038810
BFGS:  161 20:23:25    -2124.281193        0.034270
BFGS:  162 20:23:25    -2124.281406        0.052551
BFGS:  163 20:23:25    -2124.281518        0.046437
BFGS:  164 20:23:26    -2124.281825        0.033976
BFGS:  165 20:23:26    -2124.282000        0.022085
BFGS:  166 20:23:26    -2124.282082        0.021283
BFGS:  167 20:23:27    -2124.282106        0.051012
BFGS:  168 20:23:27    -2124.282166        0.016854
BFGS:  169 20:23:27    -2124.282262        0.017588
BFGS:  170 20:23:27    -2124.282435        0.013257
BFGS:  171 20:23:28    -2124.282490        0.014893
BFGS:  172 20:23:28    -2124.282545        0.014815
BFGS:  173 20:23:28    -2124.282635        0.018155
BFGS:  174 20:23:28    -2124.282747        0.031858
BFGS:  175 20:23:29    -2124.282848        0.065091
BFGS:  176 20:23:29    -2124.283007        0.019166
BFGS:  177 20:23:29    -2124.283137        0.026874
BFGS:  178 20:23:29    -2124.283216        0.015719
BFGS:  179 20:23:30    -2124.283335        0.023240
BFGS:  180 20:23:30    -2124.283508        0.035280
BFGS:  181 20:23:30    -2124.283611        0.057999
BFGS:  182 20:23:30    -2124.284078        0.119342
BFGS:  183 20:23:31    -2124.284582        0.052453
BFGS:  184 20:23:32    -2124.281015        0.422167
BFGS:  185 20:23:32    -2124.285298        0.067289
BFGS:  186 20:23:32    -2124.285758        0.067808
BFGS:  187 20:23:33    -2124.285647        0.222916
BFGS:  188 20:23:33    -2124.287013        0.083237
BFGS:  189 20:23:34    -2124.287782        0.075423
BFGS:  190 20:23:34    -2124.288257        0.240069
BFGS:  191 20:23:35    -2124.289988        0.088704
BFGS:  192 20:23:35    -2124.291491        0.089754
BFGS:  193 20:23:36    -2124.297197        0.200647
BFGS:  194 20:23:36    -2124.301238        0.362501
BFGS:  195 20:23:37    -2124.312815        0.412887
BFGS:  196 20:23:37    -2124.328273        0.373222
BFGS:  197 20:23:37    -2124.335162        0.347807
BFGS:  198 20:23:37    -2124.335464        0.613918
BFGS:  199 20:23:38    -2124.344633        0.516295
BFGS:  200 20:23:38    -2124.346201        0.498747
