      Step     Time          Energy          fmax
BFGS:    0 13:15:47    -2290.315683        4.665234
BFGS:    1 13:15:48    -2293.759849        4.783095
BFGS:    2 13:15:48    -2301.484308        6.790398
BFGS:    3 13:15:49    -2308.165446        8.481437
BFGS:    4 13:15:49    -2301.256209       26.013711
BFGS:    5 13:15:50    -2312.278522        5.277100
BFGS:    6 13:15:50    -2314.060281        3.729365
BFGS:    7 13:15:51    -2315.613811        4.766906
BFGS:    8 13:15:51    -2316.622240        1.276747
BFGS:    9 13:15:51    -2316.859846        1.435479
BFGS:   10 13:15:52    -2317.733566        2.774018
BFGS:   11 13:15:52    -2318.258189        3.258159
BFGS:   12 13:15:53    -2318.645789        4.211149
BFGS:   13 13:15:53    -2319.065952        2.397515
BFGS:   14 13:15:54    -2319.348816        1.770504
BFGS:   15 13:15:54    -2319.567086        1.393304
BFGS:   16 13:15:54    -2319.632435        0.879400
BFGS:   17 13:15:55    -2319.672978        0.459255
BFGS:   18 13:15:55    -2319.708451        1.390402
BFGS:   19 13:15:55    -2319.739736        1.048753
BFGS:   20 13:15:56    -2319.781205        0.653096
BFGS:   21 13:15:56    -2319.849409        0.742914
BFGS:   22 13:15:57    -2319.986881        1.188560
BFGS:   23 13:15:57    -2319.939700        5.990228
BFGS:   24 13:15:57    -2321.203193        4.678427
BFGS:   25 13:15:58    -2321.266800        4.721408
BFGS:   26 13:15:58    -2322.344966        2.981545
BFGS:   27 13:15:59    -2322.723618        2.444229
BFGS:   28 13:15:59    -2323.082819        2.277927
BFGS:   29 13:16:00    -2324.028965        2.285238
BFGS:   30 13:16:00    -2324.284317        1.461436
BFGS:   31 13:16:00    -2324.485705        1.008826
BFGS:   32 13:16:01    -2324.604429        0.965546
BFGS:   33 13:16:01    -2324.686198        0.802877
BFGS:   34 13:16:02    -2324.734388        0.649884
BFGS:   35 13:16:02    -2324.804395        0.789286
BFGS:   36 13:16:03    -2324.882593        0.733757
BFGS:   37 13:16:03    -2324.945186        0.515172
BFGS:   38 13:16:03    -2324.989752        0.441804
BFGS:   39 13:16:04    -2325.034261        0.665052
BFGS:   40 13:16:04    -2325.068839        0.489926
BFGS:   41 13:16:05    -2325.086435        0.296418
BFGS:   42 13:16:05    -2325.096907        0.203195
BFGS:   43 13:16:05    -2325.107269        0.236586
BFGS:   44 13:16:06    -2325.119657        0.268519
BFGS:   45 13:16:06    -2325.131114        0.216678
BFGS:   46 13:16:07    -2325.140950        0.156039
BFGS:   47 13:16:07    -2325.152024        0.268410
BFGS:   48 13:16:07    -2325.167892        0.379001
BFGS:   49 13:16:08    -2325.190618        0.360139
BFGS:   50 13:16:08    -2325.216074        0.404251
BFGS:   51 13:16:09    -2325.242546        0.331330
BFGS:   52 13:16:09    -2325.272984        0.373337
BFGS:   53 13:16:09    -2325.306176        0.450397
BFGS:   54 13:16:10    -2325.340074        0.343317
BFGS:   55 13:16:10    -2325.363894        0.268034
BFGS:   56 13:16:11    -2325.380907        0.365299
BFGS:   57 13:16:11    -2325.398063        0.283565
BFGS:   58 13:16:11    -2325.417728        0.301103
BFGS:   59 13:16:12    -2325.441410        0.277593
BFGS:   60 13:16:12    -2325.460927        0.312605
BFGS:   61 13:16:12    -2325.487180        0.346962
BFGS:   62 13:16:13    -2325.513947        0.295290
BFGS:   63 13:16:13    -2325.540901        0.266234
BFGS:   64 13:16:13    -2325.564864        0.258983
BFGS:   65 13:16:14    -2325.590764        0.330879
BFGS:   66 13:16:14    -2325.621854        0.400980
BFGS:   67 13:16:14    -2325.655275        0.392089
BFGS:   68 13:16:15    -2325.684737        0.284578
BFGS:   69 13:16:15    -2325.703656        0.208103
BFGS:   70 13:16:15    -2325.716012        0.241295
BFGS:   71 13:16:16    -2325.726964        0.286300
BFGS:   72 13:16:16    -2325.737720        0.272477
BFGS:   73 13:16:16    -2325.748275        0.199589
BFGS:   74 13:16:17    -2325.760287        0.179001
BFGS:   75 13:16:17    -2325.770171        0.206453
BFGS:   76 13:16:17    -2325.783274        0.248244
BFGS:   77 13:16:18    -2325.796273        0.244688
BFGS:   78 13:16:18    -2325.810448        0.216229
BFGS:   79 13:16:18    -2325.825736        0.237751
BFGS:   80 13:16:18    -2325.843366        0.289858
BFGS:   81 13:16:19    -2325.859195        0.256341
BFGS:   82 13:16:19    -2325.869092        0.173244
BFGS:   83 13:16:19    -2325.875150        0.140632
BFGS:   84 13:16:20    -2325.880475        0.140991
BFGS:   85 13:16:20    -2325.886185        0.189244
BFGS:   86 13:16:20    -2325.891229        0.151492
BFGS:   87 13:16:21    -2325.894398        0.110466
BFGS:   88 13:16:21    -2325.896453        0.092491
BFGS:   89 13:16:21    -2325.898674        0.119871
BFGS:   90 13:16:21    -2325.901550        0.141599
BFGS:   91 13:16:22    -2325.904383        0.118822
BFGS:   92 13:16:22    -2325.906631        0.094761
BFGS:   93 13:16:22    -2325.908517        0.092179
BFGS:   94 13:16:22    -2325.910498        0.079080
BFGS:   95 13:16:23    -2325.912438        0.087978
BFGS:   96 13:16:23    -2325.913999        0.068170
BFGS:   97 13:16:23    -2325.915140        0.065577
BFGS:   98 13:16:23    -2325.916131        0.056204
BFGS:   99 13:16:24    -2325.917128        0.058294
BFGS:  100 13:16:24    -2325.918119        0.064180
BFGS:  101 13:16:24    -2325.919071        0.059471
BFGS:  102 13:16:24    -2325.920016        0.064393
BFGS:  103 13:16:25    -2325.920928        0.045896
BFGS:  104 13:16:25    -2325.921663        0.049437
BFGS:  105 13:16:25    -2325.922159        0.037466
BFGS:  106 13:16:25    -2325.922539        0.032324
BFGS:  107 13:16:26    -2325.922940        0.036259
BFGS:  108 13:16:26    -2325.923420        0.046726
BFGS:  109 13:16:26    -2325.923891        0.042606
BFGS:  110 13:16:26    -2325.924272        0.032325
BFGS:  111 13:16:27    -2325.924572        0.028150
BFGS:  112 13:16:27    -2325.924873        0.025025
BFGS:  113 13:16:27    -2325.925213        0.038205
BFGS:  114 13:16:27    -2325.925594        0.051579
BFGS:  115 13:16:28    -2325.925987        0.051620
BFGS:  116 13:16:28    -2325.926374        0.035543
BFGS:  117 13:16:28    -2325.926732        0.031109
BFGS:  118 13:16:28    -2325.927065        0.038550
BFGS:  119 13:16:29    -2325.927383        0.052791
BFGS:  120 13:16:29    -2325.927736        0.046199
BFGS:  121 13:16:29    -2325.928122        0.036754
BFGS:  122 13:16:29    -2325.928494        0.033645
BFGS:  123 13:16:30    -2325.928786        0.037282
BFGS:  124 13:16:30    -2325.929028        0.034894
BFGS:  125 13:16:30    -2325.929304        0.032196
BFGS:  126 13:16:30    -2325.929694        0.039032
BFGS:  127 13:16:30    -2325.930213        0.044118
BFGS:  128 13:16:31    -2325.930823        0.053211
BFGS:  129 13:16:31    -2325.931510        0.054967
BFGS:  130 13:16:31    -2325.932363        0.055623
BFGS:  131 13:16:32    -2325.933554        0.080112
BFGS:  132 13:16:32    -2325.935198        0.096753
BFGS:  133 13:16:32    -2325.937427        0.088157
BFGS:  134 13:16:32    -2325.940357        0.105302
BFGS:  135 13:16:33    -2325.944183        0.140086
BFGS:  136 13:16:33    -2325.948506        0.166603
BFGS:  137 13:16:33    -2325.952675        0.129207
BFGS:  138 13:16:34    -2325.955218        0.193343
BFGS:  139 13:16:34    -2325.959627        0.164629
BFGS:  140 13:16:34    -2325.964674        0.139418
BFGS:  141 13:16:35    -2325.972634        0.189635
BFGS:  142 13:16:35    -2325.978536        0.281118
BFGS:  143 13:16:35    -2325.980790        0.137544
BFGS:  144 13:16:35    -2325.982484        0.061697
BFGS:  145 13:16:36    -2325.983250        0.076500
BFGS:  146 13:16:36    -2325.984277        0.119732
BFGS:  147 13:16:36    -2325.984873        0.063420
BFGS:  148 13:16:36    -2325.985288        0.038351
BFGS:  149 13:16:37    -2325.985674        0.035673
BFGS:  150 13:16:37    -2325.985941        0.035185
BFGS:  151 13:16:37    -2325.986429        0.033724
BFGS:  152 13:16:37    -2325.986886        0.067132
BFGS:  153 13:16:37    -2325.987443        0.057983
BFGS:  154 13:16:38    -2325.988074        0.057573
BFGS:  155 13:16:38    -2325.988848        0.061020
BFGS:  156 13:16:38    -2325.989779        0.054786
BFGS:  157 13:16:38    -2325.990926        0.075153
BFGS:  158 13:16:39    -2325.992268        0.091336
BFGS:  159 13:16:39    -2325.993668        0.083563
BFGS:  160 13:16:39    -2325.995092        0.096982
BFGS:  161 13:16:40    -2325.996525        0.208135
BFGS:  162 13:16:40    -2325.998486        0.140369
BFGS:  163 13:16:40    -2326.000629        0.142419
BFGS:  164 13:16:40    -2326.002549        0.088951
BFGS:  165 13:16:41    -2326.004232        0.076685
BFGS:  166 13:16:41    -2326.006021        0.156070
BFGS:  167 13:16:41    -2326.007803        0.090991
BFGS:  168 13:16:41    -2326.009514        0.299569
BFGS:  169 13:16:42    -2326.011283        0.085666
BFGS:  170 13:16:42    -2326.012914        0.099491
BFGS:  171 13:16:42    -2326.014178        0.116775
BFGS:  172 13:16:42    -2326.015445        0.109330
BFGS:  173 13:16:43    -2326.016584        0.129535
BFGS:  174 13:16:43    -2326.017237        0.150335
BFGS:  175 13:16:43    -2326.017747        0.135686
BFGS:  176 13:16:43    -2326.018271        0.097093
BFGS:  177 13:16:44    -2326.019165        0.079338
BFGS:  178 13:16:44    -2326.020062        0.104860
BFGS:  179 13:16:44    -2326.021051        0.075359
BFGS:  180 13:16:44    -2326.021774        0.054833
BFGS:  181 13:16:45    -2326.022289        0.045157
BFGS:  182 13:16:45    -2326.022742        0.039303
BFGS:  183 13:16:45    -2326.023184        0.045602
BFGS:  184 13:16:45    -2326.023548        0.054386
BFGS:  185 13:16:46    -2326.023848        0.070355
BFGS:  186 13:16:46    -2326.024114        0.062493
BFGS:  187 13:16:46    -2326.024341        0.049069
BFGS:  188 13:16:46    -2326.024507        0.030706
BFGS:  189 13:16:46    -2326.024626        0.027226
BFGS:  190 13:16:47    -2326.024744        0.031107
BFGS:  191 13:16:47    -2326.024892        0.026819
BFGS:  192 13:16:47    -2326.025076        0.035809
BFGS:  193 13:16:47    -2326.025294        0.032953
BFGS:  194 13:16:47    -2326.025560        0.041959
BFGS:  195 13:16:48    -2326.025932        0.048549
BFGS:  196 13:16:48    -2326.026471        0.061413
BFGS:  197 13:16:48    -2326.027266        0.058275
BFGS:  198 13:16:48    -2326.028369        0.116134
BFGS:  199 13:16:49    -2326.029880        0.176030
BFGS:  200 13:16:49    -2326.031831        0.202975
