      Step     Time          Energy          fmax
BFGS:    0 10:09:20    -2056.201159        0.967063
BFGS:    1 10:09:20    -2056.226784        0.886296
      Step     Time          Energy          fmax
BFGS:    0 12:47:40    -2014.333021       10.856951
BFGS:    1 12:47:40    -2020.073700       11.706661
BFGS:    2 12:47:41    -2023.388601        7.356678
BFGS:    3 12:47:41    -2026.239453        4.325375
BFGS:    4 12:47:42    -2029.728327        3.833278
BFGS:    5 12:47:42    -2030.955498       12.627742
BFGS:    6 12:47:43    -2035.586817        8.730577
BFGS:    7 12:47:43    -2043.178642       13.459706
BFGS:    8 12:47:43    -2049.423044       15.659500
BFGS:    9 12:47:43    -2048.872344       13.519131
BFGS:   10 12:47:44    -2049.951503       12.799933
BFGS:   11 12:47:44    -2054.613462        4.623669
BFGS:   12 12:47:44    -2055.967321        2.896148
BFGS:   13 12:47:44    -2056.784990        2.532131
BFGS:   14 12:47:45    -2057.463464        1.582307
BFGS:   15 12:47:45    -2057.690757        1.089553
BFGS:   16 12:47:45    -2058.053466        1.600847
BFGS:   17 12:47:45    -2058.430164        4.844462
BFGS:   18 12:47:45    -2058.642703        5.390782
BFGS:   19 12:47:46    -2059.366723        1.639991
BFGS:   20 12:47:46    -2059.955865        1.628417
BFGS:   21 12:47:46    -2060.279974        1.639078
BFGS:   22 12:47:46    -2060.468899        1.269769
BFGS:   23 12:47:46    -2060.661585        1.040715
BFGS:   24 12:47:46    -2060.806875        0.867982
BFGS:   25 12:47:47    -2060.895188        0.899783
BFGS:   26 12:47:47    -2060.965949        0.785772
BFGS:   27 12:47:47    -2061.046670        0.610748
BFGS:   28 12:47:47    -2061.084282        0.572265
BFGS:   29 12:47:47    -2061.107479        0.288774
BFGS:   30 12:47:47    -2061.123203        0.396442
BFGS:   31 12:47:48    -2061.140460        0.409530
BFGS:   32 12:47:48    -2061.161621        0.391660
BFGS:   33 12:47:48    -2061.183169        0.288541
BFGS:   34 12:47:48    -2061.200605        0.343357
BFGS:   35 12:47:48    -2061.215108        0.277146
BFGS:   36 12:47:48    -2061.227426        0.201624
BFGS:   37 12:47:48    -2061.239332        0.187718
BFGS:   38 12:47:49    -2061.252880        0.239866
BFGS:   39 12:47:49    -2061.268137        0.249590
BFGS:   40 12:47:49    -2061.284136        0.243566
BFGS:   41 12:47:49    -2061.297795        0.268047
BFGS:   42 12:47:49    -2061.306741        0.298833
BFGS:   43 12:47:49    -2061.312975        0.278453
BFGS:   44 12:47:50    -2061.318560        0.183933
BFGS:   45 12:47:50    -2061.324144        0.162167
BFGS:   46 12:47:50    -2061.329870        0.197788
BFGS:   47 12:47:50    -2061.334894        0.261940
BFGS:   48 12:47:50    -2061.338373        0.195749
BFGS:   49 12:47:50    -2061.340371        0.073053
BFGS:   50 12:47:50    -2061.341705        0.069720
BFGS:   51 12:47:50    -2061.343572        0.127035
BFGS:   52 12:47:51    -2061.347900        0.240279
BFGS:   53 12:47:51    -2061.358832        0.397539
BFGS:   54 12:47:51    -2061.388086        0.637678
BFGS:   55 12:47:51    -2061.433436        0.846986
BFGS:   56 12:47:51    -2061.482525        0.913220
BFGS:   57 12:47:51    -2061.551531        0.802497
BFGS:   58 12:47:52    -2061.637769        0.442879
BFGS:   59 12:47:52    -2061.658931        0.177986
BFGS:   60 12:47:52    -2061.664046        0.204076
BFGS:   61 12:47:52    -2061.667168        0.188246
BFGS:   62 12:47:52    -2061.669992        0.121778
BFGS:   63 12:47:52    -2061.671054        0.080373
BFGS:   64 12:47:52    -2061.671338        0.087075
BFGS:   65 12:47:53    -2061.671471        0.099092
BFGS:   66 12:47:53    -2061.671575        0.110707
BFGS:   67 12:47:53    -2061.671679        0.118521
BFGS:   68 12:47:53    -2061.671867        0.123712
BFGS:   69 12:47:53    -2061.672039        0.116769
BFGS:   70 12:47:53    -2061.672147        0.099116
BFGS:   71 12:47:53    -2061.672189        0.092366
BFGS:   72 12:47:53    -2061.672211        0.095934
BFGS:   73 12:47:53    -2061.672229        0.099739
BFGS:   74 12:47:54    -2061.672250        0.103122
BFGS:   75 12:47:54    -2061.672279        0.105365
BFGS:   76 12:47:54    -2061.672314        0.104144
BFGS:   77 12:47:54    -2061.672351        0.099439
BFGS:   78 12:47:54    -2061.672388        0.093618
BFGS:   79 12:47:54    -2061.672422        0.089703
BFGS:   80 12:47:54    -2061.672450        0.088822
BFGS:   81 12:47:54    -2061.672472        0.090904
BFGS:   82 12:47:55    -2061.672489        0.094533
BFGS:   83 12:47:55    -2061.672509        0.098988
BFGS:   84 12:47:55    -2061.672540        0.103347
BFGS:   85 12:47:55    -2061.672585        0.105022
BFGS:   86 12:47:55    -2061.672634        0.100893
BFGS:   87 12:47:55    -2061.672675        0.093867
BFGS:   88 12:47:55    -2061.672705        0.088793
BFGS:   89 12:47:55    -2061.672736        0.086213
BFGS:   90 12:47:55    -2061.672774        0.086262
BFGS:   91 12:47:56    -2061.672812        0.089167
BFGS:   92 12:47:56    -2061.672844        0.093903
BFGS:   93 12:47:56    -2061.672870        0.097418
BFGS:   94 12:47:56    -2061.672889        0.097352
BFGS:   95 12:47:56    -2061.672901        0.094414
BFGS:   96 12:47:56    -2061.672909        0.091415
BFGS:   97 12:47:56    -2061.672918        0.088619
BFGS:   98 12:47:56    -2061.672935        0.085766
BFGS:   99 12:47:56    -2061.672968        0.083189
BFGS:  100 12:47:57    -2061.673019        0.082349
BFGS:  101 12:47:57    -2061.673063        0.084649
BFGS:  102 12:47:57    -2061.673087        0.089262
BFGS:  103 12:47:57    -2061.673097        0.092241
BFGS:  104 12:47:57    -2061.673107        0.094101
BFGS:  105 12:47:57    -2061.673120        0.094443
BFGS:  106 12:47:57    -2061.673129        0.092670
BFGS:  107 12:47:57    -2061.673134        0.090578
BFGS:  108 12:47:57    -2061.673136        0.089646
BFGS:  109 12:47:58    -2061.673138        0.089265
BFGS:  110 12:47:58    -2061.673140        0.089469
BFGS:  111 12:47:58    -2061.673142        0.090132
BFGS:  112 12:47:58    -2061.673145        0.090999
BFGS:  113 12:47:58    -2061.673147        0.091313
BFGS:  114 12:47:58    -2061.673149        0.091157
BFGS:  115 12:47:58    -2061.673151        0.090589
BFGS:  116 12:47:58    -2061.673153        0.089289
BFGS:  117 12:47:58    -2061.673155        0.088928
BFGS:  118 12:47:58    -2061.673159        0.088522
BFGS:  119 12:47:58    -2061.673161        0.089301
BFGS:  120 12:47:59    -2061.673162        0.090625
BFGS:  121 12:47:59    -2061.673163        0.090726
BFGS:  122 12:47:59    -2061.673164        0.091082
BFGS:  123 12:47:59    -2061.673167        0.090920
BFGS:  124 12:47:59    -2061.673170        0.090402
BFGS:  125 12:47:59    -2061.673174        0.090017
BFGS:  126 12:47:59    -2061.673185        0.089079
BFGS:  127 12:47:59    -2061.673193        0.089069
BFGS:  128 12:47:59    -2061.673206        0.089662
BFGS:  129 12:47:59    -2061.673214        0.090473
BFGS:  130 12:48:00    -2061.673225        0.091580
BFGS:  131 12:48:00    -2061.673238        0.092508
BFGS:  132 12:48:00    -2061.673254        0.092831
BFGS:  133 12:48:00    -2061.673273        0.092429
BFGS:  134 12:48:00    -2061.673294        0.091579
BFGS:  135 12:48:00    -2061.673319        0.090752
BFGS:  136 12:48:00    -2061.673354        0.090448
BFGS:  137 12:48:00    -2061.673410        0.091222
BFGS:  138 12:48:01    -2061.673501        0.094046
BFGS:  139 12:48:01    -2061.673637        0.099310
BFGS:  140 12:48:01    -2061.673857        0.106194
BFGS:  141 12:48:01    -2061.674213        0.114021
BFGS:  142 12:48:01    -2061.674767        0.119040
BFGS:  143 12:48:01    -2061.656062        1.492504
BFGS:  144 12:48:02    -2061.675550        0.116360
BFGS:  145 12:48:02    -2061.676147        0.116259
BFGS:  146 12:48:02    -2061.677472        0.973275
BFGS:  147 12:48:02    -2061.680543        0.124788
BFGS:  148 12:48:02    -2061.682849        0.125748
BFGS:  149 12:48:03    -2061.669710        1.464257
BFGS:  150 12:48:03    -2061.684761        0.129762
BFGS:  151 12:48:03    -2061.685779        0.132996
BFGS:  152 12:48:03    -2061.686546        0.402989
BFGS:  153 12:48:03    -2061.687481        0.145555
BFGS:  154 12:48:03    -2061.687786        0.148253
BFGS:  155 12:48:04    -2061.688765        0.160134
BFGS:  156 12:48:04    -2061.689180        0.157742
BFGS:  157 12:48:04    -2061.690063        0.161094
BFGS:  158 12:48:04    -2061.690940        0.160724
BFGS:  159 12:48:04    -2061.692321        0.153753
BFGS:  160 12:48:04    -2061.694063        0.153943
BFGS:  161 12:48:05    -2061.696395        0.171065
BFGS:  162 12:48:05    -2061.698718        0.180823
BFGS:  163 12:48:05    -2061.700340        0.171385
BFGS:  164 12:48:05    -2061.701094        0.165444
BFGS:  165 12:48:05    -2061.701494        0.171663
BFGS:  166 12:48:05    -2061.701886        0.161318
BFGS:  167 12:48:06    -2061.702336        0.167128
BFGS:  168 12:48:06    -2061.702746        0.159167
BFGS:  169 12:48:06    -2061.703009        0.159656
BFGS:  170 12:48:06    -2061.703135        0.171048
BFGS:  171 12:48:06    -2061.703208        0.168430
BFGS:  172 12:48:06    -2061.703278        0.170695
BFGS:  173 12:48:06    -2061.703345        0.168748
BFGS:  174 12:48:06    -2061.703419        0.167746
BFGS:  175 12:48:07    -2061.703516        0.166780
BFGS:  176 12:48:07    -2061.703616        0.166704
BFGS:  177 12:48:07    -2061.703705        0.168015
BFGS:  178 12:48:07    -2061.703794        0.169770
BFGS:  179 12:48:07    -2061.703927        0.173095
BFGS:  180 12:48:07    -2061.704179        0.177376
BFGS:  181 12:48:07    -2061.704654        0.182949
BFGS:  182 12:48:07    -2061.705386        0.184217
BFGS:  183 12:48:08    -2061.706171        0.176936
BFGS:  184 12:48:08    -2061.706724        0.164639
BFGS:  185 12:48:08    -2061.707028        0.157302
BFGS:  186 12:48:08    -2061.707255        0.154762
BFGS:  187 12:48:08    -2061.707475        0.153241
BFGS:  188 12:48:08    -2061.707670        0.154229
BFGS:  189 12:48:09    -2061.707829        0.154843
BFGS:  190 12:48:09    -2061.707957        0.153240
BFGS:  191 12:48:09    -2061.708063        0.149372
BFGS:  192 12:48:09    -2061.708161        0.146116
BFGS:  193 12:48:09    -2061.708255        0.149123
BFGS:  194 12:48:09    -2061.708320        0.150214
BFGS:  195 12:48:09    -2061.708356        0.148959
BFGS:  196 12:48:09    -2061.708380        0.147573
BFGS:  197 12:48:10    -2061.708405        0.145787
BFGS:  198 12:48:10    -2061.708432        0.145001
BFGS:  199 12:48:10    -2061.708451        0.145133
BFGS:  200 12:48:10    -2061.708463        0.146187
