      Step     Time          Energy          fmax
BFGS:    0 20:10:37    -2239.342606        4.596788
BFGS:    1 20:10:38    -2240.941411        2.064265
BFGS:    2 20:10:39    -2241.828020        2.317654
BFGS:    3 20:10:40    -2244.364431        4.653325
BFGS:    4 20:10:41    -2247.267016        7.809034
BFGS:    5 20:10:42    -2250.163171       11.146350
BFGS:    6 20:10:42    -2252.199119       13.594388
BFGS:    7 20:10:43    -2254.487994       11.800554
BFGS:    8 20:10:44    -2259.716141       12.185454
BFGS:    9 20:10:44    -2262.192507        8.649971
BFGS:   10 20:10:45    -2267.155016        5.655404
BFGS:   11 20:10:46    -2264.574755       27.921700
BFGS:   12 20:10:47    -2269.450986        4.039109
BFGS:   13 20:10:47    -2270.453644        3.199167
BFGS:   14 20:10:48    -2272.129326        4.366155
BFGS:   15 20:10:49    -2272.624197        1.422899
BFGS:   16 20:10:49    -2273.146801        1.160565
BFGS:   17 20:10:50    -2273.346751        1.246492
BFGS:   18 20:10:50    -2273.500362        0.803795
BFGS:   19 20:10:51    -2273.596318        0.663967
BFGS:   20 20:10:51    -2273.700887        0.927123
BFGS:   21 20:10:52    -2273.823846        1.610649
BFGS:   22 20:10:52    -2273.962799        1.730207
BFGS:   23 20:10:53    -2274.118490        0.993342
BFGS:   24 20:10:54    -2274.313812        1.160402
BFGS:   25 20:10:54    -2274.509653        1.331924
BFGS:   26 20:10:55    -2274.724394        0.990357
BFGS:   27 20:10:55    -2274.955671        1.076412
BFGS:   28 20:10:56    -2275.218433        1.276945
BFGS:   29 20:10:57    -2275.516829        1.740006
BFGS:   30 20:10:57    -2275.790918        1.311329
BFGS:   31 20:10:58    -2276.117729        2.899358
BFGS:   32 20:10:58    -2276.378123        6.003013
BFGS:   33 20:10:59    -2277.467592        7.844334
BFGS:   34 20:10:59    -2278.054302        6.337642
BFGS:   35 20:11:00    -2279.044340        6.047713
BFGS:   36 20:11:00    -2279.976034        6.335840
BFGS:   37 20:11:01    -2281.774851        4.854270
BFGS:   38 20:11:01    -2281.384563       10.669225
BFGS:   39 20:11:02    -2282.751708        5.294475
BFGS:   40 20:11:03    -2283.125567        3.027843
BFGS:   41 20:11:03    -2283.524229        2.675754
BFGS:   42 20:11:04    -2283.910628        3.027249
BFGS:   43 20:11:04    -2284.130749        3.453078
BFGS:   44 20:11:04    -2284.430217        2.821963
BFGS:   45 20:11:05    -2284.552468        2.028221
BFGS:   46 20:11:05    -2284.720136        1.549626
BFGS:   47 20:11:06    -2284.811306        1.293786
BFGS:   48 20:11:06    -2284.873193        1.216711
BFGS:   49 20:11:07    -2284.905487        0.940709
BFGS:   50 20:11:07    -2284.932727        1.111705
BFGS:   51 20:11:07    -2284.950011        1.152376
BFGS:   52 20:11:08    -2284.961887        1.098496
BFGS:   53 20:11:08    -2284.971595        0.998704
BFGS:   54 20:11:08    -2284.980743        0.886964
BFGS:   55 20:11:09    -2284.987964        0.818434
BFGS:   56 20:11:09    -2284.993084        0.805075
BFGS:   57 20:11:10    -2284.996968        0.829844
BFGS:   58 20:11:10    -2285.000548        0.856732
BFGS:   59 20:11:10    -2285.003941        0.867510
BFGS:   60 20:11:11    -2285.007001        0.841483
BFGS:   61 20:11:11    -2285.009980        0.786719
BFGS:   62 20:11:11    -2285.013561        0.701307
BFGS:   63 20:11:12    -2285.018119        0.661544
BFGS:   64 20:11:12    -2285.023296        0.609593
BFGS:   65 20:11:12    -2285.028475        0.509397
BFGS:   66 20:11:13    -2285.033532        0.429776
BFGS:   67 20:11:13    -2285.038650        0.438909
BFGS:   68 20:11:13    -2285.043538        0.434910
BFGS:   69 20:11:14    -2285.047884        0.401342
BFGS:   70 20:11:14    -2285.052113        0.326295
BFGS:   71 20:11:14    -2285.057044        0.255982
BFGS:   72 20:11:15    -2285.062399        0.269238
BFGS:   73 20:11:15    -2285.066554        0.188079
BFGS:   74 20:11:15    -2285.068481        0.075127
BFGS:   75 20:11:16    -2285.069129        0.036386
BFGS:   76 20:11:16    -2285.069414        0.032131
BFGS:   77 20:11:16    -2285.069609        0.034075
BFGS:   78 20:11:17    -2285.069754        0.030381
BFGS:   79 20:11:17    -2285.069856        0.027870
BFGS:   80 20:11:17    -2285.069922        0.032486
BFGS:   81 20:11:17    -2285.069965        0.037664
BFGS:   82 20:11:18    -2285.070003        0.039970
BFGS:   83 20:11:18    -2285.070050        0.036147
BFGS:   84 20:11:18    -2285.070108        0.031859
BFGS:   85 20:11:19    -2285.070174        0.026686
BFGS:   86 20:11:19    -2285.070242        0.029829
BFGS:   87 20:11:19    -2285.070311        0.023826
BFGS:   88 20:11:20    -2285.070390        0.027436
BFGS:   89 20:11:20    -2285.070480        0.033016
BFGS:   90 20:11:20    -2285.070574        0.037283
BFGS:   91 20:11:20    -2285.070655        0.037982
BFGS:   92 20:11:21    -2285.070709        0.036575
BFGS:   93 20:11:21    -2285.070748        0.034277
BFGS:   94 20:11:21    -2285.070790        0.032574
BFGS:   95 20:11:22    -2285.070853        0.034607
BFGS:   96 20:11:22    -2285.070940        0.037169
BFGS:   97 20:11:22    -2285.071033        0.033068
BFGS:   98 20:11:23    -2285.071111        0.032513
BFGS:   99 20:11:23    -2285.071183        0.035443
BFGS:  100 20:11:23    -2285.071278        0.043218
BFGS:  101 20:11:23    -2285.071420        0.050243
BFGS:  102 20:11:24    -2285.071584        0.049976
BFGS:  103 20:11:24    -2285.071737        0.051479
BFGS:  104 20:11:24    -2285.071886        0.054599
BFGS:  105 20:11:25    -2285.072117        0.056189
BFGS:  106 20:11:25    -2285.072555        0.070874
BFGS:  107 20:11:25    -2285.073360        0.090499
BFGS:  108 20:11:26    -2285.074637        0.113624
BFGS:  109 20:11:26    -2285.076146        0.133198
BFGS:  110 20:11:26    -2285.078026        0.128936
BFGS:  111 20:11:27    -2285.080402        0.127123
BFGS:  112 20:11:27    -2285.082998        0.159594
BFGS:  113 20:11:28    -2285.085553        0.164304
BFGS:  114 20:11:28    -2285.087166        0.150942
BFGS:  115 20:11:28    -2285.089096        0.108898
BFGS:  116 20:11:29    -2285.090647        0.100946
BFGS:  117 20:11:29    -2285.093018        0.119718
BFGS:  118 20:11:30    -2285.095502        0.140204
BFGS:  119 20:11:30    -2285.097757        0.164512
BFGS:  120 20:11:30    -2285.099901        0.160481
BFGS:  121 20:11:31    -2285.102168        0.157228
BFGS:  122 20:11:31    -2285.103986        0.166336
BFGS:  123 20:11:32    -2285.105002        0.143040
BFGS:  124 20:11:32    -2285.105547        0.117470
BFGS:  125 20:11:32    -2285.105988        0.118291
BFGS:  126 20:11:33    -2285.106589        0.117534
BFGS:  127 20:11:33    -2285.107005        0.114518
BFGS:  128 20:11:33    -2285.107391        0.111963
BFGS:  129 20:11:34    -2285.107737        0.108819
BFGS:  130 20:11:34    -2285.108140        0.109131
BFGS:  131 20:11:34    -2285.108577        0.111131
BFGS:  132 20:11:35    -2285.109109        0.118164
BFGS:  133 20:11:35    -2285.109817        0.131757
BFGS:  134 20:11:35    -2285.110803        0.151369
BFGS:  135 20:11:36    -2285.112069        0.170643
BFGS:  136 20:11:36    -2285.113513        0.179040
BFGS:  137 20:11:36    -2285.115091        0.176158
BFGS:  138 20:11:37    -2285.117114        0.177717
BFGS:  139 20:11:37    -2285.121197        0.219998
BFGS:  140 20:11:38    -2285.144695        0.713253
BFGS:  141 20:11:38    -2285.249884        1.103008
BFGS:  142 20:11:39    -2285.529307        1.902257
BFGS:  143 20:11:39    -2284.925490        6.244350
BFGS:  144 20:11:39    -2285.736029        1.918694
BFGS:  145 20:11:40    -2285.891326        1.782832
BFGS:  146 20:11:40    -2286.496928        0.847566
BFGS:  147 20:11:41    -2286.602956        0.704903
BFGS:  148 20:11:41    -2286.679569        0.958542
BFGS:  149 20:11:41    -2286.785155        0.867508
BFGS:  150 20:11:42    -2286.830574        0.536488
BFGS:  151 20:11:42    -2286.880312        0.382380
BFGS:  152 20:11:43    -2286.915914        0.444843
BFGS:  153 20:11:43    -2286.951789        0.468305
BFGS:  154 20:11:43    -2286.978430        0.370238
BFGS:  155 20:11:44    -2286.997155        0.226342
BFGS:  156 20:11:44    -2287.010046        0.242199
BFGS:  157 20:11:45    -2287.019955        0.246322
BFGS:  158 20:11:45    -2287.027493        0.168321
BFGS:  159 20:11:45    -2287.032860        0.134041
BFGS:  160 20:11:45    -2287.036749        0.117780
BFGS:  161 20:11:46    -2287.039933        0.137235
BFGS:  162 20:11:46    -2287.042740        0.098181
BFGS:  163 20:11:47    -2287.045402        0.118383
BFGS:  164 20:11:47    -2287.048519        0.126106
BFGS:  165 20:11:47    -2287.053852        0.177613
BFGS:  166 20:11:48    -2287.078730        0.590382
BFGS:  167 20:11:48    -2287.027857        1.250470
BFGS:  168 20:11:49    -2287.089880        0.757440
BFGS:  169 20:11:49    -2287.099901        0.840809
BFGS:  170 20:11:50    -2287.372589        1.770150
BFGS:  171 20:11:50    -2287.893154        1.739495
BFGS:  172 20:11:51    -2287.913308        3.044425
BFGS:  173 20:11:51    -2288.173166        1.769422
BFGS:  174 20:11:51    -2288.301994        1.474105
BFGS:  175 20:11:52    -2288.491143        0.956889
BFGS:  176 20:11:52    -2288.615637        0.953304
BFGS:  177 20:11:53    -2288.695849        0.719005
BFGS:  178 20:11:53    -2288.781823        0.763809
BFGS:  179 20:11:53    -2288.870466        0.794223
BFGS:  180 20:11:54    -2288.940050        0.725499
BFGS:  181 20:11:54    -2288.993409        0.558691
BFGS:  182 20:11:54    -2289.039191        0.495313
BFGS:  183 20:11:55    -2289.079655        0.403075
BFGS:  184 20:11:55    -2289.114606        0.399801
BFGS:  185 20:11:56    -2289.136645        0.375089
BFGS:  186 20:11:56    -2289.148319        0.227304
BFGS:  187 20:11:56    -2289.154550        0.145145
BFGS:  188 20:11:57    -2289.158515        0.120910
BFGS:  189 20:11:57    -2289.161513        0.115905
BFGS:  190 20:11:57    -2289.164328        0.120065
BFGS:  191 20:11:57    -2289.167185        0.133369
BFGS:  192 20:11:58    -2289.169702        0.106140
BFGS:  193 20:11:58    -2289.171781        0.079718
BFGS:  194 20:11:58    -2289.173979        0.104803
BFGS:  195 20:11:59    -2289.177275        0.146434
BFGS:  196 20:11:59    -2289.183105        0.166688
BFGS:  197 20:11:59    -2289.194980        0.205330
BFGS:  198 20:12:00    -2289.227379        0.595065
BFGS:  199 20:12:00    -2289.240600        1.354997
BFGS:  200 20:12:00    -2289.297688        1.447286
