      Step     Time          Energy          fmax
BFGS:    0 20:19:50    -2400.246558        7.983649
BFGS:    1 20:19:51    -2407.628348        6.968338
BFGS:    2 20:19:52    -2408.412670       17.924103
BFGS:    3 20:19:53    -2411.627408        4.728824
BFGS:    4 20:19:53    -2412.551917        2.939733
BFGS:    5 20:19:54    -2413.172359        4.269621
BFGS:    6 20:19:55    -2413.536721        1.681857
BFGS:    7 20:19:56    -2413.774396        1.093147
BFGS:    8 20:19:57    -2413.988862        1.671230
BFGS:    9 20:19:58    -2414.129884        1.257114
BFGS:   10 20:19:59    -2414.490388        2.244842
BFGS:   11 20:19:59    -2414.841987        2.480233
BFGS:   12 20:20:00    -2415.420395        2.581401
BFGS:   13 20:20:01    -2415.741173        1.131908
BFGS:   14 20:20:02    -2415.901697        0.999514
BFGS:   15 20:20:02    -2416.050575        1.215049
BFGS:   16 20:20:03    -2416.204009        0.923459
BFGS:   17 20:20:04    -2416.399863        1.149954
BFGS:   18 20:20:05    -2416.771698        2.132596
BFGS:   19 20:20:05    -2417.386157        3.245484
BFGS:   20 20:20:06    -2417.564161        6.460657
BFGS:   21 20:20:07    -2418.610009        4.299189
BFGS:   22 20:20:07    -2419.376606        3.364067
BFGS:   23 20:20:08    -2420.028825        4.715140
BFGS:   24 20:20:08    -2420.085615        4.912586
BFGS:   25 20:20:09    -2420.370684        4.026663
BFGS:   26 20:20:09    -2420.571238        2.957259
BFGS:   27 20:20:10    -2420.883260        3.011062
BFGS:   28 20:20:10    -2421.129990        2.282536
BFGS:   29 20:20:11    -2421.344259        1.875926
BFGS:   30 20:20:11    -2421.521736        2.252414
BFGS:   31 20:20:12    -2421.724327        2.995320
BFGS:   32 20:20:12    -2421.860838        2.992182
BFGS:   33 20:20:13    -2421.944760        2.438412
BFGS:   34 20:20:14    -2422.003061        1.974965
BFGS:   35 20:20:14    -2422.059435        1.817157
BFGS:   36 20:20:15    -2422.119888        1.674247
BFGS:   37 20:20:15    -2422.170457        1.886750
BFGS:   38 20:20:16    -2422.227774        2.049017
BFGS:   39 20:20:16    -2422.289305        1.951293
BFGS:   40 20:20:17    -2422.343412        1.693284
BFGS:   41 20:20:17    -2422.400191        1.337162
BFGS:   42 20:20:18    -2422.441236        1.529333
BFGS:   43 20:20:18    -2422.473858        1.382624
BFGS:   44 20:20:19    -2422.504041        1.582098
BFGS:   45 20:20:19    -2422.544172        1.889415
BFGS:   46 20:20:20    -2422.587907        1.896642
BFGS:   47 20:20:21    -2422.666769        1.722626
BFGS:   48 20:20:21    -2422.767199        1.297024
BFGS:   49 20:20:22    -2422.873936        1.062290
BFGS:   50 20:20:23    -2422.956296        0.897983
BFGS:   51 20:20:23    -2423.042588        0.646525
BFGS:   52 20:20:24    -2423.098573        0.960681
BFGS:   53 20:20:24    -2423.153714        0.960189
BFGS:   54 20:20:25    -2423.217104        1.097573
BFGS:   55 20:20:25    -2423.276626        0.934726
BFGS:   56 20:20:26    -2423.321758        0.604529
BFGS:   57 20:20:27    -2423.360005        0.607360
BFGS:   58 20:20:27    -2423.399025        0.504875
BFGS:   59 20:20:28    -2423.445103        0.517774
BFGS:   60 20:20:28    -2423.496678        0.384519
BFGS:   61 20:20:29    -2423.540862        0.396860
BFGS:   62 20:20:29    -2423.579346        0.414883
BFGS:   63 20:20:30    -2423.617677        0.489035
BFGS:   64 20:20:30    -2423.655329        0.444769
BFGS:   65 20:20:31    -2423.692094        0.377632
BFGS:   66 20:20:31    -2423.725126        0.394942
BFGS:   67 20:20:32    -2423.754604        0.385995
BFGS:   68 20:20:32    -2423.781638        0.312831
BFGS:   69 20:20:33    -2423.803522        0.346780
BFGS:   70 20:20:33    -2423.819898        0.322071
BFGS:   71 20:20:34    -2423.831730        0.232916
BFGS:   72 20:20:34    -2423.841444        0.175992
BFGS:   73 20:20:35    -2423.851738        0.260552
BFGS:   74 20:20:35    -2423.864436        0.336367
BFGS:   75 20:20:36    -2423.877733        0.317684
BFGS:   76 20:20:36    -2423.889240        0.232921
BFGS:   77 20:20:37    -2423.898204        0.163443
BFGS:   78 20:20:37    -2423.905672        0.198777
BFGS:   79 20:20:38    -2423.913939        0.269909
BFGS:   80 20:20:38    -2423.923826        0.353060
BFGS:   81 20:20:39    -2423.933082        0.357644
BFGS:   82 20:20:39    -2423.939664        0.303591
BFGS:   83 20:20:40    -2423.944118        0.255798
BFGS:   84 20:20:40    -2423.947857        0.221499
BFGS:   85 20:20:41    -2423.951264        0.240472
BFGS:   86 20:20:41    -2423.953936        0.241978
BFGS:   87 20:20:42    -2423.955801        0.264488
BFGS:   88 20:20:42    -2423.957359        0.263460
BFGS:   89 20:20:42    -2423.958987        0.250487
BFGS:   90 20:20:43    -2423.960575        0.227708
BFGS:   91 20:20:43    -2423.961803        0.223263
BFGS:   92 20:20:44    -2423.962602        0.232842
BFGS:   93 20:20:44    -2423.963146        0.250486
BFGS:   94 20:20:44    -2423.963648        0.264772
BFGS:   95 20:20:45    -2423.964318        0.274608
BFGS:   96 20:20:45    -2423.965352        0.273278
BFGS:   97 20:20:45    -2423.966849        0.254638
BFGS:   98 20:20:46    -2423.968635        0.217594
BFGS:   99 20:20:46    -2423.970320        0.178764
BFGS:  100 20:20:47    -2423.971855        0.157350
BFGS:  101 20:20:47    -2423.973461        0.154908
BFGS:  102 20:20:47    -2423.975272        0.173563
BFGS:  103 20:20:48    -2423.977144        0.185530
BFGS:  104 20:20:48    -2423.978828        0.193387
BFGS:  105 20:20:49    -2423.980329        0.163337
BFGS:  106 20:20:49    -2423.981643        0.124347
BFGS:  107 20:20:49    -2423.982785        0.083467
BFGS:  108 20:20:50    -2423.983600        0.086263
BFGS:  109 20:20:50    -2423.984314        0.076073
BFGS:  110 20:20:51    -2423.984982        0.072738
BFGS:  111 20:20:51    -2423.985647        0.076887
BFGS:  112 20:20:51    -2423.986299        0.082477
BFGS:  113 20:20:52    -2423.986984        0.085709
BFGS:  114 20:20:52    -2423.987705        0.075401
BFGS:  115 20:20:52    -2423.988410        0.068753
BFGS:  116 20:20:53    -2423.989044        0.055075
BFGS:  117 20:20:53    -2423.989593        0.047805
BFGS:  118 20:20:53    -2423.990086        0.051361
BFGS:  119 20:20:54    -2423.990541        0.048067
BFGS:  120 20:20:54    -2423.990972        0.048317
BFGS:  121 20:20:54    -2423.991379        0.048365
BFGS:  122 20:20:55    -2423.991774        0.040780
BFGS:  123 20:20:55    -2423.992159        0.042697
BFGS:  124 20:20:55    -2423.992557        0.048916
BFGS:  125 20:20:56    -2423.993017        0.049842
BFGS:  126 20:20:56    -2423.993597        0.057626
BFGS:  127 20:20:57    -2423.994275        0.065053
BFGS:  128 20:20:57    -2423.995005        0.078118
BFGS:  129 20:20:57    -2423.995838        0.080063
BFGS:  130 20:20:58    -2423.996830        0.074898
BFGS:  131 20:20:58    -2423.997878        0.084688
BFGS:  132 20:20:58    -2423.998855        0.076182
BFGS:  133 20:20:59    -2423.999621        0.084216
BFGS:  134 20:20:59    -2424.000382        0.087567
BFGS:  135 20:21:00    -2424.001078        0.086222
BFGS:  136 20:21:00    -2424.001657        0.083844
BFGS:  137 20:21:00    -2424.002018        0.084107
BFGS:  138 20:21:01    -2424.002301        0.087967
BFGS:  139 20:21:01    -2424.002595        0.079600
BFGS:  140 20:21:01    -2424.002914        0.067274
BFGS:  141 20:21:01    -2424.003130        0.057769
BFGS:  142 20:21:02    -2424.003295        0.059320
BFGS:  143 20:21:02    -2424.003448        0.067371
BFGS:  144 20:21:02    -2424.003606        0.075206
BFGS:  145 20:21:03    -2424.003755        0.084090
BFGS:  146 20:21:03    -2424.003884        0.085141
BFGS:  147 20:21:03    -2424.004009        0.080344
BFGS:  148 20:21:04    -2424.004152        0.072579
BFGS:  149 20:21:04    -2424.004298        0.065668
BFGS:  150 20:21:04    -2424.004449        0.064354
BFGS:  151 20:21:05    -2424.004616        0.065921
BFGS:  152 20:21:05    -2424.004795        0.070193
BFGS:  153 20:21:05    -2424.004985        0.073292
BFGS:  154 20:21:06    -2424.005220        0.075453
BFGS:  155 20:21:06    -2424.005561        0.073573
BFGS:  156 20:21:06    -2424.006058        0.070691
BFGS:  157 20:21:07    -2424.006680        0.060748
BFGS:  158 20:21:07    -2424.007226        0.048867
BFGS:  159 20:21:08    -2424.007593        0.048376
BFGS:  160 20:21:08    -2424.007876        0.042846
BFGS:  161 20:21:08    -2424.008201        0.052345
BFGS:  162 20:21:08    -2424.008516        0.058122
BFGS:  163 20:21:09    -2424.008778        0.053291
BFGS:  164 20:21:09    -2424.008965        0.043181
BFGS:  165 20:21:09    -2424.009107        0.030872
BFGS:  166 20:21:10    -2424.009233        0.035064
BFGS:  167 20:21:10    -2424.009358        0.027723
BFGS:  168 20:21:10    -2424.009484        0.027311
BFGS:  169 20:21:11    -2424.009608        0.026614
BFGS:  170 20:21:11    -2424.009727        0.035053
BFGS:  171 20:21:11    -2424.009827        0.034369
BFGS:  172 20:21:11    -2424.009902        0.029861
BFGS:  173 20:21:12    -2424.009958        0.028494
BFGS:  174 20:21:12    -2424.009999        0.026000
BFGS:  175 20:21:12    -2424.010032        0.024200
BFGS:  176 20:21:13    -2424.010062        0.024067
BFGS:  177 20:21:13    -2424.010088        0.025350
BFGS:  178 20:21:13    -2424.010111        0.027279
BFGS:  179 20:21:13    -2424.010135        0.028455
BFGS:  180 20:21:13    -2424.010164        0.029449
BFGS:  181 20:21:14    -2424.010214        0.030837
BFGS:  182 20:21:14    -2424.010300        0.033900
BFGS:  183 20:21:14    -2424.010427        0.038608
BFGS:  184 20:21:15    -2424.010614        0.040173
BFGS:  185 20:21:15    -2424.010831        0.045408
BFGS:  186 20:21:16    -2424.011093        0.058563
BFGS:  187 20:21:16    -2424.011515        0.055777
BFGS:  188 20:21:16    -2424.011837        0.146090
BFGS:  189 20:21:17    -2424.013090        0.095530
BFGS:  190 20:21:17    -2424.015985        0.227866
BFGS:  191 20:21:18    -2424.018895        0.242104
BFGS:  192 20:21:18    -2424.019763        0.758316
BFGS:  193 20:21:19    -2424.003002        1.070701
BFGS:  194 20:21:19    -2424.026512        0.505738
BFGS:  195 20:21:19    -2424.030542        0.446129
BFGS:  196 20:21:20    -2424.034812        0.393636
BFGS:  197 20:21:20    -2424.045017        0.374810
BFGS:  198 20:21:21    -2424.055252        0.430973
BFGS:  199 20:21:21    -2424.062375        0.354766
BFGS:  200 20:21:22    -2424.066174        0.456880
