      Step     Time          Energy          fmax
BFGS:    0 09:45:37    -2684.218027        1.034721
BFGS:    1 09:45:38    -2684.247270        0.947286
BFGS:    2 09:45:44    -2684.288996        1.108099
BFGS:    3 09:45:45    -2684.344296        0.309313
BFGS:    4 09:45:46    -2684.351533        0.091506
BFGS:    5 09:45:47    -2684.352000        0.056353
BFGS:    6 09:45:47    -2684.352053        0.055846
BFGS:    7 09:45:48    -2684.354140        0.110177
BFGS:    8 09:45:48    -2684.358656        0.245680
BFGS:    9 09:45:49    -2684.367069        0.437411
BFGS:   10 09:45:51    -2684.376300        0.612332
BFGS:   11 09:45:52    -2684.386717        0.779350
BFGS:   12 09:45:53    -2684.404406        0.926358
BFGS:   13 09:45:55    -2684.437678        1.047685
BFGS:   14 09:45:56    -2684.493098        1.146941
BFGS:   15 09:45:58    -2684.576798        1.227625
BFGS:   16 09:46:01    -2684.694321        1.291598
BFGS:   17 09:46:07    -2684.848745        1.338432
BFGS:   18 09:46:09    -2685.037995        1.371801
