      Step     Time          Energy          fmax
BFGS:    0 20:33:34    -3702.655644        5.956224
BFGS:    1 20:33:37    -3705.664376        3.657481
BFGS:    2 20:33:40    -3710.581071        5.589458
BFGS:    3 20:33:44    -3715.706478       16.365684
BFGS:    4 20:33:47    -3715.248075       25.628344
BFGS:    5 20:33:50    -3721.956037        5.475821
BFGS:    6 20:33:52    -3724.931689        4.796052
BFGS:    7 20:33:56    -3727.213727       14.224337
BFGS:    8 20:33:59    -3728.714650        2.245659
BFGS:    9 20:34:01    -3729.246056        1.798560
BFGS:   10 20:34:04    -3729.869903        1.697177
BFGS:   11 20:34:07    -3730.102074        1.175792
BFGS:   12 20:34:10    -3730.426503        1.241477
BFGS:   13 20:34:13    -3730.723133        1.175607
BFGS:   14 20:34:16    -3730.999232        1.164885
BFGS:   15 20:34:19    -3731.242237        0.885738
BFGS:   16 20:34:22    -3731.494195        0.738386
BFGS:   17 20:34:24    -3731.644697        0.679646
BFGS:   18 20:34:26    -3731.745213        0.635168
BFGS:   19 20:34:29    -3731.818586        0.549938
BFGS:   20 20:34:31    -3731.883541        0.596043
BFGS:   21 20:34:33    -3731.948373        0.423230
BFGS:   22 20:34:35    -3731.995099        0.307135
BFGS:   23 20:34:37    -3732.022938        0.226892
BFGS:   24 20:34:40    -3732.041619        0.250761
BFGS:   25 20:34:42    -3732.056684        0.197982
BFGS:   26 20:34:43    -3732.071471        0.191925
BFGS:   27 20:34:46    -3732.098122        0.266951
BFGS:   28 20:34:48    -3732.122290        0.281206
BFGS:   29 20:34:50    -3732.158125        0.268937
BFGS:   30 20:34:52    -3732.188956        0.227961
BFGS:   31 20:34:54    -3732.218059        0.262746
BFGS:   32 20:34:56    -3732.245425        0.289250
BFGS:   33 20:34:58    -3732.279160        0.336062
BFGS:   34 20:35:00    -3732.318142        0.339239
BFGS:   35 20:35:03    -3732.356986        0.289186
BFGS:   36 20:35:05    -3732.394321        0.286025
BFGS:   37 20:35:07    -3732.435445        0.328476
BFGS:   38 20:35:09    -3732.483177        0.330699
BFGS:   39 20:35:11    -3732.533753        0.337848
BFGS:   40 20:35:14    -3732.582355        0.428973
BFGS:   41 20:35:16    -3732.629438        0.341864
BFGS:   42 20:35:18    -3732.677442        0.350716
BFGS:   43 20:35:21    -3732.724387        0.318527
BFGS:   44 20:35:24    -3732.759565        0.260656
BFGS:   45 20:35:27    -3732.778905        0.182473
BFGS:   46 20:35:29    -3732.791430        0.170500
BFGS:   47 20:35:31    -3732.804249        0.161647
BFGS:   48 20:35:33    -3732.817087        0.242645
BFGS:   49 20:35:35    -3732.827976        0.226920
BFGS:   50 20:35:38    -3732.837491        0.189261
BFGS:   51 20:35:40    -3732.848232        0.189346
BFGS:   52 20:35:42    -3732.856757        0.151374
BFGS:   53 20:35:44    -3732.864143        0.148961
BFGS:   54 20:35:46    -3732.869882        0.133369
BFGS:   55 20:35:48    -3732.875860        0.149548
BFGS:   56 20:35:51    -3732.882283        0.202595
BFGS:   57 20:35:53    -3732.888194        0.216407
BFGS:   58 20:35:55    -3732.893127        0.158502
BFGS:   59 20:35:57    -3732.898282        0.162703
BFGS:   60 20:35:59    -3732.905191        0.163856
BFGS:   61 20:36:01    -3732.913876        0.152512
BFGS:   62 20:36:03    -3732.922173        0.169116
BFGS:   63 20:36:05    -3732.928422        0.121587
BFGS:   64 20:36:07    -3732.934004        0.121270
BFGS:   65 20:36:09    -3732.941059        0.121598
BFGS:   66 20:36:11    -3732.950185        0.157599
BFGS:   67 20:36:14    -3732.959382        0.162967
BFGS:   68 20:36:16    -3732.966332        0.123461
BFGS:   69 20:36:18    -3732.970789        0.097072
BFGS:   70 20:36:20    -3732.974236        0.075667
BFGS:   71 20:36:22    -3732.977599        0.101775
BFGS:   72 20:36:24    -3732.980711        0.080185
BFGS:   73 20:36:26    -3732.983112        0.062802
BFGS:   74 20:36:28    -3732.984825        0.053691
BFGS:   75 20:36:29    -3732.986216        0.058104
BFGS:   76 20:36:31    -3732.987654        0.061522
BFGS:   77 20:36:33    -3732.989518        0.087242
BFGS:   78 20:36:35    -3732.992178        0.089171
BFGS:   79 20:36:37    -3732.995974        0.114659
BFGS:   80 20:36:40    -3733.001026        0.125239
BFGS:   81 20:36:42    -3733.006991        0.123243
BFGS:   82 20:36:44    -3733.013242        0.150792
BFGS:   83 20:36:46    -3733.019345        0.135090
BFGS:   84 20:36:48    -3733.025212        0.152119
BFGS:   85 20:36:50    -3733.030513        0.152130
BFGS:   86 20:36:52    -3733.034747        0.089987
BFGS:   87 20:36:54    -3733.038277        0.104858
BFGS:   88 20:36:56    -3733.042046        0.119376
BFGS:   89 20:36:58    -3733.047240        0.174642
BFGS:   90 20:37:01    -3733.055112        0.204835
BFGS:   91 20:37:03    -3733.066390        0.194605
BFGS:   92 20:37:06    -3733.081005        0.182177
BFGS:   93 20:37:08    -3733.099201        0.211058
BFGS:   94 20:37:11    -3733.122886        0.424538
BFGS:   95 20:37:13    -3733.151916        0.520351
BFGS:   96 20:37:15    -3733.183217        0.396947
BFGS:   97 20:37:18    -3733.209673        0.228567
BFGS:   98 20:37:20    -3733.230519        0.206395
BFGS:   99 20:37:22    -3733.251597        0.300953
BFGS:  100 20:37:25    -3733.273155        0.340320
BFGS:  101 20:37:27    -3733.293443        0.336538
BFGS:  102 20:37:29    -3733.311948        0.218027
BFGS:  103 20:37:32    -3733.328784        0.214279
BFGS:  104 20:37:34    -3733.344196        0.315684
BFGS:  105 20:37:36    -3733.367345        0.299980
BFGS:  106 20:37:39    -3733.407155        0.251098
BFGS:  107 20:37:41    -3733.423731        0.233369
BFGS:  108 20:37:43    -3733.444121        0.219098
BFGS:  109 20:37:46    -3733.454930        0.178207
BFGS:  110 20:37:48    -3733.463431        0.137218
BFGS:  111 20:37:50    -3733.468960        0.134382
BFGS:  112 20:37:52    -3733.473715        0.119805
BFGS:  113 20:37:54    -3733.478869        0.156935
BFGS:  114 20:37:56    -3733.484332        0.164689
BFGS:  115 20:37:58    -3733.489105        0.099235
BFGS:  116 20:38:00    -3733.492252        0.069278
BFGS:  117 20:38:02    -3733.494307        0.079596
BFGS:  118 20:38:04    -3733.496021        0.072522
BFGS:  119 20:38:07    -3733.497659        0.062584
BFGS:  120 20:38:09    -3733.498915        0.051810
BFGS:  121 20:38:11    -3733.499827        0.075499
BFGS:  122 20:38:12    -3733.500582        0.062134
BFGS:  123 20:38:14    -3733.501232        0.042040
BFGS:  124 20:38:16    -3733.501734        0.046838
BFGS:  125 20:38:18    -3733.502108        0.042215
BFGS:  126 20:38:19    -3733.502493        0.046051
BFGS:  127 20:38:21    -3733.502878        0.036203
BFGS:  128 20:38:23    -3733.503294        0.037025
BFGS:  129 20:38:24    -3733.503659        0.037554
BFGS:  130 20:38:26    -3733.503990        0.033568
BFGS:  131 20:38:28    -3733.504326        0.025690
BFGS:  132 20:38:30    -3733.504688        0.027822
BFGS:  133 20:38:32    -3733.505089        0.033427
BFGS:  134 20:38:34    -3733.505581        0.048253
BFGS:  135 20:38:36    -3733.506392        0.074028
BFGS:  136 20:38:38    -3733.507714        0.100838
BFGS:  137 20:38:40    -3733.509688        0.138524
BFGS:  138 20:38:42    -3733.512072        0.116986
BFGS:  139 20:38:44    -3733.515524        0.105499
BFGS:  140 20:38:47    -3733.518434        0.219710
BFGS:  141 20:38:49    -3733.519610        0.306926
BFGS:  142 20:38:51    -3733.523394        0.114102
BFGS:  143 20:38:53    -3733.525893        0.075261
BFGS:  144 20:38:55    -3733.529987        0.085028
BFGS:  145 20:38:57    -3733.532078        0.114169
BFGS:  146 20:38:59    -3733.535149        0.104830
BFGS:  147 20:39:01    -3733.538503        0.073170
BFGS:  148 20:39:03    -3733.540858        0.086052
BFGS:  149 20:39:05    -3733.543310        0.079278
BFGS:  150 20:39:06    -3733.545488        0.094566
BFGS:  151 20:39:08    -3733.547659        0.099191
BFGS:  152 20:39:10    -3733.550079        0.100765
BFGS:  153 20:39:12    -3733.552796        0.086798
BFGS:  154 20:39:14    -3733.555618        0.090773
BFGS:  155 20:39:16    -3733.558400        0.100142
BFGS:  156 20:39:18    -3733.561506        0.103827
BFGS:  157 20:39:20    -3733.564830        0.098060
BFGS:  158 20:39:22    -3733.567972        0.114111
BFGS:  159 20:39:24    -3733.570567        0.077013
BFGS:  160 20:39:26    -3733.572824        0.069478
BFGS:  161 20:39:27    -3733.574930        0.070800
BFGS:  162 20:39:29    -3733.576634        0.056513
BFGS:  163 20:39:31    -3733.577716        0.042268
BFGS:  164 20:39:33    -3733.578378        0.031989
BFGS:  165 20:39:35    -3733.578833        0.038651
BFGS:  166 20:39:37    -3733.579206        0.028226
BFGS:  167 20:39:39    -3733.579470        0.021581
BFGS:  168 20:39:40    -3733.579662        0.025037
BFGS:  169 20:39:42    -3733.579780        0.022633
BFGS:  170 20:39:44    -3733.579856        0.018313
BFGS:  171 20:39:45    -3733.579916        0.010365
BFGS:  172 20:39:47    -3733.579969        0.009173
