      Step     Time          Energy          fmax
BFGS:    0 20:19:48    -2151.341489        7.423595
BFGS:    1 20:19:49    -2154.417266        5.139862
BFGS:    2 20:19:50    -2156.943726        4.407342
BFGS:    3 20:19:51    -2159.565931        3.534714
BFGS:    4 20:19:52    -2161.634042        7.709586
BFGS:    5 20:19:53    -2165.080284       15.073630
BFGS:    6 20:19:54    -2170.519298       19.211976
BFGS:    7 20:19:55    -2174.121383       18.639291
BFGS:    8 20:19:55    -2179.911911        8.454142
BFGS:    9 20:19:57    -2183.450421        6.835763
BFGS:   10 20:19:58    -2186.859666        6.398211
BFGS:   11 20:19:58    -2188.829112        7.061898
BFGS:   12 20:19:59    -2190.746183        3.532150
BFGS:   13 20:20:00    -2191.343913        7.523164
BFGS:   14 20:20:01    -2191.684288        3.246494
BFGS:   15 20:20:01    -2192.254222        1.181720
BFGS:   16 20:20:02    -2192.599592        1.827062
BFGS:   17 20:20:03    -2192.866234        1.859569
BFGS:   18 20:20:04    -2193.156183        1.968093
BFGS:   19 20:20:04    -2193.500065        2.111143
BFGS:   20 20:20:05    -2194.053054        2.129870
BFGS:   21 20:20:05    -2194.583383        1.845623
BFGS:   22 20:20:06    -2195.513001        3.016123
BFGS:   23 20:20:06    -2197.131527        4.701555
BFGS:   24 20:20:07    -2196.289131        7.880309
BFGS:   25 20:20:07    -2198.528910        5.271706
BFGS:   26 20:20:07    -2199.285472        5.288484
BFGS:   27 20:20:08    -2200.759635        4.671319
BFGS:   28 20:20:08    -2201.328316        5.534178
BFGS:   29 20:20:09    -2202.396590        3.314313
BFGS:   30 20:20:09    -2203.380920        1.932644
BFGS:   31 20:20:09    -2203.701395        1.305501
BFGS:   32 20:20:10    -2204.034235        1.456231
BFGS:   33 20:20:10    -2204.157141        1.088190
BFGS:   34 20:20:10    -2204.298325        0.624564
BFGS:   35 20:20:11    -2204.353667        0.529448
BFGS:   36 20:20:11    -2204.397506        0.503545
BFGS:   37 20:20:11    -2204.426691        0.516482
BFGS:   38 20:20:12    -2204.450397        0.467946
BFGS:   39 20:20:12    -2204.471948        0.298067
BFGS:   40 20:20:12    -2204.488421        0.360182
BFGS:   41 20:20:13    -2204.498151        0.215321
BFGS:   42 20:20:13    -2204.506011        0.190417
BFGS:   43 20:20:13    -2204.514743        0.242940
BFGS:   44 20:20:14    -2204.524747        0.247578
BFGS:   45 20:20:14    -2204.532851        0.226667
BFGS:   46 20:20:14    -2204.537436        0.125467
BFGS:   47 20:20:14    -2204.540000        0.100217
BFGS:   48 20:20:15    -2204.541822        0.103624
BFGS:   49 20:20:15    -2204.542927        0.097521
BFGS:   50 20:20:15    -2204.543491        0.052742
BFGS:   51 20:20:15    -2204.543784        0.038407
BFGS:   52 20:20:15    -2204.544065        0.032680
BFGS:   53 20:20:16    -2204.544389        0.045434
BFGS:   54 20:20:16    -2204.544713        0.042660
BFGS:   55 20:20:16    -2204.545003        0.041608
BFGS:   56 20:20:16    -2204.545271        0.041739
BFGS:   57 20:20:16    -2204.545544        0.029325
BFGS:   58 20:20:17    -2204.545816        0.033359
BFGS:   59 20:20:17    -2204.546076        0.029520
BFGS:   60 20:20:17    -2204.546324        0.037980
BFGS:   61 20:20:17    -2204.546593        0.037327
BFGS:   62 20:20:17    -2204.546886        0.041361
BFGS:   63 20:20:18    -2204.547152        0.036848
BFGS:   64 20:20:18    -2204.547367        0.031860
BFGS:   65 20:20:18    -2204.547572        0.029195
BFGS:   66 20:20:18    -2204.547849        0.048021
BFGS:   67 20:20:19    -2204.548258        0.061419
BFGS:   68 20:20:19    -2204.548800        0.058847
BFGS:   69 20:20:19    -2204.549449        0.050409
BFGS:   70 20:20:19    -2204.550198        0.051141
BFGS:   71 20:20:19    -2204.551194        0.080913
BFGS:   72 20:20:20    -2204.552683        0.112594
BFGS:   73 20:20:20    -2204.554960        0.126659
BFGS:   74 20:20:20    -2204.558288        0.157816
BFGS:   75 20:20:21    -2204.562762        0.151283
BFGS:   76 20:20:21    -2204.568213        0.146986
BFGS:   77 20:20:21    -2204.574563        0.209614
BFGS:   78 20:20:22    -2204.581213        0.215428
BFGS:   79 20:20:22    -2204.578539        0.255792
BFGS:   80 20:20:22    -2204.582513        0.791087
BFGS:   81 20:20:23    -2204.585041        0.897658
BFGS:   82 20:20:23    -2204.588778        0.630372
BFGS:   83 20:20:23    -2204.600368        0.153614
BFGS:   84 20:20:24    -2204.603460        0.227850
BFGS:   85 20:20:24    -2204.609812        0.157035
BFGS:   86 20:20:24    -2204.619204        0.220539
BFGS:   87 20:20:25    -2204.632868        0.530325
BFGS:   88 20:20:25    -2204.640134        0.207767
BFGS:   89 20:20:25    -2204.647539        0.354741
BFGS:   90 20:20:26    -2204.658808        0.513315
BFGS:   91 20:20:26    -2204.664228        0.748269
BFGS:   92 20:20:26    -2204.676377        0.195227
BFGS:   93 20:20:27    -2204.683159        0.190253
BFGS:   94 20:20:27    -2204.686892        0.194161
BFGS:   95 20:20:27    -2204.689285        0.361588
BFGS:   96 20:20:27    -2204.693686        0.216477
BFGS:   97 20:20:28    -2204.695581        0.110374
BFGS:   98 20:20:28    -2204.697636        0.069407
BFGS:   99 20:20:28    -2204.698694        0.092818
BFGS:  100 20:20:28    -2204.699123        0.043612
BFGS:  101 20:20:29    -2204.699452        0.028300
BFGS:  102 20:20:29    -2204.699846        0.028783
BFGS:  103 20:20:29    -2204.700104        0.032292
BFGS:  104 20:20:29    -2204.700505        0.048127
BFGS:  105 20:20:30    -2204.700882        0.051666
BFGS:  106 20:20:30    -2204.701169        0.038705
BFGS:  107 20:20:30    -2204.701334        0.041299
BFGS:  108 20:20:30    -2204.701442        0.019678
BFGS:  109 20:20:30    -2204.701550        0.019074
BFGS:  110 20:20:31    -2204.701652        0.022073
BFGS:  111 20:20:31    -2204.701724        0.016639
BFGS:  112 20:20:31    -2204.701771        0.015613
BFGS:  113 20:20:31    -2204.701820        0.022396
BFGS:  114 20:20:31    -2204.701889        0.022011
BFGS:  115 20:20:32    -2204.701995        0.020448
BFGS:  116 20:20:32    -2204.702140        0.022315
BFGS:  117 20:20:32    -2204.702320        0.026031
BFGS:  118 20:20:32    -2204.702544        0.048793
BFGS:  119 20:20:33    -2204.702858        0.071569
BFGS:  120 20:20:33    -2204.703325        0.092405
BFGS:  121 20:20:33    -2204.704065        0.099018
BFGS:  122 20:20:33    -2204.705130        0.112645
BFGS:  123 20:20:33    -2204.706481        0.132802
BFGS:  124 20:20:34    -2204.707935        0.148920
BFGS:  125 20:20:34    -2204.709516        0.143948
BFGS:  126 20:20:34    -2204.711465        0.138395
BFGS:  127 20:20:34    -2204.714118        0.136785
BFGS:  128 20:20:35    -2204.717680        0.166905
BFGS:  129 20:20:35    -2204.721670        0.143049
BFGS:  130 20:20:35    -2204.725210        0.106017
BFGS:  131 20:20:36    -2204.727604        0.085874
BFGS:  132 20:20:36    -2204.726919        0.231365
BFGS:  133 20:20:36    -2204.729549        0.068603
BFGS:  134 20:20:36    -2204.730078        0.043462
BFGS:  135 20:20:37    -2204.730967        0.033122
BFGS:  136 20:20:37    -2204.731235        0.034906
BFGS:  137 20:20:37    -2204.731543        0.018337
BFGS:  138 20:20:37    -2204.731640        0.021949
BFGS:  139 20:20:37    -2204.731792        0.024343
BFGS:  140 20:20:38    -2204.732006        0.030247
BFGS:  141 20:20:38    -2204.732298        0.030351
BFGS:  142 20:20:38    -2204.732538        0.031441
BFGS:  143 20:20:38    -2204.732690        0.043843
BFGS:  144 20:20:38    -2204.732807        0.047789
BFGS:  145 20:20:38    -2204.732958        0.042288
BFGS:  146 20:20:39    -2204.733124        0.023712
BFGS:  147 20:20:39    -2204.733236        0.016182
BFGS:  148 20:20:39    -2204.733289        0.021531
BFGS:  149 20:20:39    -2204.733331        0.026047
BFGS:  150 20:20:40    -2204.733400        0.031167
BFGS:  151 20:20:40    -2204.733505        0.031020
BFGS:  152 20:20:40    -2204.733625        0.020830
BFGS:  153 20:20:40    -2204.733717        0.019277
BFGS:  154 20:20:40    -2204.733770        0.017698
BFGS:  155 20:20:41    -2204.733810        0.021174
BFGS:  156 20:20:41    -2204.733844        0.019757
BFGS:  157 20:20:41    -2204.733867        0.013490
BFGS:  158 20:20:41    -2204.733881        0.008204
