      Step     Time          Energy          fmax
BFGS:    0 14:10:42     -630.486421     6655.359158
BFGS:    1 14:10:44    -2273.725559      989.557352
BFGS:    2 14:10:45    -2593.467671     2642.953259
BFGS:    3 14:10:47    -2595.908577     2063.066091
BFGS:    4 14:10:48    -2898.395616      833.202029
BFGS:    5 14:10:50    -3055.341014      292.598021
BFGS:    6 14:10:51    -3098.464157      158.842289
BFGS:    7 14:10:52    -3114.941465      132.580421
BFGS:    8 14:10:53    -3131.430229       93.249679
BFGS:    9 14:10:54    -3148.808521       54.809282
BFGS:   10 14:10:55    -3160.242551       25.738522
BFGS:   11 14:10:56    -3166.531723       17.627401
BFGS:   12 14:10:57    -3170.808765       11.664072
BFGS:   13 14:10:58    -3173.958995       11.110166
BFGS:   14 14:10:59    -3176.296670        5.539950
BFGS:   15 14:11:00    -3178.233958        5.112323
BFGS:   16 14:11:01    -3179.975835        4.810610
BFGS:   17 14:11:02    -3180.826309        4.981517
BFGS:   18 14:11:03    -3181.549609        4.945909
BFGS:   19 14:11:04    -3182.116609        4.800836
BFGS:   20 14:11:05    -3182.503045        4.647973
BFGS:   21 14:11:06    -3182.797872        4.487753
BFGS:   22 14:11:07    -3183.019653        4.437072
BFGS:   23 14:11:08    -3183.223555        4.331670
BFGS:   24 14:11:08    -3183.418153        4.257495
BFGS:   25 14:11:09    -3183.565827        4.095929
BFGS:   26 14:11:10    -3183.667753        4.063049
BFGS:   27 14:11:11    -3183.751857        3.911641
BFGS:   28 14:11:12    -3183.833799        3.761081
BFGS:   29 14:11:13    -3183.919665        3.668317
BFGS:   30 14:11:14    -3184.012429        3.606723
BFGS:   31 14:11:15    -3184.107175        3.547484
BFGS:   32 14:11:16    -3184.190515        3.457036
BFGS:   33 14:11:16    -3184.253247        3.351424
BFGS:   34 14:11:17    -3184.301644        3.225353
BFGS:   35 14:11:18    -3184.350102        3.100554
BFGS:   36 14:11:19    -3184.407856        3.028252
BFGS:   37 14:11:20    -3184.469629        2.963225
BFGS:   38 14:11:20    -3184.522429        2.925659
BFGS:   39 14:11:21    -3184.564134        2.952163
BFGS:   40 14:11:22    -3184.603427        3.013410
BFGS:   41 14:11:23    -3184.641608        3.036660
BFGS:   42 14:11:24    -3184.671561        2.976269
BFGS:   43 14:11:25    -3184.692500        2.864992
BFGS:   44 14:11:25    -3184.711098        2.737133
BFGS:   45 14:11:26    -3184.733487        2.584991
BFGS:   46 14:11:27    -3184.758108        2.533062
BFGS:   47 14:11:28    -3184.777440        2.604987
BFGS:   48 14:11:28    -3184.790224        2.663147
BFGS:   49 14:11:29    -3184.800528        2.708500
BFGS:   50 14:11:30    -3184.811042        2.748428
BFGS:   51 14:11:30    -3184.822994        2.787541
BFGS:   52 14:11:31    -3184.837024        2.849330
BFGS:   53 14:11:32    -3184.854558        2.951085
BFGS:   54 14:11:33    -3184.877864        3.029694
BFGS:   55 14:11:34    -3184.910304        3.067574
BFGS:   56 14:11:34    -3184.953957        3.047368
BFGS:   57 14:11:35    -3185.007389        2.962994
BFGS:   58 14:11:36    -3185.063471        2.989891
BFGS:   59 14:11:37    -3185.115205        3.029489
BFGS:   60 14:11:38    -3185.160615        3.049998
BFGS:   61 14:11:38    -3185.198379        3.038435
BFGS:   62 14:11:39    -3185.227077        2.988118
BFGS:   63 14:11:40    -3185.247275        2.906687
BFGS:   64 14:11:41    -3185.261472        2.816087
BFGS:   65 14:11:42    -3185.274132        2.768901
BFGS:   66 14:11:42    -3185.288199        2.763722
BFGS:   67 14:11:43    -3185.302133        2.753039
BFGS:   68 14:11:44    -3185.313177        2.739721
BFGS:   69 14:11:44    -3185.321285        2.729511
BFGS:   70 14:11:45    -3185.327863        2.721587
BFGS:   71 14:11:46    -3185.333274        2.754932
BFGS:   72 14:11:46    -3185.337398        2.785675
BFGS:   73 14:11:47    -3185.340383        2.791387
BFGS:   74 14:11:48    -3185.342659        2.782512
BFGS:   75 14:11:48    -3185.344562        2.771502
BFGS:   76 14:11:49    -3185.346272        2.769547
BFGS:   77 14:11:49    -3185.348093        2.783257
BFGS:   78 14:11:50    -3185.350395        2.795097
BFGS:   79 14:11:51    -3185.353469        2.825409
BFGS:   80 14:11:51    -3185.357424        2.862800
BFGS:   81 14:11:52    -3185.362286        2.890674
BFGS:   82 14:11:53    -3185.368322        2.897942
BFGS:   83 14:11:54    -3185.376015        2.871295
BFGS:   84 14:11:54    -3185.385907        2.807441
BFGS:   85 14:11:55    -3185.397764        2.793445
BFGS:   86 14:11:56    -3185.411582        2.832113
BFGS:   87 14:11:57    -3185.427692        2.877727
BFGS:   88 14:11:57    -3185.445439        2.903255
BFGS:   89 14:11:58    -3185.463763        2.897519
BFGS:   90 14:11:59    -3185.480823        2.844291
BFGS:   91 14:11:59    -3185.495444        2.800234
BFGS:   92 14:12:00    -3185.507981        2.849158
BFGS:   93 14:12:01    -3185.519853        2.847091
BFGS:   94 14:12:01    -3185.532122        2.828924
BFGS:   95 14:12:02    -3185.544935        2.765275
BFGS:   96 14:12:03    -3185.557841        2.703484
BFGS:   97 14:12:03    -3185.569819        2.687687
BFGS:   98 14:12:04    -3185.580431        2.716129
BFGS:   99 14:12:05    -3185.590786        2.709365
BFGS:  100 14:12:05    -3185.602489        2.683838
BFGS:  101 14:12:06    -3185.615840        2.580132
BFGS:  102 14:12:07    -3185.629585        2.542020
BFGS:  103 14:12:08    -3185.641879        2.456279
BFGS:  104 14:12:08    -3185.654589        2.502015
BFGS:  105 14:12:09    -3185.669541        2.553053
BFGS:  106 14:12:09    -3185.684636        2.598101
BFGS:  107 14:12:10    -3185.701137        2.635507
BFGS:  108 14:12:11    -3185.719069        2.659620
BFGS:  109 14:12:11    -3185.738081        2.673916
BFGS:  110 14:12:12    -3185.760485        2.727624
BFGS:  111 14:12:13    -3185.787167        2.793017
BFGS:  112 14:12:14    -3185.816521        2.787574
BFGS:  113 14:12:14    -3185.845094        2.738192
BFGS:  114 14:12:15    -3185.871658        2.701893
BFGS:  115 14:12:15    -3185.897552        2.670426
BFGS:  116 14:12:16    -3185.926356        2.606402
BFGS:  117 14:12:17    -3185.958302        2.515429
BFGS:  118 14:12:18    -3185.992978        2.417945
BFGS:  119 14:12:18    -3186.027049        2.332568
BFGS:  120 14:12:19    -3186.064321        2.399320
BFGS:  121 14:12:20    -3186.099456        2.247884
BFGS:  122 14:12:20    -3186.139776        2.223882
BFGS:  123 14:12:21    -3186.176352        1.991927
BFGS:  124 14:12:22    -3186.213432        1.888471
BFGS:  125 14:12:23    -3186.248104        1.738024
BFGS:  126 14:12:23    -3186.281941        1.593975
BFGS:  127 14:12:24    -3186.310529        1.519985
BFGS:  128 14:12:25    -3186.340474        1.464516
BFGS:  129 14:12:25    -3186.374300        1.410827
BFGS:  130 14:12:26    -3186.404742        1.214916
BFGS:  131 14:12:27    -3186.428560        1.021165
BFGS:  132 14:12:28    -3186.450076        0.967735
BFGS:  133 14:12:28    -3186.473580        0.916801
BFGS:  134 14:12:29    -3186.504211        0.856020
BFGS:  135 14:12:30    -3186.537841        0.719230
BFGS:  136 14:12:31    -3186.565683        0.611739
BFGS:  137 14:12:31    -3186.590616        0.487773
BFGS:  138 14:12:32    -3186.608804        0.399504
BFGS:  139 14:12:33    -3186.621577        0.356511
BFGS:  140 14:12:33    -3186.635254        0.321546
BFGS:  141 14:12:34    -3186.650582        0.318758
BFGS:  142 14:12:35    -3186.663272        0.203880
BFGS:  143 14:12:35    -3186.673191        0.266671
BFGS:  144 14:12:36    -3186.681389        0.230180
BFGS:  145 14:12:37    -3186.687257        0.220425
BFGS:  146 14:12:37    -3186.691501        0.165322
BFGS:  147 14:12:38    -3186.694364        0.141081
BFGS:  148 14:12:38    -3186.697822        0.098429
BFGS:  149 14:12:39    -3186.699943        0.103956
BFGS:  150 14:12:40    -3186.701898        0.087250
BFGS:  151 14:12:40    -3186.703216        0.077284
BFGS:  152 14:12:41    -3186.704066        0.070186
BFGS:  153 14:12:41    -3186.704648        0.046203
BFGS:  154 14:12:42    -3186.705144        0.042116
BFGS:  155 14:12:42    -3186.705562        0.041756
BFGS:  156 14:12:43    -3186.705875        0.041303
BFGS:  157 14:12:43    -3186.706132        0.041917
BFGS:  158 14:12:44    -3186.706383        0.039172
BFGS:  159 14:12:45    -3186.706640        0.036740
BFGS:  160 14:12:45    -3186.706875        0.034324
BFGS:  161 14:12:46    -3186.707077        0.040094
BFGS:  162 14:12:46    -3186.707299        0.042842
BFGS:  163 14:12:47    -3186.707504        0.041865
BFGS:  164 14:12:47    -3186.707739        0.040798
BFGS:  165 14:12:48    -3186.707951        0.035164
BFGS:  166 14:12:48    -3186.708139        0.031971
BFGS:  167 14:12:49    -3186.708293        0.021442
BFGS:  168 14:12:49    -3186.708403        0.020136
BFGS:  169 14:12:50    -3186.708467        0.014717
BFGS:  170 14:12:50    -3186.708505        0.011358
BFGS:  171 14:12:50    -3186.708534        0.009417
