      Step     Time          Energy          fmax
BFGS:    0 14:17:11    -2344.209465       13.766404
BFGS:    1 14:17:12    -2350.663324        7.370830
BFGS:    2 14:17:12    -2358.065344        8.712401
BFGS:    3 14:17:13    -2364.260841       16.383737
BFGS:    4 14:17:14    -2366.601617       22.322904
BFGS:    5 14:17:14    -2371.361521        9.092170
BFGS:    6 14:17:15    -2373.267673        5.570568
BFGS:    7 14:17:15    -2374.074662        4.607832
BFGS:    8 14:17:16    -2374.648986        2.839643
BFGS:    9 14:17:16    -2374.997574        1.766000
BFGS:   10 14:17:17    -2375.256710        1.531637
BFGS:   11 14:17:17    -2375.452425        1.465773
BFGS:   12 14:17:17    -2375.581803        1.481454
BFGS:   13 14:17:18    -2375.828479        1.377317
BFGS:   14 14:17:18    -2376.108641        2.012390
BFGS:   15 14:17:19    -2376.302153        1.769820
BFGS:   16 14:17:19    -2376.547975        1.331702
BFGS:   17 14:17:19    -2376.732640        1.464338
BFGS:   18 14:17:20    -2376.877070        1.142573
BFGS:   19 14:17:20    -2376.985076        0.827133
BFGS:   20 14:17:21    -2377.080013        0.750603
BFGS:   21 14:17:21    -2377.154263        0.689493
BFGS:   22 14:17:21    -2377.213861        0.640565
BFGS:   23 14:17:22    -2377.252539        0.365939
BFGS:   24 14:17:22    -2377.273592        0.269450
BFGS:   25 14:17:22    -2377.285312        0.199154
BFGS:   26 14:17:23    -2377.295070        0.214405
BFGS:   27 14:17:23    -2377.305303        0.288483
BFGS:   28 14:17:24    -2377.318439        0.351708
BFGS:   29 14:17:24    -2377.332975        0.302777
BFGS:   30 14:17:24    -2377.347888        0.252621
BFGS:   31 14:17:25    -2377.362914        0.312565
BFGS:   32 14:17:25    -2377.378914        0.318622
BFGS:   33 14:17:25    -2377.394645        0.286551
BFGS:   34 14:17:26    -2377.407684        0.237027
BFGS:   35 14:17:26    -2377.417744        0.215017
BFGS:   36 14:17:26    -2377.427101        0.223113
BFGS:   37 14:17:27    -2377.437360        0.224760
BFGS:   38 14:17:27    -2377.447119        0.219236
BFGS:   39 14:17:27    -2377.454619        0.193171
BFGS:   40 14:17:28    -2377.460066        0.159626
BFGS:   41 14:17:28    -2377.464972        0.129300
BFGS:   42 14:17:28    -2377.469756        0.153556
BFGS:   43 14:17:29    -2377.473589        0.156720
BFGS:   44 14:17:29    -2377.476157        0.109987
BFGS:   45 14:17:29    -2377.477731        0.096170
BFGS:   46 14:17:29    -2377.478802        0.077839
BFGS:   47 14:17:30    -2377.479724        0.085716
BFGS:   48 14:17:30    -2377.480652        0.072122
BFGS:   49 14:17:30    -2377.481702        0.083827
BFGS:   50 14:17:31    -2377.482892        0.067776
BFGS:   51 14:17:31    -2377.484137        0.071048
BFGS:   52 14:17:31    -2377.485401        0.069129
BFGS:   53 14:17:31    -2377.486821        0.089496
BFGS:   54 14:17:32    -2377.488588        0.122117
BFGS:   55 14:17:32    -2377.490758        0.117843
BFGS:   56 14:17:32    -2377.493396        0.118394
BFGS:   57 14:17:33    -2377.496336        0.124293
BFGS:   58 14:17:33    -2377.499648        0.129582
BFGS:   59 14:17:33    -2377.503264        0.134138
BFGS:   60 14:17:34    -2377.507275        0.147486
BFGS:   61 14:17:34    -2377.512010        0.205367
BFGS:   62 14:17:35    -2377.518379        0.268525
BFGS:   63 14:17:35    -2377.528589        0.293956
BFGS:   64 14:17:35    -2377.553814        0.431950
BFGS:   65 14:17:36    -2377.586286        0.797047
BFGS:   66 14:17:36    -2377.686289        1.619237
BFGS:   67 14:17:37    -2377.908318        2.501278
BFGS:   68 14:17:37    -2378.054821        2.819772
BFGS:   69 14:17:38    -2378.143835        2.423604
BFGS:   70 14:17:38    -2378.249700        2.280597
BFGS:   71 14:17:38    -2378.377932        2.767840
BFGS:   72 14:17:39    -2378.508440        3.013668
BFGS:   73 14:17:39    -2378.658518        2.395309
BFGS:   74 14:17:40    -2378.867920        1.825861
BFGS:   75 14:17:40    -2379.061899        1.847087
BFGS:   76 14:17:41    -2379.327992        1.768496
BFGS:   77 14:17:41    -2379.681062        2.104838
BFGS:   78 14:17:42    -2380.169192        2.005913
BFGS:   79 14:17:42    -2380.545258        1.472773
BFGS:   80 14:17:42    -2380.742039        1.550752
BFGS:   81 14:17:43    -2380.878616        1.561527
BFGS:   82 14:17:43    -2381.021077        1.321887
BFGS:   83 14:17:44    -2381.183541        1.399074
BFGS:   84 14:17:44    -2381.335446        1.379207
BFGS:   85 14:17:44    -2381.450052        1.073712
BFGS:   86 14:17:45    -2381.547424        0.977698
BFGS:   87 14:17:45    -2381.623825        0.971658
BFGS:   88 14:17:46    -2381.672164        0.895468
BFGS:   89 14:17:46    -2381.704412        0.921677
BFGS:   90 14:17:46    -2381.735527        0.947079
BFGS:   91 14:17:47    -2381.767608        0.972289
BFGS:   92 14:17:47    -2381.795440        1.009632
BFGS:   93 14:17:47    -2381.817606        1.034164
BFGS:   94 14:17:48    -2381.837317        1.030720
BFGS:   95 14:17:48    -2381.857085        1.007360
BFGS:   96 14:17:48    -2381.875331        0.989179
BFGS:   97 14:17:49    -2381.891331        0.982473
BFGS:   98 14:17:49    -2381.906920        0.983061
BFGS:   99 14:17:49    -2381.923760        0.976080
BFGS:  100 14:17:49    -2381.940418        0.955433
BFGS:  101 14:17:50    -2381.954284        0.916443
BFGS:  102 14:17:50    -2381.965825        0.870094
BFGS:  103 14:17:50    -2381.978212        0.818350
BFGS:  104 14:17:51    -2381.993420        0.769082
BFGS:  105 14:17:51    -2382.008896        0.736997
BFGS:  106 14:17:51    -2382.021001        0.731818
BFGS:  107 14:17:52    -2382.030215        0.743394
BFGS:  108 14:17:52    -2382.039843        0.783731
BFGS:  109 14:17:52    -2382.051595        0.857048
BFGS:  110 14:17:52    -2382.063553        0.762020
BFGS:  111 14:17:53    -2382.072850        0.711250
BFGS:  112 14:17:53    -2382.079776        0.680267
BFGS:  113 14:17:53    -2382.086799        0.661207
BFGS:  114 14:17:54    -2382.095309        0.650363
BFGS:  115 14:17:54    -2382.104376        0.653498
BFGS:  116 14:17:54    -2382.112104        0.654935
BFGS:  117 14:17:55    -2382.117817        0.653480
BFGS:  118 14:17:55    -2382.122200        0.636848
BFGS:  119 14:17:55    -2382.126194        0.613570
BFGS:  120 14:17:55    -2382.130225        0.579009
BFGS:  121 14:17:56    -2382.134127        0.547520
BFGS:  122 14:17:56    -2382.137612        0.520805
BFGS:  123 14:17:56    -2382.140515        0.506129
BFGS:  124 14:17:57    -2382.142847        0.495739
BFGS:  125 14:17:57    -2382.144823        0.487529
BFGS:  126 14:17:57    -2382.146552        0.474291
BFGS:  127 14:17:58    -2382.147997        0.457890
BFGS:  128 14:17:58    -2382.149158        0.438561
BFGS:  129 14:17:58    -2382.150181        0.422649
BFGS:  130 14:17:59    -2382.151264        0.409488
BFGS:  131 14:17:59    -2382.152557        0.401618
BFGS:  132 14:17:59    -2382.154110        0.399386
BFGS:  133 14:17:59    -2382.155769        0.402264
BFGS:  134 14:18:00    -2382.157282        0.406173
BFGS:  135 14:18:00    -2382.158534        0.407673
BFGS:  136 14:18:00    -2382.159639        0.404140
BFGS:  137 14:18:00    -2382.160702        0.397168
BFGS:  138 14:18:01    -2382.161769        0.388347
BFGS:  139 14:18:01    -2382.162793        0.380990
BFGS:  140 14:18:01    -2382.163747        0.376664
BFGS:  141 14:18:01    -2382.164600        0.374871
BFGS:  142 14:18:02    -2382.165352        0.373485
BFGS:  143 14:18:02    -2382.166035        0.370112
BFGS:  144 14:18:02    -2382.166749        0.363689
BFGS:  145 14:18:03    -2382.167588        0.353370
BFGS:  146 14:18:03    -2382.168539        0.339991
BFGS:  147 14:18:03    -2382.169483        0.327489
BFGS:  148 14:18:03    -2382.170361        0.318427
BFGS:  149 14:18:04    -2382.171259        0.311965
BFGS:  150 14:18:04    -2382.172324        0.305833
BFGS:  151 14:18:04    -2382.173560        0.298133
BFGS:  152 14:18:04    -2382.174871        0.289612
BFGS:  153 14:18:05    -2382.176127        0.281961
BFGS:  154 14:18:05    -2382.177367        0.276696
BFGS:  155 14:18:05    -2382.178602        0.275597
BFGS:  156 14:18:06    -2382.179777        0.276385
BFGS:  157 14:18:06    -2382.180838        0.279700
BFGS:  158 14:18:06    -2382.181922        0.280801
BFGS:  159 14:18:06    -2382.183175        0.280134
BFGS:  160 14:18:07    -2382.184630        0.274410
BFGS:  161 14:18:07    -2382.186062        0.266672
BFGS:  162 14:18:07    -2382.187333        0.259457
BFGS:  163 14:18:07    -2382.188574        0.254757
BFGS:  164 14:18:08    -2382.190010        0.251517
BFGS:  165 14:18:08    -2382.191645        0.250199
BFGS:  166 14:18:08    -2382.193211        0.250783
BFGS:  167 14:18:09    -2382.194500        0.250488
BFGS:  168 14:18:09    -2382.195623        0.247862
BFGS:  169 14:18:09    -2382.196934        0.242923
BFGS:  170 14:18:09    -2382.198622        0.235800
BFGS:  171 14:18:10    -2382.200638        0.232860
BFGS:  172 14:18:10    -2382.202916        0.235382
BFGS:  173 14:18:10    -2382.205442        0.241950
BFGS:  174 14:18:11    -2382.208394        0.247670
BFGS:  175 14:18:11    -2382.211607        0.248646
BFGS:  176 14:18:11    -2382.214573        0.243871
BFGS:  177 14:18:12    -2382.216982        0.234515
BFGS:  178 14:18:12    -2382.218936        0.223154
BFGS:  179 14:18:12    -2382.220583        0.214481
BFGS:  180 14:18:12    -2382.221816        0.211511
BFGS:  181 14:18:13    -2382.222623        0.213473
BFGS:  182 14:18:13    -2382.223280        0.216837
BFGS:  183 14:18:13    -2382.224124        0.220298
BFGS:  184 14:18:14    -2382.225361        0.223926
BFGS:  185 14:18:14    -2382.227060        0.225120
BFGS:  186 14:18:14    -2382.228818        0.223055
BFGS:  187 14:18:15    -2382.230558        0.218736
BFGS:  188 14:18:15    -2382.232637        0.214987
BFGS:  189 14:18:15    -2382.235508        0.213659
BFGS:  190 14:18:16    -2382.238990        0.214189
BFGS:  191 14:18:16    -2382.242354        0.211260
BFGS:  192 14:18:16    -2382.245369        0.201884
BFGS:  193 14:18:17    -2382.249159        0.180721
BFGS:  194 14:18:17    -2382.258439        0.175335
BFGS:  195 14:18:18    -2382.266553        0.329596
BFGS:  196 14:18:18    -2382.287394        0.386103
BFGS:  197 14:18:18    -2382.310785        0.498144
BFGS:  198 14:18:19    -2382.357905        0.830378
BFGS:  199 14:18:19    -2382.418882        0.793063
BFGS:  200 14:18:19    -2382.438510        0.652630
