      Step     Time          Energy          fmax
BFGS:    0 13:42:31    -3787.322485        7.550877
BFGS:    1 13:42:33    -3793.823343        7.111702
BFGS:    2 13:42:35    -3795.596713       13.089291
BFGS:    3 13:42:37    -3797.900582        4.111045
BFGS:    4 13:42:39    -3798.695577        2.195862
BFGS:    5 13:42:40    -3799.138522        1.786098
BFGS:    6 13:42:42    -3799.271564        0.802033
BFGS:    7 13:42:43    -3799.404581        0.609887
BFGS:    8 13:42:45    -3799.445852        0.855563
BFGS:    9 13:42:46    -3799.518188        0.747963
BFGS:   10 13:42:48    -3799.588422        0.612308
BFGS:   11 13:42:50    -3799.670929        0.523200
BFGS:   12 13:42:51    -3799.743085        0.607429
BFGS:   13 13:42:52    -3799.824235        0.532913
BFGS:   14 13:42:54    -3799.913727        0.815865
BFGS:   15 13:42:55    -3800.007095        0.928389
BFGS:   16 13:42:57    -3800.104495        0.719899
BFGS:   17 13:42:58    -3800.199078        0.562549
BFGS:   18 13:43:00    -3800.280333        0.466665
BFGS:   19 13:43:01    -3800.372578        0.681228
BFGS:   20 13:43:03    -3800.480773        0.669275
BFGS:   21 13:43:04    -3800.564682        0.702719
BFGS:   22 13:43:06    -3800.627143        0.491057
BFGS:   23 13:43:07    -3800.683629        0.427261
BFGS:   24 13:43:08    -3800.738828        0.476158
BFGS:   25 13:43:09    -3800.788318        0.449779
BFGS:   26 13:43:11    -3800.827472        0.349845
BFGS:   27 13:43:12    -3800.862274        0.385630
BFGS:   28 13:43:13    -3800.901437        0.410523
BFGS:   29 13:43:15    -3800.937748        0.453531
BFGS:   30 13:43:16    -3800.968198        0.347726
BFGS:   31 13:43:17    -3801.001355        0.251785
BFGS:   32 13:43:19    -3801.038936        0.337799
BFGS:   33 13:43:20    -3801.074337        0.292592
BFGS:   34 13:43:21    -3801.100265        0.258467
BFGS:   35 13:43:22    -3801.118712        0.269868
BFGS:   36 13:43:24    -3801.138713        0.251339
BFGS:   37 13:43:25    -3801.166030        0.416258
BFGS:   38 13:43:26    -3801.195180        0.472817
BFGS:   39 13:43:28    -3801.216883        0.319274
BFGS:   40 13:43:29    -3801.229919        0.189173
BFGS:   41 13:43:30    -3801.238700        0.150740
BFGS:   42 13:43:31    -3801.246103        0.164731
BFGS:   43 13:43:33    -3801.252558        0.130934
BFGS:   44 13:43:34    -3801.257082        0.122239
BFGS:   45 13:43:35    -3801.260478        0.113694
BFGS:   46 13:43:36    -3801.263586        0.158510
BFGS:   47 13:43:37    -3801.266518        0.129705
BFGS:   48 13:43:38    -3801.268879        0.079234
BFGS:   49 13:43:39    -3801.270715        0.066690
BFGS:   50 13:43:40    -3801.272518        0.093723
BFGS:   51 13:43:41    -3801.274769        0.106335
BFGS:   52 13:43:42    -3801.277829        0.084444
BFGS:   53 13:43:43    -3801.281889        0.103467
BFGS:   54 13:43:45    -3801.287199        0.147573
BFGS:   55 13:43:46    -3801.293246        0.162147
BFGS:   56 13:43:47    -3801.298839        0.129991
BFGS:   57 13:43:48    -3801.303032        0.073798
BFGS:   58 13:43:49    -3801.306129        0.151854
BFGS:   59 13:43:50    -3801.308763        0.183778
BFGS:   60 13:43:51    -3801.311214        0.144677
BFGS:   61 13:43:53    -3801.313470        0.076922
BFGS:   62 13:43:54    -3801.315650        0.072625
BFGS:   63 13:43:55    -3801.318040        0.117386
BFGS:   64 13:43:56    -3801.320744        0.139284
BFGS:   65 13:43:57    -3801.323496        0.100925
BFGS:   66 13:43:58    -3801.326094        0.071312
BFGS:   67 13:43:59    -3801.328660        0.088210
BFGS:   68 13:44:00    -3801.331673        0.094618
BFGS:   69 13:44:01    -3801.335250        0.099051
BFGS:   70 13:44:02    -3801.339164        0.094553
BFGS:   71 13:44:03    -3801.343083        0.095722
BFGS:   72 13:44:04    -3801.347526        0.104301
BFGS:   73 13:44:05    -3801.353500        0.122721
BFGS:   74 13:44:07    -3801.362024        0.134953
BFGS:   75 13:44:08    -3801.373268        0.148298
BFGS:   76 13:44:09    -3801.385412        0.156955
BFGS:   77 13:44:10    -3801.396655        0.173775
BFGS:   78 13:44:12    -3801.406759        0.165457
BFGS:   79 13:44:13    -3801.416063        0.126388
BFGS:   80 13:44:14    -3801.425609        0.137646
BFGS:   81 13:44:15    -3801.434825        0.163043
BFGS:   82 13:44:16    -3801.441780        0.127275
BFGS:   83 13:44:17    -3801.445860        0.089123
BFGS:   84 13:44:19    -3801.448509        0.082968
BFGS:   85 13:44:20    -3801.451011        0.083441
BFGS:   86 13:44:21    -3801.453762        0.104718
BFGS:   87 13:44:22    -3801.456858        0.083729
BFGS:   88 13:44:23    -3801.460171        0.070152
BFGS:   89 13:44:24    -3801.462177        0.064708
BFGS:   90 13:44:25    -3801.464499        0.093761
BFGS:   91 13:44:26    -3801.467055        0.089148
BFGS:   92 13:44:27    -3801.469274        0.054582
BFGS:   93 13:44:29    -3801.470615        0.039310
BFGS:   94 13:44:30    -3801.471364        0.045843
BFGS:   95 13:44:31    -3801.471967        0.042205
BFGS:   96 13:44:32    -3801.472711        0.043668
BFGS:   97 13:44:33    -3801.473621        0.046171
BFGS:   98 13:44:34    -3801.474535        0.041148
BFGS:   99 13:44:35    -3801.475183        0.042908
BFGS:  100 13:44:36    -3801.475705        0.042838
BFGS:  101 13:44:37    -3801.476222        0.037237
BFGS:  102 13:44:38    -3801.476903        0.045387
BFGS:  103 13:44:39    -3801.477827        0.050221
BFGS:  104 13:44:40    -3801.479097        0.061749
BFGS:  105 13:44:41    -3801.480738        0.063682
BFGS:  106 13:44:42    -3801.482871        0.079547
BFGS:  107 13:44:43    -3801.485443        0.089640
BFGS:  108 13:44:44    -3801.488110        0.091029
BFGS:  109 13:44:45    -3801.490349        0.070308
BFGS:  110 13:44:46    -3801.492123        0.064654
BFGS:  111 13:44:48    -3801.493657        0.054625
BFGS:  112 13:44:49    -3801.495014        0.044306
BFGS:  113 13:44:50    -3801.496059        0.046507
BFGS:  114 13:44:51    -3801.496781        0.039047
BFGS:  115 13:44:52    -3801.497209        0.024772
BFGS:  116 13:44:53    -3801.497449        0.020817
BFGS:  117 13:44:54    -3801.497592        0.017576
BFGS:  118 13:44:55    -3801.497700        0.016158
BFGS:  119 13:44:56    -3801.497812        0.015086
BFGS:  120 13:44:57    -3801.497905        0.012193
BFGS:  121 13:44:58    -3801.497958        0.007167
