      Step     Time          Energy          fmax
BFGS:    0 10:20:20    -2588.047020      371.883816
BFGS:    1 10:20:22    -2649.856604      146.301640
BFGS:    2 10:20:23    -2669.029374      115.558826
BFGS:    3 10:20:24    -2683.266160       90.475040
BFGS:    4 10:20:26    -2693.746641       68.980139
BFGS:    5 10:20:28    -2698.421131       67.065342
BFGS:    6 10:20:29    -2699.971018       48.192870
BFGS:    7 10:20:30    -2701.306626       36.207011
BFGS:    8 10:20:32    -2704.077246       21.500101
BFGS:    9 10:20:33    -2705.038298       14.109386
BFGS:   10 10:20:34    -2707.742635       20.138516
BFGS:   11 10:20:36    -2711.590621       33.316859
BFGS:   12 10:20:37    -2720.972050       37.315192
BFGS:   13 10:20:38    -2729.229273       34.113433
BFGS:   14 10:20:40    -2736.382746       29.155717
BFGS:   15 10:20:41    -2742.995997       24.367905
BFGS:   16 10:20:43    -2749.071604       19.889154
BFGS:   17 10:20:44    -2754.042326       15.149145
BFGS:   18 10:20:46    -2757.839424       10.127150
BFGS:   19 10:20:47    -2760.372961        5.891950
BFGS:   20 10:20:48    -2761.815889        2.960653
BFGS:   21 10:20:49    -2762.519525        1.234903
BFGS:   22 10:20:50    -2762.699137        0.453801
BFGS:   23 10:20:51    -2762.714428        0.320172
BFGS:   24 10:20:52    -2762.716800        0.289159
BFGS:   25 10:20:53    -2762.718197        0.279910
BFGS:   26 10:20:53    -2762.723465        0.272052
BFGS:   27 10:20:54    -2762.734301        0.296734
BFGS:   28 10:20:55    -2762.757817        0.367698
BFGS:   29 10:20:56    -2762.785984        0.410448
BFGS:   30 10:20:57    -2762.808640        0.389377
BFGS:   31 10:20:58    -2762.817044        0.314039
BFGS:   32 10:20:58    -2762.818382        0.272863
BFGS:   33 10:20:59    -2762.819211        0.251383
BFGS:   34 10:21:00    -2762.821226        0.243826
BFGS:   35 10:21:01    -2762.824606        0.213870
BFGS:   36 10:21:01    -2762.830485        0.216264
BFGS:   37 10:21:02    -2762.836537        0.246331
BFGS:   38 10:21:03    -2762.839700        0.240805
BFGS:   39 10:21:04    -2762.840510        0.236875
BFGS:   40 10:21:04    -2762.840919        0.235689
BFGS:   41 10:21:05    -2762.841372        0.234675
BFGS:   42 10:21:05    -2762.842073        0.233387
BFGS:   43 10:21:06    -2762.843682        0.230384
BFGS:   44 10:21:07    -2762.847487        0.216831
BFGS:   45 10:21:08    -2762.850903        0.196352
BFGS:   46 10:21:08    -2762.854933        0.146920
BFGS:   47 10:21:09    -2762.863427        0.134669
BFGS:   48 10:21:10    -2762.874646        0.147091
BFGS:   49 10:21:11    -2762.883795        0.164369
BFGS:   50 10:21:11    -2762.892202        0.214791
BFGS:   51 10:21:12    -2762.900631        0.396315
BFGS:   52 10:21:13    -2762.912331        0.478783
BFGS:   53 10:21:14    -2762.933414        0.492310
BFGS:   54 10:21:15    -2762.967722        0.471507
BFGS:   55 10:21:16    -2763.013413        0.397152
BFGS:   56 10:21:16    -2763.061535        0.310960
BFGS:   57 10:21:17    -2763.101970        0.276906
BFGS:   58 10:21:18    -2763.129045        0.283356
BFGS:   59 10:21:19    -2763.140902        0.289103
BFGS:   60 10:21:20    -2763.141803        0.289679
BFGS:   61 10:21:20    -2763.142651        0.289551
BFGS:   62 10:21:21    -2763.142930        0.288657
BFGS:   63 10:21:21    -2763.143060        0.287669
BFGS:   64 10:21:22    -2763.143144        0.287095
BFGS:   65 10:21:22    -2763.143465        0.285357
BFGS:   66 10:21:23    -2763.144130        0.283269
BFGS:   67 10:21:23    -2763.146229        0.279579
BFGS:   68 10:21:24    -2763.152389        0.275442
BFGS:   69 10:21:25    -2763.163339        0.305118
BFGS:   70 10:21:26    -2763.174677        0.353171
BFGS:   71 10:21:27    -2763.190012        0.335722
BFGS:   72 10:21:28    -2763.204614        0.286831
BFGS:   73 10:21:29    -2763.224073        0.280412
BFGS:   74 10:21:30    -2763.246433        0.281077
BFGS:   75 10:21:31    -2763.262001        0.288653
BFGS:   76 10:21:31    -2763.272348        0.309042
BFGS:   77 10:21:32    -2763.278355        0.321112
BFGS:   78 10:21:33    -2763.285293        0.329755
BFGS:   79 10:21:34    -2763.295525        0.333357
BFGS:   80 10:21:34    -2763.310297        0.332312
BFGS:   81 10:21:35    -2763.329673        0.327921
BFGS:   82 10:21:36    -2763.353287        0.320606
BFGS:   83 10:21:37    -2763.380664        0.309560
BFGS:   84 10:21:37    -2763.410703        0.293122
BFGS:   85 10:21:38    -2763.441353        0.269476
BFGS:   86 10:21:39    -2763.469278        0.237702
BFGS:   87 10:21:40    -2763.491219        0.198339
BFGS:   88 10:21:41    -2763.503513        0.155941
BFGS:   89 10:21:42    -2763.499978        0.240813
BFGS:   90 10:21:43    -2763.504386        0.099268
BFGS:   91 10:21:43    -2763.506914        0.136711
BFGS:   92 10:21:44    -2763.507155        0.128304
BFGS:   93 10:21:44    -2763.507180        0.127878
BFGS:   94 10:21:45    -2763.507226        0.127862
BFGS:   95 10:21:45    -2763.507300        0.127745
BFGS:   96 10:21:46    -2763.507478        0.127182
BFGS:   97 10:21:46    -2763.507832        0.124779
BFGS:   98 10:21:47    -2763.508365        0.119571
BFGS:   99 10:21:47    -2763.508820        0.113890
BFGS:  100 10:21:48    -2763.508996        0.111473
BFGS:  101 10:21:48    -2763.509019        0.111949
BFGS:  102 10:21:49    -2763.509022        0.112459
BFGS:  103 10:21:49    -2763.509023        0.112970
BFGS:  104 10:21:49    -2763.509024        0.113113
BFGS:  105 10:21:50    -2763.509025        0.113608
BFGS:  106 10:21:50    -2763.509025        0.113756
BFGS:  107 10:21:50    -2763.509028        0.114398
BFGS:  108 10:21:51    -2763.509033        0.115106
BFGS:  109 10:21:51    -2763.509050        0.116887
BFGS:  110 10:21:51    -2763.509091        0.119953
BFGS:  111 10:21:52    -2763.509199        0.125854
BFGS:  112 10:21:52    -2763.509471        0.136371
BFGS:  113 10:21:53    -2763.510176        0.155875
BFGS:  114 10:21:53    -2763.511747        0.182531
BFGS:  115 10:21:54    -2763.514896        0.205278
BFGS:  116 10:21:54    -2763.519321        0.189408
BFGS:  117 10:21:55    -2763.523312        0.109747
BFGS:  118 10:21:56    -2763.524870        0.021500
BFGS:  119 10:21:56    -2763.525007        0.002742
      Step     Time          Energy          fmax
BFGS:    0 12:53:47     -502.914405     6662.357406
BFGS:    1 12:53:48    -1951.682367      855.382954
BFGS:    2 12:53:50    -2318.331831     1735.138920
BFGS:    3 12:53:51    -2365.721802     1541.160619
BFGS:    4 12:53:52    -2469.665014     1079.494013
BFGS:    5 12:53:53    -2558.411744      817.583607
BFGS:    6 12:53:55    -2640.145747      438.893057
BFGS:    7 12:53:57    -2679.186509      119.619205
BFGS:    8 12:53:58    -2695.332596       55.272208
BFGS:    9 12:53:59    -2711.704130       41.073074
BFGS:   10 12:54:00    -2726.463051       17.820854
BFGS:   11 12:54:02    -2735.030612       10.124219
BFGS:   12 12:54:03    -2740.483539       11.932883
BFGS:   13 12:54:04    -2744.352509       10.059273
BFGS:   14 12:54:05    -2747.472076        5.008427
BFGS:   15 12:54:06    -2749.551572        7.049063
BFGS:   16 12:54:07    -2751.165332        6.185647
BFGS:   17 12:54:08    -2752.729876        4.923256
BFGS:   18 12:54:08    -2753.509908        4.943795
BFGS:   19 12:54:09    -2754.160641        4.910618
BFGS:   20 12:54:10    -2754.668233        4.780622
BFGS:   21 12:54:11    -2755.227050        4.562647
BFGS:   22 12:54:12    -2755.745995        4.088286
BFGS:   23 12:54:13    -2756.134192        3.443837
BFGS:   24 12:54:14    -2756.560659        2.423970
BFGS:   25 12:54:14    -2757.078837        1.751870
BFGS:   26 12:54:15    -2757.560148        1.977911
BFGS:   27 12:54:16    -2757.857975        1.857640
BFGS:   28 12:54:17    -2758.058729        1.860728
BFGS:   29 12:54:17    -2758.214727        1.719793
BFGS:   30 12:54:18    -2758.358512        1.689958
BFGS:   31 12:54:19    -2758.486019        1.635120
BFGS:   32 12:54:20    -2758.590753        1.403037
BFGS:   33 12:54:20    -2758.667629        1.071636
BFGS:   34 12:54:21    -2758.736364        0.909655
BFGS:   35 12:54:22    -2758.796999        0.838071
BFGS:   36 12:54:22    -2758.842054        0.880424
BFGS:   37 12:54:23    -2758.880787        0.972591
BFGS:   38 12:54:24    -2758.911201        1.002348
BFGS:   39 12:54:24    -2758.932705        0.986534
BFGS:   40 12:54:25    -2758.947823        1.034165
BFGS:   41 12:54:25    -2758.958128        1.099561
BFGS:   42 12:54:26    -2758.967458        1.159504
BFGS:   43 12:54:26    -2758.978258        1.207499
BFGS:   44 12:54:27    -2758.990791        1.234034
BFGS:   45 12:54:28    -2759.004942        1.228538
BFGS:   46 12:54:28    -2759.020196        1.218099
BFGS:   47 12:54:29    -2759.036222        1.237702
BFGS:   48 12:54:29    -2759.054313        1.294226
BFGS:   49 12:54:30    -2759.078762        1.396264
BFGS:   50 12:54:31    -2759.118794        1.593587
BFGS:   51 12:54:32    -2759.189559        1.997902
BFGS:   52 12:54:32    -2759.264197        2.430058
BFGS:   53 12:54:33    -2759.348214        2.927562
BFGS:   54 12:54:34    -2759.446061        2.989359
BFGS:   55 12:54:35    -2759.607718        3.163718
BFGS:   56 12:54:35    -2759.706457        3.453573
BFGS:   57 12:54:36    -2759.776910        3.542129
BFGS:   58 12:54:37    -2759.846927        3.573732
BFGS:   59 12:54:37    -2759.904799        3.511687
BFGS:   60 12:54:38    -2759.968071        3.439183
BFGS:   61 12:54:39    -2760.021221        3.322415
BFGS:   62 12:54:39    -2760.066798        3.286469
BFGS:   63 12:54:40    -2760.104240        3.190507
BFGS:   64 12:54:41    -2760.144302        3.117350
BFGS:   65 12:54:41    -2760.189456        2.954218
BFGS:   66 12:54:42    -2760.232514        2.767356
BFGS:   67 12:54:42    -2760.274753        2.549157
BFGS:   68 12:54:43    -2760.316261        2.350510
BFGS:   69 12:54:44    -2760.351736        2.232773
BFGS:   70 12:54:44    -2760.380189        2.128800
BFGS:   71 12:54:45    -2760.402454        2.200633
BFGS:   72 12:54:45    -2760.421238        2.073949
BFGS:   73 12:54:46    -2760.439129        2.072726
BFGS:   74 12:54:47    -2760.456034        1.931542
BFGS:   75 12:54:47    -2760.471777        1.861453
BFGS:   76 12:54:48    -2760.486248        1.810951
BFGS:   77 12:54:48    -2760.498431        1.787643
BFGS:   78 12:54:49    -2760.509181        1.792597
BFGS:   79 12:54:49    -2760.520182        1.808319
BFGS:   80 12:54:50    -2760.532159        1.819656
BFGS:   81 12:54:50    -2760.543971        1.824786
BFGS:   82 12:54:51    -2760.553635        1.812555
BFGS:   83 12:54:51    -2760.561701        1.787526
BFGS:   84 12:54:52    -2760.569735        1.769265
BFGS:   85 12:54:52    -2760.578640        1.750528
BFGS:   86 12:54:53    -2760.588084        1.744782
BFGS:   87 12:54:53    -2760.597523        1.757967
BFGS:   88 12:54:54    -2760.607014        1.763187
BFGS:   89 12:54:54    -2760.617163        1.751396
BFGS:   90 12:54:55    -2760.628097        1.708008
BFGS:   91 12:54:55    -2760.640107        1.653166
BFGS:   92 12:54:56    -2760.654117        1.580310
BFGS:   93 12:54:56    -2760.670895        1.519640
BFGS:   94 12:54:57    -2760.688690        1.459781
BFGS:   95 12:54:58    -2760.705473        1.439601
BFGS:   96 12:54:58    -2760.720496        1.424043
BFGS:   97 12:54:59    -2760.735837        1.411660
BFGS:   98 12:54:59    -2760.755331        1.355026
BFGS:   99 12:55:00    -2760.779531        1.238329
BFGS:  100 12:55:01    -2760.805110        1.074057
BFGS:  101 12:55:01    -2760.830145        0.908197
BFGS:  102 12:55:02    -2760.854441        0.779523
BFGS:  103 12:55:02    -2760.878255        0.689001
BFGS:  104 12:55:03    -2760.900770        0.638951
BFGS:  105 12:55:04    -2760.921938        0.587080
BFGS:  106 12:55:04    -2760.940522        0.528812
BFGS:  107 12:55:05    -2760.955145        0.435358
BFGS:  108 12:55:06    -2760.967551        0.385095
BFGS:  109 12:55:06    -2760.976097        0.425325
BFGS:  110 12:55:07    -2760.982557        0.400412
BFGS:  111 12:55:07    -2760.988951        0.465128
BFGS:  112 12:55:08    -2760.995040        0.599602
BFGS:  113 12:55:08    -2761.001479        0.662333
BFGS:  114 12:55:09    -2761.009333        0.673517
BFGS:  115 12:55:09    -2761.019362        0.732051
BFGS:  116 12:55:10    -2761.030905        0.746113
BFGS:  117 12:55:10    -2761.043289        0.674201
BFGS:  118 12:55:11    -2761.057266        0.542490
BFGS:  119 12:55:11    -2761.074148        0.496592
BFGS:  120 12:55:12    -2761.092835        0.413845
BFGS:  121 12:55:12    -2761.109736        0.335616
BFGS:  122 12:55:13    -2761.123030        0.288080
BFGS:  123 12:55:13    -2761.134656        0.340392
BFGS:  124 12:55:14    -2761.146589        0.355905
BFGS:  125 12:55:14    -2761.158019        0.342384
BFGS:  126 12:55:15    -2761.166728        0.258214
BFGS:  127 12:55:15    -2761.172557        0.235719
BFGS:  128 12:55:16    -2761.176977        0.233100
BFGS:  129 12:55:16    -2761.181215        0.215212
BFGS:  130 12:55:17    -2761.185429        0.238938
BFGS:  131 12:55:17    -2761.189583        0.248345
BFGS:  132 12:55:17    -2761.193777        0.167570
BFGS:  133 12:55:18    -2761.197917        0.122124
BFGS:  134 12:55:18    -2761.201768        0.109361
BFGS:  135 12:55:19    -2761.205324        0.201290
BFGS:  136 12:55:19    -2761.208846        0.263370
BFGS:  137 12:55:20    -2761.212944        0.296668
BFGS:  138 12:55:20    -2761.217968        0.288652
BFGS:  139 12:55:21    -2761.223872        0.246817
BFGS:  140 12:55:21    -2761.230349        0.201199
BFGS:  141 12:55:21    -2761.236759        0.242193
BFGS:  142 12:55:22    -2761.242597        0.208608
BFGS:  143 12:55:22    -2761.247784        0.282088
BFGS:  144 12:55:23    -2761.252883        0.334701
BFGS:  145 12:55:23    -2761.258527        0.318290
BFGS:  146 12:55:24    -2761.264945        0.313210
BFGS:  147 12:55:24    -2761.272142        0.327904
BFGS:  148 12:55:25    -2761.281490        0.397818
BFGS:  149 12:55:26    -2761.299567        0.556051
BFGS:  150 12:55:26    -2761.325656        1.430803
BFGS:  151 12:55:27    -2761.272972        2.490299
BFGS:  152 12:55:27    -2761.355486        0.916007
BFGS:  153 12:55:28    -2761.371570        1.238346
BFGS:  154 12:55:28    -2761.399292        1.320229
BFGS:  155 12:55:29    -2761.489521        1.501668
BFGS:  156 12:55:29    -2761.522292        1.562274
BFGS:  157 12:55:30    -2761.563922        1.579680
BFGS:  158 12:55:30    -2761.612221        1.119905
BFGS:  159 12:55:31    -2761.647487        0.978783
BFGS:  160 12:55:31    -2761.675606        0.935149
BFGS:  161 12:55:31    -2761.714879        0.850211
BFGS:  162 12:55:32    -2761.752690        0.800879
BFGS:  163 12:55:32    -2761.788872        0.763600
BFGS:  164 12:55:33    -2761.819217        0.759926
BFGS:  165 12:55:33    -2761.844145        0.736077
BFGS:  166 12:55:34    -2761.870307        0.699408
BFGS:  167 12:55:34    -2761.904798        0.701030
BFGS:  168 12:55:34    -2761.945055        0.644736
BFGS:  169 12:55:35    -2761.980710        0.687198
BFGS:  170 12:55:35    -2762.013427        0.695230
BFGS:  171 12:55:36    -2762.038263        0.699934
BFGS:  172 12:55:36    -2762.061520        0.680273
BFGS:  173 12:55:37    -2762.081613        0.633860
BFGS:  174 12:55:37    -2762.098758        0.572438
BFGS:  175 12:55:37    -2762.113161        0.501349
BFGS:  176 12:55:38    -2762.125826        0.405533
BFGS:  177 12:55:38    -2762.136094        0.424690
BFGS:  178 12:55:38    -2762.143337        0.415103
BFGS:  179 12:55:39    -2762.148425        0.388305
BFGS:  180 12:55:39    -2762.152916        0.387820
BFGS:  181 12:55:40    -2762.158025        0.336916
BFGS:  182 12:55:40    -2762.163713        0.334407
BFGS:  183 12:55:40    -2762.168890        0.377635
BFGS:  184 12:55:41    -2762.172893        0.391714
BFGS:  185 12:55:41    -2762.175968        0.394173
BFGS:  186 12:55:41    -2762.178752        0.375434
BFGS:  187 12:55:42    -2762.181682        0.335438
BFGS:  188 12:55:42    -2762.185018        0.299154
BFGS:  189 12:55:42    -2762.189202        0.259982
BFGS:  190 12:55:43    -2762.194498        0.288587
BFGS:  191 12:55:43    -2762.200578        0.277456
BFGS:  192 12:55:44    -2762.206394        0.257790
BFGS:  193 12:55:44    -2762.211230        0.261008
BFGS:  194 12:55:44    -2762.215289        0.273992
BFGS:  195 12:55:45    -2762.219344        0.252419
BFGS:  196 12:55:45    -2762.223774        0.264856
BFGS:  197 12:55:45    -2762.228326        0.278725
BFGS:  198 12:55:46    -2762.232206        0.277080
BFGS:  199 12:55:46    -2762.234909        0.267542
BFGS:  200 12:55:46    -2762.236590        0.247625
