      Step     Time          Energy          fmax
BFGS:    0 13:27:42    -2152.832372        8.465305
BFGS:    1 13:27:43    -2159.713058       11.858107
BFGS:    2 13:27:43    -2161.914696       18.609181
BFGS:    3 13:27:44    -2164.362312        6.423328
BFGS:    4 13:27:44    -2165.776225        4.256285
BFGS:    5 13:27:44    -2167.210619        4.669785
BFGS:    6 13:27:45    -2168.375283        4.292019
BFGS:    7 13:27:45    -2169.779238        6.834627
BFGS:    8 13:27:46    -2170.511939        1.989902
BFGS:    9 13:27:46    -2171.053001        2.085649
BFGS:   10 13:27:46    -2171.596374        1.033145
BFGS:   11 13:27:47    -2171.783325        0.803129
BFGS:   12 13:27:47    -2171.903525        1.352849
BFGS:   13 13:27:47    -2171.933321        2.109903
BFGS:   14 13:27:48    -2171.988279        0.983292
BFGS:   15 13:27:48    -2172.028683        0.710756
BFGS:   16 13:27:48    -2172.070409        0.696540
BFGS:   17 13:27:48    -2172.116371        0.490612
BFGS:   18 13:27:49    -2172.146149        0.580192
BFGS:   19 13:27:49    -2172.182152        0.534233
BFGS:   20 13:27:49    -2172.219437        0.482926
BFGS:   21 13:27:50    -2172.254270        0.422140
BFGS:   22 13:27:50    -2172.295308        0.547528
BFGS:   23 13:27:50    -2172.280488        1.787651
BFGS:   24 13:27:51    -2172.395133        0.792865
BFGS:   25 13:27:51    -2172.468475        0.765704
BFGS:   26 13:27:52    -2172.566113        0.805101
BFGS:   27 13:27:52    -2172.641689        0.571592
BFGS:   28 13:27:52    -2172.792706        0.930547
BFGS:   29 13:27:53    -2172.857393        1.177127
BFGS:   30 13:27:53    -2173.177056        1.694065
BFGS:   31 13:27:54    -2173.271856        1.215645
BFGS:   32 13:27:54    -2173.486410        1.037362
BFGS:   33 13:27:54    -2173.633281        1.094368
BFGS:   34 13:27:55    -2173.756891        0.916472
BFGS:   35 13:27:55    -2173.819761        0.734930
BFGS:   36 13:27:56    -2173.875274        0.477134
BFGS:   37 13:27:56    -2173.898081        0.607069
BFGS:   38 13:27:56    -2173.927263        0.400522
BFGS:   39 13:27:56    -2173.958171        0.473265
BFGS:   40 13:27:57    -2173.986027        0.271769
BFGS:   41 13:27:57    -2174.009542        0.279061
BFGS:   42 13:27:57    -2174.039802        0.423272
BFGS:   43 13:27:58    -2174.066554        0.488338
BFGS:   44 13:27:58    -2174.092654        0.344223
BFGS:   45 13:27:58    -2174.117214        0.278243
BFGS:   46 13:27:59    -2174.145413        0.343264
BFGS:   47 13:27:59    -2174.175880        0.538557
BFGS:   48 13:27:59    -2174.207107        0.502693
BFGS:   49 13:28:00    -2174.236411        0.437752
BFGS:   50 13:28:00    -2174.264965        0.320058
BFGS:   51 13:28:00    -2174.290409        0.278100
BFGS:   52 13:28:01    -2174.308398        0.309031
BFGS:   53 13:28:01    -2174.320671        0.222211
BFGS:   54 13:28:01    -2174.330927        0.188868
BFGS:   55 13:28:01    -2174.339568        0.237546
BFGS:   56 13:28:02    -2174.347322        0.216102
BFGS:   57 13:28:02    -2174.354480        0.186124
BFGS:   58 13:28:02    -2174.360593        0.122482
BFGS:   59 13:28:03    -2174.365550        0.170535
BFGS:   60 13:28:03    -2174.369921        0.169302
BFGS:   61 13:28:03    -2174.374551        0.150138
BFGS:   62 13:28:03    -2174.379977        0.198689
BFGS:   63 13:28:04    -2174.385723        0.204670
BFGS:   64 13:28:04    -2174.390641        0.234636
BFGS:   65 13:28:04    -2174.394335        0.159338
BFGS:   66 13:28:04    -2174.397221        0.095505
BFGS:   67 13:28:05    -2174.399817        0.115501
BFGS:   68 13:28:05    -2174.402381        0.155685
BFGS:   69 13:28:05    -2174.404870        0.150903
BFGS:   70 13:28:06    -2174.407380        0.102599
BFGS:   71 13:28:06    -2174.410129        0.105783
BFGS:   72 13:28:06    -2174.413318        0.150939
BFGS:   73 13:28:07    -2174.416898        0.198662
BFGS:   74 13:28:07    -2174.420680        0.168415
BFGS:   75 13:28:07    -2174.424152        0.092257
BFGS:   76 13:28:07    -2174.426215        0.100200
BFGS:   77 13:28:07    -2174.427674        0.108524
BFGS:   78 13:28:08    -2174.429368        0.085198
BFGS:   79 13:28:08    -2174.430924        0.088788
BFGS:   80 13:28:08    -2174.432347        0.099163
BFGS:   81 13:28:08    -2174.433460        0.079371
BFGS:   82 13:28:09    -2174.434420        0.065397
BFGS:   83 13:28:09    -2174.435363        0.073325
BFGS:   84 13:28:09    -2174.436402        0.077253
BFGS:   85 13:28:09    -2174.437441        0.078241
BFGS:   86 13:28:10    -2174.438375        0.057414
BFGS:   87 13:28:10    -2174.439258        0.060747
BFGS:   88 13:28:10    -2174.440298        0.059445
BFGS:   89 13:28:10    -2174.441576        0.087686
BFGS:   90 13:28:11    -2174.442922        0.085498
BFGS:   91 13:28:11    -2174.444169        0.061633
BFGS:   92 13:28:11    -2174.445473        0.080108
BFGS:   93 13:28:11    -2174.447255        0.091352
BFGS:   94 13:28:12    -2174.449790        0.124176
BFGS:   95 13:28:12    -2174.452637        0.131476
BFGS:   96 13:28:12    -2174.454933        0.088614
BFGS:   97 13:28:12    -2174.456488        0.077281
BFGS:   98 13:28:13    -2174.457742        0.070047
BFGS:   99 13:28:13    -2174.459131        0.065872
BFGS:  100 13:28:13    -2174.460634        0.073223
BFGS:  101 13:28:13    -2174.462042        0.063818
BFGS:  102 13:28:14    -2174.463280        0.066085
BFGS:  103 13:28:14    -2174.464356        0.061430
BFGS:  104 13:28:14    -2174.465320        0.057924
BFGS:  105 13:28:14    -2174.466263        0.068426
BFGS:  106 13:28:15    -2174.467301        0.072268
BFGS:  107 13:28:15    -2174.468452        0.072386
BFGS:  108 13:28:15    -2174.469575        0.070998
BFGS:  109 13:28:15    -2174.470526        0.062002
BFGS:  110 13:28:16    -2174.471337        0.069260
BFGS:  111 13:28:16    -2174.472153        0.063771
BFGS:  112 13:28:16    -2174.473010        0.068167
BFGS:  113 13:28:17    -2174.473850        0.060215
BFGS:  114 13:28:17    -2174.474686        0.066956
BFGS:  115 13:28:17    -2174.475632        0.072845
BFGS:  116 13:28:17    -2174.476715        0.085583
BFGS:  117 13:28:17    -2174.477844        0.069661
BFGS:  118 13:28:18    -2174.478902        0.063078
BFGS:  119 13:28:18    -2174.479983        0.079295
BFGS:  120 13:28:18    -2174.481300        0.085231
BFGS:  121 13:28:18    -2174.483103        0.086506
BFGS:  122 13:28:19    -2174.485022        0.085117
BFGS:  123 13:28:19    -2174.486578        0.075708
BFGS:  124 13:28:19    -2174.487736        0.072339
BFGS:  125 13:28:19    -2174.488703        0.072361
BFGS:  126 13:28:20    -2174.489684        0.064110
BFGS:  127 13:28:20    -2174.490767        0.073648
BFGS:  128 13:28:20    -2174.491997        0.101056
BFGS:  129 13:28:20    -2174.493422        0.097522
BFGS:  130 13:28:21    -2174.495141        0.088141
BFGS:  131 13:28:21    -2174.497372        0.123237
BFGS:  132 13:28:21    -2174.500166        0.131751
BFGS:  133 13:28:21    -2174.503287        0.133760
BFGS:  134 13:28:22    -2174.506316        0.166695
BFGS:  135 13:28:22    -2174.509616        0.123486
BFGS:  136 13:28:22    -2174.513094        0.176224
BFGS:  137 13:28:23    -2174.517248        0.197832
BFGS:  138 13:28:23    -2174.521348        0.219612
BFGS:  139 13:28:23    -2174.524894        0.101582
BFGS:  140 13:28:23    -2174.527482        0.116502
BFGS:  141 13:28:24    -2174.529336        0.088815
BFGS:  142 13:28:24    -2174.530615        0.075942
BFGS:  143 13:28:24    -2174.531782        0.075415
BFGS:  144 13:28:25    -2174.533306        0.086292
BFGS:  145 13:28:25    -2174.534478        0.059729
BFGS:  146 13:28:25    -2174.535843        0.057561
BFGS:  147 13:28:25    -2174.536758        0.061080
BFGS:  148 13:28:26    -2174.538171        0.086281
BFGS:  149 13:28:26    -2174.540161        0.129084
BFGS:  150 13:28:26    -2174.543497        0.153861
BFGS:  151 13:28:26    -2174.548089        0.132754
BFGS:  152 13:28:27    -2174.553139        0.104521
BFGS:  153 13:28:27    -2174.557451        0.121497
BFGS:  154 13:28:27    -2174.560658        0.116774
BFGS:  155 13:28:28    -2174.563053        0.100413
BFGS:  156 13:28:28    -2174.565018        0.082261
BFGS:  157 13:28:28    -2174.566631        0.073519
BFGS:  158 13:28:28    -2174.568038        0.098332
BFGS:  159 13:28:29    -2174.569113        0.085472
BFGS:  160 13:28:29    -2174.570080        0.051053
BFGS:  161 13:28:29    -2174.570592        0.064806
BFGS:  162 13:28:29    -2174.570976        0.039956
BFGS:  163 13:28:30    -2174.571622        0.047869
BFGS:  164 13:28:30    -2174.572625        0.066132
BFGS:  165 13:28:30    -2174.574192        0.086309
BFGS:  166 13:28:30    -2174.576387        0.093416
BFGS:  167 13:28:31    -2174.579053        0.087282
BFGS:  168 13:28:31    -2174.581981        0.107657
BFGS:  169 13:28:31    -2174.585327        0.119609
BFGS:  170 13:28:32    -2174.588568        0.094512
BFGS:  171 13:28:32    -2174.591386        0.091778
BFGS:  172 13:28:32    -2174.593597        0.109641
BFGS:  173 13:28:32    -2174.595307        0.139345
BFGS:  174 13:28:33    -2174.596565        0.064652
BFGS:  175 13:28:33    -2174.597335        0.039248
BFGS:  176 13:28:33    -2174.597565        0.031198
BFGS:  177 13:28:33    -2174.597698        0.026260
BFGS:  178 13:28:33    -2174.597756        0.018440
BFGS:  179 13:28:34    -2174.597819        0.019373
BFGS:  180 13:28:34    -2174.597883        0.016639
BFGS:  181 13:28:34    -2174.597956        0.017044
BFGS:  182 13:28:34    -2174.598032        0.014928
BFGS:  183 13:28:34    -2174.598093        0.015637
BFGS:  184 13:28:35    -2174.598135        0.015389
BFGS:  185 13:28:35    -2174.598176        0.015925
BFGS:  186 13:28:35    -2174.598234        0.016071
BFGS:  187 13:28:35    -2174.598330        0.019181
BFGS:  188 13:28:35    -2174.598476        0.026387
BFGS:  189 13:28:36    -2174.598653        0.025350
BFGS:  190 13:28:36    -2174.598791        0.024508
BFGS:  191 13:28:36    -2174.598856        0.024662
BFGS:  192 13:28:36    -2174.598879        0.016925
BFGS:  193 13:28:36    -2174.598891        0.009057
