      Step     Time          Energy          fmax
BFGS:    0 10:26:35    -2715.511813        1.375764
BFGS:    1 10:26:35    -2715.561616        1.160296
BFGS:    2 10:26:36    -2715.694445        0.127497
BFGS:    3 10:26:37    -2715.696201        0.021128
BFGS:    4 10:26:37    -2715.696224        0.015116
BFGS:    5 10:26:37    -2715.696232        0.012578
BFGS:    6 10:26:37    -2715.696248        0.005214
      Step     Time          Energy          fmax
BFGS:    0 12:58:46    -2693.134313       12.028692
BFGS:    1 12:58:46    -2703.450974        9.263686
BFGS:    2 12:58:47    -2706.819347       11.552307
BFGS:    3 12:58:47    -2709.155557        3.995192
BFGS:    4 12:58:48    -2710.398881        2.885289
BFGS:    5 12:58:48    -2711.935224        3.578236
BFGS:    6 12:58:49    -2712.737900        2.312192
BFGS:    7 12:58:49    -2713.398656        2.132752
BFGS:    8 12:58:50    -2713.809011        1.949951
BFGS:    9 12:58:50    -2714.088648        1.195722
BFGS:   10 12:58:51    -2714.360252        1.098161
BFGS:   11 12:58:51    -2714.541573        0.824331
BFGS:   12 12:58:52    -2714.782436        0.968505
BFGS:   13 12:58:52    -2714.996855        1.627098
BFGS:   14 12:58:52    -2715.208012        0.985512
BFGS:   15 12:58:53    -2715.398975        0.922001
BFGS:   16 12:58:53    -2715.514909        0.958962
BFGS:   17 12:58:54    -2715.701463        0.975180
BFGS:   18 12:58:54    -2715.808826        0.818850
BFGS:   19 12:58:55    -2715.867837        0.689608
BFGS:   20 12:58:55    -2715.940217        0.659206
BFGS:   21 12:58:55    -2716.043520        0.749970
BFGS:   22 12:58:56    -2716.182113        0.950131
BFGS:   23 12:58:56    -2716.251864        0.804887
BFGS:   24 12:58:57    -2716.306913        0.448553
BFGS:   25 12:58:57    -2716.339590        0.438855
BFGS:   26 12:58:57    -2716.363254        0.371328
BFGS:   27 12:58:58    -2716.374771        0.358282
BFGS:   28 12:58:58    -2716.387265        0.256775
BFGS:   29 12:58:59    -2716.398711        0.196344
BFGS:   30 12:58:59    -2716.405600        0.172607
BFGS:   31 12:58:59    -2716.409762        0.125802
BFGS:   32 12:59:00    -2716.412054        0.077116
BFGS:   33 12:59:00    -2716.413907        0.092614
BFGS:   34 12:59:00    -2716.416677        0.118295
BFGS:   35 12:59:00    -2716.419652        0.100569
BFGS:   36 12:59:01    -2716.421933        0.086835
BFGS:   37 12:59:01    -2716.423525        0.075918
BFGS:   38 12:59:01    -2716.425451        0.099196
BFGS:   39 12:59:02    -2716.428516        0.140135
BFGS:   40 12:59:02    -2716.432702        0.147211
BFGS:   41 12:59:02    -2716.437423        0.102577
BFGS:   42 12:59:03    -2716.443565        0.140077
BFGS:   43 12:59:03    -2716.461346        0.334700
BFGS:   44 12:59:03    -2716.468811        0.667408
BFGS:   45 12:59:04    -2716.482782        0.550644
BFGS:   46 12:59:04    -2716.524953        0.632491
BFGS:   47 12:59:05    -2716.584083        0.727585
BFGS:   48 12:59:05    -2716.661485        0.686492
BFGS:   49 12:59:05    -2716.716974        0.497330
BFGS:   50 12:59:06    -2716.706077        1.731352
BFGS:   51 12:59:06    -2716.808871        0.417148
BFGS:   52 12:59:07    -2716.837784        0.424269
BFGS:   53 12:59:07    -2716.879571        0.380025
BFGS:   54 12:59:07    -2716.925069        0.382741
BFGS:   55 12:59:08    -2716.942327        0.238352
BFGS:   56 12:59:08    -2716.964519        0.296624
BFGS:   57 12:59:08    -2716.988778        0.316574
BFGS:   58 12:59:09    -2717.012181        0.346244
BFGS:   59 12:59:09    -2717.032818        0.196001
BFGS:   60 12:59:09    -2717.048147        0.175572
BFGS:   61 12:59:10    -2717.059230        0.148043
BFGS:   62 12:59:10    -2717.067542        0.145994
BFGS:   63 12:59:10    -2717.074736        0.125911
BFGS:   64 12:59:11    -2717.081936        0.152623
BFGS:   65 12:59:11    -2717.089487        0.153036
BFGS:   66 12:59:11    -2717.096213        0.161790
BFGS:   67 12:59:12    -2717.101140        0.127804
BFGS:   68 12:59:12    -2717.104880        0.110064
BFGS:   69 12:59:12    -2717.108446        0.105820
BFGS:   70 12:59:13    -2717.112832        0.105662
BFGS:   71 12:59:13    -2717.118541        0.139319
BFGS:   72 12:59:13    -2717.124798        0.116544
BFGS:   73 12:59:14    -2717.129915        0.100013
BFGS:   74 12:59:14    -2717.132831        0.058984
BFGS:   75 12:59:14    -2717.134246        0.062677
BFGS:   76 12:59:14    -2717.135326        0.089160
BFGS:   77 12:59:15    -2717.136593        0.070970
BFGS:   78 12:59:15    -2717.138162        0.069567
BFGS:   79 12:59:15    -2717.139977        0.096048
BFGS:   80 12:59:16    -2717.142001        0.095138
BFGS:   81 12:59:16    -2717.144317        0.073900
BFGS:   82 12:59:16    -2717.147029        0.091079
BFGS:   83 12:59:17    -2717.150346        0.099170
BFGS:   84 12:59:17    -2717.154381        0.100932
BFGS:   85 12:59:17    -2717.159003        0.108643
BFGS:   86 12:59:18    -2717.163420        0.106514
BFGS:   87 12:59:18    -2717.166756        0.106611
BFGS:   88 12:59:18    -2717.168856        0.073543
BFGS:   89 12:59:19    -2717.170100        0.074192
BFGS:   90 12:59:19    -2717.170874        0.054572
BFGS:   91 12:59:19    -2717.171315        0.039891
BFGS:   92 12:59:19    -2717.171524        0.033674
BFGS:   93 12:59:20    -2717.171640        0.020943
BFGS:   94 12:59:20    -2717.171740        0.021843
BFGS:   95 12:59:20    -2717.171824        0.013412
BFGS:   96 12:59:20    -2717.171892        0.014754
BFGS:   97 12:59:20    -2717.171942        0.011679
BFGS:   98 12:59:20    -2717.171986        0.012430
BFGS:   99 12:59:21    -2717.172032        0.010295
BFGS:  100 12:59:21    -2717.172075        0.012975
BFGS:  101 12:59:21    -2717.172121        0.013773
BFGS:  102 12:59:21    -2717.172184        0.018300
BFGS:  103 12:59:21    -2717.172321        0.027703
BFGS:  104 12:59:22    -2717.172590        0.041244
BFGS:  105 12:59:22    -2717.173105        0.058387
BFGS:  106 12:59:22    -2717.173829        0.061373
BFGS:  107 12:59:23    -2717.174503        0.047584
BFGS:  108 12:59:23    -2717.174923        0.035864
BFGS:  109 12:59:23    -2717.175192        0.042155
BFGS:  110 12:59:23    -2717.175468        0.041603
BFGS:  111 12:59:24    -2717.175712        0.022577
BFGS:  112 12:59:24    -2717.175822        0.011208
BFGS:  113 12:59:24    -2717.175848        0.005471
