      Step     Time          Energy          fmax
BFGS:    0 20:57:39    -3500.911787        6.547751
BFGS:    1 20:57:42    -3504.182513        3.870025
BFGS:    2 20:57:46    -3507.026842        3.867102
BFGS:    3 20:57:50    -3509.957810        5.429285
BFGS:    4 20:57:53    -3511.216770        4.299625
BFGS:    5 20:57:56    -3512.505127        2.913931
BFGS:    6 20:57:59    -3512.996262        1.496050
BFGS:    7 20:58:02    -3513.165750        0.947945
BFGS:    8 20:58:05    -3513.313037        0.502663
BFGS:    9 20:58:07    -3513.385791        0.453776
BFGS:   10 20:58:10    -3513.432874        0.515009
BFGS:   11 20:58:12    -3513.482591        0.416637
BFGS:   12 20:58:14    -3513.531203        0.494502
BFGS:   13 20:58:17    -3513.615423        0.567868
BFGS:   14 20:58:19    -3513.732061        0.672669
BFGS:   15 20:58:22    -3513.900722        0.671744
BFGS:   16 20:58:24    -3514.159823        0.964463
BFGS:   17 20:58:27    -3514.611585        1.319062
BFGS:   18 20:58:30    -3515.860626        2.486088
BFGS:   19 20:58:32    -3518.869673        3.249824
BFGS:   20 20:58:35    -3523.995082        3.877362
BFGS:   21 20:58:37    -3521.464841       13.183221
BFGS:   22 20:58:39    -3525.153236        3.048715
BFGS:   23 20:58:42    -3525.896571        2.772642
BFGS:   24 20:58:44    -3526.835882        5.866759
BFGS:   25 20:58:46    -3527.783322        2.361586
BFGS:   26 20:58:49    -3528.959598        3.675735
BFGS:   27 20:58:51    -3530.932794        3.626436
BFGS:   28 20:58:54    -3531.437441        4.279265
BFGS:   29 20:58:56    -3532.084886        3.554548
BFGS:   30 20:58:58    -3532.822879        2.387935
BFGS:   31 20:59:00    -3533.376519        1.589815
BFGS:   32 20:59:02    -3533.591031        1.886377
BFGS:   33 20:59:04    -3533.860583        2.172748
BFGS:   34 20:59:07    -3534.174026        2.413335
BFGS:   35 20:59:09    -3534.441496        2.461865
BFGS:   36 20:59:11    -3534.668448        2.134205
BFGS:   37 20:59:13    -3534.826504        1.591735
BFGS:   38 20:59:15    -3534.942699        1.278408
BFGS:   39 20:59:18    -3535.070884        1.218009
BFGS:   40 20:59:20    -3535.193597        1.352060
BFGS:   41 20:59:22    -3535.317146        1.498068
BFGS:   42 20:59:24    -3535.443058        1.602824
BFGS:   43 20:59:26    -3535.551634        1.531464
BFGS:   44 20:59:28    -3535.646399        1.186505
BFGS:   45 20:59:30    -3535.714660        0.645690
BFGS:   46 20:59:32    -3535.759283        0.376278
BFGS:   47 20:59:34    -3535.795194        0.356851
BFGS:   48 20:59:36    -3535.824287        0.294304
BFGS:   49 20:59:38    -3535.845799        0.278242
BFGS:   50 20:59:40    -3535.861625        0.255064
BFGS:   51 20:59:42    -3535.871820        0.284359
BFGS:   52 20:59:44    -3535.878039        0.313974
BFGS:   53 20:59:46    -3535.882284        0.334904
BFGS:   54 20:59:48    -3535.885668        0.352937
BFGS:   55 20:59:50    -3535.888511        0.361529
BFGS:   56 20:59:51    -3535.890773        0.357055
BFGS:   57 20:59:53    -3535.892735        0.338906
BFGS:   58 20:59:55    -3535.894691        0.318828
BFGS:   59 20:59:56    -3535.896847        0.308503
BFGS:   60 20:59:57    -3535.899535        0.309641
BFGS:   61 20:59:59    -3535.903059        0.308458
BFGS:   62 21:00:01    -3535.907226        0.297245
BFGS:   63 21:00:03    -3535.911737        0.286506
BFGS:   64 21:00:04    -3535.916532        0.292742
BFGS:   65 21:00:06    -3535.922119        0.306232
BFGS:   66 21:00:08    -3535.929022        0.302992
BFGS:   67 21:00:10    -3535.937006        0.265853
BFGS:   68 21:00:12    -3535.945388        0.199175
BFGS:   69 21:00:14    -3535.953124        0.147146
BFGS:   70 21:00:16    -3535.959281        0.137484
BFGS:   71 21:00:18    -3535.963830        0.119487
BFGS:   72 21:00:19    -3535.967322        0.099845
BFGS:   73 21:00:21    -3535.970223        0.066398
BFGS:   74 21:00:23    -3535.972795        0.083204
BFGS:   75 21:00:24    -3535.975005        0.106677
BFGS:   76 21:00:26    -3535.976834        0.111808
BFGS:   77 21:00:28    -3535.978273        0.104217
BFGS:   78 21:00:29    -3535.979354        0.103216
BFGS:   79 21:00:31    -3535.980230        0.108072
BFGS:   80 21:00:32    -3535.981139        0.112719
BFGS:   81 21:00:34    -3535.982236        0.113839
BFGS:   82 21:00:35    -3535.983642        0.116804
BFGS:   83 21:00:37    -3535.985360        0.124631
BFGS:   84 21:00:38    -3535.987167        0.130817
BFGS:   85 21:00:40    -3535.989103        0.125474
BFGS:   86 21:00:41    -3535.991298        0.102399
BFGS:   87 21:00:42    -3535.994083        0.100005
BFGS:   88 21:00:44    -3535.997490        0.114099
BFGS:   89 21:00:45    -3536.001439        0.111382
BFGS:   90 21:00:47    -3536.006152        0.099373
BFGS:   91 21:00:49    -3536.012113        0.159032
BFGS:   92 21:00:51    -3536.020216        0.217849
BFGS:   93 21:00:53    -3536.030569        0.225992
BFGS:   94 21:00:55    -3536.041804        0.178324
BFGS:   95 21:00:56    -3536.052635        0.154814
BFGS:   96 21:00:58    -3536.062525        0.164414
BFGS:   97 21:00:59    -3536.072595        0.219852
BFGS:   98 21:01:01    -3536.083921        0.298577
BFGS:   99 21:01:03    -3536.093868        0.412581
BFGS:  100 21:01:05    -3536.116105        0.479666
BFGS:  101 21:01:06    -3536.284474        1.150531
BFGS:  102 21:01:08    -3536.946251        1.845435
BFGS:  103 21:01:10    -3537.401152        2.048570
BFGS:  104 21:01:12    -3537.721958        1.054152
BFGS:  105 21:01:13    -3537.870113        0.955706
BFGS:  106 21:01:14    -3537.981128        0.931657
BFGS:  107 21:01:15    -3538.033657        0.674035
BFGS:  108 21:01:17    -3538.094492        0.390045
BFGS:  109 21:01:18    -3538.129895        0.339875
BFGS:  110 21:01:19    -3538.160785        0.225927
BFGS:  111 21:01:20    -3538.183905        0.260888
BFGS:  112 21:01:22    -3538.207314        0.318296
BFGS:  113 21:01:23    -3538.229960        0.334546
BFGS:  114 21:01:24    -3538.259130        0.311798
BFGS:  115 21:01:25    -3538.292016        0.272795
BFGS:  116 21:01:27    -3538.323384        0.329383
BFGS:  117 21:01:28    -3538.356447        0.316672
BFGS:  118 21:01:29    -3538.388326        0.368941
BFGS:  119 21:01:30    -3538.415813        0.379669
BFGS:  120 21:01:31    -3538.436450        0.335961
BFGS:  121 21:01:32    -3538.454616        0.284908
BFGS:  122 21:01:33    -3538.475119        0.215317
BFGS:  123 21:01:35    -3538.495595        0.212786
BFGS:  124 21:01:36    -3538.512539        0.207296
BFGS:  125 21:01:37    -3538.525407        0.176164
BFGS:  126 21:01:38    -3538.536955        0.193457
BFGS:  127 21:01:39    -3538.548316        0.214531
BFGS:  128 21:01:41    -3538.557999        0.254997
BFGS:  129 21:01:42    -3538.565803        0.208791
BFGS:  130 21:01:43    -3538.573068        0.205524
BFGS:  131 21:01:44    -3538.581909        0.157539
BFGS:  132 21:01:45    -3538.591190        0.146651
BFGS:  133 21:01:46    -3538.600021        0.140875
BFGS:  134 21:01:47    -3538.608875        0.170618
BFGS:  135 21:01:48    -3538.620070        0.201951
BFGS:  136 21:01:50    -3538.635099        0.280579
BFGS:  137 21:01:51    -3538.652605        0.302153
BFGS:  138 21:01:52    -3538.669482        0.273805
BFGS:  139 21:01:53    -3538.685356        0.284597
BFGS:  140 21:01:54    -3538.702352        0.271523
BFGS:  141 21:01:56    -3538.720691        0.201210
BFGS:  142 21:01:57    -3538.737603        0.201847
BFGS:  143 21:01:58    -3538.750108        0.168557
BFGS:  144 21:01:59    -3538.759291        0.138068
BFGS:  145 21:02:00    -3538.766999        0.137020
BFGS:  146 21:02:01    -3538.773668        0.126046
BFGS:  147 21:02:02    -3538.778235        0.126072
BFGS:  148 21:02:03    -3538.780709        0.132842
BFGS:  149 21:02:04    -3538.782223        0.142059
BFGS:  150 21:02:05    -3538.783761        0.154664
BFGS:  151 21:02:06    -3538.785456        0.173455
BFGS:  152 21:02:07    -3538.786913        0.192071
BFGS:  153 21:02:08    -3538.787934        0.197523
BFGS:  154 21:02:09    -3538.788735        0.201873
BFGS:  155 21:02:09    -3538.789716        0.199531
BFGS:  156 21:02:11    -3538.791354        0.192533
BFGS:  157 21:02:11    -3538.794189        0.184690
BFGS:  158 21:02:13    -3538.798810        0.176644
BFGS:  159 21:02:14    -3538.805466        0.161973
BFGS:  160 21:02:15    -3538.813824        0.165944
BFGS:  161 21:02:16    -3538.823277        0.181212
BFGS:  162 21:02:17    -3538.833889        0.213848
BFGS:  163 21:02:19    -3538.848673        0.235291
BFGS:  164 21:02:20    -3538.872731        0.281034
BFGS:  165 21:02:22    -3538.907799        0.348900
BFGS:  166 21:02:23    -3538.947064        0.402099
BFGS:  167 21:02:25    -3538.979653        0.414543
BFGS:  168 21:02:26    -3538.972179        0.410699
BFGS:  169 21:02:28    -3539.017899        0.398728
BFGS:  170 21:02:29    -3539.032102        0.377923
BFGS:  171 21:02:30    -3539.063107        0.361129
BFGS:  172 21:02:32    -3539.082132        0.491571
BFGS:  173 21:02:34    -3539.129669        0.498630
BFGS:  174 21:02:35    -3539.187766        0.468952
BFGS:  175 21:02:37    -3539.254936        0.385508
BFGS:  176 21:02:38    -3539.261410        0.597676
BFGS:  177 21:02:40    -3539.319102        0.316758
BFGS:  178 21:02:41    -3539.339617        0.442891
BFGS:  179 21:02:43    -3539.374170        0.234934
BFGS:  180 21:02:44    -3539.407513        0.399461
BFGS:  181 21:02:46    -3539.428743        0.435164
BFGS:  182 21:02:47    -3539.457153        0.439960
BFGS:  183 21:02:50    -3539.521785        0.811535
BFGS:  184 21:02:52    -3539.566100        1.179079
BFGS:  185 21:02:55    -3539.640551        0.717184
BFGS:  186 21:02:57    -3539.741703        0.640079
BFGS:  187 21:02:59    -3539.836916        0.761022
BFGS:  188 21:03:02    -3539.859564        0.934102
BFGS:  189 21:03:05    -3539.689298        1.312042
BFGS:  190 21:03:07    -3539.940285        0.353867
BFGS:  191 21:03:09    -3539.965513        0.354054
BFGS:  192 21:03:11    -3539.992074        0.295996
BFGS:  193 21:03:13    -3540.041769        0.296843
BFGS:  194 21:03:16    -3540.063879        0.269670
BFGS:  195 21:03:18    -3540.089725        0.253872
BFGS:  196 21:03:19    -3540.104102        0.245068
BFGS:  197 21:03:22    -3540.114988        0.220788
BFGS:  198 21:03:23    -3540.123980        0.226484
BFGS:  199 21:03:26    -3540.132585        0.239883
BFGS:  200 21:03:27    -3540.140467        0.295215
