      Step     Time          Energy          fmax
BFGS:    0 14:20:51    -2095.759105      427.742942
BFGS:    1 14:20:52    -2177.999617       44.327840
BFGS:    2 14:20:52    -2196.580631       67.730478
BFGS:    3 14:20:53    -2206.791385       37.312515
BFGS:    4 14:20:53    -2211.992957       14.894670
BFGS:    5 14:20:53    -2214.045740        7.784677
BFGS:    6 14:20:54    -2216.349310        4.209284
BFGS:    7 14:20:54    -2217.800533        2.941651
BFGS:    8 14:20:54    -2218.373316        1.792451
BFGS:    9 14:20:55    -2218.825489        1.814093
BFGS:   10 14:20:55    -2219.244344        1.756254
BFGS:   11 14:20:55    -2219.618673        1.714683
BFGS:   12 14:20:56    -2220.102670        1.949322
BFGS:   13 14:20:56    -2220.455567        2.179725
BFGS:   14 14:20:56    -2220.888224        2.900524
BFGS:   15 14:20:56    -2221.549093        4.269039
BFGS:   16 14:20:57    -2221.771398        4.286746
BFGS:   17 14:20:57    -2222.343070        3.818020
BFGS:   18 14:20:57    -2222.727047        2.841431
BFGS:   19 14:20:58    -2223.009924        1.660534
BFGS:   20 14:20:58    -2223.123172        1.548320
BFGS:   21 14:20:58    -2223.354910        0.967387
BFGS:   22 14:20:58    -2223.452294        0.913941
BFGS:   23 14:20:59    -2223.586341        0.717074
BFGS:   24 14:20:59    -2223.660553        0.792908
BFGS:   25 14:20:59    -2223.710309        0.958469
BFGS:   26 14:20:59    -2223.751256        0.932461
BFGS:   27 14:21:00    -2223.788226        0.810231
BFGS:   28 14:21:00    -2223.827423        0.763991
BFGS:   29 14:21:00    -2223.861118        0.678093
BFGS:   30 14:21:00    -2223.890315        0.568305
BFGS:   31 14:21:01    -2223.919425        0.425677
BFGS:   32 14:21:01    -2223.947586        0.356924
BFGS:   33 14:21:01    -2223.972422        0.385130
BFGS:   34 14:21:01    -2223.992349        0.305297
BFGS:   35 14:21:02    -2224.009391        0.310598
BFGS:   36 14:21:02    -2224.026797        0.340450
BFGS:   37 14:21:02    -2224.044304        0.457440
BFGS:   38 14:21:02    -2224.059143        0.522225
BFGS:   39 14:21:02    -2224.070498        0.509050
BFGS:   40 14:21:03    -2224.080147        0.451414
BFGS:   41 14:21:03    -2224.090317        0.362258
BFGS:   42 14:21:03    -2224.101882        0.299050
BFGS:   43 14:21:03    -2224.115802        0.296584
BFGS:   44 14:21:03    -2224.133439        0.381673
BFGS:   45 14:21:04    -2224.154377        0.420958
BFGS:   46 14:21:04    -2224.174153        0.319069
BFGS:   47 14:21:04    -2224.189262        0.277688
BFGS:   48 14:21:04    -2224.200668        0.317762
BFGS:   49 14:21:05    -2224.210414        0.257372
BFGS:   50 14:21:05    -2224.218762        0.215693
BFGS:   51 14:21:05    -2224.224882        0.166980
BFGS:   52 14:21:05    -2224.229045        0.140493
BFGS:   53 14:21:05    -2224.232383        0.153283
BFGS:   54 14:21:06    -2224.235719        0.185128
BFGS:   55 14:21:06    -2224.239290        0.215683
BFGS:   56 14:21:06    -2224.242476        0.206294
BFGS:   57 14:21:06    -2224.244540        0.170573
BFGS:   58 14:21:06    -2224.245701        0.123757
BFGS:   59 14:21:07    -2224.246528        0.110265
BFGS:   60 14:21:07    -2224.247364        0.087360
BFGS:   61 14:21:07    -2224.248204        0.076214
BFGS:   62 14:21:07    -2224.248972        0.082430
BFGS:   63 14:21:07    -2224.249705        0.056652
BFGS:   64 14:21:07    -2224.250516        0.069451
BFGS:   65 14:21:08    -2224.251498        0.073376
BFGS:   66 14:21:08    -2224.252626        0.085065
BFGS:   67 14:21:08    -2224.253860        0.108688
BFGS:   68 14:21:08    -2224.255288        0.136329
BFGS:   69 14:21:08    -2224.257141        0.174930
BFGS:   70 14:21:09    -2224.259556        0.248226
BFGS:   71 14:21:09    -2224.262252        0.303294
BFGS:   72 14:21:09    -2224.264732        0.309323
BFGS:   73 14:21:09    -2224.266862        0.270250
BFGS:   74 14:21:09    -2224.268932        0.202665
BFGS:   75 14:21:09    -2224.271270        0.165431
BFGS:   76 14:21:10    -2224.273915        0.136813
BFGS:   77 14:21:10    -2224.276620        0.096919
BFGS:   78 14:21:10    -2224.279126        0.148626
BFGS:   79 14:21:10    -2224.281400        0.168966
BFGS:   80 14:21:10    -2224.283450        0.139105
BFGS:   81 14:21:11    -2224.285286        0.079117
BFGS:   82 14:21:11    -2224.287062        0.098425
BFGS:   83 14:21:11    -2224.288873        0.127216
BFGS:   84 14:21:11    -2224.290505        0.097543
BFGS:   85 14:21:11    -2224.291736        0.083352
BFGS:   86 14:21:12    -2224.292680        0.079168
BFGS:   87 14:21:12    -2224.293572        0.073144
BFGS:   88 14:21:12    -2224.294523        0.073846
BFGS:   89 14:21:12    -2224.295468        0.074061
BFGS:   90 14:21:12    -2224.296235        0.060354
BFGS:   91 14:21:12    -2224.296793        0.063257
BFGS:   92 14:21:13    -2224.297297        0.057157
BFGS:   93 14:21:13    -2224.297931        0.043852
BFGS:   94 14:21:13    -2224.298631        0.055155
BFGS:   95 14:21:13    -2224.299668        0.075247
BFGS:   96 14:21:13    -2224.300803        0.095479
BFGS:   97 14:21:13    -2224.301915        0.074227
BFGS:   98 14:21:14    -2224.303003        0.069885
BFGS:   99 14:21:14    -2224.304256        0.082800
BFGS:  100 14:21:14    -2224.305792        0.084599
BFGS:  101 14:21:14    -2224.307445        0.087414
BFGS:  102 14:21:14    -2224.308860        0.082426
BFGS:  103 14:21:14    -2224.309972        0.100785
BFGS:  104 14:21:15    -2224.310971        0.102139
BFGS:  105 14:21:15    -2224.311927        0.083857
BFGS:  106 14:21:15    -2224.312767        0.064645
BFGS:  107 14:21:15    -2224.313486        0.051134
BFGS:  108 14:21:15    -2224.314067        0.088637
BFGS:  109 14:21:15    -2224.314754        0.070301
BFGS:  110 14:21:16    -2224.315493        0.064165
BFGS:  111 14:21:16    -2224.316904        0.043152
BFGS:  112 14:21:16    -2224.317697        0.063361
BFGS:  113 14:21:16    -2224.319745        0.088805
BFGS:  114 14:21:16    -2224.321288        0.084393
BFGS:  115 14:21:16    -2224.322470        0.073819
BFGS:  116 14:21:17    -2224.323155        0.083421
BFGS:  117 14:21:17    -2224.323789        0.085379
BFGS:  118 14:21:17    -2224.324508        0.089517
BFGS:  119 14:21:17    -2224.325325        0.077847
BFGS:  120 14:21:17    -2224.326005        0.053219
BFGS:  121 14:21:17    -2224.326491        0.037015
BFGS:  122 14:21:18    -2224.326851        0.037635
BFGS:  123 14:21:18    -2224.327207        0.038013
BFGS:  124 14:21:18    -2224.327495        0.030879
BFGS:  125 14:21:18    -2224.327773        0.027913
BFGS:  126 14:21:18    -2224.328018        0.035343
BFGS:  127 14:21:18    -2224.328258        0.039449
BFGS:  128 14:21:18    -2224.328498        0.036511
BFGS:  129 14:21:19    -2224.328756        0.038630
BFGS:  130 14:21:19    -2224.329040        0.039160
BFGS:  131 14:21:19    -2224.329356        0.050619
BFGS:  132 14:21:19    -2224.329679        0.048305
BFGS:  133 14:21:19    -2224.329971        0.032094
BFGS:  134 14:21:19    -2224.330225        0.029497
BFGS:  135 14:21:20    -2224.330468        0.033862
BFGS:  136 14:21:20    -2224.330733        0.044373
BFGS:  137 14:21:20    -2224.331018        0.036454
BFGS:  138 14:21:20    -2224.331278        0.026571
BFGS:  139 14:21:20    -2224.331495        0.031274
BFGS:  140 14:21:20    -2224.331706        0.031857
BFGS:  141 14:21:20    -2224.331995        0.032401
BFGS:  142 14:21:21    -2224.332442        0.038561
BFGS:  143 14:21:21    -2224.333098        0.054587
BFGS:  144 14:21:21    -2224.333878        0.059785
BFGS:  145 14:21:21    -2224.334601        0.053854
BFGS:  146 14:21:21    -2224.335141        0.043297
BFGS:  147 14:21:21    -2224.335522        0.036516
BFGS:  148 14:21:22    -2224.335816        0.038810
BFGS:  149 14:21:22    -2224.336070        0.037969
BFGS:  150 14:21:22    -2224.336289        0.029775
BFGS:  151 14:21:22    -2224.336470        0.028233
BFGS:  152 14:21:22    -2224.336609        0.028592
BFGS:  153 14:21:22    -2224.336733        0.028828
BFGS:  154 14:21:22    -2224.336877        0.026867
BFGS:  155 14:21:23    -2224.337058        0.026099
BFGS:  156 14:21:23    -2224.337254        0.026289
BFGS:  157 14:21:23    -2224.337417        0.033001
BFGS:  158 14:21:23    -2224.337543        0.041256
BFGS:  159 14:21:23    -2224.337662        0.042161
BFGS:  160 14:21:23    -2224.337785        0.037581
BFGS:  161 14:21:23    -2224.337910        0.027750
BFGS:  162 14:21:23    -2224.338027        0.021094
BFGS:  163 14:21:24    -2224.338139        0.015550
BFGS:  164 14:21:24    -2224.338238        0.015592
BFGS:  165 14:21:24    -2224.338316        0.014912
BFGS:  166 14:21:24    -2224.338382        0.014735
BFGS:  167 14:21:24    -2224.338443        0.015643
BFGS:  168 14:21:24    -2224.338496        0.013197
BFGS:  169 14:21:24    -2224.338533        0.013303
BFGS:  170 14:21:24    -2224.338553        0.014645
BFGS:  171 14:21:25    -2224.338573        0.015051
BFGS:  172 14:21:25    -2224.338601        0.014041
BFGS:  173 14:21:25    -2224.338638        0.011929
BFGS:  174 14:21:25    -2224.338673        0.008930
