      Step     Time          Energy          fmax
BFGS:    0 09:55:51    -2363.958747       11.046372
BFGS:    1 09:55:52    -2365.331822        4.149557
BFGS:    2 09:55:53    -2365.816252        2.987241
BFGS:    3 09:55:53    -2366.278917        2.279515
BFGS:    4 09:55:54    -2366.550445        2.293982
BFGS:    5 09:55:55    -2366.700403        1.908778
BFGS:    6 09:55:55    -2366.876374        2.065091
BFGS:    7 09:55:56    -2367.102447        1.585414
BFGS:    8 09:55:57    -2367.206008        1.008676
BFGS:    9 09:55:57    -2367.247803        0.932861
BFGS:   10 09:55:58    -2367.292712        0.927818
BFGS:   11 09:55:58    -2367.340722        0.679921
BFGS:   12 09:55:59    -2367.365926        0.471506
BFGS:   13 09:55:59    -2367.380968        0.405467
BFGS:   14 09:56:00    -2367.392556        0.432410
BFGS:   15 09:56:00    -2367.396844        0.388968
BFGS:   16 09:56:01    -2367.403530        0.179974
BFGS:   17 09:56:01    -2367.405457        0.050324
BFGS:   18 09:56:01    -2367.405775        0.011800
BFGS:   19 09:56:02    -2367.405791        0.007287
