      Step     Time          Energy          fmax
BFGS:    0 10:27:18    -2288.653494        0.390079
BFGS:    1 10:27:18    -2288.656629        0.365623
BFGS:    2 10:27:19    -2288.681514        0.180488
BFGS:    3 10:27:20    -2288.694851        0.243493
BFGS:    4 10:27:20    -2288.732386        0.156211
BFGS:    5 10:27:21    -2288.734448        0.086293
BFGS:    6 10:27:21    -2288.734843        0.081753
BFGS:    7 10:27:22    -2288.734983        0.076112
BFGS:    8 10:27:22    -2288.736615        0.096493
BFGS:    9 10:27:23    -2288.739256        0.140932
BFGS:   10 10:27:23    -2288.751547        0.266008
BFGS:   11 10:27:24    -2288.771613        0.283229
BFGS:   12 10:27:25    -2288.812901        0.326105
BFGS:   13 10:27:25    -2288.879619        0.444596
BFGS:   14 10:27:26    -2288.954921        0.472509
BFGS:   15 10:27:27    -2289.029649        0.589541
BFGS:   16 10:27:27    -2289.098420        0.771489
BFGS:   17 10:27:28    -2289.158151        1.017051
BFGS:   18 10:27:28    -2289.212587        1.319123
BFGS:   19 10:27:29    -2289.271671        1.625430
BFGS:   20 10:27:30    -2289.338892        1.873875
BFGS:   21 10:27:31    -2289.429782        1.969018
BFGS:   22 10:27:31    -2289.548402        1.875464
