      Step     Time          Energy          fmax
BFGS:    0 20:20:52    -2229.153622        8.146971
BFGS:    1 20:20:52    -2236.374673       11.770047
BFGS:    2 20:20:53    -2237.558755       19.592114
BFGS:    3 20:20:54    -2241.214444        5.211856
BFGS:    4 20:20:54    -2242.773885        3.759743
BFGS:    5 20:20:55    -2244.140718        5.654734
BFGS:    6 20:20:55    -2245.074910        2.469472
BFGS:    7 20:20:56    -2246.391904        1.356085
BFGS:    8 20:20:56    -2247.011246        2.906863
BFGS:    9 20:20:56    -2247.524677        1.914978
BFGS:   10 20:20:57    -2248.385412        1.385224
BFGS:   11 20:20:57    -2248.607941        0.989540
BFGS:   12 20:20:58    -2248.761235        2.610034
BFGS:   13 20:20:58    -2248.886158        2.311741
BFGS:   14 20:20:59    -2249.019899        0.781896
BFGS:   15 20:20:59    -2249.162116        1.564172
BFGS:   16 20:21:00    -2249.322301        1.212826
BFGS:   17 20:21:00    -2249.474522        0.597539
BFGS:   18 20:21:00    -2249.552208        0.550965
BFGS:   19 20:21:01    -2249.614953        0.479460
BFGS:   20 20:21:01    -2249.638034        0.438811
BFGS:   21 20:21:02    -2249.662354        0.284807
BFGS:   22 20:21:02    -2249.672822        0.331669
BFGS:   23 20:21:02    -2249.682901        0.200198
BFGS:   24 20:21:03    -2249.691783        0.167114
BFGS:   25 20:21:03    -2249.698203        0.179726
BFGS:   26 20:21:04    -2249.702725        0.112021
BFGS:   27 20:21:04    -2249.706046        0.134908
BFGS:   28 20:21:04    -2249.708413        0.125157
BFGS:   29 20:21:05    -2249.710341        0.104890
BFGS:   30 20:21:05    -2249.712094        0.084333
BFGS:   31 20:21:05    -2249.713502        0.079099
BFGS:   32 20:21:06    -2249.714416        0.050194
BFGS:   33 20:21:06    -2249.714969        0.040144
BFGS:   34 20:21:06    -2249.715319        0.032852
BFGS:   35 20:21:07    -2249.715574        0.038545
BFGS:   36 20:21:07    -2249.715780        0.033661
BFGS:   37 20:21:07    -2249.716006        0.037011
BFGS:   38 20:21:08    -2249.716309        0.042580
BFGS:   39 20:21:08    -2249.716742        0.055570
BFGS:   40 20:21:09    -2249.717477        0.077394
BFGS:   41 20:21:09    -2249.719600        0.143372
BFGS:   42 20:21:09    -2249.714214        0.534244
BFGS:   43 20:21:10    -2249.727452        0.277262
BFGS:   44 20:21:10    -2249.736409        0.324740
BFGS:   45 20:21:11    -2249.841904        1.097506
BFGS:   46 20:21:11    -2249.891376        0.566146
BFGS:   47 20:21:12    -2249.947894        0.365854
BFGS:   48 20:21:12    -2249.982725        0.405819
BFGS:   49 20:21:13    -2250.010264        0.359430
BFGS:   50 20:21:13    -2250.045528        0.505521
BFGS:   51 20:21:14    -2250.076267        0.358002
BFGS:   52 20:21:14    -2250.128262        0.548870
BFGS:   53 20:21:15    -2250.171527        0.614281
BFGS:   54 20:21:15    -2250.218789        0.520447
BFGS:   55 20:21:15    -2250.283633        0.515541
BFGS:   56 20:21:16    -2250.322821        0.472104
BFGS:   57 20:21:16    -2250.361620        0.384200
BFGS:   58 20:21:17    -2250.388032        0.363281
BFGS:   59 20:21:17    -2250.411229        0.281151
BFGS:   60 20:21:18    -2250.429066        0.279019
BFGS:   61 20:21:18    -2250.444965        0.309294
BFGS:   62 20:21:18    -2250.460257        0.282091
BFGS:   63 20:21:19    -2250.477390        0.235954
BFGS:   64 20:21:19    -2250.493111        0.236433
BFGS:   65 20:21:20    -2250.509642        0.266842
BFGS:   66 20:21:20    -2250.529629        0.269160
BFGS:   67 20:21:21    -2250.553620        0.325738
BFGS:   68 20:21:21    -2250.579900        0.345639
BFGS:   69 20:21:22    -2250.606650        0.454150
BFGS:   70 20:21:22    -2250.635175        0.431583
BFGS:   71 20:21:23    -2250.652926        0.697728
BFGS:   72 20:21:23    -2250.682581        0.300113
BFGS:   73 20:21:24    -2250.698996        0.381639
BFGS:   74 20:21:24    -2250.716895        0.304999
BFGS:   75 20:21:25    -2250.727771        0.276009
BFGS:   76 20:21:25    -2250.740995        0.223968
BFGS:   77 20:21:26    -2250.751354        0.236647
BFGS:   78 20:21:26    -2250.759972        0.179030
BFGS:   79 20:21:27    -2250.768138        0.191207
BFGS:   80 20:21:27    -2250.778014        0.236060
BFGS:   81 20:21:28    -2250.789377        0.267081
BFGS:   82 20:21:28    -2250.795753        0.259517
BFGS:   83 20:21:28    -2250.803845        0.193955
BFGS:   84 20:21:29    -2250.812433        0.276717
BFGS:   85 20:21:29    -2250.818444        0.307198
BFGS:   86 20:21:30    -2250.823398        0.181975
BFGS:   87 20:21:30    -2250.828947        0.152639
BFGS:   88 20:21:31    -2250.837006        0.159484
BFGS:   89 20:21:31    -2250.844720        0.182590
BFGS:   90 20:21:31    -2250.853324        0.179226
BFGS:   91 20:21:32    -2250.860698        0.187335
BFGS:   92 20:21:32    -2250.867114        0.205502
BFGS:   93 20:21:33    -2250.872522        0.204039
BFGS:   94 20:21:33    -2250.877009        0.151373
BFGS:   95 20:21:33    -2250.880427        0.081461
BFGS:   96 20:21:34    -2250.882509        0.074947
BFGS:   97 20:21:34    -2250.883826        0.063931
BFGS:   98 20:21:34    -2250.884732        0.050157
BFGS:   99 20:21:35    -2250.885391        0.041916
BFGS:  100 20:21:35    -2250.885825        0.037805
BFGS:  101 20:21:35    -2250.886115        0.047334
BFGS:  102 20:21:36    -2250.886384        0.038114
BFGS:  103 20:21:36    -2250.886751        0.040531
BFGS:  104 20:21:36    -2250.887296        0.050483
BFGS:  105 20:21:37    -2250.888081        0.047820
BFGS:  106 20:21:37    -2250.889068        0.054630
BFGS:  107 20:21:37    -2250.890131        0.059373
BFGS:  108 20:21:38    -2250.891172        0.057838
BFGS:  109 20:21:38    -2250.892200        0.054812
BFGS:  110 20:21:38    -2250.893255        0.058954
BFGS:  111 20:21:39    -2250.894319        0.090572
BFGS:  112 20:21:39    -2250.895397        0.056395
BFGS:  113 20:21:39    -2250.896497        0.117024
BFGS:  114 20:21:40    -2250.897725        0.068105
BFGS:  115 20:21:40    -2250.899070        0.078767
BFGS:  116 20:21:41    -2250.900450        0.072933
BFGS:  117 20:21:41    -2250.901558        0.062120
BFGS:  118 20:21:41    -2250.902551        0.045216
BFGS:  119 20:21:41    -2250.903101        0.061763
BFGS:  120 20:21:42    -2250.903518        0.033295
BFGS:  121 20:21:42    -2250.903775        0.029943
BFGS:  122 20:21:42    -2250.904009        0.024910
BFGS:  123 20:21:43    -2250.904099        0.031908
BFGS:  124 20:21:43    -2250.904143        0.028375
BFGS:  125 20:21:43    -2250.904169        0.018280
BFGS:  126 20:21:43    -2250.904200        0.019558
BFGS:  127 20:21:44    -2250.904229        0.013082
BFGS:  128 20:21:44    -2250.904265        0.016145
BFGS:  129 20:21:44    -2250.904305        0.013009
BFGS:  130 20:21:44    -2250.904362        0.012692
BFGS:  131 20:21:45    -2250.904417        0.015584
BFGS:  132 20:21:45    -2250.904480        0.018756
BFGS:  133 20:21:45    -2250.904557        0.021536
BFGS:  134 20:21:46    -2250.904671        0.024091
BFGS:  135 20:21:46    -2250.904826        0.025048
BFGS:  136 20:21:46    -2250.905009        0.024341
BFGS:  137 20:21:46    -2250.905215        0.033120
BFGS:  138 20:21:47    -2250.905448        0.039779
BFGS:  139 20:21:47    -2250.905711        0.060478
BFGS:  140 20:21:47    -2250.905839        0.132172
BFGS:  141 20:21:48    -2250.906124        0.059101
BFGS:  142 20:21:48    -2250.906269        0.061691
BFGS:  143 20:21:48    -2250.906493        0.052320
BFGS:  144 20:21:49    -2250.906619        0.050762
BFGS:  145 20:21:49    -2250.906868        0.046721
BFGS:  146 20:21:49    -2250.907070        0.044549
BFGS:  147 20:21:50    -2250.907286        0.039517
BFGS:  148 20:21:50    -2250.907471        0.060102
BFGS:  149 20:21:50    -2250.907584        0.029497
BFGS:  150 20:21:51    -2250.907709        0.026987
BFGS:  151 20:21:51    -2250.907793        0.031552
BFGS:  152 20:21:51    -2250.907931        0.019539
BFGS:  153 20:21:51    -2250.908014        0.016719
BFGS:  154 20:21:52    -2250.908097        0.013059
BFGS:  155 20:21:52    -2250.908139        0.013363
BFGS:  156 20:21:52    -2250.908180        0.016678
BFGS:  157 20:21:52    -2250.908224        0.017428
BFGS:  158 20:21:53    -2250.908281        0.018112
BFGS:  159 20:21:53    -2250.908348        0.018649
BFGS:  160 20:21:53    -2250.908443        0.019893
BFGS:  161 20:21:54    -2250.908579        0.026309
BFGS:  162 20:21:54    -2250.908778        0.029241
BFGS:  163 20:21:54    -2250.909002        0.028538
BFGS:  164 20:21:55    -2250.909223        0.028035
BFGS:  165 20:21:55    -2250.909405        0.031876
BFGS:  166 20:21:55    -2250.909572        0.029646
BFGS:  167 20:21:56    -2250.909727        0.037340
BFGS:  168 20:21:56    -2250.909862        0.035690
BFGS:  169 20:21:56    -2250.909953        0.022906
BFGS:  170 20:21:56    -2250.910013        0.017766
BFGS:  171 20:21:57    -2250.910049        0.016694
BFGS:  172 20:21:57    -2250.910100        0.021279
BFGS:  173 20:21:57    -2250.910153        0.018390
BFGS:  174 20:21:57    -2250.910200        0.028898
BFGS:  175 20:21:58    -2250.910234        0.018236
BFGS:  176 20:21:58    -2250.910266        0.024940
BFGS:  177 20:21:58    -2250.910306        0.013663
BFGS:  178 20:21:58    -2250.910360        0.012999
BFGS:  179 20:21:59    -2250.910428        0.016086
BFGS:  180 20:21:59    -2250.910504        0.019096
BFGS:  181 20:21:59    -2250.910605        0.036085
BFGS:  182 20:22:00    -2250.910718        0.029193
BFGS:  183 20:22:00    -2250.910886        0.043648
BFGS:  184 20:22:00    -2250.911030        0.031938
BFGS:  185 20:22:00    -2250.911256        0.029387
BFGS:  186 20:22:01    -2250.911426        0.047224
BFGS:  187 20:22:01    -2250.911728        0.050992
BFGS:  188 20:22:01    -2250.912005        0.072166
BFGS:  189 20:22:02    -2250.911377        0.367309
BFGS:  190 20:22:02    -2250.912855        0.205863
BFGS:  191 20:22:02    -2250.913373        0.063894
BFGS:  192 20:22:03    -2250.914335        0.317433
BFGS:  193 20:22:03    -2250.915310        0.161389
BFGS:  194 20:22:03    -2250.916405        0.155970
BFGS:  195 20:22:04    -2250.915836        0.312500
BFGS:  196 20:22:04    -2250.918085        0.083278
BFGS:  197 20:22:05    -2250.919054        0.064528
BFGS:  198 20:22:05    -2250.919860        0.270832
BFGS:  199 20:22:05    -2250.921203        0.089446
BFGS:  200 20:22:06    -2250.921924        0.054156
