      Step     Time          Energy          fmax
BFGS:    0 20:33:24    -3746.736592        6.279703
BFGS:    1 20:33:26    -3751.117541        6.358391
BFGS:    2 20:33:28    -3759.263797        8.092908
BFGS:    3 20:33:31    -3765.864754        7.324165
BFGS:    4 20:33:34    -3764.456821       15.662893
BFGS:    5 20:33:36    -3770.019171        6.063320
BFGS:    6 20:33:38    -3772.210512        4.394587
BFGS:    7 20:33:40    -3774.080402       10.414061
BFGS:    8 20:33:43    -3774.853238        2.000793
BFGS:    9 20:33:45    -3775.181969        1.489539
BFGS:   10 20:33:46    -3775.481934        1.102983
BFGS:   11 20:33:48    -3775.682273        1.473331
BFGS:   12 20:34:01    -3775.930412        1.664110
BFGS:   13 20:34:03    -3776.159314        1.646392
BFGS:   14 20:34:07    -3776.556446        1.625229
BFGS:   15 20:34:11    -3777.112111        1.957577
BFGS:   16 20:34:13    -3777.638024        1.720682
BFGS:   17 20:34:16    -3778.231587        2.084765
BFGS:   18 20:34:18    -3778.726858        1.746607
BFGS:   19 20:34:20    -3779.282816        1.970735
BFGS:   20 20:34:22    -3779.992259        1.413281
BFGS:   21 20:34:24    -3780.270674        0.880821
BFGS:   22 20:34:26    -3780.458115        0.686065
BFGS:   23 20:34:27    -3780.580416        0.678738
BFGS:   24 20:34:28    -3780.663879        0.618066
BFGS:   25 20:34:30    -3780.743150        0.492929
BFGS:   26 20:34:31    -3780.787595        0.343265
BFGS:   27 20:34:33    -3780.827520        0.409338
BFGS:   28 20:34:34    -3780.872206        0.376486
BFGS:   29 20:34:36    -3780.944441        0.611496
BFGS:   30 20:34:38    -3781.040966        0.626331
BFGS:   31 20:34:39    -3781.149335        0.580015
BFGS:   32 20:34:41    -3781.245521        0.617782
BFGS:   33 20:34:43    -3781.333480        0.520430
BFGS:   34 20:34:45    -3781.421864        0.637114
BFGS:   35 20:34:46    -3781.505006        0.572922
BFGS:   36 20:34:48    -3781.568133        0.359581
BFGS:   37 20:34:50    -3781.606660        0.336894
BFGS:   38 20:34:52    -3781.633065        0.300609
BFGS:   39 20:34:53    -3781.654911        0.236560
BFGS:   40 20:34:54    -3781.669467        0.194912
BFGS:   41 20:34:56    -3781.680580        0.187356
BFGS:   42 20:34:57    -3781.693546        0.229016
BFGS:   43 20:34:59    -3781.708594        0.224496
BFGS:   44 20:35:00    -3781.721065        0.206310
BFGS:   45 20:35:01    -3781.730131        0.186469
BFGS:   46 20:35:03    -3781.738727        0.188473
BFGS:   47 20:35:04    -3781.749886        0.202806
BFGS:   48 20:35:06    -3781.764569        0.255396
BFGS:   49 20:35:07    -3781.778687        0.240636
BFGS:   50 20:35:08    -3781.789216        0.136339
BFGS:   51 20:35:10    -3781.796113        0.100320
BFGS:   52 20:35:11    -3781.801457        0.125122
BFGS:   53 20:35:12    -3781.806352        0.140503
BFGS:   54 20:35:13    -3781.810364        0.087080
BFGS:   55 20:35:14    -3781.814015        0.067450
BFGS:   56 20:35:15    -3781.817678        0.097716
BFGS:   57 20:35:17    -3781.821668        0.151266
BFGS:   58 20:35:18    -3781.826174        0.143909
BFGS:   59 20:35:19    -3781.831258        0.128975
BFGS:   60 20:35:20    -3781.837043        0.143938
BFGS:   61 20:35:21    -3781.843193        0.123464
BFGS:   62 20:35:22    -3781.849761        0.143584
BFGS:   63 20:35:24    -3781.856808        0.142612
BFGS:   64 20:35:25    -3781.864069        0.152582
BFGS:   65 20:35:26    -3781.870490        0.116492
BFGS:   66 20:35:27    -3781.875706        0.116930
BFGS:   67 20:35:28    -3781.880062        0.083947
BFGS:   68 20:35:29    -3781.883909        0.078035
BFGS:   69 20:35:30    -3781.886983        0.078281
BFGS:   70 20:35:31    -3781.889155        0.077128
BFGS:   71 20:35:32    -3781.890820        0.059293
BFGS:   72 20:35:33    -3781.892303        0.064907
BFGS:   73 20:35:34    -3781.893430        0.044488
BFGS:   74 20:35:35    -3781.894116        0.036859
BFGS:   75 20:35:36    -3781.894577        0.035210
BFGS:   76 20:35:36    -3781.894981        0.032611
BFGS:   77 20:35:37    -3781.895335        0.026595
BFGS:   78 20:35:38    -3781.895596        0.020663
BFGS:   79 20:35:39    -3781.895803        0.024496
BFGS:   80 20:35:40    -3781.896025        0.022885
BFGS:   81 20:35:41    -3781.896255        0.024023
BFGS:   82 20:35:42    -3781.896442        0.019094
BFGS:   83 20:35:42    -3781.896565        0.015318
BFGS:   84 20:35:43    -3781.896671        0.016440
BFGS:   85 20:35:44    -3781.896815        0.020218
BFGS:   86 20:35:45    -3781.897015        0.026645
BFGS:   87 20:35:46    -3781.897268        0.030149
BFGS:   88 20:35:47    -3781.897505        0.028914
BFGS:   89 20:35:48    -3781.897705        0.018733
BFGS:   90 20:35:49    -3781.897869        0.019330
BFGS:   91 20:35:50    -3781.898056        0.022159
BFGS:   92 20:35:51    -3781.898270        0.031373
BFGS:   93 20:35:52    -3781.898529        0.034005
BFGS:   94 20:35:53    -3781.898782        0.025083
BFGS:   95 20:35:54    -3781.899022        0.023881
BFGS:   96 20:35:55    -3781.899224        0.022540
BFGS:   97 20:35:56    -3781.899375        0.024090
BFGS:   98 20:35:57    -3781.899474        0.017113
BFGS:   99 20:35:57    -3781.899542        0.014409
BFGS:  100 20:35:58    -3781.899603        0.014456
BFGS:  101 20:35:59    -3781.899681        0.019657
BFGS:  102 20:36:00    -3781.899757        0.019223
BFGS:  103 20:36:01    -3781.899853        0.020547
BFGS:  104 20:36:02    -3781.899982        0.018221
BFGS:  105 20:36:03    -3781.900211        0.031535
BFGS:  106 20:36:04    -3781.900504        0.044051
BFGS:  107 20:36:06    -3781.900969        0.051321
BFGS:  108 20:36:07    -3781.901582        0.052719
BFGS:  109 20:36:08    -3781.902582        0.059649
BFGS:  110 20:36:09    -3781.903970        0.062430
BFGS:  111 20:36:11    -3781.905666        0.077633
BFGS:  112 20:36:12    -3781.907272        0.077853
BFGS:  113 20:36:13    -3781.908235        0.075505
BFGS:  114 20:36:14    -3781.908086        0.111366
BFGS:  115 20:36:16    -3781.909664        0.060841
BFGS:  116 20:36:17    -3781.910601        0.075181
BFGS:  117 20:36:18    -3781.912338        0.097138
BFGS:  118 20:36:19    -3781.913838        0.095388
BFGS:  119 20:36:20    -3781.915058        0.069474
BFGS:  120 20:36:22    -3781.916257        0.056270
BFGS:  121 20:36:23    -3781.917768        0.062791
BFGS:  122 20:36:24    -3781.919581        0.080025
BFGS:  123 20:36:26    -3781.921652        0.102209
BFGS:  124 20:36:27    -3781.923851        0.106854
BFGS:  125 20:36:28    -3781.925991        0.087994
BFGS:  126 20:36:29    -3781.927669        0.054273
BFGS:  127 20:36:30    -3781.928810        0.049909
BFGS:  128 20:36:31    -3781.929830        0.064688
BFGS:  129 20:36:33    -3781.931221        0.075420
BFGS:  130 20:36:34    -3781.933285        0.103176
BFGS:  131 20:36:36    -3781.935736        0.090587
BFGS:  132 20:36:37    -3781.938194        0.095174
BFGS:  133 20:36:38    -3781.940399        0.089009
BFGS:  134 20:36:39    -3781.943236        0.103695
BFGS:  135 20:36:41    -3781.947360        0.119120
BFGS:  136 20:36:42    -3781.952833        0.135843
BFGS:  137 20:36:44    -3781.957461        0.129850
BFGS:  138 20:36:45    -3781.961232        0.112054
BFGS:  139 20:36:46    -3781.964265        0.108581
BFGS:  140 20:36:48    -3781.967695        0.089405
BFGS:  141 20:36:49    -3781.971886        0.087860
BFGS:  142 20:36:50    -3781.975369        0.091162
BFGS:  143 20:36:51    -3781.979943        0.113174
BFGS:  144 20:36:53    -3781.984878        0.094927
BFGS:  145 20:36:54    -3781.989070        0.071287
BFGS:  146 20:36:55    -3781.991716        0.078385
BFGS:  147 20:36:56    -3781.993622        0.076991
BFGS:  148 20:36:57    -3781.995816        0.068472
BFGS:  149 20:36:58    -3781.998899        0.085357
BFGS:  150 20:37:00    -3782.002685        0.117143
BFGS:  151 20:37:01    -3782.006356        0.106944
BFGS:  152 20:37:02    -3782.009246        0.081560
BFGS:  153 20:37:03    -3782.011541        0.083735
BFGS:  154 20:37:04    -3782.013655        0.083447
BFGS:  155 20:37:06    -3782.015715        0.079323
BFGS:  156 20:37:07    -3782.017735        0.059687
BFGS:  157 20:37:08    -3782.019633        0.055954
BFGS:  158 20:37:09    -3782.021306        0.059967
BFGS:  159 20:37:10    -3782.022934        0.069532
BFGS:  160 20:37:11    -3782.024351        0.060128
BFGS:  161 20:37:12    -3782.025710        0.060404
BFGS:  162 20:37:14    -3782.027155        0.059554
BFGS:  163 20:37:15    -3782.028616        0.063186
BFGS:  164 20:37:16    -3782.029826        0.053377
BFGS:  165 20:37:17    -3782.030647        0.053411
BFGS:  166 20:37:18    -3782.031293        0.047593
BFGS:  167 20:37:19    -3782.032027        0.041257
BFGS:  168 20:37:20    -3782.032944        0.044624
BFGS:  169 20:37:21    -3782.033825        0.039101
BFGS:  170 20:37:23    -3782.034488        0.030845
BFGS:  171 20:37:24    -3782.034908        0.027101
BFGS:  172 20:37:25    -3782.035203        0.021647
BFGS:  173 20:37:26    -3782.035431        0.020603
BFGS:  174 20:37:27    -3782.035603        0.018770
BFGS:  175 20:37:28    -3782.035766        0.022516
BFGS:  176 20:37:29    -3782.035957        0.019245
BFGS:  177 20:37:30    -3782.036182        0.023511
BFGS:  178 20:37:31    -3782.036403        0.019967
BFGS:  179 20:37:31    -3782.036587        0.018517
BFGS:  180 20:37:32    -3782.036755        0.017723
BFGS:  181 20:37:33    -3782.036941        0.021841
BFGS:  182 20:37:34    -3782.037164        0.028982
BFGS:  183 20:37:35    -3782.037401        0.026510
BFGS:  184 20:37:36    -3782.037610        0.024286
BFGS:  185 20:37:37    -3782.037803        0.025329
BFGS:  186 20:37:38    -3782.038002        0.028706
BFGS:  187 20:37:39    -3782.038250        0.031054
BFGS:  188 20:37:40    -3782.038588        0.035338
BFGS:  189 20:37:42    -3782.039024        0.033058
BFGS:  190 20:37:43    -3782.039513        0.032859
BFGS:  191 20:37:44    -3782.039970        0.042823
BFGS:  192 20:37:45    -3782.040344        0.041657
BFGS:  193 20:37:46    -3782.040662        0.032517
BFGS:  194 20:37:47    -3782.040969        0.023209
BFGS:  195 20:37:48    -3782.041246        0.021658
BFGS:  196 20:37:49    -3782.041473        0.023530
BFGS:  197 20:37:50    -3782.041658        0.024523
BFGS:  198 20:37:51    -3782.041816        0.020135
BFGS:  199 20:37:52    -3782.041949        0.017228
BFGS:  200 20:37:53    -3782.042060        0.017981
