      Step     Time          Energy          fmax
BFGS:    0 20:34:30    -2067.878723        5.620508
BFGS:    1 20:34:31    -2071.301495        3.822540
BFGS:    2 20:34:31    -2073.571220        3.162986
BFGS:    3 20:34:32    -2076.722897        3.800286
BFGS:    4 20:34:33    -2079.623541        5.315841
BFGS:    5 20:34:33    -2082.018502       14.333420
BFGS:    6 20:34:34    -2087.390595       23.061332
BFGS:    7 20:34:35    -2090.796836       35.612904
BFGS:    8 20:34:35    -2093.515369       17.243105
BFGS:    9 20:34:36    -2095.934586       14.782753
BFGS:   10 20:34:36    -2098.429217       12.910225
BFGS:   11 20:34:37    -2099.536032        9.424528
BFGS:   12 20:34:38    -2101.067462       10.446014
BFGS:   13 20:34:38    -2101.998007       11.566631
BFGS:   14 20:34:39    -2102.657021       12.017429
BFGS:   15 20:34:39    -2103.383054       12.963896
BFGS:   16 20:34:40    -2104.332028       13.602330
BFGS:   17 20:34:40    -2105.126798       12.490736
BFGS:   18 20:34:41    -2105.801682       10.913291
BFGS:   19 20:34:41    -2106.456873        9.007017
BFGS:   20 20:34:42    -2107.046725        6.287341
BFGS:   21 20:34:42    -2107.331283        6.359236
BFGS:   22 20:34:43    -2107.562554        5.472261
BFGS:   23 20:34:43    -2107.723871        4.577192
BFGS:   24 20:34:43    -2107.796691        4.634407
BFGS:   25 20:34:44    -2107.976102        4.961353
BFGS:   26 20:34:44    -2108.135489        5.408957
BFGS:   27 20:34:45    -2108.309469        5.270064
BFGS:   28 20:34:45    -2108.448825        5.114958
BFGS:   29 20:34:45    -2108.597070        4.250631
BFGS:   30 20:34:46    -2108.768923        3.326556
BFGS:   31 20:34:46    -2108.899872        2.303995
BFGS:   32 20:34:47    -2109.031344        1.869163
BFGS:   33 20:34:47    -2109.159598        1.307481
BFGS:   34 20:34:47    -2109.291980        2.164330
BFGS:   35 20:34:48    -2109.414801        2.456544
BFGS:   36 20:34:48    -2109.503314        1.906808
BFGS:   37 20:34:49    -2109.560832        1.290762
BFGS:   38 20:34:49    -2109.602731        0.952968
BFGS:   39 20:34:49    -2109.636435        0.735136
BFGS:   40 20:34:50    -2109.674031        0.447650
BFGS:   41 20:34:50    -2109.713949        0.509047
BFGS:   42 20:34:50    -2109.746055        0.453971
BFGS:   43 20:34:51    -2109.768259        0.561955
BFGS:   44 20:34:51    -2109.786400        0.605934
BFGS:   45 20:34:51    -2109.803281        0.400265
BFGS:   46 20:34:52    -2109.816246        0.279113
BFGS:   47 20:34:52    -2109.822841        0.202539
BFGS:   48 20:34:52    -2109.826116        0.173615
BFGS:   49 20:34:53    -2109.828361        0.148013
BFGS:   50 20:34:53    -2109.829881        0.148608
BFGS:   51 20:34:53    -2109.830740        0.167517
BFGS:   52 20:34:54    -2109.831335        0.159254
BFGS:   53 20:34:54    -2109.831792        0.127700
BFGS:   54 20:34:54    -2109.832066        0.112590
BFGS:   55 20:34:54    -2109.832201        0.112265
BFGS:   56 20:34:55    -2109.832293        0.116077
BFGS:   57 20:34:55    -2109.832379        0.128251
BFGS:   58 20:34:55    -2109.832436        0.135631
BFGS:   59 20:34:55    -2109.832470        0.138404
BFGS:   60 20:34:56    -2109.832498        0.135030
BFGS:   61 20:34:56    -2109.832528        0.128920
BFGS:   62 20:34:56    -2109.832555        0.122046
BFGS:   63 20:34:56    -2109.832576        0.118684
BFGS:   64 20:34:57    -2109.832598        0.118761
BFGS:   65 20:34:57    -2109.832623        0.121451
BFGS:   66 20:34:57    -2109.832657        0.126660
BFGS:   67 20:34:57    -2109.832689        0.130020
BFGS:   68 20:34:57    -2109.832721        0.131084
BFGS:   69 20:34:58    -2109.832747        0.129140
BFGS:   70 20:34:58    -2109.832776        0.126704
BFGS:   71 20:34:58    -2109.832801        0.125410
BFGS:   72 20:34:58    -2109.832823        0.126474
BFGS:   73 20:34:59    -2109.832841        0.128264
BFGS:   74 20:34:59    -2109.832861        0.129311
BFGS:   75 20:34:59    -2109.832888        0.127750
BFGS:   76 20:34:59    -2109.832922        0.121485
BFGS:   77 20:34:59    -2109.832962        0.109930
BFGS:   78 20:35:00    -2109.833017        0.093341
BFGS:   79 20:35:00    -2109.833100        0.071996
BFGS:   80 20:35:00    -2109.833215        0.048981
BFGS:   81 20:35:01    -2109.833359        0.032086
BFGS:   82 20:35:01    -2109.833487        0.025194
BFGS:   83 20:35:01    -2109.833587        0.026515
BFGS:   84 20:35:01    -2109.833681        0.025187
BFGS:   85 20:35:02    -2109.833797        0.022351
BFGS:   86 20:35:02    -2109.833916        0.023365
BFGS:   87 20:35:02    -2109.833998        0.046186
BFGS:   88 20:35:02    -2109.834037        0.064264
BFGS:   89 20:35:03    -2109.834056        0.069311
BFGS:   90 20:35:03    -2109.834068        0.068361
BFGS:   91 20:35:03    -2109.834072        0.064165
BFGS:   92 20:35:03    -2109.834074        0.061633
BFGS:   93 20:35:03    -2109.834076        0.061102
BFGS:   94 20:35:04    -2109.834077        0.062107
BFGS:   95 20:35:04    -2109.834078        0.063829
BFGS:   96 20:35:04    -2109.834080        0.065648
BFGS:   97 20:35:04    -2109.834081        0.066716
BFGS:   98 20:35:04    -2109.834084        0.068348
BFGS:   99 20:35:05    -2109.834090        0.069171
BFGS:  100 20:35:05    -2109.834108        0.070288
BFGS:  101 20:35:05    -2109.834125        0.070125
BFGS:  102 20:35:05    -2109.834140        0.069714
BFGS:  103 20:35:06    -2109.834145        0.069643
BFGS:  104 20:35:06    -2109.834147        0.069640
BFGS:  105 20:35:06    -2109.834150        0.070092
BFGS:  106 20:35:06    -2109.834153        0.071430
BFGS:  107 20:35:07    -2109.834156        0.072826
BFGS:  108 20:35:07    -2109.834159        0.073165
BFGS:  109 20:35:07    -2109.834161        0.073792
BFGS:  110 20:35:07    -2109.834162        0.072743
BFGS:  111 20:35:07    -2109.834165        0.071005
BFGS:  112 20:35:08    -2109.834168        0.070306
BFGS:  113 20:35:08    -2109.834171        0.070263
BFGS:  114 20:35:08    -2109.834173        0.071161
BFGS:  115 20:35:08    -2109.834178        0.072638
BFGS:  116 20:35:08    -2109.834181        0.073554
BFGS:  117 20:35:09    -2109.834186        0.073879
BFGS:  118 20:35:09    -2109.834188        0.073671
BFGS:  119 20:35:09    -2109.834190        0.073402
BFGS:  120 20:35:09    -2109.834192        0.073721
BFGS:  121 20:35:10    -2109.834194        0.074377
BFGS:  122 20:35:10    -2109.834196        0.075664
BFGS:  123 20:35:10    -2109.834198        0.076843
BFGS:  124 20:35:10    -2109.834199        0.076962
BFGS:  125 20:35:10    -2109.834201        0.075997
BFGS:  126 20:35:11    -2109.834203        0.074803
BFGS:  127 20:35:11    -2109.834204        0.074241
BFGS:  128 20:35:11    -2109.834207        0.071964
BFGS:  129 20:35:11    -2109.834208        0.073009
BFGS:  130 20:35:11    -2109.834208        0.079737
BFGS:  131 20:35:12    -2109.834214        0.076257
BFGS:  132 20:35:12    -2109.834217        0.075547
BFGS:  133 20:35:12    -2109.834222        0.074646
BFGS:  134 20:35:12    -2109.834226        0.075571
BFGS:  135 20:35:13    -2109.834234        0.078148
BFGS:  136 20:35:13    -2109.834240        0.079276
BFGS:  137 20:35:13    -2109.834257        0.080837
BFGS:  138 20:35:13    -2109.834282        0.082261
BFGS:  139 20:35:14    -2109.834310        0.083955
BFGS:  140 20:35:14    -2109.834358        0.086556
BFGS:  141 20:35:14    -2109.834425        0.091588
BFGS:  142 20:35:14    -2109.834544        0.099663
BFGS:  143 20:35:15    -2109.834812        0.119956
BFGS:  144 20:35:15    -2109.835217        0.144094
BFGS:  145 20:35:15    -2109.835873        0.148342
BFGS:  146 20:35:16    -2109.837087        0.123577
BFGS:  147 20:35:16    -2109.838284        0.137689
BFGS:  148 20:35:17    -2109.840564        0.142311
BFGS:  149 20:35:17    -2109.843690        0.112703
BFGS:  150 20:35:17    -2109.850974        0.138721
BFGS:  151 20:35:18    -2109.853343        0.225972
BFGS:  152 20:35:18    -2109.859548        0.361170
BFGS:  153 20:35:18    -2109.865461        0.484156
BFGS:  154 20:35:19    -2109.872516        0.610398
BFGS:  155 20:35:19    -2109.877214        0.694654
BFGS:  156 20:35:20    -2109.882432        0.789018
BFGS:  157 20:35:20    -2109.886406        0.817793
BFGS:  158 20:35:20    -2109.889744        0.672957
BFGS:  159 20:35:21    -2109.895407        0.656881
BFGS:  160 20:35:21    -2109.898600        0.720198
BFGS:  161 20:35:21    -2109.903744        0.827521
BFGS:  162 20:35:22    -2109.908031        0.920702
BFGS:  163 20:35:22    -2109.911552        0.999725
BFGS:  164 20:35:22    -2109.914373        1.019260
BFGS:  165 20:35:23    -2109.916705        1.026390
BFGS:  166 20:35:23    -2109.918435        1.014613
BFGS:  167 20:35:23    -2109.920224        0.990373
BFGS:  168 20:35:24    -2109.922161        1.026526
BFGS:  169 20:35:24    -2109.923661        1.065661
BFGS:  170 20:35:24    -2109.925429        1.112102
BFGS:  171 20:35:24    -2109.927389        1.152466
BFGS:  172 20:35:25    -2109.929442        1.168787
BFGS:  173 20:35:25    -2109.931282        1.176422
BFGS:  174 20:35:25    -2109.933085        1.190116
BFGS:  175 20:35:26    -2109.935439        1.220525
BFGS:  176 20:35:26    -2109.938348        1.272859
BFGS:  177 20:35:26    -2109.941180        1.331431
BFGS:  178 20:35:27    -2109.943240        1.366115
BFGS:  179 20:35:27    -2109.944645        1.371259
BFGS:  180 20:35:27    -2109.945861        1.368587
BFGS:  181 20:35:28    -2109.947207        1.364739
BFGS:  182 20:35:28    -2109.948751        1.376248
BFGS:  183 20:35:28    -2109.950644        1.392236
BFGS:  184 20:35:29    -2109.953196        1.435948
BFGS:  185 20:35:29    -2109.956481        1.457809
BFGS:  186 20:35:29    -2109.960405        1.516412
BFGS:  187 20:35:30    -2109.964521        1.514871
BFGS:  188 20:35:30    -2109.968350        1.505191
BFGS:  189 20:35:30    -2109.971764        1.490072
BFGS:  190 20:35:31    -2109.977565        1.471816
BFGS:  191 20:35:31    -2109.987459        1.448897
BFGS:  192 20:35:31    -2109.998806        1.432146
BFGS:  193 20:35:32    -2110.011350        1.417151
BFGS:  194 20:35:32    -2110.024730        1.402176
BFGS:  195 20:35:32    -2110.038484        1.385181
BFGS:  196 20:35:33    -2110.052417        1.367537
BFGS:  197 20:35:33    -2110.066005        1.348354
BFGS:  198 20:35:33    -2110.079903        1.327545
BFGS:  199 20:35:34    -2110.092576        1.307956
BFGS:  200 20:35:34    -2110.106512        1.283961
