      Step     Time          Energy          fmax
BFGS:    0 21:14:48    -2309.533007        8.248697
BFGS:    1 21:14:49    -2316.903449        7.266514
BFGS:    2 21:14:50    -2317.000508       20.431171
BFGS:    3 21:14:50    -2320.865164        5.224610
BFGS:    4 21:14:51    -2322.180279        3.435224
BFGS:    5 21:14:52    -2323.578826        7.036357
BFGS:    6 21:14:53    -2324.414720        2.687656
BFGS:    7 21:14:53    -2325.203507        2.259840
BFGS:    8 21:14:54    -2325.632767        3.053144
BFGS:    9 21:14:55    -2325.864956        1.784306
BFGS:   10 21:14:55    -2326.054755        0.554132
BFGS:   11 21:14:56    -2326.087977        0.677031
BFGS:   12 21:14:57    -2326.123771        0.379799
BFGS:   13 21:14:57    -2326.147369        0.235855
BFGS:   14 21:14:58    -2326.155281        0.238208
BFGS:   15 21:14:58    -2326.167301        0.248306
BFGS:   16 21:14:59    -2326.175865        0.388935
BFGS:   17 21:14:59    -2326.186838        0.311635
BFGS:   18 21:15:00    -2326.209074        0.382047
BFGS:   19 21:15:01    -2326.396887        1.755908
BFGS:   20 21:15:01    -2326.352253        4.188130
BFGS:   21 21:15:02    -2326.573555        2.988437
BFGS:   22 21:15:03    -2326.733218        3.052701
BFGS:   23 21:15:04    -2328.128277        2.994611
BFGS:   24 21:15:04    -2324.558797       22.022766
BFGS:   25 21:15:05    -2328.606705        2.705251
BFGS:   26 21:15:06    -2329.003507        2.595142
BFGS:   27 21:15:07    -2330.390563        2.141492
BFGS:   28 21:15:08    -2330.858913        1.350808
BFGS:   29 21:15:08    -2331.006680        1.350635
BFGS:   30 21:15:09    -2331.242445        2.185961
BFGS:   31 21:15:10    -2330.974667        4.634927
BFGS:   32 21:15:10    -2331.414665        2.640766
BFGS:   33 21:15:11    -2331.480363        2.531184
BFGS:   34 21:15:12    -2331.743338        1.757820
BFGS:   35 21:15:13    -2331.808763        1.715491
BFGS:   36 21:15:13    -2331.924955        1.425855
BFGS:   37 21:15:14    -2331.994804        1.619356
BFGS:   38 21:15:15    -2332.053682        1.639485
BFGS:   39 21:15:15    -2332.099899        1.570631
BFGS:   40 21:15:16    -2332.148253        1.368399
BFGS:   41 21:15:17    -2332.229911        1.468472
BFGS:   42 21:15:18    -2332.294756        1.602917
BFGS:   43 21:15:18    -2332.397095        1.359889
BFGS:   44 21:15:19    -2332.476849        1.124127
BFGS:   45 21:15:20    -2332.518452        1.440571
BFGS:   46 21:15:20    -2332.541139        1.450337
BFGS:   47 21:15:21    -2332.573722        1.398531
BFGS:   48 21:15:22    -2332.616432        1.346936
BFGS:   49 21:15:22    -2332.641999        1.239176
BFGS:   50 21:15:23    -2332.667531        1.147638
BFGS:   51 21:15:23    -2332.692846        1.078862
BFGS:   52 21:15:24    -2332.725364        1.000308
BFGS:   53 21:15:24    -2332.761943        0.897550
BFGS:   54 21:15:25    -2332.792903        0.790936
BFGS:   55 21:15:25    -2332.812090        0.706958
BFGS:   56 21:15:26    -2332.826424        0.642758
BFGS:   57 21:15:27    -2332.839828        0.610074
BFGS:   58 21:15:27    -2332.853339        0.609725
BFGS:   59 21:15:27    -2332.868615        0.627497
BFGS:   60 21:15:28    -2332.884041        0.624044
BFGS:   61 21:15:29    -2332.897236        0.596882
BFGS:   62 21:15:29    -2332.907381        0.536018
BFGS:   63 21:15:30    -2332.916368        0.492657
BFGS:   64 21:15:30    -2332.926703        0.573775
BFGS:   65 21:15:31    -2332.939462        0.595253
BFGS:   66 21:15:31    -2332.954286        0.515416
BFGS:   67 21:15:32    -2332.969669        0.448010
BFGS:   68 21:15:32    -2332.982211        0.491747
BFGS:   69 21:15:33    -2332.991164        0.516652
BFGS:   70 21:15:33    -2332.997710        0.503641
BFGS:   71 21:15:34    -2333.003653        0.462897
BFGS:   72 21:15:34    -2333.010448        0.395306
BFGS:   73 21:15:35    -2333.018120        0.322518
BFGS:   74 21:15:35    -2333.025983        0.371151
BFGS:   75 21:15:36    -2333.034534        0.357419
BFGS:   76 21:15:36    -2333.043885        0.295115
BFGS:   77 21:15:37    -2333.052011        0.217695
BFGS:   78 21:15:37    -2333.057227        0.192420
BFGS:   79 21:15:37    -2333.060419        0.198027
BFGS:   80 21:15:38    -2333.063510        0.182596
BFGS:   81 21:15:38    -2333.067505        0.159083
BFGS:   82 21:15:39    -2333.072015        0.168816
BFGS:   83 21:15:39    -2333.075866        0.199288
BFGS:   84 21:15:40    -2333.078802        0.170910
BFGS:   85 21:15:40    -2333.081523        0.130197
BFGS:   86 21:15:41    -2333.084971        0.136739
BFGS:   87 21:15:41    -2333.089798        0.147429
BFGS:   88 21:15:42    -2333.095689        0.194850
BFGS:   89 21:15:42    -2333.101497        0.189474
BFGS:   90 21:15:43    -2333.106701        0.140146
BFGS:   91 21:15:43    -2333.111576        0.129029
BFGS:   92 21:15:44    -2333.116893        0.134878
BFGS:   93 21:15:44    -2333.122949        0.156432
BFGS:   94 21:15:45    -2333.129190        0.191159
BFGS:   95 21:15:45    -2333.135682        0.220870
BFGS:   96 21:15:46    -2333.143875        0.313647
BFGS:   97 21:15:46    -2333.155249        0.314694
BFGS:   98 21:15:47    -2333.170021        0.491907
BFGS:   99 21:15:48    -2333.189742        0.472710
BFGS:  100 21:15:48    -2333.223328        0.842428
BFGS:  101 21:15:49    -2333.214262        1.440992
BFGS:  102 21:15:50    -2333.234842        1.124283
BFGS:  103 21:15:51    -2333.292564        1.102226
BFGS:  104 21:15:51    -2333.385053        0.957879
BFGS:  105 21:15:52    -2333.445806        0.699621
BFGS:  106 21:15:52    -2333.492060        0.560445
BFGS:  107 21:15:53    -2333.532717        0.705643
BFGS:  108 21:15:53    -2333.548172        0.646569
BFGS:  109 21:15:54    -2333.575862        0.572902
BFGS:  110 21:15:55    -2333.598021        0.605235
BFGS:  111 21:15:55    -2333.611570        0.499138
BFGS:  112 21:15:56    -2333.617990        0.488153
BFGS:  113 21:15:56    -2333.621668        0.539803
BFGS:  114 21:15:57    -2333.625485        0.498017
BFGS:  115 21:15:57    -2333.629920        0.476241
BFGS:  116 21:15:58    -2333.632315        0.438570
BFGS:  117 21:15:58    -2333.633877        0.409459
BFGS:  118 21:15:58    -2333.635272        0.396550
BFGS:  119 21:15:59    -2333.636678        0.398734
BFGS:  120 21:15:59    -2333.638259        0.406101
BFGS:  121 21:16:00    -2333.640132        0.406371
BFGS:  122 21:16:00    -2333.642430        0.400096
BFGS:  123 21:16:01    -2333.645075        0.391715
BFGS:  124 21:16:01    -2333.647842        0.389191
BFGS:  125 21:16:01    -2333.650662        0.388407
BFGS:  126 21:16:02    -2333.653961        0.389005
BFGS:  127 21:16:02    -2333.658424        0.395711
BFGS:  128 21:16:03    -2333.663986        0.415308
BFGS:  129 21:16:03    -2333.669292        0.433719
BFGS:  130 21:16:04    -2333.673286        0.431082
BFGS:  131 21:16:04    -2333.676535        0.409982
BFGS:  132 21:16:05    -2333.679931        0.384585
BFGS:  133 21:16:05    -2333.683807        0.365984
BFGS:  134 21:16:06    -2333.687949        0.357785
BFGS:  135 21:16:06    -2333.691924        0.359335
BFGS:  136 21:16:07    -2333.695541        0.373846
BFGS:  137 21:16:07    -2333.699107        0.401172
BFGS:  138 21:16:08    -2333.702662        0.425964
BFGS:  139 21:16:08    -2333.706207        0.428254
BFGS:  140 21:16:09    -2333.709986        0.400592
BFGS:  141 21:16:09    -2333.713702        0.345423
BFGS:  142 21:16:10    -2333.716494        0.295871
BFGS:  143 21:16:10    -2333.718071        0.271759
BFGS:  144 21:16:10    -2333.718898        0.271092
BFGS:  145 21:16:11    -2333.719572        0.274540
BFGS:  146 21:16:11    -2333.720428        0.277091
BFGS:  147 21:16:12    -2333.721332        0.273870
BFGS:  148 21:16:12    -2333.722225        0.265502
BFGS:  149 21:16:12    -2333.723080        0.256293
BFGS:  150 21:16:13    -2333.724047        0.248856
BFGS:  151 21:16:13    -2333.725292        0.244379
BFGS:  152 21:16:14    -2333.726914        0.243385
BFGS:  153 21:16:14    -2333.728721        0.244388
BFGS:  154 21:16:14    -2333.730518        0.243781
BFGS:  155 21:16:15    -2333.732351        0.237238
BFGS:  156 21:16:15    -2333.734555        0.244792
BFGS:  157 21:16:16    -2333.737387        0.228864
BFGS:  158 21:16:16    -2333.740582        0.163843
BFGS:  159 21:16:16    -2333.743206        0.146041
BFGS:  160 21:16:17    -2333.744937        0.142824
BFGS:  161 21:16:17    -2333.746194        0.158625
BFGS:  162 21:16:18    -2333.747179        0.176017
BFGS:  163 21:16:18    -2333.748173        0.197658
BFGS:  164 21:16:19    -2333.749352        0.205218
BFGS:  165 21:16:19    -2333.750917        0.209165
BFGS:  166 21:16:19    -2333.753151        0.193691
BFGS:  167 21:16:20    -2333.756067        0.176833
BFGS:  168 21:16:20    -2333.758791        0.150555
BFGS:  169 21:16:21    -2333.760948        0.267978
BFGS:  170 21:16:21    -2333.762780        0.141347
BFGS:  171 21:16:22    -2333.765194        0.151756
BFGS:  172 21:16:22    -2333.768054        0.210447
BFGS:  173 21:16:22    -2333.769772        0.168969
BFGS:  174 21:16:23    -2333.770589        0.168583
BFGS:  175 21:16:23    -2333.771145        0.153956
BFGS:  176 21:16:24    -2333.771699        0.150831
BFGS:  177 21:16:24    -2333.772567        0.150595
BFGS:  178 21:16:24    -2333.773161        0.159317
BFGS:  179 21:16:25    -2333.773837        0.175064
BFGS:  180 21:16:25    -2333.774480        0.190846
BFGS:  181 21:16:25    -2333.775292        0.205727
BFGS:  182 21:16:26    -2333.776223        0.212087
BFGS:  183 21:16:26    -2333.777422        0.210663
BFGS:  184 21:16:27    -2333.779158        0.197467
BFGS:  185 21:16:27    -2333.782052        0.191356
BFGS:  186 21:16:28    -2333.786855        0.208547
BFGS:  187 21:16:28    -2333.793565        0.180581
BFGS:  188 21:16:29    -2333.800241        0.167389
BFGS:  189 21:16:29    -2333.796664        0.491363
BFGS:  190 21:16:30    -2333.807563        0.205078
BFGS:  191 21:16:30    -2333.809899        0.198215
BFGS:  192 21:16:31    -2333.814063        0.208239
BFGS:  193 21:16:31    -2333.816809        0.318748
BFGS:  194 21:16:31    -2333.818254        0.225717
BFGS:  195 21:16:32    -2333.820177        0.132560
BFGS:  196 21:16:32    -2333.821781        0.157167
BFGS:  197 21:16:33    -2333.823430        0.100802
BFGS:  198 21:16:33    -2333.825543        0.101166
BFGS:  199 21:16:33    -2333.828252        0.128035
BFGS:  200 21:16:34    -2333.831152        0.181269
