      Step     Time          Energy          fmax
BFGS:    0 20:39:26    -2356.672137        8.298086
BFGS:    1 20:39:27    -2361.576711        5.720911
BFGS:    2 20:39:28    -2369.092128        7.761835
BFGS:    3 20:39:29    -2374.910312       24.459301
BFGS:    4 20:39:29    -2374.634322       21.268970
BFGS:    5 20:39:30    -2382.066924        4.802481
BFGS:    6 20:39:31    -2384.448607        4.460548
BFGS:    7 20:39:32    -2385.238186       14.208625
BFGS:    8 20:39:32    -2386.447661        2.208103
BFGS:    9 20:39:33    -2386.811066        2.142035
BFGS:   10 20:39:34    -2387.349027        2.131655
BFGS:   11 20:39:34    -2387.625050        1.604030
BFGS:   12 20:39:35    -2387.971806        1.879479
BFGS:   13 20:39:36    -2388.317763        1.829345
BFGS:   14 20:39:36    -2388.658930        1.608632
BFGS:   15 20:39:37    -2388.912008        1.035605
BFGS:   16 20:39:38    -2389.069275        0.936803
BFGS:   17 20:39:39    -2389.181011        1.277107
BFGS:   18 20:39:39    -2389.356947        1.383102
BFGS:   19 20:39:40    -2389.469844        1.269963
BFGS:   20 20:39:41    -2389.569599        0.976562
BFGS:   21 20:39:41    -2389.672514        0.680182
BFGS:   22 20:39:42    -2389.884731        1.132089
BFGS:   23 20:39:43    -2390.393838        2.494641
BFGS:   24 20:39:43    -2390.326526        5.548068
BFGS:   25 20:39:44    -2390.583750        3.779431
BFGS:   26 20:39:45    -2390.646882        3.820621
BFGS:   27 20:39:45    -2390.708571        4.396198
BFGS:   28 20:39:46    -2390.779771        3.930113
BFGS:   29 20:39:47    -2390.934596        3.144898
BFGS:   30 20:39:47    -2391.150400        3.309991
BFGS:   31 20:39:48    -2391.458049        3.737312
BFGS:   32 20:39:49    -2391.397872        4.365175
BFGS:   33 20:39:49    -2391.935375        3.855711
BFGS:   34 20:39:50    -2392.184330        3.302338
BFGS:   35 20:39:50    -2392.603225        4.493836
BFGS:   36 20:39:51    -2392.818539        4.353931
BFGS:   37 20:39:51    -2393.091702        3.685794
BFGS:   38 20:39:52    -2393.354865        2.731715
BFGS:   39 20:39:52    -2393.754193        2.372219
BFGS:   40 20:39:53    -2394.124292        2.016695
BFGS:   41 20:39:53    -2394.544203        1.510876
BFGS:   42 20:39:54    -2394.909690        1.718934
BFGS:   43 20:39:54    -2395.187624        1.861436
BFGS:   44 20:39:55    -2395.392206        1.680871
BFGS:   45 20:39:55    -2395.540898        1.465057
BFGS:   46 20:39:56    -2395.646293        0.967476
BFGS:   47 20:39:56    -2395.740939        0.756808
BFGS:   48 20:39:57    -2395.818203        0.651876
BFGS:   49 20:39:57    -2395.877859        0.587416
BFGS:   50 20:39:58    -2395.922030        0.527344
BFGS:   51 20:39:58    -2395.958012        0.637922
BFGS:   52 20:39:59    -2395.997641        0.963370
BFGS:   53 20:39:59    -2396.045095        1.127424
BFGS:   54 20:39:59    -2396.097074        0.980526
BFGS:   55 20:40:00    -2396.149217        0.562001
BFGS:   56 20:40:00    -2396.198319        0.377814
BFGS:   57 20:40:01    -2396.239612        0.360107
BFGS:   58 20:40:01    -2396.272755        0.340408
BFGS:   59 20:40:02    -2396.301568        0.304111
BFGS:   60 20:40:02    -2396.326378        0.386523
BFGS:   61 20:40:02    -2396.347936        0.510872
BFGS:   62 20:40:03    -2396.367383        0.489204
BFGS:   63 20:40:03    -2396.385175        0.344429
BFGS:   64 20:40:04    -2396.401683        0.295721
BFGS:   65 20:40:04    -2396.416957        0.233103
BFGS:   66 20:40:05    -2396.431363        0.358181
BFGS:   67 20:40:05    -2396.446417        0.391155
BFGS:   68 20:40:05    -2396.461928        0.321224
BFGS:   69 20:40:06    -2396.474753        0.196804
BFGS:   70 20:40:06    -2396.484739        0.187584
BFGS:   71 20:40:07    -2396.495316        0.229877
BFGS:   72 20:40:07    -2396.508979        0.281041
BFGS:   73 20:40:08    -2396.525533        0.319710
BFGS:   74 20:40:08    -2396.542585        0.310659
BFGS:   75 20:40:09    -2396.558136        0.326353
BFGS:   76 20:40:09    -2396.573228        0.350687
BFGS:   77 20:40:10    -2396.591065        0.394262
BFGS:   78 20:40:10    -2396.615752        0.478626
BFGS:   79 20:40:11    -2396.647964        0.456017
BFGS:   80 20:40:11    -2396.688970        0.465939
BFGS:   81 20:40:12    -2396.739029        0.566071
BFGS:   82 20:40:12    -2396.775694        0.578342
BFGS:   83 20:40:13    -2396.805894        0.823066
BFGS:   84 20:40:13    -2396.843060        0.430311
BFGS:   85 20:40:14    -2396.872056        0.243313
BFGS:   86 20:40:14    -2396.896861        0.479202
BFGS:   87 20:40:14    -2396.908499        0.383758
BFGS:   88 20:40:15    -2396.917342        0.217334
BFGS:   89 20:40:15    -2396.922679        0.124150
BFGS:   90 20:40:16    -2396.925652        0.100329
BFGS:   91 20:40:16    -2396.930098        0.115858
BFGS:   92 20:40:16    -2396.933502        0.127941
BFGS:   93 20:40:17    -2396.937060        0.106951
BFGS:   94 20:40:17    -2396.940103        0.094699
BFGS:   95 20:40:18    -2396.942466        0.082940
BFGS:   96 20:40:18    -2396.943978        0.057988
BFGS:   97 20:40:18    -2396.945093        0.053594
BFGS:   98 20:40:19    -2396.946065        0.053355
BFGS:   99 20:40:19    -2396.946962        0.060510
BFGS:  100 20:40:20    -2396.947772        0.045859
BFGS:  101 20:40:20    -2396.948476        0.050668
BFGS:  102 20:40:20    -2396.949077        0.047820
BFGS:  103 20:40:21    -2396.949631        0.037473
BFGS:  104 20:40:21    -2396.950232        0.046856
BFGS:  105 20:40:21    -2396.950988        0.060629
BFGS:  106 20:40:22    -2396.951931        0.068833
BFGS:  107 20:40:22    -2396.952939        0.057109
BFGS:  108 20:40:23    -2396.953901        0.062951
BFGS:  109 20:40:23    -2396.954830        0.062212
BFGS:  110 20:40:23    -2396.955871        0.076998
BFGS:  111 20:40:24    -2396.957098        0.075763
BFGS:  112 20:40:24    -2396.958449        0.083454
BFGS:  113 20:40:24    -2396.959767        0.072087
BFGS:  114 20:40:25    -2396.961045        0.096027
BFGS:  115 20:40:25    -2396.962347        0.090916
BFGS:  116 20:40:25    -2396.963749        0.071400
BFGS:  117 20:40:26    -2396.965273        0.067204
BFGS:  118 20:40:26    -2396.966952        0.104567
BFGS:  119 20:40:27    -2396.968785        0.121845
BFGS:  120 20:40:27    -2396.970665        0.090280
BFGS:  121 20:40:27    -2396.972383        0.075981
BFGS:  122 20:40:28    -2396.973916        0.068899
BFGS:  123 20:40:28    -2396.975426        0.097275
BFGS:  124 20:40:28    -2396.977190        0.108818
BFGS:  125 20:40:29    -2396.979136        0.130430
BFGS:  126 20:40:29    -2396.981135        0.129838
BFGS:  127 20:40:30    -2396.982920        0.093231
BFGS:  128 20:40:30    -2396.985109        0.099624
BFGS:  129 20:40:31    -2396.987692        0.085830
BFGS:  130 20:40:31    -2396.989978        0.113236
BFGS:  131 20:40:31    -2396.992095        0.143714
BFGS:  132 20:40:32    -2396.993801        0.109727
BFGS:  133 20:40:32    -2396.994649        0.325493
BFGS:  134 20:40:33    -2396.997015        0.131391
BFGS:  135 20:40:33    -2396.998776        0.071139
BFGS:  136 20:40:34    -2397.001822        0.117112
BFGS:  137 20:40:34    -2397.005034        0.158262
BFGS:  138 20:40:35    -2397.008864        0.184162
BFGS:  139 20:40:35    -2397.013787        0.301184
BFGS:  140 20:40:36    -2397.012928        0.691659
BFGS:  141 20:40:36    -2397.016386        0.853960
BFGS:  142 20:40:37    -2397.020272        0.504904
BFGS:  143 20:40:37    -2397.025501        0.154637
BFGS:  144 20:40:38    -2397.029331        0.289290
BFGS:  145 20:40:38    -2397.033156        0.154695
BFGS:  146 20:40:38    -2397.039793        0.167266
BFGS:  147 20:40:39    -2397.043390        0.143287
BFGS:  148 20:40:39    -2397.048373        0.147989
BFGS:  149 20:40:40    -2397.050804        0.139115
BFGS:  150 20:40:40    -2397.051506        0.436100
BFGS:  151 20:40:41    -2397.053543        0.131085
BFGS:  152 20:40:41    -2397.054741        0.063268
BFGS:  153 20:40:41    -2397.055936        0.075732
BFGS:  154 20:40:42    -2397.056596        0.066055
BFGS:  155 20:40:42    -2397.057400        0.085888
BFGS:  156 20:40:42    -2397.058516        0.125391
BFGS:  157 20:40:43    -2397.059836        0.113939
BFGS:  158 20:40:43    -2397.061364        0.094166
BFGS:  159 20:40:44    -2397.063122        0.100962
BFGS:  160 20:40:44    -2397.065151        0.093711
BFGS:  161 20:40:44    -2397.067340        0.128700
BFGS:  162 20:40:45    -2397.069317        0.090050
BFGS:  163 20:40:45    -2397.070815        0.071421
BFGS:  164 20:40:46    -2397.071967        0.087400
BFGS:  165 20:40:46    -2397.072869        0.081469
BFGS:  166 20:40:46    -2397.073681        0.068614
BFGS:  167 20:40:47    -2397.074500        0.062472
BFGS:  168 20:40:47    -2397.075324        0.057233
BFGS:  169 20:40:47    -2397.076193        0.060989
BFGS:  170 20:40:48    -2397.077235        0.073280
BFGS:  171 20:40:48    -2397.078481        0.072121
BFGS:  172 20:40:49    -2397.079764        0.077920
BFGS:  173 20:40:49    -2397.080907        0.076817
BFGS:  174 20:40:49    -2397.081882        0.068419
BFGS:  175 20:40:50    -2397.082752        0.057958
BFGS:  176 20:40:50    -2397.083464        0.044431
BFGS:  177 20:40:50    -2397.084015        0.042466
BFGS:  178 20:40:51    -2397.084450        0.044317
BFGS:  179 20:40:51    -2397.084912        0.053126
BFGS:  180 20:40:51    -2397.085410        0.063633
BFGS:  181 20:40:52    -2397.085942        0.065534
BFGS:  182 20:40:52    -2397.086500        0.066472
BFGS:  183 20:40:52    -2397.087161        0.053206
BFGS:  184 20:40:53    -2397.088011        0.066668
BFGS:  185 20:40:53    -2397.089111        0.076842
BFGS:  186 20:40:54    -2397.090331        0.076185
BFGS:  187 20:40:54    -2397.091531        0.078047
BFGS:  188 20:40:54    -2397.092604        0.092409
BFGS:  189 20:40:55    -2397.093584        0.123129
BFGS:  190 20:40:55    -2397.094559        0.111254
BFGS:  191 20:40:55    -2397.095496        0.163553
BFGS:  192 20:40:56    -2397.096237        0.046953
BFGS:  193 20:40:56    -2397.096774        0.069312
BFGS:  194 20:40:57    -2397.097173        0.042102
BFGS:  195 20:40:57    -2397.097527        0.031237
BFGS:  196 20:40:57    -2397.097834        0.040371
BFGS:  197 20:40:58    -2397.098116        0.038350
BFGS:  198 20:40:58    -2397.098321        0.027319
BFGS:  199 20:40:58    -2397.098479        0.019657
BFGS:  200 20:40:58    -2397.098619        0.023126
