      Step     Time          Energy          fmax
BFGS:    0 14:12:41    -2010.464526      427.883282
BFGS:    1 14:12:41    -2093.538662       47.113793
BFGS:    2 14:12:42    -2112.993076       67.686646
BFGS:    3 14:12:42    -2122.169932       37.516708
BFGS:    4 14:12:42    -2125.831541       13.841360
BFGS:    5 14:12:43    -2129.602629        7.334993
BFGS:    6 14:12:43    -2131.710156        6.461363
BFGS:    7 14:12:44    -2134.349405        3.682803
BFGS:    8 14:12:44    -2135.917007        4.713451
BFGS:    9 14:12:44    -2136.602712        5.950704
BFGS:   10 14:12:45    -2137.295881        5.433853
BFGS:   11 14:12:45    -2137.824407        2.047597
BFGS:   12 14:12:45    -2138.236700        2.737162
BFGS:   13 14:12:46    -2138.471663        2.191022
BFGS:   14 14:12:46    -2138.731675        2.520791
BFGS:   15 14:12:46    -2138.907874        2.664016
BFGS:   16 14:12:47    -2139.227295        2.807068
BFGS:   17 14:12:47    -2139.536214        3.266602
BFGS:   18 14:12:47    -2140.061099        1.892368
BFGS:   19 14:12:47    -2140.425965        2.350146
BFGS:   20 14:12:48    -2140.906077        1.978526
BFGS:   21 14:12:48    -2141.322092        2.008339
BFGS:   22 14:12:48    -2141.713557        3.215601
BFGS:   23 14:12:49    -2141.902710        1.058612
BFGS:   24 14:12:49    -2142.041293        0.887727
BFGS:   25 14:12:49    -2142.274859        0.674245
BFGS:   26 14:12:49    -2142.351171        0.814720
BFGS:   27 14:12:50    -2142.458441        1.049627
BFGS:   28 14:12:50    -2142.503913        1.162726
BFGS:   29 14:12:50    -2142.546163        1.229429
BFGS:   30 14:12:50    -2142.584955        1.155890
BFGS:   31 14:12:51    -2142.616738        0.989743
BFGS:   32 14:12:51    -2142.639085        0.744973
BFGS:   33 14:12:51    -2142.654915        0.569180
BFGS:   34 14:12:51    -2142.668459        0.449497
BFGS:   35 14:12:51    -2142.681202        0.279849
BFGS:   36 14:12:52    -2142.693950        0.261709
BFGS:   37 14:12:52    -2142.707154        0.274305
BFGS:   38 14:12:52    -2142.718363        0.328315
BFGS:   39 14:12:52    -2142.725860        0.369399
BFGS:   40 14:12:53    -2142.731018        0.370608
BFGS:   41 14:12:53    -2142.735853        0.359093
BFGS:   42 14:12:53    -2142.741112        0.347991
BFGS:   43 14:12:53    -2142.747022        0.335936
BFGS:   44 14:12:53    -2142.754590        0.320091
BFGS:   45 14:12:54    -2142.767931        0.378033
BFGS:   46 14:12:54    -2142.782262        0.739780
BFGS:   47 14:12:54    -2142.803309        0.335944
BFGS:   48 14:12:54    -2142.832764        0.271206
BFGS:   49 14:12:55    -2142.859359        0.279703
BFGS:   50 14:12:55    -2142.869422        0.292399
BFGS:   51 14:12:55    -2142.882986        0.324647
BFGS:   52 14:12:55    -2142.891823        0.300298
BFGS:   53 14:12:56    -2142.899362        0.286935
BFGS:   54 14:12:56    -2142.906907        0.295415
BFGS:   55 14:12:56    -2142.913496        0.298392
BFGS:   56 14:12:56    -2142.918479        0.271624
BFGS:   57 14:12:56    -2142.922552        0.223796
BFGS:   58 14:12:57    -2142.927037        0.148444
BFGS:   59 14:12:57    -2142.932294        0.175584
BFGS:   60 14:12:57    -2142.938000        0.164101
BFGS:   61 14:12:57    -2142.943586        0.231088
BFGS:   62 14:12:57    -2142.949416        0.288800
BFGS:   63 14:12:58    -2142.955934        0.350989
BFGS:   64 14:12:58    -2142.962566        0.375414
BFGS:   65 14:12:58    -2142.968291        0.321354
BFGS:   66 14:12:58    -2142.973071        0.226996
BFGS:   67 14:12:58    -2142.977577        0.175103
BFGS:   68 14:12:59    -2142.982557        0.189819
BFGS:   69 14:12:59    -2142.987556        0.206281
BFGS:   70 14:12:59    -2142.991851        0.192005
BFGS:   71 14:12:59    -2142.995187        0.143138
BFGS:   72 14:12:59    -2142.997939        0.143430
BFGS:   73 14:13:00    -2143.000635        0.125075
BFGS:   74 14:13:00    -2143.003629        0.115636
BFGS:   75 14:13:00    -2143.007077        0.172350
BFGS:   76 14:13:00    -2143.010983        0.177530
BFGS:   77 14:13:01    -2143.015084        0.200304
BFGS:   78 14:13:01    -2143.018599        0.207332
BFGS:   79 14:13:01    -2143.021216        0.150225
BFGS:   80 14:13:01    -2143.023353        0.135471
BFGS:   81 14:13:01    -2143.025227        0.117406
BFGS:   82 14:13:01    -2143.027274        0.152754
BFGS:   83 14:13:02    -2143.029044        0.207249
BFGS:   84 14:13:02    -2143.031210        0.230226
BFGS:   85 14:13:02    -2143.033471        0.208023
BFGS:   86 14:13:02    -2143.036298        0.174697
BFGS:   87 14:13:02    -2143.040036        0.177955
BFGS:   88 14:13:03    -2143.044822        0.222085
BFGS:   89 14:13:03    -2143.049750        0.194185
BFGS:   90 14:13:03    -2143.053702        0.119716
BFGS:   91 14:13:03    -2143.056553        0.090371
BFGS:   92 14:13:04    -2143.058610        0.104325
BFGS:   93 14:13:04    -2143.060504        0.111943
BFGS:   94 14:13:04    -2143.062336        0.118257
BFGS:   95 14:13:04    -2143.063915        0.090182
BFGS:   96 14:13:04    -2143.065192        0.066272
BFGS:   97 14:13:05    -2143.066635        0.092342
BFGS:   98 14:13:05    -2143.068610        0.121376
BFGS:   99 14:13:05    -2143.071675        0.206434
BFGS:  100 14:13:05    -2143.076243        0.250414
BFGS:  101 14:13:05    -2143.082090        0.213975
BFGS:  102 14:13:06    -2143.087923        0.253620
BFGS:  103 14:13:06    -2143.093121        0.269004
BFGS:  104 14:13:06    -2143.098063        0.300399
BFGS:  105 14:13:06    -2143.103569        0.302299
BFGS:  106 14:13:07    -2143.108068        0.350010
BFGS:  107 14:13:07    -2143.113687        0.262341
BFGS:  108 14:13:07    -2143.117951        0.214464
BFGS:  109 14:13:07    -2143.122601        0.254265
BFGS:  110 14:13:07    -2143.126783        0.265963
BFGS:  111 14:13:08    -2143.131692        0.212015
BFGS:  112 14:13:08    -2143.134637        0.122397
BFGS:  113 14:13:08    -2143.136823        0.132531
BFGS:  114 14:13:08    -2143.139046        0.119740
BFGS:  115 14:13:09    -2143.141600        0.119888
BFGS:  116 14:13:09    -2143.143065        0.289359
BFGS:  117 14:13:09    -2143.145906        0.138391
BFGS:  118 14:13:09    -2143.148519        0.158002
BFGS:  119 14:13:09    -2143.151184        0.185052
BFGS:  120 14:13:10    -2143.153806        0.139226
BFGS:  121 14:13:10    -2143.156219        0.145715
BFGS:  122 14:13:10    -2143.158508        0.134739
BFGS:  123 14:13:10    -2143.160804        0.138474
BFGS:  124 14:13:11    -2143.162998        0.095162
BFGS:  125 14:13:11    -2143.165308        0.151027
BFGS:  126 14:13:11    -2143.167358        0.138714
BFGS:  127 14:13:11    -2143.169852        0.131585
BFGS:  128 14:13:11    -2143.173390        0.125253
BFGS:  129 14:13:12    -2143.176600        0.162131
BFGS:  130 14:13:12    -2143.180614        0.169457
BFGS:  131 14:13:12    -2143.185471        0.227841
BFGS:  132 14:13:12    -2143.189858        0.301064
BFGS:  133 14:13:12    -2143.198709        0.206538
BFGS:  134 14:13:13    -2143.208821        0.214813
BFGS:  135 14:13:13    -2143.216452        0.220710
BFGS:  136 14:13:13    -2143.224537        0.294932
BFGS:  137 14:13:13    -2143.237963        0.441131
BFGS:  138 14:13:14    -2143.248256        0.166219
BFGS:  139 14:13:14    -2143.239144        0.722826
BFGS:  140 14:13:14    -2143.257619        0.357228
BFGS:  141 14:13:14    -2143.250454        0.564130
BFGS:  142 14:13:15    -2143.263801        0.097501
BFGS:  143 14:13:15    -2143.266176        0.222247
BFGS:  144 14:13:15    -2143.269007        0.217759
BFGS:  145 14:13:15    -2143.271427        0.120014
BFGS:  146 14:13:16    -2143.272881        0.090264
BFGS:  147 14:13:16    -2143.274981        0.091974
BFGS:  148 14:13:16    -2143.276926        0.095316
BFGS:  149 14:13:16    -2143.278730        0.226976
BFGS:  150 14:13:16    -2143.280535        0.120765
BFGS:  151 14:13:17    -2143.282562        0.169965
BFGS:  152 14:13:17    -2143.284573        0.117719
BFGS:  153 14:13:17    -2143.285746        0.119419
BFGS:  154 14:13:17    -2143.286904        0.084275
BFGS:  155 14:13:17    -2143.288734        0.107987
BFGS:  156 14:13:18    -2143.292096        0.123517
BFGS:  157 14:13:18    -2143.296585        0.275228
BFGS:  158 14:13:18    -2143.302286        0.207169
BFGS:  159 14:13:18    -2143.305921        0.194746
BFGS:  160 14:13:19    -2143.309171        0.197663
BFGS:  161 14:13:19    -2143.310958        0.161244
BFGS:  162 14:13:19    -2143.312607        0.107967
BFGS:  163 14:13:19    -2143.313541        0.069876
BFGS:  164 14:13:19    -2143.314136        0.065111
BFGS:  165 14:13:19    -2143.314871        0.106864
BFGS:  166 14:13:20    -2143.315447        0.139760
BFGS:  167 14:13:20    -2143.315918        0.115533
BFGS:  168 14:13:20    -2143.316300        0.099390
BFGS:  169 14:13:20    -2143.316570        0.049653
BFGS:  170 14:13:20    -2143.316716        0.029199
BFGS:  171 14:13:20    -2143.316846        0.029161
BFGS:  172 14:13:21    -2143.316980        0.035354
BFGS:  173 14:13:21    -2143.317126        0.031342
BFGS:  174 14:13:21    -2143.317283        0.034134
BFGS:  175 14:13:21    -2143.317448        0.038647
BFGS:  176 14:13:21    -2143.317643        0.029401
BFGS:  177 14:13:21    -2143.317900        0.030796
BFGS:  178 14:13:22    -2143.318209        0.029298
BFGS:  179 14:13:22    -2143.318492        0.031533
BFGS:  180 14:13:22    -2143.318700        0.023974
BFGS:  181 14:13:22    -2143.318853        0.021594
BFGS:  182 14:13:22    -2143.318986        0.018795
BFGS:  183 14:13:22    -2143.319094        0.020063
BFGS:  184 14:13:23    -2143.319161        0.022407
BFGS:  185 14:13:23    -2143.319201        0.023169
BFGS:  186 14:13:23    -2143.319230        0.020556
BFGS:  187 14:13:23    -2143.319252        0.017207
BFGS:  188 14:13:23    -2143.319269        0.013517
BFGS:  189 14:13:23    -2143.319285        0.010077
BFGS:  190 14:13:23    -2143.319307        0.009245
