      Step     Time          Energy          fmax
BFGS:    0 13:59:39    -2991.664324       13.658700
BFGS:    1 13:59:41    -2996.179874        3.858976
BFGS:    2 13:59:42    -2997.638184        3.101956
BFGS:    3 13:59:43    -2999.217304       10.918326
BFGS:    4 13:59:44    -3002.279011       14.023505
BFGS:    5 13:59:44    -3001.079732       20.515946
BFGS:    6 13:59:45    -3005.130991        3.560748
BFGS:    7 13:59:46    -3006.298858        2.453148
BFGS:    8 13:59:46    -3007.109740        8.311815
BFGS:    9 13:59:47    -3008.336902        3.041198
BFGS:   10 13:59:47    -3009.365522        3.314758
BFGS:   11 13:59:48    -3010.515798        2.059548
BFGS:   12 13:59:49    -3011.035004        2.700188
BFGS:   13 13:59:49    -3011.482574        2.169214
BFGS:   14 13:59:50    -3012.087242        2.029565
BFGS:   15 13:59:50    -3012.449829        2.017412
BFGS:   16 13:59:51    -3012.905481        1.944661
BFGS:   17 13:59:51    -3013.288562        1.190844
BFGS:   18 13:59:52    -3013.500676        0.778595
BFGS:   19 13:59:52    -3013.664874        0.804056
BFGS:   20 13:59:53    -3013.757265        0.731411
BFGS:   21 13:59:53    -3013.850782        0.698913
BFGS:   22 13:59:54    -3013.919069        0.439264
BFGS:   23 13:59:54    -3013.962985        0.351797
BFGS:   24 13:59:55    -3013.986312        0.281406
BFGS:   25 13:59:55    -3014.003509        0.266027
BFGS:   26 13:59:56    -3014.017194        0.228915
BFGS:   27 13:59:56    -3014.030903        0.235230
BFGS:   28 13:59:57    -3014.044897        0.272211
BFGS:   29 13:59:57    -3014.058755        0.238913
BFGS:   30 13:59:58    -3014.074890        0.304245
BFGS:   31 13:59:58    -3014.104177        0.461781
BFGS:   32 13:59:59    -3014.209404        1.169915
BFGS:   33 14:00:00    -3014.099562        1.358807
BFGS:   34 14:00:00    -3014.333567        1.156998
BFGS:   35 14:00:01    -3014.441953        1.103933
BFGS:   36 14:00:01    -3014.892085        0.916612
BFGS:   37 14:00:02    -3015.010090        0.640996
BFGS:   38 14:00:02    -3015.135434        0.675831
BFGS:   39 14:00:03    -3015.247000        0.483054
BFGS:   40 14:00:03    -3015.319242        0.536914
BFGS:   41 14:00:04    -3015.379182        0.502932
BFGS:   42 14:00:04    -3015.433668        0.513672
BFGS:   43 14:00:05    -3015.488398        0.455601
BFGS:   44 14:00:05    -3015.533429        0.524108
BFGS:   45 14:00:06    -3015.582433        0.629240
BFGS:   46 14:00:06    -3015.641287        0.761994
BFGS:   47 14:00:07    -3015.713629        0.958970
BFGS:   48 14:00:07    -3015.821369        1.276193
BFGS:   49 14:00:08    -3015.949171        1.516694
BFGS:   50 14:00:08    -3016.082936        1.515216
BFGS:   51 14:00:09    -3016.268585        1.331891
BFGS:   52 14:00:09    -3016.587561        1.496309
BFGS:   53 14:00:10    -3016.909244        1.154336
BFGS:   54 14:00:10    -3017.219292        0.830353
BFGS:   55 14:00:11    -3017.381164        0.702613
BFGS:   56 14:00:11    -3017.495112        0.860857
BFGS:   57 14:00:12    -3017.589127        0.561537
BFGS:   58 14:00:12    -3017.650927        0.422790
BFGS:   59 14:00:13    -3017.699893        0.407656
BFGS:   60 14:00:13    -3017.739528        0.457801
BFGS:   61 14:00:14    -3017.777415        0.429765
BFGS:   62 14:00:14    -3017.812481        0.313161
BFGS:   63 14:00:15    -3017.840604        0.360514
BFGS:   64 14:00:15    -3017.862351        0.337858
BFGS:   65 14:00:15    -3017.882690        0.308725
BFGS:   66 14:00:16    -3017.902207        0.229587
BFGS:   67 14:00:16    -3017.919930        0.298815
BFGS:   68 14:00:17    -3017.934698        0.321897
BFGS:   69 14:00:17    -3017.946160        0.272528
BFGS:   70 14:00:18    -3017.955539        0.217004
BFGS:   71 14:00:18    -3017.964535        0.233757
BFGS:   72 14:00:18    -3017.974477        0.307340
BFGS:   73 14:00:19    -3017.985957        0.362139
BFGS:   74 14:00:19    -3017.998550        0.357160
BFGS:   75 14:00:20    -3018.012469        0.329770
BFGS:   76 14:00:20    -3018.029948        0.336696
BFGS:   77 14:00:21    -3018.053347        0.457889
BFGS:   78 14:00:21    -3018.082723        0.548737
BFGS:   79 14:00:22    -3018.117500        0.435155
BFGS:   80 14:00:22    -3018.154898        0.369670
BFGS:   81 14:00:22    -3018.191333        0.281605
BFGS:   82 14:00:23    -3018.219370        0.401268
BFGS:   83 14:00:23    -3018.239079        0.434671
BFGS:   84 14:00:24    -3018.252133        0.261206
BFGS:   85 14:00:24    -3018.260440        0.142568
BFGS:   86 14:00:25    -3018.264628        0.141443
BFGS:   87 14:00:25    -3018.268583        0.209782
BFGS:   88 14:00:25    -3018.272081        0.151635
BFGS:   89 14:00:26    -3018.277536        0.092496
BFGS:   90 14:00:26    -3018.281099        0.108786
BFGS:   91 14:00:27    -3018.284425        0.074035
BFGS:   92 14:00:27    -3018.286705        0.090699
BFGS:   93 14:00:27    -3018.289118        0.112387
BFGS:   94 14:00:28    -3018.291661        0.088482
BFGS:   95 14:00:28    -3018.293993        0.080031
BFGS:   96 14:00:28    -3018.295583        0.058242
BFGS:   97 14:00:29    -3018.296635        0.072093
BFGS:   98 14:00:29    -3018.297429        0.068719
BFGS:   99 14:00:29    -3018.298047        0.042992
BFGS:  100 14:00:30    -3018.298485        0.037354
BFGS:  101 14:00:30    -3018.298803        0.035770
BFGS:  102 14:00:30    -3018.299091        0.034353
BFGS:  103 14:00:31    -3018.299404        0.032257
BFGS:  104 14:00:31    -3018.299766        0.033391
BFGS:  105 14:00:31    -3018.300186        0.051950
BFGS:  106 14:00:32    -3018.300617        0.054644
BFGS:  107 14:00:32    -3018.301059        0.045163
BFGS:  108 14:00:32    -3018.301504        0.042850
BFGS:  109 14:00:33    -3018.301945        0.043353
BFGS:  110 14:00:33    -3018.302346        0.040708
BFGS:  111 14:00:33    -3018.302628        0.025577
BFGS:  112 14:00:34    -3018.302808        0.024913
BFGS:  113 14:00:34    -3018.302933        0.019117
BFGS:  114 14:00:34    -3018.303034        0.019041
BFGS:  115 14:00:35    -3018.303123        0.017576
BFGS:  116 14:00:35    -3018.303202        0.014280
BFGS:  117 14:00:35    -3018.303276        0.012224
BFGS:  118 14:00:35    -3018.303346        0.016764
BFGS:  119 14:00:36    -3018.303406        0.014937
BFGS:  120 14:00:36    -3018.303449        0.010566
BFGS:  121 14:00:36    -3018.303480        0.008785
