      Step     Time          Energy          fmax
BFGS:    0 13:24:26    -2691.979028       14.410099
BFGS:    1 13:24:27    -2700.204533        4.173243
BFGS:    2 13:24:28    -2702.881509        3.173117
BFGS:    3 13:24:29    -2705.234979        7.014461
BFGS:    4 13:24:30    -2708.328222        6.669188
BFGS:    5 13:24:30    -2710.391728        4.035383
BFGS:    6 13:24:31    -2711.791240        2.379665
BFGS:    7 13:24:31    -2713.945727        2.197333
BFGS:    8 13:24:32    -2714.780138        2.216450
BFGS:    9 13:24:33    -2715.809849        2.664545
BFGS:   10 13:24:33    -2717.237162        1.813822
BFGS:   11 13:24:34    -2718.455307        3.326840
BFGS:   12 13:24:34    -2719.172373        2.046335
BFGS:   13 13:24:35    -2720.328871        1.288213
BFGS:   14 13:24:35    -2720.792028        1.404923
BFGS:   15 13:24:36    -2721.769645        2.023085
BFGS:   16 13:24:36    -2722.052669        1.193689
BFGS:   17 13:24:37    -2722.183122        0.394357
BFGS:   18 13:24:37    -2722.204632        0.200755
BFGS:   19 13:24:37    -2722.222931        0.186567
BFGS:   20 13:24:38    -2722.228828        0.138037
BFGS:   21 13:24:38    -2722.234332        0.133996
BFGS:   22 13:24:38    -2722.238702        0.152152
BFGS:   23 13:24:39    -2722.242690        0.123236
BFGS:   24 13:24:39    -2722.244710        0.065874
BFGS:   25 13:24:39    -2722.246004        0.056972
BFGS:   26 13:24:40    -2722.247489        0.108609
BFGS:   27 13:24:40    -2722.249402        0.127311
BFGS:   28 13:24:40    -2722.251508        0.098313
BFGS:   29 13:24:41    -2722.253790        0.081168
BFGS:   30 13:24:41    -2722.256506        0.111604
BFGS:   31 13:24:42    -2722.259866        0.174515
BFGS:   32 13:24:42    -2722.264116        0.204121
BFGS:   33 13:24:42    -2722.270374        0.226044
BFGS:   34 13:24:43    -2722.281132        0.305806
BFGS:   35 13:24:43    -2722.297070        0.445514
BFGS:   36 13:24:44    -2722.324161        0.598357
BFGS:   37 13:24:44    -2722.363437        0.663352
BFGS:   38 13:24:45    -2722.401326        0.625052
BFGS:   39 13:24:46    -2722.487784        0.835973
BFGS:   40 13:24:46    -2722.601484        1.193454
BFGS:   41 13:24:47    -2722.805582        1.361454
BFGS:   42 13:24:48    -2722.935813        1.175188
BFGS:   43 13:24:48    -2723.120032        1.254004
BFGS:   44 13:24:49    -2723.594973        1.429279
BFGS:   45 13:24:49    -2724.011105        1.269287
BFGS:   46 13:24:50    -2724.433471        1.521977
BFGS:   47 13:24:50    -2724.691691        1.233313
BFGS:   48 13:24:51    -2724.881304        1.248662
BFGS:   49 13:24:51    -2725.091860        1.223548
BFGS:   50 13:24:52    -2725.425812        1.119914
BFGS:   51 13:24:53    -2725.962791        1.984597
BFGS:   52 13:24:54    -2725.904084        2.512905
BFGS:   53 13:24:55    -2727.013393        1.667211
BFGS:   54 13:24:55    -2727.409583        1.487026
BFGS:   55 13:24:56    -2727.707327        1.659547
BFGS:   56 13:24:57    -2727.992902        1.042766
BFGS:   57 13:24:57    -2728.157838        0.593746
BFGS:   58 13:24:58    -2728.226617        0.403051
BFGS:   59 13:24:58    -2728.285183        0.396384
BFGS:   60 13:24:59    -2728.316751        0.295784
BFGS:   61 13:24:59    -2728.335016        0.255899
BFGS:   62 13:25:00    -2728.355107        0.313254
BFGS:   63 13:25:00    -2728.374692        0.369931
BFGS:   64 13:25:01    -2728.401985        0.433322
BFGS:   65 13:25:01    -2728.449228        0.480181
BFGS:   66 13:25:02    -2728.495392        0.421558
BFGS:   67 13:25:02    -2728.539763        0.298899
BFGS:   68 13:25:03    -2728.584931        0.298351
BFGS:   69 13:25:03    -2728.608265        0.230302
BFGS:   70 13:25:04    -2728.647305        0.265928
BFGS:   71 13:25:04    -2728.684964        0.369952
BFGS:   72 13:25:05    -2728.720852        0.335243
BFGS:   73 13:25:06    -2728.752208        0.406785
BFGS:   74 13:25:06    -2728.784613        0.431862
BFGS:   75 13:25:07    -2728.813867        0.444759
BFGS:   76 13:25:07    -2728.848730        0.443102
BFGS:   77 13:25:08    -2728.882738        0.435058
BFGS:   78 13:25:08    -2728.932604        0.427539
BFGS:   79 13:25:09    -2729.000834        0.440296
BFGS:   80 13:25:10    -2729.085628        0.501413
BFGS:   81 13:25:10    -2729.169111        0.498463
BFGS:   82 13:25:11    -2729.222552        0.473527
BFGS:   83 13:25:12    -2729.255464        0.659461
BFGS:   84 13:25:12    -2729.332449        0.379023
BFGS:   85 13:25:13    -2729.423481        0.363547
BFGS:   86 13:25:13    -2729.489238        0.490851
BFGS:   87 13:25:14    -2729.534426        0.399395
BFGS:   88 13:25:14    -2729.564992        0.454201
BFGS:   89 13:25:15    -2729.591890        0.301612
BFGS:   90 13:25:15    -2729.616860        0.315911
BFGS:   91 13:25:16    -2729.644128        0.283132
BFGS:   92 13:25:17    -2729.656160        0.357127
BFGS:   93 13:25:17    -2729.667705        0.288796
BFGS:   94 13:25:18    -2729.678828        0.274706
BFGS:   95 13:25:18    -2729.690372        0.232343
BFGS:   96 13:25:18    -2729.701158        0.276971
BFGS:   97 13:25:19    -2729.715130        0.325708
BFGS:   98 13:25:19    -2729.729517        0.329313
BFGS:   99 13:25:20    -2729.742158        0.389884
BFGS:  100 13:25:21    -2729.752869        0.264356
BFGS:  101 13:25:21    -2729.765830        0.201486
BFGS:  102 13:25:22    -2729.781055        0.116689
BFGS:  103 13:25:22    -2729.785850        0.110698
BFGS:  104 13:25:22    -2729.790263        0.079228
BFGS:  105 13:25:23    -2729.792170        0.072253
BFGS:  106 13:25:23    -2729.795024        0.068757
BFGS:  107 13:25:24    -2729.797712        0.065436
BFGS:  108 13:25:24    -2729.800040        0.065667
BFGS:  109 13:25:24    -2729.801630        0.056697
BFGS:  110 13:25:25    -2729.803229        0.056817
BFGS:  111 13:25:25    -2729.805134        0.065510
BFGS:  112 13:25:25    -2729.807217        0.068927
BFGS:  113 13:25:26    -2729.809002        0.061900
BFGS:  114 13:25:26    -2729.810437        0.060753
BFGS:  115 13:25:27    -2729.811861        0.052730
BFGS:  116 13:25:27    -2729.813480        0.064984
BFGS:  117 13:25:27    -2729.815120        0.060359
BFGS:  118 13:25:28    -2729.816518        0.068855
BFGS:  119 13:25:28    -2729.817639        0.073667
BFGS:  120 13:25:29    -2729.818638        0.054462
BFGS:  121 13:25:29    -2729.819505        0.036606
BFGS:  122 13:25:29    -2729.820088        0.039987
BFGS:  123 13:25:30    -2729.820454        0.029902
BFGS:  124 13:25:30    -2729.820742        0.028172
BFGS:  125 13:25:30    -2729.820982        0.032366
BFGS:  126 13:25:31    -2729.821152        0.026177
BFGS:  127 13:25:31    -2729.821252        0.018299
BFGS:  128 13:25:31    -2729.821323        0.010995
BFGS:  129 13:25:32    -2729.821387        0.010175
BFGS:  130 13:25:32    -2729.821445        0.013135
BFGS:  131 13:25:32    -2729.821487        0.013645
BFGS:  132 13:25:32    -2729.821514        0.008433
