      Step     Time          Energy          fmax
BFGS:    0 21:26:08    -3557.255196       66.339045
BFGS:    1 21:26:10    -3584.434099        6.974933
BFGS:    2 21:26:12    -3586.665461        4.055333
BFGS:    3 21:26:13    -3587.835845        2.057156
BFGS:    4 21:26:15    -3588.265945        0.779803
BFGS:    5 21:26:16    -3588.476353        1.428755
BFGS:    6 21:26:18    -3588.669507        1.250591
BFGS:    7 21:26:19    -3588.807157        0.760444
BFGS:    8 21:26:21    -3588.935690        0.539129
BFGS:    9 21:26:23    -3589.048154        0.659263
BFGS:   10 21:26:24    -3589.174069        1.030666
BFGS:   11 21:26:26    -3589.328297        1.121908
BFGS:   12 21:26:27    -3589.501813        0.991454
BFGS:   13 21:26:29    -3589.694895        0.847760
BFGS:   14 21:26:31    -3589.914784        0.861191
BFGS:   15 21:26:33    -3590.210549        1.517377
BFGS:   16 21:26:36    -3590.474431        2.706308
BFGS:   17 21:26:39    -3590.890760        2.240905
BFGS:   18 21:26:41    -3591.496630        2.368072
BFGS:   19 21:26:43    -3591.806966        1.803107
BFGS:   20 21:26:46    -3592.082463        0.923884
BFGS:   21 21:26:48    -3592.254488        0.780542
BFGS:   22 21:26:50    -3592.365588        0.574665
BFGS:   23 21:26:51    -3592.676377        1.729776
BFGS:   24 21:26:54    -3592.537904        3.390330
BFGS:   25 21:26:56    -3592.971220        1.251684
BFGS:   26 21:26:58    -3593.112484        1.306115
BFGS:   27 21:27:00    -3593.285565        1.206757
BFGS:   28 21:27:02    -3593.402586        1.180459
BFGS:   29 21:27:04    -3593.496289        0.745594
BFGS:   30 21:27:05    -3593.554770        0.360842
BFGS:   31 21:27:07    -3593.639549        0.559074
BFGS:   32 21:27:08    -3593.685924        0.430762
BFGS:   33 21:27:10    -3593.707547        0.183979
BFGS:   34 21:27:11    -3593.718751        0.159377
BFGS:   35 21:27:12    -3593.733598        0.270969
BFGS:   36 21:27:14    -3593.749097        0.295991
BFGS:   37 21:27:15    -3593.761442        0.284732
BFGS:   38 21:27:16    -3593.770713        0.277264
BFGS:   39 21:27:18    -3593.781571        0.310236
BFGS:   40 21:27:19    -3593.797906        0.344711
BFGS:   41 21:27:20    -3593.818952        0.335120
BFGS:   42 21:27:22    -3593.837696        0.271749
BFGS:   43 21:27:23    -3593.848894        0.215082
BFGS:   44 21:27:24    -3593.855080        0.195041
BFGS:   45 21:27:26    -3593.860956        0.186356
BFGS:   46 21:27:27    -3593.867835        0.181775
BFGS:   47 21:27:28    -3593.874276        0.179800
BFGS:   48 21:27:29    -3593.878879        0.172387
BFGS:   49 21:27:30    -3593.882087        0.159572
BFGS:   50 21:27:32    -3593.885201        0.148036
BFGS:   51 21:27:33    -3593.889630        0.134219
BFGS:   52 21:27:34    -3593.895513        0.122636
BFGS:   53 21:27:35    -3593.901946        0.128753
BFGS:   54 21:27:36    -3593.908024        0.143770
BFGS:   55 21:27:37    -3593.914373        0.132878
BFGS:   56 21:27:39    -3593.921764        0.131288
BFGS:   57 21:27:40    -3593.929883        0.128504
BFGS:   58 21:27:41    -3593.937218        0.139420
BFGS:   59 21:27:42    -3593.943021        0.130634
BFGS:   60 21:27:43    -3593.947902        0.092616
BFGS:   61 21:27:44    -3593.951827        0.092046
BFGS:   62 21:27:45    -3593.954183        0.084155
BFGS:   63 21:27:47    -3593.955486        0.086242
BFGS:   64 21:27:48    -3593.956528        0.093375
BFGS:   65 21:27:49    -3593.957522        0.100438
BFGS:   66 21:27:50    -3593.958214        0.108465
BFGS:   67 21:27:51    -3593.958612        0.108975
BFGS:   68 21:27:52    -3593.958950        0.111364
BFGS:   69 21:27:53    -3593.959508        0.110135
BFGS:   70 21:27:54    -3593.960575        0.113730
BFGS:   71 21:27:55    -3593.962359        0.112023
BFGS:   72 21:27:56    -3593.964697        0.116441
BFGS:   73 21:27:57    -3593.967136        0.120416
BFGS:   74 21:27:58    -3593.969698        0.124954
BFGS:   75 21:28:00    -3593.974093        0.133162
BFGS:   76 21:28:01    -3593.983538        0.188783
BFGS:   77 21:28:03    -3594.002754        0.280245
BFGS:   78 21:28:04    -3594.034567        0.344356
BFGS:   79 21:28:06    -3594.076166        0.344367
BFGS:   80 21:28:07    -3594.119072        0.371350
BFGS:   81 21:28:09    -3594.146868        0.387900
BFGS:   82 21:28:11    -3594.174349        0.392111
BFGS:   83 21:28:13    -3594.214257        0.475501
BFGS:   84 21:28:14    -3594.255678        0.536771
BFGS:   85 21:28:16    -3594.293455        0.580626
BFGS:   86 21:28:17    -3594.317562        0.513184
BFGS:   87 21:28:19    -3594.327042        0.457596
BFGS:   88 21:28:21    -3594.335474        0.396299
BFGS:   89 21:28:22    -3594.341745        0.385808
BFGS:   90 21:28:23    -3594.353662        0.427652
BFGS:   91 21:28:25    -3594.361245        0.428294
BFGS:   92 21:28:26    -3594.374769        0.422426
BFGS:   93 21:28:27    -3594.387503        0.372172
BFGS:   94 21:28:29    -3594.400662        0.327200
BFGS:   95 21:28:30    -3594.409930        0.327880
BFGS:   96 21:28:32    -3594.416040        0.356638
BFGS:   97 21:28:33    -3594.419571        0.373879
BFGS:   98 21:28:34    -3594.422179        0.373074
BFGS:   99 21:28:35    -3594.424566        0.368562
BFGS:  100 21:28:36    -3594.426953        0.401539
BFGS:  101 21:28:37    -3594.429131        0.424953
BFGS:  102 21:28:39    -3594.431000        0.430908
BFGS:  103 21:28:40    -3594.432585        0.422676
BFGS:  104 21:28:41    -3594.434048        0.401757
BFGS:  105 21:28:42    -3594.435476        0.374408
BFGS:  106 21:28:43    -3594.436891        0.392249
BFGS:  107 21:28:44    -3594.438415        0.410980
BFGS:  108 21:28:45    -3594.440339        0.422158
BFGS:  109 21:28:47    -3594.443020        0.422293
BFGS:  110 21:28:48    -3594.446394        0.405432
BFGS:  111 21:28:49    -3594.449650        0.400005
BFGS:  112 21:28:50    -3594.452016        0.420511
BFGS:  113 21:28:52    -3594.453494        0.429345
BFGS:  114 21:28:53    -3594.454697        0.427535
BFGS:  115 21:28:54    -3594.455947        0.418413
BFGS:  116 21:28:55    -3594.457292        0.404621
BFGS:  117 21:28:56    -3594.458669        0.407894
BFGS:  118 21:28:58    -3594.459997        0.419973
BFGS:  119 21:28:59    -3594.461251        0.425428
BFGS:  120 21:29:00    -3594.462420        0.420993
BFGS:  121 21:29:01    -3594.463579        0.409581
BFGS:  122 21:29:02    -3594.464778        0.420898
BFGS:  123 21:29:03    -3594.466280        0.433680
BFGS:  124 21:29:04    -3594.468416        0.442488
BFGS:  125 21:29:06    -3594.471912        0.446638
BFGS:  126 21:29:07    -3594.477992        0.443417
BFGS:  127 21:29:08    -3594.487709        0.430477
BFGS:  128 21:29:10    -3594.500757        0.405211
BFGS:  129 21:29:11    -3594.514632        0.414049
BFGS:  130 21:29:13    -3594.527342        0.459672
BFGS:  131 21:29:15    -3594.539980        0.498937
BFGS:  132 21:29:17    -3594.554170        0.510540
BFGS:  133 21:29:18    -3594.569159        0.486551
BFGS:  134 21:29:20    -3594.582718        0.443429
BFGS:  135 21:29:22    -3594.593548        0.419781
BFGS:  136 21:29:23    -3594.602168        0.421471
BFGS:  137 21:29:24    -3594.608702        0.388899
BFGS:  138 21:29:26    -3594.613212        0.435480
BFGS:  139 21:29:27    -3594.616128        0.433035
BFGS:  140 21:29:28    -3594.618093        0.473918
BFGS:  141 21:29:29    -3594.619512        0.460136
BFGS:  142 21:29:31    -3594.620685        0.442924
BFGS:  143 21:29:32    -3594.621710        0.422987
BFGS:  144 21:29:33    -3594.623036        0.412811
BFGS:  145 21:29:34    -3594.624587        0.424083
BFGS:  146 21:29:35    -3594.626358        0.452377
BFGS:  147 21:29:36    -3594.628232        0.470254
BFGS:  148 21:29:38    -3594.630279        0.498621
BFGS:  149 21:29:39    -3594.632559        0.507612
BFGS:  150 21:29:40    -3594.634722        0.495204
BFGS:  151 21:29:42    -3594.636156        0.479558
BFGS:  152 21:29:43    -3594.637073        0.459313
BFGS:  153 21:29:44    -3594.637931        0.452256
BFGS:  154 21:29:45    -3594.639018        0.451160
BFGS:  155 21:29:46    -3594.640615        0.459972
BFGS:  156 21:29:47    -3594.642964        0.482145
BFGS:  157 21:29:48    -3594.646483        0.510495
BFGS:  158 21:29:50    -3594.651338        0.548087
BFGS:  159 21:29:51    -3594.657848        0.563865
BFGS:  160 21:29:53    -3594.666372        0.569418
BFGS:  161 21:29:54    -3594.678675        0.523624
BFGS:  162 21:29:56    -3594.697330        0.455870
BFGS:  163 21:29:58    -3594.724420        0.458311
BFGS:  164 21:29:59    -3594.754468        0.491792
BFGS:  165 21:30:01    -3594.787921        0.513210
BFGS:  166 21:30:03    -3594.820071        0.523254
BFGS:  167 21:30:04    -3594.855957        0.527861
BFGS:  168 21:30:06    -3594.889031        0.526491
BFGS:  169 21:30:07    -3594.926202        0.516772
BFGS:  170 21:30:08    -3594.957145        0.501749
BFGS:  171 21:30:10    -3595.004718        0.503843
BFGS:  172 21:30:11    -3595.036129        0.513701
BFGS:  173 21:30:13    -3595.071737        0.526901
BFGS:  174 21:30:14    -3595.109883        0.537425
BFGS:  175 21:30:15    -3595.149690        0.550401
BFGS:  176 21:30:17    -3595.191949        0.561127
BFGS:  177 21:30:18    -3595.235290        0.570959
BFGS:  178 21:30:20    -3595.280196        0.581710
BFGS:  179 21:30:21    -3595.326849        0.586306
BFGS:  180 21:30:22    -3595.372627        0.593039
BFGS:  181 21:30:24    -3595.422751        0.592668
BFGS:  182 21:30:25    -3595.465571        0.590376
BFGS:  183 21:30:27    -3595.521179        0.587748
BFGS:  184 21:30:28    -3595.560222        0.575460
BFGS:  185 21:30:30    -3595.608741        0.561698
BFGS:  186 21:30:31    -3595.653788        0.543979
BFGS:  187 21:30:33    -3595.701225        0.520306
BFGS:  188 21:30:34    -3595.748909        0.516667
BFGS:  189 21:30:36    -3595.798016        0.525905
BFGS:  190 21:30:37    -3595.845887        0.529673
BFGS:  191 21:30:39    -3595.896612        0.531582
BFGS:  192 21:30:40    -3595.947667        0.528306
BFGS:  193 21:30:41    -3595.994901        0.530066
BFGS:  194 21:30:43    -3596.054208        0.520225
BFGS:  195 21:30:44    -3596.096973        0.506804
BFGS:  196 21:30:46    -3596.154342        0.478398
BFGS:  197 21:30:47    -3596.205709        0.462406
BFGS:  198 21:30:49    -3596.261434        0.438034
BFGS:  199 21:30:50    -3596.316315        0.456570
BFGS:  200 21:30:52    -3596.368754        0.436000
