      Step     Time          Energy          fmax
BFGS:    0 13:34:44     -692.974173     2400.384951
BFGS:    1 13:34:45    -2102.533615      344.487934
BFGS:    2 13:34:45    -1883.889748     2100.379513
BFGS:    3 13:34:46     -805.898531    12251.456174
BFGS:    4 13:34:47    -1919.743716     2609.571495
BFGS:    5 13:34:47    -2287.443788      339.134158
BFGS:    6 13:34:49    -2297.568612      305.832688
BFGS:    7 13:34:54    -2323.761327      252.693729
BFGS:    8 13:34:54    -2345.228009      198.348240
BFGS:    9 13:34:55    -2361.245904      151.268434
BFGS:   10 13:34:55    -2377.013379       91.894070
BFGS:   11 13:34:56    -2387.987911       45.473862
BFGS:   12 13:34:56    -2393.061148       23.997374
BFGS:   13 13:34:57    -2395.864847       14.042058
BFGS:   14 13:34:57    -2398.534024        7.193541
BFGS:   15 13:34:58    -2400.397545        8.154128
BFGS:   16 13:34:58    -2401.704014        7.232898
BFGS:   17 13:34:59    -2402.562295        6.959859
BFGS:   18 13:34:59    -2403.191536        6.279855
BFGS:   19 13:35:00    -2403.853448        5.407985
BFGS:   20 13:35:00    -2404.692029        5.001790
BFGS:   21 13:35:01    -2405.161428        4.662729
BFGS:   22 13:35:02    -2405.735851        4.575225
BFGS:   23 13:35:02    -2406.061345        4.698114
BFGS:   24 13:35:03    -2406.377336        4.436287
BFGS:   25 13:35:03    -2406.814618        3.980357
BFGS:   26 13:35:03    -2407.296756        4.625913
BFGS:   27 13:35:04    -2407.667550        4.875984
BFGS:   28 13:35:04    -2408.240615        5.107512
BFGS:   29 13:35:05    -2408.817995        5.214466
BFGS:   30 13:35:05    -2409.252415        5.035596
BFGS:   31 13:35:06    -2409.637536        5.488047
BFGS:   32 13:35:06    -2409.851536        5.259013
BFGS:   33 13:35:07    -2410.098667        4.769679
BFGS:   34 13:35:07    -2410.367651        4.603646
BFGS:   35 13:35:08    -2410.553128        4.356952
BFGS:   36 13:35:08    -2410.775013        3.995131
BFGS:   37 13:35:08    -2411.014255        3.678708
BFGS:   38 13:35:09    -2411.377144        3.460287
BFGS:   39 13:35:09    -2411.837819        3.734543
BFGS:   40 13:35:10    -2412.122032        3.693200
BFGS:   41 13:35:10    -2412.923305        3.848119
BFGS:   42 13:35:10    -2413.493434        3.264711
BFGS:   43 13:35:11    -2413.893558        3.110249
BFGS:   44 13:35:11    -2414.122931        3.021956
BFGS:   45 13:35:11    -2414.423916        3.054364
BFGS:   46 13:35:11    -2414.709688        3.169749
BFGS:   47 13:35:12    -2415.001187        3.215092
BFGS:   48 13:35:12    -2415.490665        3.238195
BFGS:   49 13:35:12    -2415.925173        3.202775
BFGS:   50 13:35:13    -2416.212253        3.537269
BFGS:   51 13:35:13    -2417.075438        2.973296
BFGS:   52 13:35:13    -2417.534381        2.593258
BFGS:   53 13:35:14    -2417.860348        2.374907
BFGS:   54 13:35:14    -2418.038366        2.484337
BFGS:   55 13:35:14    -2418.189200        2.541565
BFGS:   56 13:35:15    -2418.286558        2.615243
BFGS:   57 13:35:15    -2418.360690        2.718899
BFGS:   58 13:35:15    -2418.422870        2.767814
BFGS:   59 13:35:15    -2418.488478        2.783695
BFGS:   60 13:35:16    -2418.548956        2.761001
BFGS:   61 13:35:16    -2418.602872        2.711766
BFGS:   62 13:35:16    -2418.646936        2.646942
BFGS:   63 13:35:17    -2418.680216        2.599979
BFGS:   64 13:35:17    -2418.703785        2.531861
BFGS:   65 13:35:17    -2418.720372        2.461069
BFGS:   66 13:35:17    -2418.732658        2.418575
BFGS:   67 13:35:18    -2418.743004        2.378361
BFGS:   68 13:35:18    -2418.752390        2.369428
BFGS:   69 13:35:18    -2418.761260        2.366827
BFGS:   70 13:35:18    -2418.769644        2.388296
BFGS:   71 13:35:19    -2418.777275        2.407310
BFGS:   72 13:35:19    -2418.783998        2.424611
BFGS:   73 13:35:19    -2418.790599        2.434876
BFGS:   74 13:35:19    -2418.798710        2.435185
BFGS:   75 13:35:20    -2418.809393        2.427310
BFGS:   76 13:35:20    -2418.821880        2.403197
BFGS:   77 13:35:20    -2418.833682        2.374623
BFGS:   78 13:35:20    -2418.842933        2.345618
BFGS:   79 13:35:21    -2418.849586        2.318626
BFGS:   80 13:35:21    -2418.854199        2.290631
BFGS:   81 13:35:21    -2418.857567        2.280573
BFGS:   82 13:35:21    -2418.860437        2.256664
BFGS:   83 13:35:21    -2418.863129        2.225498
BFGS:   84 13:35:22    -2418.865685        2.220604
BFGS:   85 13:35:22    -2418.868055        2.218677
BFGS:   86 13:35:22    -2418.870181        2.216495
BFGS:   87 13:35:22    -2418.872098        2.211794
BFGS:   88 13:35:23    -2418.873926        2.215637
BFGS:   89 13:35:23    -2418.875916        2.245153
BFGS:   90 13:35:23    -2418.878398        2.269331
BFGS:   91 13:35:23    -2418.881572        2.281483
BFGS:   92 13:35:23    -2418.885094        2.273951
BFGS:   93 13:35:24    -2418.888459        2.249927
BFGS:   94 13:35:24    -2418.891751        2.222104
BFGS:   95 13:35:24    -2418.895585        2.252526
BFGS:   96 13:35:24    -2418.900408        2.277537
BFGS:   97 13:35:25    -2418.905993        2.283226
BFGS:   98 13:35:25    -2418.911945        2.262763
BFGS:   99 13:35:25    -2418.918657        2.221170
BFGS:  100 13:35:25    -2418.927216        2.164728
BFGS:  101 13:35:25    -2418.937839        2.148438
BFGS:  102 13:35:26    -2418.948725        2.103046
BFGS:  103 13:35:26    -2418.957719        2.033120
BFGS:  104 13:35:26    -2418.965214        2.011012
BFGS:  105 13:35:26    -2418.973213        2.006685
BFGS:  106 13:35:27    -2418.982669        1.985880
BFGS:  107 13:35:27    -2418.992843        1.929104
BFGS:  108 13:35:27    -2419.003227        1.836819
BFGS:  109 13:35:27    -2419.013911        1.724949
BFGS:  110 13:35:28    -2419.024796        1.610545
BFGS:  111 13:35:28    -2419.035673        1.553792
BFGS:  112 13:35:28    -2419.046446        1.488967
BFGS:  113 13:35:28    -2419.057069        1.402944
BFGS:  114 13:35:29    -2419.067806        1.301553
BFGS:  115 13:35:29    -2419.079211        1.203787
BFGS:  116 13:35:29    -2419.091552        1.134205
BFGS:  117 13:35:30    -2419.105222        1.058116
BFGS:  118 13:35:30    -2419.120132        0.973496
BFGS:  119 13:35:30    -2419.134241        0.904615
BFGS:  120 13:35:30    -2419.145911        0.824831
BFGS:  121 13:35:31    -2419.156027        0.779808
BFGS:  122 13:35:31    -2419.164660        0.689983
BFGS:  123 13:35:31    -2419.172083        0.682303
BFGS:  124 13:35:31    -2419.178216        0.673557
BFGS:  125 13:35:31    -2419.182862        0.676064
BFGS:  126 13:35:32    -2419.186718        0.675842
BFGS:  127 13:35:32    -2419.191217        0.613051
BFGS:  128 13:35:32    -2419.194975        0.497529
BFGS:  129 13:35:32    -2419.197987        0.348638
BFGS:  130 13:35:33    -2419.200401        0.210788
BFGS:  131 13:35:33    -2419.202371        0.204593
BFGS:  132 13:35:33    -2419.203781        0.185680
BFGS:  133 13:35:33    -2419.204709        0.149899
BFGS:  134 13:35:33    -2419.205360        0.137010
BFGS:  135 13:35:34    -2419.205889        0.118692
BFGS:  136 13:35:34    -2419.206334        0.103207
BFGS:  137 13:35:34    -2419.206724        0.089292
BFGS:  138 13:35:34    -2419.207138        0.084268
BFGS:  139 13:35:34    -2419.207614        0.081177
BFGS:  140 13:35:35    -2419.208119        0.071880
BFGS:  141 13:35:35    -2419.208570        0.069372
BFGS:  142 13:35:35    -2419.208964        0.095548
BFGS:  143 13:35:35    -2419.209387        0.112918
BFGS:  144 13:35:35    -2419.209932        0.111659
BFGS:  145 13:35:36    -2419.210597        0.094755
BFGS:  146 13:35:36    -2419.211302        0.071975
BFGS:  147 13:35:36    -2419.212007        0.098936
BFGS:  148 13:35:36    -2419.212811        0.121519
BFGS:  149 13:35:37    -2419.213942        0.155492
BFGS:  150 13:35:37    -2419.215772        0.222056
BFGS:  151 13:35:37    -2419.218786        0.325035
BFGS:  152 13:35:37    -2419.222970        0.477276
BFGS:  153 13:35:38    -2419.228742        0.498459
BFGS:  154 13:35:38    -2419.238574        0.532114
BFGS:  155 13:35:38    -2419.243120        0.445550
BFGS:  156 13:35:38    -2419.249639        0.537232
BFGS:  157 13:35:39    -2419.254614        0.490901
BFGS:  158 13:35:39    -2419.259318        0.494326
BFGS:  159 13:35:39    -2419.262312        0.462537
BFGS:  160 13:35:39    -2419.266486        0.398394
BFGS:  161 13:35:40    -2419.269434        0.310747
BFGS:  162 13:35:40    -2419.271739        0.225169
BFGS:  163 13:35:40    -2419.273250        0.186816
BFGS:  164 13:35:40    -2419.274401        0.178097
BFGS:  165 13:35:40    -2419.275211        0.168324
BFGS:  166 13:35:41    -2419.275841        0.159332
BFGS:  167 13:35:41    -2419.276366        0.143889
BFGS:  168 13:35:41    -2419.276786        0.123890
BFGS:  169 13:35:41    -2419.277080        0.118934
BFGS:  170 13:35:41    -2419.277282        0.108474
BFGS:  171 13:35:42    -2419.277444        0.090964
BFGS:  172 13:35:42    -2419.277593        0.074619
BFGS:  173 13:35:42    -2419.277728        0.067436
BFGS:  174 13:35:42    -2419.277832        0.062052
BFGS:  175 13:35:42    -2419.277903        0.053138
BFGS:  176 13:35:42    -2419.277950        0.040582
BFGS:  177 13:35:43    -2419.277977        0.029529
BFGS:  178 13:35:43    -2419.277992        0.020138
BFGS:  179 13:35:43    -2419.278001        0.016878
BFGS:  180 13:35:43    -2419.278007        0.015398
BFGS:  181 13:35:43    -2419.278012        0.016383
BFGS:  182 13:35:43    -2419.278018        0.014149
BFGS:  183 13:35:43    -2419.278022        0.015469
BFGS:  184 13:35:43    -2419.278026        0.013557
BFGS:  185 13:35:44    -2419.278028        0.012767
BFGS:  186 13:35:44    -2419.278031        0.011566
BFGS:  187 13:35:44    -2419.278033        0.012163
BFGS:  188 13:35:44    -2419.278036        0.011821
BFGS:  189 13:35:44    -2419.278038        0.010281
BFGS:  190 13:35:44    -2419.278039        0.008776
