      Step     Time          Energy          fmax
BFGS:    0 14:18:40    -2296.822703      311.091302
BFGS:    1 14:18:41    -2365.622779       37.300609
BFGS:    2 14:18:42    -2374.340893       80.637840
BFGS:    3 14:18:42    -2386.234610       31.985302
BFGS:    4 14:18:43    -2390.111985       13.794909
BFGS:    5 14:18:43    -2391.809040        6.734664
BFGS:    6 14:18:44    -2393.535723        5.158392
BFGS:    7 14:18:44    -2394.793022        3.331417
BFGS:    8 14:18:45    -2395.196311        3.204971
BFGS:    9 14:18:45    -2395.467191        3.311517
BFGS:   10 14:18:46    -2395.901974        3.330800
BFGS:   11 14:18:46    -2396.229426        3.221236
BFGS:   12 14:18:47    -2396.554191        2.554538
BFGS:   13 14:18:47    -2396.781947        1.803528
BFGS:   14 14:18:48    -2396.975295        1.293720
BFGS:   15 14:18:48    -2397.139725        1.073164
BFGS:   16 14:18:48    -2397.268169        1.087246
BFGS:   17 14:18:49    -2397.360795        1.148185
BFGS:   18 14:18:49    -2397.429314        0.972399
BFGS:   19 14:18:50    -2397.479905        0.817753
BFGS:   20 14:18:50    -2397.519836        0.935958
BFGS:   21 14:18:51    -2397.557140        0.959398
BFGS:   22 14:18:51    -2397.598337        0.879758
BFGS:   23 14:18:52    -2397.641714        0.725641
BFGS:   24 14:18:52    -2397.681868        0.506223
BFGS:   25 14:18:52    -2397.711350        0.461246
BFGS:   26 14:18:53    -2397.734588        0.377223
BFGS:   27 14:18:53    -2397.755301        0.336726
BFGS:   28 14:18:54    -2397.773350        0.341728
BFGS:   29 14:18:54    -2397.787372        0.229399
BFGS:   30 14:18:55    -2397.797054        0.247757
BFGS:   31 14:18:55    -2397.804475        0.209890
BFGS:   32 14:18:55    -2397.812076        0.241030
BFGS:   33 14:18:56    -2397.819074        0.269489
BFGS:   34 14:18:56    -2397.824873        0.325049
BFGS:   35 14:18:57    -2397.830978        0.383409
BFGS:   36 14:18:57    -2397.839666        0.411838
BFGS:   37 14:18:57    -2397.853929        0.409544
BFGS:   38 14:18:58    -2397.881065        0.551982
BFGS:   39 14:18:58    -2397.943041        1.648767
BFGS:   40 14:18:59    -2397.660724        3.633316
BFGS:   41 14:19:00    -2397.996552        1.532880
BFGS:   42 14:19:00    -2398.039216        1.527088
BFGS:   43 14:19:00    -2398.218889        2.399432
BFGS:   44 14:19:01    -2398.307388        1.142581
BFGS:   45 14:19:01    -2398.384958        0.853676
BFGS:   46 14:19:02    -2398.459019        1.476985
BFGS:   47 14:19:02    -2398.519626        0.729395
BFGS:   48 14:19:03    -2398.567303        0.736893
BFGS:   49 14:19:03    -2398.625615        0.776840
BFGS:   50 14:19:04    -2398.656015        0.746369
BFGS:   51 14:19:04    -2398.687803        0.441561
BFGS:   52 14:19:04    -2398.705534        0.529270
BFGS:   53 14:19:05    -2398.724565        0.714620
BFGS:   54 14:19:05    -2398.739404        0.760627
BFGS:   55 14:19:06    -2398.757498        0.647611
BFGS:   56 14:19:06    -2398.776986        0.421435
BFGS:   57 14:19:07    -2398.794078        0.254209
BFGS:   58 14:19:07    -2398.805109        0.202842
BFGS:   59 14:19:07    -2398.812384        0.201395
BFGS:   60 14:19:08    -2398.818358        0.159884
BFGS:   61 14:19:08    -2398.823540        0.143334
BFGS:   62 14:19:08    -2398.827408        0.130304
BFGS:   63 14:19:09    -2398.830207        0.135420
BFGS:   64 14:19:09    -2398.832355        0.102205
BFGS:   65 14:19:10    -2398.834177        0.100457
BFGS:   66 14:19:10    -2398.835809        0.102429
BFGS:   67 14:19:10    -2398.837538        0.112055
BFGS:   68 14:19:11    -2398.839664        0.120033
BFGS:   69 14:19:11    -2398.842325        0.121861
BFGS:   70 14:19:11    -2398.845246        0.097745
BFGS:   71 14:19:12    -2398.848045        0.118708
BFGS:   72 14:19:12    -2398.850677        0.121358
BFGS:   73 14:19:12    -2398.853397        0.114085
BFGS:   74 14:19:13    -2398.856430        0.093207
BFGS:   75 14:19:13    -2398.859803        0.159983
BFGS:   76 14:19:14    -2398.863637        0.233082
BFGS:   77 14:19:14    -2398.868058        0.242250
BFGS:   78 14:19:14    -2398.873254        0.220434
BFGS:   79 14:19:15    -2398.879257        0.241034
BFGS:   80 14:19:15    -2398.885825        0.210991
BFGS:   81 14:19:16    -2398.892245        0.221585
BFGS:   82 14:19:16    -2398.898239        0.181101
BFGS:   83 14:19:16    -2398.903938        0.139615
BFGS:   84 14:19:17    -2398.909662        0.123115
BFGS:   85 14:19:17    -2398.915649        0.155158
BFGS:   86 14:19:17    -2398.922144        0.164573
BFGS:   87 14:19:18    -2398.929332        0.207650
BFGS:   88 14:19:18    -2398.938035        0.209461
BFGS:   89 14:19:19    -2398.949034        0.264612
BFGS:   90 14:19:19    -2398.964022        0.254258
BFGS:   91 14:19:20    -2398.982766        0.328437
BFGS:   92 14:19:20    -2399.008215        0.345164
BFGS:   93 14:19:20    -2399.044457        0.629621
BFGS:   94 14:19:21    -2399.102935        1.037411
BFGS:   95 14:19:21    -2399.172961        1.016781
BFGS:   96 14:19:22    -2399.319022        1.371628
BFGS:   97 14:19:22    -2399.418787        0.691003
BFGS:   98 14:19:23    -2399.489030        0.553696
BFGS:   99 14:19:23    -2399.514131        1.400577
BFGS:  100 14:19:24    -2399.578829        0.411737
BFGS:  101 14:19:24    -2399.606344        0.424219
BFGS:  102 14:19:25    -2399.682435        1.004059
BFGS:  103 14:19:26    -2399.817161        2.087280
BFGS:  104 14:19:26    -2399.489091        3.449190
BFGS:  105 14:19:27    -2399.873927        2.388185
BFGS:  106 14:19:27    -2399.874258        2.387624
BFGS:  107 14:19:28    -2399.941377        2.148761
BFGS:  108 14:19:28    -2399.972900        2.184378
BFGS:  109 14:19:29    -2400.068367        2.599698
BFGS:  110 14:19:29    -2400.139577        2.539515
BFGS:  111 14:19:30    -2400.309140        1.667395
BFGS:  112 14:19:30    -2400.448682        1.518614
BFGS:  113 14:19:31    -2400.532770        1.249035
BFGS:  114 14:19:31    -2400.624028        2.786234
BFGS:  115 14:19:32    -2400.725282        0.838989
BFGS:  116 14:19:32    -2400.793510        0.888860
BFGS:  117 14:19:33    -2400.869156        1.015866
BFGS:  118 14:19:33    -2400.922117        0.939762
BFGS:  119 14:19:34    -2401.011824        1.148436
BFGS:  120 14:19:34    -2401.097759        1.337778
BFGS:  121 14:19:35    -2401.194984        1.180261
BFGS:  122 14:19:35    -2401.284254        0.756967
BFGS:  123 14:19:36    -2401.374949        0.579577
BFGS:  124 14:19:36    -2401.456928        0.603677
BFGS:  125 14:19:36    -2401.530193        0.771452
BFGS:  126 14:19:37    -2401.605645        0.716555
BFGS:  127 14:19:37    -2401.680756        0.573383
BFGS:  128 14:19:38    -2401.775468        0.657929
BFGS:  129 14:19:38    -2401.911608        1.024289
BFGS:  130 14:19:39    -2402.035122        1.766452
BFGS:  131 14:19:39    -2402.205006        1.713969
BFGS:  132 14:19:40    -2402.487832        1.450607
BFGS:  133 14:19:40    -2402.582416        4.552475
BFGS:  134 14:19:41    -2403.045274        1.484290
BFGS:  135 14:19:41    -2403.245147        1.146715
BFGS:  136 14:19:42    -2403.502401        0.768749
BFGS:  137 14:19:42    -2403.593636        0.850467
BFGS:  138 14:19:42    -2403.706604        0.814916
BFGS:  139 14:19:43    -2403.778075        0.698659
BFGS:  140 14:19:43    -2403.838370        0.618065
BFGS:  141 14:19:44    -2403.884837        0.552338
BFGS:  142 14:19:44    -2403.925698        0.433268
BFGS:  143 14:19:44    -2403.952273        0.374513
BFGS:  144 14:19:45    -2403.967612        0.316123
BFGS:  145 14:19:45    -2403.978619        0.307410
BFGS:  146 14:19:46    -2403.990424        0.272748
BFGS:  147 14:19:46    -2404.002485        0.243312
BFGS:  148 14:19:46    -2404.012267        0.237241
BFGS:  149 14:19:47    -2404.019129        0.208960
BFGS:  150 14:19:47    -2404.024449        0.131183
BFGS:  151 14:19:48    -2404.029295        0.139405
BFGS:  152 14:19:48    -2404.033941        0.153689
BFGS:  153 14:19:48    -2404.037827        0.159553
BFGS:  154 14:19:49    -2404.040705        0.143240
BFGS:  155 14:19:49    -2404.042539        0.116248
BFGS:  156 14:19:49    -2404.043833        0.086252
BFGS:  157 14:19:49    -2404.045007        0.081400
BFGS:  158 14:19:50    -2404.046377        0.097209
BFGS:  159 14:19:50    -2404.048063        0.106537
BFGS:  160 14:19:50    -2404.049929        0.104984
BFGS:  161 14:19:51    -2404.051804        0.086676
BFGS:  162 14:19:51    -2404.053781        0.122249
BFGS:  163 14:19:51    -2404.056114        0.134106
BFGS:  164 14:19:52    -2404.058817        0.099955
BFGS:  165 14:19:52    -2404.061630        0.110077
BFGS:  166 14:19:53    -2404.064133        0.116698
BFGS:  167 14:19:53    -2404.066486        0.107053
BFGS:  168 14:19:53    -2404.068797        0.150602
BFGS:  169 14:19:53    -2404.071067        0.143298
BFGS:  170 14:19:54    -2404.073062        0.079699
BFGS:  171 14:19:54    -2404.074815        0.077609
BFGS:  172 14:19:54    -2404.076674        0.106585
BFGS:  173 14:19:55    -2404.078927        0.162013
BFGS:  174 14:19:55    -2404.081521        0.173901
BFGS:  175 14:19:55    -2404.083829        0.098410
BFGS:  176 14:19:56    -2404.085498        0.094780
BFGS:  177 14:19:56    -2404.086751        0.097209
BFGS:  178 14:19:56    -2404.087862        0.112048
BFGS:  179 14:19:57    -2404.088977        0.134739
BFGS:  180 14:19:57    -2404.090081        0.091784
BFGS:  181 14:19:57    -2404.090972        0.064668
BFGS:  182 14:19:58    -2404.091637        0.041290
BFGS:  183 14:19:58    -2404.092154        0.045446
BFGS:  184 14:19:58    -2404.092544        0.042161
BFGS:  185 14:19:58    -2404.092852        0.045472
BFGS:  186 14:19:59    -2404.093095        0.034055
BFGS:  187 14:19:59    -2404.093295        0.034034
BFGS:  188 14:19:59    -2404.093456        0.031599
BFGS:  189 14:19:59    -2404.093595        0.030871
BFGS:  190 14:20:00    -2404.093718        0.028938
BFGS:  191 14:20:00    -2404.093838        0.025057
BFGS:  192 14:20:00    -2404.093936        0.026954
BFGS:  193 14:20:00    -2404.094022        0.025335
BFGS:  194 14:20:00    -2404.094102        0.020871
BFGS:  195 14:20:01    -2404.094184        0.019156
BFGS:  196 14:20:01    -2404.094257        0.017326
BFGS:  197 14:20:01    -2404.094309        0.015150
BFGS:  198 14:20:01    -2404.094345        0.010806
BFGS:  199 14:20:02    -2404.094378        0.011500
BFGS:  200 14:20:02    -2404.094419        0.012177
