      Step     Time          Energy          fmax
BFGS:    0 13:00:20    -3801.493584        8.362236
BFGS:    1 13:00:22    -3809.097884        7.036003
BFGS:    2 13:00:24    -3809.809732       12.981830
BFGS:    3 13:00:25    -3812.627130        4.191901
BFGS:    4 13:00:26    -3813.373834        2.257536
BFGS:    5 13:00:28    -3813.713827        1.607486
BFGS:    6 13:00:29    -3813.803208        0.589313
BFGS:    7 13:00:30    -3813.882152        0.314778
BFGS:    8 13:00:31    -3813.908150        0.392160
BFGS:    9 13:00:32    -3813.933296        0.309307
BFGS:   10 13:00:33    -3813.957110        0.297060
BFGS:   11 13:00:34    -3813.983510        0.366396
BFGS:   12 13:00:36    -3814.009996        0.418675
BFGS:   13 13:00:37    -3814.035894        0.357334
BFGS:   14 13:00:38    -3814.064819        0.400839
BFGS:   15 13:00:39    -3814.098120        0.554387
BFGS:   16 13:00:40    -3814.134479        0.534216
BFGS:   17 13:00:42    -3814.171745        0.404823
BFGS:   18 13:00:43    -3814.203587        0.275368
BFGS:   19 13:00:44    -3814.231070        0.299718
BFGS:   20 13:00:45    -3814.262449        0.354972
BFGS:   21 13:00:46    -3814.285090        0.302868
BFGS:   22 13:00:47    -3814.295879        0.219263
BFGS:   23 13:00:48    -3814.302306        0.097516
BFGS:   24 13:00:49    -3814.308095        0.160394
BFGS:   25 13:00:50    -3814.314080        0.158584
BFGS:   26 13:00:51    -3814.320269        0.204393
BFGS:   27 13:00:52    -3814.328133        0.177619
BFGS:   28 13:00:53    -3814.340022        0.287614
BFGS:   29 13:00:54    -3814.356534        0.337154
BFGS:   30 13:00:56    -3814.373235        0.258597
BFGS:   31 13:00:57    -3814.386845        0.264470
BFGS:   32 13:00:58    -3814.396802        0.156260
BFGS:   33 13:00:59    -3814.405031        0.145529
BFGS:   34 13:01:00    -3814.413051        0.128901
BFGS:   35 13:01:01    -3814.419843        0.169050
BFGS:   36 13:01:02    -3814.425217        0.119715
BFGS:   37 13:01:03    -3814.429778        0.110566
BFGS:   38 13:01:03    -3814.434209        0.100816
BFGS:   39 13:01:04    -3814.438966        0.115168
BFGS:   40 13:01:05    -3814.443713        0.125897
BFGS:   41 13:01:06    -3814.447377        0.098642
BFGS:   42 13:01:07    -3814.449503        0.090855
BFGS:   43 13:01:08    -3814.450750        0.062328
BFGS:   44 13:01:09    -3814.451823        0.070413
BFGS:   45 13:01:10    -3814.452914        0.060124
BFGS:   46 13:01:11    -3814.453608        0.042740
BFGS:   47 13:01:12    -3814.453968        0.025539
BFGS:   48 13:01:13    -3814.454272        0.034029
BFGS:   49 13:01:13    -3814.454666        0.044326
BFGS:   50 13:01:14    -3814.455031        0.034147
BFGS:   51 13:01:15    -3814.455293        0.026897
BFGS:   52 13:01:16    -3814.455472        0.020396
BFGS:   53 13:01:17    -3814.455644        0.022931
BFGS:   54 13:01:18    -3814.455810        0.023537
BFGS:   55 13:01:18    -3814.455944        0.015669
BFGS:   56 13:01:19    -3814.456049        0.015085
BFGS:   57 13:01:20    -3814.456175        0.020649
BFGS:   58 13:01:21    -3814.456324        0.027050
BFGS:   59 13:01:21    -3814.456471        0.020964
BFGS:   60 13:01:22    -3814.456598        0.021339
BFGS:   61 13:01:23    -3814.456755        0.021423
BFGS:   62 13:01:24    -3814.457084        0.043998
BFGS:   63 13:01:25    -3814.457904        0.081378
BFGS:   64 13:01:26    -3814.460137        0.149711
BFGS:   65 13:01:28    -3814.464363        0.267724
BFGS:   66 13:01:29    -3814.470832        0.263738
BFGS:   67 13:01:31    -3814.502205        0.303639
BFGS:   68 13:01:32    -3814.522747        0.387442
BFGS:   69 13:01:33    -3814.545821        0.372869
BFGS:   70 13:01:34    -3814.588340        0.420323
BFGS:   71 13:01:36    -3814.627945        0.540456
BFGS:   72 13:01:37    -3814.658463        0.289922
BFGS:   73 13:01:38    -3814.672420        0.216894
BFGS:   74 13:01:39    -3814.685979        0.219958
BFGS:   75 13:01:41    -3814.706539        0.242572
BFGS:   76 13:01:42    -3814.728488        0.202832
BFGS:   77 13:01:43    -3814.749787        0.235807
BFGS:   78 13:01:44    -3814.771163        0.254521
BFGS:   79 13:01:45    -3814.795037        0.211629
BFGS:   80 13:01:47    -3814.821568        0.235561
BFGS:   81 13:01:48    -3814.848291        0.277161
BFGS:   82 13:01:49    -3814.875995        0.317567
BFGS:   83 13:01:50    -3814.907094        0.427190
BFGS:   84 13:01:52    -3814.951482        0.485324
BFGS:   85 13:01:53    -3815.028291        0.783167
BFGS:   86 13:01:55    -3815.075922        0.787153
BFGS:   87 13:01:56    -3815.139674        0.830804
BFGS:   88 13:01:57    -3815.218999        0.609253
BFGS:   89 13:01:59    -3815.324792        1.017868
BFGS:   90 13:02:00    -3815.395320        0.367806
BFGS:   91 13:02:01    -3815.436648        0.287330
BFGS:   92 13:02:03    -3815.504622        0.688900
BFGS:   93 13:02:04    -3815.537250        0.474649
BFGS:   94 13:02:05    -3815.587600        0.274772
BFGS:   95 13:02:06    -3815.606199        0.249703
BFGS:   96 13:02:07    -3815.623834        0.201737
BFGS:   97 13:02:08    -3815.636267        0.153657
BFGS:   98 13:02:09    -3815.646888        0.161058
BFGS:   99 13:02:11    -3815.653807        0.125147
BFGS:  100 13:02:12    -3815.658810        0.097985
BFGS:  101 13:02:13    -3815.663398        0.087313
BFGS:  102 13:02:14    -3815.668577        0.099757
BFGS:  103 13:02:15    -3815.674680        0.123473
BFGS:  104 13:02:16    -3815.682226        0.145850
BFGS:  105 13:02:17    -3815.692128        0.155283
BFGS:  106 13:02:18    -3815.706241        0.186109
BFGS:  107 13:02:20    -3815.730611        0.294359
BFGS:  108 13:02:21    -3815.821621        1.407425
BFGS:  109 13:02:23    -3815.772811        3.099488
BFGS:  110 13:02:24    -3815.969100        1.205756
BFGS:  111 13:02:25    -3816.076358        1.201339
BFGS:  112 13:02:27    -3816.165158        1.519841
BFGS:  113 13:02:28    -3816.270022        1.280958
BFGS:  114 13:02:29    -3816.352157        0.743427
BFGS:  115 13:02:30    -3816.408822        0.590869
BFGS:  116 13:02:31    -3816.479115        0.482533
BFGS:  117 13:02:32    -3816.527319        0.406315
BFGS:  118 13:02:33    -3816.563289        0.290709
BFGS:  119 13:02:34    -3816.583907        0.197657
BFGS:  120 13:02:35    -3816.596984        0.156221
BFGS:  121 13:02:36    -3816.605701        0.134235
BFGS:  122 13:02:37    -3816.612590        0.128090
BFGS:  123 13:02:38    -3816.617819        0.206230
BFGS:  124 13:02:39    -3816.622320        0.128947
BFGS:  125 13:02:40    -3816.626836        0.134202
BFGS:  126 13:02:40    -3816.631439        0.104610
BFGS:  127 13:02:41    -3816.634764        0.082454
BFGS:  128 13:02:42    -3816.637399        0.068705
BFGS:  129 13:02:43    -3816.639139        0.079531
BFGS:  130 13:02:43    -3816.640674        0.086774
BFGS:  131 13:02:44    -3816.642177        0.079545
BFGS:  132 13:02:45    -3816.643655        0.061094
BFGS:  133 13:02:46    -3816.645046        0.054375
BFGS:  134 13:02:47    -3816.646427        0.062299
BFGS:  135 13:02:47    -3816.647835        0.066317
BFGS:  136 13:02:48    -3816.649151        0.058197
BFGS:  137 13:02:49    -3816.650278        0.049642
BFGS:  138 13:02:49    -3816.651368        0.048417
BFGS:  139 13:02:50    -3816.652672        0.055541
BFGS:  140 13:02:51    -3816.654359        0.073617
BFGS:  141 13:02:52    -3816.656352        0.078452
BFGS:  142 13:02:53    -3816.658360        0.083251
BFGS:  143 13:02:53    -3816.660118        0.098274
BFGS:  144 13:02:54    -3816.661591        0.086109
BFGS:  145 13:02:55    -3816.662865        0.075049
BFGS:  146 13:02:56    -3816.663962        0.070298
BFGS:  147 13:02:56    -3816.664963        0.071985
BFGS:  148 13:02:57    -3816.665933        0.075830
BFGS:  149 13:02:58    -3816.666805        0.071576
BFGS:  150 13:02:59    -3816.667492        0.055473
BFGS:  151 13:02:59    -3816.667983        0.044437
BFGS:  152 13:03:00    -3816.668418        0.047519
BFGS:  153 13:03:01    -3816.668860        0.037858
BFGS:  154 13:03:01    -3816.669360        0.040024
BFGS:  155 13:03:02    -3816.669921        0.038574
BFGS:  156 13:03:03    -3816.670513        0.045627
BFGS:  157 13:03:04    -3816.671161        0.052410
BFGS:  158 13:03:04    -3816.671850        0.043164
BFGS:  159 13:03:05    -3816.672550        0.036612
BFGS:  160 13:03:06    -3816.673193        0.037185
BFGS:  161 13:03:07    -3816.673750        0.033932
BFGS:  162 13:03:07    -3816.674197        0.036631
BFGS:  163 13:03:08    -3816.674578        0.034360
BFGS:  164 13:03:09    -3816.674933        0.028594
BFGS:  165 13:03:09    -3816.675287        0.028802
BFGS:  166 13:03:10    -3816.675609        0.022651
BFGS:  167 13:03:11    -3816.675864        0.030826
BFGS:  168 13:03:12    -3816.676067        0.028514
BFGS:  169 13:03:12    -3816.676284        0.023002
BFGS:  170 13:03:13    -3816.676502        0.027228
BFGS:  171 13:03:14    -3816.676704        0.025287
BFGS:  172 13:03:14    -3816.676857        0.023795
BFGS:  173 13:03:15    -3816.676979        0.021629
BFGS:  174 13:03:16    -3816.677097        0.019945
BFGS:  175 13:03:16    -3816.677221        0.020420
BFGS:  176 13:03:17    -3816.677331        0.019546
BFGS:  177 13:03:18    -3816.677410        0.018866
BFGS:  178 13:03:18    -3816.677474        0.018235
BFGS:  179 13:03:19    -3816.677540        0.017418
BFGS:  180 13:03:19    -3816.677619        0.016371
BFGS:  181 13:03:20    -3816.677701        0.016659
BFGS:  182 13:03:20    -3816.677785        0.016311
BFGS:  183 13:03:21    -3816.677868        0.014738
BFGS:  184 13:03:22    -3816.677964        0.015445
BFGS:  185 13:03:22    -3816.678072        0.016395
BFGS:  186 13:03:23    -3816.678176        0.018326
BFGS:  187 13:03:24    -3816.678268        0.016341
BFGS:  188 13:03:24    -3816.678350        0.015606
BFGS:  189 13:03:25    -3816.678423        0.016662
BFGS:  190 13:03:26    -3816.678484        0.011830
BFGS:  191 13:03:26    -3816.678523        0.007834
