      Step     Time          Energy          fmax
BFGS:    0 09:59:02    -3719.011593        0.976332
BFGS:    1 09:59:02    -3719.036814        0.906066
BFGS:    2 09:59:04    -3719.122403        1.114918
BFGS:    3 09:59:06    -3719.159399        0.467189
BFGS:    4 09:59:07    -3719.169599        0.485819
BFGS:    5 09:59:09    -3719.197637        0.677973
BFGS:    6 09:59:10    -3719.235696        0.841187
BFGS:    7 09:59:12    -3719.323983        0.836760
BFGS:    8 09:59:16    -3719.490218        1.005121
BFGS:    9 09:59:17    -3719.651793        0.611720
BFGS:   10 09:59:18    -3719.750037        1.039064
BFGS:   11 09:59:19    -3719.867274        1.230687
BFGS:   12 09:59:20    -3720.032791        1.204845
BFGS:   13 09:59:21    -3720.239853        1.216522
BFGS:   14 09:59:23    -3720.471262        1.314084
BFGS:   15 09:59:24    -3720.708320        1.316272
BFGS:   16 09:59:25    -3720.921507        1.199400
BFGS:   17 09:59:26    -3721.081734        0.996503
BFGS:   18 09:59:27    -3721.169461        0.758761
BFGS:   19 09:59:28    -3721.189331        0.598476
BFGS:   20 09:59:29    -3721.200932        0.465053
BFGS:   21 09:59:30    -3721.225184        0.487405
BFGS:   22 09:59:31    -3721.232800        0.486819
BFGS:   23 09:59:32    -3721.239595        0.378876
BFGS:   24 09:59:33    -3721.246529        0.226076
BFGS:   25 09:59:33    -3721.248820        0.158814
BFGS:   26 09:59:34    -3721.249718        0.166492
BFGS:   27 09:59:35    -3721.251722        0.189181
BFGS:   28 09:59:36    -3721.254975        0.198085
BFGS:   29 09:59:37    -3721.258845        0.162244
BFGS:   30 09:59:38    -3721.261436        0.083187
BFGS:   31 09:59:38    -3721.262319        0.034166
BFGS:   32 09:59:39    -3721.262379        0.030457
BFGS:   33 09:59:40    -3721.262412        0.029330
BFGS:   34 09:59:40    -3721.262534        0.027466
BFGS:   35 09:59:41    -3721.262778        0.042985
BFGS:   36 09:59:41    -3721.263186        0.055744
BFGS:   37 09:59:42    -3721.263615        0.045886
BFGS:   38 09:59:43    -3721.263772        0.020423
BFGS:   39 09:59:43    -3721.263803        0.009941
      Step     Time          Energy          fmax
BFGS:    0 12:38:30    -3671.644323       75.469428
BFGS:    1 12:38:32    -3709.419973        6.173802
BFGS:    2 12:38:33    -3711.289093        2.734011
BFGS:    3 12:38:34    -3711.977592        1.587396
BFGS:    4 12:38:35    -3712.320016        0.926762
BFGS:    5 12:38:36    -3712.680668        1.305242
BFGS:    6 12:38:38    -3712.881702        1.357512
BFGS:    7 12:38:39    -3713.168930        1.272969
BFGS:    8 12:38:40    -3713.419759        0.995453
BFGS:    9 12:38:42    -3713.655599        1.028511
BFGS:   10 12:38:43    -3713.857822        0.863035
BFGS:   11 12:38:44    -3714.041386        0.951567
BFGS:   12 12:38:45    -3714.154745        0.628088
BFGS:   13 12:38:47    -3714.251449        0.778690
BFGS:   14 12:38:48    -3714.362416        0.724457
BFGS:   15 12:38:49    -3714.451276        0.740839
BFGS:   16 12:38:51    -3714.532591        0.624285
BFGS:   17 12:38:52    -3714.607274        0.684713
BFGS:   18 12:38:53    -3714.676785        0.557402
BFGS:   19 12:38:54    -3714.739822        0.549651
BFGS:   20 12:38:56    -3714.779570        0.439765
BFGS:   21 12:38:57    -3714.816178        0.440102
BFGS:   22 12:38:58    -3714.862494        0.499918
BFGS:   23 12:39:00    -3714.902727        0.319146
BFGS:   24 12:39:01    -3714.929303        0.243350
BFGS:   25 12:39:02    -3714.950337        0.224476
BFGS:   26 12:39:03    -3714.969436        0.307003
BFGS:   27 12:39:04    -3714.986707        0.282874
BFGS:   28 12:39:05    -3714.999132        0.213580
BFGS:   29 12:39:06    -3715.006688        0.180595
BFGS:   30 12:39:07    -3715.014063        0.186905
BFGS:   31 12:39:08    -3715.024326        0.235619
BFGS:   32 12:39:10    -3715.037663        0.222060
BFGS:   33 12:39:11    -3715.058802        0.274321
BFGS:   34 12:39:12    -3715.138622        0.689765
BFGS:   35 12:39:13    -3715.142905        1.268663
BFGS:   36 12:39:14    -3715.265136        1.275772
BFGS:   37 12:39:16    -3715.507002        1.680327
BFGS:   38 12:39:17    -3715.624406        2.040674
BFGS:   39 12:39:18    -3715.943509        1.740598
BFGS:   40 12:39:19    -3716.332168        1.044348
BFGS:   41 12:39:21    -3716.676524        0.724416
BFGS:   42 12:39:22    -3716.851263        0.788264
BFGS:   43 12:39:23    -3716.997555        0.652588
BFGS:   44 12:39:24    -3717.153429        0.896724
BFGS:   45 12:39:25    -3717.475401        1.775933
BFGS:   46 12:39:27    -3717.781840        2.426813
BFGS:   47 12:39:28    -3717.687039        4.034306
BFGS:   48 12:39:29    -3718.271897        1.204942
BFGS:   49 12:39:30    -3718.472704        1.050171
BFGS:   50 12:39:32    -3718.632555        0.614971
BFGS:   51 12:39:33    -3718.740667        0.518338
BFGS:   52 12:39:34    -3718.813954        0.467313
BFGS:   53 12:39:35    -3718.917991        0.459616
BFGS:   54 12:39:36    -3718.971964        0.403662
BFGS:   55 12:39:37    -3719.037827        0.384771
BFGS:   56 12:39:38    -3719.092262        0.486333
BFGS:   57 12:39:39    -3719.160703        0.422192
BFGS:   58 12:39:40    -3719.231949        0.505110
BFGS:   59 12:39:41    -3719.302248        0.471257
BFGS:   60 12:39:42    -3719.363017        0.638046
BFGS:   61 12:39:42    -3719.418125        0.612044
BFGS:   62 12:39:43    -3719.469376        0.396990
BFGS:   63 12:39:44    -3719.516242        0.305124
BFGS:   64 12:39:45    -3719.557619        0.393089
BFGS:   65 12:39:46    -3719.593004        0.424352
BFGS:   66 12:39:47    -3719.620516        0.320673
BFGS:   67 12:39:48    -3719.637457        0.283324
BFGS:   68 12:39:49    -3719.647158        0.257241
BFGS:   69 12:39:50    -3719.654095        0.147314
BFGS:   70 12:39:51    -3719.660034        0.109631
BFGS:   71 12:39:51    -3719.664855        0.128065
BFGS:   72 12:39:52    -3719.668655        0.185177
BFGS:   73 12:39:53    -3719.672421        0.173293
BFGS:   74 12:39:54    -3719.676835        0.109805
BFGS:   75 12:39:55    -3719.681113        0.100218
BFGS:   76 12:39:55    -3719.684615        0.125269
BFGS:   77 12:39:56    -3719.687980        0.168402
BFGS:   78 12:39:57    -3719.691932        0.159182
BFGS:   79 12:39:57    -3719.697354        0.124787
BFGS:   80 12:39:58    -3719.703629        0.127440
BFGS:   81 12:39:59    -3719.709977        0.112993
BFGS:   82 12:40:00    -3719.716015        0.119226
BFGS:   83 12:40:01    -3719.721502        0.085169
BFGS:   84 12:40:01    -3719.726198        0.098806
BFGS:   85 12:40:02    -3719.730163        0.105962
BFGS:   86 12:40:03    -3719.734304        0.104121
BFGS:   87 12:40:03    -3719.739256        0.117631
BFGS:   88 12:40:04    -3719.744294        0.119200
BFGS:   89 12:40:05    -3719.748279        0.086389
BFGS:   90 12:40:06    -3719.751118        0.074878
BFGS:   91 12:40:06    -3719.753724        0.073295
BFGS:   92 12:40:07    -3719.756838        0.081958
BFGS:   93 12:40:08    -3719.760407        0.103461
BFGS:   94 12:40:09    -3719.764105        0.115543
BFGS:   95 12:40:09    -3719.767568        0.100088
BFGS:   96 12:40:10    -3719.770519        0.076524
BFGS:   97 12:40:11    -3719.772939        0.076581
BFGS:   98 12:40:12    -3719.775055        0.107232
BFGS:   99 12:40:13    -3719.777336        0.099247
BFGS:  100 12:40:13    -3719.779873        0.088950
BFGS:  101 12:40:14    -3719.782217        0.068496
BFGS:  102 12:40:15    -3719.783917        0.065440
BFGS:  103 12:40:15    -3719.785124        0.068147
BFGS:  104 12:40:16    -3719.786215        0.052431
BFGS:  105 12:40:17    -3719.787220        0.051469
BFGS:  106 12:40:17    -3719.787930        0.031663
BFGS:  107 12:40:18    -3719.788368        0.033719
BFGS:  108 12:40:19    -3719.788764        0.038118
BFGS:  109 12:40:19    -3719.789315        0.039789
BFGS:  110 12:40:20    -3719.790130        0.052365
BFGS:  111 12:40:21    -3719.791144        0.076437
BFGS:  112 12:40:21    -3719.792255        0.079645
BFGS:  113 12:40:22    -3719.793364        0.059133
BFGS:  114 12:40:23    -3719.794398        0.045781
BFGS:  115 12:40:23    -3719.795392        0.047475
BFGS:  116 12:40:24    -3719.796303        0.071938
BFGS:  117 12:40:25    -3719.797111        0.069826
BFGS:  118 12:40:25    -3719.797715        0.040740
BFGS:  119 12:40:26    -3719.798104        0.023895
BFGS:  120 12:40:27    -3719.798355        0.021804
BFGS:  121 12:40:27    -3719.798569        0.031588
BFGS:  122 12:40:28    -3719.798795        0.034063
BFGS:  123 12:40:28    -3719.799025        0.031377
BFGS:  124 12:40:29    -3719.799226        0.029125
BFGS:  125 12:40:30    -3719.799380        0.019915
BFGS:  126 12:40:30    -3719.799503        0.020075
BFGS:  127 12:40:31    -3719.799592        0.018596
BFGS:  128 12:40:31    -3719.799656        0.017342
BFGS:  129 12:40:32    -3719.799689        0.013118
BFGS:  130 12:40:32    -3719.799712        0.006482
