      Step     Time          Energy          fmax
BFGS:    0 20:20:05    -2208.885537        7.633880
BFGS:    1 20:20:06    -2211.870669        5.311507
BFGS:    2 20:20:07    -2214.415935        4.387639
BFGS:    3 20:20:08    -2216.966662        3.706895
BFGS:    4 20:20:09    -2218.649287        8.581434
BFGS:    5 20:20:10    -2220.799125        7.536096
BFGS:    6 20:20:10    -2226.349292        8.612570
BFGS:    7 20:20:11    -2235.105160        6.840535
BFGS:    8 20:20:12    -2236.412893       24.332005
BFGS:    9 20:20:13    -2242.388034        6.248455
BFGS:   10 20:20:14    -2243.833693       11.432031
BFGS:   11 20:20:15    -2245.605326        5.689506
BFGS:   12 20:20:15    -2247.325933        6.118217
BFGS:   13 20:20:16    -2248.361334        5.102054
BFGS:   14 20:20:17    -2248.741656        2.122404
BFGS:   15 20:20:17    -2249.024481        0.934926
BFGS:   16 20:20:18    -2249.311533        1.362652
BFGS:   17 20:20:18    -2249.445666        1.422928
BFGS:   18 20:20:19    -2249.655801        0.999030
BFGS:   19 20:20:20    -2249.792812        0.938169
BFGS:   20 20:20:20    -2249.968748        0.816305
BFGS:   21 20:20:21    -2250.134121        0.893691
BFGS:   22 20:20:21    -2250.315166        1.060072
BFGS:   23 20:20:22    -2250.488314        1.126342
BFGS:   24 20:20:23    -2250.660109        1.115202
BFGS:   25 20:20:23    -2250.786176        0.986851
BFGS:   26 20:20:24    -2250.859571        0.813972
BFGS:   27 20:20:25    -2250.917878        0.721526
BFGS:   28 20:20:25    -2251.000330        0.876355
BFGS:   29 20:20:26    -2251.086927        0.827781
BFGS:   30 20:20:27    -2251.127379        1.221421
BFGS:   31 20:20:27    -2251.201653        0.706283
BFGS:   32 20:20:28    -2251.262141        0.839900
BFGS:   33 20:20:28    -2251.302525        0.570792
BFGS:   34 20:20:29    -2251.346702        0.537701
BFGS:   35 20:20:29    -2251.381951        0.415853
BFGS:   36 20:20:30    -2251.417789        0.472147
BFGS:   37 20:20:31    -2251.447383        0.335855
BFGS:   38 20:20:31    -2251.475764        0.429134
BFGS:   39 20:20:32    -2251.514618        0.512180
BFGS:   40 20:20:33    -2251.580935        0.779277
BFGS:   41 20:20:33    -2251.693717        1.035167
BFGS:   42 20:20:34    -2251.799466        1.055796
BFGS:   43 20:20:35    -2251.962296        0.813711
BFGS:   44 20:20:35    -2252.084289        0.620150
BFGS:   45 20:20:36    -2252.148760        0.569309
BFGS:   46 20:20:37    -2252.208073        0.557778
BFGS:   47 20:20:37    -2252.264281        0.669286
BFGS:   48 20:20:38    -2252.312888        0.709951
BFGS:   49 20:20:39    -2252.350467        0.458177
BFGS:   50 20:20:39    -2252.376987        0.333971
BFGS:   51 20:20:40    -2252.392139        0.288884
BFGS:   52 20:20:41    -2252.405593        0.394593
BFGS:   53 20:20:41    -2252.418074        0.404072
BFGS:   54 20:20:42    -2252.427936        0.279836
BFGS:   55 20:20:43    -2252.435530        0.320534
BFGS:   56 20:20:43    -2252.445971        0.414331
BFGS:   57 20:20:44    -2252.463658        0.722919
BFGS:   58 20:20:45    -2252.487001        0.809864
BFGS:   59 20:20:45    -2252.516417        0.526144
BFGS:   60 20:20:46    -2252.562017        0.594795
BFGS:   61 20:20:47    -2252.593534        0.619834
BFGS:   62 20:20:48    -2252.633938        0.925583
BFGS:   63 20:20:48    -2252.672767        0.545300
BFGS:   64 20:20:49    -2252.715075        0.432628
BFGS:   65 20:20:50    -2252.761854        0.852053
BFGS:   66 20:20:50    -2252.803916        0.950177
BFGS:   67 20:20:51    -2252.845748        0.526096
BFGS:   68 20:20:51    -2252.884203        0.372916
BFGS:   69 20:20:52    -2252.902961        0.450133
BFGS:   70 20:20:52    -2252.947610        0.757708
BFGS:   71 20:20:53    -2252.994447        0.704008
BFGS:   72 20:20:54    -2253.045720        0.442604
BFGS:   73 20:20:54    -2253.080261        0.597842
BFGS:   74 20:20:55    -2253.108981        0.584655
BFGS:   75 20:20:55    -2253.135778        0.401644
BFGS:   76 20:20:56    -2253.155546        0.386101
BFGS:   77 20:20:56    -2253.177379        0.352001
BFGS:   78 20:20:57    -2253.197268        0.431724
BFGS:   79 20:20:58    -2253.221492        0.455408
BFGS:   80 20:20:58    -2253.249034        0.467641
BFGS:   81 20:20:59    -2253.274645        0.382646
BFGS:   82 20:20:59    -2253.295831        0.377008
BFGS:   83 20:21:00    -2253.310703        0.340587
BFGS:   84 20:21:00    -2253.327825        0.312626
BFGS:   85 20:21:01    -2253.340125        0.218895
BFGS:   86 20:21:01    -2253.350962        0.262434
BFGS:   87 20:21:02    -2253.358353        0.254345
BFGS:   88 20:21:02    -2253.369473        0.210586
BFGS:   89 20:21:03    -2253.376071        0.160292
BFGS:   90 20:21:03    -2253.381516        0.180392
BFGS:   91 20:21:04    -2253.388280        0.199870
BFGS:   92 20:21:05    -2253.399979        0.338341
BFGS:   93 20:21:05    -2253.414824        0.349238
BFGS:   94 20:21:06    -2253.429691        0.277454
BFGS:   95 20:21:06    -2253.443560        0.246603
BFGS:   96 20:21:07    -2253.453561        0.232231
BFGS:   97 20:21:07    -2253.464803        0.268310
BFGS:   98 20:21:08    -2253.473821        0.204879
BFGS:   99 20:21:08    -2253.480175        0.140280
BFGS:  100 20:21:09    -2253.484223        0.101940
BFGS:  101 20:21:09    -2253.487764        0.135247
BFGS:  102 20:21:10    -2253.490209        0.106379
BFGS:  103 20:21:10    -2253.492070        0.069750
BFGS:  104 20:21:11    -2253.493715        0.080155
BFGS:  105 20:21:11    -2253.495670        0.087389
BFGS:  106 20:21:12    -2253.497439        0.090839
BFGS:  107 20:21:12    -2253.498655        0.060595
BFGS:  108 20:21:13    -2253.499409        0.042343
BFGS:  109 20:21:13    -2253.500014        0.050583
BFGS:  110 20:21:14    -2253.500544        0.057263
BFGS:  111 20:21:14    -2253.500964        0.049667
BFGS:  112 20:21:15    -2253.501299        0.034376
BFGS:  113 20:21:15    -2253.501598        0.028489
BFGS:  114 20:21:15    -2253.501844        0.035714
BFGS:  115 20:21:16    -2253.502013        0.027395
BFGS:  116 20:21:16    -2253.502141        0.021176
BFGS:  117 20:21:17    -2253.502277        0.026376
BFGS:  118 20:21:17    -2253.502441        0.026429
BFGS:  119 20:21:17    -2253.502612        0.029337
BFGS:  120 20:21:18    -2253.502784        0.027087
BFGS:  121 20:21:18    -2253.502980        0.027037
BFGS:  122 20:21:19    -2253.503247        0.036518
BFGS:  123 20:21:19    -2253.503588        0.041099
BFGS:  124 20:21:20    -2253.503969        0.035271
BFGS:  125 20:21:20    -2253.504368        0.044517
BFGS:  126 20:21:20    -2253.504859        0.050322
BFGS:  127 20:21:21    -2253.505637        0.075976
BFGS:  128 20:21:21    -2253.506991        0.103025
BFGS:  129 20:21:22    -2253.509334        0.110225
BFGS:  130 20:21:23    -2253.513006        0.114894
BFGS:  131 20:21:23    -2253.518423        0.138499
BFGS:  132 20:21:24    -2253.527478        0.218732
BFGS:  133 20:21:24    -2253.542137        0.329365
BFGS:  134 20:21:25    -2253.557804        0.666429
BFGS:  135 20:21:25    -2253.561731        1.423784
BFGS:  136 20:21:26    -2253.572098        0.875905
BFGS:  137 20:21:26    -2253.580329        1.140474
BFGS:  138 20:21:27    -2253.585909        1.246778
BFGS:  139 20:21:27    -2253.588779        1.222156
BFGS:  140 20:21:28    -2253.592317        1.180441
BFGS:  141 20:21:28    -2253.595268        1.133640
BFGS:  142 20:21:29    -2253.597572        1.061451
BFGS:  143 20:21:29    -2253.598942        1.031612
BFGS:  144 20:21:29    -2253.600303        1.013392
BFGS:  145 20:21:30    -2253.601952        1.012683
BFGS:  146 20:21:30    -2253.604148        1.034066
BFGS:  147 20:21:31    -2253.606781        1.072431
BFGS:  148 20:21:31    -2253.609950        1.128210
BFGS:  149 20:21:31    -2253.614126        1.185528
BFGS:  150 20:21:32    -2253.620860        1.267388
BFGS:  151 20:21:33    -2253.633416        1.395110
BFGS:  152 20:21:33    -2253.667719        1.781968
BFGS:  153 20:21:34    -2253.810691        1.381017
BFGS:  154 20:21:34    -2254.037666        2.453599
BFGS:  155 20:21:35    -2254.012897        4.073683
BFGS:  156 20:21:35    -2254.335831        2.355780
BFGS:  157 20:21:36    -2254.732277        1.538978
BFGS:  158 20:21:36    -2255.328237        2.354591
BFGS:  159 20:21:37    -2255.649359        2.264780
BFGS:  160 20:21:37    -2255.475067        2.951384
BFGS:  161 20:21:38    -2256.052115        2.476012
BFGS:  162 20:21:38    -2256.326969        2.833381
BFGS:  163 20:21:39    -2256.643671        1.387989
BFGS:  164 20:21:39    -2256.820649        1.033530
BFGS:  165 20:21:40    -2256.977303        0.810357
BFGS:  166 20:21:40    -2257.082068        0.679105
BFGS:  167 20:21:41    -2257.174258        0.647490
BFGS:  168 20:21:41    -2257.295901        0.886804
BFGS:  169 20:21:42    -2257.390036        0.947740
BFGS:  170 20:21:42    -2257.460499        0.903757
BFGS:  171 20:21:43    -2257.510053        0.900073
BFGS:  172 20:21:43    -2257.556153        0.918468
BFGS:  173 20:21:43    -2257.602049        0.920990
BFGS:  174 20:21:44    -2257.649118        0.985943
BFGS:  175 20:21:44    -2257.700944        1.150643
BFGS:  176 20:21:45    -2257.747386        1.278741
BFGS:  177 20:21:45    -2257.791799        1.319466
BFGS:  178 20:21:46    -2257.830883        1.386832
BFGS:  179 20:21:46    -2257.874031        1.505822
BFGS:  180 20:21:47    -2257.913419        1.579333
BFGS:  181 20:21:47    -2257.948117        1.662418
BFGS:  182 20:21:48    -2257.974271        1.690439
BFGS:  183 20:21:48    -2257.996656        1.718817
BFGS:  184 20:21:48    -2258.016866        1.720660
BFGS:  185 20:21:49    -2258.037584        1.780369
BFGS:  186 20:21:49    -2258.056484        1.840188
BFGS:  187 20:21:49    -2258.075841        1.985397
BFGS:  188 20:21:50    -2258.093286        2.103424
BFGS:  189 20:21:50    -2258.109041        2.253142
BFGS:  190 20:21:51    -2258.121867        2.316982
BFGS:  191 20:21:51    -2258.132621        2.360439
BFGS:  192 20:21:51    -2258.142572        2.357414
BFGS:  193 20:21:52    -2258.151450        2.363253
BFGS:  194 20:21:52    -2258.159337        2.381558
BFGS:  195 20:21:53    -2258.166298        2.422903
BFGS:  196 20:21:53    -2258.172748        2.478074
BFGS:  197 20:21:53    -2258.180832        2.561741
BFGS:  198 20:21:54    -2258.189161        2.639301
BFGS:  199 20:21:54    -2258.198139        2.722665
BFGS:  200 20:21:54    -2258.204514        2.743477
