      Step     Time          Energy          fmax
BFGS:    0 14:08:43    -2152.463690       14.116048
BFGS:    1 14:08:44    -2160.417903        7.453595
BFGS:    2 14:08:44    -2168.855679        8.718920
BFGS:    3 14:08:45    -2175.848353       15.075414
BFGS:    4 14:08:45    -2178.441166       17.067301
BFGS:    5 14:08:45    -2182.904551        7.167414
BFGS:    6 14:08:46    -2184.740669        3.953970
BFGS:    7 14:08:46    -2185.963621        1.910805
BFGS:    8 14:08:46    -2186.396323        2.133335
BFGS:    9 14:08:46    -2186.590853        2.584843
BFGS:   10 14:08:47    -2186.879895        1.607022
BFGS:   11 14:08:47    -2187.110746        2.070497
BFGS:   12 14:08:47    -2187.305567        1.370784
BFGS:   13 14:08:47    -2187.551595        1.664733
BFGS:   14 14:08:48    -2187.872214        2.011508
BFGS:   15 14:08:48    -2188.143008        1.516950
BFGS:   16 14:08:48    -2188.402467        1.262646
BFGS:   17 14:08:49    -2188.513814        0.856398
BFGS:   18 14:08:49    -2188.640156        1.199889
BFGS:   19 14:08:49    -2188.745349        0.884745
BFGS:   20 14:08:49    -2188.823787        0.656869
BFGS:   21 14:08:50    -2188.885746        0.618330
BFGS:   22 14:08:50    -2188.928307        0.500341
BFGS:   23 14:08:50    -2188.960157        0.481424
BFGS:   24 14:08:50    -2188.979027        0.259362
BFGS:   25 14:08:50    -2188.991847        0.265042
BFGS:   26 14:08:51    -2189.003609        0.269941
BFGS:   27 14:08:51    -2189.019696        0.257547
BFGS:   28 14:08:51    -2189.039379        0.277049
BFGS:   29 14:08:51    -2189.059026        0.298408
BFGS:   30 14:08:52    -2189.077258        0.312401
BFGS:   31 14:08:52    -2189.095947        0.291665
BFGS:   32 14:08:52    -2189.117766        0.324266
BFGS:   33 14:08:52    -2189.141924        0.403116
BFGS:   34 14:08:52    -2189.165674        0.427600
BFGS:   35 14:08:53    -2189.185765        0.361279
BFGS:   36 14:08:53    -2189.201358        0.228688
BFGS:   37 14:08:53    -2189.213611        0.210481
BFGS:   38 14:08:53    -2189.222508        0.183902
BFGS:   39 14:08:54    -2189.227850        0.147810
BFGS:   40 14:08:54    -2189.231276        0.109962
BFGS:   41 14:08:54    -2189.233964        0.094110
BFGS:   42 14:08:54    -2189.236103        0.093108
BFGS:   43 14:08:54    -2189.237752        0.070993
BFGS:   44 14:08:54    -2189.239106        0.067488
BFGS:   45 14:08:55    -2189.240318        0.064167
BFGS:   46 14:08:55    -2189.241502        0.060880
BFGS:   47 14:08:55    -2189.242738        0.062731
BFGS:   48 14:08:55    -2189.244129        0.080642
BFGS:   49 14:08:55    -2189.245679        0.076214
BFGS:   50 14:08:56    -2189.247345        0.088805
BFGS:   51 14:08:56    -2189.249176        0.102192
BFGS:   52 14:08:56    -2189.251507        0.123415
BFGS:   53 14:08:56    -2189.254973        0.173660
BFGS:   54 14:08:56    -2189.260358        0.188989
BFGS:   55 14:08:57    -2189.267998        0.238113
BFGS:   56 14:08:57    -2189.277223        0.232039
BFGS:   57 14:08:57    -2189.286760        0.222351
BFGS:   58 14:08:57    -2189.295954        0.198677
BFGS:   59 14:08:58    -2189.304759        0.215848
BFGS:   60 14:08:58    -2189.313045        0.241824
BFGS:   61 14:08:58    -2189.320120        0.156559
BFGS:   62 14:08:58    -2189.326543        0.187627
BFGS:   63 14:08:58    -2189.333858        0.214091
BFGS:   64 14:08:59    -2189.342705        0.294108
BFGS:   65 14:08:59    -2189.351776        0.279738
BFGS:   66 14:08:59    -2189.358649        0.142614
BFGS:   67 14:08:59    -2189.362876        0.125470
BFGS:   68 14:08:59    -2189.366461        0.172623
BFGS:   69 14:09:00    -2189.370940        0.189655
BFGS:   70 14:09:00    -2189.375923        0.132298
BFGS:   71 14:09:00    -2189.380662        0.123422
BFGS:   72 14:09:00    -2189.384952        0.147523
BFGS:   73 14:09:00    -2189.389060        0.189517
BFGS:   74 14:09:01    -2189.393078        0.169632
BFGS:   75 14:09:01    -2189.396614        0.136644
BFGS:   76 14:09:01    -2189.399649        0.130220
BFGS:   77 14:09:01    -2189.402689        0.174645
BFGS:   78 14:09:01    -2189.406434        0.161110
BFGS:   79 14:09:02    -2189.409636        0.119215
BFGS:   80 14:09:02    -2189.412426        0.107325
BFGS:   81 14:09:02    -2189.415297        0.139501
BFGS:   82 14:09:02    -2189.418825        0.166142
BFGS:   83 14:09:02    -2189.422807        0.128060
BFGS:   84 14:09:03    -2189.426343        0.118536
BFGS:   85 14:09:03    -2189.429247        0.107763
BFGS:   86 14:09:03    -2189.432303        0.139493
BFGS:   87 14:09:03    -2189.436093        0.144281
BFGS:   88 14:09:03    -2189.439792        0.120858
BFGS:   89 14:09:04    -2189.442291        0.087426
BFGS:   90 14:09:04    -2189.443771        0.077863
BFGS:   91 14:09:04    -2189.445101        0.092209
BFGS:   92 14:09:04    -2189.446820        0.085887
BFGS:   93 14:09:04    -2189.448896        0.092437
BFGS:   94 14:09:05    -2189.451233        0.105611
BFGS:   95 14:09:05    -2189.453850        0.118000
BFGS:   96 14:09:05    -2189.456662        0.145812
BFGS:   97 14:09:05    -2189.459151        0.119817
BFGS:   98 14:09:05    -2189.460921        0.073729
BFGS:   99 14:09:06    -2189.462342        0.083010
BFGS:  100 14:09:06    -2189.464001        0.097176
BFGS:  101 14:09:06    -2189.466019        0.108957
BFGS:  102 14:09:06    -2189.467978        0.090055
BFGS:  103 14:09:06    -2189.469581        0.073205
BFGS:  104 14:09:06    -2189.471165        0.086757
BFGS:  105 14:09:07    -2189.473201        0.110044
BFGS:  106 14:09:07    -2189.475713        0.117390
BFGS:  107 14:09:07    -2189.478262        0.104263
BFGS:  108 14:09:07    -2189.480423        0.108295
BFGS:  109 14:09:07    -2189.482436        0.096310
BFGS:  110 14:09:08    -2189.484554        0.119001
BFGS:  111 14:09:08    -2189.487316        0.086782
BFGS:  112 14:09:08    -2189.489006        0.072711
BFGS:  113 14:09:08    -2189.490855        0.078279
BFGS:  114 14:09:08    -2189.492754        0.099708
BFGS:  115 14:09:08    -2189.495095        0.100331
BFGS:  116 14:09:09    -2189.497380        0.087402
BFGS:  117 14:09:09    -2189.499342        0.062648
BFGS:  118 14:09:09    -2189.500798        0.064423
BFGS:  119 14:09:09    -2189.501911        0.052184
BFGS:  120 14:09:09    -2189.502797        0.056748
BFGS:  121 14:09:10    -2189.503564        0.053238
BFGS:  122 14:09:10    -2189.504262        0.048066
BFGS:  123 14:09:10    -2189.504940        0.053512
BFGS:  124 14:09:10    -2189.505609        0.049043
BFGS:  125 14:09:10    -2189.506307        0.063391
BFGS:  126 14:09:10    -2189.507054        0.066516
BFGS:  127 14:09:11    -2189.507839        0.065163
BFGS:  128 14:09:11    -2189.508645        0.055387
BFGS:  129 14:09:11    -2189.509457        0.046951
BFGS:  130 14:09:11    -2189.510325        0.067976
BFGS:  131 14:09:11    -2189.511280        0.063077
BFGS:  132 14:09:11    -2189.512264        0.058771
BFGS:  133 14:09:12    -2189.513183        0.051977
BFGS:  134 14:09:12    -2189.514020        0.055155
BFGS:  135 14:09:12    -2189.514858        0.061878
BFGS:  136 14:09:12    -2189.515747        0.047141
BFGS:  137 14:09:12    -2189.516736        0.052781
BFGS:  138 14:09:12    -2189.517915        0.075899
BFGS:  139 14:09:13    -2189.519455        0.085653
BFGS:  140 14:09:13    -2189.521512        0.090511
BFGS:  141 14:09:13    -2189.524206        0.108278
BFGS:  142 14:09:13    -2189.527593        0.119784
BFGS:  143 14:09:13    -2189.531759        0.115307
BFGS:  144 14:09:14    -2189.536665        0.134867
BFGS:  145 14:09:14    -2189.541903        0.124213
BFGS:  146 14:09:14    -2189.546503        0.129521
BFGS:  147 14:09:14    -2189.549768        0.114993
BFGS:  148 14:09:14    -2189.552098        0.088916
BFGS:  149 14:09:15    -2189.554132        0.084468
BFGS:  150 14:09:15    -2189.555932        0.089283
BFGS:  151 14:09:15    -2189.557107        0.098722
BFGS:  152 14:09:15    -2189.558382        0.067619
BFGS:  153 14:09:15    -2189.559316        0.067522
BFGS:  154 14:09:16    -2189.560413        0.052924
BFGS:  155 14:09:16    -2189.561308        0.058939
BFGS:  156 14:09:16    -2189.562520        0.065055
BFGS:  157 14:09:16    -2189.563580        0.066988
BFGS:  158 14:09:16    -2189.564700        0.066355
BFGS:  159 14:09:16    -2189.566029        0.078740
BFGS:  160 14:09:17    -2189.567645        0.085629
BFGS:  161 14:09:17    -2189.569281        0.069867
BFGS:  162 14:09:17    -2189.570552        0.077040
BFGS:  163 14:09:17    -2189.571346        0.044925
BFGS:  164 14:09:17    -2189.571881        0.042830
BFGS:  165 14:09:17    -2189.572377        0.047379
BFGS:  166 14:09:18    -2189.572947        0.042686
BFGS:  167 14:09:18    -2189.573646        0.046709
BFGS:  168 14:09:18    -2189.574408        0.061554
BFGS:  169 14:09:18    -2189.575278        0.064229
BFGS:  170 14:09:18    -2189.576280        0.072281
BFGS:  171 14:09:18    -2189.577581        0.086324
BFGS:  172 14:09:19    -2189.579388        0.094457
BFGS:  173 14:09:19    -2189.581809        0.100050
BFGS:  174 14:09:19    -2189.584394        0.097193
BFGS:  175 14:09:19    -2189.586322        0.128489
BFGS:  176 14:09:19    -2189.587175        0.103399
BFGS:  177 14:09:20    -2189.587837        0.056788
BFGS:  178 14:09:20    -2189.588202        0.037060
BFGS:  179 14:09:20    -2189.588469        0.043946
BFGS:  180 14:09:20    -2189.588649        0.035138
BFGS:  181 14:09:20    -2189.588885        0.032648
BFGS:  182 14:09:20    -2189.589087        0.027294
BFGS:  183 14:09:21    -2189.589219        0.022418
BFGS:  184 14:09:21    -2189.589301        0.019297
BFGS:  185 14:09:21    -2189.589363        0.017209
BFGS:  186 14:09:21    -2189.589432        0.016667
BFGS:  187 14:09:21    -2189.589501        0.016471
BFGS:  188 14:09:21    -2189.589574        0.023145
BFGS:  189 14:09:21    -2189.589641        0.020627
BFGS:  190 14:09:22    -2189.589695        0.012051
BFGS:  191 14:09:22    -2189.589730        0.011091
BFGS:  192 14:09:22    -2189.589757        0.011186
BFGS:  193 14:09:22    -2189.589782        0.014133
BFGS:  194 14:09:22    -2189.589814        0.013762
BFGS:  195 14:09:22    -2189.589851        0.014358
BFGS:  196 14:09:22    -2189.589894        0.015718
BFGS:  197 14:09:22    -2189.589946        0.017923
BFGS:  198 14:09:23    -2189.590016        0.018273
BFGS:  199 14:09:23    -2189.590110        0.017474
BFGS:  200 14:09:23    -2189.590220        0.026005
