      Step     Time          Energy          fmax
BFGS:    0 13:08:05    -2771.843859       11.070073
BFGS:    1 13:08:06    -2782.047184        8.865572
BFGS:    2 13:08:07    -2786.164369        6.978161
BFGS:    3 13:08:07    -2788.269833        4.118977
BFGS:    4 13:08:08    -2789.592668        3.183388
BFGS:    5 13:08:09    -2790.758595        2.636253
BFGS:    6 13:08:09    -2791.370016        2.027003
BFGS:    7 13:08:10    -2791.858879        2.258449
BFGS:    8 13:08:10    -2792.131446        1.477744
BFGS:    9 13:08:11    -2792.422793        1.331563
BFGS:   10 13:08:11    -2792.631786        0.939306
BFGS:   11 13:08:12    -2792.786560        0.738039
BFGS:   12 13:08:13    -2792.949653        0.914219
BFGS:   13 13:08:13    -2793.090336        0.883372
BFGS:   14 13:08:14    -2793.214846        0.811259
BFGS:   15 13:08:14    -2793.332770        0.713579
BFGS:   16 13:08:15    -2793.445304        0.655396
BFGS:   17 13:08:15    -2793.570332        0.769076
BFGS:   18 13:08:16    -2793.671431        1.044012
BFGS:   19 13:08:17    -2793.744587        1.429042
BFGS:   20 13:08:17    -2793.836897        1.105243
BFGS:   21 13:08:18    -2794.021111        1.609865
BFGS:   22 13:08:19    -2794.271314        4.177117
BFGS:   23 13:08:19    -2794.515578        3.260579
BFGS:   24 13:08:20    -2795.389139        2.056332
BFGS:   25 13:08:21    -2795.913770        2.222744
BFGS:   26 13:08:21    -2796.230163        2.794528
BFGS:   27 13:08:22    -2796.558838        1.636223
BFGS:   28 13:08:23    -2796.853439        2.473859
BFGS:   29 13:08:23    -2797.110080        4.890182
BFGS:   30 13:08:24    -2797.505257        3.365886
BFGS:   31 13:08:25    -2797.915322        2.983372
BFGS:   32 13:08:25    -2798.188649        2.139105
BFGS:   33 13:08:26    -2798.268774        0.999389
BFGS:   34 13:08:26    -2798.303141        0.490728
BFGS:   35 13:08:27    -2798.326699        0.509747
BFGS:   36 13:08:27    -2798.348183        0.598528
BFGS:   37 13:08:28    -2798.373569        0.310375
BFGS:   38 13:08:28    -2798.384653        0.208550
BFGS:   39 13:08:29    -2798.395861        0.273150
BFGS:   40 13:08:29    -2798.405087        0.352990
BFGS:   41 13:08:29    -2798.414374        0.306608
BFGS:   42 13:08:30    -2798.421933        0.151779
BFGS:   43 13:08:30    -2798.428210        0.156370
BFGS:   44 13:08:31    -2798.433897        0.149404
BFGS:   45 13:08:31    -2798.439780        0.154036
BFGS:   46 13:08:32    -2798.445772        0.157803
BFGS:   47 13:08:32    -2798.451987        0.136955
BFGS:   48 13:08:32    -2798.458087        0.146213
BFGS:   49 13:08:33    -2798.463560        0.154344
BFGS:   50 13:08:33    -2798.468044        0.133348
BFGS:   51 13:08:34    -2798.471890        0.145678
BFGS:   52 13:08:34    -2798.475750        0.176074
BFGS:   53 13:08:34    -2798.479913        0.173769
BFGS:   54 13:08:35    -2798.484310        0.128832
BFGS:   55 13:08:35    -2798.488683        0.128006
BFGS:   56 13:08:36    -2798.493056        0.147896
BFGS:   57 13:08:36    -2798.497761        0.182223
BFGS:   58 13:08:36    -2798.503246        0.183238
BFGS:   59 13:08:37    -2798.509835        0.203109
BFGS:   60 13:08:37    -2798.518164        0.220806
BFGS:   61 13:08:38    -2798.529183        0.244076
BFGS:   62 13:08:38    -2798.543315        0.342742
BFGS:   63 13:08:39    -2798.559083        0.326192
BFGS:   64 13:08:39    -2798.573998        0.248496
BFGS:   65 13:08:40    -2798.587520        0.255622
BFGS:   66 13:08:40    -2798.600902        0.304633
BFGS:   67 13:08:41    -2798.614434        0.348520
BFGS:   68 13:08:41    -2798.626097        0.269730
BFGS:   69 13:08:42    -2798.633823        0.153196
BFGS:   70 13:08:42    -2798.638186        0.129836
BFGS:   71 13:08:42    -2798.640863        0.101202
BFGS:   72 13:08:43    -2798.642948        0.082332
BFGS:   73 13:08:43    -2798.644597        0.079651
BFGS:   74 13:08:44    -2798.645794        0.057768
BFGS:   75 13:08:44    -2798.646629        0.049884
BFGS:   76 13:08:44    -2798.647283        0.048615
BFGS:   77 13:08:45    -2798.647905        0.044131
BFGS:   78 13:08:45    -2798.648543        0.054013
BFGS:   79 13:08:46    -2798.649160        0.048219
BFGS:   80 13:08:46    -2798.649726        0.038013
BFGS:   81 13:08:46    -2798.650281        0.044964
BFGS:   82 13:08:47    -2798.650901        0.045711
BFGS:   83 13:08:47    -2798.651704        0.064144
BFGS:   84 13:08:48    -2798.652767        0.082367
BFGS:   85 13:08:48    -2798.654072        0.079312
BFGS:   86 13:08:48    -2798.655354        0.051094
BFGS:   87 13:08:49    -2798.656322        0.049506
BFGS:   88 13:08:49    -2798.657003        0.051644
BFGS:   89 13:08:50    -2798.657625        0.050578
BFGS:   90 13:08:50    -2798.658349        0.052652
BFGS:   91 13:08:50    -2798.659181        0.064140
BFGS:   92 13:08:51    -2798.660014        0.079105
BFGS:   93 13:08:51    -2798.660901        0.078885
BFGS:   94 13:08:52    -2798.662064        0.075825
BFGS:   95 13:08:52    -2798.663656        0.104739
BFGS:   96 13:08:52    -2798.665631        0.106006
BFGS:   97 13:08:53    -2798.667567        0.104726
BFGS:   98 13:08:53    -2798.669453        0.100225
BFGS:   99 13:08:54    -2798.671514        0.108073
BFGS:  100 13:08:54    -2798.674377        0.168289
BFGS:  101 13:08:55    -2798.677066        0.140338
BFGS:  102 13:08:55    -2798.678824        0.066490
BFGS:  103 13:08:55    -2798.679558        0.048759
BFGS:  104 13:08:56    -2798.680013        0.044175
BFGS:  105 13:08:56    -2798.680356        0.027172
BFGS:  106 13:08:57    -2798.680574        0.028720
BFGS:  107 13:08:57    -2798.680744        0.027410
BFGS:  108 13:08:57    -2798.680964        0.025820
BFGS:  109 13:08:58    -2798.681258        0.031674
BFGS:  110 13:08:58    -2798.681604        0.035646
BFGS:  111 13:08:58    -2798.681995        0.035100
BFGS:  112 13:08:59    -2798.682523        0.048025
BFGS:  113 13:08:59    -2798.683374        0.065090
BFGS:  114 13:09:00    -2798.684763        0.075516
BFGS:  115 13:09:00    -2798.686666        0.084241
BFGS:  116 13:09:00    -2798.688801        0.102721
BFGS:  117 13:09:01    -2798.691041        0.110466
BFGS:  118 13:09:01    -2798.693794        0.107252
BFGS:  119 13:09:02    -2798.697597        0.113264
BFGS:  120 13:09:02    -2798.702674        0.132664
BFGS:  121 13:09:03    -2798.705957        0.192387
BFGS:  122 13:09:03    -2798.712161        0.219684
BFGS:  123 13:09:04    -2798.717021        0.201427
BFGS:  124 13:09:04    -2798.728122        0.195752
BFGS:  125 13:09:05    -2798.734588        0.201629
BFGS:  126 13:09:05    -2798.746063        0.214502
BFGS:  127 13:09:06    -2798.762116        0.157950
BFGS:  128 13:09:06    -2798.769543        0.173192
BFGS:  129 13:09:06    -2798.774428        0.185918
BFGS:  130 13:09:07    -2798.782073        0.176728
BFGS:  131 13:09:07    -2798.790968        0.336184
BFGS:  132 13:09:08    -2798.795937        0.148976
BFGS:  133 13:09:08    -2798.799624        0.111332
BFGS:  134 13:09:09    -2798.804792        0.152060
BFGS:  135 13:09:09    -2798.807032        0.130906
BFGS:  136 13:09:09    -2798.810226        0.108718
BFGS:  137 13:09:10    -2798.812274        0.068611
BFGS:  138 13:09:10    -2798.815090        0.084967
BFGS:  139 13:09:11    -2798.819755        0.130010
BFGS:  140 13:09:11    -2798.825191        0.159100
BFGS:  141 13:09:12    -2798.832043        0.154682
BFGS:  142 13:09:12    -2798.841142        0.178486
BFGS:  143 13:09:12    -2798.844941        0.340669
BFGS:  144 13:09:13    -2798.858957        0.303964
BFGS:  145 13:09:14    -2798.865903        0.286152
BFGS:  146 13:09:14    -2798.867637        0.313630
BFGS:  147 13:09:14    -2798.876411        0.121115
BFGS:  148 13:09:15    -2798.879458        0.221136
BFGS:  149 13:09:15    -2798.884405        0.161875
BFGS:  150 13:09:16    -2798.891156        0.320122
BFGS:  151 13:09:16    -2798.891777        0.235402
BFGS:  152 13:09:17    -2798.891677        0.567793
BFGS:  153 13:09:17    -2798.899462        0.218210
BFGS:  154 13:09:17    -2798.901757        0.147202
BFGS:  155 13:09:18    -2798.903428        0.071302
BFGS:  156 13:09:18    -2798.905240        0.092509
BFGS:  157 13:09:19    -2798.905789        0.089131
BFGS:  158 13:09:19    -2798.906347        0.057593
BFGS:  159 13:09:19    -2798.907204        0.094580
BFGS:  160 13:09:20    -2798.907656        0.057038
BFGS:  161 13:09:20    -2798.908085        0.031763
BFGS:  162 13:09:20    -2798.908386        0.052406
BFGS:  163 13:09:21    -2798.908611        0.056362
BFGS:  164 13:09:21    -2798.908806        0.030185
BFGS:  165 13:09:21    -2798.908986        0.032746
BFGS:  166 13:09:21    -2798.909152        0.033676
BFGS:  167 13:09:22    -2798.909389        0.029974
BFGS:  168 13:09:22    -2798.909640        0.029134
BFGS:  169 13:09:23    -2798.909902        0.026514
BFGS:  170 13:09:23    -2798.910090        0.025089
BFGS:  171 13:09:23    -2798.910219        0.041533
BFGS:  172 13:09:23    -2798.910326        0.021114
BFGS:  173 13:09:24    -2798.910432        0.014622
BFGS:  174 13:09:24    -2798.910543        0.018322
BFGS:  175 13:09:24    -2798.910598        0.018300
BFGS:  176 13:09:25    -2798.910661        0.022306
BFGS:  177 13:09:25    -2798.910724        0.023458
BFGS:  178 13:09:25    -2798.910798        0.016212
BFGS:  179 13:09:26    -2798.910858        0.013476
BFGS:  180 13:09:26    -2798.910909        0.012383
BFGS:  181 13:09:26    -2798.910953        0.016035
BFGS:  182 13:09:26    -2798.910995        0.017864
BFGS:  183 13:09:27    -2798.911030        0.016578
BFGS:  184 13:09:27    -2798.911053        0.011502
BFGS:  185 13:09:27    -2798.911071        0.008647
