      Step     Time          Energy          fmax
BFGS:    0 20:16:01    -3633.689041      318.353918
BFGS:    1 20:16:04    -3704.728347       42.380329
BFGS:    2 20:16:06    -3715.089529       82.267605
BFGS:    3 20:16:09    -3725.969154       34.753181
BFGS:    4 20:16:11    -3729.216117       16.292469
BFGS:    5 20:16:13    -3730.369806        8.510391
BFGS:    6 20:16:15    -3730.994003        4.106423
BFGS:    7 20:16:17    -3731.591513        1.472354
BFGS:    8 20:16:19    -3731.944465        2.614746
BFGS:    9 20:16:22    -3732.167617        3.156745
BFGS:   10 20:16:23    -3732.360083        3.461080
BFGS:   11 20:16:26    -3732.581156        3.185972
BFGS:   12 20:16:28    -3732.784900        2.539894
BFGS:   13 20:16:30    -3733.011350        1.852282
BFGS:   14 20:16:32    -3733.208447        0.904085
BFGS:   15 20:16:34    -3733.338339        0.815923
BFGS:   16 20:16:36    -3733.411920        0.722367
BFGS:   17 20:16:38    -3733.454769        0.417231
BFGS:   18 20:16:40    -3733.497256        0.359714
BFGS:   19 20:16:42    -3733.538077        0.435637
BFGS:   20 20:16:44    -3733.567354        0.602448
BFGS:   21 20:16:46    -3733.589558        0.599436
BFGS:   22 20:16:48    -3733.608822        0.419132
BFGS:   23 20:16:50    -3733.620806        0.308027
BFGS:   24 20:16:52    -3733.629189        0.181656
BFGS:   25 20:16:53    -3733.636865        0.153882
BFGS:   26 20:16:55    -3733.644941        0.189047
BFGS:   27 20:16:57    -3733.652863        0.230700
BFGS:   28 20:16:59    -3733.660872        0.226188
BFGS:   29 20:17:00    -3733.671193        0.220072
BFGS:   30 20:17:02    -3733.686497        0.324562
BFGS:   31 20:17:04    -3733.706556        0.395265
BFGS:   32 20:17:06    -3733.726097        0.298822
BFGS:   33 20:17:08    -3733.740777        0.352842
BFGS:   34 20:17:09    -3733.751742        0.326440
BFGS:   35 20:17:11    -3733.762611        0.247408
BFGS:   36 20:17:13    -3733.774555        0.234053
BFGS:   37 20:17:15    -3733.784195        0.155829
BFGS:   38 20:17:16    -3733.791009        0.228378
BFGS:   39 20:17:18    -3733.796379        0.207235
BFGS:   40 20:17:20    -3733.801168        0.191009
BFGS:   41 20:17:21    -3733.805612        0.179005
BFGS:   42 20:17:23    -3733.810114        0.138163
BFGS:   43 20:17:24    -3733.814687        0.161476
BFGS:   44 20:17:26    -3733.819025        0.158089
BFGS:   45 20:17:28    -3733.822684        0.109028
BFGS:   46 20:17:30    -3733.825441        0.066095
BFGS:   47 20:17:31    -3733.827563        0.063975
BFGS:   48 20:17:33    -3733.829460        0.078400
BFGS:   49 20:17:34    -3733.831242        0.099302
BFGS:   50 20:17:36    -3733.832816        0.108846
BFGS:   51 20:17:38    -3733.834134        0.091228
BFGS:   52 20:17:39    -3733.835187        0.068044
BFGS:   53 20:17:41    -3733.836032        0.050405
BFGS:   54 20:17:42    -3733.836727        0.053709
BFGS:   55 20:17:44    -3733.837294        0.056694
BFGS:   56 20:17:45    -3733.837778        0.049405
BFGS:   57 20:17:47    -3733.838258        0.028767
BFGS:   58 20:17:48    -3733.838850        0.041604
BFGS:   59 20:17:50    -3733.839675        0.056927
BFGS:   60 20:17:52    -3733.840913        0.075297
BFGS:   61 20:17:53    -3733.842596        0.085162
BFGS:   62 20:17:55    -3733.844878        0.095692
BFGS:   63 20:17:57    -3733.847612        0.101294
BFGS:   64 20:17:59    -3733.851254        0.092779
BFGS:   65 20:18:02    -3733.858867        0.208176
BFGS:   66 20:18:04    -3733.879341        0.574812
BFGS:   67 20:18:07    -3733.869321        1.042393
BFGS:   68 20:18:09    -3733.905307        0.650891
BFGS:   69 20:18:11    -3733.932005        0.583806
BFGS:   70 20:18:14    -3734.040051        0.557269
BFGS:   71 20:18:16    -3734.102481        0.555386
BFGS:   72 20:18:19    -3734.128352        0.469489
BFGS:   73 20:18:21    -3734.151701        0.420656
BFGS:   74 20:18:23    -3734.173566        0.227825
BFGS:   75 20:18:26    -3734.195282        0.251349
BFGS:   76 20:18:28    -3734.206126        0.232283
BFGS:   77 20:18:30    -3734.219635        0.188406
BFGS:   78 20:18:32    -3734.231059        0.153390
BFGS:   79 20:18:34    -3734.239642        0.148001
BFGS:   80 20:18:36    -3734.248103        0.145251
BFGS:   81 20:18:38    -3734.255082        0.146497
BFGS:   82 20:18:40    -3734.262284        0.158988
BFGS:   83 20:18:42    -3734.271389        0.192629
BFGS:   84 20:18:44    -3734.283514        0.178376
BFGS:   85 20:18:46    -3734.297278        0.191715
BFGS:   86 20:18:48    -3734.310536        0.167312
BFGS:   87 20:18:50    -3734.322317        0.175789
BFGS:   88 20:18:52    -3734.333367        0.199784
BFGS:   89 20:18:55    -3734.344483        0.199554
BFGS:   90 20:18:57    -3734.354013        0.143289
BFGS:   91 20:18:58    -3734.361963        0.126714
BFGS:   92 20:19:00    -3734.368618        0.093180
BFGS:   93 20:19:02    -3734.373421        0.094788
BFGS:   94 20:19:04    -3734.376767        0.121654
BFGS:   95 20:19:05    -3734.379365        0.112087
BFGS:   96 20:19:07    -3734.381670        0.083576
BFGS:   97 20:19:09    -3734.384328        0.070439
BFGS:   98 20:19:11    -3734.386507        0.079070
BFGS:   99 20:19:12    -3734.388842        0.069964
BFGS:  100 20:19:14    -3734.390502        0.050911
BFGS:  101 20:19:15    -3734.391865        0.052329
BFGS:  102 20:19:17    -3734.393187        0.064934
BFGS:  103 20:19:19    -3734.394599        0.067830
BFGS:  104 20:19:20    -3734.395806        0.065409
BFGS:  105 20:19:22    -3734.396711        0.059532
BFGS:  106 20:19:24    -3734.397479        0.048741
BFGS:  107 20:19:26    -3734.398234        0.049718
BFGS:  108 20:19:27    -3734.398910        0.037541
BFGS:  109 20:19:29    -3734.399452        0.029427
BFGS:  110 20:19:31    -3734.399922        0.035072
BFGS:  111 20:19:33    -3734.400440        0.042210
BFGS:  112 20:19:34    -3734.400990        0.040079
BFGS:  113 20:19:36    -3734.401556        0.037684
BFGS:  114 20:19:38    -3734.402053        0.038771
BFGS:  115 20:19:40    -3734.402614        0.046715
BFGS:  116 20:19:41    -3734.403282        0.053278
BFGS:  117 20:19:43    -3734.404115        0.055904
BFGS:  118 20:19:45    -3734.405103        0.056918
BFGS:  119 20:19:48    -3734.406319        0.067185
BFGS:  120 20:19:50    -3734.407865        0.076284
BFGS:  121 20:19:52    -3734.409728        0.081576
BFGS:  122 20:19:54    -3734.411771        0.079071
BFGS:  123 20:19:57    -3734.413904        0.064469
BFGS:  124 20:19:59    -3734.416233        0.093356
BFGS:  125 20:20:01    -3734.418805        0.094515
BFGS:  126 20:20:03    -3734.421641        0.093105
BFGS:  127 20:20:05    -3734.424839        0.080971
BFGS:  128 20:20:07    -3734.428306        0.110680
BFGS:  129 20:20:09    -3734.431049        0.157618
BFGS:  130 20:20:11    -3734.433582        0.128330
BFGS:  131 20:20:13    -3734.436675        0.076101
BFGS:  132 20:20:15    -3734.440252        0.081611
BFGS:  133 20:20:17    -3734.442446        0.094720
BFGS:  134 20:20:19    -3734.446509        0.111173
BFGS:  135 20:20:21    -3734.449809        0.086550
BFGS:  136 20:20:24    -3734.452321        0.067854
BFGS:  137 20:20:26    -3734.453938        0.081201
BFGS:  138 20:20:27    -3734.455619        0.064356
BFGS:  139 20:20:29    -3734.457088        0.039276
BFGS:  140 20:20:31    -3734.457674        0.031284
BFGS:  141 20:20:32    -3734.458129        0.025482
BFGS:  142 20:20:34    -3734.458402        0.022773
BFGS:  143 20:20:35    -3734.458628        0.022815
BFGS:  144 20:20:36    -3734.458860        0.026829
BFGS:  145 20:20:38    -3734.459082        0.028005
BFGS:  146 20:20:40    -3734.459267        0.018982
BFGS:  147 20:20:41    -3734.459409        0.018953
BFGS:  148 20:20:42    -3734.459555        0.018608
BFGS:  149 20:20:43    -3734.459709        0.019736
BFGS:  150 20:20:44    -3734.459866        0.020058
BFGS:  151 20:20:46    -3734.460038        0.022963
BFGS:  152 20:20:47    -3734.460227        0.022550
BFGS:  153 20:20:48    -3734.460437        0.028785
BFGS:  154 20:20:50    -3734.460632        0.029825
BFGS:  155 20:20:51    -3734.460784        0.020904
BFGS:  156 20:20:52    -3734.460907        0.017838
BFGS:  157 20:20:53    -3734.461040        0.020619
BFGS:  158 20:20:55    -3734.461209        0.026868
BFGS:  159 20:20:56    -3734.461404        0.025807
BFGS:  160 20:20:57    -3734.461602        0.027500
BFGS:  161 20:20:59    -3734.461776        0.022602
BFGS:  162 20:21:00    -3734.461938        0.021090
BFGS:  163 20:21:02    -3734.462093        0.022543
BFGS:  164 20:21:03    -3734.462236        0.018691
BFGS:  165 20:21:05    -3734.462368        0.015538
BFGS:  166 20:21:06    -3734.462472        0.015906
BFGS:  167 20:21:08    -3734.462579        0.019065
BFGS:  168 20:21:09    -3734.462688        0.017577
BFGS:  169 20:21:10    -3734.462813        0.015838
BFGS:  170 20:21:11    -3734.462934        0.020529
BFGS:  171 20:21:13    -3734.463064        0.025752
BFGS:  172 20:21:14    -3734.463185        0.022608
BFGS:  173 20:21:16    -3734.463303        0.017531
BFGS:  174 20:21:17    -3734.463421        0.019376
BFGS:  175 20:21:18    -3734.463540        0.020037
BFGS:  176 20:21:20    -3734.463683        0.020959
BFGS:  177 20:21:21    -3734.463850        0.020460
BFGS:  178 20:21:23    -3734.464015        0.019690
BFGS:  179 20:21:24    -3734.464155        0.016915
BFGS:  180 20:21:26    -3734.464247        0.014018
BFGS:  181 20:21:27    -3734.464309        0.013028
BFGS:  182 20:21:28    -3734.464351        0.012005
BFGS:  183 20:21:29    -3734.464385        0.008865
