      Step     Time          Energy          fmax
BFGS:    0 10:24:15    -2324.507096      497.193023
BFGS:    1 10:24:16    -2403.097516      208.999121
BFGS:    2 10:24:17    -2420.931214      211.480264
BFGS:    3 10:24:17    -2439.637468      134.651573
BFGS:    4 10:24:18    -2450.147032       84.069045
BFGS:    5 10:24:20    -2457.629607       47.747881
BFGS:    6 10:24:21    -2464.064903       27.228599
BFGS:    7 10:24:23    -2468.979304       20.691245
BFGS:    8 10:24:24    -2472.423092       16.903073
BFGS:    9 10:24:25    -2474.674048       13.177787
BFGS:   10 10:24:26    -2475.829608        9.013325
BFGS:   11 10:24:27    -2476.283945        7.304708
BFGS:   12 10:24:28    -2477.552142        4.933026
BFGS:   13 10:24:29    -2478.348526        2.642925
BFGS:   14 10:24:30    -2478.797870        1.913998
BFGS:   15 10:24:31    -2479.055890        2.194053
BFGS:   16 10:24:32    -2479.189305        3.292730
BFGS:   17 10:24:33    -2479.224453        3.747604
BFGS:   18 10:24:33    -2479.230380        3.624724
BFGS:   19 10:24:34    -2479.244723        3.269735
BFGS:   20 10:24:34    -2479.260242        3.053007
BFGS:   21 10:24:35    -2479.313164        2.719958
BFGS:   22 10:24:36    -2479.410418        2.716866
BFGS:   23 10:24:36    -2479.507342        2.889772
BFGS:   24 10:24:37    -2479.606071        2.767370
BFGS:   25 10:24:37    -2479.718182        1.815467
BFGS:   26 10:24:38    -2479.765267        2.072654
BFGS:   27 10:24:39    -2479.778785        2.006922
BFGS:   28 10:24:39    -2479.799101        1.897151
BFGS:   29 10:24:40    -2479.855875        1.537508
BFGS:   30 10:24:41    -2479.921703        1.121380
BFGS:   31 10:24:42    -2479.996538        0.805911
BFGS:   32 10:24:43    -2480.113489        0.444422
BFGS:   33 10:24:44    -2480.151105        0.289540
BFGS:   34 10:24:44    -2480.154562        0.101256
BFGS:   35 10:24:45    -2480.155368        0.034879
BFGS:   36 10:24:45    -2480.155489        0.036733
BFGS:   37 10:24:46    -2480.155523        0.036415
BFGS:   38 10:24:46    -2480.155830        0.063080
BFGS:   39 10:24:47    -2480.157023        0.180009
BFGS:   40 10:24:47    -2480.166122        0.792689
BFGS:   41 10:24:48    -2480.250451        0.670566
BFGS:   42 10:24:50    -2480.329434        1.366022
BFGS:   43 10:24:51    -2480.485963        2.546027
BFGS:   44 10:24:51    -2480.711774        2.498104
BFGS:   45 10:24:52    -2480.938801        2.142954
BFGS:   46 10:24:53    -2481.122708        1.602228
BFGS:   47 10:24:53    -2481.247101        1.112468
BFGS:   48 10:24:54    -2481.330378        0.646824
BFGS:   49 10:24:55    -2481.377546        0.329570
BFGS:   50 10:24:56    -2481.405111        0.298525
BFGS:   51 10:24:56    -2481.412871        0.276890
BFGS:   52 10:24:57    -2481.418877        0.279009
BFGS:   53 10:24:57    -2481.426295        0.325301
BFGS:   54 10:24:58    -2481.439780        0.400425
BFGS:   55 10:24:59    -2481.457680        0.379735
BFGS:   56 10:25:00    -2481.475303        0.245946
BFGS:   57 10:25:00    -2481.488899        0.213468
BFGS:   58 10:25:01    -2481.490319        0.205857
BFGS:   59 10:25:01    -2481.492808        0.189702
BFGS:   60 10:25:02    -2481.498104        0.168123
BFGS:   61 10:25:03    -2481.509798        0.152159
BFGS:   62 10:25:04    -2481.527854        0.178564
BFGS:   63 10:25:05    -2481.539517        0.181280
BFGS:   64 10:25:06    -2481.549262        0.151550
BFGS:   65 10:25:06    -2481.559925        0.118809
BFGS:   66 10:25:07    -2481.561091        0.176594
BFGS:   67 10:25:08    -2481.563985        0.102160
BFGS:   68 10:25:08    -2481.564668        0.107432
BFGS:   69 10:25:09    -2481.565411        0.105259
BFGS:   70 10:25:09    -2481.567684        0.117617
BFGS:   71 10:25:10    -2481.569587        0.140233
BFGS:   72 10:25:10    -2481.573955        0.184600
BFGS:   73 10:25:11    -2481.583749        0.212663
BFGS:   74 10:25:12    -2481.595739        0.127726
BFGS:   75 10:25:12    -2481.604453        0.079984
BFGS:   76 10:25:13    -2481.606101        0.167727
BFGS:   77 10:25:14    -2481.608114        0.098552
BFGS:   78 10:25:14    -2481.608754        0.035443
BFGS:   79 10:25:15    -2481.609412        0.019166
BFGS:   80 10:25:15    -2481.609942        0.025522
BFGS:   81 10:25:16    -2481.610074        0.009405
