      Step     Time          Energy          fmax
BFGS:    0 13:40:59     -948.649317     2250.158343
BFGS:    1 13:41:00    -2072.597615      313.955698
BFGS:    2 13:41:01    -1983.198849     1680.872503
BFGS:    3 13:41:01    -2058.749730     1096.648850
BFGS:    4 13:41:02    -2175.741180      421.256649
BFGS:    5 13:41:03    -2206.414334      503.403033
BFGS:    6 13:41:03    -2265.098575      208.267776
BFGS:    7 13:41:04    -2308.338307       40.868036
BFGS:    8 13:41:05    -2319.213859       46.606894
BFGS:    9 13:41:05    -2329.433813       13.165952
BFGS:   10 13:41:06    -2334.793048       11.511028
BFGS:   11 13:41:06    -2337.382028        8.457016
BFGS:   12 13:41:07    -2339.097934        6.621357
BFGS:   13 13:41:07    -2341.027138        7.252051
BFGS:   14 13:41:08    -2342.087559        5.600714
BFGS:   15 13:41:08    -2342.974899        4.789127
BFGS:   16 13:41:09    -2343.743180        4.204873
BFGS:   17 13:41:09    -2344.392923        4.574951
BFGS:   18 13:41:10    -2344.898011        4.346178
BFGS:   19 13:41:10    -2345.291587        5.119696
BFGS:   20 13:41:11    -2345.561294        4.710207
BFGS:   21 13:41:11    -2345.816077        3.467499
BFGS:   22 13:41:12    -2346.050427        2.469455
BFGS:   23 13:41:12    -2346.230676        2.124801
BFGS:   24 13:41:12    -2346.401458        1.723882
BFGS:   25 13:41:13    -2346.507032        1.504658
BFGS:   26 13:41:13    -2346.594178        1.486356
BFGS:   27 13:41:14    -2346.671966        1.421207
BFGS:   28 13:41:14    -2346.756866        1.223290
BFGS:   29 13:41:14    -2346.836445        0.986373
BFGS:   30 13:41:15    -2346.895793        0.812442
BFGS:   31 13:41:15    -2346.934063        0.720844
BFGS:   32 13:41:15    -2346.971201        0.744502
BFGS:   33 13:41:16    -2347.017300        0.593330
BFGS:   34 13:41:16    -2347.076788        0.622300
BFGS:   35 13:41:17    -2347.162988        0.937075
BFGS:   36 13:41:17    -2347.306620        1.267809
BFGS:   37 13:41:18    -2347.473616        1.658659
BFGS:   38 13:41:18    -2347.753193        2.393745
BFGS:   39 13:41:19    -2348.216034        2.982067
BFGS:   40 13:41:19    -2348.539243        3.127872
BFGS:   41 13:41:20    -2348.545641        2.905022
BFGS:   42 13:41:20    -2348.931197        2.250534
BFGS:   43 13:41:20    -2349.070943        1.835423
BFGS:   44 13:41:21    -2349.201501        0.910544
BFGS:   45 13:41:21    -2349.300376        0.930208
BFGS:   46 13:41:22    -2349.378044        0.919303
BFGS:   47 13:41:22    -2349.438546        1.111126
BFGS:   48 13:41:22    -2349.483973        0.899195
BFGS:   49 13:41:23    -2349.518901        0.789760
BFGS:   50 13:41:23    -2349.542023        0.585334
BFGS:   51 13:41:24    -2349.558290        0.446437
BFGS:   52 13:41:24    -2349.569564        0.450233
BFGS:   53 13:41:24    -2349.579069        0.455336
BFGS:   54 13:41:25    -2349.589326        0.579274
BFGS:   55 13:41:25    -2349.599551        0.621267
BFGS:   56 13:41:25    -2349.607603        0.541551
BFGS:   57 13:41:26    -2349.613104        0.447295
BFGS:   58 13:41:26    -2349.617557        0.486103
BFGS:   59 13:41:26    -2349.622399        0.543734
BFGS:   60 13:41:27    -2349.627782        0.525349
BFGS:   61 13:41:27    -2349.632795        0.462640
BFGS:   62 13:41:27    -2349.637012        0.454586
BFGS:   63 13:41:28    -2349.640937        0.466453
BFGS:   64 13:41:28    -2349.645141        0.502481
BFGS:   65 13:41:28    -2349.649451        0.545707
BFGS:   66 13:41:29    -2349.653380        0.558802
BFGS:   67 13:41:29    -2349.656965        0.546354
BFGS:   68 13:41:29    -2349.660793        0.538589
BFGS:   69 13:41:30    -2349.664946        0.555361
BFGS:   70 13:41:30    -2349.668882        0.549351
BFGS:   71 13:41:30    -2349.672135        0.531569
BFGS:   72 13:41:31    -2349.674822        0.546856
BFGS:   73 13:41:31    -2349.677209        0.544963
BFGS:   74 13:41:32    -2349.679331        0.531398
BFGS:   75 13:41:32    -2349.681211        0.511912
BFGS:   76 13:41:32    -2349.683125        0.489904
BFGS:   77 13:41:33    -2349.685208        0.483884
BFGS:   78 13:41:33    -2349.687192        0.471944
BFGS:   79 13:41:33    -2349.688878        0.461842
BFGS:   80 13:41:34    -2349.690501        0.463038
BFGS:   81 13:41:34    -2349.692287        0.482634
BFGS:   82 13:41:34    -2349.694182        0.518266
BFGS:   83 13:41:34    -2349.695779        0.546196
BFGS:   84 13:41:35    -2349.697082        0.550171
BFGS:   85 13:41:35    -2349.698397        0.534826
BFGS:   86 13:41:35    -2349.700012        0.509904
BFGS:   87 13:41:36    -2349.701824        0.491935
BFGS:   88 13:41:36    -2349.703533        0.494684
BFGS:   89 13:41:36    -2349.705191        0.513811
BFGS:   90 13:41:37    -2349.707290        0.526934
BFGS:   91 13:41:37    -2349.710687        0.543296
BFGS:   92 13:41:37    -2349.717152        0.603951
BFGS:   93 13:41:38    -2349.741347        0.866221
BFGS:   94 13:41:38    -2349.831100        1.183650
BFGS:   95 13:41:39    -2350.063911        1.844414
BFGS:   96 13:41:39    -2350.484657        2.369105
BFGS:   97 13:41:39    -2350.827156        2.454481
BFGS:   98 13:41:40    -2350.865598        2.397817
BFGS:   99 13:41:40    -2351.128375        2.629230
BFGS:  100 13:41:41    -2351.228868        1.994254
BFGS:  101 13:41:41    -2351.347232        1.451614
BFGS:  102 13:41:41    -2351.442523        1.119577
BFGS:  103 13:41:42    -2351.487181        1.219986
BFGS:  104 13:41:42    -2351.528490        1.283156
BFGS:  105 13:41:42    -2351.580866        1.246148
BFGS:  106 13:41:43    -2351.627353        0.930449
BFGS:  107 13:41:43    -2351.677548        0.779567
BFGS:  108 13:41:44    -2351.723231        0.677333
BFGS:  109 13:41:44    -2351.761032        0.528705
BFGS:  110 13:41:44    -2351.786829        0.368186
BFGS:  111 13:41:45    -2351.806098        0.349983
BFGS:  112 13:41:45    -2351.823214        0.381729
BFGS:  113 13:41:45    -2351.837506        0.444654
BFGS:  114 13:41:46    -2351.848177        0.555625
BFGS:  115 13:41:46    -2351.857287        0.672222
BFGS:  116 13:41:46    -2351.865881        0.808413
BFGS:  117 13:41:46    -2351.873902        0.956493
BFGS:  118 13:41:47    -2351.881795        1.132189
BFGS:  119 13:41:47    -2351.891830        1.420554
BFGS:  120 13:41:47    -2351.928752        2.466562
BFGS:  121 13:41:48    -2351.394400        3.450698
BFGS:  122 13:41:48    -2351.963711        2.547218
BFGS:  123 13:41:49    -2351.987144        2.613859
BFGS:  124 13:41:49    -2352.085753        2.327072
BFGS:  125 13:41:49    -2352.117250        2.550551
BFGS:  126 13:41:50    -2352.160595        2.535830
BFGS:  127 13:41:50    -2352.195103        2.452470
BFGS:  128 13:41:50    -2352.210377        2.481995
BFGS:  129 13:41:51    -2352.234513        2.540837
BFGS:  130 13:41:51    -2352.256984        2.526671
BFGS:  131 13:41:51    -2352.276864        2.482036
BFGS:  132 13:41:52    -2352.290554        2.459806
BFGS:  133 13:41:52    -2352.300452        2.425913
BFGS:  134 13:41:52    -2352.307550        2.393828
BFGS:  135 13:41:53    -2352.313389        2.382362
BFGS:  136 13:41:53    -2352.318696        2.318787
BFGS:  137 13:41:53    -2352.324048        2.251263
BFGS:  138 13:41:54    -2352.328988        2.178511
BFGS:  139 13:41:54    -2352.333114        2.121981
BFGS:  140 13:41:54    -2352.336181        2.083816
BFGS:  141 13:41:54    -2352.338494        2.066396
BFGS:  142 13:41:55    -2352.340498        2.055628
BFGS:  143 13:41:55    -2352.342431        2.053832
BFGS:  144 13:41:55    -2352.343946        2.042855
BFGS:  145 13:41:55    -2352.345101        2.041769
BFGS:  146 13:41:56    -2352.346284        2.041336
BFGS:  147 13:41:56    -2352.347959        2.042114
BFGS:  148 13:41:56    -2352.350332        2.044023
BFGS:  149 13:41:57    -2352.353405        2.050867
BFGS:  150 13:41:57    -2352.356628        2.058609
BFGS:  151 13:41:57    -2352.359766        2.069071
BFGS:  152 13:41:57    -2352.363155        2.092721
BFGS:  153 13:41:58    -2352.367399        2.122200
BFGS:  154 13:41:58    -2352.372576        2.136118
BFGS:  155 13:41:58    -2352.378531        2.169214
BFGS:  156 13:41:58    -2352.385162        2.200323
BFGS:  157 13:41:59    -2352.391961        2.222529
BFGS:  158 13:41:59    -2352.398608        2.233745
BFGS:  159 13:41:59    -2352.405403        2.241120
BFGS:  160 13:42:00    -2352.412073        2.246033
BFGS:  161 13:42:00    -2352.417754        2.270422
BFGS:  162 13:42:00    -2352.422865        2.270187
BFGS:  163 13:42:01    -2352.428672        2.276053
BFGS:  164 13:42:01    -2352.435654        2.289403
BFGS:  165 13:42:01    -2352.443428        2.298710
BFGS:  166 13:42:02    -2352.450666        2.297355
BFGS:  167 13:42:02    -2352.456393        2.286677
BFGS:  168 13:42:02    -2352.462028        2.267836
BFGS:  169 13:42:02    -2352.470019        2.235156
BFGS:  170 13:42:03    -2352.481435        2.189465
BFGS:  171 13:42:03    -2352.495379        2.135838
BFGS:  172 13:42:04    -2352.508943        2.091209
BFGS:  173 13:42:04    -2352.518809        2.072909
BFGS:  174 13:42:04    -2352.525679        2.069768
BFGS:  175 13:42:05    -2352.532706        2.075091
BFGS:  176 13:42:05    -2352.540841        2.058204
BFGS:  177 13:42:05    -2352.548630        2.051016
BFGS:  178 13:42:05    -2352.555040        2.044996
BFGS:  179 13:42:06    -2352.559447        2.040275
BFGS:  180 13:42:06    -2352.562887        1.996515
BFGS:  181 13:42:06    -2352.566902        1.963502
BFGS:  182 13:42:07    -2352.571804        1.924627
BFGS:  183 13:42:07    -2352.576877        1.943894
BFGS:  184 13:42:07    -2352.582608        1.970509
BFGS:  185 13:42:07    -2352.588584        2.005776
BFGS:  186 13:42:08    -2352.594026        2.035087
BFGS:  187 13:42:08    -2352.599092        2.062062
BFGS:  188 13:42:08    -2352.604189        2.086219
BFGS:  189 13:42:09    -2352.610070        2.122336
BFGS:  190 13:42:09    -2352.616935        2.145465
BFGS:  191 13:42:09    -2352.624682        2.207967
BFGS:  192 13:42:10    -2352.634474        2.289384
BFGS:  193 13:42:10    -2352.649938        2.468756
BFGS:  194 13:42:11    -2352.672915        2.749759
BFGS:  195 13:42:11    -2352.702192        3.143735
BFGS:  196 13:42:11    -2352.729627        3.530789
BFGS:  197 13:42:12    -2352.772249        3.844694
BFGS:  198 13:42:12    -2352.827375        3.631814
BFGS:  199 13:42:13    -2352.879418        3.634506
BFGS:  200 13:42:13    -2352.957643        3.166325
