      Step     Time          Energy          fmax
BFGS:    0 13:13:00      121.552823     6658.759823
BFGS:    1 13:13:01    -1541.637871      953.877978
BFGS:    2 13:13:02    -1824.539132     2688.906178
BFGS:    3 13:13:03    -1810.864903     2014.164087
BFGS:    4 13:13:03    -2096.934464     1212.388176
BFGS:    5 13:13:04    -2207.081379      720.086399
BFGS:    6 13:13:05    -2320.493514      221.104309
BFGS:    7 13:13:05    -2349.492951      109.510619
BFGS:    8 13:13:06    -2369.465759       59.321957
BFGS:    9 13:13:07    -2384.251222       13.730748
BFGS:   10 13:13:07    -2390.481948       18.253691
BFGS:   11 13:13:08    -2395.090298       16.982573
BFGS:   12 13:13:09    -2399.508819       12.099671
BFGS:   13 13:13:09    -2402.665887        9.655414
BFGS:   14 13:13:10    -2405.354428        8.992191
BFGS:   15 13:13:10    -2407.524830        8.256294
BFGS:   16 13:13:11    -2408.951745        7.709067
BFGS:   17 13:13:11    -2410.928599        8.943933
BFGS:   18 13:13:12    -2412.159431       10.210021
BFGS:   19 13:13:13    -2412.867660       11.018024
BFGS:   20 13:13:13    -2413.712465       10.474218
BFGS:   21 13:13:13    -2415.594198        9.395557
BFGS:   22 13:13:14    -2416.420583        9.065142
BFGS:   23 13:13:14    -2417.468237        9.282607
BFGS:   24 13:13:15    -2418.233180       10.189969
BFGS:   25 13:13:15    -2418.666891        9.957158
BFGS:   26 13:13:16    -2419.283717        8.650562
BFGS:   27 13:13:16    -2419.817739        7.095005
BFGS:   28 13:13:17    -2420.383447        5.210133
BFGS:   29 13:13:17    -2420.825925        3.819800
BFGS:   30 13:13:18    -2421.238855        2.949377
BFGS:   31 13:13:18    -2421.530058        2.484042
BFGS:   32 13:13:18    -2421.806784        2.580623
BFGS:   33 13:13:19    -2422.070270        2.336578
BFGS:   34 13:13:19    -2422.289516        1.688271
BFGS:   35 13:13:20    -2422.494934        1.198743
BFGS:   36 13:13:20    -2422.652297        1.499022
BFGS:   37 13:13:21    -2422.781279        1.729011
BFGS:   38 13:13:21    -2422.874990        1.920688
BFGS:   39 13:13:21    -2422.928901        2.017815
BFGS:   40 13:13:22    -2422.968073        2.068681
BFGS:   41 13:13:22    -2423.006949        2.062901
BFGS:   42 13:13:23    -2423.045833        2.051142
BFGS:   43 13:13:23    -2423.084864        2.112606
BFGS:   44 13:13:23    -2423.121541        2.078992
BFGS:   45 13:13:24    -2423.156969        1.935146
BFGS:   46 13:13:24    -2423.195889        1.744429
BFGS:   47 13:13:25    -2423.244413        1.636723
BFGS:   48 13:13:25    -2423.303182        1.459460
BFGS:   49 13:13:25    -2423.366015        1.213628
BFGS:   50 13:13:26    -2423.426485        0.930020
BFGS:   51 13:13:26    -2423.487192        1.068641
BFGS:   52 13:13:27    -2423.556088        1.249435
BFGS:   53 13:13:27    -2423.633283        1.262988
BFGS:   54 13:13:28    -2423.714917        1.228598
BFGS:   55 13:13:28    -2423.785468        1.165529
BFGS:   56 13:13:28    -2423.844576        1.204251
BFGS:   57 13:13:29    -2423.892256        1.702241
BFGS:   58 13:13:29    -2423.937765        1.195342
BFGS:   59 13:13:30    -2423.976662        1.125538
BFGS:   60 13:13:30    -2424.014573        1.003233
BFGS:   61 13:13:30    -2424.041046        1.135085
BFGS:   62 13:13:31    -2424.075170        1.234396
BFGS:   63 13:13:31    -2424.101883        1.182340
BFGS:   64 13:13:32    -2424.124651        1.070114
BFGS:   65 13:13:32    -2424.142466        1.035632
BFGS:   66 13:13:33    -2424.160392        1.106861
BFGS:   67 13:13:33    -2424.179528        1.160226
BFGS:   68 13:13:33    -2424.199006        1.152802
BFGS:   69 13:13:33    -2424.214419        1.113202
BFGS:   70 13:13:34    -2424.225316        1.156810
BFGS:   71 13:13:34    -2424.234168        1.136430
BFGS:   72 13:13:34    -2424.242279        1.075645
BFGS:   73 13:13:35    -2424.249727        1.010062
BFGS:   74 13:13:35    -2424.256026        0.982139
BFGS:   75 13:13:35    -2424.261193        1.018097
BFGS:   76 13:13:35    -2424.266155        1.050422
BFGS:   77 13:13:36    -2424.271262        1.077147
BFGS:   78 13:13:36    -2424.276027        1.073865
BFGS:   79 13:13:36    -2424.280543        1.045807
BFGS:   80 13:13:37    -2424.284997        1.005926
BFGS:   81 13:13:37    -2424.289274        0.954099
BFGS:   82 13:13:37    -2424.293088        0.896553
BFGS:   83 13:13:37    -2424.296542        0.836751
BFGS:   84 13:13:38    -2424.300061        0.818766
BFGS:   85 13:13:38    -2424.303816        0.824110
BFGS:   86 13:13:38    -2424.307372        0.800427
BFGS:   87 13:13:38    -2424.310618        0.744598
BFGS:   88 13:13:39    -2424.314033        0.659316
BFGS:   89 13:13:39    -2424.318628        0.671454
BFGS:   90 13:13:39    -2424.324692        0.698052
BFGS:   91 13:13:40    -2424.331489        0.715144
BFGS:   92 13:13:40    -2424.337711        0.709433
BFGS:   93 13:13:40    -2424.342718        0.698617
BFGS:   94 13:13:40    -2424.346729        0.718698
BFGS:   95 13:13:41    -2424.350432        0.727755
BFGS:   96 13:13:41    -2424.353938        0.810622
BFGS:   97 13:13:41    -2424.357682        0.846726
BFGS:   98 13:13:41    -2424.362086        0.818502
BFGS:   99 13:13:42    -2424.367733        0.715451
BFGS:  100 13:13:42    -2424.374140        0.666026
BFGS:  101 13:13:42    -2424.380033        0.725598
BFGS:  102 13:13:42    -2424.384846        0.758635
BFGS:  103 13:13:43    -2424.389072        0.793721
BFGS:  104 13:13:43    -2424.393461        0.857388
BFGS:  105 13:13:43    -2424.398104        0.834995
BFGS:  106 13:13:43    -2424.402295        0.733618
BFGS:  107 13:13:44    -2424.405430        0.633447
BFGS:  108 13:13:44    -2424.407986        0.611056
BFGS:  109 13:13:44    -2424.410181        0.593512
BFGS:  110 13:13:44    -2424.412378        0.579354
BFGS:  111 13:13:45    -2424.414088        0.595001
BFGS:  112 13:13:45    -2424.416275        0.631969
BFGS:  113 13:13:45    -2424.418668        0.634286
BFGS:  114 13:13:45    -2424.421423        0.592214
BFGS:  115 13:13:46    -2424.423865        0.571561
BFGS:  116 13:13:46    -2424.425803        0.571802
BFGS:  117 13:13:46    -2424.427443        0.562219
BFGS:  118 13:13:47    -2424.429250        0.543933
BFGS:  119 13:13:47    -2424.431364        0.524567
BFGS:  120 13:13:47    -2424.433546        0.572058
BFGS:  121 13:13:47    -2424.435420        0.591446
BFGS:  122 13:13:48    -2424.436983        0.566210
BFGS:  123 13:13:48    -2424.438515        0.513872
BFGS:  124 13:13:48    -2424.440254        0.480789
BFGS:  125 13:13:48    -2424.442078        0.474605
BFGS:  126 13:13:48    -2424.443743        0.459375
BFGS:  127 13:13:49    -2424.445282        0.433921
BFGS:  128 13:13:49    -2424.446956        0.427697
BFGS:  129 13:13:49    -2424.448946        0.467309
BFGS:  130 13:13:49    -2424.450908        0.460601
BFGS:  131 13:13:50    -2424.452301        0.425889
BFGS:  132 13:13:50    -2424.453202        0.363261
BFGS:  133 13:13:50    -2424.454098        0.343268
BFGS:  134 13:13:50    -2424.455362        0.340978
BFGS:  135 13:13:51    -2424.457012        0.317802
BFGS:  136 13:13:51    -2424.458549        0.286983
BFGS:  137 13:13:51    -2424.459689        0.288052
BFGS:  138 13:13:51    -2424.460744        0.313494
BFGS:  139 13:13:51    -2424.462224        0.330568
BFGS:  140 13:13:52    -2424.464297        0.294465
BFGS:  141 13:13:52    -2424.466441        0.301653
BFGS:  142 13:13:52    -2424.468029        0.349471
BFGS:  143 13:13:52    -2424.469202        0.362255
BFGS:  144 13:13:53    -2424.470437        0.356290
BFGS:  145 13:13:53    -2424.471890        0.325248
BFGS:  146 13:13:53    -2424.473087        0.307365
BFGS:  147 13:13:53    -2424.473816        0.313185
BFGS:  148 13:13:54    -2424.474322        0.305419
BFGS:  149 13:13:54    -2424.474893        0.276774
BFGS:  150 13:13:54    -2424.475567        0.231117
BFGS:  151 13:13:55    -2424.476149        0.179280
BFGS:  152 13:13:55    -2424.476518        0.151459
BFGS:  153 13:13:55    -2424.476780        0.136169
BFGS:  154 13:13:56    -2424.477061        0.118624
BFGS:  155 13:13:56    -2424.477373        0.101157
BFGS:  156 13:13:56    -2424.477650        0.104638
BFGS:  157 13:13:57    -2424.477830        0.103326
BFGS:  158 13:13:57    -2424.477942        0.092205
BFGS:  159 13:13:57    -2424.478032        0.088572
BFGS:  160 13:13:58    -2424.478121        0.085000
BFGS:  161 13:13:58    -2424.478214        0.079960
BFGS:  162 13:13:59    -2424.478304        0.072977
BFGS:  163 13:13:59    -2424.478391        0.063890
BFGS:  164 13:13:59    -2424.478474        0.057902
BFGS:  165 13:14:00    -2424.478559        0.053272
BFGS:  166 13:14:00    -2424.478635        0.045033
BFGS:  167 13:14:00    -2424.478690        0.035316
BFGS:  168 13:14:01    -2424.478721        0.031236
BFGS:  169 13:14:01    -2424.478744        0.030304
BFGS:  170 13:14:01    -2424.478772        0.032315
BFGS:  171 13:14:01    -2424.478805        0.035823
BFGS:  172 13:14:02    -2424.478836        0.039674
BFGS:  173 13:14:02    -2424.478854        0.038923
BFGS:  174 13:14:02    -2424.478864        0.036501
BFGS:  175 13:14:02    -2424.478874        0.033148
BFGS:  176 13:14:02    -2424.478888        0.033843
BFGS:  177 13:14:03    -2424.478902        0.034690
BFGS:  178 13:14:03    -2424.478914        0.034816
BFGS:  179 13:14:03    -2424.478921        0.034126
BFGS:  180 13:14:03    -2424.478927        0.035555
BFGS:  181 13:14:03    -2424.478936        0.039166
BFGS:  182 13:14:03    -2424.478948        0.041408
BFGS:  183 13:14:03    -2424.478967        0.042620
BFGS:  184 13:14:04    -2424.478994        0.040064
BFGS:  185 13:14:04    -2424.479032        0.036398
BFGS:  186 13:14:04    -2424.479076        0.038458
BFGS:  187 13:14:04    -2424.479135        0.044933
BFGS:  188 13:14:04    -2424.479216        0.053067
BFGS:  189 13:14:05    -2424.479346        0.064574
BFGS:  190 13:14:05    -2424.479548        0.077905
BFGS:  191 13:14:05    -2424.479832        0.091861
BFGS:  192 13:14:05    -2424.480177        0.097351
BFGS:  193 13:14:06    -2424.480615        0.093520
BFGS:  194 13:14:06    -2424.481175        0.083724
BFGS:  195 13:14:06    -2424.481946        0.080921
BFGS:  196 13:14:06    -2424.482811        0.087142
BFGS:  197 13:14:07    -2424.483499        0.064083
BFGS:  198 13:14:07    -2424.483909        0.050092
BFGS:  199 13:14:07    -2424.484195        0.049276
BFGS:  200 13:14:07    -2424.484502        0.040311
