      Step     Time          Energy          fmax
BFGS:    0 20:18:50    -2392.075212        8.430102
BFGS:    1 20:18:51    -2396.815764        5.653943
BFGS:    2 20:18:52    -2404.474313        7.597473
BFGS:    3 20:18:53    -2409.936870       26.362043
BFGS:    4 20:18:54    -2410.126947       18.892766
BFGS:    5 20:18:54    -2416.992804        5.505734
BFGS:    6 20:18:55    -2419.237791        4.741105
BFGS:    7 20:18:56    -2420.799629        2.667836
BFGS:    8 20:18:57    -2421.357200        2.292219
BFGS:    9 20:18:57    -2421.785790        2.097931
BFGS:   10 20:18:58    -2422.267543        1.994789
BFGS:   11 20:18:59    -2422.518962        2.311349
BFGS:   12 20:18:59    -2423.029365        1.887265
BFGS:   13 20:19:00    -2423.283440        1.369680
BFGS:   14 20:19:01    -2423.570314        0.988733
BFGS:   15 20:19:02    -2423.694740        1.109813
BFGS:   16 20:19:02    -2423.839416        0.984724
BFGS:   17 20:19:03    -2423.975909        1.153125
BFGS:   18 20:19:04    -2424.119946        1.388820
BFGS:   19 20:19:04    -2424.234342        1.020211
BFGS:   20 20:19:05    -2424.354503        0.912117
BFGS:   21 20:19:05    -2424.437233        0.961807
BFGS:   22 20:19:06    -2424.546146        0.827630
BFGS:   23 20:19:06    -2424.675854        0.992456
BFGS:   24 20:19:07    -2424.771152        0.929986
BFGS:   25 20:19:08    -2424.960255        1.538844
BFGS:   26 20:19:09    -2425.191183        2.375714
BFGS:   27 20:19:09    -2425.628737        2.851862
BFGS:   28 20:19:10    -2425.755250        2.970394
BFGS:   29 20:19:11    -2426.000082        3.368122
BFGS:   30 20:19:12    -2426.329160        2.106132
BFGS:   31 20:19:12    -2426.519226        1.218389
BFGS:   32 20:19:13    -2426.635178        0.750520
BFGS:   33 20:19:14    -2426.730255        0.576895
BFGS:   34 20:19:14    -2426.826173        0.762518
BFGS:   35 20:19:15    -2426.878470        0.642484
BFGS:   36 20:19:16    -2426.923355        0.536725
BFGS:   37 20:19:16    -2426.956031        0.479684
BFGS:   38 20:19:17    -2426.980669        0.485036
BFGS:   39 20:19:18    -2427.007324        0.403585
BFGS:   40 20:19:18    -2427.032362        0.454289
BFGS:   41 20:19:19    -2427.052809        0.435096
BFGS:   42 20:19:19    -2427.075635        0.303106
BFGS:   43 20:19:20    -2427.096085        0.300759
BFGS:   44 20:19:21    -2427.113670        0.337686
BFGS:   45 20:19:21    -2427.127141        0.329245
BFGS:   46 20:19:22    -2427.137564        0.370848
BFGS:   47 20:19:22    -2427.146796        0.234984
BFGS:   48 20:19:23    -2427.157376        0.235801
BFGS:   49 20:19:24    -2427.170453        0.228073
BFGS:   50 20:19:24    -2427.182223        0.260823
BFGS:   51 20:19:25    -2427.189714        0.236849
BFGS:   52 20:19:25    -2427.197707        0.205418
BFGS:   53 20:19:26    -2427.206385        0.218277
BFGS:   54 20:19:26    -2427.214793        0.228933
BFGS:   55 20:19:27    -2427.221269        0.157844
BFGS:   56 20:19:28    -2427.226022        0.140938
BFGS:   57 20:19:28    -2427.229993        0.141870
BFGS:   58 20:19:29    -2427.233252        0.128671
BFGS:   59 20:19:29    -2427.235445        0.075139
BFGS:   60 20:19:30    -2427.237016        0.073555
BFGS:   61 20:19:30    -2427.238515        0.093728
BFGS:   62 20:19:31    -2427.240098        0.111931
BFGS:   63 20:19:31    -2427.241470        0.089565
BFGS:   64 20:19:32    -2427.242412        0.061902
BFGS:   65 20:19:32    -2427.243066        0.056502
BFGS:   66 20:19:33    -2427.243636        0.057773
BFGS:   67 20:19:33    -2427.244167        0.053696
BFGS:   68 20:19:34    -2427.244677        0.049479
BFGS:   69 20:19:34    -2427.245231        0.057375
BFGS:   70 20:19:35    -2427.245894        0.066763
BFGS:   71 20:19:36    -2427.246655        0.057525
BFGS:   72 20:19:36    -2427.247433        0.059411
BFGS:   73 20:19:37    -2427.248163        0.057684
BFGS:   74 20:19:37    -2427.248868        0.071301
BFGS:   75 20:19:38    -2427.249596        0.071056
BFGS:   76 20:19:38    -2427.250272        0.053323
BFGS:   77 20:19:39    -2427.250818        0.043391
BFGS:   78 20:19:39    -2427.251219        0.036363
BFGS:   79 20:19:40    -2427.251536        0.040095
BFGS:   80 20:19:40    -2427.251825        0.043633
BFGS:   81 20:19:41    -2427.252096        0.033420
BFGS:   82 20:19:42    -2427.252352        0.037942
BFGS:   83 20:19:42    -2427.252594        0.040437
BFGS:   84 20:19:43    -2427.252819        0.030904
BFGS:   85 20:19:43    -2427.253029        0.032161
BFGS:   86 20:19:44    -2427.253233        0.036791
BFGS:   87 20:19:45    -2427.253440        0.042407
BFGS:   88 20:19:45    -2427.253649        0.048083
BFGS:   89 20:19:46    -2427.253832        0.037922
BFGS:   90 20:19:46    -2427.253991        0.025365
BFGS:   91 20:19:47    -2427.254152        0.028673
BFGS:   92 20:19:48    -2427.254334        0.033885
BFGS:   93 20:19:48    -2427.254550        0.036046
BFGS:   94 20:19:49    -2427.254745        0.025326
BFGS:   95 20:19:50    -2427.254902        0.026601
BFGS:   96 20:19:50    -2427.255053        0.026260
BFGS:   97 20:19:51    -2427.255250        0.033244
BFGS:   98 20:19:51    -2427.255543        0.038202
BFGS:   99 20:19:52    -2427.255903        0.041494
BFGS:  100 20:19:53    -2427.256308        0.051446
BFGS:  101 20:19:53    -2427.256726        0.052424
BFGS:  102 20:19:54    -2427.257203        0.049752
BFGS:  103 20:19:55    -2427.257788        0.051801
BFGS:  104 20:19:55    -2427.258557        0.056129
BFGS:  105 20:19:56    -2427.259596        0.075733
BFGS:  106 20:19:57    -2427.261064        0.095535
BFGS:  107 20:19:57    -2427.263310        0.112811
BFGS:  108 20:19:58    -2427.267773        0.133541
BFGS:  109 20:19:59    -2427.273596        0.250950
BFGS:  110 20:20:00    -2427.275712        0.494960
BFGS:  111 20:20:00    -2427.288851        0.393704
BFGS:  112 20:20:01    -2427.323271        0.535075
BFGS:  113 20:20:02    -2427.361870        0.911768
BFGS:  114 20:20:03    -2427.370603        1.133260
BFGS:  115 20:20:04    -2427.429180        0.838878
BFGS:  116 20:20:05    -2427.531864        0.845527
BFGS:  117 20:20:05    -2427.633363        0.934345
BFGS:  118 20:20:06    -2427.741235        1.845662
BFGS:  119 20:20:07    -2427.892397        0.852121
BFGS:  120 20:20:08    -2427.954464        0.725770
BFGS:  121 20:20:09    -2428.014157        0.514142
BFGS:  122 20:20:09    -2428.049936        0.333193
BFGS:  123 20:20:10    -2428.073549        0.283917
BFGS:  124 20:20:11    -2428.087467        0.275562
BFGS:  125 20:20:11    -2428.098094        0.208589
BFGS:  126 20:20:12    -2428.117157        0.220558
BFGS:  127 20:20:12    -2428.125773        0.221407
BFGS:  128 20:20:13    -2428.133637        0.161597
BFGS:  129 20:20:13    -2428.139915        0.159955
BFGS:  130 20:20:14    -2428.148181        0.176845
BFGS:  131 20:20:15    -2428.160872        0.206598
BFGS:  132 20:20:15    -2428.172730        0.338081
BFGS:  133 20:20:16    -2428.188374        0.274090
BFGS:  134 20:20:17    -2428.207255        0.206980
BFGS:  135 20:20:17    -2428.219905        0.203137
BFGS:  136 20:20:18    -2428.229888        0.192821
BFGS:  137 20:20:18    -2428.239594        0.185900
BFGS:  138 20:20:19    -2428.248390        0.306514
BFGS:  139 20:20:19    -2428.257092        0.170589
BFGS:  140 20:20:20    -2428.266339        0.146367
BFGS:  141 20:20:21    -2428.272914        0.121029
BFGS:  142 20:20:21    -2428.278476        0.158635
BFGS:  143 20:20:22    -2428.283513        0.132731
BFGS:  144 20:20:22    -2428.288106        0.112510
BFGS:  145 20:20:23    -2428.292632        0.104767
BFGS:  146 20:20:23    -2428.296661        0.118002
BFGS:  147 20:20:24    -2428.300026        0.127522
BFGS:  148 20:20:25    -2428.302842        0.100640
BFGS:  149 20:20:25    -2428.305620        0.079141
BFGS:  150 20:20:26    -2428.308446        0.082153
BFGS:  151 20:20:26    -2428.311017        0.090211
BFGS:  152 20:20:27    -2428.313079        0.087956
BFGS:  153 20:20:27    -2428.314810        0.090506
BFGS:  154 20:20:28    -2428.316528        0.081159
BFGS:  155 20:20:29    -2428.318336        0.060405
BFGS:  156 20:20:29    -2428.320079        0.076245
BFGS:  157 20:20:30    -2428.321495        0.081099
BFGS:  158 20:20:30    -2428.322655        0.054286
BFGS:  159 20:20:31    -2428.323716        0.051881
BFGS:  160 20:20:31    -2428.324794        0.053902
BFGS:  161 20:20:32    -2428.325829        0.070058
BFGS:  162 20:20:32    -2428.326729        0.066088
BFGS:  163 20:20:33    -2428.327473        0.052792
BFGS:  164 20:20:33    -2428.328074        0.056502
BFGS:  165 20:20:34    -2428.328592        0.047418
BFGS:  166 20:20:34    -2428.329079        0.059055
BFGS:  167 20:20:35    -2428.329524        0.047623
BFGS:  168 20:20:35    -2428.329911        0.034005
BFGS:  169 20:20:36    -2428.330263        0.035385
BFGS:  170 20:20:36    -2428.330635        0.057336
BFGS:  171 20:20:37    -2428.331115        0.069651
BFGS:  172 20:20:38    -2428.331795        0.067217
BFGS:  173 20:20:38    -2428.332634        0.055204
BFGS:  174 20:20:39    -2428.333458        0.049368
BFGS:  175 20:20:39    -2428.334141        0.048745
BFGS:  176 20:20:40    -2428.334755        0.057810
BFGS:  177 20:20:40    -2428.335444        0.050165
BFGS:  178 20:20:41    -2428.336213        0.070880
BFGS:  179 20:20:41    -2428.337014        0.070210
BFGS:  180 20:20:42    -2428.337718        0.048768
BFGS:  181 20:20:42    -2428.338327        0.042957
BFGS:  182 20:20:43    -2428.338918        0.040045
BFGS:  183 20:20:43    -2428.339528        0.056861
BFGS:  184 20:20:44    -2428.340145        0.062292
BFGS:  185 20:20:44    -2428.340731        0.051399
BFGS:  186 20:20:45    -2428.341323        0.045731
BFGS:  187 20:20:45    -2428.341946        0.039923
BFGS:  188 20:20:46    -2428.342609        0.040277
BFGS:  189 20:20:46    -2428.343235        0.044205
BFGS:  190 20:20:47    -2428.343961        0.050128
BFGS:  191 20:20:47    -2428.344954        0.055409
BFGS:  192 20:20:48    -2428.346437        0.065913
BFGS:  193 20:20:48    -2428.348343        0.068127
BFGS:  194 20:20:49    -2428.350202        0.068341
BFGS:  195 20:20:50    -2428.351708        0.072528
BFGS:  196 20:20:50    -2428.353055        0.066812
BFGS:  197 20:20:51    -2428.354642        0.065327
BFGS:  198 20:20:51    -2428.356580        0.061779
BFGS:  199 20:20:52    -2428.358392        0.064760
BFGS:  200 20:20:52    -2428.359708        0.071972
