      Step     Time          Energy          fmax
BFGS:    0 13:37:31    -3671.186950       13.836688
BFGS:    1 13:37:33    -3676.072786        4.384167
BFGS:    2 13:37:35    -3679.975579        5.980230
BFGS:    3 13:37:37    -3684.411186       32.760907
BFGS:    4 13:37:40    -3687.701890       43.749179
BFGS:    5 13:37:42    -3694.617630       10.209010
BFGS:    6 13:37:44    -3697.320303        6.203632
BFGS:    7 13:37:46    -3698.001521        4.578935
BFGS:    8 13:37:48    -3699.010175        3.611690
BFGS:    9 13:37:50    -3699.532270        2.945377
BFGS:   10 13:37:52    -3699.892463        1.690437
BFGS:   11 13:37:54    -3700.229568        2.796264
BFGS:   12 13:37:56    -3700.566577        3.174491
BFGS:   13 13:37:58    -3700.945993        2.728809
BFGS:   14 13:38:00    -3701.219662        1.611468
BFGS:   15 13:38:02    -3701.431077        1.197136
BFGS:   16 13:38:04    -3701.496357        0.971588
BFGS:   17 13:38:06    -3701.594756        1.173770
BFGS:   18 13:38:08    -3701.654887        0.564524
BFGS:   19 13:38:09    -3701.743215        0.850838
BFGS:   20 13:38:11    -3701.854040        0.760846
BFGS:   21 13:38:13    -3701.950791        0.624070
BFGS:   22 13:38:15    -3702.009141        0.671188
BFGS:   23 13:38:17    -3702.060128        0.587753
BFGS:   24 13:38:19    -3702.099453        0.498666
BFGS:   25 13:38:21    -3702.128394        0.472365
BFGS:   26 13:38:22    -3702.153786        0.508529
BFGS:   27 13:38:24    -3702.179323        0.618211
BFGS:   28 13:38:26    -3702.212916        0.515613
BFGS:   29 13:38:27    -3702.264751        0.526672
BFGS:   30 13:38:29    -3702.308728        0.566325
BFGS:   31 13:38:31    -3702.368418        0.580799
BFGS:   32 13:38:32    -3702.421446        0.580331
BFGS:   33 13:38:34    -3702.468994        0.474722
BFGS:   34 13:38:35    -3702.504573        0.600954
BFGS:   35 13:38:36    -3702.535819        0.481530
BFGS:   36 13:38:38    -3702.556869        0.241419
BFGS:   37 13:38:39    -3702.572141        0.249982
BFGS:   38 13:38:41    -3702.585644        0.309832
BFGS:   39 13:38:42    -3702.599640        0.422994
BFGS:   40 13:38:43    -3702.612941        0.366381
BFGS:   41 13:38:45    -3702.624627        0.223052
BFGS:   42 13:38:46    -3702.634744        0.265833
BFGS:   43 13:38:47    -3702.643936        0.192748
BFGS:   44 13:38:49    -3702.652948        0.283450
BFGS:   45 13:38:50    -3702.662300        0.293742
BFGS:   46 13:38:51    -3702.671928        0.248157
BFGS:   47 13:38:53    -3702.681808        0.239654
BFGS:   48 13:38:54    -3702.692314        0.182951
BFGS:   49 13:38:56    -3702.704637        0.264414
BFGS:   50 13:38:57    -3702.719667        0.387431
BFGS:   51 13:38:59    -3702.737544        0.404176
BFGS:   52 13:39:00    -3702.757275        0.314942
BFGS:   53 13:39:02    -3702.778028        0.187278
BFGS:   54 13:39:03    -3702.797846        0.308636
BFGS:   55 13:39:05    -3702.813971        0.347822
BFGS:   56 13:39:07    -3702.823865        0.310363
BFGS:   57 13:39:08    -3702.830295        0.120718
BFGS:   58 13:39:09    -3702.835245        0.109906
BFGS:   59 13:39:11    -3702.839179        0.182059
BFGS:   60 13:39:12    -3702.842273        0.191241
BFGS:   61 13:39:13    -3702.844781        0.144367
BFGS:   62 13:39:15    -3702.846972        0.096238
BFGS:   63 13:39:16    -3702.848806        0.108178
BFGS:   64 13:39:17    -3702.850212        0.101285
BFGS:   65 13:39:18    -3702.851302        0.097334
BFGS:   66 13:39:20    -3702.852274        0.053705
BFGS:   67 13:39:21    -3702.853167        0.054774
BFGS:   68 13:39:23    -3702.854003        0.061603
BFGS:   69 13:39:24    -3702.854888        0.082338
BFGS:   70 13:39:25    -3702.855930        0.084897
BFGS:   71 13:39:26    -3702.857062        0.086588
BFGS:   72 13:39:28    -3702.858050        0.057328
BFGS:   73 13:39:29    -3702.858805        0.046302
BFGS:   74 13:39:30    -3702.859469        0.057517
BFGS:   75 13:39:31    -3702.860177        0.053905
BFGS:   76 13:39:32    -3702.860872        0.044044
BFGS:   77 13:39:34    -3702.861464        0.044584
BFGS:   78 13:39:35    -3702.861965        0.034819
BFGS:   79 13:39:36    -3702.862454        0.042766
BFGS:   80 13:39:37    -3702.862944        0.038887
BFGS:   81 13:39:38    -3702.863366        0.039154
BFGS:   82 13:39:39    -3702.863705        0.040131
BFGS:   83 13:39:40    -3702.864060        0.031711
BFGS:   84 13:39:41    -3702.864528        0.033451
BFGS:   85 13:39:42    -3702.865122        0.044224
BFGS:   86 13:39:43    -3702.865789        0.043957
BFGS:   87 13:39:45    -3702.866450        0.055016
BFGS:   88 13:39:46    -3702.867124        0.063999
BFGS:   89 13:39:47    -3702.867899        0.067644
BFGS:   90 13:39:48    -3702.868830        0.066294
BFGS:   91 13:39:49    -3702.869968        0.062719
BFGS:   92 13:39:51    -3702.871315        0.075494
BFGS:   93 13:39:52    -3702.872819        0.062937
BFGS:   94 13:39:53    -3702.874267        0.052942
BFGS:   95 13:39:54    -3702.875543        0.054527
BFGS:   96 13:39:56    -3702.876664        0.063361
BFGS:   97 13:39:57    -3702.877709        0.058620
BFGS:   98 13:39:58    -3702.878739        0.054693
BFGS:   99 13:39:59    -3702.879635        0.040462
BFGS:  100 13:40:00    -3702.880329        0.038468
BFGS:  101 13:40:02    -3702.880887        0.035583
BFGS:  102 13:40:03    -3702.881407        0.037056
BFGS:  103 13:40:04    -3702.881847        0.033254
BFGS:  104 13:40:06    -3702.882193        0.025937
BFGS:  105 13:40:07    -3702.882475        0.026952
BFGS:  106 13:40:08    -3702.882821        0.032185
BFGS:  107 13:40:09    -3702.883327        0.040365
BFGS:  108 13:40:11    -3702.883990        0.045455
BFGS:  109 13:40:12    -3702.884753        0.047290
BFGS:  110 13:40:14    -3702.885446        0.053418
BFGS:  111 13:40:15    -3702.886055        0.055199
BFGS:  112 13:40:16    -3702.886644        0.049526
BFGS:  113 13:40:18    -3702.887184        0.041071
BFGS:  114 13:40:19    -3702.887605        0.035622
BFGS:  115 13:40:20    -3702.887940        0.031720
BFGS:  116 13:40:21    -3702.888222        0.026765
BFGS:  117 13:40:23    -3702.888489        0.030096
BFGS:  118 13:40:24    -3702.888705        0.022920
BFGS:  119 13:40:25    -3702.888857        0.018360
BFGS:  120 13:40:26    -3702.888996        0.018529
BFGS:  121 13:40:28    -3702.889144        0.019564
BFGS:  122 13:40:29    -3702.889322        0.022904
BFGS:  123 13:40:30    -3702.889534        0.024885
BFGS:  124 13:40:32    -3702.889758        0.028657
BFGS:  125 13:40:33    -3702.890007        0.029730
BFGS:  126 13:40:34    -3702.890247        0.029531
BFGS:  127 13:40:36    -3702.890528        0.031096
BFGS:  128 13:40:37    -3702.890808        0.032931
BFGS:  129 13:40:38    -3702.891093        0.031515
BFGS:  130 13:40:39    -3702.891356        0.031298
BFGS:  131 13:40:40    -3702.891603        0.034876
BFGS:  132 13:40:42    -3702.891874        0.040434
BFGS:  133 13:40:43    -3702.892193        0.044579
BFGS:  134 13:40:45    -3702.892685        0.043929
BFGS:  135 13:40:46    -3702.894778        0.095269
BFGS:  136 13:40:48    -3702.946561        0.615506
BFGS:  137 13:40:50    -3703.071043        0.920778
BFGS:  138 13:40:52    -3703.018586        2.364659
BFGS:  139 13:40:54    -3703.143882        0.383401
BFGS:  140 13:40:56    -3703.174563        0.482940
BFGS:  141 13:40:57    -3703.214882        0.223798
BFGS:  142 13:40:59    -3703.240598        0.403199
BFGS:  143 13:41:01    -3703.249106        0.509443
BFGS:  144 13:41:02    -3703.258675        0.259984
BFGS:  145 13:41:04    -3703.266728        0.116456
BFGS:  146 13:41:05    -3703.270673        0.123736
BFGS:  147 13:41:06    -3703.274217        0.173473
BFGS:  148 13:41:08    -3703.276004        0.084888
BFGS:  149 13:41:09    -3703.277419        0.052511
BFGS:  150 13:41:10    -3703.278597        0.054618
BFGS:  151 13:41:11    -3703.279279        0.044301
BFGS:  152 13:41:12    -3703.279839        0.038291
BFGS:  153 13:41:13    -3703.280305        0.045375
BFGS:  154 13:41:15    -3703.280915        0.042089
BFGS:  155 13:41:16    -3703.281679        0.038489
BFGS:  156 13:41:17    -3703.282491        0.039268
BFGS:  157 13:41:18    -3703.283162        0.038285
BFGS:  158 13:41:19    -3703.283728        0.038003
BFGS:  159 13:41:20    -3703.284250        0.032951
BFGS:  160 13:41:21    -3703.284828        0.037713
BFGS:  161 13:41:22    -3703.285427        0.033919
BFGS:  162 13:41:23    -3703.285964        0.031421
BFGS:  163 13:41:24    -3703.286410        0.031253
BFGS:  164 13:41:25    -3703.286848        0.034949
BFGS:  165 13:41:26    -3703.287373        0.036883
BFGS:  166 13:41:27    -3703.288080        0.040300
BFGS:  167 13:41:28    -3703.288880        0.040778
BFGS:  168 13:41:30    -3703.289676        0.051460
BFGS:  169 13:41:31    -3703.290387        0.071087
BFGS:  170 13:41:32    -3703.291042        0.066305
BFGS:  171 13:41:33    -3703.291691        0.040786
BFGS:  172 13:41:34    -3703.292312        0.038649
BFGS:  173 13:41:35    -3703.292894        0.046961
BFGS:  174 13:41:36    -3703.293463        0.064452
BFGS:  175 13:41:38    -3703.294062        0.061936
BFGS:  176 13:41:39    -3703.294638        0.040991
BFGS:  177 13:41:40    -3703.295079        0.028799
BFGS:  178 13:41:41    -3703.295356        0.024736
BFGS:  179 13:41:42    -3703.295554        0.022585
BFGS:  180 13:41:43    -3703.295746        0.018299
BFGS:  181 13:41:43    -3703.295954        0.020027
BFGS:  182 13:41:44    -3703.296178        0.024378
BFGS:  183 13:41:45    -3703.296393        0.025315
BFGS:  184 13:41:46    -3703.296590        0.021608
BFGS:  185 13:41:48    -3703.296767        0.022021
BFGS:  186 13:41:49    -3703.296951        0.021785
BFGS:  187 13:41:50    -3703.297149        0.019830
BFGS:  188 13:41:51    -3703.297370        0.022565
BFGS:  189 13:41:52    -3703.297559        0.022825
BFGS:  190 13:41:53    -3703.297705        0.018234
BFGS:  191 13:41:54    -3703.297818        0.017347
BFGS:  192 13:41:55    -3703.297912        0.014524
BFGS:  193 13:41:56    -3703.297986        0.013429
BFGS:  194 13:41:57    -3703.298036        0.011329
BFGS:  195 13:41:57    -3703.298070        0.008653
