      Step     Time          Energy          fmax
BFGS:    0 21:05:31    -1397.365835     6677.259663
BFGS:    1 21:05:35    -2851.541376      858.509917
BFGS:    2 21:05:38    -3217.101479     1757.329098
BFGS:    3 21:05:41    -3259.431049     1559.369296
BFGS:    4 21:05:44    -3405.479284      870.066540
BFGS:    5 21:05:48    -3514.417543      380.660893
BFGS:    6 21:05:52    -3568.979866       88.945908
BFGS:    7 21:05:55    -3580.374084       78.718497
BFGS:    8 21:05:59    -3591.541923       46.912691
BFGS:    9 21:06:02    -3600.752572       19.812519
BFGS:   10 21:06:06    -3605.083981       21.349306
BFGS:   11 21:06:09    -3609.627460        7.526157
BFGS:   12 21:06:12    -3612.679709        5.548730
BFGS:   13 21:06:15    -3613.641130        4.876293
BFGS:   14 21:06:17    -3615.172873        3.560527
BFGS:   15 21:06:20    -3615.920416        2.479839
BFGS:   16 21:06:22    -3616.712120        2.561331
BFGS:   17 21:06:24    -3617.161739        2.982131
BFGS:   18 21:06:27    -3617.613873        3.271081
BFGS:   19 21:06:29    -3617.995155        2.535146
BFGS:   20 21:06:31    -3618.241357        2.147680
BFGS:   21 21:06:33    -3618.430637        2.265261
BFGS:   22 21:06:35    -3618.597368        2.817306
BFGS:   23 21:06:37    -3618.725366        2.970029
BFGS:   24 21:06:39    -3618.862407        3.000422
BFGS:   25 21:06:41    -3618.967458        3.021795
BFGS:   26 21:06:43    -3619.062976        2.845536
BFGS:   27 21:06:46    -3619.155601        2.534846
BFGS:   28 21:06:48    -3619.235440        2.553410
BFGS:   29 21:06:49    -3619.306655        2.603966
BFGS:   30 21:06:51    -3619.370754        2.653655
BFGS:   31 21:06:53    -3619.433164        2.613948
BFGS:   32 21:06:55    -3619.505974        2.415559
BFGS:   33 21:06:58    -3619.598796        2.301096
BFGS:   34 21:07:00    -3619.723251        2.500582
BFGS:   35 21:07:02    -3619.820882        2.721670
BFGS:   36 21:07:05    -3620.022238        2.756482
BFGS:   37 21:07:07    -3620.250105        2.982590
BFGS:   38 21:07:10    -3620.426795        2.660222
BFGS:   39 21:07:13    -3620.521875        2.539687
BFGS:   40 21:07:15    -3620.611904        2.644520
BFGS:   41 21:07:17    -3620.664998        2.234702
BFGS:   42 21:07:20    -3620.763100        2.121282
BFGS:   43 21:07:23    -3620.854998        2.004132
BFGS:   44 21:07:25    -3620.918854        1.903918
BFGS:   45 21:07:28    -3620.980773        1.813216
BFGS:   46 21:07:30    -3621.047508        1.778518
BFGS:   47 21:07:32    -3621.095822        1.593929
BFGS:   48 21:07:35    -3621.142094        1.726126
BFGS:   49 21:07:37    -3621.183655        1.366726
BFGS:   50 21:07:39    -3621.232510        1.278240
BFGS:   51 21:07:41    -3621.279807        1.185493
BFGS:   52 21:07:44    -3621.316830        1.121038
BFGS:   53 21:07:46    -3621.359366        1.100609
BFGS:   54 21:07:48    -3621.403339        1.108574
BFGS:   55 21:07:51    -3621.444519        1.100256
BFGS:   56 21:07:53    -3621.481678        1.095935
BFGS:   57 21:07:55    -3621.520173        1.090285
BFGS:   58 21:07:57    -3621.561203        1.046432
BFGS:   59 21:07:59    -3621.602207        1.000988
BFGS:   60 21:08:02    -3621.636908        0.958008
BFGS:   61 21:08:04    -3621.665507        1.034317
BFGS:   62 21:08:06    -3621.693794        1.154713
BFGS:   63 21:08:08    -3621.723061        1.263656
BFGS:   64 21:08:10    -3621.750625        1.273287
BFGS:   65 21:08:12    -3621.774411        1.217374
BFGS:   66 21:08:14    -3621.793741        1.274719
BFGS:   67 21:08:16    -3621.811170        1.302677
BFGS:   68 21:08:19    -3621.829287        1.431932
BFGS:   69 21:08:21    -3621.849591        1.518854
BFGS:   70 21:08:23    -3621.870335        1.598022
BFGS:   71 21:08:25    -3621.888639        1.631645
BFGS:   72 21:08:27    -3621.908237        1.711996
BFGS:   73 21:08:30    -3621.928061        1.689147
BFGS:   74 21:08:32    -3621.947437        1.565662
BFGS:   75 21:08:34    -3621.964566        1.466784
BFGS:   76 21:08:36    -3621.980131        1.380959
BFGS:   77 21:08:38    -3621.994696        1.294301
BFGS:   78 21:08:41    -3622.008203        1.220081
BFGS:   79 21:08:43    -3622.019665        1.152989
BFGS:   80 21:08:45    -3622.029194        1.108377
BFGS:   81 21:08:47    -3622.038548        1.138299
BFGS:   82 21:08:49    -3622.049293        1.121039
BFGS:   83 21:08:51    -3622.061637        1.024932
BFGS:   84 21:08:53    -3622.074641        0.883516
BFGS:   85 21:08:55    -3622.088798        0.760863
BFGS:   86 21:08:58    -3622.105703        0.652752
BFGS:   87 21:09:00    -3622.125617        0.548834
BFGS:   88 21:09:02    -3622.147200        0.599257
BFGS:   89 21:09:04    -3622.167562        0.653314
BFGS:   90 21:09:06    -3622.184274        0.684904
BFGS:   91 21:09:08    -3622.196986        0.575339
BFGS:   92 21:09:10    -3622.212658        0.592356
BFGS:   93 21:09:12    -3622.227395        0.522141
BFGS:   94 21:09:14    -3622.238195        0.457952
BFGS:   95 21:09:15    -3622.243949        0.430868
BFGS:   96 21:09:17    -3622.250053        0.455868
BFGS:   97 21:09:19    -3622.254426        0.476725
BFGS:   98 21:09:21    -3622.258398        0.496060
BFGS:   99 21:09:22    -3622.261843        0.508343
BFGS:  100 21:09:24    -3622.265402        0.518087
BFGS:  101 21:09:25    -3622.269107        0.527024
BFGS:  102 21:09:27    -3622.273050        0.543116
BFGS:  103 21:09:28    -3622.277077        0.563564
BFGS:  104 21:09:30    -3622.281312        0.588121
BFGS:  105 21:09:32    -3622.286133        0.611079
BFGS:  106 21:09:34    -3622.291704        0.632840
BFGS:  107 21:09:35    -3622.297571        0.671830
BFGS:  108 21:09:37    -3622.302809        0.654618
BFGS:  109 21:09:39    -3622.307236        0.623349
BFGS:  110 21:09:40    -3622.311485        0.591539
BFGS:  111 21:09:42    -3622.315844        0.562877
BFGS:  112 21:09:43    -3622.319960        0.540625
BFGS:  113 21:09:45    -3622.323487        0.520688
BFGS:  114 21:09:47    -3622.326518        0.503633
BFGS:  115 21:09:48    -3622.329350        0.479293
BFGS:  116 21:09:50    -3622.331955        0.469764
BFGS:  117 21:09:51    -3622.334188        0.445410
BFGS:  118 21:09:53    -3622.336125        0.396773
BFGS:  119 21:09:55    -3622.338024        0.349678
BFGS:  120 21:09:56    -3622.340034        0.324543
BFGS:  121 21:09:58    -3622.342187        0.299072
BFGS:  122 21:09:59    -3622.344515        0.282074
BFGS:  123 21:10:01    -3622.347311        0.261857
BFGS:  124 21:10:03    -3622.350849        0.251979
BFGS:  125 21:10:04    -3622.355481        0.254711
BFGS:  126 21:10:06    -3622.361081        0.244519
BFGS:  127 21:10:08    -3622.367153        0.212647
BFGS:  128 21:10:10    -3622.373126        0.188385
BFGS:  129 21:10:11    -3622.378520        0.181013
BFGS:  130 21:10:13    -3622.382980        0.148856
BFGS:  131 21:10:15    -3622.386670        0.127515
BFGS:  132 21:10:16    -3622.389865        0.107618
BFGS:  133 21:10:18    -3622.392800        0.141065
BFGS:  134 21:10:20    -3622.395655        0.109365
BFGS:  135 21:10:21    -3622.398420        0.099435
BFGS:  136 21:10:23    -3622.401022        0.088640
BFGS:  137 21:10:25    -3622.403536        0.120435
BFGS:  138 21:10:26    -3622.406050        0.133197
BFGS:  139 21:10:28    -3622.408556        0.143126
BFGS:  140 21:10:29    -3622.410833        0.184274
BFGS:  141 21:10:31    -3622.412808        0.211569
BFGS:  142 21:10:32    -3622.414579        0.224662
BFGS:  143 21:10:34    -3622.416346        0.225292
BFGS:  144 21:10:35    -3622.417989        0.218215
BFGS:  145 21:10:37    -3622.419485        0.230173
BFGS:  146 21:10:38    -3622.420920        0.241555
BFGS:  147 21:10:40    -3622.422435        0.236974
BFGS:  148 21:10:41    -3622.424146        0.216940
BFGS:  149 21:10:43    -3622.425903        0.194095
BFGS:  150 21:10:44    -3622.427561        0.181404
BFGS:  151 21:10:46    -3622.429077        0.181740
BFGS:  152 21:10:47    -3622.430534        0.189287
BFGS:  153 21:10:49    -3622.431903        0.200315
BFGS:  154 21:10:51    -3622.433155        0.209161
BFGS:  155 21:10:52    -3622.434413        0.218561
BFGS:  156 21:10:54    -3622.435909        0.220288
BFGS:  157 21:10:55    -3622.437821        0.215780
BFGS:  158 21:10:57    -3622.439999        0.204661
BFGS:  159 21:10:58    -3622.442123        0.193805
BFGS:  160 21:11:00    -3622.444033        0.187283
BFGS:  161 21:11:02    -3622.445879        0.201972
BFGS:  162 21:11:03    -3622.447861        0.237296
BFGS:  163 21:11:05    -3622.449778        0.271362
BFGS:  164 21:11:07    -3622.451434        0.289311
BFGS:  165 21:11:08    -3622.452680        0.293826
BFGS:  166 21:11:10    -3622.453728        0.292224
BFGS:  167 21:11:11    -3622.454579        0.301523
BFGS:  168 21:11:13    -3622.455413        0.297692
BFGS:  169 21:11:14    -3622.456308        0.291234
BFGS:  170 21:11:16    -3622.457340        0.281871
BFGS:  171 21:11:17    -3622.458255        0.275820
BFGS:  172 21:11:19    -3622.458924        0.277058
BFGS:  173 21:11:20    -3622.459529        0.281288
BFGS:  174 21:11:22    -3622.460323        0.290246
BFGS:  175 21:11:23    -3622.461387        0.302189
BFGS:  176 21:11:25    -3622.462631        0.313044
BFGS:  177 21:11:26    -3622.463800        0.316293
BFGS:  178 21:11:28    -3622.464929        0.315112
BFGS:  179 21:11:29    -3622.466202        0.308621
BFGS:  180 21:11:31    -3622.467799        0.299227
BFGS:  181 21:11:33    -3622.469639        0.289343
BFGS:  182 21:11:34    -3622.471510        0.271793
BFGS:  183 21:11:36    -3622.473359        0.258281
BFGS:  184 21:11:37    -3622.475216        0.227766
BFGS:  185 21:11:39    -3622.476979        0.213992
BFGS:  186 21:11:41    -3622.478523        0.186681
BFGS:  187 21:11:42    -3622.479544        0.165831
BFGS:  188 21:11:44    -3622.480238        0.147680
BFGS:  189 21:11:46    -3622.480928        0.132799
BFGS:  190 21:11:47    -3622.481630        0.122398
BFGS:  191 21:11:49    -3622.482354        0.124986
BFGS:  192 21:11:51    -3622.483146        0.131352
BFGS:  193 21:11:52    -3622.484055        0.140402
BFGS:  194 21:11:54    -3622.485052        0.143796
BFGS:  195 21:11:55    -3622.486054        0.137771
BFGS:  196 21:11:57    -3622.487070        0.120902
BFGS:  197 21:11:59    -3622.488212        0.103519
BFGS:  198 21:12:00    -3622.489476        0.097943
BFGS:  199 21:12:02    -3622.490663        0.105457
BFGS:  200 21:12:04    -3622.491491        0.106860
