      Step     Time          Energy          fmax
BFGS:    0 21:05:15    -2270.081559      317.461111
BFGS:    1 21:05:16    -2335.434239       37.124546
BFGS:    2 21:05:17    -2341.166280       71.428947
BFGS:    3 21:05:18    -2350.742325       33.410404
BFGS:    4 21:05:18    -2354.503013       14.964526
BFGS:    5 21:05:19    -2355.544990        9.437138
BFGS:    6 21:05:20    -2356.771811        3.851583
BFGS:    7 21:05:21    -2357.474465        2.018904
BFGS:    8 21:05:21    -2357.687505        1.733903
BFGS:    9 21:05:22    -2357.794295        1.454699
BFGS:   10 21:05:23    -2357.919048        1.502641
BFGS:   11 21:05:24    -2358.018949        1.897456
BFGS:   12 21:05:24    -2358.098549        1.917194
BFGS:   13 21:05:25    -2358.178000        1.528247
BFGS:   14 21:05:26    -2358.254431        0.772013
BFGS:   15 21:05:27    -2358.317213        0.783355
BFGS:   16 21:05:27    -2358.372034        0.626677
BFGS:   17 21:05:28    -2358.449471        1.150256
BFGS:   18 21:05:29    -2358.694077        2.233533
BFGS:   19 21:05:30    -2358.489148        3.266671
BFGS:   20 21:05:31    -2358.911631        1.993007
BFGS:   21 21:05:31    -2359.073255        1.946964
BFGS:   22 21:05:33    -2359.875752        1.708671
BFGS:   23 21:05:33    -2360.093001        1.646083
BFGS:   24 21:05:34    -2360.300487        1.164872
BFGS:   25 21:05:35    -2360.371581        0.759390
BFGS:   26 21:05:36    -2360.471067        0.970968
BFGS:   27 21:05:36    -2360.525335        0.940274
BFGS:   28 21:05:37    -2360.592287        0.853336
BFGS:   29 21:05:38    -2360.669537        0.677352
BFGS:   30 21:05:39    -2360.758339        0.738870
BFGS:   31 21:05:40    -2360.851662        0.659277
BFGS:   32 21:05:40    -2360.919627        0.477760
BFGS:   33 21:05:41    -2360.963095        0.353101
BFGS:   34 21:05:42    -2360.994102        0.434614
BFGS:   35 21:05:42    -2361.021602        0.377267
BFGS:   36 21:05:43    -2361.035252        0.265746
BFGS:   37 21:05:44    -2361.041476        0.149231
BFGS:   38 21:05:44    -2361.046372        0.176302
BFGS:   39 21:05:45    -2361.050939        0.158474
BFGS:   40 21:05:46    -2361.053624        0.078004
BFGS:   41 21:05:46    -2361.054940        0.080250
BFGS:   42 21:05:47    -2361.055942        0.113028
BFGS:   43 21:05:47    -2361.057393        0.132422
BFGS:   44 21:05:48    -2361.059242        0.122251
BFGS:   45 21:05:48    -2361.061192        0.116702
BFGS:   46 21:05:49    -2361.062893        0.083749
BFGS:   47 21:05:50    -2361.064357        0.093261
BFGS:   48 21:05:50    -2361.065705        0.072659
BFGS:   49 21:05:51    -2361.066993        0.093729
BFGS:   50 21:05:52    -2361.068305        0.100015
BFGS:   51 21:05:52    -2361.069796        0.120160
BFGS:   52 21:05:53    -2361.071386        0.115730
BFGS:   53 21:05:53    -2361.072913        0.071983
BFGS:   54 21:05:54    -2361.074394        0.122843
BFGS:   55 21:05:55    -2361.076166        0.175269
BFGS:   56 21:05:55    -2361.078593        0.217852
BFGS:   57 21:05:56    -2361.082299        0.238561
BFGS:   58 21:05:56    -2361.088066        0.229284
BFGS:   59 21:05:57    -2361.097428        0.301280
BFGS:   60 21:05:58    -2361.113204        0.392995
BFGS:   61 21:05:58    -2361.139835        0.503036
BFGS:   62 21:05:59    -2361.173838        0.603580
BFGS:   63 21:06:00    -2361.210493        0.671700
BFGS:   64 21:06:01    -2361.248484        0.724730
BFGS:   65 21:06:01    -2361.287450        0.763611
BFGS:   66 21:06:02    -2361.327441        0.790455
BFGS:   67 21:06:02    -2361.368603        0.808889
BFGS:   68 21:06:03    -2361.411011        0.818875
BFGS:   69 21:06:04    -2361.454696        0.822283
BFGS:   70 21:06:05    -2361.499632        0.819595
BFGS:   71 21:06:05    -2361.545746        0.811367
BFGS:   72 21:06:06    -2361.592924        0.798301
BFGS:   73 21:06:07    -2361.641028        0.781097
BFGS:   74 21:06:07    -2361.689896        0.760398
BFGS:   75 21:06:08    -2361.739418        0.736700
BFGS:   76 21:06:09    -2361.789423        0.710463
BFGS:   77 21:06:09    -2361.839825        0.713529
BFGS:   78 21:06:10    -2361.890491        0.725731
BFGS:   79 21:06:11    -2361.941289        0.735322
BFGS:   80 21:06:11    -2361.992176        0.742446
BFGS:   81 21:06:12    -2362.042919        0.747255
BFGS:   82 21:06:13    -2362.093653        0.749900
BFGS:   83 21:06:13    -2362.144100        0.750542
BFGS:   84 21:06:14    -2362.194300        0.749303
BFGS:   85 21:06:15    -2362.244173        0.746313
BFGS:   86 21:06:15    -2362.293614        0.741694
BFGS:   87 21:06:16    -2362.342704        0.735544
BFGS:   88 21:06:16    -2362.391258        0.727991
BFGS:   89 21:06:17    -2362.439251        0.719106
BFGS:   90 21:06:17    -2362.486748        0.708989
BFGS:   91 21:06:18    -2362.533619        0.697698
BFGS:   92 21:06:18    -2362.579896        0.685378
BFGS:   93 21:06:19    -2362.625550        0.672051
BFGS:   94 21:06:19    -2362.670482        0.657804
BFGS:   95 21:06:20    -2362.714708        0.642708
BFGS:   96 21:06:21    -2362.758207        0.626804
BFGS:   97 21:06:21    -2362.800968        0.610242
BFGS:   98 21:06:22    -2362.842943        0.592962
BFGS:   99 21:06:22    -2362.884170        0.575026
BFGS:  100 21:06:23    -2362.924564        0.556785
BFGS:  101 21:06:23    -2362.964161        0.537801
BFGS:  102 21:06:24    -2363.002911        0.518709
BFGS:  103 21:06:24    -2363.040805        0.499042
BFGS:  104 21:06:25    -2363.077877        0.479023
BFGS:  105 21:06:25    -2363.114105        0.458917
BFGS:  106 21:06:26    -2363.149517        0.438516
BFGS:  107 21:06:26    -2363.184073        0.418081
BFGS:  108 21:06:27    -2363.217773        0.397318
BFGS:  109 21:06:27    -2363.250611        0.376860
BFGS:  110 21:06:28    -2363.282626        0.372848
BFGS:  111 21:06:28    -2363.313833        0.371075
BFGS:  112 21:06:28    -2363.344183        0.368706
BFGS:  113 21:06:29    -2363.373750        0.366364
BFGS:  114 21:06:29    -2363.402485        0.363808
BFGS:  115 21:06:29    -2363.430423        0.360999
BFGS:  116 21:06:30    -2363.457614        0.358008
BFGS:  117 21:06:30    -2363.484016        0.354961
BFGS:  118 21:06:31    -2363.509684        0.351524
BFGS:  119 21:06:31    -2363.534645        0.348210
BFGS:  120 21:06:31    -2363.558909        0.344929
BFGS:  121 21:06:32    -2363.582485        0.346358
BFGS:  122 21:06:32    -2363.605392        0.347304
BFGS:  123 21:06:32    -2363.627702        0.347461
BFGS:  124 21:06:33    -2363.649420        0.347363
BFGS:  125 21:06:33    -2363.670509        0.346489
BFGS:  126 21:06:34    -2363.691102        0.345196
BFGS:  127 21:06:34    -2363.711164        0.343412
BFGS:  128 21:06:34    -2363.730712        0.341151
BFGS:  129 21:06:35    -2363.749802        0.338492
BFGS:  130 21:06:35    -2363.768419        0.335365
BFGS:  131 21:06:35    -2363.786616        0.331896
BFGS:  132 21:06:36    -2363.804395        0.327942
BFGS:  133 21:06:36    -2363.821800        0.323682
BFGS:  134 21:06:37    -2363.838815        0.319200
BFGS:  135 21:06:37    -2363.855503        0.314371
BFGS:  136 21:06:37    -2363.871842        0.309076
BFGS:  137 21:06:38    -2363.887896        0.303844
BFGS:  138 21:06:38    -2363.903614        0.298124
BFGS:  139 21:06:38    -2363.919099        0.292267
BFGS:  140 21:06:39    -2363.934259        0.286010
BFGS:  141 21:06:39    -2363.949228        0.280165
BFGS:  142 21:06:39    -2363.963869        0.273359
BFGS:  143 21:06:40    -2363.978387        0.267488
BFGS:  144 21:06:40    -2363.992535        0.260189
BFGS:  145 21:06:40    -2364.006653        0.254623
BFGS:  146 21:06:41    -2364.020318        0.249708
BFGS:  147 21:06:41    -2364.034086        0.248783
BFGS:  148 21:06:41    -2364.047272        0.243509
BFGS:  149 21:06:42    -2364.060691        0.243308
BFGS:  150 21:06:42    -2364.073473        0.237921
BFGS:  151 21:06:42    -2364.086476        0.236993
BFGS:  152 21:06:43    -2364.098954        0.232613
BFGS:  153 21:06:43    -2364.111528        0.230800
BFGS:  154 21:06:43    -2364.123695        0.227063
BFGS:  155 21:06:44    -2364.135882        0.224445
BFGS:  156 21:06:44    -2364.147757        0.221563
BFGS:  157 21:06:44    -2364.159581        0.218515
BFGS:  158 21:06:45    -2364.171136        0.215690
BFGS:  159 21:06:45    -2364.182621        0.212418
BFGS:  160 21:06:45    -2364.193845        0.209926
BFGS:  161 21:06:46    -2364.205005        0.206208
BFGS:  162 21:06:46    -2364.215893        0.204100
BFGS:  163 21:06:47    -2364.226750        0.199790
BFGS:  164 21:06:47    -2364.237285        0.198784
BFGS:  165 21:06:47    -2364.247859        0.193294
BFGS:  166 21:06:48    -2364.258047        0.192974
BFGS:  167 21:06:48    -2364.268354        0.186850
BFGS:  168 21:06:48    -2364.278179        0.187548
BFGS:  169 21:06:49    -2364.288226        0.180516
BFGS:  170 21:06:49    -2364.297723        0.181969
BFGS:  171 21:06:49    -2364.307480        0.174858
BFGS:  172 21:06:50    -2364.316715        0.175475
BFGS:  173 21:06:50    -2364.326151        0.170061
BFGS:  174 21:06:50    -2364.335158        0.169226
BFGS:  175 21:06:51    -2364.344293        0.164784
BFGS:  176 21:06:51    -2364.353075        0.163351
BFGS:  177 21:06:51    -2364.361940        0.159398
BFGS:  178 21:06:52    -2364.370500        0.157377
BFGS:  179 21:06:52    -2364.379124        0.154064
BFGS:  180 21:06:53    -2364.387466        0.151529
BFGS:  181 21:06:53    -2364.395874        0.150877
BFGS:  182 21:06:53    -2364.404005        0.152092
BFGS:  183 21:06:54    -2364.412217        0.152515
BFGS:  184 21:06:54    -2364.420149        0.153373
BFGS:  185 21:06:54    -2364.428181        0.153532
BFGS:  186 21:06:55    -2364.435927        0.154190
BFGS:  187 21:06:55    -2364.443794        0.153941
BFGS:  188 21:06:55    -2364.451371        0.154387
BFGS:  189 21:06:56    -2364.459080        0.153792
BFGS:  190 21:06:56    -2364.466507        0.154080
BFGS:  191 21:06:57    -2364.474071        0.152944
BFGS:  192 21:06:57    -2364.481355        0.153363
BFGS:  193 21:06:57    -2364.488788        0.151438
BFGS:  194 21:06:58    -2364.495936        0.152243
BFGS:  195 21:06:58    -2364.503257        0.149349
BFGS:  196 21:06:58    -2364.510268        0.150689
BFGS:  197 21:06:59    -2364.517490        0.146866
BFGS:  198 21:06:59    -2364.524375        0.148585
BFGS:  199 21:07:00    -2364.531483        0.144344
BFGS:  200 21:07:00    -2364.538281        0.145696
