      Step     Time          Energy          fmax
BFGS:    0 20:26:10    -2320.233358        8.052967
BFGS:    1 20:26:11    -2327.770753        7.116571
BFGS:    2 20:26:12    -2327.382232       18.916128
BFGS:    3 20:26:12    -2331.609843        4.628804
BFGS:    4 20:26:13    -2332.803034        3.201195
BFGS:    5 20:26:14    -2333.611946        7.138765
BFGS:    6 20:26:14    -2334.480140        2.031197
BFGS:    7 20:26:15    -2334.833459        1.100888
BFGS:    8 20:26:16    -2335.153058        2.079362
BFGS:    9 20:26:16    -2335.326325        1.211159
BFGS:   10 20:26:17    -2335.513190        1.020076
BFGS:   11 20:26:18    -2335.631887        1.226883
BFGS:   12 20:26:18    -2335.791401        0.885862
BFGS:   13 20:26:19    -2335.875018        0.815175
BFGS:   14 20:26:19    -2335.931357        0.488571
BFGS:   15 20:26:20    -2335.992493        0.586561
BFGS:   16 20:26:20    -2336.050771        0.784515
BFGS:   17 20:26:21    -2336.114577        1.053620
BFGS:   18 20:26:21    -2336.172923        0.874396
BFGS:   19 20:26:22    -2336.241510        0.535089
BFGS:   20 20:26:22    -2336.359271        0.714251
BFGS:   21 20:26:23    -2336.459175        0.825911
BFGS:   22 20:26:23    -2336.585238        0.994250
BFGS:   23 20:26:24    -2336.871483        2.067078
BFGS:   24 20:26:25    -2337.021352        3.202301
BFGS:   25 20:26:25    -2337.528729        3.187456
BFGS:   26 20:26:26    -2338.711353        2.308750
BFGS:   27 20:26:27    -2339.642221        3.314169
BFGS:   28 20:26:27    -2340.104589        1.993783
BFGS:   29 20:26:28    -2340.464944        1.387836
BFGS:   30 20:26:29    -2340.667662        1.150330
BFGS:   31 20:26:29    -2340.763744        0.726679
BFGS:   32 20:26:30    -2340.853018        0.761313
BFGS:   33 20:26:30    -2340.918656        0.575925
BFGS:   34 20:26:31    -2340.978099        0.483152
BFGS:   35 20:26:31    -2341.043625        0.452799
BFGS:   36 20:26:32    -2341.108866        0.612813
BFGS:   37 20:26:33    -2341.165050        0.661071
BFGS:   38 20:26:33    -2341.200125        0.389301
BFGS:   39 20:26:34    -2341.223707        0.359163
BFGS:   40 20:26:34    -2341.235900        0.357584
BFGS:   41 20:26:35    -2341.243444        0.177153
BFGS:   42 20:26:35    -2341.252085        0.168160
BFGS:   43 20:26:36    -2341.259991        0.146077
BFGS:   44 20:26:36    -2341.262404        0.081497
BFGS:   45 20:26:37    -2341.263577        0.086691
BFGS:   46 20:26:37    -2341.264150        0.055483
BFGS:   47 20:26:38    -2341.264622        0.053310
BFGS:   48 20:26:38    -2341.265110        0.029835
BFGS:   49 20:26:38    -2341.265301        0.028210
BFGS:   50 20:26:39    -2341.265534        0.026680
BFGS:   51 20:26:39    -2341.265731        0.028607
BFGS:   52 20:26:40    -2341.265932        0.037267
BFGS:   53 20:26:40    -2341.266136        0.039937
BFGS:   54 20:26:40    -2341.266432        0.040461
BFGS:   55 20:26:41    -2341.266867        0.041411
BFGS:   56 20:26:41    -2341.267470        0.050774
BFGS:   57 20:26:42    -2341.268257        0.054762
BFGS:   58 20:26:42    -2341.269439        0.081785
BFGS:   59 20:26:43    -2341.271539        0.111182
BFGS:   60 20:26:43    -2341.275490        0.206384
BFGS:   61 20:26:44    -2341.281466        0.306340
BFGS:   62 20:26:44    -2341.288570        0.323972
BFGS:   63 20:26:45    -2341.298996        0.244018
BFGS:   64 20:26:45    -2341.307008        0.258918
BFGS:   65 20:26:46    -2341.315242        0.314085
BFGS:   66 20:26:46    -2341.323839        0.419802
BFGS:   67 20:26:46    -2341.342590        0.523056
BFGS:   68 20:26:47    -2341.416670        1.375551
BFGS:   69 20:26:48    -2341.708936        1.865494
BFGS:   70 20:26:48    -2342.179034        2.972419
BFGS:   71 20:26:49    -2341.465415       12.140688
BFGS:   72 20:26:49    -2342.947500        2.680336
BFGS:   73 20:26:50    -2343.263212        1.764983
BFGS:   74 20:26:50    -2343.283891        2.001851
BFGS:   75 20:26:51    -2343.802992        0.838940
BFGS:   76 20:26:51    -2344.004795        0.793962
BFGS:   77 20:26:51    -2344.180623        1.079245
BFGS:   78 20:26:52    -2344.328766        1.113187
BFGS:   79 20:26:52    -2344.422399        1.044751
BFGS:   80 20:26:53    -2344.489009        1.275892
BFGS:   81 20:26:53    -2344.549263        1.625559
BFGS:   82 20:26:54    -2344.817363        3.005029
BFGS:   83 20:26:54    -2345.321080        2.682932
BFGS:   84 20:26:55    -2345.681453        2.994203
BFGS:   85 20:26:55    -2346.483721        3.557177
BFGS:   86 20:26:56    -2347.622249        3.331145
BFGS:   87 20:26:56    -2348.150764        3.201739
BFGS:   88 20:26:57    -2349.002907        3.338021
BFGS:   89 20:26:57    -2349.480684        1.493770
BFGS:   90 20:26:58    -2349.833789        1.367376
BFGS:   91 20:26:58    -2350.248371        2.857326
BFGS:   92 20:26:59    -2350.453030        0.765725
BFGS:   93 20:26:59    -2350.562377        0.678028
BFGS:   94 20:27:00    -2350.689978        0.700954
BFGS:   95 20:27:00    -2350.797697        0.736257
BFGS:   96 20:27:00    -2350.925529        0.612520
BFGS:   97 20:27:01    -2350.990729        0.729373
BFGS:   98 20:27:01    -2351.092638        0.699012
BFGS:   99 20:27:02    -2351.200256        1.044541
BFGS:  100 20:27:02    -2351.333055        1.084593
BFGS:  101 20:27:03    -2351.438432        0.997670
BFGS:  102 20:27:03    -2351.512321        0.813879
BFGS:  103 20:27:03    -2351.571587        0.761442
BFGS:  104 20:27:04    -2351.619174        0.698325
BFGS:  105 20:27:04    -2351.653632        0.550829
BFGS:  106 20:27:05    -2351.678627        0.646578
BFGS:  107 20:27:05    -2351.702815        0.803938
BFGS:  108 20:27:05    -2351.727840        1.032082
BFGS:  109 20:27:06    -2351.745214        0.899442
BFGS:  110 20:27:06    -2351.756623        0.747238
BFGS:  111 20:27:06    -2351.767586        0.723625
BFGS:  112 20:27:07    -2351.782465        0.700170
BFGS:  113 20:27:07    -2351.802652        0.686266
BFGS:  114 20:27:07    -2351.825302        0.572550
BFGS:  115 20:27:08    -2351.847127        0.495025
BFGS:  116 20:27:08    -2351.865078        0.523569
BFGS:  117 20:27:09    -2351.878361        0.514154
BFGS:  118 20:27:09    -2351.888232        0.326035
BFGS:  119 20:27:10    -2351.895787        0.159085
BFGS:  120 20:27:10    -2351.900964        0.186264
BFGS:  121 20:27:10    -2351.904184        0.265476
BFGS:  122 20:27:11    -2351.906302        0.262068
BFGS:  123 20:27:11    -2351.908029        0.285819
BFGS:  124 20:27:11    -2351.909559        0.251456
BFGS:  125 20:27:12    -2351.910720        0.165690
BFGS:  126 20:27:12    -2351.911559        0.121214
BFGS:  127 20:27:12    -2351.912319        0.097189
BFGS:  128 20:27:13    -2351.913185        0.107377
BFGS:  129 20:27:13    -2351.914097        0.095305
BFGS:  130 20:27:13    -2351.914784        0.057684
BFGS:  131 20:27:14    -2351.915141        0.035080
BFGS:  132 20:27:14    -2351.915328        0.051308
BFGS:  133 20:27:14    -2351.915474        0.051609
BFGS:  134 20:27:14    -2351.915588        0.040925
BFGS:  135 20:27:15    -2351.915651        0.033806
BFGS:  136 20:27:15    -2351.915685        0.028347
BFGS:  137 20:27:15    -2351.915711        0.026122
BFGS:  138 20:27:15    -2351.915735        0.017357
BFGS:  139 20:27:16    -2351.915750        0.008652
