      Step     Time          Energy          fmax
BFGS:    0 10:13:50    -2829.473417        0.940630
BFGS:    1 10:13:50    -2829.497604        0.857903
BFGS:    2 10:13:51    -2829.546834        0.801025
BFGS:    3 10:13:52    -2829.579825        0.222456
BFGS:    4 10:13:52    -2829.583757        0.043019
BFGS:    5 10:13:52    -2829.583898        0.003156
      Step     Time          Energy          fmax
BFGS:    0 12:49:50    -2792.774998       14.768169
BFGS:    1 12:49:52    -2802.080524        5.656570
BFGS:    2 12:49:53    -2806.749978        6.632559
BFGS:    3 12:49:54    -2811.727855       14.354458
BFGS:    4 12:49:54    -2815.874754       21.385683
BFGS:    5 12:49:55    -2818.518243       18.429596
BFGS:    6 12:49:56    -2823.838240        4.438276
BFGS:    7 12:49:57    -2825.513760        3.081301
BFGS:    8 12:49:58    -2826.798801        2.801488
BFGS:    9 12:49:58    -2828.022423        3.606260
BFGS:   10 12:49:59    -2828.897184        3.234324
BFGS:   11 12:49:59    -2829.628767        2.209237
BFGS:   12 12:50:00    -2830.128994        1.734211
BFGS:   13 12:50:00    -2831.046847        2.957248
BFGS:   14 12:50:01    -2831.486566        3.228844
BFGS:   15 12:50:01    -2832.025677        1.703317
BFGS:   16 12:50:02    -2832.340469        0.950982
BFGS:   17 12:50:02    -2832.617046        0.902781
BFGS:   18 12:50:03    -2832.776623        0.676167
BFGS:   19 12:50:03    -2832.902135        0.554606
BFGS:   20 12:50:03    -2833.031240        0.643760
BFGS:   21 12:50:04    -2833.132299        0.678617
BFGS:   22 12:50:04    -2833.202559        0.535765
BFGS:   23 12:50:05    -2833.238514        0.326710
BFGS:   24 12:50:05    -2833.261760        0.482964
BFGS:   25 12:50:06    -2833.279432        0.642538
BFGS:   26 12:50:06    -2833.303714        0.428347
BFGS:   27 12:50:06    -2833.345366        0.456058
BFGS:   28 12:50:07    -2833.387346        0.539781
BFGS:   29 12:50:07    -2833.430084        0.455723
BFGS:   30 12:50:08    -2833.471861        0.453815
BFGS:   31 12:50:08    -2833.508476        0.439102
BFGS:   32 12:50:08    -2833.535789        0.267258
BFGS:   33 12:50:09    -2833.553107        0.227187
BFGS:   34 12:50:09    -2833.564867        0.212548
BFGS:   35 12:50:10    -2833.575329        0.281041
BFGS:   36 12:50:10    -2833.585960        0.225516
BFGS:   37 12:50:10    -2833.594606        0.164388
BFGS:   38 12:50:11    -2833.600180        0.130137
BFGS:   39 12:50:11    -2833.604236        0.106741
BFGS:   40 12:50:11    -2833.607811        0.114325
BFGS:   41 12:50:12    -2833.610726        0.099567
BFGS:   42 12:50:12    -2833.613047        0.081132
BFGS:   43 12:50:12    -2833.615456        0.093234
BFGS:   44 12:50:13    -2833.618931        0.122136
BFGS:   45 12:50:13    -2833.624047        0.137552
BFGS:   46 12:50:13    -2833.630662        0.170901
BFGS:   47 12:50:14    -2833.638693        0.185202
BFGS:   48 12:50:14    -2833.649246        0.243918
BFGS:   49 12:50:14    -2833.665238        0.259700
BFGS:   50 12:50:15    -2833.689117        0.266553
BFGS:   51 12:50:15    -2833.717333        0.303231
BFGS:   52 12:50:16    -2833.747022        0.273682
BFGS:   53 12:50:16    -2833.782362        0.282006
BFGS:   54 12:50:17    -2833.815571        0.350468
BFGS:   55 12:50:17    -2833.861396        0.391833
BFGS:   56 12:50:18    -2833.903676        0.395863
BFGS:   57 12:50:18    -2833.938632        0.363905
BFGS:   58 12:50:18    -2833.964122        0.231987
BFGS:   59 12:50:19    -2833.985324        0.213516
BFGS:   60 12:50:19    -2834.002774        0.189505
BFGS:   61 12:50:20    -2834.014353        0.211303
BFGS:   62 12:50:20    -2834.020483        0.140864
BFGS:   63 12:50:20    -2834.023892        0.103272
BFGS:   64 12:50:21    -2834.026644        0.087625
BFGS:   65 12:50:21    -2834.029478        0.131313
BFGS:   66 12:50:22    -2834.031816        0.125175
BFGS:   67 12:50:22    -2834.033591        0.069260
BFGS:   68 12:50:22    -2834.034871        0.059682
BFGS:   69 12:50:23    -2834.035526        0.049458
BFGS:   70 12:50:23    -2834.035858        0.030855
BFGS:   71 12:50:23    -2834.036075        0.018377
BFGS:   72 12:50:23    -2834.036242        0.027881
BFGS:   73 12:50:24    -2834.036361        0.031182
BFGS:   74 12:50:24    -2834.036453        0.028300
BFGS:   75 12:50:25    -2834.036542        0.028655
BFGS:   76 12:50:25    -2834.036649        0.036372
BFGS:   77 12:50:25    -2834.036818        0.052619
BFGS:   78 12:50:26    -2834.037241        0.085182
BFGS:   79 12:50:26    -2834.037410        0.157559
BFGS:   80 12:50:27    -2834.039021        0.140594
BFGS:   81 12:50:27    -2834.041021        0.152503
BFGS:   82 12:50:28    -2833.909154        2.624483
BFGS:   83 12:50:29    -2834.048974        0.170053
BFGS:   84 12:50:29    -2834.053585        0.163447
BFGS:   85 12:50:30    -2833.925030        2.658976
BFGS:   86 12:50:31    -2834.058425        0.144545
BFGS:   87 12:50:31    -2834.061695        0.106606
BFGS:   88 12:50:32    -2834.059812        0.544731
BFGS:   89 12:50:33    -2834.066835        0.061577
BFGS:   90 12:50:33    -2834.068018        0.089389
BFGS:   91 12:50:34    -2834.070225        0.225510
BFGS:   92 12:50:34    -2834.072114        0.233343
BFGS:   93 12:50:35    -2834.080192        0.149774
BFGS:   94 12:50:35    -2834.085061        0.200068
BFGS:   95 12:50:36    -2834.085567        0.728227
BFGS:   96 12:50:37    -2834.096047        0.458928
BFGS:   97 12:50:38    -2834.104927        0.301522
BFGS:   98 12:50:38    -2834.111057        0.916700
BFGS:   99 12:50:39    -2834.129231        0.276346
BFGS:  100 12:50:40    -2834.138359        0.191031
BFGS:  101 12:50:41    -2834.150712        0.383980
BFGS:  102 12:50:41    -2834.156809        0.141796
BFGS:  103 12:50:42    -2834.160027        0.125187
BFGS:  104 12:50:42    -2834.165960        0.152771
BFGS:  105 12:50:43    -2834.167793        0.097601
BFGS:  106 12:50:43    -2834.172110        0.076986
BFGS:  107 12:50:44    -2834.174401        0.107950
BFGS:  108 12:50:44    -2834.176888        0.105034
BFGS:  109 12:50:45    -2834.179284        0.087884
BFGS:  110 12:50:45    -2834.182088        0.108973
BFGS:  111 12:50:46    -2834.184882        0.083897
BFGS:  112 12:50:46    -2834.187844        0.111986
BFGS:  113 12:50:47    -2834.191175        0.111508
BFGS:  114 12:50:47    -2834.194793        0.113250
BFGS:  115 12:50:48    -2834.198399        0.135861
BFGS:  116 12:50:48    -2834.202005        0.133107
BFGS:  117 12:50:49    -2834.206029        0.122174
BFGS:  118 12:50:49    -2834.210721        0.133134
BFGS:  119 12:50:50    -2834.215408        0.115689
BFGS:  120 12:50:50    -2834.219050        0.087998
BFGS:  121 12:50:51    -2834.221181        0.064934
BFGS:  122 12:50:51    -2834.222451        0.062842
BFGS:  123 12:50:52    -2834.223563        0.050970
BFGS:  124 12:50:52    -2834.224653        0.047393
BFGS:  125 12:50:53    -2834.225718        0.052217
BFGS:  126 12:50:53    -2834.226781        0.079911
BFGS:  127 12:50:53    -2834.227829        0.079569
BFGS:  128 12:50:54    -2834.228844        0.050594
BFGS:  129 12:50:54    -2834.229731        0.048153
BFGS:  130 12:50:54    -2834.230504        0.057191
BFGS:  131 12:50:55    -2834.231242        0.058206
BFGS:  132 12:50:55    -2834.231957        0.050358
BFGS:  133 12:50:56    -2834.232655        0.036564
BFGS:  134 12:50:56    -2834.233214        0.046629
BFGS:  135 12:50:56    -2834.233670        0.052963
BFGS:  136 12:50:57    -2834.234066        0.037978
BFGS:  137 12:50:57    -2834.234446        0.035316
BFGS:  138 12:50:58    -2834.234835        0.033817
BFGS:  139 12:50:58    -2834.235195        0.042682
BFGS:  140 12:50:59    -2834.235548        0.038590
BFGS:  141 12:50:59    -2834.235863        0.026968
BFGS:  142 12:50:59    -2834.236140        0.033692
BFGS:  143 12:51:00    -2834.236415        0.033228
BFGS:  144 12:51:00    -2834.236763        0.031204
BFGS:  145 12:51:00    -2834.237249        0.039557
BFGS:  146 12:51:01    -2834.237902        0.046917
BFGS:  147 12:51:01    -2834.238686        0.055424
BFGS:  148 12:51:02    -2834.239473        0.063588
BFGS:  149 12:51:02    -2834.240207        0.055747
BFGS:  150 12:51:03    -2834.240945        0.052250
BFGS:  151 12:51:03    -2834.241686        0.048697
BFGS:  152 12:51:03    -2834.242300        0.041015
BFGS:  153 12:51:04    -2834.242693        0.031980
BFGS:  154 12:51:04    -2834.242907        0.021272
BFGS:  155 12:51:04    -2834.243067        0.024022
BFGS:  156 12:51:05    -2834.243229        0.033361
BFGS:  157 12:51:05    -2834.243396        0.032723
BFGS:  158 12:51:06    -2834.243539        0.020355
BFGS:  159 12:51:06    -2834.243639        0.016102
BFGS:  160 12:51:06    -2834.243716        0.014857
BFGS:  161 12:51:06    -2834.243796        0.017527
BFGS:  162 12:51:07    -2834.243905        0.022498
BFGS:  163 12:51:07    -2834.244077        0.028413
BFGS:  164 12:51:07    -2834.244313        0.032612
BFGS:  165 12:51:08    -2834.244606        0.031767
BFGS:  166 12:51:08    -2834.244895        0.031044
BFGS:  167 12:51:08    -2834.245141        0.028251
BFGS:  168 12:51:09    -2834.245318        0.034334
BFGS:  169 12:51:09    -2834.245484        0.030311
BFGS:  170 12:51:09    -2834.245658        0.026365
BFGS:  171 12:51:10    -2834.245852        0.028412
BFGS:  172 12:51:10    -2834.246046        0.030251
BFGS:  173 12:51:11    -2834.246218        0.030744
BFGS:  174 12:51:11    -2834.246376        0.029822
BFGS:  175 12:51:11    -2834.246539        0.028047
BFGS:  176 12:51:12    -2834.246724        0.025248
BFGS:  177 12:51:12    -2834.246919        0.021813
BFGS:  178 12:51:12    -2834.247143        0.021632
BFGS:  179 12:51:13    -2834.247338        0.020323
BFGS:  180 12:51:13    -2834.247491        0.018685
BFGS:  181 12:51:13    -2834.247599        0.017842
BFGS:  182 12:51:14    -2834.247679        0.015665
BFGS:  183 12:51:14    -2834.247752        0.013558
BFGS:  184 12:51:14    -2834.247815        0.011249
BFGS:  185 12:51:15    -2834.247858        0.008030
