      Step     Time          Energy          fmax
BFGS:    0 20:31:58    -2451.319999        7.867165
BFGS:    1 20:31:59    -2458.764326        6.889458
BFGS:    2 20:32:00    -2457.811943       19.885015
BFGS:    3 20:32:00    -2462.500432        4.542633
BFGS:    4 20:32:01    -2463.542940        2.711263
BFGS:    5 20:32:02    -2464.113931        2.601853
BFGS:    6 20:32:02    -2464.424130        1.146829
BFGS:    7 20:32:03    -2464.624660        0.683374
BFGS:    8 20:32:03    -2464.876357        0.891445
BFGS:    9 20:32:04    -2464.955424        0.900955
BFGS:   10 20:32:05    -2465.042907        0.422922
BFGS:   11 20:32:05    -2465.112887        0.415890
BFGS:   12 20:32:06    -2465.176271        0.345900
BFGS:   13 20:32:06    -2465.218361        0.391636
BFGS:   14 20:32:07    -2465.261873        0.436362
BFGS:   15 20:32:07    -2465.328518        1.112371
BFGS:   16 20:32:08    -2465.371964        0.780805
BFGS:   17 20:32:09    -2465.418294        0.743942
BFGS:   18 20:32:09    -2465.481684        0.649386
BFGS:   19 20:32:10    -2465.573570        1.205004
BFGS:   20 20:32:11    -2465.721858        4.039078
BFGS:   21 20:32:11    -2466.122792        5.483407
BFGS:   22 20:32:12    -2466.175648        6.849858
BFGS:   23 20:32:13    -2466.511936        5.054537
BFGS:   24 20:32:13    -2466.638453        5.668078
BFGS:   25 20:32:14    -2466.781475        5.740544
BFGS:   26 20:32:14    -2466.975617        5.609117
BFGS:   27 20:32:15    -2467.110625        5.207829
BFGS:   28 20:32:15    -2467.239194        4.327069
BFGS:   29 20:32:16    -2467.330958        4.431553
BFGS:   30 20:32:17    -2467.428525        4.516810
BFGS:   31 20:32:17    -2467.590087        4.663502
BFGS:   32 20:32:18    -2467.663138        4.496126
BFGS:   33 20:32:18    -2467.744156        4.191452
BFGS:   34 20:32:19    -2467.794494        3.941942
BFGS:   35 20:32:19    -2467.846249        3.874566
BFGS:   36 20:32:20    -2467.895877        3.802325
BFGS:   37 20:32:20    -2467.950302        3.929841
BFGS:   38 20:32:21    -2467.999142        4.062828
BFGS:   39 20:32:21    -2468.041962        4.183640
BFGS:   40 20:32:22    -2468.079440        4.113352
BFGS:   41 20:32:22    -2468.115813        4.077774
BFGS:   42 20:32:23    -2468.148803        3.825920
BFGS:   43 20:32:23    -2468.184488        3.682495
BFGS:   44 20:32:24    -2468.234384        3.435471
BFGS:   45 20:32:24    -2468.309073        3.195777
BFGS:   46 20:32:25    -2468.398917        3.248605
BFGS:   47 20:32:25    -2468.492342        3.190654
BFGS:   48 20:32:26    -2468.595808        2.993259
BFGS:   49 20:32:27    -2468.775269        3.360160
BFGS:   50 20:32:28    -2468.968814        3.340115
BFGS:   51 20:32:28    -2469.326922        2.927339
BFGS:   52 20:32:29    -2469.590774        2.937479
BFGS:   53 20:32:30    -2469.699127        2.246383
BFGS:   54 20:32:30    -2469.775983        2.231812
BFGS:   55 20:32:31    -2469.870626        2.117190
BFGS:   56 20:32:31    -2469.967703        2.545326
BFGS:   57 20:32:32    -2470.029742        2.494871
BFGS:   58 20:32:32    -2470.070508        2.519942
BFGS:   59 20:32:33    -2470.119135        2.439455
BFGS:   60 20:32:33    -2470.156545        2.427243
BFGS:   61 20:32:34    -2470.182110        2.324619
BFGS:   62 20:32:34    -2470.198149        2.216793
BFGS:   63 20:32:35    -2470.210474        2.174040
BFGS:   64 20:32:35    -2470.221344        2.163455
BFGS:   65 20:32:36    -2470.230258        2.154041
BFGS:   66 20:32:36    -2470.238018        2.127088
BFGS:   67 20:32:37    -2470.247644        2.148796
BFGS:   68 20:32:37    -2470.261167        2.190228
BFGS:   69 20:32:38    -2470.278107        2.225097
BFGS:   70 20:32:38    -2470.295374        2.235021
BFGS:   71 20:32:38    -2470.311606        2.222301
BFGS:   72 20:32:39    -2470.328660        2.193048
BFGS:   73 20:32:39    -2470.352420        2.148712
BFGS:   74 20:32:40    -2470.389063        2.055036
BFGS:   75 20:32:40    -2470.439304        1.906344
BFGS:   76 20:32:41    -2470.506294        1.682399
BFGS:   77 20:32:42    -2470.606502        1.403275
BFGS:   78 20:32:42    -2470.737761        1.888147
BFGS:   79 20:32:43    -2470.991106        2.782202
BFGS:   80 20:32:43    -2470.884884        3.897477
BFGS:   81 20:32:44    -2470.833391        3.471984
BFGS:   82 20:32:44    -2470.434181        8.631808
BFGS:   83 20:32:45    -2471.549726        3.374112
BFGS:   84 20:32:45    -2471.583857        3.205515
BFGS:   85 20:32:46    -2471.786390        3.052807
BFGS:   86 20:32:46    -2471.959696        3.188550
BFGS:   87 20:32:47    -2472.311434        3.109271
BFGS:   88 20:32:47    -2472.589282        3.560736
BFGS:   89 20:32:48    -2472.999638        4.268020
BFGS:   90 20:32:49    -2473.530540        4.033713
BFGS:   91 20:32:49    -2473.834579        3.735323
BFGS:   92 20:32:50    -2474.175932        3.662372
BFGS:   93 20:32:50    -2474.461600        3.353234
BFGS:   94 20:32:51    -2474.727200        3.403721
BFGS:   95 20:32:51    -2474.913980        3.624473
BFGS:   96 20:32:52    -2475.018792        3.548910
BFGS:   97 20:32:52    -2475.110769        3.441349
BFGS:   98 20:32:53    -2475.179269        3.226804
BFGS:   99 20:32:53    -2475.228210        2.891359
BFGS:  100 20:32:54    -2475.262535        2.784301
BFGS:  101 20:32:54    -2475.294905        2.690913
BFGS:  102 20:32:55    -2475.333164        2.722490
BFGS:  103 20:32:55    -2475.368482        2.786188
BFGS:  104 20:32:56    -2475.397979        2.816274
BFGS:  105 20:32:56    -2475.428542        2.781636
BFGS:  106 20:32:56    -2475.466474        2.637809
BFGS:  107 20:32:57    -2475.508475        2.391372
BFGS:  108 20:32:57    -2475.547532        2.093050
BFGS:  109 20:32:58    -2475.584248        1.856981
BFGS:  110 20:32:58    -2475.624651        1.614174
BFGS:  111 20:32:58    -2475.671050        1.497960
BFGS:  112 20:32:59    -2475.728107        1.404527
BFGS:  113 20:32:59    -2475.802801        1.381130
BFGS:  114 20:33:00    -2475.945158        2.254890
BFGS:  115 20:33:01    -2475.880759        2.696694
BFGS:  116 20:33:01    -2476.145579        2.129715
BFGS:  117 20:33:02    -2476.299712        1.945883
BFGS:  118 20:33:02    -2476.550949        1.531275
BFGS:  119 20:33:03    -2476.685707        1.540571
BFGS:  120 20:33:03    -2476.792995        1.480965
BFGS:  121 20:33:03    -2476.874649        1.215211
BFGS:  122 20:33:04    -2476.960194        1.143409
BFGS:  123 20:33:04    -2476.978431        1.177553
BFGS:  124 20:33:05    -2476.994689        1.247969
BFGS:  125 20:33:05    -2477.007726        1.303897
BFGS:  126 20:33:06    -2477.019849        1.317111
BFGS:  127 20:33:06    -2477.028807        1.304993
BFGS:  128 20:33:06    -2477.035550        1.296477
BFGS:  129 20:33:07    -2477.040172        1.296809
BFGS:  130 20:33:07    -2477.043635        1.308186
BFGS:  131 20:33:07    -2477.046957        1.324214
BFGS:  132 20:33:08    -2477.050192        1.337103
BFGS:  133 20:33:08    -2477.053260        1.347685
BFGS:  134 20:33:09    -2477.055981        1.341023
BFGS:  135 20:33:09    -2477.058755        1.334781
BFGS:  136 20:33:09    -2477.061632        1.309121
BFGS:  137 20:33:10    -2477.064507        1.294828
BFGS:  138 20:33:10    -2477.067130        1.264977
BFGS:  139 20:33:10    -2477.069588        1.256928
BFGS:  140 20:33:11    -2477.072250        1.236603
BFGS:  141 20:33:11    -2477.075141        1.237704
BFGS:  142 20:33:11    -2477.077677        1.230313
BFGS:  143 20:33:12    -2477.079533        1.241726
BFGS:  144 20:33:12    -2477.081070        1.241562
BFGS:  145 20:33:12    -2477.082734        1.254070
BFGS:  146 20:33:13    -2477.084635        1.257168
BFGS:  147 20:33:13    -2477.086559        1.268096
BFGS:  148 20:33:13    -2477.088534        1.265778
BFGS:  149 20:33:14    -2477.091072        1.268219
BFGS:  150 20:33:14    -2477.095180        1.261251
BFGS:  151 20:33:14    -2477.101618        1.257007
BFGS:  152 20:33:15    -2477.109783        1.237953
BFGS:  153 20:33:15    -2477.117656        1.217521
BFGS:  154 20:33:16    -2477.124223        1.187786
BFGS:  155 20:33:16    -2477.130582        1.161387
BFGS:  156 20:33:16    -2477.138042        1.156852
BFGS:  157 20:33:17    -2477.146958        1.166651
BFGS:  158 20:33:17    -2477.155814        1.128804
BFGS:  159 20:33:17    -2477.163819        1.055614
BFGS:  160 20:33:18    -2477.171839        0.976992
BFGS:  161 20:33:18    -2477.181163        0.985271
BFGS:  162 20:33:19    -2477.191947        1.150680
BFGS:  163 20:33:19    -2477.202699        1.287853
BFGS:  164 20:33:19    -2477.212526        1.323992
BFGS:  165 20:33:20    -2477.221711        1.280608
BFGS:  166 20:33:20    -2477.231066        1.192044
BFGS:  167 20:33:21    -2477.240042        1.200793
BFGS:  168 20:33:21    -2477.247519        1.186763
BFGS:  169 20:33:21    -2477.254030        1.112698
BFGS:  170 20:33:22    -2477.259242        1.112684
BFGS:  171 20:33:22    -2477.264441        1.156311
BFGS:  172 20:33:23    -2477.271420        1.192897
BFGS:  173 20:33:23    -2477.277726        1.160243
BFGS:  174 20:33:23    -2477.282834        1.110331
BFGS:  175 20:33:24    -2477.286613        1.068461
BFGS:  176 20:33:24    -2477.289811        1.088266
BFGS:  177 20:33:24    -2477.292836        1.088448
BFGS:  178 20:33:25    -2477.295906        1.074583
BFGS:  179 20:33:25    -2477.299058        1.056279
BFGS:  180 20:33:25    -2477.302214        1.037462
BFGS:  181 20:33:26    -2477.305112        1.035818
BFGS:  182 20:33:26    -2477.307427        1.032337
BFGS:  183 20:33:26    -2477.309013        1.059014
BFGS:  184 20:33:27    -2477.310006        1.057072
BFGS:  185 20:33:27    -2477.310694        1.070596
BFGS:  186 20:33:27    -2477.311320        1.065784
BFGS:  187 20:33:28    -2477.311940        1.064158
BFGS:  188 20:33:28    -2477.312566        1.054177
BFGS:  189 20:33:28    -2477.313149        1.046402
BFGS:  190 20:33:29    -2477.313772        1.033766
BFGS:  191 20:33:29    -2477.314552        1.020925
BFGS:  192 20:33:29    -2477.315622        1.001763
BFGS:  193 20:33:30    -2477.317016        0.994429
BFGS:  194 20:33:30    -2477.318615        0.992219
BFGS:  195 20:33:30    -2477.320324        0.987765
BFGS:  196 20:33:31    -2477.321995        1.001509
BFGS:  197 20:33:31    -2477.323518        1.028075
BFGS:  198 20:33:31    -2477.324762        1.041459
BFGS:  199 20:33:32    -2477.325709        1.037774
BFGS:  200 20:33:32    -2477.326409        1.017030
