      Step     Time          Energy          fmax
BFGS:    0 12:22:03    -2004.906896        6.851467
BFGS:    1 12:22:04    -2006.517773       10.596122
BFGS:    2 12:22:04    -2008.038322        2.609642
BFGS:    3 12:22:05    -2009.371362        2.951604
BFGS:    4 12:22:05    -2014.583703        3.261630
BFGS:    5 12:22:06    -2019.078052        6.436426
BFGS:    6 12:22:06    -2022.908256       11.109972
BFGS:    7 12:22:07    -2026.389799       15.015641
BFGS:    8 12:22:07    -2029.190224       12.452786
BFGS:    9 12:22:08    -2034.931684        8.361593
BFGS:   10 12:22:08    -2039.555934        6.557853
BFGS:   11 12:22:08    -2043.216002        7.094891
BFGS:   12 12:22:09    -2045.097249        6.330258
BFGS:   13 12:22:09    -2046.464279        5.810438
BFGS:   14 12:22:09    -2047.004429        1.895082
BFGS:   15 12:22:09    -2047.173070        0.928639
BFGS:   16 12:22:10    -2047.254223        0.943813
BFGS:   17 12:22:10    -2047.305871        0.950801
BFGS:   18 12:22:10    -2047.323145        2.631463
BFGS:   19 12:22:10    -2047.402662        1.084135
BFGS:   20 12:22:10    -2047.440141        0.963880
BFGS:   21 12:22:11    -2047.583795        1.561613
BFGS:   22 12:22:11    -2047.806917        1.976595
BFGS:   23 12:22:12    -2048.496827        4.240658
BFGS:   24 12:22:12    -2047.608593        4.293746
BFGS:   25 12:22:12    -2048.631769        4.114325
BFGS:   26 12:22:13    -2048.701137        4.042322
BFGS:   27 12:22:13    -2048.968522        2.593085
BFGS:   28 12:22:13    -2049.131302        3.083009
BFGS:   29 12:22:14    -2049.550963        3.978161
BFGS:   30 12:22:14    -2049.770194        4.141390
BFGS:   31 12:22:15    -2050.079447        4.095318
BFGS:   32 12:22:15    -2050.380543        3.553761
BFGS:   33 12:22:15    -2050.680359        2.295425
BFGS:   34 12:22:16    -2050.899841        1.667260
BFGS:   35 12:22:16    -2051.136759        1.365545
BFGS:   36 12:22:16    -2051.314890        1.316787
BFGS:   37 12:22:17    -2051.475963        1.302284
BFGS:   38 12:22:17    -2051.662948        1.190013
BFGS:   39 12:22:17    -2051.896964        1.487293
BFGS:   40 12:22:18    -2052.084205        1.385160
BFGS:   41 12:22:18    -2052.196305        1.212168
BFGS:   42 12:22:18    -2052.278702        0.778687
BFGS:   43 12:22:19    -2052.325912        0.648163
BFGS:   44 12:22:19    -2052.362502        0.662365
BFGS:   45 12:22:19    -2052.388035        0.632721
BFGS:   46 12:22:20    -2052.406101        0.543249
BFGS:   47 12:22:20    -2052.421229        0.456737
BFGS:   48 12:22:20    -2052.432889        0.468119
BFGS:   49 12:22:20    -2052.439595        0.491487
BFGS:   50 12:22:21    -2052.443893        0.463107
BFGS:   51 12:22:21    -2052.447679        0.418414
BFGS:   52 12:22:21    -2052.451503        0.362125
BFGS:   53 12:22:21    -2052.455090        0.332175
BFGS:   54 12:22:21    -2052.458618        0.338958
BFGS:   55 12:22:22    -2052.462670        0.348802
BFGS:   56 12:22:22    -2052.467342        0.363334
BFGS:   57 12:22:22    -2052.471992        0.379224
BFGS:   58 12:22:22    -2052.476169        0.391112
BFGS:   59 12:22:22    -2052.480498        0.397541
BFGS:   60 12:22:23    -2052.486271        0.399198
BFGS:   61 12:22:23    -2052.494071        0.398556
BFGS:   62 12:22:23    -2052.502798        0.389220
BFGS:   63 12:22:23    -2052.510414        0.378713
BFGS:   64 12:22:24    -2052.516502        0.373170
BFGS:   65 12:22:24    -2052.522642        0.367228
BFGS:   66 12:22:24    -2052.530743        0.357287
BFGS:   67 12:22:25    -2052.542299        0.346631
BFGS:   68 12:22:25    -2052.572026        0.611014
BFGS:   69 12:22:25    -2052.612019        0.975040
BFGS:   70 12:22:25    -2052.642563        1.300991
BFGS:   71 12:22:26    -2052.707170        1.137821
BFGS:   72 12:22:26    -2052.787259        0.960556
BFGS:   73 12:22:26    -2052.856138        0.922992
BFGS:   74 12:22:27    -2052.897137        0.796082
BFGS:   75 12:22:27    -2052.937227        0.653655
BFGS:   76 12:22:27    -2052.962326        0.798008
BFGS:   77 12:22:27    -2052.999088        0.564758
BFGS:   78 12:22:28    -2053.009296        0.403346
BFGS:   79 12:22:28    -2053.016622        0.357404
BFGS:   80 12:22:28    -2053.023163        0.395826
BFGS:   81 12:22:28    -2053.028860        0.415733
BFGS:   82 12:22:28    -2053.036408        0.449355
BFGS:   83 12:22:29    -2053.044352        0.485542
BFGS:   84 12:22:29    -2053.058137        0.544957
BFGS:   85 12:22:29    -2053.080848        0.548731
BFGS:   86 12:22:29    -2053.113115        0.554910
BFGS:   87 12:22:30    -2053.146140        0.535660
BFGS:   88 12:22:30    -2053.173332        0.614190
BFGS:   89 12:22:30    -2053.196818        0.684364
BFGS:   90 12:22:30    -2053.222934        0.725458
BFGS:   91 12:22:31    -2053.253306        0.735264
BFGS:   92 12:22:31    -2053.286138        0.686644
BFGS:   93 12:22:31    -2053.321535        0.683097
BFGS:   94 12:22:31    -2053.358167        0.547439
BFGS:   95 12:22:32    -2053.383254        0.756149
BFGS:   96 12:22:32    -2053.408929        0.639545
BFGS:   97 12:22:32    -2053.421566        0.506590
BFGS:   98 12:22:32    -2053.434817        0.500559
BFGS:   99 12:22:32    -2053.450417        0.495674
BFGS:  100 12:22:33    -2053.469344        0.466932
BFGS:  101 12:22:33    -2053.488752        0.404905
BFGS:  102 12:22:33    -2053.504098        0.353460
BFGS:  103 12:22:33    -2053.513901        0.285689
BFGS:  104 12:22:33    -2053.523220        0.262624
BFGS:  105 12:22:33    -2053.534819        0.298218
BFGS:  106 12:22:33    -2053.546372        0.314426
BFGS:  107 12:22:34    -2053.554274        0.254647
BFGS:  108 12:22:34    -2053.558704        0.195955
BFGS:  109 12:22:34    -2053.561336        0.136230
BFGS:  110 12:22:34    -2053.563299        0.148372
BFGS:  111 12:22:34    -2053.564916        0.145452
BFGS:  112 12:22:34    -2053.566191        0.125830
BFGS:  113 12:22:34    -2053.567185        0.136137
BFGS:  114 12:22:34    -2053.568029        0.127035
BFGS:  115 12:22:34    -2053.568899        0.115616
BFGS:  116 12:22:34    -2053.569864        0.117721
BFGS:  117 12:22:35    -2053.570859        0.092233
BFGS:  118 12:22:35    -2053.571841        0.083889
BFGS:  119 12:22:35    -2053.572930        0.089455
BFGS:  120 12:22:35    -2053.574282        0.086542
BFGS:  121 12:22:35    -2053.575773        0.067160
BFGS:  122 12:22:35    -2053.576886        0.050711
BFGS:  123 12:22:35    -2053.577398        0.041050
BFGS:  124 12:22:35    -2053.577600        0.036818
BFGS:  125 12:22:35    -2053.577717        0.034106
BFGS:  126 12:22:36    -2053.577801        0.030922
BFGS:  127 12:22:36    -2053.577857        0.022222
BFGS:  128 12:22:36    -2053.577904        0.019804
BFGS:  129 12:22:36    -2053.577969        0.019997
BFGS:  130 12:22:36    -2053.578071        0.027317
BFGS:  131 12:22:36    -2053.578212        0.030163
BFGS:  132 12:22:36    -2053.578375        0.026497
BFGS:  133 12:22:36    -2053.578528        0.031070
BFGS:  134 12:22:36    -2053.578677        0.038309
BFGS:  135 12:22:36    -2053.578839        0.045576
BFGS:  136 12:22:36    -2053.579017        0.042393
BFGS:  137 12:22:37    -2053.579185        0.035174
BFGS:  138 12:22:37    -2053.579321        0.033313
BFGS:  139 12:22:37    -2053.579430        0.032461
BFGS:  140 12:22:37    -2053.579529        0.030269
BFGS:  141 12:22:37    -2053.579630        0.035996
BFGS:  142 12:22:37    -2053.579745        0.040388
BFGS:  143 12:22:37    -2053.579893        0.045063
BFGS:  144 12:22:37    -2053.580114        0.046168
BFGS:  145 12:22:37    -2053.580421        0.043424
BFGS:  146 12:22:37    -2053.580762        0.045616
BFGS:  147 12:22:37    -2053.581023        0.036664
BFGS:  148 12:22:38    -2053.581176        0.027011
BFGS:  149 12:22:38    -2053.581285        0.026042
BFGS:  150 12:22:38    -2053.581403        0.030890
BFGS:  151 12:22:38    -2053.581516        0.028320
BFGS:  152 12:22:38    -2053.581595        0.022975
BFGS:  153 12:22:38    -2053.581639        0.022717
BFGS:  154 12:22:38    -2053.581675        0.022583
BFGS:  155 12:22:38    -2053.581720        0.022669
BFGS:  156 12:22:38    -2053.581774        0.021438
BFGS:  157 12:22:38    -2053.581825        0.023227
BFGS:  158 12:22:38    -2053.581864        0.021727
BFGS:  159 12:22:38    -2053.581895        0.019724
BFGS:  160 12:22:39    -2053.581933        0.023345
BFGS:  161 12:22:39    -2053.581990        0.025793
BFGS:  162 12:22:39    -2053.582078        0.030125
BFGS:  163 12:22:39    -2053.582219        0.037862
BFGS:  164 12:22:39    -2053.582432        0.038901
BFGS:  165 12:22:39    -2053.582783        0.049096
BFGS:  166 12:22:39    -2053.583414        0.092389
BFGS:  167 12:22:39    -2053.584585        0.176189
BFGS:  168 12:22:39    -2053.586775        0.136318
BFGS:  169 12:22:40    -2053.579444        1.136992
BFGS:  170 12:22:40    -2053.594281        0.204106
BFGS:  171 12:22:40    -2053.599054        0.155404
BFGS:  172 12:22:40    -2053.597395        1.148753
BFGS:  173 12:22:40    -2053.607791        0.111197
BFGS:  174 12:22:40    -2053.610980        0.182079
BFGS:  175 12:22:40    -2053.608619        1.134500
BFGS:  176 12:22:41    -2053.618095        0.307258
BFGS:  177 12:22:41    -2053.620946        0.230580
BFGS:  178 12:22:41    -2053.619309        1.050839
BFGS:  179 12:22:41    -2053.628469        0.194621
BFGS:  180 12:22:41    -2053.630360        0.174239
BFGS:  181 12:22:41    -2053.633802        0.518061
BFGS:  182 12:22:41    -2053.637052        0.246907
BFGS:  183 12:22:42    -2053.641888        0.094849
BFGS:  184 12:22:42    -2053.651827        0.172961
BFGS:  185 12:22:42    -2053.654233        0.660366
BFGS:  186 12:22:42    -2053.659212        0.213667
BFGS:  187 12:22:42    -2053.662323        0.200561
BFGS:  188 12:22:42    -2053.667076        0.519071
BFGS:  189 12:22:42    -2053.673723        0.249080
BFGS:  190 12:22:42    -2053.680893        0.138783
BFGS:  191 12:22:43    -2053.686172        0.430810
BFGS:  192 12:22:43    -2053.690454        0.198439
BFGS:  193 12:22:43    -2053.693190        0.340932
BFGS:  194 12:22:43    -2053.695004        0.317887
BFGS:  195 12:22:43    -2053.700388        0.163652
BFGS:  196 12:22:43    -2053.706822        0.506078
BFGS:  197 12:22:43    -2053.712635        0.431167
BFGS:  198 12:22:44    -2053.707182        0.837524
BFGS:  199 12:22:44    -2053.717428        0.234118
BFGS:  200 12:22:44    -2053.718911        0.297991
