      Step     Time          Energy          fmax
BFGS:    0 20:40:22    -2479.707178        8.246069
BFGS:    1 20:40:23    -2486.875162        7.071035
BFGS:    2 20:40:24    -2487.269992       19.498074
BFGS:    3 20:40:25    -2490.483052        4.918809
BFGS:    4 20:40:26    -2491.363204        3.230434
BFGS:    5 20:40:26    -2491.972030        5.516336
BFGS:    6 20:40:27    -2492.367132        2.114292
BFGS:    7 20:40:28    -2492.667585        1.221842
BFGS:    8 20:40:29    -2492.922623        1.817084
BFGS:    9 20:40:30    -2493.043302        0.829372
BFGS:   10 20:40:30    -2493.216452        0.789657
BFGS:   11 20:40:31    -2493.324737        1.088699
BFGS:   12 20:40:32    -2493.494832        1.201171
BFGS:   13 20:40:33    -2493.883935        2.150223
BFGS:   14 20:40:34    -2493.793538        2.255043
BFGS:   15 20:40:34    -2494.196396        1.955536
BFGS:   16 20:40:35    -2494.304429        0.965356
BFGS:   17 20:40:36    -2494.420283        0.673421
BFGS:   18 20:40:37    -2494.516005        0.737252
BFGS:   19 20:40:37    -2494.564088        0.512540
BFGS:   20 20:40:38    -2494.590628        0.391389
BFGS:   21 20:40:39    -2494.607389        0.532730
BFGS:   22 20:40:39    -2494.617503        0.377136
BFGS:   23 20:40:40    -2494.626311        0.252215
BFGS:   24 20:40:41    -2494.635859        0.174051
BFGS:   25 20:40:41    -2494.638530        0.128114
BFGS:   26 20:40:42    -2494.640112        0.107944
BFGS:   27 20:40:42    -2494.641569        0.110684
BFGS:   28 20:40:43    -2494.643510        0.139371
BFGS:   29 20:40:43    -2494.645170        0.128801
BFGS:   30 20:40:44    -2494.647104        0.123547
BFGS:   31 20:40:45    -2494.649480        0.142711
BFGS:   32 20:40:45    -2494.652378        0.171892
BFGS:   33 20:40:46    -2494.655239        0.151300
BFGS:   34 20:40:46    -2494.657941        0.156491
BFGS:   35 20:40:47    -2494.660709        0.140311
BFGS:   36 20:40:48    -2494.663789        0.173375
BFGS:   37 20:40:48    -2494.667168        0.217984
BFGS:   38 20:40:49    -2494.671440        0.292493
BFGS:   39 20:40:50    -2494.678698        0.372188
BFGS:   40 20:40:50    -2494.688092        0.400327
BFGS:   41 20:40:51    -2494.704575        0.297829
BFGS:   42 20:40:52    -2494.719547        0.233890
BFGS:   43 20:40:52    -2494.725911        0.203588
BFGS:   44 20:40:53    -2494.727666        0.188204
BFGS:   45 20:40:53    -2494.730739        0.110651
BFGS:   46 20:40:54    -2494.733739        0.138980
BFGS:   47 20:40:54    -2494.737020        0.177146
BFGS:   48 20:40:55    -2494.741439        0.210206
BFGS:   49 20:40:56    -2494.746156        0.175981
BFGS:   50 20:40:56    -2494.751203        0.128115
BFGS:   51 20:40:57    -2494.755735        0.126481
BFGS:   52 20:40:58    -2494.760488        0.148146
BFGS:   53 20:40:58    -2494.766887        0.193658
BFGS:   54 20:40:59    -2494.776379        0.259007
BFGS:   55 20:40:59    -2494.789421        0.309675
BFGS:   56 20:41:00    -2494.805770        0.349265
BFGS:   57 20:41:01    -2494.826913        0.378106
BFGS:   58 20:41:01    -2494.854665        0.362067
BFGS:   59 20:41:02    -2494.885653        0.349762
BFGS:   60 20:41:03    -2494.915829        0.286377
BFGS:   61 20:41:03    -2494.943987        0.342019
BFGS:   62 20:41:04    -2494.972145        0.408526
BFGS:   63 20:41:05    -2494.978100        0.947895
BFGS:   64 20:41:05    -2495.019990        0.419989
BFGS:   65 20:41:06    -2495.038377        0.272334
BFGS:   66 20:41:07    -2495.061709        0.435677
BFGS:   67 20:41:07    -2495.075809        0.465989
BFGS:   68 20:41:08    -2495.092970        0.536096
BFGS:   69 20:41:09    -2495.129155        0.526117
BFGS:   70 20:41:09    -2495.149781        0.494258
BFGS:   71 20:41:10    -2495.188498        0.479866
BFGS:   72 20:41:11    -2495.224090        0.459187
BFGS:   73 20:41:11    -2495.265610        0.475146
BFGS:   74 20:41:12    -2495.303920        0.438555
BFGS:   75 20:41:13    -2495.336649        0.683868
BFGS:   76 20:41:14    -2495.371196        0.402340
BFGS:   77 20:41:14    -2495.400479        0.425893
BFGS:   78 20:41:15    -2495.415334        0.265423
BFGS:   79 20:41:16    -2495.422304        0.210538
BFGS:   80 20:41:16    -2495.428482        0.216397
BFGS:   81 20:41:17    -2495.434749        0.176725
BFGS:   82 20:41:17    -2495.440615        0.176005
BFGS:   83 20:41:18    -2495.444027        0.126843
BFGS:   84 20:41:19    -2495.446862        0.086851
BFGS:   85 20:41:19    -2495.450275        0.141600
BFGS:   86 20:41:20    -2495.455655        0.175299
BFGS:   87 20:41:20    -2495.465174        0.213918
BFGS:   88 20:41:21    -2495.487958        0.410525
BFGS:   89 20:41:22    -2495.612483        1.491984
BFGS:   90 20:41:23    -2495.998788        1.949758
BFGS:   91 20:41:23    -2495.749877        2.396599
BFGS:   92 20:41:24    -2496.000902        3.699596
BFGS:   93 20:41:25    -2496.411577        2.337528
BFGS:   94 20:41:26    -2496.628249        1.247635
BFGS:   95 20:41:27    -2496.842325        1.271719
BFGS:   96 20:41:28    -2497.014277        0.873314
BFGS:   97 20:41:29    -2497.080394        0.702822
BFGS:   98 20:41:29    -2497.123229        0.640654
BFGS:   99 20:41:30    -2497.207939        0.594865
BFGS:  100 20:41:31    -2497.260620        0.507922
BFGS:  101 20:41:31    -2497.288523        0.425820
BFGS:  102 20:41:32    -2497.299652        0.336263
BFGS:  103 20:41:32    -2497.307471        0.257589
BFGS:  104 20:41:33    -2497.314990        0.222918
BFGS:  105 20:41:34    -2497.320346        0.248396
BFGS:  106 20:41:34    -2497.326475        0.274508
BFGS:  107 20:41:35    -2497.332079        0.291045
BFGS:  108 20:41:36    -2497.339345        0.283251
BFGS:  109 20:41:36    -2497.346854        0.288530
BFGS:  110 20:41:37    -2497.355606        0.279617
BFGS:  111 20:41:37    -2497.364142        0.272641
BFGS:  112 20:41:38    -2497.372563        0.264108
BFGS:  113 20:41:39    -2497.380138        0.269619
BFGS:  114 20:41:39    -2497.386796        0.249019
BFGS:  115 20:41:40    -2497.392485        0.239048
BFGS:  116 20:41:40    -2497.398205        0.235760
BFGS:  117 20:41:41    -2497.404940        0.250640
BFGS:  118 20:41:42    -2497.412848        0.215327
BFGS:  119 20:41:42    -2497.420634        0.203180
BFGS:  120 20:41:43    -2497.427249        0.178385
BFGS:  121 20:41:43    -2497.432814        0.143280
BFGS:  122 20:41:44    -2497.438117        0.150456
BFGS:  123 20:41:45    -2497.443508        0.128825
BFGS:  124 20:41:45    -2497.447887        0.094005
BFGS:  125 20:41:46    -2497.450524        0.076175
BFGS:  126 20:41:46    -2497.452110        0.064065
BFGS:  127 20:41:47    -2497.453483        0.062613
BFGS:  128 20:41:47    -2497.454913        0.081878
BFGS:  129 20:41:48    -2497.456188        0.064813
BFGS:  130 20:41:48    -2497.457109        0.063942
BFGS:  131 20:41:49    -2497.457776        0.046900
BFGS:  132 20:41:49    -2497.458334        0.047524
BFGS:  133 20:41:50    -2497.458879        0.050641
BFGS:  134 20:41:50    -2497.459373        0.046301
BFGS:  135 20:41:51    -2497.459789        0.044454
BFGS:  136 20:41:51    -2497.460152        0.041179
BFGS:  137 20:41:52    -2497.460452        0.044894
BFGS:  138 20:41:52    -2497.460721        0.031298
BFGS:  139 20:41:53    -2497.460953        0.031142
BFGS:  140 20:41:53    -2497.461137        0.029339
BFGS:  141 20:41:54    -2497.461264        0.027818
BFGS:  142 20:41:54    -2497.461353        0.030155
BFGS:  143 20:41:55    -2497.461438        0.031251
BFGS:  144 20:41:55    -2497.461544        0.030470
BFGS:  145 20:41:55    -2497.461672        0.027852
BFGS:  146 20:41:56    -2497.461805        0.026047
BFGS:  147 20:41:56    -2497.461924        0.017510
BFGS:  148 20:41:57    -2497.462045        0.020416
BFGS:  149 20:41:57    -2497.462185        0.027285
BFGS:  150 20:41:58    -2497.462338        0.029334
BFGS:  151 20:41:58    -2497.462464        0.022799
BFGS:  152 20:41:59    -2497.462551        0.019208
BFGS:  153 20:41:59    -2497.462621        0.017274
BFGS:  154 20:42:00    -2497.462684        0.020444
BFGS:  155 20:42:00    -2497.462773        0.030582
BFGS:  156 20:42:01    -2497.462867        0.033014
BFGS:  157 20:42:01    -2497.462952        0.026180
BFGS:  158 20:42:02    -2497.463017        0.018235
BFGS:  159 20:42:02    -2497.463064        0.012155
BFGS:  160 20:42:03    -2497.463099        0.011525
BFGS:  161 20:42:03    -2497.463140        0.014628
BFGS:  162 20:42:04    -2497.463199        0.023670
BFGS:  163 20:42:04    -2497.463274        0.028190
BFGS:  164 20:42:04    -2497.463345        0.019532
BFGS:  165 20:42:05    -2497.463391        0.012788
BFGS:  166 20:42:05    -2497.463428        0.013994
BFGS:  167 20:42:06    -2497.463475        0.022246
BFGS:  168 20:42:06    -2497.463538        0.026385
BFGS:  169 20:42:06    -2497.463601        0.019940
BFGS:  170 20:42:07    -2497.463645        0.009578
