      Step     Time          Energy          fmax
BFGS:    0 12:17:02    -3552.276416        4.248891
BFGS:    1 12:17:05    -3553.594810        2.350313
BFGS:    2 12:17:07    -3554.432210        2.665053
BFGS:    3 12:17:10    -3557.312984        4.008507
BFGS:    4 12:17:13    -3560.360068        7.224218
BFGS:    5 12:17:15    -3567.429510        7.795161
BFGS:    6 12:17:17    -3569.038607        9.024907
BFGS:    7 12:17:20    -3572.084094        6.729456
BFGS:    8 12:17:22    -3574.040638        6.118139
BFGS:    9 12:17:24    -3576.719682       13.090145
BFGS:   10 12:17:26    -3580.273168        4.631715
BFGS:   11 12:17:28    -3583.329417        7.266196
BFGS:   12 12:17:30    -3586.048736       11.274947
BFGS:   13 12:17:32    -3586.818742        6.678059
BFGS:   14 12:17:34    -3587.650170        3.840727
BFGS:   15 12:17:36    -3588.081714        4.531719
BFGS:   16 12:17:37    -3588.270406        0.734179
BFGS:   17 12:17:38    -3588.394113        1.394351
BFGS:   18 12:17:40    -3588.511265        2.120228
BFGS:   19 12:17:41    -3588.639214        2.051753
BFGS:   20 12:17:42    -3588.806294        0.928015
BFGS:   21 12:17:44    -3588.990226        0.839931
BFGS:   22 12:17:45    -3589.178918        2.371425
BFGS:   23 12:17:46    -3589.397317        2.963844
BFGS:   24 12:17:48    -3589.707730        2.762187
BFGS:   25 12:17:49    -3590.307060        3.255870
BFGS:   26 12:17:50    -3590.469291        3.588300
BFGS:   27 12:17:52    -3591.068651        2.653311
BFGS:   28 12:17:53    -3591.560152        2.610551
BFGS:   29 12:17:54    -3592.171418        1.777970
BFGS:   30 12:17:56    -3592.425072        1.231117
BFGS:   31 12:17:57    -3592.652719        1.256553
BFGS:   32 12:17:58    -3592.818262        0.810825
BFGS:   33 12:17:59    -3592.928878        0.816020
BFGS:   34 12:18:00    -3593.068091        0.855025
BFGS:   35 12:18:01    -3593.209063        1.480085
BFGS:   36 12:18:03    -3593.381975        1.897605
BFGS:   37 12:18:04    -3593.575556        1.885011
BFGS:   38 12:18:05    -3593.773078        1.370296
BFGS:   39 12:18:06    -3593.918584        0.884045
BFGS:   40 12:18:07    -3594.011599        0.690897
BFGS:   41 12:18:08    -3594.081310        0.355453
BFGS:   42 12:18:09    -3594.132815        0.344284
BFGS:   43 12:18:10    -3594.168873        0.407068
BFGS:   44 12:18:11    -3594.197596        0.468960
BFGS:   45 12:18:12    -3594.228228        0.379858
BFGS:   46 12:18:13    -3594.262989        0.359856
BFGS:   47 12:18:14    -3594.292708        0.264039
BFGS:   48 12:18:15    -3594.314506        0.216357
BFGS:   49 12:18:16    -3594.333563        0.266850
BFGS:   50 12:18:16    -3594.354054        0.204633
BFGS:   51 12:18:17    -3594.372969        0.274142
BFGS:   52 12:18:18    -3594.390013        0.195402
BFGS:   53 12:18:19    -3594.404989        0.214663
BFGS:   54 12:18:20    -3594.420573        0.280273
BFGS:   55 12:18:21    -3594.434594        0.327413
BFGS:   56 12:18:22    -3594.445849        0.312749
BFGS:   57 12:18:23    -3594.456009        0.256508
BFGS:   58 12:18:23    -3594.467397        0.224074
BFGS:   59 12:18:24    -3594.477696        0.206653
BFGS:   60 12:18:25    -3594.483967        0.143357
BFGS:   61 12:18:26    -3594.487400        0.101686
BFGS:   62 12:18:26    -3594.490522        0.170990
BFGS:   63 12:18:27    -3594.494703        0.252554
BFGS:   64 12:18:28    -3594.499297        0.260409
BFGS:   65 12:18:29    -3594.502602        0.183096
BFGS:   66 12:18:30    -3594.504206        0.098864
BFGS:   67 12:18:30    -3594.505152        0.051874
BFGS:   68 12:18:31    -3594.506036        0.063056
BFGS:   69 12:18:32    -3594.506904        0.059707
BFGS:   70 12:18:33    -3594.507675        0.059826
BFGS:   71 12:18:33    -3594.508282        0.056170
BFGS:   72 12:18:34    -3594.508724        0.041114
BFGS:   73 12:18:35    -3594.509029        0.042974
BFGS:   74 12:18:36    -3594.509240        0.038153
BFGS:   75 12:18:36    -3594.509392        0.022837
BFGS:   76 12:18:37    -3594.509499        0.024192
BFGS:   77 12:18:37    -3594.509590        0.025934
BFGS:   78 12:18:38    -3594.509692        0.029285
BFGS:   79 12:18:39    -3594.509833        0.027384
BFGS:   80 12:18:39    -3594.510019        0.026577
BFGS:   81 12:18:40    -3594.510262        0.025508
BFGS:   82 12:18:41    -3594.510533        0.031383
BFGS:   83 12:18:41    -3594.510935        0.054229
BFGS:   84 12:18:42    -3594.511511        0.094829
BFGS:   85 12:18:43    -3594.512263        0.118311
BFGS:   86 12:18:44    -3594.513008        0.104358
BFGS:   87 12:18:45    -3594.513630        0.058743
BFGS:   88 12:18:45    -3594.514208        0.043439
BFGS:   89 12:18:46    -3594.514907        0.055562
BFGS:   90 12:18:47    -3594.515612        0.075418
BFGS:   91 12:18:48    -3594.516146        0.059802
BFGS:   92 12:18:49    -3594.516520        0.043176
BFGS:   93 12:18:49    -3594.516907        0.049525
BFGS:   94 12:18:50    -3594.517445        0.064826
BFGS:   95 12:18:51    -3594.518106        0.078585
BFGS:   96 12:18:52    -3594.518652        0.052086
BFGS:   97 12:18:53    -3594.519014        0.037460
BFGS:   98 12:18:53    -3594.519332        0.037908
BFGS:   99 12:18:54    -3594.519741        0.059846
BFGS:  100 12:18:55    -3594.520221        0.061851
BFGS:  101 12:18:56    -3594.520646        0.037019
BFGS:  102 12:18:56    -3594.520934        0.024327
BFGS:  103 12:18:57    -3594.521129        0.034322
BFGS:  104 12:18:58    -3594.521297        0.039469
BFGS:  105 12:18:58    -3594.521449        0.024572
BFGS:  106 12:18:59    -3594.521583        0.016425
BFGS:  107 12:19:00    -3594.521715        0.022706
BFGS:  108 12:19:00    -3594.521862        0.039359
BFGS:  109 12:19:01    -3594.522042        0.035567
BFGS:  110 12:19:02    -3594.522252        0.031373
BFGS:  111 12:19:03    -3594.522523        0.034672
BFGS:  112 12:19:03    -3594.522860        0.040255
BFGS:  113 12:19:04    -3594.523283        0.071551
BFGS:  114 12:19:05    -3594.523732        0.049169
BFGS:  115 12:19:06    -3594.524151        0.051084
BFGS:  116 12:19:07    -3594.524492        0.050590
BFGS:  117 12:19:07    -3594.524765        0.053909
BFGS:  118 12:19:08    -3594.525007        0.078172
BFGS:  119 12:19:09    -3594.525252        0.055961
BFGS:  120 12:19:10    -3594.525523        0.058006
BFGS:  121 12:19:10    -3594.525770        0.060365
BFGS:  122 12:19:11    -3594.525959        0.059786
BFGS:  123 12:19:12    -3594.526147        0.059522
BFGS:  124 12:19:13    -3594.526406        0.058095
BFGS:  125 12:19:13    -3594.526752        0.061991
BFGS:  126 12:19:14    -3594.527150        0.063030
BFGS:  127 12:19:15    -3594.527448        0.063176
BFGS:  128 12:19:16    -3594.527618        0.062982
BFGS:  129 12:19:17    -3594.527726        0.073297
BFGS:  130 12:19:17    -3594.527875        0.074064
BFGS:  131 12:19:18    -3594.528044        0.076613
BFGS:  132 12:19:19    -3594.528412        0.082869
BFGS:  133 12:19:19    -3594.528592        0.080690
