      Step     Time          Energy          fmax
BFGS:    0 10:09:47    -2789.838345       15.763960
BFGS:    1 10:09:48    -2791.735176        4.336710
BFGS:    2 10:09:49    -2791.965663        0.940622
BFGS:    3 10:09:50    -2791.976049        0.077414
BFGS:    4 10:09:50    -2791.976120        0.016258
BFGS:    5 10:09:50    -2791.976128        0.028718
BFGS:    6 10:09:51    -2791.976161        0.055587
BFGS:    7 10:09:51    -2791.976292        0.108799
BFGS:    8 10:09:52    -2791.976808        0.212694
BFGS:    9 10:09:52    -2791.978871        0.417034
BFGS:   10 10:09:53    -2791.987030        0.803741
BFGS:   11 10:09:53    -2792.018566        1.448247
BFGS:   12 10:09:54    -2792.136389        2.269204
BFGS:   13 10:09:55    -2792.633657        3.506040
BFGS:   14 10:09:55    -2794.413110        5.428559
BFGS:   15 10:09:56    -2796.741264        6.374817
BFGS:   16 10:09:57    -2799.283551        6.502494
BFGS:   17 10:09:58    -2801.724410        5.792361
BFGS:   18 10:09:59    -2803.742194        4.396593
BFGS:   19 10:10:00    -2805.130795        2.725325
BFGS:   20 10:10:00    -2805.871971        1.195791
BFGS:   21 10:10:01    -2806.068713        0.349482
BFGS:   22 10:10:02    -2806.080433        0.260453
BFGS:   23 10:10:02    -2806.082820        0.264698
BFGS:   24 10:10:03    -2806.087702        0.267399
BFGS:   25 10:10:04    -2806.096400        0.248479
BFGS:   26 10:10:04    -2806.105540        0.194800
BFGS:   27 10:10:05    -2806.108956        0.112365
BFGS:   28 10:10:05    -2806.110041        0.044589
BFGS:   29 10:10:06    -2806.110120        0.035730
BFGS:   30 10:10:06    -2806.110173        0.032859
BFGS:   31 10:10:07    -2806.110288        0.018998
BFGS:   32 10:10:07    -2806.110336        0.007078
