      Step     Time          Energy          fmax
BFGS:    0 12:17:22    -1915.063265        4.489792
BFGS:    1 12:17:23    -1917.602897        2.720480
BFGS:    2 12:17:24    -1919.451370        7.827012
BFGS:    3 12:17:25    -1921.263919        1.984752
BFGS:    4 12:17:25    -1922.196000        1.752254
BFGS:    5 12:17:26    -1923.364554        2.333959
BFGS:    6 12:17:27    -1924.053945        2.263596
BFGS:    7 12:17:27    -1924.821864        4.844249
BFGS:    8 12:17:28    -1925.982898        6.730135
BFGS:    9 12:17:29    -1924.800981       18.178396
BFGS:   10 12:17:29    -1926.930752        5.523143
BFGS:   11 12:17:30    -1927.336031        3.641889
BFGS:   12 12:17:31    -1927.898111        3.261575
BFGS:   13 12:17:31    -1928.216610        5.438954
BFGS:   14 12:17:32    -1928.533343        1.787968
BFGS:   15 12:17:33    -1928.673571        0.968169
BFGS:   16 12:17:33    -1928.758014        1.022873
BFGS:   17 12:17:34    -1928.797651        0.575384
BFGS:   18 12:17:34    -1928.834580        0.489084
BFGS:   19 12:17:35    -1928.864000        0.527255
BFGS:   20 12:17:35    -1928.888828        0.526039
BFGS:   21 12:17:36    -1928.910835        0.264808
BFGS:   22 12:17:36    -1928.930991        0.407046
BFGS:   23 12:17:37    -1928.957358        0.478193
BFGS:   24 12:17:37    -1929.006145        0.527917
BFGS:   25 12:17:38    -1929.090087        0.863724
BFGS:   26 12:17:38    -1929.177077        0.775802
BFGS:   27 12:17:39    -1929.274063        0.776090
BFGS:   28 12:17:39    -1929.374969        0.860653
BFGS:   29 12:17:40    -1929.541726        1.005832
BFGS:   30 12:17:40    -1929.765383        1.965396
BFGS:   31 12:17:41    -1930.122889        3.673990
BFGS:   32 12:17:41    -1931.889164        6.533511
BFGS:   33 12:17:42    -1935.235329        7.088902
BFGS:   34 12:17:43    -1933.173743       49.255591
BFGS:   35 12:17:43    -1935.143027        6.370373
BFGS:   36 12:17:44    -1938.004408        5.463845
BFGS:   37 12:17:44    -1938.785131        5.935042
BFGS:   38 12:17:44    -1939.411499        1.862274
BFGS:   39 12:17:45    -1940.283495        1.938709
BFGS:   40 12:17:45    -1941.071686        3.577449
BFGS:   41 12:17:46    -1941.879406        2.508382
BFGS:   42 12:17:46    -1943.158309        4.391229
BFGS:   43 12:17:47    -1943.917791        4.749154
BFGS:   44 12:17:47    -1944.626535        5.698294
BFGS:   45 12:17:47    -1946.305809        5.495251
BFGS:   46 12:17:48    -1946.672976       14.838688
BFGS:   47 12:17:48    -1946.613181        4.699678
BFGS:   48 12:17:49    -1948.052486        2.530230
BFGS:   49 12:17:49    -1948.533354        1.316049
BFGS:   50 12:17:49    -1948.700059        1.620688
BFGS:   51 12:17:50    -1948.793796        1.017146
BFGS:   52 12:17:50    -1949.081096        1.283627
BFGS:   53 12:17:51    -1949.692837        4.356629
BFGS:   54 12:17:51    -1951.623306        4.637649
BFGS:   55 12:17:51    -1946.439481       52.593359
BFGS:   56 12:17:52    -1952.202103        2.865223
BFGS:   57 12:17:52    -1952.380873        1.900088
BFGS:   58 12:17:52    -1952.519461        0.924798
BFGS:   59 12:17:53    -1952.674327        1.898158
BFGS:   60 12:17:53    -1952.740139        1.915368
BFGS:   61 12:17:53    -1952.942026        1.187446
BFGS:   62 12:17:54    -1953.065425        0.923335
BFGS:   63 12:17:54    -1953.184709        0.985082
BFGS:   64 12:17:54    -1953.276942        1.375854
BFGS:   65 12:17:55    -1953.371771        1.489111
BFGS:   66 12:17:55    -1953.483542        0.984464
BFGS:   67 12:17:55    -1953.602322        1.019592
BFGS:   68 12:17:56    -1953.710344        1.744439
BFGS:   69 12:17:56    -1953.830684        1.787983
BFGS:   70 12:17:56    -1953.953885        1.278077
BFGS:   71 12:17:57    -1954.063508        0.848881
BFGS:   72 12:17:57    -1954.139662        0.719348
BFGS:   73 12:17:57    -1954.188692        1.026608
BFGS:   74 12:17:58    -1954.234547        0.944531
BFGS:   75 12:17:58    -1954.281730        0.624766
BFGS:   76 12:17:58    -1954.314882        0.628686
BFGS:   77 12:17:58    -1954.338387        0.718305
BFGS:   78 12:17:59    -1954.362281        0.545059
BFGS:   79 12:17:59    -1954.387956        0.437462
BFGS:   80 12:17:59    -1954.418544        0.476850
BFGS:   81 12:18:00    -1954.451711        0.832536
BFGS:   82 12:18:00    -1954.488266        0.951453
BFGS:   83 12:18:00    -1954.531786        0.687093
BFGS:   84 12:18:01    -1954.582617        0.586355
BFGS:   85 12:18:01    -1954.622078        0.476183
BFGS:   86 12:18:01    -1954.664924        0.788418
BFGS:   87 12:18:02    -1954.705169        0.739061
BFGS:   88 12:18:02    -1954.762823        0.693154
BFGS:   89 12:18:03    -1954.825913        0.547319
BFGS:   90 12:18:03    -1954.862244        0.511897
BFGS:   91 12:18:03    -1954.892629        0.416346
BFGS:   92 12:18:04    -1954.928383        0.797518
BFGS:   93 12:18:04    -1954.958172        0.788806
BFGS:   94 12:18:04    -1954.986582        0.528753
BFGS:   95 12:18:04    -1955.008739        0.269748
BFGS:   96 12:18:05    -1955.025576        0.256084
BFGS:   97 12:18:05    -1955.045139        0.492795
BFGS:   98 12:18:05    -1955.066568        0.527934
BFGS:   99 12:18:06    -1955.094006        0.354740
BFGS:  100 12:18:06    -1955.128558        0.383018
BFGS:  101 12:18:06    -1955.168960        0.566171
BFGS:  102 12:18:07    -1955.213379        0.884654
BFGS:  103 12:18:07    -1955.262234        0.903880
BFGS:  104 12:18:07    -1955.315363        0.545122
BFGS:  105 12:18:08    -1955.371287        0.504564
BFGS:  106 12:18:08    -1955.432620        0.744284
BFGS:  107 12:18:08    -1955.501322        1.122377
BFGS:  108 12:18:09    -1955.580428        1.287635
BFGS:  109 12:18:09    -1955.640812        1.137953
BFGS:  110 12:18:09    -1955.739543        0.779261
BFGS:  111 12:18:10    -1955.840074        0.876193
BFGS:  112 12:18:10    -1955.909999        1.092403
BFGS:  113 12:18:10    -1955.989838        1.185722
BFGS:  114 12:18:11    -1956.059103        1.021107
BFGS:  115 12:18:11    -1956.153315        0.774623
BFGS:  116 12:18:11    -1956.243943        0.767347
BFGS:  117 12:18:11    -1956.348958        0.769370
BFGS:  118 12:18:12    -1956.438575        0.774936
BFGS:  119 12:18:12    -1956.544752        0.872128
BFGS:  120 12:18:12    -1956.630891        0.936888
BFGS:  121 12:18:13    -1956.734062        1.019938
BFGS:  122 12:18:13    -1956.822427        1.071814
BFGS:  123 12:18:13    -1956.921370        1.117871
BFGS:  124 12:18:14    -1957.012456        1.142197
BFGS:  125 12:18:14    -1957.109472        1.229429
BFGS:  126 12:18:14    -1957.199554        1.260762
BFGS:  127 12:18:15    -1957.293807        1.315286
BFGS:  128 12:18:15    -1957.378756        1.288731
BFGS:  129 12:18:16    -1957.467791        1.289079
BFGS:  130 12:18:16    -1957.544306        1.208443
BFGS:  131 12:18:16    -1957.629983        1.100222
BFGS:  132 12:18:17    -1957.688574        1.037746
BFGS:  133 12:18:17    -1957.770362        0.638560
BFGS:  134 12:18:17    -1957.818626        0.731046
BFGS:  135 12:18:18    -1957.885384        0.443249
BFGS:  136 12:18:18    -1957.949538        0.814342
BFGS:  137 12:18:19    -1958.004376        1.021320
BFGS:  138 12:18:19    -1958.051529        0.828051
BFGS:  139 12:18:19    -1958.118499        0.574821
BFGS:  140 12:18:20    -1958.179682        0.511475
BFGS:  141 12:18:20    -1958.220184        0.513312
BFGS:  142 12:18:20    -1958.256185        0.408359
BFGS:  143 12:18:21    -1958.289362        0.384524
BFGS:  144 12:18:21    -1958.323504        0.348633
BFGS:  145 12:18:21    -1958.355235        0.386580
BFGS:  146 12:18:22    -1958.398316        0.495423
BFGS:  147 12:18:22    -1958.432369        0.582232
BFGS:  148 12:18:22    -1958.477735        0.423451
BFGS:  149 12:18:23    -1958.505713        0.466838
BFGS:  150 12:18:23    -1958.551064        0.719739
BFGS:  151 12:18:23    -1958.597679        0.535044
BFGS:  152 12:18:24    -1958.633542        0.592912
BFGS:  153 12:18:24    -1958.667661        0.486206
BFGS:  154 12:18:24    -1958.698054        0.444770
BFGS:  155 12:18:25    -1958.738980        0.456157
BFGS:  156 12:18:25    -1958.764265        0.414911
BFGS:  157 12:18:25    -1958.805653        0.445677
BFGS:  158 12:18:26    -1958.836961        0.412422
BFGS:  159 12:18:26    -1958.864500        0.474655
BFGS:  160 12:18:26    -1958.888027        0.375867
BFGS:  161 12:18:27    -1958.917477        0.935262
BFGS:  162 12:18:27    -1958.943049        0.540969
BFGS:  163 12:18:27    -1958.971448        0.558705
BFGS:  164 12:18:28    -1958.997425        0.381745
BFGS:  165 12:18:28    -1959.017808        0.279618
BFGS:  166 12:18:28    -1959.047265        0.329878
BFGS:  167 12:18:29    -1959.066701        0.341905
BFGS:  168 12:18:29    -1959.080963        0.305176
BFGS:  169 12:18:29    -1959.092712        0.265473
BFGS:  170 12:18:29    -1959.102418        0.297827
BFGS:  171 12:18:30    -1959.110470        0.231358
BFGS:  172 12:18:30    -1959.119575        0.230694
BFGS:  173 12:18:30    -1959.139214        0.283724
BFGS:  174 12:18:31    -1959.150218        0.338479
BFGS:  175 12:18:31    -1959.161815        0.388738
BFGS:  176 12:18:31    -1959.173348        0.319672
BFGS:  177 12:18:32    -1959.186582        0.281161
BFGS:  178 12:18:32    -1959.198877        0.244239
BFGS:  179 12:18:32    -1959.211285        0.201807
BFGS:  180 12:18:33    -1959.222592        0.207246
BFGS:  181 12:18:33    -1959.230859        0.317960
BFGS:  182 12:18:33    -1959.245508        0.346370
BFGS:  183 12:18:33    -1959.256939        0.270245
BFGS:  184 12:18:34    -1959.274395        0.285421
BFGS:  185 12:18:34    -1959.286652        0.289791
BFGS:  186 12:18:34    -1959.307807        0.579333
BFGS:  187 12:18:35    -1959.288729        1.552262
BFGS:  188 12:18:35    -1959.336676        0.449375
BFGS:  189 12:18:35    -1959.358760        0.359825
BFGS:  190 12:18:36    -1959.377750        0.720856
BFGS:  191 12:18:36    -1959.406930        0.643177
BFGS:  192 12:18:36    -1959.434829        0.583119
BFGS:  193 12:18:37    -1959.446865        0.658206
BFGS:  194 12:18:37    -1959.464309        0.275419
BFGS:  195 12:18:37    -1959.473870        0.274070
BFGS:  196 12:18:38    -1959.492894        0.293851
BFGS:  197 12:18:38    -1959.508399        0.342677
BFGS:  198 12:18:38    -1959.529483        0.445280
BFGS:  199 12:18:39    -1959.543672        0.481208
BFGS:  200 12:18:39    -1959.556667        0.352007
