      Step     Time          Energy          fmax
BFGS:    0 10:20:23    -2367.984768        0.970040
BFGS:    1 10:20:23    -2368.010479        0.884892
BFGS:    2 10:20:24    -2368.059437        0.867416
BFGS:    3 10:20:25    -2368.096818        0.241686
BFGS:    4 10:20:25    -2368.101387        0.049575
BFGS:    5 10:20:26    -2368.101568        0.004942
      Step     Time          Energy          fmax
BFGS:    0 12:54:03    -2339.136298       14.974547
BFGS:    1 12:54:04    -2347.731185        4.813817
BFGS:    2 12:54:04    -2351.850818        5.632067
BFGS:    3 12:54:05    -2356.684900       13.160169
BFGS:    4 12:54:06    -2360.186974       22.528896
BFGS:    5 12:54:07    -2364.107522        9.170839
BFGS:    6 12:54:07    -2365.684790        4.398482
BFGS:    7 12:54:08    -2366.695888        2.749332
BFGS:    8 12:54:08    -2367.430305        1.347432
BFGS:    9 12:54:09    -2367.886532        1.284357
BFGS:   10 12:54:10    -2368.174071        1.947845
BFGS:   11 12:54:10    -2368.465206        2.130879
BFGS:   12 12:54:11    -2369.107601        1.621623
BFGS:   13 12:54:12    -2369.526248        3.700237
BFGS:   14 12:54:12    -2370.117865        3.524243
BFGS:   15 12:54:12    -2370.690516        1.990696
BFGS:   16 12:54:13    -2370.961488        0.908109
BFGS:   17 12:54:13    -2371.129987        0.856317
BFGS:   18 12:54:13    -2371.246250        1.107228
BFGS:   19 12:54:14    -2371.316980        0.675230
BFGS:   20 12:54:14    -2371.388640        0.464194
BFGS:   21 12:54:15    -2371.444080        0.555251
BFGS:   22 12:54:15    -2371.484501        0.682361
BFGS:   23 12:54:15    -2371.514647        0.432225
BFGS:   24 12:54:16    -2371.533025        0.239372
BFGS:   25 12:54:16    -2371.545732        0.214016
BFGS:   26 12:54:17    -2371.565256        0.414534
BFGS:   27 12:54:17    -2371.602669        0.569453
BFGS:   28 12:54:18    -2371.674439        0.721977
BFGS:   29 12:54:18    -2371.749077        0.822290
BFGS:   30 12:54:19    -2371.898207        0.781289
BFGS:   31 12:54:19    -2371.984258        0.782932
BFGS:   32 12:54:19    -2372.067486        0.839050
BFGS:   33 12:54:20    -2372.252714        1.032173
BFGS:   34 12:54:20    -2372.448797        1.529089
BFGS:   35 12:54:21    -2372.681278        1.821411
BFGS:   36 12:54:22    -2372.922902        1.756541
BFGS:   37 12:54:22    -2373.206556        0.997691
BFGS:   38 12:54:23    -2373.366015        0.752574
BFGS:   39 12:54:23    -2373.469626        0.490600
BFGS:   40 12:54:24    -2373.541638        0.459618
BFGS:   41 12:54:24    -2373.564387        0.289986
BFGS:   42 12:54:25    -2373.578990        0.183454
BFGS:   43 12:54:25    -2373.590169        0.222143
BFGS:   44 12:54:25    -2373.602157        0.215003
BFGS:   45 12:54:26    -2373.610277        0.162300
BFGS:   46 12:54:26    -2373.616035        0.157404
BFGS:   47 12:54:27    -2373.622142        0.167763
BFGS:   48 12:54:27    -2373.631939        0.236230
BFGS:   49 12:54:28    -2373.642840        0.214357
BFGS:   50 12:54:28    -2373.656352        0.233280
BFGS:   51 12:54:29    -2373.672046        0.234373
BFGS:   52 12:54:29    -2373.690720        0.309630
BFGS:   53 12:54:30    -2373.708735        0.254964
BFGS:   54 12:54:30    -2373.723948        0.243743
BFGS:   55 12:54:30    -2373.737215        0.265142
BFGS:   56 12:54:31    -2373.751121        0.295972
BFGS:   57 12:54:31    -2373.765861        0.308267
BFGS:   58 12:54:32    -2373.777927        0.187434
BFGS:   59 12:54:32    -2373.786890        0.165599
BFGS:   60 12:54:32    -2373.794923        0.195689
BFGS:   61 12:54:33    -2373.803400        0.261446
BFGS:   62 12:54:33    -2373.811288        0.209710
BFGS:   63 12:54:34    -2373.816944        0.171154
BFGS:   64 12:54:34    -2373.820996        0.129768
BFGS:   65 12:54:34    -2373.825166        0.173127
BFGS:   66 12:54:35    -2373.829709        0.165818
BFGS:   67 12:54:35    -2373.833317        0.104452
BFGS:   68 12:54:36    -2373.835682        0.075264
BFGS:   69 12:54:36    -2373.837871        0.118082
BFGS:   70 12:54:36    -2373.840923        0.159970
BFGS:   71 12:54:37    -2373.844879        0.172814
BFGS:   72 12:54:37    -2373.848647        0.126986
BFGS:   73 12:54:38    -2373.851258        0.077195
BFGS:   74 12:54:38    -2373.852835        0.062748
BFGS:   75 12:54:38    -2373.854123        0.064809
BFGS:   76 12:54:39    -2373.855509        0.072151
BFGS:   77 12:54:39    -2373.857165        0.069699
BFGS:   78 12:54:39    -2373.859116        0.089048
BFGS:   79 12:54:40    -2373.861112        0.093038
BFGS:   80 12:54:40    -2373.862833        0.096569
BFGS:   81 12:54:40    -2373.864389        0.101926
BFGS:   82 12:54:41    -2373.866419        0.110804
BFGS:   83 12:54:41    -2373.869664        0.149153
BFGS:   84 12:54:42    -2373.874695        0.185117
BFGS:   85 12:54:42    -2373.881008        0.172431
BFGS:   86 12:54:43    -2373.887672        0.205214
BFGS:   87 12:54:43    -2373.895100        0.231459
BFGS:   88 12:54:44    -2373.905211        0.250928
BFGS:   89 12:54:44    -2373.918294        0.262416
BFGS:   90 12:54:44    -2373.932466        0.269296
BFGS:   91 12:54:45    -2373.944785        0.224157
BFGS:   92 12:54:45    -2373.954936        0.203185
BFGS:   93 12:54:46    -2373.962406        0.255936
BFGS:   94 12:54:46    -2373.972276        0.188817
BFGS:   95 12:54:47    -2373.979709        0.138789
BFGS:   96 12:54:47    -2373.984677        0.138984
BFGS:   97 12:54:47    -2373.987618        0.145735
BFGS:   98 12:54:48    -2373.990934        0.081485
BFGS:   99 12:54:48    -2373.992402        0.070080
BFGS:  100 12:54:48    -2373.993232        0.056093
BFGS:  101 12:54:49    -2373.993885        0.056004
BFGS:  102 12:54:49    -2373.994451        0.038832
BFGS:  103 12:54:49    -2373.994782        0.033925
BFGS:  104 12:54:50    -2373.995012        0.034741
BFGS:  105 12:54:50    -2373.995250        0.033906
BFGS:  106 12:54:50    -2373.995528        0.030170
BFGS:  107 12:54:51    -2373.995829        0.027953
BFGS:  108 12:54:51    -2373.996130        0.034222
BFGS:  109 12:54:51    -2373.996480        0.036221
BFGS:  110 12:54:52    -2373.996929        0.035364
BFGS:  111 12:54:52    -2373.997535        0.038823
BFGS:  112 12:54:52    -2373.998299        0.048100
BFGS:  113 12:54:53    -2373.999251        0.057717
BFGS:  114 12:54:53    -2374.000403        0.070863
BFGS:  115 12:54:53    -2374.001924        0.075102
BFGS:  116 12:54:54    -2374.003781        0.094127
BFGS:  117 12:54:54    -2374.005927        0.104414
BFGS:  118 12:54:55    -2374.008394        0.100778
BFGS:  119 12:54:55    -2374.011139        0.099188
BFGS:  120 12:54:56    -2374.014247        0.094432
BFGS:  121 12:54:56    -2374.017092        0.089906
BFGS:  122 12:54:57    -2374.019540        0.089932
BFGS:  123 12:54:57    -2374.021966        0.127858
BFGS:  124 12:54:57    -2374.025463        0.158093
BFGS:  125 12:54:58    -2374.030860        0.155928
BFGS:  126 12:54:59    -2374.040264        0.212444
BFGS:  127 12:54:59    -2374.053190        0.669283
BFGS:  128 12:55:00    -2374.080620        0.933368
BFGS:  129 12:55:01    -2374.129355        1.136604
BFGS:  130 12:55:02    -2374.238152        2.138787
BFGS:  131 12:55:03    -2374.758274        3.400776
BFGS:  132 12:55:03    -2375.040805        6.060228
BFGS:  133 12:55:04    -2375.832567        4.285987
BFGS:  134 12:55:04    -2375.995832        2.259194
BFGS:  135 12:55:05    -2376.323586        2.510449
BFGS:  136 12:55:06    -2376.386713        1.822627
BFGS:  137 12:55:07    -2376.544123        0.790357
BFGS:  138 12:55:07    -2376.590324        0.510046
BFGS:  139 12:55:08    -2376.637248        0.431790
BFGS:  140 12:55:08    -2376.692211        0.521887
BFGS:  141 12:55:09    -2376.728125        0.561889
BFGS:  142 12:55:09    -2376.780809        0.299712
BFGS:  143 12:55:10    -2376.808867        0.365962
BFGS:  144 12:55:10    -2376.829458        0.435200
BFGS:  145 12:55:11    -2376.853215        0.390786
BFGS:  146 12:55:11    -2376.887594        0.398737
BFGS:  147 12:55:12    -2376.924929        0.414212
BFGS:  148 12:55:12    -2376.954387        0.308343
BFGS:  149 12:55:13    -2376.973271        0.247314
BFGS:  150 12:55:13    -2376.987328        0.191862
BFGS:  151 12:55:14    -2377.000390        0.175795
BFGS:  152 12:55:14    -2377.014200        0.300742
BFGS:  153 12:55:15    -2377.026729        0.301862
BFGS:  154 12:55:15    -2377.036726        0.190267
BFGS:  155 12:55:16    -2377.044473        0.146337
BFGS:  156 12:55:16    -2377.052208        0.151419
BFGS:  157 12:55:17    -2377.061596        0.256832
BFGS:  158 12:55:17    -2377.073153        0.205832
BFGS:  159 12:55:18    -2377.086029        0.228047
BFGS:  160 12:55:19    -2377.097688        0.246122
BFGS:  161 12:55:19    -2377.108588        0.214323
BFGS:  162 12:55:20    -2377.119378        0.258659
BFGS:  163 12:55:20    -2377.128951        0.209324
BFGS:  164 12:55:21    -2377.139548        0.194813
BFGS:  165 12:55:21    -2377.149595        0.200078
BFGS:  166 12:55:22    -2377.158102        0.152139
BFGS:  167 12:55:22    -2377.164342        0.142302
BFGS:  168 12:55:23    -2377.169445        0.120184
BFGS:  169 12:55:23    -2377.174859        0.138946
BFGS:  170 12:55:24    -2377.180362        0.143843
BFGS:  171 12:55:24    -2377.186113        0.100453
BFGS:  172 12:55:25    -2377.191404        0.119107
BFGS:  173 12:55:25    -2377.197463        0.175514
BFGS:  174 12:55:26    -2377.213622        0.544517
BFGS:  175 12:55:27    -2377.247015        0.649488
BFGS:  176 12:55:27    -2377.271300        0.815244
BFGS:  177 12:55:28    -2377.245427        1.920032
BFGS:  178 12:55:28    -2377.353312        0.633292
BFGS:  179 12:55:29    -2377.402640        0.557440
BFGS:  180 12:55:29    -2377.444303        0.450383
BFGS:  181 12:55:30    -2377.487343        0.761121
BFGS:  182 12:55:30    -2377.511238        0.414720
BFGS:  183 12:55:30    -2377.533156        0.360535
BFGS:  184 12:55:31    -2377.552885        0.437685
BFGS:  185 12:55:31    -2377.564944        0.302619
BFGS:  186 12:55:32    -2377.577290        0.244232
BFGS:  187 12:55:32    -2377.585955        0.164409
BFGS:  188 12:55:32    -2377.590922        0.164488
BFGS:  189 12:55:33    -2377.596547        0.136571
BFGS:  190 12:55:33    -2377.600291        0.122841
BFGS:  191 12:55:33    -2377.603547        0.125110
BFGS:  192 12:55:34    -2377.606641        0.104484
BFGS:  193 12:55:34    -2377.609606        0.106089
BFGS:  194 12:55:34    -2377.611936        0.101736
BFGS:  195 12:55:34    -2377.614071        0.108346
BFGS:  196 12:55:35    -2377.616077        0.117297
BFGS:  197 12:55:35    -2377.618327        0.124912
BFGS:  198 12:55:35    -2377.621072        0.125904
BFGS:  199 12:55:36    -2377.624680        0.139725
BFGS:  200 12:55:36    -2377.629409        0.154799
