      Step     Time          Energy          fmax
BFGS:    0 13:52:26      991.406089     6680.423690
BFGS:    1 13:52:27    -1501.851346      865.114818
BFGS:    2 13:52:28    -1876.452973     1126.146918
BFGS:    3 13:52:31    -2047.546012      724.658064
BFGS:    4 13:52:32    -2207.824328      306.993333
BFGS:    5 13:52:33    -2255.008440      386.731840
BFGS:    6 13:52:33    -2311.995820       81.661348
BFGS:    7 13:52:34    -2327.432647       39.280184
BFGS:    8 13:52:35    -2346.777819       24.142659
BFGS:    9 13:52:36    -2355.939447       11.396215
BFGS:   10 13:52:36    -2361.063477       10.138333
BFGS:   11 13:52:37    -2364.375027       12.919007
BFGS:   12 13:52:38    -2367.183865        8.578883
BFGS:   13 13:52:39    -2369.323216        5.420913
BFGS:   14 13:52:39    -2371.374249        6.152372
BFGS:   15 13:52:40    -2373.110951        5.912945
BFGS:   16 13:52:41    -2374.434539        6.313409
BFGS:   17 13:52:41    -2375.509290        5.089305
BFGS:   18 13:52:42    -2376.654399        5.884927
BFGS:   19 13:52:43    -2377.686298        6.584288
BFGS:   20 13:52:43    -2378.591510        5.810039
BFGS:   21 13:52:44    -2379.255288        4.816571
BFGS:   22 13:52:45    -2380.025952        4.422559
BFGS:   23 13:52:45    -2381.085705        3.980952
BFGS:   24 13:52:46    -2381.901565        3.598041
BFGS:   25 13:52:47    -2382.994970        2.850091
BFGS:   26 13:52:47    -2383.737218        1.843786
BFGS:   27 13:52:48    -2384.460540        1.914621
BFGS:   28 13:52:48    -2384.961731        1.692861
BFGS:   29 13:52:49    -2385.524194        1.410586
BFGS:   30 13:52:49    -2385.780150        1.133562
BFGS:   31 13:52:50    -2386.009282        1.053028
BFGS:   32 13:52:50    -2386.137386        1.069499
BFGS:   33 13:52:51    -2386.240585        1.033458
BFGS:   34 13:52:51    -2386.344837        1.111017
BFGS:   35 13:52:52    -2386.483825        1.238550
BFGS:   36 13:52:52    -2386.673655        1.156728
BFGS:   37 13:52:52    -2386.876331        1.515425
BFGS:   38 13:52:53    -2387.199379        1.930329
BFGS:   39 13:52:53    -2387.766386        2.456409
BFGS:   40 13:52:54    -2387.942232        2.038385
BFGS:   41 13:52:54    -2388.472967        1.414254
BFGS:   42 13:52:54    -2388.749896        2.227018
BFGS:   43 13:52:55    -2388.949093        1.398070
BFGS:   44 13:52:55    -2389.173995        0.994361
BFGS:   45 13:52:56    -2389.448724        1.106346
BFGS:   46 13:52:56    -2389.543265        0.928805
BFGS:   47 13:52:56    -2389.642253        0.926046
BFGS:   48 13:52:57    -2389.693268        0.923299
BFGS:   49 13:52:57    -2389.751150        0.822650
BFGS:   50 13:52:57    -2389.786900        0.708614
BFGS:   51 13:52:58    -2389.811461        0.675862
BFGS:   52 13:52:58    -2389.828273        0.651448
BFGS:   53 13:52:58    -2389.846355        0.566931
BFGS:   54 13:52:59    -2389.864847        0.654263
BFGS:   55 13:52:59    -2389.880552        0.640778
BFGS:   56 13:52:59    -2389.891887        0.518237
BFGS:   57 13:53:00    -2389.900540        0.553266
BFGS:   58 13:53:00    -2389.908534        0.593346
BFGS:   59 13:53:00    -2389.916594        0.530996
BFGS:   60 13:53:01    -2389.923686        0.439585
BFGS:   61 13:53:01    -2389.928895        0.359661
BFGS:   62 13:53:01    -2389.932569        0.317825
BFGS:   63 13:53:01    -2389.935911        0.304846
BFGS:   64 13:53:02    -2389.940188        0.309877
BFGS:   65 13:53:02    -2389.946598        0.310642
BFGS:   66 13:53:02    -2389.956073        0.316226
BFGS:   67 13:53:03    -2389.969247        0.409118
BFGS:   68 13:53:03    -2389.987136        0.511401
BFGS:   69 13:53:03    -2390.011762        0.643819
BFGS:   70 13:53:04    -2390.044900        0.784859
BFGS:   71 13:53:04    -2390.096448        0.820523
BFGS:   72 13:53:04    -2390.165342        0.955519
BFGS:   73 13:53:05    -2390.243643        0.896204
BFGS:   74 13:53:05    -2390.302959        0.869121
BFGS:   75 13:53:05    -2390.348217        1.118855
BFGS:   76 13:53:06    -2390.406373        0.948233
BFGS:   77 13:53:06    -2390.475028        0.711010
BFGS:   78 13:53:06    -2390.504902        0.596952
BFGS:   79 13:53:07    -2390.532017        0.375910
BFGS:   80 13:53:07    -2390.547717        0.342410
BFGS:   81 13:53:07    -2390.563859        0.314550
BFGS:   82 13:53:08    -2390.579128        0.312194
BFGS:   83 13:53:08    -2390.596187        0.309237
BFGS:   84 13:53:08    -2390.610138        0.283038
BFGS:   85 13:53:09    -2390.618770        0.282031
BFGS:   86 13:53:09    -2390.623444        0.306861
BFGS:   87 13:53:09    -2390.627265        0.316815
BFGS:   88 13:53:09    -2390.631638        0.317083
BFGS:   89 13:53:10    -2390.636076        0.307550
BFGS:   90 13:53:10    -2390.639378        0.287870
BFGS:   91 13:53:10    -2390.641201        0.267209
BFGS:   92 13:53:10    -2390.642222        0.252766
BFGS:   93 13:53:11    -2390.643038        0.227766
BFGS:   94 13:53:11    -2390.643873        0.196510
BFGS:   95 13:53:11    -2390.644732        0.162393
BFGS:   96 13:53:11    -2390.645524        0.130838
BFGS:   97 13:53:12    -2390.646128        0.105580
BFGS:   98 13:53:12    -2390.646516        0.092640
BFGS:   99 13:53:12    -2390.646755        0.086862
BFGS:  100 13:53:12    -2390.646914        0.082935
BFGS:  101 13:53:12    -2390.647035        0.076019
BFGS:  102 13:53:13    -2390.647132        0.067367
BFGS:  103 13:53:13    -2390.647206        0.059125
BFGS:  104 13:53:13    -2390.647259        0.052295
BFGS:  105 13:53:13    -2390.647297        0.047116
BFGS:  106 13:53:13    -2390.647325        0.042850
BFGS:  107 13:53:14    -2390.647348        0.039825
BFGS:  108 13:53:14    -2390.647366        0.039412
BFGS:  109 13:53:14    -2390.647379        0.037792
BFGS:  110 13:53:14    -2390.647389        0.035189
BFGS:  111 13:53:14    -2390.647397        0.031443
BFGS:  112 13:53:14    -2390.647403        0.028382
BFGS:  113 13:53:15    -2390.647408        0.028480
BFGS:  114 13:53:15    -2390.647411        0.029523
BFGS:  115 13:53:15    -2390.647413        0.029771
BFGS:  116 13:53:15    -2390.647415        0.030173
BFGS:  117 13:53:15    -2390.647417        0.029902
BFGS:  118 13:53:15    -2390.647419        0.030233
BFGS:  119 13:53:15    -2390.647421        0.029377
BFGS:  120 13:53:16    -2390.647422        0.028078
BFGS:  121 13:53:16    -2390.647425        0.027339
BFGS:  122 13:53:16    -2390.647427        0.026174
BFGS:  123 13:53:16    -2390.647428        0.025513
BFGS:  124 13:53:16    -2390.647429        0.025346
BFGS:  125 13:53:16    -2390.647430        0.025321
BFGS:  126 13:53:16    -2390.647432        0.025439
BFGS:  127 13:53:16    -2390.647433        0.025334
BFGS:  128 13:53:17    -2390.647435        0.024451
BFGS:  129 13:53:17    -2390.647436        0.023575
BFGS:  130 13:53:17    -2390.647437        0.022491
BFGS:  131 13:53:17    -2390.647439        0.021660
BFGS:  132 13:53:17    -2390.647440        0.021434
BFGS:  133 13:53:17    -2390.647442        0.022341
BFGS:  134 13:53:17    -2390.647443        0.022742
BFGS:  135 13:53:18    -2390.647445        0.022876
BFGS:  136 13:53:18    -2390.647447        0.022867
BFGS:  137 13:53:18    -2390.647449        0.022262
BFGS:  138 13:53:18    -2390.647452        0.021154
BFGS:  139 13:53:18    -2390.647455        0.019829
BFGS:  140 13:53:18    -2390.647459        0.017716
BFGS:  141 13:53:18    -2390.647465        0.017010
BFGS:  142 13:53:19    -2390.647473        0.016218
BFGS:  143 13:53:19    -2390.647478        0.015377
BFGS:  144 13:53:19    -2390.647482        0.013597
BFGS:  145 13:53:19    -2390.647485        0.011506
BFGS:  146 13:53:19    -2390.647488        0.009707
