      Step     Time          Energy          fmax
BFGS:    0 12:17:32    -2029.459019        5.543765
BFGS:    1 12:17:33    -2031.906144        3.487024
BFGS:    2 12:17:34    -2033.313041        4.049780
BFGS:    3 12:17:35    -2034.968230        2.044185
BFGS:    4 12:17:35    -2036.069938        4.013781
BFGS:    5 12:17:36    -2036.739323        1.895024
BFGS:    6 12:17:37    -2037.310694        1.822740
BFGS:    7 12:17:37    -2037.969742        2.560210
BFGS:    8 12:17:38    -2038.868036        5.868102
BFGS:    9 12:17:39    -2038.468517        8.546705
BFGS:   10 12:17:39    -2039.449644        5.356943
BFGS:   11 12:17:40    -2039.785709        5.112287
BFGS:   12 12:17:41    -2038.570377       25.510165
BFGS:   13 12:17:42    -2040.765486        3.220966
BFGS:   14 12:17:42    -2041.080838        2.645068
BFGS:   15 12:17:43    -2041.592094        1.942470
BFGS:   16 12:17:43    -2041.718570        0.814690
BFGS:   17 12:17:44    -2041.917131        1.146872
BFGS:   18 12:17:45    -2041.972689        0.960086
BFGS:   19 12:17:45    -2042.037436        0.547520
BFGS:   20 12:17:46    -2042.093865        0.417231
BFGS:   21 12:17:46    -2042.123829        0.456107
BFGS:   22 12:17:47    -2042.157079        0.507886
BFGS:   23 12:17:47    -2042.184835        0.490343
BFGS:   24 12:17:48    -2042.224572        0.483321
BFGS:   25 12:17:48    -2042.281413        0.515645
BFGS:   26 12:17:49    -2042.372267        0.589701
BFGS:   27 12:17:50    -2042.487775        0.776031
BFGS:   28 12:17:50    -2042.696515        1.509691
BFGS:   29 12:17:51    -2042.952829        2.652680
BFGS:   30 12:17:52    -2043.493343        3.900334
BFGS:   31 12:17:52    -2044.060411        5.344729
BFGS:   32 12:17:53    -2044.560175        6.590737
BFGS:   33 12:17:54    -2045.010820        7.067400
BFGS:   34 12:17:54    -2045.600140        7.125910
BFGS:   35 12:17:55    -2046.084420        7.045363
BFGS:   36 12:17:56    -2047.736634        8.186458
BFGS:   37 12:17:57    -2051.228882       10.219502
BFGS:   38 12:17:57    -2052.635383       27.074502
BFGS:   39 12:17:58    -2055.991524        9.490090
BFGS:   40 12:17:59    -2060.176486        6.319210
BFGS:   41 12:17:59    -2061.759735        3.527494
BFGS:   42 12:18:00    -2063.147090        5.292993
BFGS:   43 12:18:01    -2064.299862        5.654789
BFGS:   44 12:18:01    -2065.530723        6.383000
BFGS:   45 12:18:02    -2066.610535        2.981399
BFGS:   46 12:18:02    -2067.633029        2.914359
BFGS:   47 12:18:03    -2068.286280        4.498804
BFGS:   48 12:18:03    -2068.996808        1.961397
BFGS:   49 12:18:04    -2069.473889        1.865891
BFGS:   50 12:18:05    -2069.920657        1.318473
BFGS:   51 12:18:05    -2070.158674        1.607618
BFGS:   52 12:18:06    -2070.422758        1.234957
BFGS:   53 12:18:06    -2070.636348        1.681006
BFGS:   54 12:18:07    -2070.828659        1.076273
BFGS:   55 12:18:07    -2070.964721        0.922987
BFGS:   56 12:18:08    -2071.074374        0.634213
BFGS:   57 12:18:08    -2071.144038        0.795922
BFGS:   58 12:18:09    -2071.209100        0.786319
BFGS:   59 12:18:09    -2071.271728        0.765946
BFGS:   60 12:18:09    -2071.324915        0.644484
BFGS:   61 12:18:10    -2071.378470        0.787117
BFGS:   62 12:18:10    -2071.449082        1.156883
BFGS:   63 12:18:11    -2071.537342        0.805345
BFGS:   64 12:18:12    -2071.633265        0.851243
BFGS:   65 12:18:12    -2071.724007        0.791071
BFGS:   66 12:18:12    -2071.838919        0.922905
BFGS:   67 12:18:13    -2071.953824        1.572655
BFGS:   68 12:18:13    -2072.059455        0.974850
BFGS:   69 12:18:14    -2072.152247        1.127565
BFGS:   70 12:18:14    -2072.212220        2.920243
BFGS:   71 12:18:15    -2072.315814        0.712542
BFGS:   72 12:18:15    -2072.395555        0.498953
BFGS:   73 12:18:15    -2072.499465        0.574132
BFGS:   74 12:18:16    -2072.553279        0.699685
BFGS:   75 12:18:16    -2072.622249        0.819893
BFGS:   76 12:18:17    -2072.677953        0.945424
BFGS:   77 12:18:17    -2072.724012        0.481324
BFGS:   78 12:18:18    -2072.767145        0.502562
BFGS:   79 12:18:18    -2072.804983        0.645705
BFGS:   80 12:18:18    -2072.838978        0.629281
BFGS:   81 12:18:19    -2072.874104        0.703980
BFGS:   82 12:18:19    -2072.909971        0.546052
BFGS:   83 12:18:20    -2072.956168        0.664144
BFGS:   84 12:18:20    -2073.010967        0.624020
BFGS:   85 12:18:21    -2073.059102        0.579491
BFGS:   86 12:18:21    -2073.108191        0.740025
BFGS:   87 12:18:22    -2073.146270        0.730449
BFGS:   88 12:18:22    -2073.187128        0.857607
BFGS:   89 12:18:23    -2073.220400        0.572274
BFGS:   90 12:18:23    -2073.255520        0.497174
BFGS:   91 12:18:23    -2073.281828        0.582348
BFGS:   92 12:18:24    -2073.308259        0.448871
BFGS:   93 12:18:24    -2073.331303        0.455063
BFGS:   94 12:18:25    -2073.346675        0.322924
BFGS:   95 12:18:25    -2073.363046        0.389095
BFGS:   96 12:18:25    -2073.382489        0.300196
BFGS:   97 12:18:26    -2073.400651        0.276218
BFGS:   98 12:18:26    -2073.416227        0.259062
BFGS:   99 12:18:26    -2073.433766        0.366988
BFGS:  100 12:18:27    -2073.456299        0.410614
BFGS:  101 12:18:27    -2073.481024        0.422800
BFGS:  102 12:18:28    -2073.503309        0.706950
BFGS:  103 12:18:28    -2073.524536        0.451448
BFGS:  104 12:18:28    -2073.547438        0.326370
BFGS:  105 12:18:29    -2073.574809        0.315385
BFGS:  106 12:18:29    -2073.596878        0.416641
BFGS:  107 12:18:30    -2073.621110        0.475290
BFGS:  108 12:18:30    -2073.650114        0.493149
BFGS:  109 12:18:31    -2073.690859        0.704286
BFGS:  110 12:18:31    -2073.732608        0.673730
BFGS:  111 12:18:31    -2073.773304        0.476610
BFGS:  112 12:18:32    -2073.809133        0.615268
BFGS:  113 12:18:32    -2073.850042        0.602521
BFGS:  114 12:18:32    -2073.907968        0.914415
BFGS:  115 12:18:33    -2073.988956        0.843352
BFGS:  116 12:18:33    -2074.063701        0.976407
BFGS:  117 12:18:33    -2074.129754        0.808089
BFGS:  118 12:18:34    -2074.181194        1.107037
BFGS:  119 12:18:34    -2074.240508        0.791649
BFGS:  120 12:18:35    -2074.298581        0.552963
BFGS:  121 12:18:35    -2074.341160        0.722326
BFGS:  122 12:18:35    -2074.375192        0.841849
BFGS:  123 12:18:36    -2074.421442        0.615915
BFGS:  124 12:18:36    -2074.491613        0.736435
BFGS:  125 12:18:36    -2074.531747        0.826952
BFGS:  126 12:18:37    -2074.598234        0.712933
BFGS:  127 12:18:37    -2074.669435        0.720881
BFGS:  128 12:18:37    -2074.759096        0.746542
BFGS:  129 12:18:38    -2074.884237        1.015250
BFGS:  130 12:18:38    -2074.986861        1.240407
BFGS:  131 12:18:39    -2075.083873        0.790088
BFGS:  132 12:18:39    -2075.146348        1.118661
BFGS:  133 12:18:39    -2075.216628        0.637543
BFGS:  134 12:18:40    -2075.285887        0.585437
BFGS:  135 12:18:40    -2075.367707        0.523535
BFGS:  136 12:18:41    -2075.410077        0.427592
BFGS:  137 12:18:41    -2075.451988        0.459354
BFGS:  138 12:18:41    -2075.484343        0.387718
BFGS:  139 12:18:42    -2075.511502        0.369844
BFGS:  140 12:18:42    -2075.539003        0.458055
BFGS:  141 12:18:42    -2075.560060        0.490617
BFGS:  142 12:18:42    -2075.579991        0.567386
BFGS:  143 12:18:43    -2075.598558        0.572687
BFGS:  144 12:18:43    -2075.618275        0.540275
BFGS:  145 12:18:44    -2075.640565        0.490279
BFGS:  146 12:18:44    -2075.667303        0.419988
BFGS:  147 12:18:44    -2075.701783        0.538626
BFGS:  148 12:18:45    -2075.739337        0.674137
BFGS:  149 12:18:45    -2075.777998        0.637329
BFGS:  150 12:18:45    -2075.817203        0.680713
BFGS:  151 12:18:46    -2075.856138        0.581119
BFGS:  152 12:18:46    -2075.896987        0.814084
BFGS:  153 12:18:46    -2075.941089        0.672101
BFGS:  154 12:18:47    -2075.998747        0.988120
BFGS:  155 12:18:47    -2076.058142        0.893996
BFGS:  156 12:18:48    -2076.104511        2.374269
BFGS:  157 12:18:48    -2076.167044        1.096528
BFGS:  158 12:18:49    -2076.225786        0.724093
BFGS:  159 12:18:49    -2076.268534        1.553269
BFGS:  160 12:18:49    -2076.311151        0.739381
BFGS:  161 12:18:50    -2076.352996        0.694018
BFGS:  162 12:18:50    -2076.411826        0.962486
BFGS:  163 12:18:51    -2076.452761        0.835102
BFGS:  164 12:18:51    -2076.498592        0.808193
BFGS:  165 12:18:52    -2076.526011        1.086924
BFGS:  166 12:18:52    -2076.529827        1.107004
BFGS:  167 12:18:52    -2076.557812        0.357913
BFGS:  168 12:18:53    -2076.570080        0.305150
BFGS:  169 12:18:53    -2076.588357        0.447070
BFGS:  170 12:18:53    -2076.613863        0.702922
BFGS:  171 12:18:54    -2076.631284        0.696414
BFGS:  172 12:18:54    -2076.657466        0.473475
BFGS:  173 12:18:55    -2076.675004        0.304616
BFGS:  174 12:18:55    -2076.695540        0.347754
BFGS:  175 12:18:55    -2076.717338        0.476006
BFGS:  176 12:18:56    -2076.738946        0.495433
BFGS:  177 12:18:56    -2076.758278        0.450552
BFGS:  178 12:18:56    -2076.782340        0.413841
BFGS:  179 12:18:57    -2076.822787        0.499139
BFGS:  180 12:18:57    -2076.872191        0.577017
BFGS:  181 12:18:57    -2076.921138        0.523311
BFGS:  182 12:18:58    -2076.966477        0.481419
BFGS:  183 12:18:58    -2077.009426        0.746313
BFGS:  184 12:18:59    -2077.045801        0.777144
BFGS:  185 12:18:59    -2077.092157        0.751764
BFGS:  186 12:18:59    -2077.127644        0.593246
BFGS:  187 12:19:00    -2077.154082        0.393849
BFGS:  188 12:19:00    -2077.169840        0.916177
BFGS:  189 12:19:00    -2077.185300        0.356680
BFGS:  190 12:19:01    -2077.203559        0.473183
BFGS:  191 12:19:01    -2077.215453        0.392399
BFGS:  192 12:19:01    -2077.224703        0.227653
BFGS:  193 12:19:02    -2077.234480        0.175451
BFGS:  194 12:19:02    -2077.245487        0.220675
BFGS:  195 12:19:02    -2077.252786        0.283776
BFGS:  196 12:19:03    -2077.262413        0.317807
BFGS:  197 12:19:03    -2077.276674        0.336457
BFGS:  198 12:19:03    -2077.299786        0.610824
BFGS:  199 12:19:04    -2077.334872        0.831771
BFGS:  200 12:19:04    -2077.373651        0.920085
