      Step     Time          Energy          fmax
BFGS:    0 13:17:15     -981.869229     2393.762150
BFGS:    1 13:17:16    -2088.596432      343.780162
BFGS:    2 13:17:17    -1964.194971     2183.127429
BFGS:    3 13:17:18    -2055.355303     1484.973066
BFGS:    4 13:17:19    -2166.548878      699.737021
BFGS:    5 13:17:20    -2254.111823      282.171130
BFGS:    6 13:17:20    -2285.486194      219.418710
BFGS:    7 13:17:21    -2324.629483      109.570128
BFGS:    8 13:17:21    -2342.539438       81.128174
BFGS:    9 13:17:22    -2357.235699       23.581282
BFGS:   10 13:17:23    -2361.752772       17.529376
BFGS:   11 13:17:23    -2366.426890        8.585112
BFGS:   12 13:17:24    -2369.392077        5.180078
BFGS:   13 13:17:24    -2370.572863       15.521165
BFGS:   14 13:17:25    -2372.883016        5.572463
BFGS:   15 13:17:26    -2374.570024        3.876261
BFGS:   16 13:17:26    -2375.628071        3.613104
BFGS:   17 13:17:27    -2376.162319        2.837964
BFGS:   18 13:17:27    -2376.806129        2.431437
BFGS:   19 13:17:28    -2377.204501        2.094069
BFGS:   20 13:17:28    -2377.431218        1.724779
BFGS:   21 13:17:28    -2377.620006        1.488528
BFGS:   22 13:17:29    -2377.750743        1.438740
BFGS:   23 13:17:29    -2377.847873        1.548367
BFGS:   24 13:17:30    -2377.964917        1.746634
BFGS:   25 13:17:30    -2378.082881        1.844908
BFGS:   26 13:17:31    -2378.222416        1.938934
BFGS:   27 13:17:31    -2378.367709        1.852406
BFGS:   28 13:17:32    -2378.532252        1.604147
BFGS:   29 13:17:32    -2378.715155        1.659784
BFGS:   30 13:17:33    -2378.949174        1.484945
BFGS:   31 13:17:33    -2379.256914        1.862449
BFGS:   32 13:17:34    -2379.544160        2.067086
BFGS:   33 13:17:34    -2379.875307        2.462051
BFGS:   34 13:17:35    -2379.863570        2.856332
BFGS:   35 13:17:36    -2380.247247        1.167535
BFGS:   36 13:17:36    -2380.371506        1.032950
BFGS:   37 13:17:37    -2380.534984        0.922596
BFGS:   38 13:17:37    -2380.640243        1.034203
BFGS:   39 13:17:38    -2380.729402        1.021999
BFGS:   40 13:17:38    -2380.809226        0.711548
BFGS:   41 13:17:39    -2380.873749        0.632241
BFGS:   42 13:17:39    -2380.922100        0.682686
BFGS:   43 13:17:39    -2380.961827        0.699689
BFGS:   44 13:17:40    -2380.992742        0.603180
BFGS:   45 13:17:40    -2381.020114        0.538550
BFGS:   46 13:17:41    -2381.048210        0.582017
BFGS:   47 13:17:41    -2381.084141        0.625777
BFGS:   48 13:17:41    -2381.137351        0.607841
BFGS:   49 13:17:42    -2381.229681        0.823316
BFGS:   50 13:17:42    -2381.363739        1.813701
BFGS:   51 13:17:43    -2381.512405        2.943490
BFGS:   52 13:17:43    -2381.687571        3.865562
BFGS:   53 13:17:44    -2382.155592        4.322888
BFGS:   54 13:17:44    -2383.006933        3.545104
BFGS:   55 13:17:45    -2383.507146        3.673017
BFGS:   56 13:17:45    -2384.359413        2.148462
BFGS:   57 13:17:45    -2384.741556        1.848921
BFGS:   58 13:17:46    -2385.050825        1.872838
BFGS:   59 13:17:46    -2385.207056        1.546260
BFGS:   60 13:17:47    -2385.386774        1.156967
BFGS:   61 13:17:47    -2385.516221        1.056910
BFGS:   62 13:17:47    -2385.639490        0.886370
BFGS:   63 13:17:48    -2385.726923        0.994248
BFGS:   64 13:17:48    -2385.800111        0.955322
BFGS:   65 13:17:48    -2385.862037        0.962838
BFGS:   66 13:17:49    -2385.902963        1.110598
BFGS:   67 13:17:49    -2385.940185        1.149426
BFGS:   68 13:17:49    -2385.967904        1.139412
BFGS:   69 13:17:50    -2385.991803        1.061100
BFGS:   70 13:17:50    -2386.012016        0.991434
BFGS:   71 13:17:50    -2386.030386        0.987531
BFGS:   72 13:17:51    -2386.046739        0.995210
BFGS:   73 13:17:51    -2386.061005        0.997736
BFGS:   74 13:17:51    -2386.073527        0.992822
BFGS:   75 13:17:52    -2386.084850        0.980741
BFGS:   76 13:17:52    -2386.094961        0.968736
BFGS:   77 13:17:52    -2386.103891        1.008494
BFGS:   78 13:17:53    -2386.112190        1.046175
BFGS:   79 13:17:53    -2386.120402        1.091721
BFGS:   80 13:17:53    -2386.128638        1.136419
BFGS:   81 13:17:53    -2386.136637        1.173285
BFGS:   82 13:17:54    -2386.144243        1.191509
BFGS:   83 13:17:54    -2386.151553        1.207286
BFGS:   84 13:17:54    -2386.158310        1.178408
BFGS:   85 13:17:55    -2386.164184        1.120475
BFGS:   86 13:17:55    -2386.169151        1.058437
BFGS:   87 13:17:55    -2386.173432        1.013870
BFGS:   88 13:17:56    -2386.177427        1.003308
BFGS:   89 13:17:56    -2386.181241        1.060042
BFGS:   90 13:17:56    -2386.184823        1.099803
BFGS:   91 13:17:57    -2386.188311        1.101371
BFGS:   92 13:17:57    -2386.191905        1.044891
BFGS:   93 13:17:57    -2386.195546        0.959199
BFGS:   94 13:17:57    -2386.198967        0.895448
BFGS:   95 13:17:58    -2386.201989        0.831018
BFGS:   96 13:17:58    -2386.204588        0.785342
BFGS:   97 13:17:58    -2386.206827        0.759505
BFGS:   98 13:17:59    -2386.208741        0.769920
BFGS:   99 13:17:59    -2386.210561        0.792404
BFGS:  100 13:17:59    -2386.212668        0.810164
BFGS:  101 13:18:00    -2386.215450        0.816115
BFGS:  102 13:18:00    -2386.218936        0.793431
BFGS:  103 13:18:00    -2386.222651        0.771829
BFGS:  104 13:18:01    -2386.226052        0.743550
BFGS:  105 13:18:01    -2386.229209        0.711987
BFGS:  106 13:18:01    -2386.232810        0.685323
BFGS:  107 13:18:02    -2386.237507        0.661160
BFGS:  108 13:18:02    -2386.243350        0.667781
BFGS:  109 13:18:02    -2386.249666        0.680909
BFGS:  110 13:18:03    -2386.255560        0.689334
BFGS:  111 13:18:03    -2386.260653        0.687293
BFGS:  112 13:18:03    -2386.265181        0.700879
BFGS:  113 13:18:04    -2386.269581        0.685449
BFGS:  114 13:18:04    -2386.273872        0.648128
BFGS:  115 13:18:04    -2386.277907        0.612455
BFGS:  116 13:18:04    -2386.281477        0.592399
BFGS:  117 13:18:05    -2386.284449        0.592839
BFGS:  118 13:18:05    -2386.286979        0.601819
BFGS:  119 13:18:05    -2386.289357        0.628701
BFGS:  120 13:18:06    -2386.291759        0.657268
BFGS:  121 13:18:06    -2386.294187        0.669578
BFGS:  122 13:18:06    -2386.296659        0.653827
BFGS:  123 13:18:07    -2386.299156        0.612636
BFGS:  124 13:18:07    -2386.301533        0.592519
BFGS:  125 13:18:07    -2386.303609        0.597351
BFGS:  126 13:18:07    -2386.305617        0.590695
BFGS:  127 13:18:08    -2386.307927        0.567031
BFGS:  128 13:18:08    -2386.310745        0.520417
BFGS:  129 13:18:08    -2386.313764        0.454562
BFGS:  130 13:18:09    -2386.316497        0.423597
BFGS:  131 13:18:09    -2386.318814        0.407501
BFGS:  132 13:18:09    -2386.321297        0.395564
BFGS:  133 13:18:10    -2386.324306        0.385276
BFGS:  134 13:18:10    -2386.327655        0.375488
BFGS:  135 13:18:10    -2386.330730        0.365399
BFGS:  136 13:18:10    -2386.333231        0.355097
BFGS:  137 13:18:11    -2386.335378        0.343758
BFGS:  138 13:18:11    -2386.337447        0.329073
BFGS:  139 13:18:11    -2386.339440        0.332685
BFGS:  140 13:18:12    -2386.341309        0.340853
BFGS:  141 13:18:12    -2386.343002        0.335971
BFGS:  142 13:18:12    -2386.344398        0.317597
BFGS:  143 13:18:12    -2386.345380        0.293406
BFGS:  144 13:18:13    -2386.346024        0.274882
BFGS:  145 13:18:13    -2386.346492        0.280505
BFGS:  146 13:18:13    -2386.346925        0.279538
BFGS:  147 13:18:14    -2386.347394        0.273833
BFGS:  148 13:18:14    -2386.347912        0.257351
BFGS:  149 13:18:14    -2386.348439        0.243225
BFGS:  150 13:18:14    -2386.348919        0.238778
BFGS:  151 13:18:15    -2386.349296        0.236624
BFGS:  152 13:18:15    -2386.349638        0.231355
BFGS:  153 13:18:15    -2386.350053        0.228256
BFGS:  154 13:18:15    -2386.350539        0.224610
BFGS:  155 13:18:16    -2386.351011        0.213361
BFGS:  156 13:18:16    -2386.351408        0.197507
BFGS:  157 13:18:16    -2386.351769        0.183470
BFGS:  158 13:18:16    -2386.352167        0.173970
BFGS:  159 13:18:17    -2386.352604        0.170232
BFGS:  160 13:18:17    -2386.353017        0.170087
BFGS:  161 13:18:17    -2386.353395        0.173462
BFGS:  162 13:18:17    -2386.353797        0.181965
BFGS:  163 13:18:18    -2386.354245        0.194027
BFGS:  164 13:18:18    -2386.354752        0.202964
BFGS:  165 13:18:18    -2386.355255        0.199673
BFGS:  166 13:18:19    -2386.355764        0.182917
BFGS:  167 13:18:19    -2386.356272        0.169568
BFGS:  168 13:18:19    -2386.356742        0.158609
BFGS:  169 13:18:19    -2386.357094        0.147283
BFGS:  170 13:18:20    -2386.357355        0.137872
BFGS:  171 13:18:20    -2386.357606        0.137307
BFGS:  172 13:18:20    -2386.357904        0.142269
BFGS:  173 13:18:20    -2386.358217        0.147958
BFGS:  174 13:18:21    -2386.358485        0.149771
BFGS:  175 13:18:21    -2386.358681        0.146007
BFGS:  176 13:18:21    -2386.358862        0.139627
BFGS:  177 13:18:21    -2386.359082        0.130631
BFGS:  178 13:18:22    -2386.359366        0.118990
BFGS:  179 13:18:22    -2386.359686        0.113896
BFGS:  180 13:18:22    -2386.360000        0.113975
BFGS:  181 13:18:22    -2386.360296        0.116585
BFGS:  182 13:18:23    -2386.360622        0.116137
BFGS:  183 13:18:23    -2386.360997        0.118034
BFGS:  184 13:18:23    -2386.361433        0.115904
BFGS:  185 13:18:23    -2386.361868        0.109695
BFGS:  186 13:18:24    -2386.362286        0.094610
BFGS:  187 13:18:24    -2386.362715        0.077365
BFGS:  188 13:18:24    -2386.363199        0.073071
BFGS:  189 13:18:24    -2386.363716        0.064771
BFGS:  190 13:18:25    -2386.364192        0.053709
BFGS:  191 13:18:25    -2386.364563        0.041803
BFGS:  192 13:18:25    -2386.364842        0.032765
BFGS:  193 13:18:25    -2386.365083        0.031693
BFGS:  194 13:18:26    -2386.365310        0.042288
BFGS:  195 13:18:26    -2386.365511        0.044409
BFGS:  196 13:18:26    -2386.365661        0.040336
BFGS:  197 13:18:26    -2386.365753        0.040209
BFGS:  198 13:18:27    -2386.365809        0.038084
BFGS:  199 13:18:27    -2386.365853        0.031680
BFGS:  200 13:18:27    -2386.365892        0.021721
