      Step     Time          Energy          fmax
BFGS:    0 13:40:18    -2378.591031        8.475053
BFGS:    1 13:40:19    -2385.520291        7.084694
BFGS:    2 13:40:19    -2385.599239       20.478684
BFGS:    3 13:40:20    -2388.833889        5.159898
BFGS:    4 13:40:20    -2389.699082        3.242893
BFGS:    5 13:40:21    -2390.458424        6.728212
BFGS:    6 13:40:22    -2390.904073        2.419810
BFGS:    7 13:40:22    -2391.300828        1.766854
BFGS:    8 13:40:23    -2391.395883        1.248893
BFGS:    9 13:40:23    -2391.499174        0.689302
BFGS:   10 13:40:24    -2391.559663        0.692986
BFGS:   11 13:40:24    -2391.609135        0.856927
BFGS:   12 13:40:25    -2391.665059        0.481257
BFGS:   13 13:40:25    -2391.725535        0.501662
BFGS:   14 13:40:25    -2391.764661        0.581020
BFGS:   15 13:40:26    -2391.801195        0.490766
BFGS:   16 13:40:26    -2391.827016        0.471653
BFGS:   17 13:40:27    -2391.846636        0.280124
BFGS:   18 13:40:27    -2391.858242        0.210990
BFGS:   19 13:40:28    -2391.864186        0.118621
BFGS:   20 13:40:28    -2391.867915        0.120240
BFGS:   21 13:40:29    -2391.871067        0.100227
BFGS:   22 13:40:29    -2391.874020        0.106403
BFGS:   23 13:40:29    -2391.877061        0.137533
BFGS:   24 13:40:30    -2391.880397        0.134716
BFGS:   25 13:40:30    -2391.884022        0.118801
BFGS:   26 13:40:31    -2391.887364        0.124735
BFGS:   27 13:40:31    -2391.890001        0.092241
BFGS:   28 13:40:31    -2391.892478        0.138139
BFGS:   29 13:40:32    -2391.895668        0.146399
BFGS:   30 13:40:32    -2391.899610        0.184931
BFGS:   31 13:40:33    -2391.903459        0.178198
BFGS:   32 13:40:33    -2391.906575        0.134757
BFGS:   33 13:40:34    -2391.909198        0.121761
BFGS:   34 13:40:34    -2391.911801        0.127626
BFGS:   35 13:40:34    -2391.914626        0.126311
BFGS:   36 13:40:35    -2391.917405        0.135494
BFGS:   37 13:40:35    -2391.920315        0.138836
BFGS:   38 13:40:36    -2391.923786        0.120830
BFGS:   39 13:40:36    -2391.927843        0.142995
BFGS:   40 13:40:36    -2391.931974        0.140157
BFGS:   41 13:40:37    -2391.936022        0.122801
BFGS:   42 13:40:37    -2391.940243        0.126825
BFGS:   43 13:40:38    -2391.944989        0.155996
BFGS:   44 13:40:38    -2391.950498        0.208866
BFGS:   45 13:40:39    -2391.957029        0.267565
BFGS:   46 13:40:39    -2391.962867        0.228860
BFGS:   47 13:40:40    -2391.968959        0.196286
BFGS:   48 13:40:40    -2391.973159        0.140414
BFGS:   49 13:40:40    -2391.976522        0.124500
BFGS:   50 13:40:41    -2391.978985        0.109130
BFGS:   51 13:40:41    -2391.981537        0.087649
BFGS:   52 13:40:42    -2391.982755        0.066732
BFGS:   53 13:40:42    -2391.983795        0.071299
BFGS:   54 13:40:42    -2391.984471        0.069218
BFGS:   55 13:40:43    -2391.985294        0.068491
BFGS:   56 13:40:43    -2391.986068        0.063875
BFGS:   57 13:40:43    -2391.986692        0.041418
BFGS:   58 13:40:44    -2391.987161        0.041900
BFGS:   59 13:40:44    -2391.987605        0.050883
BFGS:   60 13:40:45    -2391.988078        0.061811
BFGS:   61 13:40:45    -2391.988475        0.046976
BFGS:   62 13:40:45    -2391.988804        0.035484
BFGS:   63 13:40:46    -2391.989115        0.044306
BFGS:   64 13:40:46    -2391.989444        0.047579
BFGS:   65 13:40:46    -2391.989751        0.048799
BFGS:   66 13:40:47    -2391.989999        0.044082
BFGS:   67 13:40:47    -2391.990209        0.027779
BFGS:   68 13:40:47    -2391.990401        0.030538
BFGS:   69 13:40:48    -2391.990572        0.027218
BFGS:   70 13:40:48    -2391.990720        0.034760
BFGS:   71 13:40:48    -2391.990867        0.033454
BFGS:   72 13:40:49    -2391.991023        0.025528
BFGS:   73 13:40:49    -2391.991176        0.023158
BFGS:   74 13:40:49    -2391.991286        0.022940
BFGS:   75 13:40:50    -2391.991372        0.018315
BFGS:   76 13:40:50    -2391.991456        0.021415
BFGS:   77 13:40:50    -2391.991571        0.021424
BFGS:   78 13:40:50    -2391.991719        0.021869
BFGS:   79 13:40:51    -2391.991906        0.028997
BFGS:   80 13:40:51    -2391.992183        0.056456
BFGS:   81 13:40:52    -2391.992646        0.084398
BFGS:   82 13:40:52    -2391.993539        0.107330
BFGS:   83 13:40:52    -2391.995296        0.117484
BFGS:   84 13:40:53    -2391.998879        0.172080
BFGS:   85 13:40:53    -2392.003336        0.252376
BFGS:   86 13:40:54    -2392.010837        0.244368
BFGS:   87 13:40:54    -2392.034748        0.308313
BFGS:   88 13:40:55    -2392.048211        0.418808
BFGS:   89 13:40:55    -2392.054162        0.659798
BFGS:   90 13:40:56    -2392.083472        0.330723
BFGS:   91 13:40:56    -2392.117377        0.414287
BFGS:   92 13:40:57    -2392.210032        1.080607
BFGS:   93 13:40:57    -2392.257345        2.069190
BFGS:   94 13:40:58    -2392.493034        1.654554
BFGS:   95 13:40:58    -2392.790856        1.951339
BFGS:   96 13:40:58    -2393.031003        1.995350
BFGS:   97 13:40:59    -2393.144249        1.095825
BFGS:   98 13:40:59    -2393.284737        1.155045
BFGS:   99 13:41:00    -2393.356487        0.900840
BFGS:  100 13:41:00    -2393.429983        0.898064
BFGS:  101 13:41:01    -2393.535627        0.754748
BFGS:  102 13:41:01    -2393.626434        0.640355
BFGS:  103 13:41:02    -2393.698625        0.535665
BFGS:  104 13:41:02    -2393.765691        0.584669
BFGS:  105 13:41:02    -2393.840962        0.601363
BFGS:  106 13:41:03    -2393.918270        0.540818
BFGS:  107 13:41:03    -2393.974149        0.402735
BFGS:  108 13:41:04    -2394.007908        0.421843
BFGS:  109 13:41:04    -2394.028872        0.361688
BFGS:  110 13:41:04    -2394.044172        0.338582
BFGS:  111 13:41:05    -2394.057595        0.244937
BFGS:  112 13:41:05    -2394.068918        0.215946
BFGS:  113 13:41:05    -2394.078395        0.212769
BFGS:  114 13:41:06    -2394.086343        0.141907
BFGS:  115 13:41:06    -2394.092544        0.149516
BFGS:  116 13:41:06    -2394.097579        0.147749
BFGS:  117 13:41:06    -2394.102264        0.125048
BFGS:  118 13:41:07    -2394.106842        0.136502
BFGS:  119 13:41:07    -2394.111244        0.125526
BFGS:  120 13:41:07    -2394.114998        0.118728
BFGS:  121 13:41:08    -2394.118035        0.100899
BFGS:  122 13:41:08    -2394.120663        0.097474
BFGS:  123 13:41:09    -2394.122943        0.093485
BFGS:  124 13:41:09    -2394.124737        0.091259
BFGS:  125 13:41:09    -2394.126018        0.081492
BFGS:  126 13:41:10    -2394.127047        0.072293
BFGS:  127 13:41:10    -2394.128145        0.078815
BFGS:  128 13:41:10    -2394.129402        0.086221
BFGS:  129 13:41:10    -2394.130798        0.082545
BFGS:  130 13:41:11    -2394.132455        0.085857
BFGS:  131 13:41:11    -2394.134759        0.096091
BFGS:  132 13:41:11    -2394.138189        0.120005
BFGS:  133 13:41:12    -2394.142879        0.135167
BFGS:  134 13:41:12    -2394.148083        0.138568
BFGS:  135 13:41:13    -2394.153347        0.148177
BFGS:  136 13:41:13    -2394.159803        0.192802
BFGS:  137 13:41:13    -2394.172417        0.307809
BFGS:  138 13:41:14    -2394.201472        0.980150
BFGS:  139 13:41:14    -2394.199407        2.105266
BFGS:  140 13:41:15    -2394.323323        2.400820
BFGS:  141 13:41:15    -2394.636479        3.083090
BFGS:  142 13:41:16    -2394.756078        2.366645
BFGS:  143 13:41:16    -2394.863479        2.857379
BFGS:  144 13:41:17    -2395.221611        1.934671
BFGS:  145 13:41:17    -2395.392031        2.382641
BFGS:  146 13:41:17    -2395.649463        1.841717
BFGS:  147 13:41:18    -2395.880922        1.080946
BFGS:  148 13:41:18    -2395.988923        0.679897
BFGS:  149 13:41:19    -2396.054734        0.428640
BFGS:  150 13:41:19    -2396.098757        0.459785
BFGS:  151 13:41:19    -2396.116397        0.359653
BFGS:  152 13:41:20    -2396.126953        0.399483
BFGS:  153 13:41:20    -2396.137618        0.493846
BFGS:  154 13:41:20    -2396.152113        0.529416
BFGS:  155 13:41:21    -2396.165254        0.465741
BFGS:  156 13:41:21    -2396.180643        0.300414
BFGS:  157 13:41:21    -2396.191231        0.239657
BFGS:  158 13:41:22    -2396.197068        0.267748
BFGS:  159 13:41:22    -2396.203422        0.260034
BFGS:  160 13:41:22    -2396.211083        0.205255
BFGS:  161 13:41:23    -2396.218509        0.214212
BFGS:  162 13:41:23    -2396.223965        0.224035
BFGS:  163 13:41:23    -2396.228090        0.196363
BFGS:  164 13:41:24    -2396.231930        0.136034
BFGS:  165 13:41:24    -2396.235489        0.103268
BFGS:  166 13:41:24    -2396.238328        0.088129
BFGS:  167 13:41:25    -2396.240667        0.096544
BFGS:  168 13:41:25    -2396.242473        0.083420
BFGS:  169 13:41:25    -2396.243536        0.052410
BFGS:  170 13:41:25    -2396.244054        0.028576
BFGS:  171 13:41:26    -2396.244324        0.027578
BFGS:  172 13:41:26    -2396.244534        0.022851
BFGS:  173 13:41:26    -2396.244698        0.023540
BFGS:  174 13:41:26    -2396.244807        0.018828
BFGS:  175 13:41:27    -2396.244882        0.017704
BFGS:  176 13:41:27    -2396.244947        0.015127
BFGS:  177 13:41:27    -2396.245010        0.014336
BFGS:  178 13:41:27    -2396.245063        0.016648
BFGS:  179 13:41:28    -2396.245114        0.016189
BFGS:  180 13:41:28    -2396.245168        0.013026
BFGS:  181 13:41:28    -2396.245241        0.011820
BFGS:  182 13:41:28    -2396.245315        0.017132
BFGS:  183 13:41:29    -2396.245376        0.017764
BFGS:  184 13:41:29    -2396.245420        0.012359
BFGS:  185 13:41:29    -2396.245455        0.009623
