      Step     Time          Energy          fmax
BFGS:    0 13:31:39    -2604.808815        5.734478
BFGS:    1 13:31:40    -2608.410436        4.007560
BFGS:    2 13:31:41    -2609.229926        3.691915
BFGS:    3 13:31:42    -2609.938961        1.896513
BFGS:    4 13:31:43    -2610.780248        1.346220
BFGS:    5 13:31:44    -2611.614108        2.774731
BFGS:    6 13:31:45    -2612.700473        4.275303
BFGS:    7 13:31:46    -2613.999967        6.590942
BFGS:    8 13:31:47    -2615.483975        6.806873
BFGS:    9 13:31:48    -2616.625532        8.674472
BFGS:   10 13:31:49    -2620.896665        4.804806
BFGS:   11 13:31:49    -2626.257085        5.289163
BFGS:   12 13:31:50    -2631.490618        6.523399
BFGS:   13 13:31:51    -2631.474814       20.808824
BFGS:   14 13:31:51    -2635.615802        5.225138
BFGS:   15 13:31:52    -2637.154529        4.919452
BFGS:   16 13:31:52    -2638.905474        3.807576
BFGS:   17 13:31:53    -2640.500432        7.772193
BFGS:   18 13:31:54    -2641.849196        6.114208
BFGS:   19 13:31:54    -2643.689257        5.317817
BFGS:   20 13:31:55    -2644.120199        9.558853
BFGS:   21 13:31:55    -2645.213530        3.456870
BFGS:   22 13:31:56    -2645.917277        2.211512
BFGS:   23 13:31:56    -2646.382848        1.273855
BFGS:   24 13:31:57    -2646.935516        5.224559
BFGS:   25 13:31:57    -2647.377551        3.476149
BFGS:   26 13:31:58    -2647.930968        4.391684
BFGS:   27 13:31:58    -2648.370029        2.157961
BFGS:   28 13:31:59    -2648.678295        1.772351
BFGS:   29 13:31:59    -2648.977334        1.080080
BFGS:   30 13:31:59    -2649.138327        1.175422
BFGS:   31 13:32:00    -2649.370479        1.518927
BFGS:   32 13:32:00    -2649.525189        0.959367
BFGS:   33 13:32:01    -2649.653114        0.719416
BFGS:   34 13:32:01    -2649.728691        0.850752
BFGS:   35 13:32:01    -2649.786236        0.607075
BFGS:   36 13:32:02    -2649.828557        0.376462
BFGS:   37 13:32:02    -2649.865384        0.444864
BFGS:   38 13:32:03    -2649.894271        0.424807
BFGS:   39 13:32:03    -2649.920152        0.317721
BFGS:   40 13:32:03    -2649.945990        0.379127
BFGS:   41 13:32:04    -2649.975195        0.436432
BFGS:   42 13:32:04    -2650.003865        0.422354
BFGS:   43 13:32:04    -2650.026896        0.238031
BFGS:   44 13:32:05    -2650.046437        0.244859
BFGS:   45 13:32:05    -2650.065720        0.341636
BFGS:   46 13:32:05    -2650.085310        0.439759
BFGS:   47 13:32:06    -2650.104240        0.307187
BFGS:   48 13:32:06    -2650.121602        0.216346
BFGS:   49 13:32:06    -2650.138151        0.303124
BFGS:   50 13:32:07    -2650.154871        0.363789
BFGS:   51 13:32:07    -2650.170218        0.322738
BFGS:   52 13:32:07    -2650.183631        0.197436
BFGS:   53 13:32:08    -2650.195744        0.264338
BFGS:   54 13:32:08    -2650.206894        0.252611
BFGS:   55 13:32:08    -2650.216913        0.255553
BFGS:   56 13:32:09    -2650.226189        0.156881
BFGS:   57 13:32:09    -2650.235486        0.236618
BFGS:   58 13:32:09    -2650.245505        0.302074
BFGS:   59 13:32:10    -2650.255864        0.242042
BFGS:   60 13:32:10    -2650.266604        0.197723
BFGS:   61 13:32:11    -2650.278663        0.241296
BFGS:   62 13:32:11    -2650.293653        0.288247
BFGS:   63 13:32:11    -2650.312020        0.356157
BFGS:   64 13:32:12    -2650.332266        0.289440
BFGS:   65 13:32:12    -2650.352452        0.255296
BFGS:   66 13:32:13    -2650.375352        0.313393
BFGS:   67 13:32:13    -2650.414386        0.659076
BFGS:   68 13:32:14    -2650.437017        1.076102
BFGS:   69 13:32:14    -2650.502518        0.628176
BFGS:   70 13:32:15    -2650.592900        0.607871
BFGS:   71 13:32:16    -2650.708970        0.931947
BFGS:   72 13:32:16    -2650.767676        0.821217
BFGS:   73 13:32:16    -2650.839606        0.524853
BFGS:   74 13:32:17    -2650.933878        0.617328
BFGS:   75 13:32:18    -2651.008101        0.831650
BFGS:   76 13:32:18    -2651.140710        0.933660
BFGS:   77 13:32:19    -2651.251265        0.864844
BFGS:   78 13:32:19    -2651.391191        0.837691
BFGS:   79 13:32:20    -2651.534371        1.027573
BFGS:   80 13:32:20    -2651.652264        0.937729
BFGS:   81 13:32:21    -2651.762204        0.633806
BFGS:   82 13:32:22    -2651.810055        0.766500
BFGS:   83 13:32:22    -2651.905110        0.660909
BFGS:   84 13:32:23    -2651.962063        0.501384
BFGS:   85 13:32:23    -2652.025229        0.495679
BFGS:   86 13:32:24    -2652.054854        0.360586
BFGS:   87 13:32:24    -2652.082671        0.278827
BFGS:   88 13:32:25    -2652.097717        0.197958
BFGS:   89 13:32:25    -2652.108854        0.170017
BFGS:   90 13:32:26    -2652.118118        0.177015
BFGS:   91 13:32:26    -2652.128201        0.154719
BFGS:   92 13:32:27    -2652.138589        0.134447
BFGS:   93 13:32:27    -2652.148979        0.158245
BFGS:   94 13:32:28    -2652.158842        0.184386
BFGS:   95 13:32:28    -2652.168727        0.188162
BFGS:   96 13:32:29    -2652.179417        0.183842
BFGS:   97 13:32:29    -2652.191606        0.157703
BFGS:   98 13:32:30    -2652.203706        0.191475
BFGS:   99 13:32:30    -2652.215811        0.205625
BFGS:  100 13:32:31    -2652.226645        0.184175
BFGS:  101 13:32:31    -2652.235747        0.158794
BFGS:  102 13:32:32    -2652.243418        0.142495
BFGS:  103 13:32:32    -2652.249445        0.119188
BFGS:  104 13:32:33    -2652.253212        0.096403
BFGS:  105 13:32:33    -2652.255595        0.081320
BFGS:  106 13:32:33    -2652.257584        0.078830
BFGS:  107 13:32:34    -2652.259652        0.069391
BFGS:  108 13:32:34    -2652.261828        0.068431
BFGS:  109 13:32:35    -2652.263766        0.064166
BFGS:  110 13:32:35    -2652.265321        0.064788
BFGS:  111 13:32:36    -2652.266762        0.075932
BFGS:  112 13:32:36    -2652.268547        0.088135
BFGS:  113 13:32:37    -2652.271087        0.107567
BFGS:  114 13:32:37    -2652.274457        0.123105
BFGS:  115 13:32:38    -2652.277532        0.134677
BFGS:  116 13:32:38    -2652.281453        0.109436
BFGS:  117 13:32:39    -2652.285866        0.151457
BFGS:  118 13:32:39    -2652.289834        0.135793
BFGS:  119 13:32:40    -2652.293356        0.169548
BFGS:  120 13:32:40    -2652.296715        0.119855
BFGS:  121 13:32:41    -2652.299484        0.089490
BFGS:  122 13:32:41    -2652.303505        0.106486
BFGS:  123 13:32:42    -2652.306383        0.112553
BFGS:  124 13:32:42    -2652.311348        0.143638
BFGS:  125 13:32:43    -2652.314920        0.104770
BFGS:  126 13:32:43    -2652.318309        0.084819
BFGS:  127 13:32:44    -2652.321027        0.084037
BFGS:  128 13:32:44    -2652.323617        0.091410
BFGS:  129 13:32:45    -2652.325720        0.082195
BFGS:  130 13:32:45    -2652.327406        0.097184
BFGS:  131 13:32:46    -2652.328996        0.093340
BFGS:  132 13:32:46    -2652.330808        0.092847
BFGS:  133 13:32:47    -2652.333064        0.090742
BFGS:  134 13:32:47    -2652.335501        0.082425
BFGS:  135 13:32:47    -2652.337748        0.072763
BFGS:  136 13:32:48    -2652.339777        0.085192
BFGS:  137 13:32:48    -2652.341775        0.077828
BFGS:  138 13:32:49    -2652.343731        0.073252
BFGS:  139 13:32:49    -2652.345475        0.080189
BFGS:  140 13:32:50    -2652.346822        0.068646
BFGS:  141 13:32:50    -2652.347841        0.057396
BFGS:  142 13:32:50    -2652.348569        0.042917
BFGS:  143 13:32:51    -2652.349127        0.033797
BFGS:  144 13:32:51    -2652.349576        0.033270
BFGS:  145 13:32:52    -2652.349993        0.035834
BFGS:  146 13:32:52    -2652.350353        0.035653
BFGS:  147 13:32:52    -2652.350608        0.026534
BFGS:  148 13:32:53    -2652.350785        0.019369
BFGS:  149 13:32:53    -2652.350936        0.020996
BFGS:  150 13:32:54    -2652.351099        0.024197
BFGS:  151 13:32:54    -2652.351289        0.027536
BFGS:  152 13:32:55    -2652.351519        0.039006
BFGS:  153 13:32:55    -2652.351820        0.043457
BFGS:  154 13:32:55    -2652.352237        0.042249
BFGS:  155 13:32:56    -2652.352750        0.049170
BFGS:  156 13:32:56    -2652.353382        0.055061
BFGS:  157 13:32:57    -2652.354237        0.054165
BFGS:  158 13:32:57    -2652.355542        0.065719
BFGS:  159 13:32:57    -2652.357432        0.077190
BFGS:  160 13:32:58    -2652.359724        0.081704
BFGS:  161 13:32:58    -2652.361932        0.089917
BFGS:  162 13:32:59    -2652.363919        0.075605
BFGS:  163 13:32:59    -2652.365791        0.074477
BFGS:  164 13:33:00    -2652.367541        0.079366
BFGS:  165 13:33:00    -2652.368893        0.068143
BFGS:  166 13:33:01    -2652.369752        0.051711
BFGS:  167 13:33:01    -2652.370361        0.055336
BFGS:  168 13:33:01    -2652.371019        0.062371
BFGS:  169 13:33:02    -2652.371724        0.054111
BFGS:  170 13:33:02    -2652.372441        0.047115
BFGS:  171 13:33:03    -2652.373081        0.048393
BFGS:  172 13:33:03    -2652.373801        0.054653
BFGS:  173 13:33:03    -2652.374688        0.056946
BFGS:  174 13:33:04    -2652.375888        0.062337
BFGS:  175 13:33:04    -2652.377174        0.074870
BFGS:  176 13:33:05    -2652.378727        0.086279
BFGS:  177 13:33:05    -2652.380391        0.084440
BFGS:  178 13:33:06    -2652.383222        0.088235
BFGS:  179 13:33:06    -2652.386707        0.093638
BFGS:  180 13:33:07    -2652.390331        0.121527
BFGS:  181 13:33:07    -2652.395331        0.129055
BFGS:  182 13:33:08    -2652.398958        0.134316
BFGS:  183 13:33:08    -2652.403476        0.157247
BFGS:  184 13:33:09    -2652.405834        0.141435
BFGS:  185 13:33:09    -2652.408707        0.077782
BFGS:  186 13:33:09    -2652.410875        0.090855
BFGS:  187 13:33:10    -2652.411832        0.053566
BFGS:  188 13:33:10    -2652.412700        0.053262
BFGS:  189 13:33:11    -2652.413365        0.053252
BFGS:  190 13:33:11    -2652.413939        0.053253
BFGS:  191 13:33:11    -2652.414477        0.042278
BFGS:  192 13:33:12    -2652.415069        0.037883
BFGS:  193 13:33:12    -2652.415582        0.036905
BFGS:  194 13:33:12    -2652.416122        0.033799
BFGS:  195 13:33:13    -2652.416802        0.039999
BFGS:  196 13:33:13    -2652.417534        0.050660
BFGS:  197 13:33:14    -2652.418591        0.061886
BFGS:  198 13:33:14    -2652.419546        0.056546
BFGS:  199 13:33:14    -2652.420400        0.054400
BFGS:  200 13:33:15    -2652.421121        0.064770
