      Step     Time          Energy          fmax
BFGS:    0 12:56:38    -2091.449679       13.221380
BFGS:    1 12:56:39    -2095.927882        5.981224
BFGS:    2 12:56:39    -2097.854664        4.750967
BFGS:    3 12:56:40    -2099.582132        2.294067
BFGS:    4 12:56:40    -2099.907521       11.607648
BFGS:    5 12:56:41    -2101.291877        2.930379
BFGS:    6 12:56:41    -2104.108742        4.556427
BFGS:    7 12:56:42    -2110.528042        7.303640
BFGS:    8 12:56:42    -2118.878367        8.093842
BFGS:    9 12:56:43    -2123.137925       11.514398
BFGS:   10 12:56:43    -2123.130292       13.455808
BFGS:   11 12:56:44    -2123.665613        5.824505
BFGS:   12 12:56:44    -2125.273161        2.834583
BFGS:   13 12:56:45    -2125.721221        2.887129
BFGS:   14 12:56:45    -2126.105101        2.214567
BFGS:   15 12:56:46    -2126.654241        1.621733
BFGS:   16 12:56:46    -2126.831420        1.416047
BFGS:   17 12:56:46    -2127.335137        1.455460
BFGS:   18 12:56:47    -2127.535787        1.327726
BFGS:   19 12:56:47    -2127.738057        1.338852
BFGS:   20 12:56:47    -2127.863008        1.184992
BFGS:   21 12:56:48    -2128.000036        1.113714
BFGS:   22 12:56:48    -2128.527159        2.063988
BFGS:   23 12:56:49    -2129.079286        3.597441
BFGS:   24 12:56:49    -2128.183533        7.634706
BFGS:   25 12:56:49    -2129.959173        3.438524
BFGS:   26 12:56:50    -2130.663479        3.264558
BFGS:   27 12:56:50    -2132.813473        2.475433
BFGS:   28 12:56:50    -2133.816736        2.431923
BFGS:   29 12:56:51    -2134.124277        1.686960
BFGS:   30 12:56:51    -2134.452559        1.176550
BFGS:   31 12:56:51    -2134.608226        1.181255
BFGS:   32 12:56:52    -2134.840943        1.183404
BFGS:   33 12:56:52    -2135.027057        1.329247
BFGS:   34 12:56:52    -2135.243148        1.223882
BFGS:   35 12:56:52    -2135.528314        1.984091
BFGS:   36 12:56:53    -2135.814596        2.710074
BFGS:   37 12:56:53    -2136.223618        2.402078
BFGS:   38 12:56:53    -2136.724151        1.890319
BFGS:   39 12:56:54    -2136.673193        2.453985
BFGS:   40 12:56:54    -2137.005333        1.404522
BFGS:   41 12:56:54    -2137.069975        0.913255
BFGS:   42 12:56:55    -2137.110354        0.341731
BFGS:   43 12:56:55    -2137.142739        0.312467
BFGS:   44 12:56:55    -2137.164826        0.318006
BFGS:   45 12:56:55    -2137.188243        0.252447
BFGS:   46 12:56:56    -2137.207710        0.261218
BFGS:   47 12:56:56    -2137.226855        0.235777
BFGS:   48 12:56:56    -2137.244693        0.317130
BFGS:   49 12:56:56    -2137.261386        0.310000
BFGS:   50 12:56:57    -2137.279048        0.258885
BFGS:   51 12:56:57    -2137.294667        0.214310
BFGS:   52 12:56:57    -2137.304605        0.171626
BFGS:   53 12:56:57    -2137.309266        0.138222
BFGS:   54 12:56:57    -2137.312224        0.120600
BFGS:   55 12:56:58    -2137.315032        0.118224
BFGS:   56 12:56:58    -2137.317295        0.078445
BFGS:   57 12:56:58    -2137.318871        0.074995
BFGS:   58 12:56:58    -2137.320430        0.089434
BFGS:   59 12:56:58    -2137.323035        0.108770
BFGS:   60 12:56:59    -2137.327565        0.150309
BFGS:   61 12:56:59    -2137.334025        0.186927
BFGS:   62 12:56:59    -2137.340394        0.159701
BFGS:   63 12:56:59    -2137.344968        0.102216
BFGS:   64 12:56:59    -2137.348153        0.098431
BFGS:   65 12:57:00    -2137.351428        0.116941
BFGS:   66 12:57:00    -2137.354706        0.104951
BFGS:   67 12:57:00    -2137.357147        0.085749
BFGS:   68 12:57:00    -2137.358922        0.064075
BFGS:   69 12:57:00    -2137.360444        0.098403
BFGS:   70 12:57:01    -2137.361843        0.087197
BFGS:   71 12:57:01    -2137.363024        0.059002
BFGS:   72 12:57:01    -2137.364134        0.064337
BFGS:   73 12:57:01    -2137.365589        0.122543
BFGS:   74 12:57:01    -2137.367635        0.191030
BFGS:   75 12:57:02    -2137.369796        0.186482
BFGS:   76 12:57:02    -2137.371468        0.104936
BFGS:   77 12:57:02    -2137.372635        0.069924
BFGS:   78 12:57:02    -2137.373736        0.097010
BFGS:   79 12:57:02    -2137.375083        0.141330
BFGS:   80 12:57:02    -2137.376606        0.138456
BFGS:   81 12:57:03    -2137.378080        0.078264
BFGS:   82 12:57:03    -2137.379474        0.099961
BFGS:   83 12:57:03    -2137.380909        0.099312
BFGS:   84 12:57:03    -2137.382578        0.120932
BFGS:   85 12:57:03    -2137.384784        0.123443
BFGS:   86 12:57:04    -2137.387915        0.133504
BFGS:   87 12:57:04    -2137.392269        0.226327
BFGS:   88 12:57:04    -2137.397794        0.259069
BFGS:   89 12:57:04    -2137.404428        0.203758
BFGS:   90 12:57:04    -2137.412971        0.239197
BFGS:   91 12:57:05    -2137.424874        0.238894
BFGS:   92 12:57:05    -2137.439123        0.256360
BFGS:   93 12:57:05    -2137.450032        0.235130
BFGS:   94 12:57:05    -2137.454761        0.109654
BFGS:   95 12:57:06    -2137.456419        0.077351
BFGS:   96 12:57:06    -2137.457732        0.092517
BFGS:   97 12:57:06    -2137.459572        0.130141
BFGS:   98 12:57:06    -2137.461614        0.110468
BFGS:   99 12:57:06    -2137.462958        0.072917
BFGS:  100 12:57:07    -2137.463502        0.046280
BFGS:  101 12:57:07    -2137.463929        0.057961
BFGS:  102 12:57:07    -2137.464416        0.054479
BFGS:  103 12:57:07    -2137.464929        0.055146
BFGS:  104 12:57:07    -2137.465500        0.058310
BFGS:  105 12:57:08    -2137.466230        0.054706
BFGS:  106 12:57:08    -2137.467209        0.074361
BFGS:  107 12:57:08    -2137.468521        0.075227
BFGS:  108 12:57:08    -2137.470344        0.093884
BFGS:  109 12:57:08    -2137.472974        0.114438
BFGS:  110 12:57:08    -2137.476618        0.121047
BFGS:  111 12:57:09    -2137.481047        0.133780
BFGS:  112 12:57:09    -2137.485886        0.150515
BFGS:  113 12:57:09    -2137.491575        0.149430
BFGS:  114 12:57:09    -2137.499560        0.196180
BFGS:  115 12:57:10    -2137.511499        0.266787
BFGS:  116 12:57:10    -2137.526354        0.255250
BFGS:  117 12:57:10    -2137.539370        0.217567
BFGS:  118 12:57:10    -2137.545929        0.149288
BFGS:  119 12:57:10    -2137.548168        0.132092
BFGS:  120 12:57:11    -2137.549377        0.086470
BFGS:  121 12:57:11    -2137.550285        0.084043
BFGS:  122 12:57:11    -2137.551221        0.054033
BFGS:  123 12:57:11    -2137.551894        0.068589
BFGS:  124 12:57:11    -2137.552819        0.061395
BFGS:  125 12:57:12    -2137.553660        0.080278
BFGS:  126 12:57:12    -2137.554587        0.090399
BFGS:  127 12:57:12    -2137.555703        0.089937
BFGS:  128 12:57:12    -2137.557516        0.102925
BFGS:  129 12:57:13    -2137.559686        0.124610
BFGS:  130 12:57:13    -2137.562024        0.111710
BFGS:  131 12:57:13    -2137.563963        0.084070
BFGS:  132 12:57:13    -2137.565536        0.105630
BFGS:  133 12:57:14    -2137.567063        0.114505
BFGS:  134 12:57:14    -2137.568781        0.104787
BFGS:  135 12:57:14    -2137.570469        0.083375
BFGS:  136 12:57:14    -2137.571996        0.068609
BFGS:  137 12:57:15    -2137.573691        0.088570
BFGS:  138 12:57:15    -2137.576131        0.141387
BFGS:  139 12:57:15    -2137.579266        0.269654
BFGS:  140 12:57:15    -2137.583341        0.189450
BFGS:  141 12:57:16    -2137.587510        0.123303
BFGS:  142 12:57:16    -2137.591351        0.111190
BFGS:  143 12:57:16    -2137.594000        0.162557
BFGS:  144 12:57:16    -2137.598028        0.188695
BFGS:  145 12:57:17    -2137.600094        0.276768
BFGS:  146 12:57:17    -2137.601262        0.047872
BFGS:  147 12:57:17    -2137.601547        0.097639
BFGS:  148 12:57:17    -2137.602038        0.062665
BFGS:  149 12:57:18    -2137.602536        0.052514
BFGS:  150 12:57:18    -2137.603206        0.047034
BFGS:  151 12:57:18    -2137.603431        0.028599
BFGS:  152 12:57:18    -2137.603624        0.024291
BFGS:  153 12:57:18    -2137.603782        0.025668
BFGS:  154 12:57:19    -2137.603887        0.019443
BFGS:  155 12:57:19    -2137.603943        0.014396
BFGS:  156 12:57:19    -2137.603987        0.027426
BFGS:  157 12:57:19    -2137.604038        0.020005
BFGS:  158 12:57:19    -2137.604115        0.018676
BFGS:  159 12:57:20    -2137.604219        0.021224
BFGS:  160 12:57:20    -2137.604374        0.028274
BFGS:  161 12:57:20    -2137.604624        0.054560
BFGS:  162 12:57:20    -2137.605044        0.098273
BFGS:  163 12:57:21    -2137.605756        0.155211
BFGS:  164 12:57:21    -2137.606945        0.210135
BFGS:  165 12:57:21    -2137.609228        0.315511
BFGS:  166 12:57:21    -2137.612891        0.411001
BFGS:  167 12:57:22    -2137.618928        0.350575
BFGS:  168 12:57:22    -2137.629138        0.316333
BFGS:  169 12:57:22    -2137.639314        0.356573
BFGS:  170 12:57:23    -2137.647655        0.306680
BFGS:  171 12:57:23    -2137.658508        0.181471
BFGS:  172 12:57:23    -2137.662647        0.216226
BFGS:  173 12:57:23    -2137.666271        0.176221
BFGS:  174 12:57:24    -2137.670322        0.520670
BFGS:  175 12:57:24    -2137.675475        0.432821
BFGS:  176 12:57:24    -2137.690564        0.436480
BFGS:  177 12:57:25    -2137.707206        0.827051
BFGS:  178 12:57:25    -2137.737282        0.917016
BFGS:  179 12:57:25    -2137.784215        1.510148
BFGS:  180 12:57:26    -2137.735129        1.894910
BFGS:  181 12:57:26    -2137.861715        1.018801
BFGS:  182 12:57:26    -2137.873164        0.328218
BFGS:  183 12:57:27    -2137.891610        0.215381
BFGS:  184 12:57:27    -2137.909531        0.510474
BFGS:  185 12:57:27    -2137.921062        0.595712
BFGS:  186 12:57:27    -2137.936122        0.424055
BFGS:  187 12:57:28    -2137.951022        0.267330
BFGS:  188 12:57:28    -2137.958265        0.321414
BFGS:  189 12:57:28    -2137.964749        0.216658
BFGS:  190 12:57:29    -2137.972520        0.163460
BFGS:  191 12:57:29    -2137.980498        0.211765
BFGS:  192 12:57:29    -2137.989256        0.144592
BFGS:  193 12:57:29    -2137.995949        0.156413
BFGS:  194 12:57:29    -2138.000609        0.188037
BFGS:  195 12:57:30    -2138.005461        0.161508
BFGS:  196 12:57:30    -2138.011113        0.143204
BFGS:  197 12:57:30    -2138.017155        0.163461
BFGS:  198 12:57:30    -2138.023263        0.155507
BFGS:  199 12:57:31    -2138.029474        0.173095
BFGS:  200 12:57:31    -2138.035191        0.128600
