      Step     Time          Energy          fmax
BFGS:    0 09:59:33    -2248.900143        2.706651
BFGS:    1 09:59:34    -2249.084306        2.092587
BFGS:    2 09:59:36    -2249.333350        0.572771
BFGS:    3 09:59:36    -2249.342615        0.359483
BFGS:    4 09:59:37    -2249.347510        0.358574
      Step     Time          Energy          fmax
BFGS:    0 12:40:56    -2217.989895       11.386985
BFGS:    1 12:40:56    -2223.277761       11.738730
BFGS:    2 12:40:57    -2229.114469        6.254188
BFGS:    3 12:40:57    -2236.676585       17.416785
BFGS:    4 12:40:57    -2239.177721       45.069002
BFGS:    5 12:40:58    -2245.321820       14.130791
BFGS:    6 12:40:58    -2248.616626        7.319042
BFGS:    7 12:40:58    -2249.723580        4.541853
BFGS:    8 12:40:58    -2250.769137        2.614898
BFGS:    9 12:40:59    -2251.755108        2.240714
BFGS:   10 12:40:59    -2252.282368        1.874373
BFGS:   11 12:40:59    -2252.571672        2.579138
BFGS:   12 12:40:59    -2252.776391        2.650947
BFGS:   13 12:41:00    -2252.900020        4.021701
BFGS:   14 12:41:00    -2253.158807        1.514009
BFGS:   15 12:41:00    -2253.375652        1.709826
BFGS:   16 12:41:00    -2253.588025        1.876653
BFGS:   17 12:41:01    -2253.728030        1.675165
BFGS:   18 12:41:01    -2253.928069        2.145321
BFGS:   19 12:41:01    -2254.071344        1.514874
BFGS:   20 12:41:01    -2254.203522        1.210064
BFGS:   21 12:41:02    -2254.311478        0.758063
BFGS:   22 12:41:02    -2254.378667        1.078101
BFGS:   23 12:41:02    -2254.413085        0.568218
BFGS:   24 12:41:02    -2254.431516        0.356653
BFGS:   25 12:41:02    -2254.444339        0.337492
BFGS:   26 12:41:02    -2254.453853        0.287207
BFGS:   27 12:41:03    -2254.464046        0.264300
BFGS:   28 12:41:03    -2254.469708        0.240563
BFGS:   29 12:41:03    -2254.473774        0.141216
BFGS:   30 12:41:03    -2254.478637        0.172472
BFGS:   31 12:41:03    -2254.485392        0.217432
BFGS:   32 12:41:04    -2254.494008        0.172207
BFGS:   33 12:41:04    -2254.504503        0.178251
BFGS:   34 12:41:04    -2254.516649        0.291763
BFGS:   35 12:41:04    -2254.529917        0.343605
BFGS:   36 12:41:04    -2254.542849        0.320105
BFGS:   37 12:41:05    -2254.553748        0.273549
BFGS:   38 12:41:05    -2254.561912        0.161084
BFGS:   39 12:41:05    -2254.567750        0.148504
BFGS:   40 12:41:05    -2254.571804        0.125275
BFGS:   41 12:41:05    -2254.574904        0.140191
BFGS:   42 12:41:06    -2254.577774        0.133586
BFGS:   43 12:41:06    -2254.581117        0.113484
BFGS:   44 12:41:06    -2254.585248        0.128294
BFGS:   45 12:41:06    -2254.589582        0.123055
BFGS:   46 12:41:06    -2254.593202        0.160276
BFGS:   47 12:41:06    -2254.595972        0.183992
BFGS:   48 12:41:07    -2254.598502        0.157322
BFGS:   49 12:41:07    -2254.601196        0.099090
BFGS:   50 12:41:07    -2254.603877        0.086804
BFGS:   51 12:41:07    -2254.606232        0.126523
BFGS:   52 12:41:07    -2254.608361        0.183354
BFGS:   53 12:41:07    -2254.610781        0.194239
BFGS:   54 12:41:08    -2254.613984        0.158500
BFGS:   55 12:41:08    -2254.618339        0.166040
BFGS:   56 12:41:08    -2254.624281        0.162206
BFGS:   57 12:41:08    -2254.632620        0.175726
BFGS:   58 12:41:08    -2254.644321        0.261060
BFGS:   59 12:41:09    -2254.659775        0.311913
BFGS:   60 12:41:09    -2254.678670        0.360346
BFGS:   61 12:41:09    -2254.698084        0.324915
BFGS:   62 12:41:09    -2254.716037        0.249928
BFGS:   63 12:41:09    -2254.729378        0.252822
BFGS:   64 12:41:10    -2254.733678        0.429464
BFGS:   65 12:41:10    -2254.743727        0.179179
BFGS:   66 12:41:10    -2254.748237        0.177631
BFGS:   67 12:41:10    -2254.754855        0.187890
BFGS:   68 12:41:10    -2254.762065        0.251351
BFGS:   69 12:41:10    -2254.770014        0.230016
BFGS:   70 12:41:11    -2254.775246        0.129238
BFGS:   71 12:41:11    -2254.778748        0.121856
BFGS:   72 12:41:11    -2254.782286        0.130436
BFGS:   73 12:41:11    -2254.787714        0.195237
BFGS:   74 12:41:11    -2254.794461        0.187067
BFGS:   75 12:41:12    -2254.800754        0.167633
BFGS:   76 12:41:12    -2254.805669        0.209957
BFGS:   77 12:41:12    -2254.809148        0.170446
BFGS:   78 12:41:12    -2254.811709        0.086973
BFGS:   79 12:41:12    -2254.813679        0.093541
BFGS:   80 12:41:12    -2254.815265        0.105819
BFGS:   81 12:41:13    -2254.816856        0.134774
BFGS:   82 12:41:13    -2254.818336        0.107334
BFGS:   83 12:41:13    -2254.819690        0.102840
BFGS:   84 12:41:13    -2254.821169        0.090676
BFGS:   85 12:41:13    -2254.823031        0.109528
BFGS:   86 12:41:13    -2254.825491        0.165067
BFGS:   87 12:41:14    -2254.829054        0.182769
BFGS:   88 12:41:14    -2254.835375        0.190938
BFGS:   89 12:41:14    -2254.848086        0.377797
BFGS:   90 12:41:14    -2254.871773        0.586032
BFGS:   91 12:41:14    -2254.900499        0.632781
BFGS:   92 12:41:15    -2254.928083        0.388405
BFGS:   93 12:41:15    -2254.942076        0.180899
BFGS:   94 12:41:15    -2254.946966        0.168759
BFGS:   95 12:41:15    -2254.951254        0.180032
BFGS:   96 12:41:15    -2254.955248        0.168954
BFGS:   97 12:41:16    -2254.958353        0.146358
BFGS:   98 12:41:16    -2254.960050        0.082566
BFGS:   99 12:41:16    -2254.960994        0.050499
BFGS:  100 12:41:16    -2254.961510        0.041480
BFGS:  101 12:41:16    -2254.961817        0.037740
BFGS:  102 12:41:16    -2254.962082        0.033477
BFGS:  103 12:41:16    -2254.962476        0.039730
BFGS:  104 12:41:17    -2254.962990        0.052617
BFGS:  105 12:41:17    -2254.963470        0.047620
BFGS:  106 12:41:17    -2254.963837        0.057771
BFGS:  107 12:41:17    -2254.964257        0.060748
BFGS:  108 12:41:17    -2254.965066        0.069263
BFGS:  109 12:41:18    -2254.966821        0.132037
BFGS:  110 12:41:18    -2254.970340        0.206377
BFGS:  111 12:41:18    -2254.975021        0.237171
BFGS:  112 12:41:18    -2254.980461        0.172987
BFGS:  113 12:41:19    -2254.986937        0.178706
BFGS:  114 12:41:19    -2254.989408        0.111449
BFGS:  115 12:41:19    -2254.990994        0.183545
BFGS:  116 12:41:19    -2254.991361        0.150996
BFGS:  117 12:41:19    -2254.992415        0.092325
BFGS:  118 12:41:20    -2254.992922        0.120047
BFGS:  119 12:41:20    -2254.993538        0.128614
BFGS:  120 12:41:20    -2254.994329        0.175155
BFGS:  121 12:41:20    -2254.994876        0.071579
BFGS:  122 12:41:20    -2254.995452        0.058446
BFGS:  123 12:41:20    -2254.996072        0.071442
BFGS:  124 12:41:21    -2254.996532        0.147619
BFGS:  125 12:41:21    -2254.996949        0.053821
BFGS:  126 12:41:21    -2254.997350        0.135315
BFGS:  127 12:41:21    -2254.997597        0.040049
BFGS:  128 12:41:21    -2254.997749        0.047056
BFGS:  129 12:41:21    -2254.998098        0.050205
BFGS:  130 12:41:22    -2254.998306        0.054390
BFGS:  131 12:41:22    -2254.998722        0.050299
BFGS:  132 12:41:22    -2254.999054        0.035365
BFGS:  133 12:41:22    -2254.999382        0.041520
BFGS:  134 12:41:22    -2254.999699        0.054031
BFGS:  135 12:41:22    -2255.000133        0.063006
BFGS:  136 12:41:23    -2255.000697        0.077206
BFGS:  137 12:41:23    -2255.001392        0.072629
BFGS:  138 12:41:23    -2255.002033        0.095677
BFGS:  139 12:41:23    -2255.002562        0.083816
BFGS:  140 12:41:23    -2255.003147        0.098241
BFGS:  141 12:41:24    -2255.003794        0.122721
BFGS:  142 12:41:24    -2255.004289        0.054963
BFGS:  143 12:41:24    -2255.004787        0.059197
BFGS:  144 12:41:24    -2255.005180        0.071158
BFGS:  145 12:41:24    -2255.005521        0.059956
BFGS:  146 12:41:25    -2255.005909        0.048532
BFGS:  147 12:41:25    -2255.006208        0.050295
BFGS:  148 12:41:25    -2255.006382        0.049437
BFGS:  149 12:41:25    -2255.006512        0.050947
BFGS:  150 12:41:25    -2255.006632        0.037703
BFGS:  151 12:41:25    -2255.006715        0.013010
BFGS:  152 12:41:26    -2255.006768        0.014318
BFGS:  153 12:41:26    -2255.006809        0.014827
BFGS:  154 12:41:26    -2255.006859        0.014507
BFGS:  155 12:41:26    -2255.006911        0.011952
BFGS:  156 12:41:26    -2255.006956        0.015919
BFGS:  157 12:41:26    -2255.007005        0.014036
BFGS:  158 12:41:27    -2255.007062        0.017045
BFGS:  159 12:41:27    -2255.007116        0.014993
BFGS:  160 12:41:27    -2255.007166        0.013975
BFGS:  161 12:41:27    -2255.007210        0.028733
BFGS:  162 12:41:27    -2255.007252        0.017549
BFGS:  163 12:41:27    -2255.007317        0.016800
BFGS:  164 12:41:27    -2255.007387        0.019730
BFGS:  165 12:41:28    -2255.007452        0.023831
BFGS:  166 12:41:28    -2255.007513        0.015889
BFGS:  167 12:41:28    -2255.007588        0.014537
BFGS:  168 12:41:28    -2255.007666        0.013636
BFGS:  169 12:41:28    -2255.007754        0.014871
BFGS:  170 12:41:28    -2255.007848        0.019021
BFGS:  171 12:41:28    -2255.007955        0.033764
BFGS:  172 12:41:29    -2255.008073        0.031526
BFGS:  173 12:41:29    -2255.008201        0.049096
BFGS:  174 12:41:29    -2255.008323        0.021267
BFGS:  175 12:41:29    -2255.008447        0.047822
BFGS:  176 12:41:29    -2255.008599        0.033137
BFGS:  177 12:41:29    -2255.008812        0.057000
BFGS:  178 12:41:30    -2255.009050        0.071186
BFGS:  179 12:41:30    -2255.009256        0.059604
BFGS:  180 12:41:30    -2255.009462        0.030127
BFGS:  181 12:41:30    -2255.009655        0.028505
BFGS:  182 12:41:30    -2255.009861        0.043729
BFGS:  183 12:41:30    -2255.010080        0.051949
BFGS:  184 12:41:31    -2255.010287        0.032541
BFGS:  185 12:41:31    -2255.010394        0.054303
BFGS:  186 12:41:31    -2255.010526        0.033531
BFGS:  187 12:41:31    -2255.010570        0.045844
BFGS:  188 12:41:31    -2255.010617        0.028749
BFGS:  189 12:41:31    -2255.010670        0.031640
BFGS:  190 12:41:32    -2255.010727        0.018874
BFGS:  191 12:41:32    -2255.010774        0.012891
BFGS:  192 12:41:32    -2255.010805        0.009667
