      Step     Time          Energy          fmax
BFGS:    0 14:00:22    -3178.241162       12.933712
BFGS:    1 14:00:24    -3184.940995        6.938091
BFGS:    2 14:00:26    -3191.322985        6.342194
BFGS:    3 14:00:28    -3194.456259        9.685798
BFGS:    4 14:00:29    -3197.034096        4.330459
BFGS:    5 14:00:31    -3199.650220        7.583721
BFGS:    6 14:00:32    -3203.028795        7.552422
BFGS:    7 14:00:33    -3206.120382        8.878414
BFGS:    8 14:00:34    -3205.662285       19.562944
BFGS:    9 14:00:35    -3209.278676        4.374173
BFGS:   10 14:00:36    -3210.549378        3.361546
BFGS:   11 14:00:37    -3211.932398        7.266903
BFGS:   12 14:00:38    -3212.937184        2.791855
BFGS:   13 14:00:39    -3213.611705        1.375130
BFGS:   14 14:00:40    -3214.425322        2.378044
BFGS:   15 14:00:40    -3214.961228        1.977436
BFGS:   16 14:00:41    -3215.676778        1.373975
BFGS:   17 14:00:42    -3216.203897        1.431784
BFGS:   18 14:00:42    -3216.686489        1.720841
BFGS:   19 14:00:43    -3217.039342        1.936660
BFGS:   20 14:00:44    -3217.500532        2.488237
BFGS:   21 14:00:44    -3218.034143        2.613366
BFGS:   22 14:00:45    -3218.125396        5.493905
BFGS:   23 14:00:46    -3218.874732        1.820008
BFGS:   24 14:00:46    -3219.160181        1.527963
BFGS:   25 14:00:47    -3219.471515        0.685871
BFGS:   26 14:00:48    -3219.530706        0.462176
BFGS:   27 14:00:48    -3219.659419        0.505708
BFGS:   28 14:00:49    -3219.709264        0.375144
BFGS:   29 14:00:49    -3219.781848        0.469067
BFGS:   30 14:00:50    -3219.845180        0.636512
BFGS:   31 14:00:50    -3219.917391        0.562542
BFGS:   32 14:00:51    -3219.980112        0.477558
BFGS:   33 14:00:51    -3220.050087        0.628023
BFGS:   34 14:00:52    -3220.136399        0.846726
BFGS:   35 14:00:53    -3220.261296        1.156730
BFGS:   36 14:00:53    -3220.375041        1.245914
BFGS:   37 14:00:54    -3220.519311        0.954123
BFGS:   38 14:00:54    -3220.714241        0.809503
BFGS:   39 14:00:55    -3220.802453        0.640118
BFGS:   40 14:00:55    -3220.875445        0.430944
BFGS:   41 14:00:56    -3220.922923        0.470750
BFGS:   42 14:00:56    -3220.970642        0.456141
BFGS:   43 14:00:57    -3221.021239        0.575463
BFGS:   44 14:00:57    -3221.076734        0.476003
BFGS:   45 14:00:58    -3221.131600        0.352471
BFGS:   46 14:00:59    -3221.154980        0.256341
BFGS:   47 14:00:59    -3221.183327        0.309431
BFGS:   48 14:00:59    -3221.209674        0.290946
BFGS:   49 14:01:00    -3221.234166        0.244515
BFGS:   50 14:01:00    -3221.253577        0.239066
BFGS:   51 14:01:01    -3221.270341        0.252940
BFGS:   52 14:01:01    -3221.285618        0.227566
BFGS:   53 14:01:02    -3221.298709        0.178297
BFGS:   54 14:01:02    -3221.308963        0.182904
BFGS:   55 14:01:02    -3221.317957        0.178948
BFGS:   56 14:01:03    -3221.327060        0.159199
BFGS:   57 14:01:03    -3221.335953        0.152772
BFGS:   58 14:01:04    -3221.344389        0.156518
BFGS:   59 14:01:04    -3221.353139        0.216944
BFGS:   60 14:01:04    -3221.363052        0.190167
BFGS:   61 14:01:05    -3221.373427        0.158128
BFGS:   62 14:01:05    -3221.383181        0.155539
BFGS:   63 14:01:05    -3221.392623        0.212083
BFGS:   64 14:01:06    -3221.403122        0.223917
BFGS:   65 14:01:06    -3221.414922        0.170564
BFGS:   66 14:01:07    -3221.425374        0.156658
BFGS:   67 14:01:07    -3221.432494        0.123861
BFGS:   68 14:01:07    -3221.437772        0.112622
BFGS:   69 14:01:08    -3221.443512        0.139874
BFGS:   70 14:01:08    -3221.450563        0.147449
BFGS:   71 14:01:09    -3221.458323        0.143544
BFGS:   72 14:01:09    -3221.465942        0.153968
BFGS:   73 14:01:09    -3221.472863        0.129617
BFGS:   74 14:01:10    -3221.479014        0.117030
BFGS:   75 14:01:10    -3221.484354        0.122283
BFGS:   76 14:01:11    -3221.489014        0.121706
BFGS:   77 14:01:11    -3221.493082        0.118580
BFGS:   78 14:01:11    -3221.496201        0.083536
BFGS:   79 14:01:12    -3221.498142        0.080636
BFGS:   80 14:01:12    -3221.499434        0.078019
BFGS:   81 14:01:13    -3221.500743        0.073712
BFGS:   82 14:01:13    -3221.502320        0.069944
BFGS:   83 14:01:13    -3221.503970        0.081229
BFGS:   84 14:01:14    -3221.505391        0.064056
BFGS:   85 14:01:14    -3221.506563        0.062025
BFGS:   86 14:01:14    -3221.507689        0.067584
BFGS:   87 14:01:15    -3221.508876        0.059152
BFGS:   88 14:01:15    -3221.510027        0.072061
BFGS:   89 14:01:16    -3221.511045        0.068999
BFGS:   90 14:01:16    -3221.511882        0.060738
BFGS:   91 14:01:16    -3221.512550        0.038851
BFGS:   92 14:01:17    -3221.513048        0.039056
BFGS:   93 14:01:17    -3221.513471        0.042262
BFGS:   94 14:01:17    -3221.513820        0.046961
BFGS:   95 14:01:18    -3221.514106        0.038353
BFGS:   96 14:01:18    -3221.514331        0.023667
BFGS:   97 14:01:18    -3221.514508        0.023958
BFGS:   98 14:01:19    -3221.514654        0.025894
BFGS:   99 14:01:19    -3221.514763        0.023904
BFGS:  100 14:01:19    -3221.514913        0.022817
BFGS:  101 14:01:19    -3221.515079        0.023106
BFGS:  102 14:01:20    -3221.515249        0.024707
BFGS:  103 14:01:20    -3221.515394        0.019406
BFGS:  104 14:01:20    -3221.515531        0.015974
BFGS:  105 14:01:21    -3221.515659        0.019868
BFGS:  106 14:01:21    -3221.515782        0.024003
BFGS:  107 14:01:21    -3221.515886        0.020786
BFGS:  108 14:01:21    -3221.515957        0.012628
BFGS:  109 14:01:22    -3221.516002        0.011884
BFGS:  110 14:01:22    -3221.516038        0.009698
