      Step     Time          Energy          fmax
BFGS:    0 12:16:55    -2167.973856        5.103208
BFGS:    1 12:16:56    -2169.676592        3.033542
BFGS:    2 12:16:57    -2170.476061        2.323838
BFGS:    3 12:16:57    -2171.817610        2.521853
BFGS:    4 12:16:58    -2175.547963        4.030989
BFGS:    5 12:16:59    -2179.092747        6.801834
BFGS:    6 12:17:00    -2181.404653        9.313755
BFGS:    7 12:17:00    -2183.859436        8.733180
BFGS:    8 12:17:01    -2186.553010       10.635545
BFGS:    9 12:17:02    -2189.690400       27.689952
BFGS:   10 12:17:03    -2195.471165        8.838373
BFGS:   11 12:17:03    -2186.298660      111.097388
BFGS:   12 12:17:04    -2198.453571        7.301996
BFGS:   13 12:17:05    -2200.249329        6.320799
BFGS:   14 12:17:05    -2204.028227        3.750992
BFGS:   15 12:17:06    -2205.828589        5.474712
BFGS:   16 12:17:06    -2206.718666        6.257675
BFGS:   17 12:17:07    -2207.632737        3.404902
BFGS:   18 12:17:07    -2208.654730        2.498825
BFGS:   19 12:17:08    -2209.144608        4.023264
BFGS:   20 12:17:08    -2209.450026        4.527186
BFGS:   21 12:17:09    -2209.581492        2.969875
BFGS:   22 12:17:09    -2209.702714        1.495234
BFGS:   23 12:17:10    -2209.776721        0.775379
BFGS:   24 12:17:10    -2209.832331        2.259858
BFGS:   25 12:17:11    -2209.935685        3.346998
BFGS:   26 12:17:11    -2210.132585        3.373874
BFGS:   27 12:17:12    -2210.344271        1.784814
BFGS:   28 12:17:12    -2210.571441        1.788077
BFGS:   29 12:17:13    -2210.743381        1.946872
BFGS:   30 12:17:13    -2210.862034        1.999688
BFGS:   31 12:17:13    -2210.979494        1.008179
BFGS:   32 12:17:14    -2211.072572        0.916312
BFGS:   33 12:17:14    -2211.149999        1.615363
BFGS:   34 12:17:15    -2211.216054        1.747605
BFGS:   35 12:17:15    -2211.284259        0.775802
BFGS:   36 12:17:15    -2211.346319        0.547431
BFGS:   37 12:17:16    -2211.406909        1.092548
BFGS:   38 12:17:16    -2211.480911        1.334414
BFGS:   39 12:17:16    -2211.532376        0.811081
BFGS:   40 12:17:17    -2211.571521        0.717527
BFGS:   41 12:17:17    -2211.601710        0.781696
BFGS:   42 12:17:17    -2211.635535        0.954262
BFGS:   43 12:17:18    -2211.673329        0.608651
BFGS:   44 12:17:18    -2211.704373        0.583298
BFGS:   45 12:17:18    -2211.731015        0.470067
BFGS:   46 12:17:19    -2211.748354        0.595682
BFGS:   47 12:17:19    -2211.760896        0.403176
BFGS:   48 12:17:19    -2211.771459        0.296277
BFGS:   49 12:17:20    -2211.781605        0.301359
BFGS:   50 12:17:20    -2211.790763        0.389342
BFGS:   51 12:17:20    -2211.799989        0.265348
BFGS:   52 12:17:20    -2211.811008        0.252411
BFGS:   53 12:17:21    -2211.823691        0.292797
BFGS:   54 12:17:21    -2211.836020        0.377606
BFGS:   55 12:17:21    -2211.845942        0.275902
BFGS:   56 12:17:22    -2211.854282        0.237658
BFGS:   57 12:17:22    -2211.863762        0.299679
BFGS:   58 12:17:22    -2211.877005        0.389253
BFGS:   59 12:17:22    -2211.891416        0.382395
BFGS:   60 12:17:23    -2211.903648        0.240236
BFGS:   61 12:17:23    -2211.914519        0.270104
BFGS:   62 12:17:23    -2211.926697        0.302136
BFGS:   63 12:17:24    -2211.940517        0.330410
BFGS:   64 12:17:24    -2211.952978        0.203262
BFGS:   65 12:17:24    -2211.960887        0.133842
BFGS:   66 12:17:25    -2211.966035        0.173503
BFGS:   67 12:17:25    -2211.970565        0.192058
BFGS:   68 12:17:25    -2211.975699        0.139125
BFGS:   69 12:17:25    -2211.980489        0.122969
BFGS:   70 12:17:26    -2211.983927        0.149885
BFGS:   71 12:17:26    -2211.986523        0.145377
BFGS:   72 12:17:26    -2211.988469        0.108814
BFGS:   73 12:17:27    -2211.990177        0.077919
BFGS:   74 12:17:27    -2211.992122        0.146199
BFGS:   75 12:17:27    -2211.994772        0.190857
BFGS:   76 12:17:28    -2211.997965        0.154908
BFGS:   77 12:17:28    -2212.000681        0.087142
BFGS:   78 12:17:28    -2212.002396        0.079199
BFGS:   79 12:17:28    -2212.003630        0.099851
BFGS:   80 12:17:29    -2212.004761        0.088771
BFGS:   81 12:17:29    -2212.005965        0.083974
BFGS:   82 12:17:29    -2212.007244        0.080810
BFGS:   83 12:17:29    -2212.008956        0.121271
BFGS:   84 12:17:30    -2212.011508        0.177290
BFGS:   85 12:17:30    -2212.014615        0.160443
BFGS:   86 12:17:30    -2212.017315        0.122928
BFGS:   87 12:17:31    -2212.019446        0.146735
BFGS:   88 12:17:31    -2212.021832        0.151880
BFGS:   89 12:17:31    -2212.024907        0.199888
BFGS:   90 12:17:31    -2212.028276        0.164208
BFGS:   91 12:17:32    -2212.031264        0.109393
BFGS:   92 12:17:32    -2212.033674        0.102876
BFGS:   93 12:17:32    -2212.035546        0.114186
BFGS:   94 12:17:33    -2212.036712        0.083239
BFGS:   95 12:17:33    -2212.037179        0.027449
BFGS:   96 12:17:33    -2212.037347        0.034176
BFGS:   97 12:17:33    -2212.037477        0.048802
BFGS:   98 12:17:34    -2212.037647        0.050274
BFGS:   99 12:17:34    -2212.037820        0.037999
BFGS:  100 12:17:34    -2212.037972        0.032503
BFGS:  101 12:17:34    -2212.038133        0.035790
BFGS:  102 12:17:35    -2212.038351        0.041387
BFGS:  103 12:17:35    -2212.038635        0.032544
BFGS:  104 12:17:35    -2212.038935        0.043002
BFGS:  105 12:17:35    -2212.039236        0.063098
BFGS:  106 12:17:36    -2212.039620        0.089655
BFGS:  107 12:17:36    -2212.040211        0.138778
BFGS:  108 12:17:36    -2212.041143        0.212476
BFGS:  109 12:17:37    -2212.042594        0.279391
BFGS:  110 12:17:37    -2212.044842        0.378027
BFGS:  111 12:17:37    -2212.048501        0.264705
BFGS:  112 12:17:38    -2211.805387        7.501883
BFGS:  113 12:17:38    -2212.052435        0.195332
BFGS:  114 12:17:38    -2212.055151        0.139770
BFGS:  115 12:17:39    -2212.043720        3.636149
BFGS:  116 12:17:39    -2212.068877        0.191473
BFGS:  117 12:17:39    -2212.079884        0.400380
BFGS:  118 12:17:40    -2211.917748        7.088786
BFGS:  119 12:17:40    -2211.910978        8.101432
BFGS:  120 12:17:41    -2212.013713        4.594375
BFGS:  121 12:17:41    -2212.105845        0.350240
BFGS:  122 12:17:41    -2212.109121        0.294240
BFGS:  123 12:17:42    -2212.112214        0.307138
BFGS:  124 12:17:42    -2212.113293        0.310018
BFGS:  125 12:17:42    -2212.114671        0.309914
BFGS:  126 12:17:42    -2212.116479        0.305896
BFGS:  127 12:17:43    -2212.119770        0.297072
BFGS:  128 12:17:43    -2212.123189        0.290569
BFGS:  129 12:17:43    -2212.125742        0.298420
BFGS:  130 12:17:44    -2212.127194        0.307861
BFGS:  131 12:17:44    -2212.128698        0.317150
BFGS:  132 12:17:44    -2212.131269        0.322395
BFGS:  133 12:17:45    -2212.135813        0.352645
BFGS:  134 12:17:45    -2212.142741        0.452766
BFGS:  135 12:17:45    -2212.151475        0.547408
BFGS:  136 12:17:46    -2212.160784        0.363040
BFGS:  137 12:17:46    -2212.165850        0.735990
BFGS:  138 12:17:46    -2212.167966        1.066898
BFGS:  139 12:17:47    -2212.175021        0.435146
BFGS:  140 12:17:47    -2212.182217        0.583057
BFGS:  141 12:17:47    -2212.189924        0.673263
BFGS:  142 12:17:48    -2212.196671        0.660387
BFGS:  143 12:17:48    -2212.203579        0.463627
BFGS:  144 12:17:48    -2212.209218        0.357438
BFGS:  145 12:17:49    -2212.216740        0.384666
BFGS:  146 12:17:49    -2212.223635        0.331704
BFGS:  147 12:17:49    -2212.226048        0.202794
BFGS:  148 12:17:50    -2212.228455        0.224007
BFGS:  149 12:17:50    -2212.230320        0.235687
BFGS:  150 12:17:50    -2212.232206        0.186288
BFGS:  151 12:17:51    -2212.233690        0.144175
BFGS:  152 12:17:51    -2212.234995        0.169853
BFGS:  153 12:17:51    -2212.236241        0.197755
BFGS:  154 12:17:51    -2212.237643        0.161626
BFGS:  155 12:17:52    -2212.239078        0.143793
BFGS:  156 12:17:52    -2212.240295        0.153118
BFGS:  157 12:17:52    -2212.241294        0.156093
BFGS:  158 12:17:53    -2212.242166        0.147538
BFGS:  159 12:17:53    -2212.242892        0.126160
BFGS:  160 12:17:53    -2212.243439        0.122979
BFGS:  161 12:17:54    -2212.243837        0.132655
BFGS:  162 12:17:54    -2212.244157        0.129836
BFGS:  163 12:17:54    -2212.244475        0.130853
BFGS:  164 12:17:54    -2212.244810        0.127917
BFGS:  165 12:17:55    -2212.245188        0.129156
BFGS:  166 12:17:55    -2212.245703        0.129765
BFGS:  167 12:17:55    -2212.246545        0.130281
BFGS:  168 12:17:56    -2212.247808        0.132438
BFGS:  169 12:17:56    -2212.249331        0.141273
BFGS:  170 12:17:56    -2212.250628        0.149477
BFGS:  171 12:17:56    -2212.251529        0.158625
BFGS:  172 12:17:57    -2212.252231        0.164751
BFGS:  173 12:17:57    -2212.252915        0.171825
BFGS:  174 12:17:57    -2212.253512        0.176162
BFGS:  175 12:17:58    -2212.253990        0.176785
BFGS:  176 12:17:58    -2212.254437        0.176398
BFGS:  177 12:17:58    -2212.254980        0.176968
BFGS:  178 12:17:58    -2212.255693        0.179974
BFGS:  179 12:17:59    -2212.256622        0.185061
BFGS:  180 12:17:59    -2212.257910        0.192906
BFGS:  181 12:17:59    -2212.260013        0.205860
BFGS:  182 12:18:00    -2212.263753        0.227852
BFGS:  183 12:18:00    -2212.269703        0.257305
BFGS:  184 12:18:00    -2212.276772        0.272550
BFGS:  185 12:18:01    -2212.282920        0.252692
BFGS:  186 12:18:01    -2212.286509        0.241437
BFGS:  187 12:18:01    -2212.288666        0.235249
BFGS:  188 12:18:02    -2212.290784        0.229754
BFGS:  189 12:18:02    -2212.292905        0.263201
BFGS:  190 12:18:02    -2212.294546        0.281397
BFGS:  191 12:18:03    -2212.295673        0.297268
BFGS:  192 12:18:03    -2212.296437        0.234885
BFGS:  193 12:18:03    -2212.297843        0.232119
BFGS:  194 12:18:04    -2212.298950        0.226649
BFGS:  195 12:18:04    -2212.300346        0.206018
BFGS:  196 12:18:04    -2212.301937        0.222332
BFGS:  197 12:18:04    -2212.303947        0.241834
BFGS:  198 12:18:05    -2212.306344        0.258247
BFGS:  199 12:18:05    -2212.309369        0.220251
BFGS:  200 12:18:05    -2212.313200        0.236199
