      Step     Time          Energy          fmax
BFGS:    0 21:21:31    -2217.673672        8.545155
BFGS:    1 21:21:32    -2225.465393        7.597598
BFGS:    2 21:21:33    -2224.030183       21.339032
BFGS:    3 21:21:34    -2228.943235        5.260937
BFGS:    4 21:21:34    -2230.305256        3.289866
BFGS:    5 21:21:35    -2231.319702        8.901480
BFGS:    6 21:21:36    -2232.655072        2.151473
BFGS:    7 21:21:37    -2233.411525        1.827973
BFGS:    8 21:21:37    -2233.876538        2.771472
BFGS:    9 21:21:38    -2234.169332        1.357071
BFGS:   10 21:21:39    -2234.396635        0.866394
BFGS:   11 21:21:39    -2234.504295        0.572684
BFGS:   12 21:21:40    -2234.583550        0.537756
BFGS:   13 21:21:41    -2234.672524        0.936761
BFGS:   14 21:21:42    -2234.792735        1.074071
BFGS:   15 21:21:42    -2235.089331        3.199555
BFGS:   16 21:21:43    -2234.978455        4.034745
BFGS:   17 21:21:43    -2235.393475        1.498501
BFGS:   18 21:21:44    -2235.509312        1.073316
BFGS:   19 21:21:45    -2235.582222        1.870777
BFGS:   20 21:21:45    -2235.652553        1.637962
BFGS:   21 21:21:46    -2235.721416        1.364237
BFGS:   22 21:21:46    -2235.807736        0.805912
BFGS:   23 21:21:47    -2235.837785        0.650374
BFGS:   24 21:21:47    -2235.876958        0.861388
BFGS:   25 21:21:48    -2235.908772        0.651106
BFGS:   26 21:21:48    -2235.931295        0.327037
BFGS:   27 21:21:49    -2235.944078        0.231405
BFGS:   28 21:21:49    -2235.957148        0.375211
BFGS:   29 21:21:49    -2235.976389        0.432613
BFGS:   30 21:21:50    -2235.996649        0.512585
BFGS:   31 21:21:51    -2236.016883        0.399343
BFGS:   32 21:21:51    -2236.041024        0.504457
BFGS:   33 21:21:52    -2236.125830        0.973105
BFGS:   34 21:21:53    -2236.646668        1.844426
BFGS:   35 21:21:53    -2237.110004        3.317403
BFGS:   36 21:21:54    -2237.582667        2.914727
BFGS:   37 21:21:55    -2238.133537        2.162789
BFGS:   38 21:21:56    -2238.340953        1.355664
BFGS:   39 21:21:56    -2238.460076        1.055825
BFGS:   40 21:21:57    -2238.619240        1.472300
BFGS:   41 21:21:58    -2238.835318        1.558227
BFGS:   42 21:21:58    -2238.956157        1.313182
BFGS:   43 21:21:59    -2239.068604        0.983775
BFGS:   44 21:22:00    -2239.149554        0.801933
BFGS:   45 21:22:00    -2239.210546        0.735183
BFGS:   46 21:22:01    -2239.242532        0.551900
BFGS:   47 21:22:02    -2239.282022        0.458130
BFGS:   48 21:22:02    -2239.319156        0.479007
BFGS:   49 21:22:03    -2239.350599        0.464000
BFGS:   50 21:22:03    -2239.374197        0.414417
BFGS:   51 21:22:04    -2239.397813        0.456047
BFGS:   52 21:22:04    -2239.421990        0.533505
BFGS:   53 21:22:05    -2239.448055        0.685751
BFGS:   54 21:22:05    -2239.472070        0.694385
BFGS:   55 21:22:06    -2239.488334        0.450822
BFGS:   56 21:22:06    -2239.495212        0.372414
BFGS:   57 21:22:07    -2239.498203        0.369792
BFGS:   58 21:22:07    -2239.500331        0.375957
BFGS:   59 21:22:08    -2239.502156        0.379540
BFGS:   60 21:22:08    -2239.503777        0.377638
BFGS:   61 21:22:09    -2239.505418        0.380737
BFGS:   62 21:22:09    -2239.507345        0.374143
BFGS:   63 21:22:10    -2239.509903        0.359653
BFGS:   64 21:22:10    -2239.513074        0.335965
BFGS:   65 21:22:11    -2239.516760        0.327011
BFGS:   66 21:22:11    -2239.520910        0.317145
BFGS:   67 21:22:12    -2239.526086        0.307709
BFGS:   68 21:22:12    -2239.533714        0.276518
BFGS:   69 21:22:13    -2239.545749        0.320567
BFGS:   70 21:22:14    -2239.561203        0.307111
BFGS:   71 21:22:14    -2239.575419        0.471336
BFGS:   72 21:22:15    -2239.585667        0.181087
BFGS:   73 21:22:16    -2239.593707        0.210433
BFGS:   74 21:22:16    -2239.601093        0.176776
BFGS:   75 21:22:17    -2239.610847        0.302459
BFGS:   76 21:22:17    -2239.620764        0.339135
BFGS:   77 21:22:18    -2239.631919        0.232863
BFGS:   78 21:22:19    -2239.646412        0.255106
BFGS:   79 21:22:20    -2239.671741        0.297823
BFGS:   80 21:22:20    -2239.706923        0.657218
BFGS:   81 21:22:21    -2239.751483        0.819608
BFGS:   82 21:22:22    -2239.811208        0.841173
BFGS:   83 21:22:22    -2239.880986        0.867104
BFGS:   84 21:22:23    -2239.929319        0.658793
BFGS:   85 21:22:24    -2239.869925        3.406942
BFGS:   86 21:22:25    -2240.027302        1.162175
BFGS:   87 21:22:26    -2240.041384        1.453673
BFGS:   88 21:22:26    -2240.113837        0.984801
BFGS:   89 21:22:27    -2240.154905        1.482142
BFGS:   90 21:22:28    -2240.201631        1.471634
BFGS:   91 21:22:28    -2240.264843        1.188022
BFGS:   92 21:22:29    -2240.306427        0.964558
BFGS:   93 21:22:30    -2240.357349        1.062378
BFGS:   94 21:22:31    -2240.392462        1.102608
BFGS:   95 21:22:31    -2240.421188        1.116997
BFGS:   96 21:22:32    -2240.463265        1.056200
BFGS:   97 21:22:32    -2240.527312        0.960395
BFGS:   98 21:22:33    -2240.596855        0.925283
BFGS:   99 21:22:34    -2240.648451        0.903469
BFGS:  100 21:22:35    -2240.695876        1.092556
BFGS:  101 21:22:36    -2240.752989        0.972279
BFGS:  102 21:22:36    -2240.775618        1.440283
BFGS:  103 21:22:37    -2240.798187        0.917287
BFGS:  104 21:22:37    -2240.813983        1.235401
BFGS:  105 21:22:38    -2240.833156        0.905875
BFGS:  106 21:22:39    -2240.845405        0.810897
BFGS:  107 21:22:40    -2240.867833        0.825340
BFGS:  108 21:22:40    -2240.885060        0.856981
BFGS:  109 21:22:41    -2240.906100        0.842716
BFGS:  110 21:22:42    -2240.920798        0.801049
BFGS:  111 21:22:42    -2240.929732        0.756208
BFGS:  112 21:22:43    -2240.941051        0.698091
BFGS:  113 21:22:43    -2240.954561        0.641917
BFGS:  114 21:22:43    -2240.968234        0.741184
BFGS:  115 21:22:44    -2240.977877        0.671449
BFGS:  116 21:22:45    -2240.990203        0.731718
BFGS:  117 21:22:45    -2241.005261        0.777655
BFGS:  118 21:22:46    -2241.026301        0.827562
BFGS:  119 21:22:46    -2241.044172        0.813582
BFGS:  120 21:22:47    -2241.068061        0.840395
BFGS:  121 21:22:47    -2241.095074        0.881250
BFGS:  122 21:22:48    -2241.127319        0.932562
BFGS:  123 21:22:49    -2241.149376        0.967123
BFGS:  124 21:22:49    -2241.184814        1.018034
BFGS:  125 21:22:50    -2241.205325        1.049963
BFGS:  126 21:22:51    -2241.236119        1.097790
BFGS:  127 21:22:51    -2241.275681        1.104268
BFGS:  128 21:22:52    -2241.308645        1.110741
BFGS:  129 21:22:53    -2241.348785        1.104925
BFGS:  130 21:22:53    -2241.390992        1.134186
BFGS:  131 21:22:54    -2241.421330        1.132284
BFGS:  132 21:22:55    -2241.407110        1.522726
BFGS:  133 21:22:55    -2241.467621        1.139800
BFGS:  134 21:22:56    -2241.497106        1.121086
BFGS:  135 21:22:57    -2241.515304        1.135454
BFGS:  136 21:22:58    -2241.544275        1.180577
BFGS:  137 21:22:59    -2241.589114        1.175502
BFGS:  138 21:23:00    -2241.629566        1.083908
BFGS:  139 21:23:00    -2241.656388        1.147880
BFGS:  140 21:23:01    -2241.697925        1.016740
BFGS:  141 21:23:02    -2241.750189        0.951114
BFGS:  142 21:23:02    -2241.789814        0.898220
BFGS:  143 21:23:03    -2241.834621        0.880716
BFGS:  144 21:23:04    -2241.857083        0.874745
BFGS:  145 21:23:05    -2241.888783        1.253922
BFGS:  146 21:23:05    -2241.925328        1.228825
BFGS:  147 21:23:06    -2241.993157        1.028048
BFGS:  148 21:23:07    -2242.026819        0.973196
BFGS:  149 21:23:07    -2242.079384        0.936446
BFGS:  150 21:23:08    -2242.107576        0.945377
BFGS:  151 21:23:09    -2242.157027        0.814398
BFGS:  152 21:23:10    -2242.188305        1.496893
BFGS:  153 21:23:10    -2242.222799        1.190977
BFGS:  154 21:23:11    -2242.249043        0.969104
BFGS:  155 21:23:12    -2242.276051        0.981718
BFGS:  156 21:23:13    -2242.317676        1.055138
BFGS:  157 21:23:13    -2242.344751        0.896891
BFGS:  158 21:23:14    -2242.380749        0.907577
BFGS:  159 21:23:15    -2242.415011        0.863327
BFGS:  160 21:23:15    -2242.439056        1.030469
BFGS:  161 21:23:16    -2242.461685        0.639653
BFGS:  162 21:23:18    -2242.495761        0.760824
BFGS:  163 21:23:18    -2242.547473        0.884783
BFGS:  164 21:23:19    -2242.568565        0.677551
BFGS:  165 21:23:20    -2242.596255        0.262860
BFGS:  166 21:23:20    -2242.623088        0.585290
BFGS:  167 21:23:21    -2242.629435        0.729553
BFGS:  168 21:23:21    -2242.649232        0.414606
BFGS:  169 21:23:22    -2242.662631        0.384096
BFGS:  170 21:23:22    -2242.679323        0.435103
BFGS:  171 21:23:23    -2242.689852        0.475782
BFGS:  172 21:23:23    -2242.702165        0.270144
BFGS:  173 21:23:24    -2242.719451        0.340068
BFGS:  174 21:23:24    -2242.743815        0.385031
BFGS:  175 21:23:25    -2242.769947        0.403704
BFGS:  176 21:23:26    -2242.795931        0.377869
BFGS:  177 21:23:26    -2242.813715        0.454306
BFGS:  178 21:23:27    -2242.846683        0.393534
BFGS:  179 21:23:27    -2242.879772        0.360931
BFGS:  180 21:23:28    -2242.919891        0.351792
BFGS:  181 21:23:29    -2242.951061        0.413382
BFGS:  182 21:23:29    -2242.987580        0.355664
BFGS:  183 21:23:30    -2243.015570        0.350430
BFGS:  184 21:23:31    -2243.048383        0.380327
BFGS:  185 21:23:31    -2243.073996        0.418907
BFGS:  186 21:23:32    -2243.106995        0.579871
BFGS:  187 21:23:32    -2243.132359        0.494195
BFGS:  188 21:23:33    -2243.161249        0.560578
BFGS:  189 21:23:33    -2243.189941        0.523717
BFGS:  190 21:23:34    -2243.220743        0.554740
BFGS:  191 21:23:34    -2243.250465        0.530447
BFGS:  192 21:23:35    -2243.283422        0.531633
BFGS:  193 21:23:35    -2243.312278        0.535373
BFGS:  194 21:23:36    -2243.345872        0.532672
BFGS:  195 21:23:36    -2243.375450        0.532126
BFGS:  196 21:23:36    -2243.408299        0.528108
BFGS:  197 21:23:37    -2243.439130        0.524996
BFGS:  198 21:23:37    -2243.471978        0.519584
BFGS:  199 21:23:38    -2243.503550        0.515310
BFGS:  200 21:23:38    -2243.536661        0.509496
