      Step     Time          Energy          fmax
BFGS:    0 13:45:17     -207.678559     6677.794129
BFGS:    1 13:45:18    -1871.121819      956.103980
BFGS:    2 13:45:19    -2157.294137     2693.209034
BFGS:    3 13:45:20    -2153.686472     2020.524886
BFGS:    4 13:45:24    -2477.626308      804.017567
BFGS:    5 13:45:25    -2622.604202      266.709243
BFGS:    6 13:45:26    -2664.358378      149.894022
BFGS:    7 13:45:26    -2687.540733      121.128383
BFGS:    8 13:45:27    -2703.314061       82.670393
BFGS:    9 13:45:28    -2717.033133       55.310157
BFGS:   10 13:45:29    -2728.270709       27.277746
BFGS:   11 13:45:30    -2737.608827       18.541868
BFGS:   12 13:45:30    -2743.912614       12.274996
BFGS:   13 13:45:31    -2748.347380       12.080705
BFGS:   14 13:45:31    -2750.614219       12.882904
BFGS:   15 13:45:32    -2751.755169        9.350815
BFGS:   16 13:45:33    -2752.819215        4.598849
BFGS:   17 13:45:33    -2753.780731        4.561441
BFGS:   18 13:45:34    -2754.788891        4.110842
BFGS:   19 13:45:35    -2755.266054        3.843810
BFGS:   20 13:45:35    -2755.829015        3.783616
BFGS:   21 13:45:36    -2756.118835        3.634332
BFGS:   22 13:45:36    -2756.388026        3.382524
BFGS:   23 13:45:37    -2756.590634        3.113835
BFGS:   24 13:45:37    -2756.777248        2.983556
BFGS:   25 13:45:38    -2756.907488        2.832413
BFGS:   26 13:45:39    -2757.001044        2.672629
BFGS:   27 13:45:39    -2757.077707        2.527107
BFGS:   28 13:45:40    -2757.153634        2.404801
BFGS:   29 13:45:40    -2757.235581        2.323103
BFGS:   30 13:45:41    -2757.314851        2.293652
BFGS:   31 13:45:41    -2757.384906        2.288697
BFGS:   32 13:45:42    -2757.446588        2.284398
BFGS:   33 13:45:42    -2757.499406        2.287657
BFGS:   34 13:45:43    -2757.544002        2.305271
BFGS:   35 13:45:43    -2757.586649        2.327998
BFGS:   36 13:45:43    -2757.629958        2.342381
BFGS:   37 13:45:44    -2757.674383        2.332546
BFGS:   38 13:45:44    -2757.718598        2.294827
BFGS:   39 13:45:45    -2757.759458        2.230558
BFGS:   40 13:45:45    -2757.796271        2.160330
BFGS:   41 13:45:46    -2757.829153        2.225214
BFGS:   42 13:45:46    -2757.858422        2.277675
BFGS:   43 13:45:47    -2757.884848        2.298738
BFGS:   44 13:45:47    -2757.908282        2.291154
BFGS:   45 13:45:48    -2757.928414        2.339170
BFGS:   46 13:45:48    -2757.946013        2.399340
BFGS:   47 13:45:48    -2757.962858        2.413151
BFGS:   48 13:45:49    -2757.981099        2.396671
BFGS:   49 13:45:49    -2758.001756        2.382721
BFGS:   50 13:45:50    -2758.024587        2.478888
BFGS:   51 13:45:50    -2758.049939        2.563053
BFGS:   52 13:45:51    -2758.079245        2.617849
BFGS:   53 13:45:51    -2758.115571        2.628748
BFGS:   54 13:45:52    -2758.162055        2.595701
BFGS:   55 13:45:52    -2758.225419        2.644282
BFGS:   56 13:45:53    -2758.292727        2.862471
BFGS:   57 13:45:53    -2758.362811        2.737262
BFGS:   58 13:45:54    -2758.449143        2.602370
BFGS:   59 13:45:54    -2758.686118        2.339683
BFGS:   60 13:45:55    -2758.794177        2.186284
BFGS:   61 13:45:55    -2759.001521        2.426992
BFGS:   62 13:45:56    -2759.076233        2.389065
BFGS:   63 13:45:56    -2759.162563        2.301302
BFGS:   64 13:45:57    -2759.270901        2.155521
BFGS:   65 13:45:57    -2759.332649        1.906162
BFGS:   66 13:45:57    -2759.380172        1.846126
BFGS:   67 13:45:58    -2759.414057        1.889848
BFGS:   68 13:45:58    -2759.458080        1.909069
BFGS:   69 13:45:59    -2759.503847        1.941020
BFGS:   70 13:45:59    -2759.536739        1.977510
BFGS:   71 13:45:59    -2759.554201        1.939235
BFGS:   72 13:46:00    -2759.565776        1.938978
BFGS:   73 13:46:00    -2759.577094        1.920210
BFGS:   74 13:46:01    -2759.586188        1.910699
BFGS:   75 13:46:01    -2759.595748        1.881796
BFGS:   76 13:46:01    -2759.603910        1.834810
BFGS:   77 13:46:02    -2759.610314        1.776910
BFGS:   78 13:46:02    -2759.615090        1.728987
BFGS:   79 13:46:02    -2759.619724        1.705586
BFGS:   80 13:46:02    -2759.625429        1.672149
BFGS:   81 13:46:03    -2759.632543        1.669286
BFGS:   82 13:46:03    -2759.640113        1.688778
BFGS:   83 13:46:03    -2759.646653        1.705338
BFGS:   84 13:46:04    -2759.651588        1.696964
BFGS:   85 13:46:04    -2759.655454        1.656291
BFGS:   86 13:46:04    -2759.659063        1.597087
BFGS:   87 13:46:05    -2759.662674        1.576650
BFGS:   88 13:46:05    -2759.665888        1.571031
BFGS:   89 13:46:05    -2759.668417        1.539948
BFGS:   90 13:46:06    -2759.670371        1.496568
BFGS:   91 13:46:06    -2759.672032        1.498446
BFGS:   92 13:46:06    -2759.673607        1.509819
BFGS:   93 13:46:06    -2759.675175        1.499312
BFGS:   94 13:46:07    -2759.676848        1.470314
BFGS:   95 13:46:07    -2759.678770        1.421705
BFGS:   96 13:46:07    -2759.681045        1.366689
BFGS:   97 13:46:08    -2759.683642        1.339996
BFGS:   98 13:46:08    -2759.686516        1.336618
BFGS:   99 13:46:08    -2759.689809        1.332608
BFGS:  100 13:46:09    -2759.693631        1.323424
BFGS:  101 13:46:09    -2759.697594        1.305706
BFGS:  102 13:46:09    -2759.700930        1.299569
BFGS:  103 13:46:10    -2759.703539        1.280205
BFGS:  104 13:46:10    -2759.706081        1.247236
BFGS:  105 13:46:10    -2759.709486        1.198917
BFGS:  106 13:46:11    -2759.714441        1.129240
BFGS:  107 13:46:11    -2759.720786        1.045812
BFGS:  108 13:46:11    -2759.727538        0.961428
BFGS:  109 13:46:12    -2759.734161        0.887866
BFGS:  110 13:46:12    -2759.741330        0.810476
BFGS:  111 13:46:12    -2759.749815        0.724055
BFGS:  112 13:46:13    -2759.759617        0.650110
BFGS:  113 13:46:13    -2759.769615        0.564287
BFGS:  114 13:46:13    -2759.778470        0.485625
BFGS:  115 13:46:14    -2759.785669        0.428915
BFGS:  116 13:46:14    -2759.791349        0.382485
BFGS:  117 13:46:14    -2759.796079        0.361281
BFGS:  118 13:46:15    -2759.800357        0.337500
BFGS:  119 13:46:15    -2759.804115        0.298426
BFGS:  120 13:46:15    -2759.807096        0.248665
BFGS:  121 13:46:16    -2759.809322        0.205966
BFGS:  122 13:46:16    -2759.811141        0.174766
BFGS:  123 13:46:16    -2759.812942        0.161244
BFGS:  124 13:46:17    -2759.814760        0.146621
BFGS:  125 13:46:17    -2759.816389        0.156315
BFGS:  126 13:46:17    -2759.817756        0.168751
BFGS:  127 13:46:17    -2759.819013        0.178810
BFGS:  128 13:46:18    -2759.820258        0.163714
BFGS:  129 13:46:18    -2759.821518        0.124399
BFGS:  130 13:46:18    -2759.822774        0.078078
BFGS:  131 13:46:19    -2759.824058        0.075822
BFGS:  132 13:46:19    -2759.825298        0.083287
BFGS:  133 13:46:19    -2759.826333        0.093817
BFGS:  134 13:46:20    -2759.827003        0.077833
BFGS:  135 13:46:20    -2759.827384        0.061674
BFGS:  136 13:46:20    -2759.827613        0.067600
BFGS:  137 13:46:20    -2759.827777        0.078057
BFGS:  138 13:46:20    -2759.827908        0.081590
BFGS:  139 13:46:21    -2759.828022        0.088606
BFGS:  140 13:46:21    -2759.828127        0.091411
BFGS:  141 13:46:21    -2759.828223        0.083991
BFGS:  142 13:46:21    -2759.828308        0.074624
BFGS:  143 13:46:21    -2759.828381        0.070311
BFGS:  144 13:46:22    -2759.828445        0.067256
BFGS:  145 13:46:22    -2759.828508        0.071050
BFGS:  146 13:46:22    -2759.828585        0.069280
BFGS:  147 13:46:22    -2759.828680        0.065453
BFGS:  148 13:46:22    -2759.828778        0.050812
BFGS:  149 13:46:23    -2759.828853        0.034700
BFGS:  150 13:46:23    -2759.828901        0.031573
BFGS:  151 13:46:23    -2759.828938        0.029062
BFGS:  152 13:46:23    -2759.828972        0.024475
BFGS:  153 13:46:23    -2759.828998        0.019935
BFGS:  154 13:46:24    -2759.829011        0.016300
BFGS:  155 13:46:24    -2759.829018        0.014066
BFGS:  156 13:46:24    -2759.829023        0.012083
BFGS:  157 13:46:24    -2759.829028        0.010790
BFGS:  158 13:46:24    -2759.829030        0.009199
