      Step     Time          Energy          fmax
BFGS:    0 12:54:33    -1986.592882       13.464879
BFGS:    1 12:54:33    -1994.087529       11.105649
BFGS:    2 12:54:34    -1996.795536        9.909931
BFGS:    3 12:54:34    -2000.010129        5.817330
BFGS:    4 12:54:35    -2001.878403        7.030561
BFGS:    5 12:54:35    -2003.332134        5.147104
BFGS:    6 12:54:36    -2007.115925        5.217580
BFGS:    7 12:54:36    -2013.825406        6.517588
BFGS:    8 12:54:36    -2019.593332        7.207879
BFGS:    9 12:54:37    -2024.787007        6.036886
BFGS:   10 12:54:37    -2024.443386        6.311795
BFGS:   11 12:54:37    -2027.440639        1.966456
BFGS:   12 12:54:37    -2028.140690        2.484199
BFGS:   13 12:54:38    -2029.157629        2.788333
BFGS:   14 12:54:38    -2029.881589        1.826541
BFGS:   15 12:54:38    -2030.176081        3.275987
BFGS:   16 12:54:38    -2030.796733        2.936287
BFGS:   17 12:54:38    -2031.206694        1.493210
BFGS:   18 12:54:39    -2031.490579        0.971141
BFGS:   19 12:54:39    -2031.650054        0.845056
BFGS:   20 12:54:39    -2031.743200        0.625597
BFGS:   21 12:54:39    -2031.859687        0.852756
BFGS:   22 12:54:39    -2031.967424        0.599960
BFGS:   23 12:54:40    -2032.034307        0.536705
BFGS:   24 12:54:40    -2032.095563        0.552331
BFGS:   25 12:54:40    -2032.156033        0.529631
BFGS:   26 12:54:40    -2032.190526        0.363128
BFGS:   27 12:54:40    -2032.202965        0.172089
BFGS:   28 12:54:40    -2032.210372        0.170352
BFGS:   29 12:54:41    -2032.220580        0.284180
BFGS:   30 12:54:41    -2032.232485        0.331292
BFGS:   31 12:54:41    -2032.242444        0.239713
BFGS:   32 12:54:41    -2032.248344        0.123835
BFGS:   33 12:54:41    -2032.252900        0.120265
BFGS:   34 12:54:41    -2032.258487        0.172109
BFGS:   35 12:54:42    -2032.264792        0.194055
BFGS:   36 12:54:42    -2032.269888        0.180248
BFGS:   37 12:54:42    -2032.274201        0.183266
BFGS:   38 12:54:42    -2032.280902        0.229193
BFGS:   39 12:54:42    -2032.294864        0.384737
BFGS:   40 12:54:43    -2032.318452        0.505381
BFGS:   41 12:54:43    -2032.340747        0.418326
BFGS:   42 12:54:43    -2032.357216        0.186460
BFGS:   43 12:54:43    -2032.360968        0.109497
BFGS:   44 12:54:43    -2032.362008        0.115088
BFGS:   45 12:54:44    -2032.366464        0.160763
BFGS:   46 12:54:44    -2032.371493        0.209790
BFGS:   47 12:54:44    -2032.376874        0.169432
BFGS:   48 12:54:44    -2032.382203        0.123243
BFGS:   49 12:54:45    -2032.385146        0.111201
BFGS:   50 12:54:45    -2032.388339        0.125547
BFGS:   51 12:54:45    -2032.392571        0.133555
BFGS:   52 12:54:45    -2032.394844        0.068584
BFGS:   53 12:54:45    -2032.395491        0.045582
BFGS:   54 12:54:46    -2032.395839        0.035773
BFGS:   55 12:54:46    -2032.396051        0.030650
BFGS:   56 12:54:46    -2032.397225        0.028747
BFGS:   57 12:54:46    -2032.398020        0.068957
BFGS:   58 12:54:46    -2032.398662        0.036480
BFGS:   59 12:54:46    -2032.399026        0.039731
BFGS:   60 12:54:47    -2032.399451        0.033784
BFGS:   61 12:54:47    -2032.399996        0.041535
BFGS:   62 12:54:47    -2032.400561        0.049080
BFGS:   63 12:54:47    -2032.401156        0.059197
BFGS:   64 12:54:47    -2032.401999        0.068657
BFGS:   65 12:54:48    -2032.403429        0.086478
BFGS:   66 12:54:48    -2032.405500        0.093220
BFGS:   67 12:54:48    -2032.407644        0.088081
BFGS:   68 12:54:48    -2032.409096        0.070292
BFGS:   69 12:54:48    -2032.409896        0.049497
BFGS:   70 12:54:48    -2032.410450        0.035173
BFGS:   71 12:54:49    -2032.410982        0.050045
BFGS:   72 12:54:49    -2032.411494        0.053788
BFGS:   73 12:54:49    -2032.411942        0.039273
BFGS:   74 12:54:49    -2032.412308        0.032831
BFGS:   75 12:54:49    -2032.412599        0.027059
BFGS:   76 12:54:49    -2032.412883        0.034845
BFGS:   77 12:54:50    -2032.413306        0.044103
BFGS:   78 12:54:50    -2032.414126        0.065838
BFGS:   79 12:54:50    -2032.415770        0.093699
BFGS:   80 12:54:50    -2032.418749        0.114818
BFGS:   81 12:54:50    -2032.423157        0.151586
BFGS:   82 12:54:51    -2032.428254        0.189992
BFGS:   83 12:54:51    -2032.433576        0.190999
BFGS:   84 12:54:51    -2032.439465        0.169572
BFGS:   85 12:54:51    -2032.446266        0.180481
BFGS:   86 12:54:51    -2032.453402        0.141330
BFGS:   87 12:54:52    -2032.458687        0.135245
BFGS:   88 12:54:52    -2032.461277        0.092172
BFGS:   89 12:54:52    -2032.462383        0.052670
BFGS:   90 12:54:52    -2032.463022        0.045796
BFGS:   91 12:54:52    -2032.463551        0.049845
BFGS:   92 12:54:52    -2032.464083        0.060202
BFGS:   93 12:54:53    -2032.464707        0.057116
BFGS:   94 12:54:53    -2032.465473        0.050979
BFGS:   95 12:54:53    -2032.466110        0.051887
BFGS:   96 12:54:53    -2032.466547        0.041192
BFGS:   97 12:54:53    -2032.466817        0.034168
BFGS:   98 12:54:53    -2032.467008        0.026522
BFGS:   99 12:54:54    -2032.467189        0.035733
BFGS:  100 12:54:54    -2032.467405        0.037398
BFGS:  101 12:54:54    -2032.467669        0.042618
BFGS:  102 12:54:54    -2032.467908        0.036744
BFGS:  103 12:54:54    -2032.468053        0.023228
BFGS:  104 12:54:55    -2032.468127        0.016415
BFGS:  105 12:54:55    -2032.468174        0.013801
BFGS:  106 12:54:55    -2032.468217        0.016374
BFGS:  107 12:54:55    -2032.468248        0.015316
BFGS:  108 12:54:55    -2032.468268        0.010551
BFGS:  109 12:54:55    -2032.468284        0.005970
