      Step     Time          Energy          fmax
BFGS:    0 13:25:13    -1981.460013       13.687846
BFGS:    1 13:25:14    -1989.002440       11.658241
BFGS:    2 13:25:14    -1992.093404        9.488893
BFGS:    3 13:25:15    -1995.374275        5.906240
BFGS:    4 13:25:15    -1997.253968        8.175139
BFGS:    5 13:25:15    -1999.225776        6.351596
BFGS:    6 13:25:16    -2004.561829        9.782195
BFGS:    7 13:25:16    -2009.732862       14.340608
BFGS:    8 13:25:16    -2016.547181       16.652719
BFGS:    9 13:25:17    -2017.704090       15.949808
BFGS:   10 13:25:17    -2020.562951        7.197382
BFGS:   11 13:25:17    -2023.605461        2.911761
BFGS:   12 13:25:17    -2024.553970        1.479177
BFGS:   13 13:25:18    -2025.232816        2.720584
BFGS:   14 13:25:18    -2025.636067        2.428900
BFGS:   15 13:25:18    -2026.421642        2.367981
BFGS:   16 13:25:18    -2026.819309        1.694501
BFGS:   17 13:25:19    -2027.367895        1.599617
BFGS:   18 13:25:19    -2027.528725        2.194486
BFGS:   19 13:25:19    -2027.730014        1.977991
BFGS:   20 13:25:19    -2027.806713        2.029617
BFGS:   21 13:25:20    -2027.850732        2.655998
BFGS:   22 13:25:20    -2027.932115        0.893360
BFGS:   23 13:25:20    -2028.013412        0.735846
BFGS:   24 13:25:20    -2028.099388        0.897322
BFGS:   25 13:25:21    -2028.146382        0.725221
BFGS:   26 13:25:21    -2028.179664        0.290250
BFGS:   27 13:25:21    -2028.198993        0.299299
BFGS:   28 13:25:21    -2028.212989        0.325700
BFGS:   29 13:25:21    -2028.223556        0.239870
BFGS:   30 13:25:22    -2028.233718        0.224347
BFGS:   31 13:25:22    -2028.246565        0.384664
BFGS:   32 13:25:22    -2028.262076        0.379183
BFGS:   33 13:25:22    -2028.276820        0.216117
BFGS:   34 13:25:22    -2028.288723        0.228002
BFGS:   35 13:25:23    -2028.299064        0.244632
BFGS:   36 13:25:23    -2028.310698        0.327548
BFGS:   37 13:25:23    -2028.323956        0.294096
BFGS:   38 13:25:23    -2028.335980        0.222125
BFGS:   39 13:25:23    -2028.346530        0.199600
BFGS:   40 13:25:24    -2028.357612        0.249187
BFGS:   41 13:25:24    -2028.369115        0.262321
BFGS:   42 13:25:24    -2028.378562        0.185110
BFGS:   43 13:25:24    -2028.384445        0.104064
BFGS:   44 13:25:24    -2028.387783        0.151075
BFGS:   45 13:25:25    -2028.389782        0.129266
BFGS:   46 13:25:25    -2028.390869        0.072170
BFGS:   47 13:25:25    -2028.391542        0.048815
BFGS:   48 13:25:25    -2028.392184        0.059827
BFGS:   49 13:25:25    -2028.392817        0.062420
BFGS:   50 13:25:25    -2028.393238        0.037067
BFGS:   51 13:25:26    -2028.393500        0.036053
BFGS:   52 13:25:26    -2028.393818        0.042297
BFGS:   53 13:25:26    -2028.394511        0.083388
BFGS:   54 13:25:26    -2028.396030        0.144287
BFGS:   55 13:25:26    -2028.398981        0.203747
BFGS:   56 13:25:27    -2028.403473        0.213386
BFGS:   57 13:25:27    -2028.408840        0.172439
BFGS:   58 13:25:27    -2028.415155        0.210362
BFGS:   59 13:25:27    -2028.425784        0.339325
BFGS:   60 13:25:28    -2028.446909        0.604257
BFGS:   61 13:25:28    -2028.469956        0.796838
BFGS:   62 13:25:28    -2028.501810        0.868544
BFGS:   63 13:25:28    -2028.568162        0.865574
BFGS:   64 13:25:29    -2028.626970        0.626912
BFGS:   65 13:25:29    -2028.653063        0.120830
BFGS:   66 13:25:29    -2028.654479        0.067435
BFGS:   67 13:25:29    -2028.655026        0.070026
BFGS:   68 13:25:29    -2028.655610        0.062140
BFGS:   69 13:25:30    -2028.657879        0.073139
BFGS:   70 13:25:30    -2028.659571        0.117853
BFGS:   71 13:25:30    -2028.662533        0.209895
BFGS:   72 13:25:30    -2028.668558        0.327138
BFGS:   73 13:25:31    -2028.668510        0.581464
BFGS:   74 13:25:31    -2028.683745        0.450711
BFGS:   75 13:25:31    -2028.693282        0.374134
BFGS:   76 13:25:32    -2028.700196        0.617141
BFGS:   77 13:25:32    -2028.719224        0.263365
BFGS:   78 13:25:32    -2028.726710        0.218845
BFGS:   79 13:25:32    -2028.739738        0.474815
BFGS:   80 13:25:33    -2028.745910        0.235030
BFGS:   81 13:25:33    -2028.754724        0.154992
BFGS:   82 13:25:33    -2028.758028        0.157221
BFGS:   83 13:25:33    -2028.761179        0.152969
BFGS:   84 13:25:33    -2028.763685        0.146628
BFGS:   85 13:25:34    -2028.765772        0.108424
BFGS:   86 13:25:34    -2028.768772        0.133306
BFGS:   87 13:25:34    -2028.772483        0.132323
BFGS:   88 13:25:34    -2028.776863        0.136089
BFGS:   89 13:25:35    -2028.781589        0.140894
BFGS:   90 13:25:35    -2028.787339        0.176448
BFGS:   91 13:25:35    -2028.795814        0.268531
BFGS:   92 13:25:35    -2028.808173        0.391855
BFGS:   93 13:25:36    -2028.827317        0.426193
BFGS:   94 13:25:36    -2028.856351        0.412140
BFGS:   95 13:25:36    -2028.895295        0.497691
BFGS:   96 13:25:36    -2028.810596        1.553192
BFGS:   97 13:25:37    -2028.955529        0.448450
BFGS:   98 13:25:37    -2028.979819        0.348061
BFGS:   99 13:25:37    -2029.027530        0.969564
BFGS:  100 13:25:38    -2029.061583        0.692024
BFGS:  101 13:25:38    -2029.098741        0.485731
BFGS:  102 13:25:38    -2029.135553        0.320612
BFGS:  103 13:25:38    -2029.150757        0.290936
BFGS:  104 13:25:38    -2029.167916        0.393074
BFGS:  105 13:25:39    -2029.182943        0.322306
BFGS:  106 13:25:39    -2029.199824        0.193707
BFGS:  107 13:25:39    -2029.211809        0.222818
BFGS:  108 13:25:39    -2029.219382        0.191180
BFGS:  109 13:25:40    -2029.227621        0.196829
BFGS:  110 13:25:40    -2029.234917        0.186584
BFGS:  111 13:25:40    -2029.241084        0.166826
BFGS:  112 13:25:40    -2029.247092        0.184672
BFGS:  113 13:25:40    -2029.253621        0.179879
BFGS:  114 13:25:41    -2029.260065        0.149443
BFGS:  115 13:25:41    -2029.266405        0.185865
BFGS:  116 13:25:41    -2029.273702        0.186469
BFGS:  117 13:25:41    -2029.283550        0.226107
BFGS:  118 13:25:41    -2029.295122        0.214074
BFGS:  119 13:25:42    -2029.305126        0.162808
BFGS:  120 13:25:42    -2029.311543        0.146190
BFGS:  121 13:25:42    -2029.315850        0.122799
BFGS:  122 13:25:42    -2029.319506        0.117785
BFGS:  123 13:25:42    -2029.322048        0.119918
BFGS:  124 13:25:43    -2029.323491        0.100908
BFGS:  125 13:25:43    -2029.324585        0.082821
BFGS:  126 13:25:43    -2029.325847        0.084165
BFGS:  127 13:25:43    -2029.327308        0.081067
BFGS:  128 13:25:43    -2029.328581        0.099460
BFGS:  129 13:25:44    -2029.329719        0.095997
BFGS:  130 13:25:44    -2029.331051        0.073736
BFGS:  131 13:25:44    -2029.332658        0.079612
BFGS:  132 13:25:44    -2029.334343        0.071769
BFGS:  133 13:25:44    -2029.336031        0.072634
BFGS:  134 13:25:45    -2029.337682        0.098764
BFGS:  135 13:25:45    -2029.339247        0.104635
BFGS:  136 13:25:45    -2029.340823        0.103379
BFGS:  137 13:25:45    -2029.342280        0.096840
BFGS:  138 13:25:45    -2029.343686        0.095057
BFGS:  139 13:25:46    -2029.345514        0.095452
BFGS:  140 13:25:46    -2029.347960        0.098697
BFGS:  141 13:25:46    -2029.351040        0.108716
BFGS:  142 13:25:46    -2029.354868        0.125604
BFGS:  143 13:25:46    -2029.359408        0.132338
BFGS:  144 13:25:47    -2029.363857        0.154181
BFGS:  145 13:25:47    -2029.369265        0.161418
BFGS:  146 13:25:47    -2029.375960        0.132221
BFGS:  147 13:25:47    -2029.381281        0.134900
BFGS:  148 13:25:47    -2029.385440        0.126882
BFGS:  149 13:25:48    -2029.389005        0.111697
BFGS:  150 13:25:48    -2029.392140        0.137543
BFGS:  151 13:25:48    -2029.394956        0.132759
BFGS:  152 13:25:48    -2029.398393        0.111851
BFGS:  153 13:25:48    -2029.402152        0.113074
BFGS:  154 13:25:49    -2029.405890        0.113912
BFGS:  155 13:25:49    -2029.407751        0.095426
BFGS:  156 13:25:49    -2029.409855        0.108691
BFGS:  157 13:25:49    -2029.411843        0.091859
BFGS:  158 13:25:49    -2029.414306        0.104889
BFGS:  159 13:25:50    -2029.416741        0.117314
BFGS:  160 13:25:50    -2029.418850        0.090645
BFGS:  161 13:25:50    -2029.420112        0.069465
BFGS:  162 13:25:50    -2029.420925        0.059722
BFGS:  163 13:25:50    -2029.421641        0.050815
BFGS:  164 13:25:50    -2029.422326        0.044726
BFGS:  165 13:25:51    -2029.422992        0.049865
BFGS:  166 13:25:51    -2029.423498        0.063673
BFGS:  167 13:25:51    -2029.423918        0.052922
BFGS:  168 13:25:51    -2029.424217        0.028662
BFGS:  169 13:25:51    -2029.424344        0.022420
BFGS:  170 13:25:51    -2029.424381        0.017448
BFGS:  171 13:25:52    -2029.424400        0.010695
BFGS:  172 13:25:52    -2029.424419        0.011484
BFGS:  173 13:25:52    -2029.424444        0.016851
BFGS:  174 13:25:52    -2029.424470        0.015121
BFGS:  175 13:25:52    -2029.424488        0.008007
