      Step     Time          Energy          fmax
BFGS:    0 13:07:54    -2164.936239        8.189111
BFGS:    1 13:07:54    -2171.484986       11.852582
BFGS:    2 13:07:55    -2172.354245       19.592677
BFGS:    3 13:07:55    -2175.937548        5.431081
BFGS:    4 13:07:55    -2177.335996        3.582809
BFGS:    5 13:07:56    -2178.711535        6.351290
BFGS:    6 13:07:56    -2179.632026        2.634398
BFGS:    7 13:07:56    -2180.792522        6.531481
BFGS:    8 13:07:56    -2181.337823        1.429550
BFGS:    9 13:07:57    -2181.783973        2.003579
BFGS:   10 13:07:57    -2182.168085        1.410349
BFGS:   11 13:07:57    -2182.382550        0.731713
BFGS:   12 13:07:58    -2182.523039        0.707896
BFGS:   13 13:07:58    -2182.547550        1.545824
BFGS:   14 13:07:58    -2182.572467        1.078374
BFGS:   15 13:07:58    -2182.590473        0.425809
BFGS:   16 13:07:59    -2182.603633        0.255579
BFGS:   17 13:07:59    -2182.616907        0.278537
BFGS:   18 13:07:59    -2182.630856        0.272684
BFGS:   19 13:07:59    -2182.639657        0.251745
BFGS:   20 13:07:59    -2182.651514        0.224104
BFGS:   21 13:08:00    -2182.659000        0.186319
BFGS:   22 13:08:00    -2182.663247        0.131983
BFGS:   23 13:08:00    -2182.665405        0.140085
BFGS:   24 13:08:00    -2182.666827        0.109375
BFGS:   25 13:08:00    -2182.667806        0.070323
BFGS:   26 13:08:01    -2182.668320        0.045801
BFGS:   27 13:08:01    -2182.668580        0.043933
BFGS:   28 13:08:01    -2182.668846        0.064206
BFGS:   29 13:08:01    -2182.669165        0.074022
BFGS:   30 13:08:01    -2182.669550        0.056552
BFGS:   31 13:08:02    -2182.669932        0.047496
BFGS:   32 13:08:02    -2182.670337        0.033124
BFGS:   33 13:08:02    -2182.670687        0.046437
BFGS:   34 13:08:02    -2182.670969        0.045848
BFGS:   35 13:08:02    -2182.671246        0.032582
BFGS:   36 13:08:02    -2182.671620        0.047477
BFGS:   37 13:08:03    -2182.672174        0.054723
BFGS:   38 13:08:03    -2182.672880        0.061149
BFGS:   39 13:08:03    -2182.673616        0.054814
BFGS:   40 13:08:03    -2182.674359        0.067866
BFGS:   41 13:08:03    -2182.675347        0.080213
BFGS:   42 13:08:04    -2182.677057        0.106287
BFGS:   43 13:08:04    -2182.680324        0.134581
BFGS:   44 13:08:04    -2182.686484        0.178684
BFGS:   45 13:08:04    -2182.696962        0.299064
BFGS:   46 13:08:05    -2182.708480        0.373402
BFGS:   47 13:08:05    -2182.724077        0.388959
BFGS:   48 13:08:05    -2182.745913        0.282784
BFGS:   49 13:08:05    -2182.759952        0.247105
BFGS:   50 13:08:05    -2182.765985        0.119565
BFGS:   51 13:08:06    -2182.768369        0.103626
BFGS:   52 13:08:06    -2182.770201        0.104631
BFGS:   53 13:08:06    -2182.773378        0.153560
BFGS:   54 13:08:06    -2182.776970        0.154750
BFGS:   55 13:08:06    -2182.781763        0.120929
BFGS:   56 13:08:07    -2182.785244        0.126314
BFGS:   57 13:08:07    -2182.788057        0.138403
BFGS:   58 13:08:07    -2182.791672        0.142041
BFGS:   59 13:08:07    -2182.797385        0.156534
BFGS:   60 13:08:08    -2182.803954        0.150323
BFGS:   61 13:08:08    -2182.809305        0.127433
BFGS:   62 13:08:08    -2182.813360        0.139847
BFGS:   63 13:08:08    -2182.817175        0.132575
BFGS:   64 13:08:08    -2182.820707        0.125312
BFGS:   65 13:08:09    -2182.822730        0.091388
BFGS:   66 13:08:09    -2182.823416        0.050905
BFGS:   67 13:08:09    -2182.823741        0.035725
BFGS:   68 13:08:09    -2182.824066        0.045049
BFGS:   69 13:08:09    -2182.824380        0.044022
BFGS:   70 13:08:10    -2182.824671        0.044052
BFGS:   71 13:08:10    -2182.825027        0.043074
BFGS:   72 13:08:10    -2182.825681        0.061882
BFGS:   73 13:08:10    -2182.826945        0.094311
BFGS:   74 13:08:10    -2182.829143        0.118940
BFGS:   75 13:08:10    -2182.832193        0.110752
BFGS:   76 13:08:11    -2182.835409        0.131180
BFGS:   77 13:08:11    -2182.838485        0.128849
BFGS:   78 13:08:11    -2182.841718        0.119260
BFGS:   79 13:08:11    -2182.845031        0.124004
BFGS:   80 13:08:11    -2182.848311        0.113710
BFGS:   81 13:08:12    -2182.851345        0.108655
BFGS:   82 13:08:12    -2182.853670        0.081520
BFGS:   83 13:08:12    -2182.854837        0.043457
BFGS:   84 13:08:12    -2182.855201        0.045591
BFGS:   85 13:08:12    -2182.855325        0.020072
BFGS:   86 13:08:13    -2182.855393        0.016637
BFGS:   87 13:08:13    -2182.855461        0.017742
BFGS:   88 13:08:13    -2182.855535        0.023506
BFGS:   89 13:08:13    -2182.855646        0.025946
BFGS:   90 13:08:13    -2182.855790        0.025121
BFGS:   91 13:08:13    -2182.855957        0.029754
BFGS:   92 13:08:14    -2182.856155        0.035194
BFGS:   93 13:08:14    -2182.856484        0.046364
BFGS:   94 13:08:14    -2182.857206        0.072063
BFGS:   95 13:08:14    -2182.858910        0.128078
BFGS:   96 13:08:15    -2182.861492        0.215925
BFGS:   97 13:08:15    -2182.866429        0.240530
BFGS:   98 13:08:15    -2182.881147        0.290849
BFGS:   99 13:08:15    -2182.888720        0.200852
BFGS:  100 13:08:16    -2182.901385        0.202442
BFGS:  101 13:08:16    -2182.913337        0.273005
BFGS:  102 13:08:16    -2182.926685        0.264557
BFGS:  103 13:08:16    -2182.934612        0.167843
BFGS:  104 13:08:17    -2182.939571        0.121415
BFGS:  105 13:08:17    -2182.943360        0.127644
BFGS:  106 13:08:17    -2182.945683        0.187230
BFGS:  107 13:08:17    -2182.948999        0.084248
BFGS:  108 13:08:18    -2182.951122        0.084386
BFGS:  109 13:08:18    -2182.952072        0.079606
BFGS:  110 13:08:18    -2182.952948        0.049349
BFGS:  111 13:08:18    -2182.953847        0.087318
BFGS:  112 13:08:19    -2182.955069        0.080854
BFGS:  113 13:08:19    -2182.956958        0.068290
BFGS:  114 13:08:19    -2182.958792        0.078082
BFGS:  115 13:08:19    -2182.960295        0.089777
BFGS:  116 13:08:19    -2182.961522        0.091025
BFGS:  117 13:08:20    -2182.963024        0.121131
BFGS:  118 13:08:20    -2182.965277        0.111080
BFGS:  119 13:08:20    -2182.968778        0.202224
BFGS:  120 13:08:20    -2182.972780        0.155998
BFGS:  121 13:08:21    -2182.976484        0.231774
BFGS:  122 13:08:21    -2182.979157        0.152690
BFGS:  123 13:08:21    -2182.981529        0.113573
BFGS:  124 13:08:21    -2182.983903        0.145397
BFGS:  125 13:08:22    -2182.987099        0.162107
BFGS:  126 13:08:22    -2182.989788        0.117105
BFGS:  127 13:08:22    -2182.992035        0.278072
BFGS:  128 13:08:22    -2182.994190        0.137462
BFGS:  129 13:08:23    -2182.997177        0.116294
BFGS:  130 13:08:23    -2183.003976        0.401221
BFGS:  131 13:08:23    -2183.008336        0.173208
BFGS:  132 13:08:23    -2183.015914        0.370249
BFGS:  133 13:08:23    -2183.020727        0.372835
BFGS:  134 13:08:24    -2183.026126        0.237453
BFGS:  135 13:08:24    -2183.032654        0.493690
BFGS:  136 13:08:24    -2183.040340        0.122438
BFGS:  137 13:08:25    -2183.045651        0.286568
BFGS:  138 13:08:25    -2183.051852        0.166801
BFGS:  139 13:08:25    -2183.055959        0.278761
BFGS:  140 13:08:25    -2183.060549        0.124489
BFGS:  141 13:08:26    -2183.063458        0.112960
BFGS:  142 13:08:26    -2183.065930        0.085625
BFGS:  143 13:08:26    -2183.067813        0.087138
BFGS:  144 13:08:26    -2183.069841        0.093521
BFGS:  145 13:08:26    -2183.071613        0.098443
BFGS:  146 13:08:27    -2183.073111        0.073344
BFGS:  147 13:08:27    -2183.074100        0.060973
BFGS:  148 13:08:27    -2183.074639        0.054695
BFGS:  149 13:08:27    -2183.075024        0.046568
BFGS:  150 13:08:27    -2183.075447        0.080309
BFGS:  151 13:08:28    -2183.075945        0.062923
BFGS:  152 13:08:28    -2183.076335        0.072015
BFGS:  153 13:08:28    -2183.076556        0.039548
BFGS:  154 13:08:28    -2183.076777        0.034575
BFGS:  155 13:08:28    -2183.076959        0.023461
BFGS:  156 13:08:29    -2183.077122        0.037397
BFGS:  157 13:08:29    -2183.077294        0.037897
BFGS:  158 13:08:29    -2183.077506        0.059896
BFGS:  159 13:08:29    -2183.077753        0.061635
BFGS:  160 13:08:29    -2183.078013        0.065489
BFGS:  161 13:08:29    -2183.078292        0.051967
BFGS:  162 13:08:30    -2183.078600        0.039286
BFGS:  163 13:08:30    -2183.078953        0.040342
BFGS:  164 13:08:30    -2183.079276        0.041154
BFGS:  165 13:08:30    -2183.079584        0.042049
BFGS:  166 13:08:30    -2183.079823        0.042824
BFGS:  167 13:08:31    -2183.080088        0.031723
BFGS:  168 13:08:31    -2183.080279        0.024086
BFGS:  169 13:08:31    -2183.080421        0.020473
BFGS:  170 13:08:31    -2183.080513        0.018908
BFGS:  171 13:08:31    -2183.080613        0.019819
BFGS:  172 13:08:32    -2183.080726        0.020270
BFGS:  173 13:08:32    -2183.080834        0.023118
BFGS:  174 13:08:32    -2183.080921        0.025494
BFGS:  175 13:08:32    -2183.080974        0.020277
BFGS:  176 13:08:32    -2183.081024        0.017755
BFGS:  177 13:08:32    -2183.081079        0.012606
BFGS:  178 13:08:33    -2183.081184        0.021283
BFGS:  179 13:08:33    -2183.081270        0.032513
BFGS:  180 13:08:33    -2183.081397        0.030120
BFGS:  181 13:08:33    -2183.081523        0.034747
BFGS:  182 13:08:33    -2183.081665        0.022648
BFGS:  183 13:08:33    -2183.081805        0.022985
BFGS:  184 13:08:34    -2183.081922        0.037832
BFGS:  185 13:08:34    -2183.082044        0.044997
BFGS:  186 13:08:34    -2183.082224        0.038290
BFGS:  187 13:08:34    -2183.082497        0.049195
BFGS:  188 13:08:34    -2183.082839        0.027881
BFGS:  189 13:08:35    -2183.083054        0.045494
BFGS:  190 13:08:35    -2183.083172        0.043657
BFGS:  191 13:08:35    -2183.083273        0.046410
BFGS:  192 13:08:35    -2183.083412        0.034584
BFGS:  193 13:08:35    -2183.083556        0.040119
BFGS:  194 13:08:35    -2183.083662        0.033805
BFGS:  195 13:08:36    -2183.083729        0.028786
BFGS:  196 13:08:36    -2183.083791        0.021652
BFGS:  197 13:08:36    -2183.083861        0.020688
BFGS:  198 13:08:36    -2183.083921        0.019091
BFGS:  199 13:08:36    -2183.083963        0.018459
BFGS:  200 13:08:36    -2183.084006        0.020084
