      Step     Time          Energy          fmax
BFGS:    0 13:04:41     -727.290238     6657.297277
BFGS:    1 13:04:43    -2370.131502      985.873724
BFGS:    2 13:04:44    -2686.478140     2648.688797
BFGS:    3 13:04:45    -2686.143401     2069.016291
BFGS:    4 13:04:47    -2976.663682     1140.370677
BFGS:    5 13:04:48    -3065.044302      791.138306
BFGS:    6 13:04:50    -3160.510423      321.790527
BFGS:    7 13:04:51    -3196.983021      120.328962
BFGS:    8 13:04:53    -3223.241068       83.891642
BFGS:    9 13:04:54    -3240.443824       22.044201
BFGS:   10 13:04:55    -3248.293494       28.762539
BFGS:   11 13:04:56    -3252.637090       23.251239
BFGS:   12 13:04:58    -3257.263234       13.218791
BFGS:   13 13:04:59    -3260.936373       10.801298
BFGS:   14 13:05:00    -3264.334057       11.435557
BFGS:   15 13:05:01    -3266.551051        8.122977
BFGS:   16 13:05:02    -3268.103779        7.077071
BFGS:   17 13:05:03    -3269.315729        5.634357
BFGS:   18 13:05:04    -3270.597470        5.113924
BFGS:   19 13:05:05    -3271.253166        4.804131
BFGS:   20 13:05:06    -3271.648936        4.724528
BFGS:   21 13:05:06    -3272.040159        4.796464
BFGS:   22 13:05:07    -3272.286795        4.656087
BFGS:   23 13:05:08    -3272.477635        4.600375
BFGS:   24 13:05:09    -3272.636189        4.571900
BFGS:   25 13:05:10    -3272.771174        4.625937
BFGS:   26 13:05:11    -3272.871661        4.774394
BFGS:   27 13:05:12    -3272.951039        4.980459
BFGS:   28 13:05:12    -3273.030932        5.356635
BFGS:   29 13:05:13    -3273.129383        5.937043
BFGS:   30 13:05:14    -3273.279427        6.881018
BFGS:   31 13:05:15    -3273.600903        8.437932
BFGS:   32 13:05:16    -3273.731073        8.101905
BFGS:   33 13:05:17    -3274.235802        8.130679
BFGS:   34 13:05:17    -3274.716131        7.405286
BFGS:   35 13:05:18    -3275.090110        5.759367
BFGS:   36 13:05:19    -3275.261041        4.749427
BFGS:   37 13:05:20    -3275.451108        3.441850
BFGS:   38 13:05:21    -3275.565741        2.474620
BFGS:   39 13:05:22    -3275.656058        2.449335
BFGS:   40 13:05:22    -3275.722403        2.422751
BFGS:   41 13:05:23    -3275.778129        2.396053
BFGS:   42 13:05:24    -3275.817453        2.375166
BFGS:   43 13:05:25    -3275.847557        2.347748
BFGS:   44 13:05:25    -3275.873428        2.327907
BFGS:   45 13:05:26    -3275.897502        2.267090
BFGS:   46 13:05:27    -3275.918303        2.179465
BFGS:   47 13:05:28    -3275.933679        2.125846
BFGS:   48 13:05:28    -3275.946047        2.129544
BFGS:   49 13:05:29    -3275.957918        2.157012
BFGS:   50 13:05:30    -3275.969446        2.198667
BFGS:   51 13:05:30    -3275.980069        2.229853
BFGS:   52 13:05:31    -3275.989601        2.233388
BFGS:   53 13:05:32    -3275.998293        2.212411
BFGS:   54 13:05:32    -3276.006647        2.175294
BFGS:   55 13:05:33    -3276.015170        2.206740
BFGS:   56 13:05:34    -3276.024539        2.215670
BFGS:   57 13:05:35    -3276.035652        2.195826
BFGS:   58 13:05:35    -3276.048809        2.185846
BFGS:   59 13:05:36    -3276.063296        2.225059
BFGS:   60 13:05:37    -3276.077617        2.231748
BFGS:   61 13:05:37    -3276.090213        2.206160
BFGS:   62 13:05:38    -3276.100267        2.180871
BFGS:   63 13:05:38    -3276.107915        2.200796
BFGS:   64 13:05:39    -3276.113872        2.202923
BFGS:   65 13:05:40    -3276.119072        2.181455
BFGS:   66 13:05:40    -3276.124268        2.146577
BFGS:   67 13:05:41    -3276.129880        2.145245
BFGS:   68 13:05:42    -3276.136143        2.168502
BFGS:   69 13:05:42    -3276.143096        2.163337
BFGS:   70 13:05:43    -3276.150721        2.122943
BFGS:   71 13:05:44    -3276.159509        2.135199
BFGS:   72 13:05:44    -3276.170997        2.184280
BFGS:   73 13:05:45    -3276.188036        2.229014
BFGS:   74 13:05:46    -3276.214445        2.231860
BFGS:   75 13:05:47    -3276.252831        2.132716
BFGS:   76 13:05:47    -3276.299791        1.902531
BFGS:   77 13:05:48    -3276.348770        1.767545
BFGS:   78 13:05:49    -3276.397806        1.793678
BFGS:   79 13:05:50    -3276.449493        1.761942
BFGS:   80 13:05:51    -3276.508839        1.634107
BFGS:   81 13:05:52    -3276.573089        1.425058
BFGS:   82 13:05:53    -3276.633755        1.223915
BFGS:   83 13:05:53    -3276.687314        1.283094
BFGS:   84 13:05:54    -3276.733976        1.338715
BFGS:   85 13:05:55    -3276.776799        1.539845
BFGS:   86 13:05:56    -3276.817296        1.799634
BFGS:   87 13:05:57    -3276.852180        1.944956
BFGS:   88 13:05:57    -3276.883123        1.915184
BFGS:   89 13:05:58    -3276.915704        1.703921
BFGS:   90 13:05:59    -3276.950765        1.358987
BFGS:   91 13:06:00    -3276.984843        1.105222
BFGS:   92 13:06:00    -3277.013858        0.962328
BFGS:   93 13:06:01    -3277.037543        0.830334
BFGS:   94 13:06:02    -3277.059972        0.750349
BFGS:   95 13:06:03    -3277.084583        0.731014
BFGS:   96 13:06:03    -3277.110814        0.832149
BFGS:   97 13:06:04    -3277.131764        0.830649
BFGS:   98 13:06:05    -3277.148810        0.715147
BFGS:   99 13:06:05    -3277.167143        0.522876
BFGS:  100 13:06:06    -3277.185427        0.296615
BFGS:  101 13:06:07    -3277.199357        0.219406
BFGS:  102 13:06:08    -3277.207678        0.250858
BFGS:  103 13:06:08    -3277.213444        0.260459
BFGS:  104 13:06:09    -3277.219288        0.232691
BFGS:  105 13:06:10    -3277.225186        0.213715
BFGS:  106 13:06:10    -3277.229759        0.132484
BFGS:  107 13:06:11    -3277.232680        0.105029
BFGS:  108 13:06:12    -3277.234774        0.109542
BFGS:  109 13:06:12    -3277.236583        0.102844
BFGS:  110 13:06:13    -3277.238069        0.080556
BFGS:  111 13:06:13    -3277.239157        0.051155
BFGS:  112 13:06:14    -3277.239995        0.056764
BFGS:  113 13:06:14    -3277.240728        0.062554
BFGS:  114 13:06:15    -3277.241318        0.051701
BFGS:  115 13:06:15    -3277.241733        0.058570
BFGS:  116 13:06:16    -3277.241989        0.057695
BFGS:  117 13:06:16    -3277.242149        0.043201
BFGS:  118 13:06:17    -3277.242264        0.029478
BFGS:  119 13:06:17    -3277.242358        0.023740
BFGS:  120 13:06:17    -3277.242432        0.016904
BFGS:  121 13:06:18    -3277.242483        0.013527
BFGS:  122 13:06:18    -3277.242514        0.009732
