      Step     Time          Energy          fmax
BFGS:    0 13:04:53    -2701.680297       14.053185
BFGS:    1 13:04:54    -2707.242378        4.078295
BFGS:    2 13:04:55    -2710.683747        5.078283
BFGS:    3 13:04:56    -2714.705643       15.058173
BFGS:    4 13:04:56    -2716.360887       17.297694
BFGS:    5 13:04:57    -2719.439855        4.102816
BFGS:    6 13:04:58    -2721.457847        2.773605
BFGS:    7 13:04:58    -2722.602850        6.116853
BFGS:    8 13:04:59    -2724.231977        2.138201
BFGS:    9 13:04:59    -2726.096852        2.214510
BFGS:   10 13:05:00    -2727.355327        3.001300
BFGS:   11 13:05:00    -2728.397575        2.624556
BFGS:   12 13:05:01    -2730.504120        2.927043
BFGS:   13 13:05:01    -2731.677661        1.956553
BFGS:   14 13:05:02    -2732.897138        2.281483
BFGS:   15 13:05:02    -2733.469551        1.827386
BFGS:   16 13:05:03    -2734.393914        1.496831
BFGS:   17 13:05:03    -2734.717201        1.359456
BFGS:   18 13:05:04    -2734.956044        1.093267
BFGS:   19 13:05:04    -2735.011891        0.435207
BFGS:   20 13:05:04    -2735.038220        0.209672
BFGS:   21 13:05:05    -2735.048473        0.246175
BFGS:   22 13:05:05    -2735.056037        0.153966
BFGS:   23 13:05:05    -2735.061231        0.168255
BFGS:   24 13:05:06    -2735.065726        0.174324
BFGS:   25 13:05:06    -2735.069752        0.123650
BFGS:   26 13:05:06    -2735.073382        0.103921
BFGS:   27 13:05:07    -2735.076257        0.111554
BFGS:   28 13:05:07    -2735.078548        0.123826
BFGS:   29 13:05:07    -2735.080619        0.092445
BFGS:   30 13:05:08    -2735.082986        0.097415
BFGS:   31 13:05:08    -2735.086073        0.108597
BFGS:   32 13:05:08    -2735.089994        0.170850
BFGS:   33 13:05:09    -2735.094236        0.155862
BFGS:   34 13:05:09    -2735.098081        0.122651
BFGS:   35 13:05:09    -2735.101352        0.103497
BFGS:   36 13:05:10    -2735.104351        0.125381
BFGS:   37 13:05:10    -2735.107208        0.108782
BFGS:   38 13:05:10    -2735.109660        0.092461
BFGS:   39 13:05:11    -2735.111625        0.107575
BFGS:   40 13:05:11    -2735.113318        0.128977
BFGS:   41 13:05:11    -2735.115064        0.137756
BFGS:   42 13:05:12    -2735.117261        0.134172
BFGS:   43 13:05:12    -2735.120416        0.137678
BFGS:   44 13:05:12    -2735.125102        0.166539
BFGS:   45 13:05:13    -2735.131697        0.200353
BFGS:   46 13:05:13    -2735.139829        0.192658
BFGS:   47 13:05:13    -2735.146671        0.123964
BFGS:   48 13:05:14    -2735.151845        0.114636
BFGS:   49 13:05:14    -2735.157288        0.184794
BFGS:   50 13:05:15    -2735.172018        0.316552
BFGS:   51 13:05:15    -2735.234867        0.341932
BFGS:   52 13:05:16    -2735.421678        0.701775
BFGS:   53 13:05:16    -2735.479797        1.280154
BFGS:   54 13:05:17    -2735.512910        1.953970
BFGS:   55 13:05:17    -2735.738011        1.026805
BFGS:   56 13:05:18    -2735.809339        1.033541
BFGS:   57 13:05:18    -2736.017810        1.110667
BFGS:   58 13:05:19    -2736.160961        1.152755
BFGS:   59 13:05:19    -2736.323530        0.717498
BFGS:   60 13:05:20    -2736.400717        0.676203
BFGS:   61 13:05:20    -2736.479961        0.577171
BFGS:   62 13:05:21    -2736.534081        0.476681
BFGS:   63 13:05:21    -2736.580751        0.364550
BFGS:   64 13:05:21    -2736.628548        0.342458
BFGS:   65 13:05:22    -2736.681334        0.422648
BFGS:   66 13:05:22    -2736.728025        0.343548
BFGS:   67 13:05:23    -2736.762133        0.271494
BFGS:   68 13:05:23    -2736.784809        0.224766
BFGS:   69 13:05:23    -2736.800295        0.176468
BFGS:   70 13:05:24    -2736.810451        0.181944
BFGS:   71 13:05:24    -2736.817179        0.173147
BFGS:   72 13:05:24    -2736.822441        0.142755
BFGS:   73 13:05:25    -2736.826838        0.128829
BFGS:   74 13:05:25    -2736.830082        0.088249
BFGS:   75 13:05:25    -2736.832150        0.060771
BFGS:   76 13:05:26    -2736.833439        0.088276
BFGS:   77 13:05:26    -2736.834244        0.083176
BFGS:   78 13:05:26    -2736.834714        0.044352
BFGS:   79 13:05:27    -2736.834979        0.029071
BFGS:   80 13:05:27    -2736.835144        0.037747
BFGS:   81 13:05:27    -2736.835266        0.040382
BFGS:   82 13:05:27    -2736.835381        0.033416
BFGS:   83 13:05:28    -2736.835508        0.023703
BFGS:   84 13:05:28    -2736.835645        0.018727
BFGS:   85 13:05:28    -2736.835760        0.027354
BFGS:   86 13:05:29    -2736.835850        0.030296
BFGS:   87 13:05:29    -2736.835943        0.026814
BFGS:   88 13:05:29    -2736.836075        0.021198
BFGS:   89 13:05:30    -2736.836278        0.025312
BFGS:   90 13:05:30    -2736.836557        0.046102
BFGS:   91 13:05:30    -2736.836968        0.071486
BFGS:   92 13:05:31    -2736.837613        0.097661
BFGS:   93 13:05:31    -2736.838941        0.137333
BFGS:   94 13:05:32    -2736.845522        0.377111
BFGS:   95 13:05:32    -2736.933439        1.221519
BFGS:   96 13:05:33    -2737.186846        1.044634
BFGS:   97 13:05:33    -2736.841826        8.023491
BFGS:   98 13:05:34    -2737.275230        1.951227
BFGS:   99 13:05:35    -2737.392581        0.868181
BFGS:  100 13:05:35    -2737.510711        0.820948
BFGS:  101 13:05:36    -2737.651727        0.918042
BFGS:  102 13:05:37    -2737.754726        1.092160
BFGS:  103 13:05:37    -2737.860413        1.026478
BFGS:  104 13:05:38    -2738.002426        0.787593
BFGS:  105 13:05:39    -2738.091527        0.863584
BFGS:  106 13:05:40    -2738.179445        0.905299
BFGS:  107 13:05:40    -2738.210997        1.783179
BFGS:  108 13:05:41    -2738.335478        1.132122
BFGS:  109 13:05:42    -2738.430830        1.208938
BFGS:  110 13:05:42    -2738.537746        1.167792
BFGS:  111 13:05:43    -2738.647625        0.659118
BFGS:  112 13:05:44    -2738.684041        0.600293
BFGS:  113 13:05:44    -2738.727156        0.626383
BFGS:  114 13:05:45    -2738.761048        0.472866
BFGS:  115 13:05:45    -2738.794445        0.281600
BFGS:  116 13:05:46    -2738.817782        0.360717
BFGS:  117 13:05:46    -2738.832168        0.457507
BFGS:  118 13:05:47    -2738.850994        0.441388
BFGS:  119 13:05:47    -2738.872732        0.344317
BFGS:  120 13:05:48    -2738.898686        0.323612
BFGS:  121 13:05:49    -2738.923632        0.414347
BFGS:  122 13:05:49    -2738.946050        0.412922
BFGS:  123 13:05:50    -2738.967589        0.320306
BFGS:  124 13:05:51    -2738.993500        0.267295
BFGS:  125 13:05:51    -2739.032385        0.418706
BFGS:  126 13:05:52    -2739.065264        0.613234
BFGS:  127 13:05:53    -2739.097022        0.431704
BFGS:  128 13:05:53    -2739.138778        0.326212
BFGS:  129 13:05:54    -2739.173958        0.390444
BFGS:  130 13:05:54    -2739.193314        0.351272
BFGS:  131 13:05:55    -2739.218268        0.354604
BFGS:  132 13:05:55    -2739.250949        0.336004
BFGS:  133 13:05:56    -2739.268375        0.296436
BFGS:  134 13:05:56    -2739.292015        0.326301
BFGS:  135 13:05:57    -2739.308477        0.276598
BFGS:  136 13:05:57    -2739.327546        0.291051
BFGS:  137 13:05:58    -2739.356140        0.318451
BFGS:  138 13:05:59    -2739.383439        0.348391
BFGS:  139 13:05:59    -2739.406182        0.342882
BFGS:  140 13:06:00    -2739.421880        0.252996
BFGS:  141 13:06:00    -2739.435071        0.162834
BFGS:  142 13:06:01    -2739.445374        0.158254
BFGS:  143 13:06:01    -2739.452575        0.176724
BFGS:  144 13:06:02    -2739.458267        0.124282
BFGS:  145 13:06:02    -2739.462441        0.104026
BFGS:  146 13:06:03    -2739.465215        0.076993
BFGS:  147 13:06:03    -2739.467424        0.064841
BFGS:  148 13:06:03    -2739.469515        0.070057
BFGS:  149 13:06:04    -2739.471663        0.065993
BFGS:  150 13:06:04    -2739.473920        0.065490
BFGS:  151 13:06:05    -2739.476295        0.079262
BFGS:  152 13:06:05    -2739.478681        0.090379
BFGS:  153 13:06:06    -2739.480788        0.081007
BFGS:  154 13:06:06    -2739.482330        0.057501
BFGS:  155 13:06:06    -2739.483278        0.045093
BFGS:  156 13:06:07    -2739.483905        0.042156
BFGS:  157 13:06:07    -2739.484439        0.040858
BFGS:  158 13:06:08    -2739.484928        0.048468
BFGS:  159 13:06:08    -2739.485303        0.032670
BFGS:  160 13:06:08    -2739.485539        0.022363
BFGS:  161 13:06:09    -2739.485705        0.022453
BFGS:  162 13:06:09    -2739.485871        0.032341
BFGS:  163 13:06:09    -2739.486064        0.033086
BFGS:  164 13:06:10    -2739.486237        0.019173
BFGS:  165 13:06:10    -2739.486354        0.017219
BFGS:  166 13:06:10    -2739.486431        0.019815
BFGS:  167 13:06:11    -2739.486498        0.021813
BFGS:  168 13:06:11    -2739.486572        0.013680
BFGS:  169 13:06:11    -2739.486647        0.014205
BFGS:  170 13:06:12    -2739.486725        0.014890
BFGS:  171 13:06:12    -2739.486798        0.020504
BFGS:  172 13:06:12    -2739.486864        0.016252
BFGS:  173 13:06:13    -2739.486913        0.011199
BFGS:  174 13:06:13    -2739.486948        0.009250
