      Step     Time          Energy          fmax
BFGS:    0 14:14:39    -2018.509329       75.091614
BFGS:    1 14:14:39    -2056.386687        6.826844
BFGS:    2 14:14:40    -2058.189229        9.155332
BFGS:    3 14:14:40    -2059.448126        4.146311
BFGS:    4 14:14:40    -2060.373304        2.160211
BFGS:    5 14:14:41    -2061.561927        2.907782
BFGS:    6 14:14:41    -2062.621924        5.482434
BFGS:    7 14:14:42    -2063.452575        5.080764
BFGS:    8 14:14:42    -2064.154578        4.644282
BFGS:    9 14:14:42    -2064.557092        5.520973
BFGS:   10 14:14:43    -2064.934295        1.640879
BFGS:   11 14:14:43    -2065.098791        1.377222
BFGS:   12 14:14:44    -2065.190443        1.448845
BFGS:   13 14:14:44    -2065.249680        0.828066
BFGS:   14 14:14:44    -2065.292675        0.479334
BFGS:   15 14:14:44    -2065.338234        0.883850
BFGS:   16 14:14:45    -2065.391412        0.828254
BFGS:   17 14:14:45    -2065.450881        1.087790
BFGS:   18 14:14:45    -2065.518951        0.943105
BFGS:   19 14:14:46    -2065.586870        0.666673
BFGS:   20 14:14:46    -2065.651573        0.547958
BFGS:   21 14:14:46    -2065.709000        0.657430
BFGS:   22 14:14:47    -2065.763706        0.685699
BFGS:   23 14:14:47    -2065.839338        0.667835
BFGS:   24 14:14:47    -2065.920781        0.692394
BFGS:   25 14:14:48    -2065.974158        0.367374
BFGS:   26 14:14:48    -2066.004568        0.533705
BFGS:   27 14:14:48    -2066.030750        0.451938
BFGS:   28 14:14:48    -2066.057814        0.440903
BFGS:   29 14:14:49    -2066.082099        0.416025
BFGS:   30 14:14:49    -2066.100476        0.440033
BFGS:   31 14:14:49    -2066.114594        0.346188
BFGS:   32 14:14:49    -2066.126597        0.307098
BFGS:   33 14:14:50    -2066.138635        0.276239
BFGS:   34 14:14:50    -2066.150702        0.312224
BFGS:   35 14:14:50    -2066.162458        0.330671
BFGS:   36 14:14:51    -2066.173410        0.275927
BFGS:   37 14:14:51    -2066.182650        0.198093
BFGS:   38 14:14:51    -2066.190511        0.215710
BFGS:   39 14:14:51    -2066.198051        0.211779
BFGS:   40 14:14:52    -2066.205398        0.252681
BFGS:   41 14:14:52    -2066.212145        0.219594
BFGS:   42 14:14:52    -2066.217555        0.175750
BFGS:   43 14:14:52    -2066.221680        0.141942
BFGS:   44 14:14:53    -2066.225587        0.201212
BFGS:   45 14:14:53    -2066.229831        0.227904
BFGS:   46 14:14:53    -2066.234585        0.206921
BFGS:   47 14:14:53    -2066.240568        0.204642
BFGS:   48 14:14:54    -2066.248176        0.224533
BFGS:   49 14:14:54    -2066.257681        0.220406
BFGS:   50 14:14:54    -2066.269505        0.318795
BFGS:   51 14:14:54    -2066.284834        0.375119
BFGS:   52 14:14:55    -2066.305685        0.369399
BFGS:   53 14:14:55    -2066.332951        0.391386
BFGS:   54 14:14:55    -2066.361111        0.342905
BFGS:   55 14:14:55    -2066.385712        0.287503
BFGS:   56 14:14:56    -2066.401507        0.276093
BFGS:   57 14:14:56    -2066.414214        0.255075
BFGS:   58 14:14:56    -2066.423991        0.165638
BFGS:   59 14:14:56    -2066.430800        0.169777
BFGS:   60 14:14:57    -2066.435045        0.119828
BFGS:   61 14:14:57    -2066.437806        0.117119
BFGS:   62 14:14:57    -2066.440513        0.091691
BFGS:   63 14:14:57    -2066.442896        0.092873
BFGS:   64 14:14:57    -2066.444603        0.077675
BFGS:   65 14:14:58    -2066.445921        0.078713
BFGS:   66 14:14:58    -2066.447308        0.097605
BFGS:   67 14:14:58    -2066.448985        0.115435
BFGS:   68 14:14:58    -2066.450704        0.100799
BFGS:   69 14:14:59    -2066.452207        0.068654
BFGS:   70 14:14:59    -2066.453494        0.067640
BFGS:   71 14:14:59    -2066.454726        0.091098
BFGS:   72 14:14:59    -2066.456034        0.094140
BFGS:   73 14:14:59    -2066.457570        0.092905
BFGS:   74 14:15:00    -2066.459535        0.097788
BFGS:   75 14:15:00    -2066.462152        0.107524
BFGS:   76 14:15:00    -2066.465522        0.109621
BFGS:   77 14:15:00    -2066.469214        0.111064
BFGS:   78 14:15:00    -2066.472486        0.102591
BFGS:   79 14:15:01    -2066.475406        0.104149
BFGS:   80 14:15:01    -2066.477850        0.088109
BFGS:   81 14:15:01    -2066.479643        0.087995
BFGS:   82 14:15:01    -2066.481045        0.074870
BFGS:   83 14:15:01    -2066.482201        0.067057
BFGS:   84 14:15:02    -2066.483093        0.061386
BFGS:   85 14:15:02    -2066.483720        0.054671
BFGS:   86 14:15:02    -2066.484143        0.056531
BFGS:   87 14:15:02    -2066.484482        0.049610
BFGS:   88 14:15:02    -2066.484754        0.042611
BFGS:   89 14:15:03    -2066.484905        0.021406
BFGS:   90 14:15:03    -2066.485024        0.022392
BFGS:   91 14:15:03    -2066.485137        0.034391
BFGS:   92 14:15:03    -2066.485243        0.027089
BFGS:   93 14:15:03    -2066.485352        0.020403
BFGS:   94 14:15:03    -2066.485474        0.019674
BFGS:   95 14:15:04    -2066.485617        0.036178
BFGS:   96 14:15:04    -2066.485796        0.046224
BFGS:   97 14:15:04    -2066.486033        0.035539
BFGS:   98 14:15:04    -2066.486336        0.033482
BFGS:   99 14:15:04    -2066.486696        0.046107
BFGS:  100 14:15:04    -2066.487066        0.050069
BFGS:  101 14:15:05    -2066.487499        0.058275
BFGS:  102 14:15:05    -2066.488054        0.062067
BFGS:  103 14:15:05    -2066.488804        0.068420
BFGS:  104 14:15:05    -2066.489592        0.049475
BFGS:  105 14:15:05    -2066.490202        0.054152
BFGS:  106 14:15:06    -2066.490675        0.055768
BFGS:  107 14:15:06    -2066.491256        0.048791
BFGS:  108 14:15:06    -2066.492179        0.061970
BFGS:  109 14:15:06    -2066.493503        0.070436
BFGS:  110 14:15:07    -2066.495064        0.075005
BFGS:  111 14:15:07    -2066.496599        0.071115
BFGS:  112 14:15:07    -2066.497985        0.075739
BFGS:  113 14:15:07    -2066.499213        0.102903
BFGS:  114 14:15:07    -2066.499846        0.156700
BFGS:  115 14:15:08    -2066.501239        0.057032
BFGS:  116 14:15:08    -2066.502351        0.064142
BFGS:  117 14:15:08    -2066.503696        0.092077
BFGS:  118 14:15:08    -2066.504762        0.058249
BFGS:  119 14:15:08    -2066.505758        0.055193
BFGS:  120 14:15:09    -2066.506884        0.063235
BFGS:  121 14:15:09    -2066.508213        0.095800
BFGS:  122 14:15:09    -2066.510701        0.120771
BFGS:  123 14:15:09    -2066.513944        0.195891
BFGS:  124 14:15:09    -2066.517050        0.134763
BFGS:  125 14:15:10    -2066.519188        0.134295
BFGS:  126 14:15:10    -2066.521077        0.087498
BFGS:  127 14:15:10    -2066.523023        0.113071
BFGS:  128 14:15:10    -2066.526021        0.115863
BFGS:  129 14:15:10    -2066.528123        0.139718
BFGS:  130 14:15:11    -2066.530295        0.078543
BFGS:  131 14:15:11    -2066.532820        0.092100
BFGS:  132 14:15:11    -2066.535609        0.148036
BFGS:  133 14:15:11    -2066.538802        0.130429
BFGS:  134 14:15:12    -2066.542527        0.259408
BFGS:  135 14:15:12    -2066.546597        0.122022
BFGS:  136 14:15:12    -2066.550330        0.160225
BFGS:  137 14:15:12    -2066.553164        0.134988
BFGS:  138 14:15:12    -2066.555246        0.182466
BFGS:  139 14:15:13    -2066.558056        0.154808
BFGS:  140 14:15:13    -2066.561621        0.149179
BFGS:  141 14:15:13    -2066.565982        0.124116
BFGS:  142 14:15:13    -2066.570126        0.182138
BFGS:  143 14:15:13    -2066.572808        0.453304
BFGS:  144 14:15:14    -2066.577325        0.256560
BFGS:  145 14:15:14    -2066.581896        0.229538
BFGS:  146 14:15:14    -2066.590330        0.296030
BFGS:  147 14:15:14    -2066.596650        0.266083
BFGS:  148 14:15:15    -2066.606598        0.167389
BFGS:  149 14:15:15    -2066.616122        0.294168
BFGS:  150 14:15:15    -2066.622152        0.541065
BFGS:  151 14:15:15    -2066.626147        0.208334
BFGS:  152 14:15:15    -2066.631466        0.225019
BFGS:  153 14:15:16    -2066.637100        0.112312
BFGS:  154 14:15:16    -2066.643322        0.118994
BFGS:  155 14:15:16    -2066.649299        0.135676
BFGS:  156 14:15:16    -2066.655363        0.149620
BFGS:  157 14:15:17    -2066.659491        0.096141
BFGS:  158 14:15:17    -2066.662704        0.075040
BFGS:  159 14:15:17    -2066.664577        0.068185
BFGS:  160 14:15:17    -2066.666156        0.071636
BFGS:  161 14:15:17    -2066.667147        0.059791
BFGS:  162 14:15:18    -2066.667861        0.056563
BFGS:  163 14:15:18    -2066.668518        0.052737
BFGS:  164 14:15:18    -2066.669232        0.050227
BFGS:  165 14:15:18    -2066.669930        0.061984
BFGS:  166 14:15:18    -2066.670548        0.049769
BFGS:  167 14:15:18    -2066.671077        0.050410
BFGS:  168 14:15:19    -2066.671547        0.050925
BFGS:  169 14:15:19    -2066.672027        0.049730
BFGS:  170 14:15:19    -2066.672607        0.052395
BFGS:  171 14:15:19    -2066.673424        0.056524
BFGS:  172 14:15:19    -2066.674480        0.067656
BFGS:  173 14:15:20    -2066.675474        0.065680
BFGS:  174 14:15:20    -2066.676130        0.064538
BFGS:  175 14:15:20    -2066.676594        0.068038
BFGS:  176 14:15:20    -2066.677052        0.076713
BFGS:  177 14:15:20    -2066.677538        0.085812
BFGS:  178 14:15:20    -2066.677998        0.083628
BFGS:  179 14:15:21    -2066.678392        0.079785
BFGS:  180 14:15:21    -2066.678749        0.072690
BFGS:  181 14:15:21    -2066.679081        0.058245
BFGS:  182 14:15:21    -2066.679384        0.044872
BFGS:  183 14:15:21    -2066.679669        0.031629
BFGS:  184 14:15:22    -2066.679938        0.028067
BFGS:  185 14:15:22    -2066.680181        0.037117
BFGS:  186 14:15:22    -2066.680392        0.035240
BFGS:  187 14:15:22    -2066.680595        0.034788
BFGS:  188 14:15:22    -2066.680873        0.034642
BFGS:  189 14:15:22    -2066.681305        0.041130
BFGS:  190 14:15:23    -2066.681825        0.043709
BFGS:  191 14:15:23    -2066.682209        0.066422
BFGS:  192 14:15:23    -2066.682406        0.055859
BFGS:  193 14:15:23    -2066.682560        0.061694
BFGS:  194 14:15:23    -2066.682788        0.057154
BFGS:  195 14:15:23    -2066.683203        0.062398
BFGS:  196 14:15:24    -2066.683623        0.059745
BFGS:  197 14:15:24    -2066.683937        0.067784
BFGS:  198 14:15:24    -2066.684199        0.057667
BFGS:  199 14:15:24    -2066.684521        0.060479
BFGS:  200 14:15:24    -2066.684793        0.034701
