      Step     Time          Energy          fmax
BFGS:    0 13:44:52    -2863.359940       11.131283
BFGS:    1 13:44:53    -2873.970710        9.134368
BFGS:    2 13:44:54    -2878.471180        8.453996
BFGS:    3 13:44:55    -2880.349532        3.284654
BFGS:    4 13:44:55    -2881.364551        2.659577
BFGS:    5 13:44:56    -2882.174065        2.165507
BFGS:    6 13:44:56    -2882.626815        1.372551
BFGS:    7 13:44:57    -2883.055703        1.480683
BFGS:    8 13:44:58    -2883.463146        2.391369
BFGS:    9 13:44:58    -2883.863413        2.010048
BFGS:   10 13:44:59    -2884.333487        1.415685
BFGS:   11 13:44:59    -2884.634679        1.761478
BFGS:   12 13:45:00    -2884.913637        1.360910
BFGS:   13 13:45:01    -2885.205636        1.231893
BFGS:   14 13:45:01    -2885.593582        1.743356
BFGS:   15 13:45:02    -2885.852116        1.351250
BFGS:   16 13:45:02    -2886.104250        1.065599
BFGS:   17 13:45:03    -2886.319178        0.873586
BFGS:   18 13:45:04    -2886.504752        0.824906
BFGS:   19 13:45:04    -2886.608201        0.725240
BFGS:   20 13:45:05    -2886.668655        0.554069
BFGS:   21 13:45:05    -2886.717525        0.670517
BFGS:   22 13:45:06    -2886.767934        0.635231
BFGS:   23 13:45:06    -2886.803869        0.472965
BFGS:   24 13:45:07    -2886.837174        0.469226
BFGS:   25 13:45:07    -2886.885773        0.591377
BFGS:   26 13:45:08    -2886.947670        0.649973
BFGS:   27 13:45:08    -2886.991849        0.561948
BFGS:   28 13:45:09    -2887.030531        0.383300
BFGS:   29 13:45:09    -2887.068614        0.391642
BFGS:   30 13:45:10    -2887.091162        0.415396
BFGS:   31 13:45:10    -2887.122262        0.289843
BFGS:   32 13:45:11    -2887.141896        0.306842
BFGS:   33 13:45:11    -2887.160411        0.291528
BFGS:   34 13:45:12    -2887.179493        0.377500
BFGS:   35 13:45:12    -2887.200341        0.316017
BFGS:   36 13:45:13    -2887.218792        0.304454
BFGS:   37 13:45:13    -2887.238326        0.288799
BFGS:   38 13:45:14    -2887.264448        0.453369
BFGS:   39 13:45:14    -2887.300509        0.608304
BFGS:   40 13:45:15    -2887.353367        0.736258
BFGS:   41 13:45:15    -2887.421916        0.935487
BFGS:   42 13:45:16    -2887.516389        0.828379
BFGS:   43 13:45:17    -2887.619442        0.884608
BFGS:   44 13:45:17    -2887.745171        0.751621
BFGS:   45 13:45:18    -2887.849329        0.857930
BFGS:   46 13:45:19    -2887.914176        0.541234
BFGS:   47 13:45:19    -2887.978510        0.571019
BFGS:   48 13:45:20    -2888.057569        0.696505
BFGS:   49 13:45:21    -2888.141301        0.855482
BFGS:   50 13:45:21    -2888.199136        0.676899
BFGS:   51 13:45:22    -2888.258957        0.562229
BFGS:   52 13:45:23    -2888.326570        0.438759
BFGS:   53 13:45:23    -2888.377427        0.604398
BFGS:   54 13:45:24    -2888.426467        0.586986
BFGS:   55 13:45:24    -2888.469297        0.381948
BFGS:   56 13:45:25    -2888.513582        0.411268
BFGS:   57 13:45:26    -2888.554259        0.548739
BFGS:   58 13:45:26    -2888.590575        0.568782
BFGS:   59 13:45:27    -2888.618866        0.514424
BFGS:   60 13:45:28    -2888.644713        0.445300
BFGS:   61 13:45:28    -2888.672120        0.329311
BFGS:   62 13:45:29    -2888.708639        0.346176
BFGS:   63 13:45:30    -2888.730720        0.326194
BFGS:   64 13:45:30    -2888.757137        0.280884
BFGS:   65 13:45:31    -2888.775352        0.298270
BFGS:   66 13:45:31    -2888.794020        0.286744
BFGS:   67 13:45:32    -2888.812794        0.288634
BFGS:   68 13:45:33    -2888.830535        0.210375
BFGS:   69 13:45:33    -2888.845477        0.227158
BFGS:   70 13:45:34    -2888.861348        0.329032
BFGS:   71 13:45:35    -2888.890963        0.795626
BFGS:   72 13:45:36    -2888.877054        1.832859
BFGS:   73 13:45:36    -2888.947677        0.803489
BFGS:   74 13:45:37    -2888.989376        0.863173
BFGS:   75 13:45:38    -2888.823189        2.467909
BFGS:   76 13:45:38    -2889.086416        0.825363
BFGS:   77 13:45:39    -2889.119337        0.623007
BFGS:   78 13:45:40    -2889.134405        1.073692
BFGS:   79 13:45:40    -2889.170317        0.185271
BFGS:   80 13:45:41    -2889.180883        0.173473
BFGS:   81 13:45:42    -2889.206261        0.208381
BFGS:   82 13:45:42    -2889.210929        0.150947
BFGS:   83 13:45:43    -2889.220487        0.149118
BFGS:   84 13:45:43    -2889.224640        0.151545
BFGS:   85 13:45:44    -2889.228667        0.118579
BFGS:   86 13:45:44    -2889.231337        0.104572
BFGS:   87 13:45:45    -2889.233911        0.091021
BFGS:   88 13:45:45    -2889.236229        0.132855
BFGS:   89 13:45:46    -2889.238748        0.163103
BFGS:   90 13:45:46    -2889.241485        0.155165
BFGS:   91 13:45:47    -2889.244047        0.100182
BFGS:   92 13:45:47    -2889.246124        0.096904
BFGS:   93 13:45:48    -2889.247980        0.082854
BFGS:   94 13:45:48    -2889.249965        0.079420
BFGS:   95 13:45:49    -2889.251949        0.077879
BFGS:   96 13:45:49    -2889.253428        0.073839
BFGS:   97 13:45:50    -2889.254415        0.045836
BFGS:   98 13:45:50    -2889.255117        0.042984
BFGS:   99 13:45:51    -2889.255724        0.038434
BFGS:  100 13:45:51    -2889.256219        0.033274
BFGS:  101 13:45:52    -2889.256638        0.035461
BFGS:  102 13:45:52    -2889.257064        0.046351
BFGS:  103 13:45:53    -2889.257574        0.046619
BFGS:  104 13:45:53    -2889.258113        0.042926
BFGS:  105 13:45:54    -2889.258616        0.037525
BFGS:  106 13:45:54    -2889.259115        0.047770
BFGS:  107 13:45:55    -2889.259715        0.053112
BFGS:  108 13:45:55    -2889.260428        0.069879
BFGS:  109 13:45:56    -2889.261132        0.065752
BFGS:  110 13:45:56    -2889.261747        0.046427
BFGS:  111 13:45:57    -2889.262368        0.049212
BFGS:  112 13:45:57    -2889.263119        0.067791
BFGS:  113 13:45:57    -2889.264065        0.072839
BFGS:  114 13:45:58    -2889.265007        0.058798
BFGS:  115 13:45:58    -2889.265856        0.056839
BFGS:  116 13:45:59    -2889.266649        0.065052
BFGS:  117 13:45:59    -2889.267501        0.067453
BFGS:  118 13:46:00    -2889.268460        0.064100
BFGS:  119 13:46:00    -2889.269451        0.066752
BFGS:  120 13:46:01    -2889.270496        0.055722
BFGS:  121 13:46:01    -2889.271547        0.065400
BFGS:  122 13:46:02    -2889.272508        0.063412
BFGS:  123 13:46:02    -2889.273255        0.063846
BFGS:  124 13:46:02    -2889.273883        0.053878
BFGS:  125 13:46:03    -2889.274481        0.043984
BFGS:  126 13:46:03    -2889.275147        0.051196
BFGS:  127 13:46:04    -2889.275789        0.054664
BFGS:  128 13:46:04    -2889.276380        0.042101
BFGS:  129 13:46:04    -2889.276976        0.047292
BFGS:  130 13:46:05    -2889.277701        0.051820
BFGS:  131 13:46:05    -2889.278742        0.091924
BFGS:  132 13:46:06    -2889.280166        0.121380
BFGS:  133 13:46:06    -2889.281895        0.117512
BFGS:  134 13:46:07    -2889.283696        0.080855
BFGS:  135 13:46:07    -2889.285305        0.068154
BFGS:  136 13:46:08    -2889.286633        0.051506
BFGS:  137 13:46:08    -2889.287788        0.059883
BFGS:  138 13:46:08    -2889.288940        0.066728
BFGS:  139 13:46:09    -2889.290067        0.074940
BFGS:  140 13:46:09    -2889.291022        0.053133
BFGS:  141 13:46:10    -2889.291735        0.069042
BFGS:  142 13:46:10    -2889.292341        0.050721
BFGS:  143 13:46:11    -2889.293030        0.062275
BFGS:  144 13:46:11    -2889.293857        0.063594
BFGS:  145 13:46:11    -2889.294597        0.051121
BFGS:  146 13:46:12    -2889.295322        0.045962
BFGS:  147 13:46:12    -2889.296030        0.052500
BFGS:  148 13:46:13    -2889.296745        0.052486
BFGS:  149 13:46:13    -2889.297442        0.049923
BFGS:  150 13:46:14    -2889.298087        0.045260
BFGS:  151 13:46:14    -2889.298720        0.047858
BFGS:  152 13:46:15    -2889.299359        0.055765
BFGS:  153 13:46:15    -2889.299948        0.045133
BFGS:  154 13:46:16    -2889.300375        0.026032
BFGS:  155 13:46:16    -2889.300677        0.030316
BFGS:  156 13:46:16    -2889.300909        0.033181
BFGS:  157 13:46:17    -2889.301108        0.026652
BFGS:  158 13:46:17    -2889.301265        0.019685
BFGS:  159 13:46:17    -2889.301391        0.018367
BFGS:  160 13:46:18    -2889.301500        0.023171
BFGS:  161 13:46:18    -2889.301592        0.026006
BFGS:  162 13:46:19    -2889.301667        0.016397
BFGS:  163 13:46:19    -2889.301722        0.012564
BFGS:  164 13:46:19    -2889.301779        0.015428
BFGS:  165 13:46:20    -2889.301859        0.019940
BFGS:  166 13:46:20    -2889.301964        0.019884
BFGS:  167 13:46:20    -2889.302079        0.018132
BFGS:  168 13:46:21    -2889.302189        0.018458
BFGS:  169 13:46:21    -2889.302303        0.018643
BFGS:  170 13:46:22    -2889.302439        0.021788
BFGS:  171 13:46:22    -2889.302625        0.026270
BFGS:  172 13:46:22    -2889.302871        0.032416
BFGS:  173 13:46:23    -2889.303158        0.038162
BFGS:  174 13:46:23    -2889.303491        0.034339
BFGS:  175 13:46:23    -2889.303867        0.032868
BFGS:  176 13:46:24    -2889.304317        0.034196
BFGS:  177 13:46:24    -2889.304798        0.040628
BFGS:  178 13:46:25    -2889.305381        0.053389
BFGS:  179 13:46:25    -2889.305892        0.053904
BFGS:  180 13:46:25    -2889.306316        0.048032
BFGS:  181 13:46:26    -2889.306613        0.045269
BFGS:  182 13:46:26    -2889.306795        0.026821
BFGS:  183 13:46:27    -2889.306957        0.025515
BFGS:  184 13:46:27    -2889.307098        0.026487
BFGS:  185 13:46:27    -2889.307213        0.019587
BFGS:  186 13:46:28    -2889.307284        0.013844
BFGS:  187 13:46:28    -2889.307340        0.013511
BFGS:  188 13:46:28    -2889.307406        0.014763
BFGS:  189 13:46:29    -2889.307492        0.020534
BFGS:  190 13:46:29    -2889.307588        0.022721
BFGS:  191 13:46:29    -2889.307688        0.019643
BFGS:  192 13:46:30    -2889.307793        0.023374
BFGS:  193 13:46:30    -2889.307927        0.031101
BFGS:  194 13:46:31    -2889.308128        0.035137
BFGS:  195 13:46:31    -2889.308416        0.048322
BFGS:  196 13:46:31    -2889.308787        0.044905
BFGS:  197 13:46:32    -2889.309209        0.041348
BFGS:  198 13:46:32    -2889.309669        0.049977
BFGS:  199 13:46:33    -2889.310202        0.051731
BFGS:  200 13:46:33    -2889.310806        0.054128
