      Step     Time          Energy          fmax
BFGS:    0 14:26:41    -2316.684956       16.873215
BFGS:    1 14:26:42    -2325.100906        9.102129
BFGS:    2 14:26:42    -2329.928723       12.077153
BFGS:    3 14:26:43    -2331.232795        5.926158
BFGS:    4 14:26:43    -2332.149193        3.449407
BFGS:    5 14:26:44    -2333.083209        4.255806
BFGS:    6 14:26:44    -2333.488025        2.223661
BFGS:    7 14:26:45    -2333.859193        1.002800
BFGS:    8 14:26:45    -2334.004680        0.996731
BFGS:    9 14:26:46    -2334.228963        1.186433
BFGS:   10 14:26:46    -2334.334639        1.025367
BFGS:   11 14:26:46    -2334.494470        0.962749
BFGS:   12 14:26:47    -2334.825181        1.401675
BFGS:   13 14:26:47    -2335.162589        2.041549
BFGS:   14 14:26:48    -2335.413373        2.112410
BFGS:   15 14:26:48    -2335.917552        1.423707
BFGS:   16 14:26:48    -2336.180114        0.935620
BFGS:   17 14:26:49    -2336.401832        1.342607
BFGS:   18 14:26:49    -2336.793762        2.299281
BFGS:   19 14:26:50    -2337.550835        5.841612
BFGS:   20 14:26:50    -2337.650336        6.045613
BFGS:   21 14:26:50    -2338.682318        4.737509
BFGS:   22 14:26:51    -2339.865931        4.988336
BFGS:   23 14:26:51    -2340.999400        3.353424
BFGS:   24 14:26:52    -2341.721505        4.377735
BFGS:   25 14:26:52    -2342.082719        3.133300
BFGS:   26 14:26:52    -2342.315908        1.328493
BFGS:   27 14:26:53    -2342.476459        0.654364
BFGS:   28 14:26:53    -2342.639071        0.858810
BFGS:   29 14:26:53    -2342.743870        1.007811
BFGS:   30 14:26:54    -2342.860625        0.649707
BFGS:   31 14:26:54    -2342.943645        0.900599
BFGS:   32 14:26:54    -2343.017107        0.652232
BFGS:   33 14:26:54    -2343.068701        0.455277
BFGS:   34 14:26:55    -2343.120616        0.335255
BFGS:   35 14:26:55    -2343.158047        0.276979
BFGS:   36 14:26:55    -2343.184849        0.324089
BFGS:   37 14:26:56    -2343.201348        0.237833
BFGS:   38 14:26:56    -2343.213717        0.196707
BFGS:   39 14:26:56    -2343.224587        0.228803
BFGS:   40 14:26:57    -2343.233594        0.205114
BFGS:   41 14:26:57    -2343.240476        0.140406
BFGS:   42 14:26:57    -2343.244431        0.102742
BFGS:   43 14:26:57    -2343.246457        0.078309
BFGS:   44 14:26:58    -2343.247907        0.074083
BFGS:   45 14:26:58    -2343.249357        0.081339
BFGS:   46 14:26:58    -2343.250974        0.078321
BFGS:   47 14:26:58    -2343.252644        0.080192
BFGS:   48 14:26:59    -2343.254425        0.078217
BFGS:   49 14:26:59    -2343.256403        0.098359
BFGS:   50 14:26:59    -2343.258827        0.130382
BFGS:   51 14:26:59    -2343.262062        0.139516
BFGS:   52 14:27:00    -2343.266528        0.168733
BFGS:   53 14:27:00    -2343.272455        0.188946
BFGS:   54 14:27:00    -2343.279524        0.228942
BFGS:   55 14:27:01    -2343.286894        0.229626
BFGS:   56 14:27:01    -2343.294210        0.270582
BFGS:   57 14:27:01    -2343.301841        0.250333
BFGS:   58 14:27:01    -2343.310796        0.202872
BFGS:   59 14:27:02    -2343.322081        0.271708
BFGS:   60 14:27:02    -2343.337006        0.284981
BFGS:   61 14:27:02    -2343.354846        0.333136
BFGS:   62 14:27:03    -2343.373094        0.368507
BFGS:   63 14:27:03    -2343.396758        0.444807
BFGS:   64 14:27:03    -2343.419372        0.508026
BFGS:   65 14:27:04    -2343.443332        0.633877
BFGS:   66 14:27:04    -2343.472585        0.481116
BFGS:   67 14:27:04    -2343.529776        0.737012
BFGS:   68 14:27:05    -2343.656329        1.507278
BFGS:   69 14:27:05    -2343.639820        3.773893
BFGS:   70 14:27:06    -2343.896966        1.483865
BFGS:   71 14:27:06    -2344.036231        1.042988
BFGS:   72 14:27:06    -2343.931338        4.107488
BFGS:   73 14:27:07    -2344.148733        0.424020
BFGS:   74 14:27:07    -2344.178807        0.392321
BFGS:   75 14:27:07    -2344.239545        0.770167
BFGS:   76 14:27:08    -2344.267424        0.673683
BFGS:   77 14:27:08    -2344.303992        0.268790
BFGS:   78 14:27:08    -2344.316023        0.310824
BFGS:   79 14:27:09    -2344.334381        0.395637
BFGS:   80 14:27:09    -2344.347125        0.279096
BFGS:   81 14:27:09    -2344.354951        0.181495
BFGS:   82 14:27:10    -2344.359850        0.191686
BFGS:   83 14:27:10    -2344.363725        0.180484
BFGS:   84 14:27:10    -2344.367899        0.144027
BFGS:   85 14:27:10    -2344.372513        0.136170
BFGS:   86 14:27:11    -2344.377854        0.128661
BFGS:   87 14:27:11    -2344.382082        0.119765
BFGS:   88 14:27:11    -2344.384489        0.116266
BFGS:   89 14:27:11    -2344.386108        0.100229
BFGS:   90 14:27:12    -2344.388105        0.119068
BFGS:   91 14:27:12    -2344.390987        0.148572
BFGS:   92 14:27:12    -2344.394654        0.138004
BFGS:   93 14:27:13    -2344.398703        0.131425
BFGS:   94 14:27:13    -2344.403095        0.129623
BFGS:   95 14:27:13    -2344.408254        0.174918
BFGS:   96 14:27:13    -2344.414528        0.186998
BFGS:   97 14:27:14    -2344.421738        0.178440
BFGS:   98 14:27:14    -2344.428609        0.177571
BFGS:   99 14:27:14    -2344.433845        0.137829
BFGS:  100 14:27:15    -2344.437474        0.165647
BFGS:  101 14:27:15    -2344.440322        0.141213
BFGS:  102 14:27:15    -2344.443093        0.164234
BFGS:  103 14:27:15    -2344.446187        0.105538
BFGS:  104 14:27:16    -2344.449496        0.086628
BFGS:  105 14:27:16    -2344.451079        0.063545
BFGS:  106 14:27:16    -2344.452267        0.068027
BFGS:  107 14:27:16    -2344.453400        0.102913
BFGS:  108 14:27:17    -2344.454920        0.127175
BFGS:  109 14:27:17    -2344.456673        0.111614
BFGS:  110 14:27:17    -2344.458385        0.077326
BFGS:  111 14:27:17    -2344.459934        0.080240
BFGS:  112 14:27:18    -2344.461420        0.084582
BFGS:  113 14:27:18    -2344.462964        0.092917
BFGS:  114 14:27:18    -2344.464640        0.090418
BFGS:  115 14:27:18    -2344.466382        0.080081
BFGS:  116 14:27:19    -2344.468151        0.097347
BFGS:  117 14:27:19    -2344.469939        0.097414
BFGS:  118 14:27:19    -2344.471536        0.075095
BFGS:  119 14:27:19    -2344.472790        0.084114
BFGS:  120 14:27:20    -2344.473550        0.049705
BFGS:  121 14:27:20    -2344.474075        0.051237
BFGS:  122 14:27:20    -2344.474559        0.041935
BFGS:  123 14:27:20    -2344.475130        0.050271
BFGS:  124 14:27:20    -2344.475800        0.061292
BFGS:  125 14:27:21    -2344.476569        0.070806
BFGS:  126 14:27:21    -2344.477199        0.057079
BFGS:  127 14:27:21    -2344.477589        0.035552
BFGS:  128 14:27:21    -2344.477955        0.041301
BFGS:  129 14:27:21    -2344.478362        0.048319
BFGS:  130 14:27:22    -2344.478841        0.038952
BFGS:  131 14:27:22    -2344.479355        0.057003
BFGS:  132 14:27:22    -2344.479838        0.046832
BFGS:  133 14:27:22    -2344.480304        0.055062
BFGS:  134 14:27:22    -2344.480808        0.045871
BFGS:  135 14:27:23    -2344.481372        0.039875
BFGS:  136 14:27:23    -2344.481933        0.049503
BFGS:  137 14:27:23    -2344.482377        0.049753
BFGS:  138 14:27:23    -2344.482649        0.046781
BFGS:  139 14:27:23    -2344.482807        0.034105
BFGS:  140 14:27:24    -2344.482938        0.021508
BFGS:  141 14:27:24    -2344.483085        0.030348
BFGS:  142 14:27:24    -2344.483259        0.042279
BFGS:  143 14:27:24    -2344.483459        0.050210
BFGS:  144 14:27:24    -2344.483679        0.042943
BFGS:  145 14:27:25    -2344.483923        0.036890
BFGS:  146 14:27:25    -2344.484189        0.043712
BFGS:  147 14:27:25    -2344.484487        0.066292
BFGS:  148 14:27:25    -2344.484842        0.093595
BFGS:  149 14:27:25    -2344.485300        0.100487
BFGS:  150 14:27:26    -2344.485871        0.085501
BFGS:  151 14:27:26    -2344.486487        0.052789
BFGS:  152 14:27:26    -2344.487064        0.052816
BFGS:  153 14:27:26    -2344.487591        0.075389
BFGS:  154 14:27:26    -2344.488183        0.079891
BFGS:  155 14:27:27    -2344.488873        0.076149
BFGS:  156 14:27:27    -2344.489534        0.120381
BFGS:  157 14:27:27    -2344.489962        0.105723
BFGS:  158 14:27:27    -2344.490335        0.057345
BFGS:  159 14:27:28    -2344.490619        0.046073
BFGS:  160 14:27:28    -2344.491022        0.035172
BFGS:  161 14:27:28    -2344.491309        0.030251
BFGS:  162 14:27:28    -2344.491678        0.043058
BFGS:  163 14:27:28    -2344.491967        0.037696
BFGS:  164 14:27:28    -2344.492246        0.034037
BFGS:  165 14:27:29    -2344.492478        0.026432
BFGS:  166 14:27:29    -2344.492674        0.024562
BFGS:  167 14:27:29    -2344.492824        0.024572
BFGS:  168 14:27:29    -2344.492953        0.022140
BFGS:  169 14:27:29    -2344.493068        0.021441
BFGS:  170 14:27:30    -2344.493161        0.021851
BFGS:  171 14:27:30    -2344.493222        0.022506
BFGS:  172 14:27:30    -2344.493260        0.016421
BFGS:  173 14:27:30    -2344.493293        0.013570
BFGS:  174 14:27:30    -2344.493330        0.013685
BFGS:  175 14:27:30    -2344.493365        0.011729
BFGS:  176 14:27:31    -2344.493387        0.011108
BFGS:  177 14:27:31    -2344.493400        0.010946
BFGS:  178 14:27:31    -2344.493413        0.010943
BFGS:  179 14:27:31    -2344.493434        0.012132
BFGS:  180 14:27:31    -2344.493464        0.015616
BFGS:  181 14:27:31    -2344.493498        0.014773
BFGS:  182 14:27:32    -2344.493525        0.009482
