      Step     Time          Energy          fmax
BFGS:    0 14:15:40    -2485.043699        4.850736
BFGS:    1 14:15:41    -2487.228798        4.033884
BFGS:    2 14:15:42    -2490.433326        4.307619
BFGS:    3 14:15:43    -2494.244672        6.738620
BFGS:    4 14:15:43    -2496.727295        8.260340
BFGS:    5 14:15:44    -2498.230818        3.605578
BFGS:    6 14:15:45    -2500.222777        3.201231
BFGS:    7 14:15:46    -2501.694075        4.780193
BFGS:    8 14:15:46    -2502.932941        5.463089
BFGS:    9 14:15:47    -2504.467593        5.070362
BFGS:   10 14:15:48    -2507.917653        6.643665
BFGS:   11 14:15:49    -2509.406497        7.099280
BFGS:   12 14:15:49    -2509.993870        4.444721
BFGS:   13 14:15:50    -2510.304620        4.282117
BFGS:   14 14:15:51    -2510.601545        4.428363
BFGS:   15 14:15:51    -2510.789979        4.180408
BFGS:   16 14:15:52    -2511.120240        3.588085
BFGS:   17 14:15:52    -2511.425571        3.233948
BFGS:   18 14:15:53    -2512.326811        4.021736
BFGS:   19 14:15:53    -2513.543304        4.975517
BFGS:   20 14:15:54    -2514.963823        6.536995
BFGS:   21 14:15:54    -2516.366054       10.139361
BFGS:   22 14:15:55    -2517.222972       11.286202
BFGS:   23 14:15:55    -2520.866446        8.606310
BFGS:   24 14:15:56    -2527.004101        6.579625
BFGS:   25 14:15:56    -2529.315457        4.240343
BFGS:   26 14:15:57    -2530.497181        3.188137
BFGS:   27 14:15:57    -2531.334664        3.348714
BFGS:   28 14:15:57    -2531.658267        2.702860
BFGS:   29 14:15:58    -2531.863838        2.412325
BFGS:   30 14:15:58    -2531.974055        2.558422
BFGS:   31 14:15:58    -2532.042492        2.702171
BFGS:   32 14:15:59    -2532.091676        2.612485
BFGS:   33 14:15:59    -2532.131058        2.505670
BFGS:   34 14:15:59    -2532.160943        2.386551
BFGS:   35 14:15:59    -2532.178918        2.334573
BFGS:   36 14:16:00    -2532.196990        2.422050
BFGS:   37 14:16:00    -2532.211984        2.513645
BFGS:   38 14:16:00    -2532.227636        2.617987
BFGS:   39 14:16:00    -2532.243763        2.641987
BFGS:   40 14:16:01    -2532.261505        2.537534
BFGS:   41 14:16:01    -2532.278559        2.309469
BFGS:   42 14:16:01    -2532.293195        2.113239
BFGS:   43 14:16:02    -2532.304854        1.940369
BFGS:   44 14:16:02    -2532.315802        1.856604
BFGS:   45 14:16:02    -2532.327606        1.858037
BFGS:   46 14:16:02    -2532.341580        1.938592
BFGS:   47 14:16:03    -2532.361508        2.048758
BFGS:   48 14:16:03    -2532.399224        2.219621
BFGS:   49 14:16:03    -2532.469694        2.421760
BFGS:   50 14:16:04    -2532.553618        2.510156
BFGS:   51 14:16:04    -2532.701555        2.487534
BFGS:   52 14:16:04    -2532.973706        2.329837
BFGS:   53 14:16:05    -2533.227420        2.319832
BFGS:   54 14:16:05    -2533.339751        2.114493
BFGS:   55 14:16:05    -2533.437903        2.030627
BFGS:   56 14:16:05    -2533.498069        2.087024
BFGS:   57 14:16:05    -2533.561631        2.334591
BFGS:   58 14:16:06    -2533.611415        2.505904
BFGS:   59 14:16:06    -2533.639310        2.529422
BFGS:   60 14:16:06    -2533.658049        2.488434
BFGS:   61 14:16:06    -2533.672258        2.453047
BFGS:   62 14:16:06    -2533.685161        2.432825
BFGS:   63 14:16:07    -2533.698604        2.476649
BFGS:   64 14:16:07    -2533.713646        2.538861
BFGS:   65 14:16:07    -2533.728962        2.606433
BFGS:   66 14:16:07    -2533.741527        2.638481
BFGS:   67 14:16:08    -2533.751124        2.593262
BFGS:   68 14:16:08    -2533.760463        2.554501
BFGS:   69 14:16:08    -2533.771748        2.504298
BFGS:   70 14:16:08    -2533.784685        2.465781
BFGS:   71 14:16:08    -2533.797940        2.467991
BFGS:   72 14:16:09    -2533.811505        2.457919
BFGS:   73 14:16:09    -2533.825832        2.462966
BFGS:   74 14:16:09    -2533.839480        2.410736
BFGS:   75 14:16:09    -2533.849863        2.366847
BFGS:   76 14:16:09    -2533.856755        2.356207
BFGS:   77 14:16:10    -2533.862366        2.323185
BFGS:   78 14:16:10    -2533.867719        2.312898
BFGS:   79 14:16:10    -2533.871723        2.351215
BFGS:   80 14:16:10    -2533.874180        2.384696
BFGS:   81 14:16:10    -2533.875972        2.393124
BFGS:   82 14:16:11    -2533.877740        2.379834
BFGS:   83 14:16:11    -2533.879464        2.331229
BFGS:   84 14:16:11    -2533.880907        2.279946
BFGS:   85 14:16:11    -2533.882106        2.236445
BFGS:   86 14:16:11    -2533.883312        2.217245
BFGS:   87 14:16:11    -2533.884682        2.212202
BFGS:   88 14:16:11    -2533.886276        2.226952
BFGS:   89 14:16:12    -2533.888227        2.249032
BFGS:   90 14:16:12    -2533.890721        2.272272
BFGS:   91 14:16:12    -2533.893645        2.273115
BFGS:   92 14:16:12    -2533.896504        2.239121
BFGS:   93 14:16:12    -2533.899171        2.198487
BFGS:   94 14:16:13    -2533.902344        2.158696
BFGS:   95 14:16:13    -2533.907096        2.100637
BFGS:   96 14:16:13    -2533.913667        2.052393
BFGS:   97 14:16:13    -2533.920405        1.980583
BFGS:   98 14:16:13    -2533.925551        1.964330
BFGS:   99 14:16:13    -2533.929721        1.996374
BFGS:  100 14:16:14    -2533.934638        2.027508
BFGS:  101 14:16:14    -2533.941260        2.032519
BFGS:  102 14:16:14    -2533.948802        1.984657
BFGS:  103 14:16:14    -2533.956089        1.939827
BFGS:  104 14:16:14    -2533.963730        1.849956
BFGS:  105 14:16:14    -2533.974166        1.858648
BFGS:  106 14:16:15    -2533.989740        1.854680
BFGS:  107 14:16:15    -2534.010417        1.777492
BFGS:  108 14:16:15    -2534.033216        1.735486
BFGS:  109 14:16:15    -2534.054928        1.662161
BFGS:  110 14:16:16    -2534.074873        1.600027
BFGS:  111 14:16:16    -2534.094035        1.485770
BFGS:  112 14:16:16    -2534.113413        1.287371
BFGS:  113 14:16:16    -2534.135112        1.140013
BFGS:  114 14:16:16    -2534.162596        1.002401
BFGS:  115 14:16:17    -2534.195678        1.067838
BFGS:  116 14:16:17    -2534.227982        1.039360
BFGS:  117 14:16:17    -2534.254173        0.902550
BFGS:  118 14:16:17    -2534.275969        0.838650
BFGS:  119 14:16:17    -2534.298955        0.827335
BFGS:  120 14:16:18    -2534.324191        0.663299
BFGS:  121 14:16:18    -2534.345569        0.557267
BFGS:  122 14:16:18    -2534.365119        0.301222
BFGS:  123 14:16:18    -2534.382107        0.266452
BFGS:  124 14:16:18    -2534.400719        0.337490
BFGS:  125 14:16:19    -2534.410849        0.340186
BFGS:  126 14:16:19    -2534.420587        0.242321
BFGS:  127 14:16:19    -2534.424940        0.142285
BFGS:  128 14:16:19    -2534.427709        0.106791
BFGS:  129 14:16:19    -2534.429884        0.074296
BFGS:  130 14:16:20    -2534.431881        0.102858
BFGS:  131 14:16:20    -2534.433639        0.073216
BFGS:  132 14:16:20    -2534.434948        0.090153
BFGS:  133 14:16:20    -2534.435789        0.098928
BFGS:  134 14:16:20    -2534.436427        0.089757
BFGS:  135 14:16:20    -2534.437109        0.072475
BFGS:  136 14:16:21    -2534.437909        0.071374
BFGS:  137 14:16:21    -2534.438702        0.061772
BFGS:  138 14:16:21    -2534.439302        0.059002
BFGS:  139 14:16:21    -2534.439702        0.046918
BFGS:  140 14:16:21    -2534.440013        0.034648
BFGS:  141 14:16:21    -2534.440297        0.041020
BFGS:  142 14:16:21    -2534.440535        0.041364
BFGS:  143 14:16:22    -2534.440712        0.033647
BFGS:  144 14:16:22    -2534.440854        0.022005
BFGS:  145 14:16:22    -2534.440989        0.022419
BFGS:  146 14:16:22    -2534.441126        0.023315
BFGS:  147 14:16:22    -2534.441248        0.025360
BFGS:  148 14:16:22    -2534.441349        0.023169
BFGS:  149 14:16:22    -2534.441439        0.027733
BFGS:  150 14:16:22    -2534.441530        0.029876
BFGS:  151 14:16:23    -2534.441617        0.025127
BFGS:  152 14:16:23    -2534.441689        0.013454
BFGS:  153 14:16:23    -2534.441744        0.013159
BFGS:  154 14:16:23    -2534.441789        0.016603
BFGS:  155 14:16:23    -2534.441824        0.017004
BFGS:  156 14:16:23    -2534.441844        0.009261
