      Step     Time          Energy          fmax
BFGS:    0 10:23:09    -2186.496180        4.654709
BFGS:    1 10:23:10    -2187.007856        3.275245
BFGS:    2 10:23:14    -2187.585013        1.115114
BFGS:    3 10:23:15    -2187.634761        1.195094
BFGS:    4 10:23:15    -2187.848265        1.475690
BFGS:    5 10:23:16    -2188.085251        1.280461
BFGS:    6 10:23:16    -2188.262538        0.918242
BFGS:    7 10:23:17    -2188.375768        0.532916
BFGS:    8 10:23:17    -2188.434587        0.187800
BFGS:    9 10:23:18    -2188.449668        0.036153
BFGS:   10 10:23:18    -2188.450430        0.059182
BFGS:   11 10:23:18    -2188.450631        0.053235
BFGS:   12 10:23:18    -2188.450832        0.026399
BFGS:   13 10:23:19    -2188.450880        0.007098
      Step     Time          Energy          fmax
BFGS:    0 12:55:57    -2160.744799       14.383083
BFGS:    1 12:55:58    -2167.516976        5.565152
BFGS:    2 12:55:58    -2173.151927        7.510099
BFGS:    3 12:55:58    -2178.571257       21.451700
BFGS:    4 12:55:59    -2180.784580       24.877043
BFGS:    5 12:55:59    -2185.273294        9.017479
BFGS:    6 12:56:00    -2187.565944        4.621408
BFGS:    7 12:56:00    -2188.940346        2.737196
BFGS:    8 12:56:00    -2189.411921        2.717201
BFGS:    9 12:56:01    -2189.903224        1.599096
BFGS:   10 12:56:01    -2190.357103        2.135680
BFGS:   11 12:56:02    -2190.906347        3.201819
BFGS:   12 12:56:02    -2191.520029        3.444939
BFGS:   13 12:56:02    -2191.968675        4.192130
BFGS:   14 12:56:03    -2192.610058        2.523801
BFGS:   15 12:56:03    -2193.000063        1.058577
BFGS:   16 12:56:03    -2193.212467        1.300130
BFGS:   17 12:56:04    -2193.314051        0.630145
BFGS:   18 12:56:04    -2193.409345        0.585101
BFGS:   19 12:56:04    -2193.492138        0.600244
BFGS:   20 12:56:05    -2193.554594        0.684535
BFGS:   21 12:56:05    -2193.599431        0.454969
BFGS:   22 12:56:05    -2193.633901        0.435740
BFGS:   23 12:56:06    -2193.659131        0.497963
BFGS:   24 12:56:06    -2193.673740        0.343326
BFGS:   25 12:56:06    -2193.680466        0.217152
BFGS:   26 12:56:06    -2193.684090        0.150218
BFGS:   27 12:56:06    -2193.686863        0.134699
BFGS:   28 12:56:07    -2193.688838        0.096213
BFGS:   29 12:56:07    -2193.690537        0.082637
BFGS:   30 12:56:07    -2193.692628        0.103483
BFGS:   31 12:56:07    -2193.695675        0.121387
BFGS:   32 12:56:08    -2193.699755        0.161122
BFGS:   33 12:56:08    -2193.704836        0.145883
BFGS:   34 12:56:08    -2193.710441        0.152493
BFGS:   35 12:56:08    -2193.715710        0.164641
BFGS:   36 12:56:08    -2193.720502        0.152397
BFGS:   37 12:56:09    -2193.725449        0.132448
BFGS:   38 12:56:09    -2193.731913        0.141045
BFGS:   39 12:56:09    -2193.739452        0.154904
BFGS:   40 12:56:09    -2193.746966        0.162216
BFGS:   41 12:56:10    -2193.752966        0.150777
BFGS:   42 12:56:10    -2193.758323        0.142297
BFGS:   43 12:56:10    -2193.764363        0.144189
BFGS:   44 12:56:10    -2193.770956        0.152219
BFGS:   45 12:56:10    -2193.776598        0.123680
BFGS:   46 12:56:11    -2193.780799        0.111503
BFGS:   47 12:56:11    -2193.784569        0.118847
BFGS:   48 12:56:11    -2193.788818        0.127529
BFGS:   49 12:56:11    -2193.793219        0.142593
BFGS:   50 12:56:12    -2193.797336        0.113440
BFGS:   51 12:56:12    -2193.801309        0.126422
BFGS:   52 12:56:12    -2193.805342        0.145914
BFGS:   53 12:56:12    -2193.809288        0.103466
BFGS:   54 12:56:12    -2193.812929        0.136850
BFGS:   55 12:56:13    -2193.816669        0.149575
BFGS:   56 12:56:13    -2193.821525        0.187641
BFGS:   57 12:56:13    -2193.828966        0.251806
BFGS:   58 12:56:13    -2193.840122        0.239673
BFGS:   59 12:56:13    -2193.854871        0.268752
BFGS:   60 12:56:14    -2193.872076        0.257279
BFGS:   61 12:56:14    -2193.891646        0.288739
BFGS:   62 12:56:14    -2193.914447        0.382308
BFGS:   63 12:56:14    -2193.940199        0.304578
BFGS:   64 12:56:15    -2193.965172        0.302261
BFGS:   65 12:56:15    -2193.982858        0.248394
BFGS:   66 12:56:15    -2193.989150        0.255847
BFGS:   67 12:56:15    -2193.998527        0.191885
BFGS:   68 12:56:16    -2194.002659        0.119026
BFGS:   69 12:56:16    -2194.007701        0.156731
BFGS:   70 12:56:16    -2194.010736        0.181738
BFGS:   71 12:56:16    -2194.014825        0.132987
BFGS:   72 12:56:16    -2194.017479        0.096463
BFGS:   73 12:56:17    -2194.019836        0.107095
BFGS:   74 12:56:17    -2194.022318        0.181789
BFGS:   75 12:56:17    -2194.025484        0.214354
BFGS:   76 12:56:17    -2194.028609        0.154644
BFGS:   77 12:56:18    -2194.031130        0.079994
BFGS:   78 12:56:18    -2194.032929        0.075397
BFGS:   79 12:56:18    -2194.034225        0.118220
BFGS:   80 12:56:18    -2194.035101        0.090173
BFGS:   81 12:56:18    -2194.035613        0.038057
BFGS:   82 12:56:18    -2194.035944        0.032973
BFGS:   83 12:56:19    -2194.036245        0.055609
BFGS:   84 12:56:19    -2194.036573        0.064510
BFGS:   85 12:56:19    -2194.036944        0.046455
BFGS:   86 12:56:19    -2194.037417        0.040356
BFGS:   87 12:56:19    -2194.038147        0.063082
BFGS:   88 12:56:20    -2194.039426        0.115026
BFGS:   89 12:56:20    -2194.041565        0.168718
BFGS:   90 12:56:20    -2194.044434        0.165400
BFGS:   91 12:56:21    -2194.047244        0.111325
BFGS:   92 12:56:21    -2194.049443        0.090371
BFGS:   93 12:56:21    -2194.051285        0.102120
BFGS:   94 12:56:21    -2194.053420        0.145496
BFGS:   95 12:56:22    -2194.055479        0.121847
BFGS:   96 12:56:22    -2194.056763        0.056156
BFGS:   97 12:56:22    -2194.057405        0.045699
BFGS:   98 12:56:22    -2194.057931        0.051374
BFGS:   99 12:56:22    -2194.058675        0.078372
BFGS:  100 12:56:23    -2194.059656        0.091363
BFGS:  101 12:56:23    -2194.060611        0.065355
BFGS:  102 12:56:23    -2194.061257        0.035360
BFGS:  103 12:56:23    -2194.061676        0.028146
BFGS:  104 12:56:24    -2194.061990        0.032749
BFGS:  105 12:56:24    -2194.062217        0.022390
BFGS:  106 12:56:24    -2194.062354        0.015140
BFGS:  107 12:56:24    -2194.062431        0.015202
BFGS:  108 12:56:24    -2194.062495        0.015669
BFGS:  109 12:56:25    -2194.062569        0.016120
BFGS:  110 12:56:25    -2194.062645        0.016990
BFGS:  111 12:56:25    -2194.062709        0.019898
BFGS:  112 12:56:25    -2194.062758        0.014535
BFGS:  113 12:56:26    -2194.062803        0.012544
BFGS:  114 12:56:26    -2194.062857        0.014553
BFGS:  115 12:56:26    -2194.062921        0.021572
BFGS:  116 12:56:26    -2194.062999        0.022459
BFGS:  117 12:56:26    -2194.063091        0.024034
BFGS:  118 12:56:27    -2194.063221        0.027030
BFGS:  119 12:56:27    -2194.063410        0.032819
BFGS:  120 12:56:27    -2194.063690        0.042873
BFGS:  121 12:56:27    -2194.064169        0.053733
BFGS:  122 12:56:28    -2194.064983        0.077752
BFGS:  123 12:56:28    -2194.066795        0.142276
BFGS:  124 12:56:28    -2194.069306        0.203916
BFGS:  125 12:56:29    -2194.074047        0.192623
BFGS:  126 12:56:29    -2194.086811        0.280528
BFGS:  127 12:56:29    -2194.094353        0.296840
BFGS:  128 12:56:30    -2194.099826        0.403386
BFGS:  129 12:56:30    -2194.107113        0.405182
BFGS:  130 12:56:30    -2194.123843        0.180254
BFGS:  131 12:56:31    -2194.131427        0.160828
BFGS:  132 12:56:31    -2194.148626        0.363296
BFGS:  133 12:56:31    -2194.156883        0.375357
BFGS:  134 12:56:32    -2194.175779        0.386820
BFGS:  135 12:56:32    -2194.233782        0.442572
BFGS:  136 12:56:32    -2194.257383        0.603205
BFGS:  137 12:56:33    -2194.303982        0.549051
BFGS:  138 12:56:33    -2194.337580        0.483795
BFGS:  139 12:56:33    -2194.368962        0.328106
BFGS:  140 12:56:33    -2194.386387        0.286205
BFGS:  141 12:56:34    -2194.414886        0.330865
BFGS:  142 12:56:34    -2194.428821        0.265423
BFGS:  143 12:56:34    -2194.438518        0.183701
BFGS:  144 12:56:35    -2194.445121        0.239963
BFGS:  145 12:56:35    -2194.452197        0.185703
BFGS:  146 12:56:35    -2194.458887        0.197015
BFGS:  147 12:56:35    -2194.466554        0.210526
BFGS:  148 12:56:36    -2194.472069        0.247481
BFGS:  149 12:56:36    -2194.477790        0.224823
BFGS:  150 12:56:36    -2194.484993        0.142032
BFGS:  151 12:56:36    -2194.489078        0.107883
BFGS:  152 12:56:37    -2194.490621        0.129069
BFGS:  153 12:56:37    -2194.492625        0.117845
BFGS:  154 12:56:37    -2194.497312        0.160135
BFGS:  155 12:56:37    -2194.503014        0.184145
BFGS:  156 12:56:38    -2194.510666        0.171079
BFGS:  157 12:56:38    -2194.517781        0.182432
BFGS:  158 12:56:38    -2194.524749        0.161638
BFGS:  159 12:56:38    -2194.531767        0.154285
BFGS:  160 12:56:39    -2194.537980        0.151834
BFGS:  161 12:56:39    -2194.542195        0.106134
BFGS:  162 12:56:39    -2194.544421        0.082035
BFGS:  163 12:56:39    -2194.545678        0.053915
BFGS:  164 12:56:40    -2194.546812        0.054353
BFGS:  165 12:56:40    -2194.547871        0.053056
BFGS:  166 12:56:40    -2194.548754        0.047627
BFGS:  167 12:56:40    -2194.549614        0.050802
BFGS:  168 12:56:40    -2194.550587        0.051545
BFGS:  169 12:56:41    -2194.551612        0.054844
BFGS:  170 12:56:41    -2194.552585        0.049882
BFGS:  171 12:56:41    -2194.553535        0.047689
BFGS:  172 12:56:41    -2194.554522        0.058687
BFGS:  173 12:56:41    -2194.555476        0.059256
BFGS:  174 12:56:41    -2194.556217        0.049499
BFGS:  175 12:56:42    -2194.556750        0.044196
BFGS:  176 12:56:42    -2194.557228        0.039493
BFGS:  177 12:56:42    -2194.557762        0.039695
BFGS:  178 12:56:42    -2194.558309        0.040183
BFGS:  179 12:56:42    -2194.558797        0.046006
BFGS:  180 12:56:43    -2194.559242        0.039642
BFGS:  181 12:56:43    -2194.559722        0.049498
BFGS:  182 12:56:43    -2194.560265        0.044672
BFGS:  183 12:56:43    -2194.560835        0.040209
BFGS:  184 12:56:43    -2194.561375        0.037817
BFGS:  185 12:56:44    -2194.561871        0.038397
BFGS:  186 12:56:44    -2194.562338        0.038517
BFGS:  187 12:56:44    -2194.562776        0.033273
BFGS:  188 12:56:44    -2194.563159        0.033570
BFGS:  189 12:56:44    -2194.563525        0.032697
BFGS:  190 12:56:45    -2194.563890        0.033789
BFGS:  191 12:56:45    -2194.564240        0.031602
BFGS:  192 12:56:45    -2194.564534        0.029366
BFGS:  193 12:56:45    -2194.564816        0.033636
BFGS:  194 12:56:45    -2194.565169        0.039603
BFGS:  195 12:56:45    -2194.565716        0.053453
BFGS:  196 12:56:46    -2194.566486        0.055415
BFGS:  197 12:56:46    -2194.567330        0.058244
BFGS:  198 12:56:46    -2194.568008        0.075733
BFGS:  199 12:56:46    -2194.568383        0.069587
BFGS:  200 12:56:46    -2194.568949        0.052633
