      Step     Time          Energy          fmax
BFGS:    0 21:14:44    -2423.729350        7.751339
BFGS:    1 21:14:45    -2426.651398        4.610573
BFGS:    2 21:14:47    -2430.195772        4.282171
BFGS:    3 21:14:48    -2434.121847        5.711140
BFGS:    4 21:14:49    -2437.010080        7.230299
BFGS:    5 21:14:51    -2438.789645        8.606922
BFGS:    6 21:14:52    -2440.881844        4.028720
BFGS:    7 21:14:53    -2442.409698        2.753544
BFGS:    8 21:14:55    -2443.555149        2.667841
BFGS:    9 21:14:56    -2443.945113        2.263270
BFGS:   10 21:14:57    -2444.153030        3.705064
BFGS:   11 21:14:58    -2444.562202        1.535608
BFGS:   12 21:14:58    -2444.857850        1.236278
BFGS:   13 21:15:00    -2445.307074        2.326415
BFGS:   14 21:15:01    -2445.583002        2.215351
BFGS:   15 21:15:02    -2445.896433        1.601277
BFGS:   16 21:15:03    -2446.113543        1.335912
BFGS:   17 21:15:04    -2446.441648        2.493459
BFGS:   18 21:15:05    -2446.542076        3.633291
BFGS:   19 21:15:06    -2446.790722        1.549052
BFGS:   20 21:15:06    -2446.965968        2.082309
BFGS:   21 21:15:07    -2447.052251        3.836920
BFGS:   22 21:15:08    -2447.191127        1.572173
BFGS:   23 21:15:09    -2447.301260        1.375162
BFGS:   24 21:15:10    -2447.353086        0.836065
BFGS:   25 21:15:11    -2447.381421        0.344125
BFGS:   26 21:15:12    -2447.415197        0.553068
BFGS:   27 21:15:13    -2447.479274        0.993399
BFGS:   28 21:15:14    -2447.570146        1.205370
BFGS:   29 21:15:15    -2447.771061        1.608543
BFGS:   30 21:15:16    -2448.115634        2.841672
BFGS:   31 21:15:17    -2448.166680        5.551617
BFGS:   32 21:15:18    -2448.596660        3.756471
BFGS:   33 21:15:19    -2449.033516        3.539874
BFGS:   34 21:15:20    -2449.984803        4.177544
BFGS:   35 21:15:21    -2451.073131        4.837250
BFGS:   36 21:15:22    -2451.203637        6.497044
BFGS:   37 21:15:23    -2452.720845        4.147298
BFGS:   38 21:15:24    -2453.461440        2.610317
BFGS:   39 21:15:25    -2453.795031        7.571278
BFGS:   40 21:15:25    -2454.243691        1.543533
BFGS:   41 21:15:26    -2454.426929        1.020842
BFGS:   42 21:15:27    -2454.851804        1.101725
BFGS:   43 21:15:28    -2455.196102        2.576273
BFGS:   44 21:15:28    -2455.408356        1.253559
BFGS:   45 21:15:29    -2455.606637        0.787549
BFGS:   46 21:15:30    -2455.779317        1.218001
BFGS:   47 21:15:30    -2455.910101        0.817642
BFGS:   48 21:15:31    -2456.018554        0.628944
BFGS:   49 21:15:32    -2456.080458        0.544084
BFGS:   50 21:15:32    -2456.137227        0.575109
BFGS:   51 21:15:33    -2456.186569        0.467944
BFGS:   52 21:15:34    -2456.231456        0.337104
BFGS:   53 21:15:34    -2456.269790        0.369330
BFGS:   54 21:15:35    -2456.300355        0.319388
BFGS:   55 21:15:36    -2456.327968        0.345253
BFGS:   56 21:15:36    -2456.352359        0.217733
BFGS:   57 21:15:37    -2456.368551        0.279347
BFGS:   58 21:15:37    -2456.379986        0.274280
BFGS:   59 21:15:38    -2456.390662        0.257377
BFGS:   60 21:15:38    -2456.399781        0.176916
BFGS:   61 21:15:39    -2456.407854        0.142097
BFGS:   62 21:15:40    -2456.415161        0.183907
BFGS:   63 21:15:40    -2456.423192        0.196561
BFGS:   64 21:15:41    -2456.431296        0.201051
BFGS:   65 21:15:41    -2456.437849        0.167989
BFGS:   66 21:15:42    -2456.442365        0.164071
BFGS:   67 21:15:42    -2456.446063        0.120210
BFGS:   68 21:15:43    -2456.450481        0.139277
BFGS:   69 21:15:43    -2456.455805        0.159823
BFGS:   70 21:15:44    -2456.460514        0.154085
BFGS:   71 21:15:44    -2456.463940        0.124862
BFGS:   72 21:15:45    -2456.467166        0.137678
BFGS:   73 21:15:45    -2456.471481        0.176350
BFGS:   74 21:15:46    -2456.476997        0.212326
BFGS:   75 21:15:46    -2456.482682        0.179304
BFGS:   76 21:15:47    -2456.487603        0.143892
BFGS:   77 21:15:47    -2456.491572        0.138663
BFGS:   78 21:15:48    -2456.494954        0.109041
BFGS:   79 21:15:48    -2456.497946        0.106676
BFGS:   80 21:15:49    -2456.500499        0.088061
BFGS:   81 21:15:49    -2456.503104        0.123231
BFGS:   82 21:15:50    -2456.506543        0.138642
BFGS:   83 21:15:50    -2456.511096        0.193440
BFGS:   84 21:15:50    -2456.516545        0.220403
BFGS:   85 21:15:51    -2456.522636        0.167006
BFGS:   86 21:15:51    -2456.529710        0.194977
BFGS:   87 21:15:52    -2456.538494        0.286910
BFGS:   88 21:15:53    -2456.548867        0.296864
BFGS:   89 21:15:53    -2456.558678        0.252574
BFGS:   90 21:15:54    -2456.565893        0.134742
BFGS:   91 21:15:54    -2456.570891        0.115057
BFGS:   92 21:15:55    -2456.575167        0.181673
BFGS:   93 21:15:55    -2456.579720        0.184129
BFGS:   94 21:15:56    -2456.584550        0.143877
BFGS:   95 21:15:56    -2456.589331        0.108509
BFGS:   96 21:15:57    -2456.593776        0.159507
BFGS:   97 21:15:57    -2456.598053        0.162373
BFGS:   98 21:15:58    -2456.602604        0.147598
BFGS:   99 21:15:58    -2456.607990        0.181615
BFGS:  100 21:15:59    -2456.613995        0.148290
BFGS:  101 21:15:59    -2456.620596        0.173542
BFGS:  102 21:16:00    -2456.627746        0.192149
BFGS:  103 21:16:01    -2456.635533        0.203041
BFGS:  104 21:16:01    -2456.642159        0.162134
BFGS:  105 21:16:02    -2456.646440        0.086525
BFGS:  106 21:16:02    -2456.648911        0.094508
BFGS:  107 21:16:03    -2456.651058        0.095721
BFGS:  108 21:16:04    -2456.653770        0.138744
BFGS:  109 21:16:04    -2456.658035        0.158427
BFGS:  110 21:16:05    -2456.687429        0.634415
BFGS:  111 21:16:06    -2456.872977        1.693710
BFGS:  112 21:16:07    -2456.936180        1.249183
BFGS:  113 21:16:08    -2457.049567        1.552177
BFGS:  114 21:16:08    -2457.167160        0.557150
BFGS:  115 21:16:09    -2457.248169        0.892880
BFGS:  116 21:16:10    -2457.289433        0.547275
BFGS:  117 21:16:10    -2457.311824        0.494434
BFGS:  118 21:16:11    -2457.329546        0.641505
BFGS:  119 21:16:12    -2457.350429        0.463617
BFGS:  120 21:16:12    -2457.372626        0.467561
BFGS:  121 21:16:13    -2457.398556        0.369354
BFGS:  122 21:16:14    -2457.424917        0.377043
BFGS:  123 21:16:14    -2457.470240        0.788658
BFGS:  124 21:16:15    -2457.499251        0.582446
BFGS:  125 21:16:16    -2457.528424        0.620794
BFGS:  126 21:16:16    -2457.544156        0.319240
BFGS:  127 21:16:17    -2457.566419        0.384228
BFGS:  128 21:16:17    -2457.581364        0.287354
BFGS:  129 21:16:18    -2457.594428        0.286640
BFGS:  130 21:16:19    -2457.609729        0.257372
BFGS:  131 21:16:19    -2457.622765        0.268429
BFGS:  132 21:16:20    -2457.633469        0.339222
BFGS:  133 21:16:20    -2457.641291        0.250933
BFGS:  134 21:16:21    -2457.648136        0.206143
BFGS:  135 21:16:21    -2457.653591        0.132512
BFGS:  136 21:16:22    -2457.658899        0.122619
BFGS:  137 21:16:23    -2457.662880        0.097984
BFGS:  138 21:16:23    -2457.665830        0.088191
BFGS:  139 21:16:23    -2457.668111        0.076351
BFGS:  140 21:16:24    -2457.670256        0.075726
BFGS:  141 21:16:24    -2457.671849        0.104983
BFGS:  142 21:16:25    -2457.673082        0.105914
BFGS:  143 21:16:25    -2457.674196        0.099533
BFGS:  144 21:16:26    -2457.675311        0.075587
BFGS:  145 21:16:26    -2457.676319        0.064207
BFGS:  146 21:16:26    -2457.677061        0.054522
BFGS:  147 21:16:27    -2457.677578        0.046437
BFGS:  148 21:16:27    -2457.677964        0.038990
BFGS:  149 21:16:28    -2457.678263        0.039609
BFGS:  150 21:16:28    -2457.678466        0.043791
BFGS:  151 21:16:28    -2457.678611        0.041350
BFGS:  152 21:16:29    -2457.678749        0.030052
BFGS:  153 21:16:29    -2457.678890        0.025169
BFGS:  154 21:16:29    -2457.679010        0.019210
BFGS:  155 21:16:30    -2457.679087        0.014186
BFGS:  156 21:16:30    -2457.679137        0.013119
BFGS:  157 21:16:30    -2457.679184        0.020866
BFGS:  158 21:16:31    -2457.679226        0.018477
BFGS:  159 21:16:31    -2457.679262        0.011961
BFGS:  160 21:16:31    -2457.679289        0.013630
BFGS:  161 21:16:31    -2457.679312        0.014686
BFGS:  162 21:16:32    -2457.679335        0.016331
BFGS:  163 21:16:32    -2457.679356        0.009857
