      Step     Time          Energy          fmax
BFGS:    0 13:12:21    -2877.415463       10.837332
BFGS:    1 13:12:22    -2887.819818        8.913266
BFGS:    2 13:12:22    -2892.380653        7.522939
BFGS:    3 13:12:23    -2894.310379        3.302351
BFGS:    4 13:12:24    -2895.496360        3.027143
BFGS:    5 13:12:24    -2896.327362        2.372665
BFGS:    6 13:12:25    -2896.860221        1.396689
BFGS:    7 13:12:26    -2897.272842        1.435425
BFGS:    8 13:12:26    -2897.650501        1.873566
BFGS:    9 13:12:27    -2898.012453        2.215242
BFGS:   10 13:12:27    -2898.473821        1.500798
BFGS:   11 13:12:28    -2898.799744        1.076668
BFGS:   12 13:12:29    -2899.092843        1.082506
BFGS:   13 13:12:30    -2899.391495        1.188916
BFGS:   14 13:12:30    -2899.655096        1.312824
BFGS:   15 13:12:31    -2899.876761        1.539936
BFGS:   16 13:12:32    -2900.019440        2.067777
BFGS:   17 13:12:32    -2900.183890        1.041018
BFGS:   18 13:12:33    -2900.412746        1.373986
BFGS:   19 13:12:33    -2900.647724        1.796951
BFGS:   20 13:12:34    -2900.925434        1.589257
BFGS:   21 13:12:35    -2901.184922        1.667565
BFGS:   22 13:12:36    -2901.723585        2.025151
BFGS:   23 13:12:36    -2901.927393        1.444450
BFGS:   24 13:12:37    -2902.182608        1.132058
BFGS:   25 13:12:37    -2902.357192        1.565829
BFGS:   26 13:12:38    -2902.652027        2.175875
BFGS:   27 13:12:39    -2903.059883        2.245249
BFGS:   28 13:12:40    -2903.258329        1.152500
BFGS:   29 13:12:41    -2903.479133        1.325628
BFGS:   30 13:12:41    -2903.595193        0.575684
BFGS:   31 13:12:42    -2903.687957        0.514154
BFGS:   32 13:12:43    -2903.742681        0.433428
BFGS:   33 13:12:43    -2903.806165        0.415361
BFGS:   34 13:12:44    -2903.838560        0.354962
BFGS:   35 13:12:44    -2903.864244        0.251206
BFGS:   36 13:12:45    -2903.887225        0.317367
BFGS:   37 13:12:46    -2903.904587        0.206708
BFGS:   38 13:12:46    -2903.914445        0.139514
BFGS:   39 13:12:46    -2903.921000        0.115045
BFGS:   40 13:12:47    -2903.926505        0.161173
BFGS:   41 13:12:47    -2903.931745        0.180097
BFGS:   42 13:12:48    -2903.937458        0.141296
BFGS:   43 13:12:48    -2903.944956        0.174349
BFGS:   44 13:12:49    -2903.955552        0.223762
BFGS:   45 13:12:50    -2903.970563        0.271122
BFGS:   46 13:12:50    -2903.994385        0.601686
BFGS:   47 13:12:51    -2904.183098        2.474396
BFGS:   48 13:12:52    -2903.212910       12.310378
BFGS:   49 13:12:52    -2904.317902        2.217296
BFGS:   50 13:12:53    -2904.413059        1.956872
BFGS:   51 13:12:54    -2903.915677       10.281922
BFGS:   52 13:12:54    -2904.628785        1.018252
BFGS:   53 13:12:55    -2904.706596        0.552501
BFGS:   54 13:12:55    -2904.818196        1.405576
BFGS:   55 13:12:56    -2904.856327        1.053119
BFGS:   56 13:12:57    -2904.912663        0.260596
BFGS:   57 13:12:57    -2904.922348        0.231534
BFGS:   58 13:12:58    -2904.942351        0.357736
BFGS:   59 13:12:58    -2904.964848        0.343978
BFGS:   60 13:12:59    -2904.978787        0.197518
BFGS:   61 13:12:59    -2904.989702        0.349253
BFGS:   62 13:13:00    -2905.002247        0.533539
BFGS:   63 13:13:00    -2905.018457        0.528707
BFGS:   64 13:13:01    -2905.030780        0.300069
BFGS:   65 13:13:01    -2905.037824        0.147549
BFGS:   66 13:13:02    -2905.042786        0.143567
BFGS:   67 13:13:02    -2905.047550        0.164611
BFGS:   68 13:13:03    -2905.052580        0.139750
BFGS:   69 13:13:03    -2905.058079        0.153485
BFGS:   70 13:13:04    -2905.064740        0.307829
BFGS:   71 13:13:04    -2905.073608        0.429259
BFGS:   72 13:13:05    -2905.083400        0.365557
BFGS:   73 13:13:06    -2905.091091        0.160653
BFGS:   74 13:13:06    -2905.096388        0.141656
BFGS:   75 13:13:07    -2905.100474        0.211776
BFGS:   76 13:13:07    -2905.104024        0.227643
BFGS:   77 13:13:07    -2905.107014        0.130304
BFGS:   78 13:13:08    -2905.109401        0.108693
BFGS:   79 13:13:08    -2905.111498        0.138017
BFGS:   80 13:13:09    -2905.113696        0.190517
BFGS:   81 13:13:09    -2905.115788        0.147014
BFGS:   82 13:13:10    -2905.117572        0.100476
BFGS:   83 13:13:10    -2905.119333        0.097144
BFGS:   84 13:13:11    -2905.121325        0.147046
BFGS:   85 13:13:11    -2905.123315        0.162308
BFGS:   86 13:13:12    -2905.125017        0.100845
BFGS:   87 13:13:12    -2905.126503        0.096572
BFGS:   88 13:13:13    -2905.128182        0.088544
BFGS:   89 13:13:13    -2905.130432        0.127908
BFGS:   90 13:13:14    -2905.133247        0.115246
BFGS:   91 13:13:14    -2905.136143        0.094883
BFGS:   92 13:13:15    -2905.138867        0.120196
BFGS:   93 13:13:15    -2905.141594        0.149660
BFGS:   94 13:13:16    -2905.143401        0.116396
BFGS:   95 13:13:16    -2905.144049        0.090845
BFGS:   96 13:13:17    -2905.145112        0.050131
BFGS:   97 13:13:17    -2905.145610        0.046702
BFGS:   98 13:13:18    -2905.146333        0.045411
BFGS:   99 13:13:18    -2905.146796        0.046017
BFGS:  100 13:13:18    -2905.147239        0.045892
BFGS:  101 13:13:19    -2905.147695        0.044367
BFGS:  102 13:13:19    -2905.148376        0.048773
BFGS:  103 13:13:20    -2905.149187        0.046095
BFGS:  104 13:13:20    -2905.149961        0.049876
BFGS:  105 13:13:20    -2905.150572        0.047335
BFGS:  106 13:13:21    -2905.151157        0.046304
BFGS:  107 13:13:21    -2905.151873        0.050565
BFGS:  108 13:13:22    -2905.152761        0.064806
BFGS:  109 13:13:22    -2905.153634        0.067888
BFGS:  110 13:13:22    -2905.154303        0.063379
BFGS:  111 13:13:23    -2905.154766        0.058136
BFGS:  112 13:13:23    -2905.155162        0.053117
BFGS:  113 13:13:24    -2905.155595        0.045118
BFGS:  114 13:13:24    -2905.156084        0.036565
BFGS:  115 13:13:24    -2905.156628        0.046750
BFGS:  116 13:13:25    -2905.157232        0.052238
BFGS:  117 13:13:25    -2905.157929        0.049781
BFGS:  118 13:13:25    -2905.158705        0.060714
BFGS:  119 13:13:26    -2905.159496        0.067775
BFGS:  120 13:13:26    -2905.160214        0.049124
BFGS:  121 13:13:27    -2905.160933        0.046589
BFGS:  122 13:13:27    -2905.161848        0.051800
BFGS:  123 13:13:27    -2905.163186        0.078659
BFGS:  124 13:13:28    -2905.164958        0.106108
BFGS:  125 13:13:28    -2905.166773        0.095167
BFGS:  126 13:13:29    -2905.168178        0.061049
BFGS:  127 13:13:29    -2905.169225        0.052928
BFGS:  128 13:13:29    -2905.170191        0.053073
BFGS:  129 13:13:30    -2905.171209        0.058269
BFGS:  130 13:13:30    -2905.172158        0.054066
BFGS:  131 13:13:31    -2905.173031        0.048307
BFGS:  132 13:13:31    -2905.173798        0.057547
BFGS:  133 13:13:32    -2905.174475        0.051884
BFGS:  134 13:13:32    -2905.175014        0.042888
BFGS:  135 13:13:32    -2905.175535        0.037377
BFGS:  136 13:13:33    -2905.176157        0.045495
BFGS:  137 13:13:33    -2905.176964        0.056409
BFGS:  138 13:13:34    -2905.177863        0.058380
BFGS:  139 13:13:34    -2905.178801        0.049438
BFGS:  140 13:13:34    -2905.179797        0.052297
BFGS:  141 13:13:35    -2905.180953        0.058728
BFGS:  142 13:13:35    -2905.182087        0.069545
BFGS:  143 13:13:36    -2905.183057        0.066028
BFGS:  144 13:13:36    -2905.183829        0.066691
BFGS:  145 13:13:37    -2905.184682        0.061394
BFGS:  146 13:13:37    -2905.185773        0.082021
BFGS:  147 13:13:37    -2905.186973        0.081508
BFGS:  148 13:13:38    -2905.187928        0.053676
BFGS:  149 13:13:38    -2905.188714        0.044126
BFGS:  150 13:13:39    -2905.189360        0.054352
BFGS:  151 13:13:39    -2905.189942        0.056496
BFGS:  152 13:13:39    -2905.190364        0.035818
BFGS:  153 13:13:40    -2905.190680        0.029968
BFGS:  154 13:13:40    -2905.190947        0.028462
BFGS:  155 13:13:41    -2905.191196        0.032323
BFGS:  156 13:13:41    -2905.191386        0.027176
BFGS:  157 13:13:41    -2905.191527        0.026131
BFGS:  158 13:13:42    -2905.191649        0.021353
BFGS:  159 13:13:42    -2905.191752        0.018240
BFGS:  160 13:13:42    -2905.191823        0.014993
BFGS:  161 13:13:43    -2905.191876        0.020369
BFGS:  162 13:13:43    -2905.191942        0.022926
BFGS:  163 13:13:43    -2905.192055        0.023851
BFGS:  164 13:13:44    -2905.192242        0.032103
BFGS:  165 13:13:44    -2905.192501        0.036075
BFGS:  166 13:13:44    -2905.192809        0.031745
BFGS:  167 13:13:45    -2905.193158        0.037540
BFGS:  168 13:13:45    -2905.193593        0.043931
BFGS:  169 13:13:46    -2905.194192        0.055393
BFGS:  170 13:13:46    -2905.194958        0.059525
BFGS:  171 13:13:46    -2905.195736        0.060860
BFGS:  172 13:13:47    -2905.196310        0.042594
BFGS:  173 13:13:47    -2905.196639        0.040429
BFGS:  174 13:13:47    -2905.196819        0.030503
BFGS:  175 13:13:48    -2905.196940        0.030979
BFGS:  176 13:13:48    -2905.197035        0.019171
BFGS:  177 13:13:48    -2905.197130        0.019646
BFGS:  178 13:13:49    -2905.197219        0.026572
BFGS:  179 13:13:49    -2905.197314        0.023601
BFGS:  180 13:13:49    -2905.197389        0.015806
BFGS:  181 13:13:50    -2905.197455        0.016005
BFGS:  182 13:13:50    -2905.197531        0.017060
BFGS:  183 13:13:50    -2905.197642        0.020160
BFGS:  184 13:13:51    -2905.197800        0.022820
BFGS:  185 13:13:51    -2905.198006        0.026750
BFGS:  186 13:13:51    -2905.198293        0.030868
BFGS:  187 13:13:52    -2905.198716        0.044258
BFGS:  188 13:13:52    -2905.199419        0.065148
BFGS:  189 13:13:53    -2905.200545        0.073519
BFGS:  190 13:13:53    -2905.202178        0.064326
BFGS:  191 13:13:53    -2905.204173        0.076754
BFGS:  192 13:13:54    -2905.206285        0.072924
BFGS:  193 13:13:54    -2905.208391        0.080691
BFGS:  194 13:13:55    -2905.210230        0.111712
BFGS:  195 13:13:56    -2905.211239        0.079327
BFGS:  196 13:13:56    -2905.213287        0.064964
BFGS:  197 13:13:57    -2905.214643        0.105200
BFGS:  198 13:13:58    -2905.215681        0.108436
BFGS:  199 13:13:58    -2905.216809        0.099608
BFGS:  200 13:13:59    -2905.217951        0.075668
