      Step     Time          Energy          fmax
BFGS:    0 09:50:46    -3228.918931      145.156544
BFGS:    1 09:50:48    -3252.678145       50.119954
BFGS:    2 09:50:49    -3259.868720       49.418948
BFGS:    3 09:50:51    -3266.021135       26.512005
BFGS:    4 09:50:52    -3268.767810       10.848965
BFGS:    5 09:50:53    -3269.316193        6.785072
BFGS:    6 09:50:54    -3269.717474        1.288469
BFGS:    7 09:50:55    -3269.728746        0.428099
BFGS:    8 09:50:56    -3269.730622        0.282143
BFGS:    9 09:50:57    -3269.731971        0.107684
BFGS:   10 09:50:58    -3269.732138        0.057816
BFGS:   11 09:50:59    -3269.732296        0.111777
BFGS:   12 09:51:00    -3269.733823        0.631542
BFGS:   13 09:51:00    -3269.736017        0.508068
BFGS:   14 09:51:01    -3269.811436        2.729665
BFGS:   15 09:51:02    -3270.145824        5.053869
BFGS:   16 09:51:04    -3271.418626        8.448017
BFGS:   17 09:51:05    -3273.294868       10.072469
BFGS:   18 09:51:06    -3275.321231        9.917270
BFGS:   19 09:51:07    -3277.184750        8.465152
BFGS:   20 09:51:08    -3278.683609        6.279944
BFGS:   21 09:51:09    -3279.738481        3.977263
BFGS:   22 09:51:10    -3280.388648        2.069512
BFGS:   23 09:51:11    -3280.759219        1.577199
BFGS:   24 09:51:13    -3280.941347        1.706403
BFGS:   25 09:51:14    -3281.019922        1.822910
BFGS:   26 09:51:15    -3281.251847        2.163143
BFGS:   27 09:51:16    -3281.530946        2.270754
BFGS:   28 09:51:17    -3281.782461        1.869930
BFGS:   29 09:51:19    -3281.932523        1.011671
BFGS:   30 09:51:20    -3281.973973        0.869937
BFGS:   31 09:51:21    -3282.035197        0.902272
BFGS:   32 09:51:22    -3282.226292        0.920829
BFGS:   33 09:51:23    -3282.377413        0.944264
BFGS:   34 09:51:24    -3282.539914        0.813991
BFGS:   35 09:51:25    -3282.611883        0.574349
BFGS:   36 09:51:26    -3282.628514        0.430560
BFGS:   37 09:51:27    -3282.649772        0.214865
BFGS:   38 09:51:27    -3282.650828        0.184326
BFGS:   39 09:51:28    -3282.653875        0.130579
BFGS:   40 09:51:29    -3282.654992        0.120863
BFGS:   41 09:51:29    -3282.655309        0.111276
BFGS:   42 09:51:30    -3282.655557        0.107114
BFGS:   43 09:51:31    -3282.656173        0.105420
BFGS:   44 09:51:31    -3282.657394        0.110866
BFGS:   45 09:51:32    -3282.659550        0.118707
BFGS:   46 09:51:33    -3282.661996        0.112486
BFGS:   47 09:51:34    -3282.663861        0.139117
BFGS:   48 09:51:34    -3282.664935        0.171259
BFGS:   49 09:51:35    -3282.666284        0.200900
BFGS:   50 09:51:36    -3282.670233        0.267542
BFGS:   51 09:51:37    -3282.680880        0.408677
BFGS:   52 09:51:38    -3282.690498        0.534591
BFGS:   53 09:51:39    -3282.701186        0.667774
BFGS:   54 09:51:39    -3282.725939        0.787326
BFGS:   55 09:51:40    -3282.768264        0.887030
BFGS:   56 09:51:41    -3282.825267        0.977768
BFGS:   57 09:51:42    -3282.891243        1.065926
BFGS:   58 09:51:43    -3282.963339        1.143233
BFGS:   59 09:51:44    -3283.042374        1.188513
BFGS:   60 09:51:45    -3283.128668        1.167781
BFGS:   61 09:51:46    -3283.219575        1.021972
BFGS:   62 09:51:47    -3283.306853        0.625537
BFGS:   63 09:51:47    -3283.361678        0.542566
BFGS:   64 09:51:48    -3283.419079        0.433216
BFGS:   65 09:51:49    -3283.445754        0.316719
BFGS:   66 09:51:50    -3283.451439        0.299164
BFGS:   67 09:51:51    -3283.454264        0.298195
BFGS:   68 09:51:52    -3283.456285        0.288999
BFGS:   69 09:51:52    -3283.467234        0.229779
BFGS:   70 09:51:53    -3283.477262        0.140861
BFGS:   71 09:51:54    -3283.484116        0.076607
BFGS:   72 09:51:55    -3283.486128        0.013168
BFGS:   73 09:51:55    -3283.486163        0.000915
