      Step     Time          Energy          fmax
BFGS:    0 20:09:12    -3521.634075        4.386465
BFGS:    1 20:09:16    -3523.518904        3.966533
BFGS:    2 20:09:19    -3525.816236        4.361523
BFGS:    3 20:09:23    -3528.038467        5.911604
BFGS:    4 20:09:27    -3528.724819        3.747840
BFGS:    5 20:09:31    -3529.695488        2.446663
BFGS:    6 20:09:34    -3530.265438        1.531354
BFGS:    7 20:09:38    -3530.612830        1.102427
BFGS:    8 20:09:42    -3530.824382        1.361391
BFGS:    9 20:09:45    -3531.163747        1.263463
BFGS:   10 20:09:49    -3531.467382        2.353452
BFGS:   11 20:09:52    -3531.692397        2.755831
BFGS:   12 20:09:56    -3532.112171        1.739205
BFGS:   13 20:09:59    -3532.460450        1.493709
BFGS:   14 20:10:03    -3532.799299        0.934662
BFGS:   15 20:10:06    -3532.901868        1.042260
BFGS:   16 20:10:10    -3533.077980        1.273930
BFGS:   17 20:10:13    -3533.205192        0.712286
BFGS:   18 20:10:16    -3533.307811        0.459689
BFGS:   19 20:10:19    -3533.348836        0.384858
BFGS:   20 20:10:22    -3533.378690        0.420672
BFGS:   21 20:10:25    -3533.424012        0.415201
BFGS:   22 20:10:28    -3533.507340        0.604952
BFGS:   23 20:10:31    -3533.645148        0.862763
BFGS:   24 20:10:34    -3533.857276        1.400570
BFGS:   25 20:10:38    -3534.144010        2.621764
BFGS:   26 20:10:41    -3534.210890        8.794616
BFGS:   27 20:10:44    -3537.253435        5.079805
BFGS:   28 20:10:47    -3538.246720        4.026374
BFGS:   29 20:10:50    -3539.839991        2.738144
BFGS:   30 20:10:52    -3540.386086        1.560479
BFGS:   31 20:10:55    -3540.954206        2.724791
BFGS:   32 20:10:57    -3541.632442        2.446481
BFGS:   33 20:11:00    -3542.838576        7.594957
BFGS:   34 20:11:02    -3543.430890       10.342847
BFGS:   35 20:11:05    -3544.134229        9.624827
BFGS:   36 20:11:07    -3544.729599        8.702879
BFGS:   37 20:11:09    -3545.186168        8.296678
BFGS:   38 20:11:12    -3545.877194        5.362532
BFGS:   39 20:11:14    -3546.310573        6.714838
BFGS:   40 20:11:16    -3546.708622        3.082778
BFGS:   41 20:11:18    -3546.967517        3.434053
BFGS:   42 20:11:20    -3547.222656        3.532589
BFGS:   43 20:11:23    -3547.662375        2.297124
BFGS:   44 20:11:25    -3548.390445        2.301969
BFGS:   45 20:11:28    -3549.057940        3.498944
BFGS:   46 20:11:30    -3549.953671        7.086132
BFGS:   47 20:11:32    -3551.352883       10.013330
BFGS:   48 20:11:34    -3552.682698       10.638934
BFGS:   49 20:11:37    -3555.368056        5.811285
BFGS:   50 20:11:39    -3556.050224       14.048191
BFGS:   51 20:11:40    -3559.136987        4.126082
BFGS:   52 20:11:42    -3560.233982        2.091476
BFGS:   53 20:11:44    -3561.067786        2.055388
BFGS:   54 20:11:45    -3561.450345        1.076009
BFGS:   55 20:11:47    -3561.630645        1.171464
BFGS:   56 20:11:48    -3561.879284        1.396472
BFGS:   57 20:11:49    -3562.030401        1.560786
BFGS:   58 20:11:51    -3562.277439        1.049514
BFGS:   59 20:11:53    -3562.419605        0.746720
BFGS:   60 20:11:54    -3562.544604        0.598990
BFGS:   61 20:11:55    -3562.634384        0.744928
BFGS:   62 20:11:57    -3562.722557        0.598645
BFGS:   63 20:11:58    -3562.829951        0.699593
BFGS:   64 20:11:59    -3562.964038        1.035733
BFGS:   65 20:12:01    -3563.109818        0.902821
BFGS:   66 20:12:03    -3563.239483        0.525417
BFGS:   67 20:12:04    -3563.345464        0.581036
BFGS:   68 20:12:06    -3563.421442        0.558552
BFGS:   69 20:12:07    -3563.480518        0.609303
BFGS:   70 20:12:08    -3563.522456        0.740607
BFGS:   71 20:12:10    -3563.549287        0.877975
BFGS:   72 20:12:11    -3563.568009        0.900569
BFGS:   73 20:12:12    -3563.582218        0.897030
BFGS:   74 20:12:13    -3563.592747        0.855023
BFGS:   75 20:12:14    -3563.600123        0.812782
BFGS:   76 20:12:16    -3563.606759        0.778984
BFGS:   77 20:12:17    -3563.614677        0.737333
BFGS:   78 20:12:18    -3563.623444        0.701244
BFGS:   79 20:12:19    -3563.632544        0.671241
BFGS:   80 20:12:21    -3563.643130        0.647048
BFGS:   81 20:12:22    -3563.657525        0.614950
BFGS:   82 20:12:23    -3563.675686        0.557158
BFGS:   83 20:12:24    -3563.692800        0.474541
BFGS:   84 20:12:25    -3563.705187        0.389635
BFGS:   85 20:12:27    -3563.714932        0.310341
BFGS:   86 20:12:28    -3563.724888        0.230572
BFGS:   87 20:12:29    -3563.735043        0.246770
BFGS:   88 20:12:30    -3563.743038        0.142582
BFGS:   89 20:12:31    -3563.747930        0.112635
BFGS:   90 20:12:32    -3563.751109        0.104110
BFGS:   91 20:12:33    -3563.754272        0.132967
BFGS:   92 20:12:34    -3563.757702        0.114159
BFGS:   93 20:12:35    -3563.760999        0.100732
BFGS:   94 20:12:36    -3563.764588        0.107411
BFGS:   95 20:12:37    -3563.769489        0.183979
BFGS:   96 20:12:38    -3563.776932        0.244269
BFGS:   97 20:12:40    -3563.787077        0.229234
BFGS:   98 20:12:41    -3563.798388        0.214336
BFGS:   99 20:12:42    -3563.808544        0.174272
BFGS:  100 20:12:43    -3563.816761        0.153101
BFGS:  101 20:12:44    -3563.823846        0.201735
BFGS:  102 20:12:45    -3563.829867        0.174040
BFGS:  103 20:12:46    -3563.834395        0.148308
BFGS:  104 20:12:47    -3563.837382        0.144984
BFGS:  105 20:12:48    -3563.839125        0.135098
BFGS:  106 20:12:48    -3563.840138        0.123825
BFGS:  107 20:12:49    -3563.840904        0.110857
BFGS:  108 20:12:50    -3563.841682        0.106073
BFGS:  109 20:12:51    -3563.842497        0.100497
BFGS:  110 20:12:52    -3563.843286        0.109009
BFGS:  111 20:12:53    -3563.843998        0.114325
BFGS:  112 20:12:54    -3563.844761        0.120901
BFGS:  113 20:12:55    -3563.845687        0.117512
BFGS:  114 20:12:56    -3563.846679        0.105211
BFGS:  115 20:12:57    -3563.847661        0.079406
BFGS:  116 20:12:58    -3563.848710        0.062826
BFGS:  117 20:12:58    -3563.850002        0.060211
BFGS:  118 20:12:59    -3563.851625        0.085515
BFGS:  119 20:13:00    -3563.853461        0.090194
BFGS:  120 20:13:02    -3563.855243        0.086372
BFGS:  121 20:13:02    -3563.856675        0.091446
BFGS:  122 20:13:03    -3563.857640        0.090488
BFGS:  123 20:13:04    -3563.858216        0.093783
BFGS:  124 20:13:05    -3563.858589        0.102568
BFGS:  125 20:13:06    -3563.858882        0.113999
BFGS:  126 20:13:07    -3563.859128        0.123279
BFGS:  127 20:13:08    -3563.859345        0.128075
BFGS:  128 20:13:09    -3563.859578        0.127496
BFGS:  129 20:13:09    -3563.859900        0.121973
BFGS:  130 20:13:10    -3563.860404        0.110945
BFGS:  131 20:13:11    -3563.861116        0.098866
BFGS:  132 20:13:12    -3563.862036        0.083636
BFGS:  133 20:13:13    -3563.863186        0.075980
BFGS:  134 20:13:14    -3563.864797        0.081824
BFGS:  135 20:13:15    -3563.867362        0.120417
BFGS:  136 20:13:16    -3563.871502        0.169208
BFGS:  137 20:13:17    -3563.877399        0.184658
BFGS:  138 20:13:19    -3563.884031        0.144731
BFGS:  139 20:13:20    -3563.890308        0.128591
BFGS:  140 20:13:21    -3563.895932        0.119722
BFGS:  141 20:13:22    -3563.900578        0.135425
BFGS:  142 20:13:23    -3563.904821        0.165236
BFGS:  143 20:13:24    -3563.909419        0.191466
BFGS:  144 20:13:25    -3563.913655        0.213510
BFGS:  145 20:13:26    -3563.916059        0.232368
BFGS:  146 20:13:27    -3563.920055        0.219487
BFGS:  147 20:13:28    -3563.921997        0.228034
BFGS:  148 20:13:29    -3563.923272        0.239455
BFGS:  149 20:13:30    -3563.924090        0.252070
BFGS:  150 20:13:32    -3563.924725        0.268448
BFGS:  151 20:13:32    -3563.925223        0.271920
BFGS:  152 20:13:33    -3563.925618        0.278271
BFGS:  153 20:13:34    -3563.925985        0.280125
BFGS:  154 20:13:35    -3563.926410        0.283397
BFGS:  155 20:13:36    -3563.926915        0.282850
BFGS:  156 20:13:37    -3563.927396        0.278965
BFGS:  157 20:13:38    -3563.927805        0.271399
BFGS:  158 20:13:39    -3563.928260        0.263184
BFGS:  159 20:13:40    -3563.928803        0.253345
BFGS:  160 20:13:41    -3563.929474        0.243936
BFGS:  161 20:13:42    -3563.930304        0.235487
BFGS:  162 20:13:43    -3563.931349        0.228368
BFGS:  163 20:13:44    -3563.932737        0.219612
BFGS:  164 20:13:45    -3563.934621        0.209380
BFGS:  165 20:13:46    -3563.937019        0.192958
BFGS:  166 20:13:47    -3563.939733        0.176502
BFGS:  167 20:13:48    -3563.942556        0.161009
BFGS:  168 20:13:49    -3563.945461        0.151926
BFGS:  169 20:13:50    -3563.948474        0.139822
BFGS:  170 20:13:51    -3563.951504        0.143240
BFGS:  171 20:13:52    -3563.955022        0.132167
BFGS:  172 20:13:54    -3563.958983        0.139843
BFGS:  173 20:13:55    -3563.962955        0.115051
BFGS:  174 20:13:56    -3563.965599        0.091098
BFGS:  175 20:13:57    -3563.968343        0.086743
BFGS:  176 20:13:59    -3563.970422        0.085979
BFGS:  177 20:14:00    -3563.972374        0.091888
BFGS:  178 20:14:01    -3563.974020        0.077056
BFGS:  179 20:14:02    -3563.975286        0.067434
BFGS:  180 20:14:03    -3563.976338        0.047584
BFGS:  181 20:14:04    -3563.977253        0.066633
BFGS:  182 20:14:05    -3563.977928        0.090710
BFGS:  183 20:14:06    -3563.978753        0.121308
BFGS:  184 20:14:07    -3563.979409        0.132402
BFGS:  185 20:14:08    -3563.980053        0.127093
BFGS:  186 20:14:09    -3563.980625        0.109392
BFGS:  187 20:14:10    -3563.981121        0.088313
BFGS:  188 20:14:11    -3563.981467        0.077216
BFGS:  189 20:14:12    -3563.981691        0.078165
BFGS:  190 20:14:13    -3563.981832        0.087472
BFGS:  191 20:14:14    -3563.981920        0.095986
BFGS:  192 20:14:15    -3563.981970        0.101863
BFGS:  193 20:14:16    -3563.982005        0.102207
BFGS:  194 20:14:16    -3563.982035        0.100240
BFGS:  195 20:14:18    -3563.982074        0.099070
BFGS:  196 20:14:18    -3563.982110        0.096665
BFGS:  197 20:14:19    -3563.982143        0.098394
BFGS:  198 20:14:20    -3563.982176        0.100671
BFGS:  199 20:14:21    -3563.982215        0.102987
BFGS:  200 20:14:21    -3563.982262        0.103674
