      Step     Time          Energy          fmax
BFGS:    0 13:20:19    -3683.042797       14.902896
BFGS:    1 13:20:21    -3689.664858        5.322325
BFGS:    2 13:20:24    -3693.250109        5.847003
BFGS:    3 13:20:26    -3697.529493       17.313170
BFGS:    4 13:20:29    -3700.759605       27.891772
BFGS:    5 13:20:31    -3702.667702       17.081523
BFGS:    6 13:20:34    -3707.969972        6.061346
BFGS:    7 13:20:35    -3709.537918        4.565426
BFGS:    8 13:20:38    -3710.705208        3.225824
BFGS:    9 13:20:39    -3711.137238        2.104876
BFGS:   10 13:20:41    -3711.685022        1.646909
BFGS:   11 13:20:43    -3711.849029        1.111597
BFGS:   12 13:20:45    -3712.010668        1.359029
BFGS:   13 13:20:47    -3712.302292        1.432273
BFGS:   14 13:20:49    -3712.709904        1.309582
BFGS:   15 13:20:52    -3712.882545        2.050103
BFGS:   16 13:20:53    -3713.187877        1.432883
BFGS:   17 13:20:55    -3713.608890        0.817451
BFGS:   18 13:20:58    -3713.985402        0.813265
BFGS:   19 13:21:00    -3714.118393        0.738669
BFGS:   20 13:21:02    -3714.294099        0.616275
BFGS:   21 13:21:03    -3714.405319        0.781804
BFGS:   22 13:21:05    -3714.517589        0.587047
BFGS:   23 13:21:06    -3714.583576        0.398533
BFGS:   24 13:21:08    -3714.615009        0.277033
BFGS:   25 13:21:09    -3714.627381        0.173853
BFGS:   26 13:21:11    -3714.635599        0.120022
BFGS:   27 13:21:12    -3714.645375        0.140073
BFGS:   28 13:21:14    -3714.656038        0.237006
BFGS:   29 13:21:15    -3714.667743        0.265483
BFGS:   30 13:21:17    -3714.680413        0.209270
BFGS:   31 13:21:19    -3714.695077        0.222023
BFGS:   32 13:21:20    -3714.712442        0.228656
BFGS:   33 13:21:22    -3714.731508        0.278339
BFGS:   34 13:21:24    -3714.748543        0.243304
BFGS:   35 13:21:25    -3714.760905        0.171910
BFGS:   36 13:21:27    -3714.769047        0.177674
BFGS:   37 13:21:28    -3714.775662        0.178240
BFGS:   38 13:21:30    -3714.782284        0.174326
BFGS:   39 13:21:31    -3714.788758        0.165642
BFGS:   40 13:21:33    -3714.794262        0.152159
BFGS:   41 13:21:34    -3714.798535        0.133380
BFGS:   42 13:21:36    -3714.802098        0.109480
BFGS:   43 13:21:37    -3714.805397        0.083233
BFGS:   44 13:21:39    -3714.808395        0.087316
BFGS:   45 13:21:40    -3714.811157        0.075418
BFGS:   46 13:21:42    -3714.813796        0.070169
BFGS:   47 13:21:44    -3714.816234        0.067444
BFGS:   48 13:21:45    -3714.818352        0.068138
BFGS:   49 13:21:46    -3714.820385        0.068413
BFGS:   50 13:21:48    -3714.822746        0.084021
BFGS:   51 13:21:49    -3714.825775        0.106307
BFGS:   52 13:21:51    -3714.829321        0.091782
BFGS:   53 13:21:52    -3714.832889        0.081405
BFGS:   54 13:21:54    -3714.836257        0.099297
BFGS:   55 13:21:55    -3714.839783        0.098437
BFGS:   56 13:21:57    -3714.843793        0.117166
BFGS:   57 13:21:59    -3714.848315        0.120503
BFGS:   58 13:22:00    -3714.853813        0.121793
BFGS:   59 13:22:02    -3714.861133        0.132039
BFGS:   60 13:22:04    -3714.871546        0.162132
BFGS:   61 13:22:05    -3714.884668        0.202903
BFGS:   62 13:22:07    -3714.898218        0.228316
BFGS:   63 13:22:09    -3714.909814        0.223747
BFGS:   64 13:22:11    -3714.920737        0.235890
BFGS:   65 13:22:13    -3714.932874        0.241145
BFGS:   66 13:22:15    -3714.946052        0.230989
BFGS:   67 13:22:16    -3714.958004        0.203684
BFGS:   68 13:22:18    -3714.966971        0.159478
BFGS:   69 13:22:20    -3714.973412        0.153998
BFGS:   70 13:22:21    -3714.978122        0.119668
BFGS:   71 13:22:23    -3714.981829        0.166941
BFGS:   72 13:22:25    -3714.985893        0.125114
BFGS:   73 13:22:26    -3714.991550        0.125334
BFGS:   74 13:22:28    -3714.996316        0.112742
BFGS:   75 13:22:29    -3715.000672        0.106751
BFGS:   76 13:22:31    -3715.003541        0.098368
BFGS:   77 13:22:33    -3715.005423        0.069862
BFGS:   78 13:22:34    -3715.006925        0.058217
BFGS:   79 13:22:35    -3715.008315        0.066564
BFGS:   80 13:22:37    -3715.009461        0.066655
BFGS:   81 13:22:38    -3715.010442        0.072011
BFGS:   82 13:22:40    -3715.011362        0.057053
BFGS:   83 13:22:41    -3715.012275        0.047241
BFGS:   84 13:22:43    -3715.013087        0.049891
BFGS:   85 13:22:44    -3715.013735        0.047117
BFGS:   86 13:22:46    -3715.014389        0.051831
BFGS:   87 13:22:47    -3715.015388        0.062574
BFGS:   88 13:22:49    -3715.017316        0.098185
BFGS:   89 13:22:51    -3715.032715        0.323893
BFGS:   90 13:22:54    -3715.066985        0.646158
BFGS:   91 13:22:56    -3715.094687        0.631854
BFGS:   92 13:22:58    -3715.103106        0.436715
BFGS:   93 13:23:00    -3715.124554        0.305355
BFGS:   94 13:23:02    -3715.134565        0.295299
BFGS:   95 13:23:03    -3715.148016        0.221019
BFGS:   96 13:23:05    -3715.154834        0.131385
BFGS:   97 13:23:07    -3715.160384        0.203539
BFGS:   98 13:23:08    -3715.166314        0.207547
BFGS:   99 13:23:10    -3715.173401        0.203886
BFGS:  100 13:23:11    -3715.183254        0.184257
BFGS:  101 13:23:13    -3715.194094        0.206336
BFGS:  102 13:23:15    -3715.204666        0.195524
BFGS:  103 13:23:16    -3715.214481        0.210025
BFGS:  104 13:23:18    -3715.223319        0.175104
BFGS:  105 13:23:19    -3715.231526        0.174237
BFGS:  106 13:23:21    -3715.239198        0.209070
BFGS:  107 13:23:23    -3715.247081        0.209131
BFGS:  108 13:23:24    -3715.255437        0.201569
BFGS:  109 13:23:26    -3715.264598        0.168072
BFGS:  110 13:23:28    -3715.273504        0.200081
BFGS:  111 13:23:29    -3715.282146        0.239671
BFGS:  112 13:23:31    -3715.292372        0.263814
BFGS:  113 13:23:33    -3715.306334        0.267986
BFGS:  114 13:23:35    -3715.324983        0.252639
BFGS:  115 13:23:37    -3715.344697        0.310677
BFGS:  116 13:23:39    -3715.362602        0.237865
BFGS:  117 13:23:40    -3715.378285        0.256882
BFGS:  118 13:23:42    -3715.393179        0.199906
BFGS:  119 13:23:43    -3715.407806        0.183263
BFGS:  120 13:23:45    -3715.418905        0.170925
BFGS:  121 13:23:47    -3715.424233        0.119488
BFGS:  122 13:23:48    -3715.428031        0.101272
BFGS:  123 13:23:50    -3715.430676        0.090925
BFGS:  124 13:23:51    -3715.433218        0.112152
BFGS:  125 13:23:52    -3715.435396        0.098430
BFGS:  126 13:23:53    -3715.437626        0.079551
BFGS:  127 13:23:55    -3715.439938        0.078408
BFGS:  128 13:23:56    -3715.442668        0.093431
BFGS:  129 13:23:57    -3715.445534        0.119209
BFGS:  130 13:23:59    -3715.448636        0.132097
BFGS:  131 13:24:00    -3715.451923        0.127978
BFGS:  132 13:24:02    -3715.455704        0.102794
BFGS:  133 13:24:03    -3715.460219        0.140328
BFGS:  134 13:24:04    -3715.465620        0.179148
BFGS:  135 13:24:06    -3715.471373        0.158360
BFGS:  136 13:24:07    -3715.476555        0.111430
BFGS:  137 13:24:08    -3715.480806        0.102586
BFGS:  138 13:24:10    -3715.484440        0.103598
BFGS:  139 13:24:11    -3715.488084        0.110459
BFGS:  140 13:24:13    -3715.491903        0.095560
BFGS:  141 13:24:14    -3715.495365        0.088648
BFGS:  142 13:24:16    -3715.498164        0.078072
BFGS:  143 13:24:17    -3715.500560        0.075028
BFGS:  144 13:24:18    -3715.503026        0.082883
BFGS:  145 13:24:19    -3715.505799        0.090084
BFGS:  146 13:24:21    -3715.508623        0.088459
BFGS:  147 13:24:22    -3715.511376        0.077621
BFGS:  148 13:24:24    -3715.513950        0.073986
BFGS:  149 13:24:25    -3715.516237        0.070848
BFGS:  150 13:24:26    -3715.518081        0.071447
BFGS:  151 13:24:27    -3715.519554        0.061979
BFGS:  152 13:24:28    -3715.520863        0.061652
BFGS:  153 13:24:30    -3715.522242        0.056198
BFGS:  154 13:24:31    -3715.523716        0.062276
BFGS:  155 13:24:33    -3715.525064        0.059931
BFGS:  156 13:24:34    -3715.526194        0.064956
BFGS:  157 13:24:35    -3715.527178        0.065031
BFGS:  158 13:24:36    -3715.528282        0.065606
BFGS:  159 13:24:37    -3715.529675        0.065827
BFGS:  160 13:24:38    -3715.531386        0.063358
BFGS:  161 13:24:40    -3715.533284        0.062145
BFGS:  162 13:24:41    -3715.535299        0.098486
BFGS:  163 13:24:42    -3715.537529        0.119449
BFGS:  164 13:24:44    -3715.539904        0.108221
BFGS:  165 13:24:45    -3715.542060        0.075141
BFGS:  166 13:24:47    -3715.543745        0.058193
BFGS:  167 13:24:48    -3715.545138        0.074822
BFGS:  168 13:24:49    -3715.546485        0.067025
BFGS:  169 13:24:51    -3715.547787        0.043528
BFGS:  170 13:24:52    -3715.548771        0.040834
BFGS:  171 13:24:53    -3715.549474        0.056205
BFGS:  172 13:24:54    -3715.550137        0.059157
BFGS:  173 13:24:55    -3715.550951        0.045762
BFGS:  174 13:24:56    -3715.551975        0.049059
BFGS:  175 13:24:57    -3715.553143        0.058549
BFGS:  176 13:24:59    -3715.554346        0.065117
BFGS:  177 13:25:00    -3715.555522        0.058780
BFGS:  178 13:25:01    -3715.556606        0.044817
BFGS:  179 13:25:03    -3715.557586        0.051874
BFGS:  180 13:25:04    -3715.558453        0.052612
BFGS:  181 13:25:05    -3715.559373        0.047844
BFGS:  182 13:25:06    -3715.560437        0.060869
BFGS:  183 13:25:07    -3715.561663        0.062966
BFGS:  184 13:25:09    -3715.562892        0.054630
BFGS:  185 13:25:10    -3715.563918        0.045831
BFGS:  186 13:25:11    -3715.564736        0.043187
BFGS:  187 13:25:12    -3715.565474        0.039812
BFGS:  188 13:25:13    -3715.566242        0.045499
BFGS:  189 13:25:15    -3715.567145        0.041661
BFGS:  190 13:25:16    -3715.568145        0.048858
BFGS:  191 13:25:17    -3715.569339        0.066310
BFGS:  192 13:25:19    -3715.570692        0.067278
BFGS:  193 13:25:20    -3715.572190        0.079908
BFGS:  194 13:25:21    -3715.573667        0.068898
BFGS:  195 13:25:22    -3715.574948        0.054149
BFGS:  196 13:25:24    -3715.575954        0.061031
BFGS:  197 13:25:25    -3715.576793        0.052778
BFGS:  198 13:25:27    -3715.577558        0.034588
BFGS:  199 13:25:28    -3715.578316        0.034790
BFGS:  200 13:25:29    -3715.579066        0.044529
