      Step     Time          Energy          fmax
BFGS:    0 20:12:39    -3726.996966        6.205613
BFGS:    1 20:12:42    -3731.354236        6.107698
BFGS:    2 20:12:44    -3739.713417        7.647348
BFGS:    3 20:12:47    -3746.529630        7.899467
BFGS:    4 20:12:49    -3745.131635       15.074938
BFGS:    5 20:12:52    -3750.671705        6.684680
BFGS:    6 20:12:54    -3752.490435        4.750751
BFGS:    7 20:12:56    -3754.653036        5.524738
BFGS:    8 20:12:58    -3755.070996        1.781740
BFGS:    9 20:13:00    -3755.276324        1.191957
BFGS:   10 20:13:02    -3755.627714        0.848341
BFGS:   11 20:13:04    -3755.759670        0.914659
BFGS:   12 20:13:06    -3755.961940        1.216353
BFGS:   13 20:13:09    -3756.219749        1.307163
BFGS:   14 20:13:11    -3756.616723        1.753918
BFGS:   15 20:13:14    -3756.986914        1.141323
BFGS:   16 20:13:17    -3757.380752        1.403559
BFGS:   17 20:13:19    -3757.697027        1.485598
BFGS:   18 20:13:21    -3757.965938        1.263433
BFGS:   19 20:13:23    -3758.186831        0.829188
BFGS:   20 20:13:25    -3758.372139        0.892231
BFGS:   21 20:13:27    -3758.502093        0.887406
BFGS:   22 20:13:29    -3758.720637        1.173879
BFGS:   23 20:13:31    -3759.078174        1.577058
BFGS:   24 20:13:34    -3759.301622        1.651643
BFGS:   25 20:13:35    -3759.666692        1.055151
BFGS:   26 20:13:37    -3760.047926        0.856951
BFGS:   27 20:13:39    -3760.243089        0.924459
BFGS:   28 20:13:41    -3760.413874        0.931813
BFGS:   29 20:13:43    -3760.588987        0.754614
BFGS:   30 20:13:44    -3760.699919        0.546599
BFGS:   31 20:13:46    -3760.775585        0.586296
BFGS:   32 20:13:47    -3760.839188        0.355357
BFGS:   33 20:13:49    -3760.931483        0.514628
BFGS:   34 20:13:51    -3761.008811        0.600997
BFGS:   35 20:13:52    -3761.092857        0.573692
BFGS:   36 20:13:54    -3761.175089        0.577663
BFGS:   37 20:13:55    -3761.280670        0.883911
BFGS:   38 20:13:57    -3761.404465        0.913565
BFGS:   39 20:13:58    -3761.531315        0.602997
BFGS:   40 20:14:00    -3761.630535        0.551496
BFGS:   41 20:14:01    -3761.700379        0.425089
BFGS:   42 20:14:03    -3761.766787        0.536947
BFGS:   43 20:14:05    -3761.826693        0.427592
BFGS:   44 20:14:07    -3761.873591        0.386436
BFGS:   45 20:14:08    -3761.911632        0.329255
BFGS:   46 20:14:09    -3761.943384        0.385076
BFGS:   47 20:14:11    -3761.973851        0.311680
BFGS:   48 20:14:12    -3761.996600        0.214738
BFGS:   49 20:14:13    -3762.011276        0.173904
BFGS:   50 20:14:14    -3762.021484        0.162269
BFGS:   51 20:14:16    -3762.030320        0.145581
BFGS:   52 20:14:17    -3762.038496        0.149234
BFGS:   53 20:14:18    -3762.045943        0.151786
BFGS:   54 20:14:19    -3762.053165        0.153154
BFGS:   55 20:14:21    -3762.060680        0.146500
BFGS:   56 20:14:22    -3762.068511        0.150870
BFGS:   57 20:14:23    -3762.075472        0.150700
BFGS:   58 20:14:24    -3762.081942        0.131000
BFGS:   59 20:14:25    -3762.089701        0.138852
BFGS:   60 20:14:27    -3762.099494        0.184432
BFGS:   61 20:14:28    -3762.109417        0.202995
BFGS:   62 20:14:29    -3762.116726        0.140838
BFGS:   63 20:14:30    -3762.121312        0.104595
BFGS:   64 20:14:31    -3762.124550        0.079346
BFGS:   65 20:14:32    -3762.127227        0.088898
BFGS:   66 20:14:33    -3762.129143        0.056573
BFGS:   67 20:14:35    -3762.130473        0.075210
BFGS:   68 20:14:36    -3762.131807        0.071212
BFGS:   69 20:14:37    -3762.133465        0.081105
BFGS:   70 20:14:38    -3762.135279        0.067121
BFGS:   71 20:14:39    -3762.136894        0.069772
BFGS:   72 20:14:40    -3762.138389        0.086237
BFGS:   73 20:14:41    -3762.140183        0.083443
BFGS:   74 20:14:42    -3762.142573        0.093338
BFGS:   75 20:14:44    -3762.145236        0.087092
BFGS:   76 20:14:45    -3762.147500        0.114378
BFGS:   77 20:14:46    -3762.149177        0.110108
BFGS:   78 20:14:47    -3762.150499        0.095698
BFGS:   79 20:14:48    -3762.151558        0.065465
BFGS:   80 20:14:49    -3762.152299        0.036669
BFGS:   81 20:14:50    -3762.152729        0.040390
BFGS:   82 20:14:51    -3762.152997        0.030011
BFGS:   83 20:14:52    -3762.153187        0.027254
BFGS:   84 20:14:53    -3762.153353        0.021626
BFGS:   85 20:14:54    -3762.153492        0.025762
BFGS:   86 20:14:55    -3762.153641        0.021419
BFGS:   87 20:14:56    -3762.153789        0.020698
BFGS:   88 20:14:57    -3762.153914        0.019172
BFGS:   89 20:14:58    -3762.154038        0.021978
BFGS:   90 20:14:59    -3762.154168        0.020667
BFGS:   91 20:15:00    -3762.154321        0.021474
BFGS:   92 20:15:01    -3762.154494        0.024846
BFGS:   93 20:15:02    -3762.154686        0.021590
BFGS:   94 20:15:03    -3762.154883        0.027442
BFGS:   95 20:15:05    -3762.155106        0.023416
BFGS:   96 20:15:06    -3762.155397        0.030972
BFGS:   97 20:15:07    -3762.155803        0.037984
BFGS:   98 20:15:08    -3762.156358        0.052844
BFGS:   99 20:15:09    -3762.157084        0.069094
BFGS:  100 20:15:11    -3762.158029        0.068406
BFGS:  101 20:15:12    -3762.159291        0.070412
BFGS:  102 20:15:13    -3762.160891        0.081721
BFGS:  103 20:15:15    -3762.162715        0.076497
BFGS:  104 20:15:16    -3762.164427        0.073438
BFGS:  105 20:15:17    -3762.165785        0.097155
BFGS:  106 20:15:18    -3762.166744        0.079728
BFGS:  107 20:15:20    -3762.168054        0.077424
BFGS:  108 20:15:21    -3762.169603        0.092373
BFGS:  109 20:15:22    -3762.170955        0.065554
BFGS:  110 20:15:23    -3762.171694        0.049424
BFGS:  111 20:15:24    -3762.172389        0.038395
BFGS:  112 20:15:25    -3762.172938        0.038451
BFGS:  113 20:15:26    -3762.173410        0.032597
BFGS:  114 20:15:27    -3762.173792        0.034542
BFGS:  115 20:15:28    -3762.174138        0.040381
BFGS:  116 20:15:29    -3762.174468        0.033909
BFGS:  117 20:15:31    -3762.174762        0.022409
BFGS:  118 20:15:32    -3762.175016        0.028444
BFGS:  119 20:15:33    -3762.175253        0.039083
BFGS:  120 20:15:34    -3762.175481        0.037195
BFGS:  121 20:15:35    -3762.175702        0.025053
BFGS:  122 20:15:36    -3762.175904        0.021499
BFGS:  123 20:15:37    -3762.176068        0.019035
BFGS:  124 20:15:38    -3762.176205        0.023732
BFGS:  125 20:15:39    -3762.176334        0.021787
BFGS:  126 20:15:40    -3762.176469        0.020287
BFGS:  127 20:15:41    -3762.176611        0.023385
BFGS:  128 20:15:42    -3762.176739        0.017073
BFGS:  129 20:15:42    -3762.176816        0.013344
BFGS:  130 20:15:43    -3762.176856        0.011690
BFGS:  131 20:15:44    -3762.176885        0.008846
