      Step     Time          Energy          fmax
BFGS:    0 13:57:27      -53.105586     6666.079562
BFGS:    1 13:57:27    -1509.770311      863.967900
BFGS:    2 13:57:28    -1879.714750     1746.864548
BFGS:    3 13:57:29    -1922.272314     1547.582401
BFGS:    4 13:57:29    -2086.043329      677.557394
BFGS:    5 13:57:30    -2179.991345      164.148009
BFGS:    6 13:57:31    -2185.561254      253.095102
BFGS:    7 13:57:31    -2227.976130       75.181471
BFGS:    8 13:57:32    -2241.746473       39.256429
BFGS:    9 13:57:32    -2254.168922       33.215659
BFGS:   10 13:57:33    -2261.130481       28.902066
BFGS:   11 13:57:33    -2265.886318       22.923650
BFGS:   12 13:57:34    -2270.365997       14.799669
BFGS:   13 13:57:35    -2273.422769        7.600577
BFGS:   14 13:57:35    -2275.246254        6.475171
BFGS:   15 13:57:36    -2276.522993        6.498149
BFGS:   16 13:57:36    -2277.291055        6.180281
BFGS:   17 13:57:36    -2278.286854        6.238374
BFGS:   18 13:57:37    -2279.052422        5.800486
BFGS:   19 13:57:37    -2279.936895        5.686693
BFGS:   20 13:57:38    -2280.952935        5.643318
BFGS:   21 13:57:38    -2282.015552        6.097439
BFGS:   22 13:57:39    -2282.887232        4.078467
BFGS:   23 13:57:39    -2283.478942        3.724032
BFGS:   24 13:57:40    -2284.063069        4.174924
BFGS:   25 13:57:40    -2284.427365        4.594038
BFGS:   26 13:57:41    -2284.886818        3.928258
BFGS:   27 13:57:41    -2285.429504        3.244618
BFGS:   28 13:57:42    -2285.855741        2.803809
BFGS:   29 13:57:42    -2286.393500        2.839829
BFGS:   30 13:57:43    -2286.728434        2.455024
BFGS:   31 13:57:43    -2287.011431        2.030598
BFGS:   32 13:57:44    -2287.311178        2.144938
BFGS:   33 13:57:44    -2287.598459        2.154366
BFGS:   34 13:57:45    -2287.848907        2.051265
BFGS:   35 13:57:45    -2288.071166        2.038469
BFGS:   36 13:57:46    -2288.262874        2.087295
BFGS:   37 13:57:46    -2288.593439        2.280238
BFGS:   38 13:57:47    -2288.925877        2.407518
BFGS:   39 13:57:48    -2289.277703        2.672178
BFGS:   40 13:57:48    -2289.595402        5.085629
BFGS:   41 13:57:49    -2289.940787        1.950170
BFGS:   42 13:57:49    -2290.087205        1.928247
BFGS:   43 13:57:50    -2290.198547        1.921779
BFGS:   44 13:57:50    -2290.345931        1.865838
BFGS:   45 13:57:51    -2290.436022        1.845855
BFGS:   46 13:57:51    -2290.530292        1.711759
BFGS:   47 13:57:52    -2290.610253        1.600386
BFGS:   48 13:57:52    -2290.705905        1.385350
BFGS:   49 13:57:53    -2290.801091        1.146622
BFGS:   50 13:57:53    -2290.882476        0.907515
BFGS:   51 13:57:54    -2290.957908        0.903557
BFGS:   52 13:57:54    -2291.054111        0.779230
BFGS:   53 13:57:55    -2291.143449        0.676592
BFGS:   54 13:57:55    -2291.230479        0.606115
BFGS:   55 13:57:56    -2291.294893        0.902951
BFGS:   56 13:57:56    -2291.360133        1.126581
BFGS:   57 13:57:57    -2291.430232        0.826951
BFGS:   58 13:57:57    -2291.514109        1.164654
BFGS:   59 13:57:58    -2291.557868        0.947141
BFGS:   60 13:57:58    -2291.601355        1.119457
BFGS:   61 13:57:59    -2291.633865        1.137990
BFGS:   62 13:57:59    -2291.669385        1.040744
BFGS:   63 13:58:00    -2291.703346        0.969100
BFGS:   64 13:58:00    -2291.742056        0.778609
BFGS:   65 13:58:01    -2291.775504        0.797438
BFGS:   66 13:58:01    -2291.811674        0.905782
BFGS:   67 13:58:02    -2291.848363        1.067756
BFGS:   68 13:58:02    -2291.878134        1.224769
BFGS:   69 13:58:03    -2291.901859        1.327271
BFGS:   70 13:58:03    -2291.924039        1.292386
BFGS:   71 13:58:04    -2291.944917        1.172497
BFGS:   72 13:58:04    -2291.963931        1.036904
BFGS:   73 13:58:05    -2291.977692        0.912640
BFGS:   74 13:58:05    -2291.988276        0.764893
BFGS:   75 13:58:05    -2291.998234        0.600725
BFGS:   76 13:58:06    -2292.008607        0.464370
BFGS:   77 13:58:06    -2292.019030        0.357945
BFGS:   78 13:58:07    -2292.031339        0.417212
BFGS:   79 13:58:07    -2292.043273        0.522270
BFGS:   80 13:58:08    -2292.064777        0.569397
BFGS:   81 13:58:08    -2292.091196        0.701361
BFGS:   82 13:58:09    -2292.127961        0.870072
BFGS:   83 13:58:10    -2292.182892        0.843566
BFGS:   84 13:58:10    -2292.226484        0.750913
BFGS:   85 13:58:11    -2292.249150        0.632197
BFGS:   86 13:58:11    -2292.260247        0.342274
BFGS:   87 13:58:12    -2292.270310        0.333219
BFGS:   88 13:58:12    -2292.274860        0.324769
BFGS:   89 13:58:12    -2292.278997        0.336896
BFGS:   90 13:58:13    -2292.281624        0.335782
BFGS:   91 13:58:13    -2292.283088        0.337687
BFGS:   92 13:58:13    -2292.284570        0.325614
BFGS:   93 13:58:14    -2292.285772        0.314446
BFGS:   94 13:58:14    -2292.286682        0.314687
BFGS:   95 13:58:14    -2292.287685        0.309437
BFGS:   96 13:58:15    -2292.289004        0.299354
BFGS:   97 13:58:15    -2292.290520        0.284811
BFGS:   98 13:58:16    -2292.292004        0.289218
BFGS:   99 13:58:16    -2292.293475        0.292089
BFGS:  100 13:58:16    -2292.295254        0.287310
BFGS:  101 13:58:17    -2292.297615        0.277317
BFGS:  102 13:58:17    -2292.300280        0.263399
BFGS:  103 13:58:18    -2292.302664        0.281782
BFGS:  104 13:58:18    -2292.304669        0.305176
BFGS:  105 13:58:18    -2292.306793        0.322631
BFGS:  106 13:58:19    -2292.309422        0.333683
BFGS:  107 13:58:19    -2292.312436        0.349650
BFGS:  108 13:58:20    -2292.315477        0.359371
BFGS:  109 13:58:20    -2292.318615        0.356279
BFGS:  110 13:58:21    -2292.322479        0.336274
BFGS:  111 13:58:21    -2292.327556        0.315758
BFGS:  112 13:58:22    -2292.333725        0.343942
BFGS:  113 13:58:22    -2292.340244        0.332761
BFGS:  114 13:58:23    -2292.347559        0.325972
BFGS:  115 13:58:24    -2292.356450        0.303086
BFGS:  116 13:58:24    -2292.368234        0.308899
BFGS:  117 13:58:25    -2292.382444        0.335608
BFGS:  118 13:58:25    -2292.396142        0.449403
BFGS:  119 13:58:26    -2292.405749        0.539190
BFGS:  120 13:58:26    -2292.414619        0.561007
BFGS:  121 13:58:27    -2292.423211        0.625058
BFGS:  122 13:58:27    -2292.432987        0.597845
BFGS:  123 13:58:28    -2292.443852        0.622558
BFGS:  124 13:58:28    -2292.453001        0.626474
BFGS:  125 13:58:29    -2292.461485        0.637817
BFGS:  126 13:58:30    -2292.470822        0.704585
BFGS:  127 13:58:30    -2292.480344        0.773370
BFGS:  128 13:58:31    -2292.491972        0.904227
BFGS:  129 13:58:31    -2292.506688        1.005727
BFGS:  130 13:58:32    -2292.522136        1.149290
BFGS:  131 13:58:32    -2292.537374        1.094493
BFGS:  132 13:58:33    -2292.550011        1.091528
BFGS:  133 13:58:33    -2292.563153        1.029005
BFGS:  134 13:58:34    -2292.575916        0.940637
BFGS:  135 13:58:34    -2292.591756        0.848952
BFGS:  136 13:58:35    -2292.608745        0.765467
BFGS:  137 13:58:35    -2292.626407        0.708074
BFGS:  138 13:58:36    -2292.636776        0.971659
BFGS:  139 13:58:36    -2292.653247        0.573249
BFGS:  140 13:58:37    -2292.663896        0.592995
BFGS:  141 13:58:37    -2292.674174        0.612113
BFGS:  142 13:58:38    -2292.685362        0.590325
BFGS:  143 13:58:38    -2292.694105        0.617347
BFGS:  144 13:58:39    -2292.697913        0.594491
BFGS:  145 13:58:39    -2292.704798        0.610661
BFGS:  146 13:58:40    -2292.710559        0.647483
BFGS:  147 13:58:40    -2292.719444        0.695093
BFGS:  148 13:58:41    -2292.730174        0.798246
BFGS:  149 13:58:41    -2292.746155        0.887701
BFGS:  150 13:58:42    -2292.765535        1.011643
BFGS:  151 13:58:42    -2292.784401        0.955600
BFGS:  152 13:58:43    -2292.801401        0.973955
BFGS:  153 13:58:43    -2292.811748        1.021470
BFGS:  154 13:58:44    -2292.825386        1.124015
BFGS:  155 13:58:44    -2292.843506        1.160651
BFGS:  156 13:58:45    -2292.866259        1.190260
BFGS:  157 13:58:45    -2292.889882        1.223594
BFGS:  158 13:58:46    -2292.906260        1.365288
BFGS:  159 13:58:46    -2292.926179        1.375053
BFGS:  160 13:58:47    -2292.952784        1.291890
BFGS:  161 13:58:47    -2292.976772        1.165189
BFGS:  162 13:58:48    -2293.014173        0.971458
BFGS:  163 13:58:48    -2293.032900        0.941190
BFGS:  164 13:58:48    -2293.064413        0.776469
BFGS:  165 13:58:49    -2293.104425        0.624443
BFGS:  166 13:58:49    -2293.148245        0.753821
BFGS:  167 13:58:50    -2293.186394        0.673037
BFGS:  168 13:58:50    -2293.220522        0.333236
BFGS:  169 13:58:51    -2293.233849        0.906609
BFGS:  170 13:58:51    -2293.246912        0.754886
BFGS:  171 13:58:52    -2293.258074        0.349589
BFGS:  172 13:58:52    -2293.278497        0.369469
BFGS:  173 13:58:53    -2293.296147        0.493977
BFGS:  174 13:58:53    -2293.306938        0.706364
BFGS:  175 13:58:53    -2293.315433        0.589939
BFGS:  176 13:58:54    -2293.327089        0.558080
BFGS:  177 13:58:54    -2293.341061        0.579763
BFGS:  178 13:58:55    -2293.350469        0.565095
BFGS:  179 13:58:55    -2293.362068        0.602004
BFGS:  180 13:58:56    -2293.377757        0.541664
BFGS:  181 13:58:56    -2293.393019        0.790678
BFGS:  182 13:58:57    -2293.415587        0.544281
BFGS:  183 13:58:57    -2293.434446        0.558628
BFGS:  184 13:58:58    -2293.453685        0.680866
BFGS:  185 13:58:58    -2293.462672        0.736471
BFGS:  186 13:58:59    -2293.478634        0.650973
BFGS:  187 13:58:59    -2293.515808        0.487205
BFGS:  188 13:59:00    -2293.535646        0.743750
BFGS:  189 13:59:00    -2293.555612        0.700997
BFGS:  190 13:59:01    -2293.575527        0.609822
BFGS:  191 13:59:01    -2293.594477        0.468441
BFGS:  192 13:59:01    -2293.618145        0.346009
BFGS:  193 13:59:02    -2293.631887        0.382021
BFGS:  194 13:59:02    -2293.651578        0.303554
BFGS:  195 13:59:03    -2293.667011        0.377468
BFGS:  196 13:59:03    -2293.684347        0.383836
BFGS:  197 13:59:04    -2293.699362        0.504005
BFGS:  198 13:59:04    -2293.715038        0.596229
BFGS:  199 13:59:05    -2293.729042        0.625016
BFGS:  200 13:59:05    -2293.745988        0.610152
