      Step     Time          Energy          fmax
BFGS:    0 14:05:08    -3416.261851        4.501846
BFGS:    1 14:05:10    -3417.912834        3.126091
BFGS:    2 14:05:12    -3419.093038        2.929494
BFGS:    3 14:05:14    -3421.370235        3.543501
BFGS:    4 14:05:16    -3423.113675        4.880079
BFGS:    5 14:05:18    -3424.623961        5.353339
BFGS:    6 14:05:20    -3427.602672        8.603900
BFGS:    7 14:05:21    -3428.176646       10.337365
BFGS:    8 14:05:23    -3430.467163        5.231844
BFGS:    9 14:05:25    -3431.816629        4.675499
BFGS:   10 14:05:27    -3433.449739        3.763694
BFGS:   11 14:05:28    -3434.052148        1.925948
BFGS:   12 14:05:30    -3434.384006        1.077939
BFGS:   13 14:05:31    -3434.501066        0.747104
BFGS:   14 14:05:33    -3434.660446        0.969623
BFGS:   15 14:05:34    -3434.778280        0.585822
BFGS:   16 14:05:36    -3434.920600        0.921996
BFGS:   17 14:05:37    -3435.034267        1.136823
BFGS:   18 14:05:38    -3435.174558        1.245227
BFGS:   19 14:05:40    -3435.357051        1.132031
BFGS:   20 14:05:41    -3435.662922        1.162453
BFGS:   21 14:05:42    -3436.087682        1.473245
BFGS:   22 14:05:44    -3436.588894        1.657593
BFGS:   23 14:05:45    -3437.186352        2.901396
BFGS:   24 14:05:46    -3437.860485        4.051590
BFGS:   25 14:05:48    -3438.565169        4.273419
BFGS:   26 14:05:49    -3439.140534        5.571693
BFGS:   27 14:05:51    -3440.885100        4.851903
BFGS:   28 14:05:52    -3442.842131        5.275943
BFGS:   29 14:05:54    -3445.209451        5.833700
BFGS:   30 14:05:55    -3447.530857        7.655699
BFGS:   31 14:05:56    -3448.205808        5.101246
BFGS:   32 14:05:58    -3450.160787        4.872148
BFGS:   33 14:05:59    -3452.187598        5.046983
BFGS:   34 14:06:00    -3453.176438        3.379913
BFGS:   35 14:06:02    -3454.003320        2.799791
BFGS:   36 14:06:03    -3454.460805        2.045574
BFGS:   37 14:06:05    -3454.967940        1.942881
BFGS:   38 14:06:06    -3455.280463        2.040201
BFGS:   39 14:06:08    -3455.579289        1.998599
BFGS:   40 14:06:09    -3455.842353        1.194552
BFGS:   41 14:06:10    -3456.068384        0.898128
BFGS:   42 14:06:12    -3456.215149        0.688829
BFGS:   43 14:06:13    -3456.301492        0.867719
BFGS:   44 14:06:14    -3456.393989        0.827914
BFGS:   45 14:06:15    -3456.471329        0.898110
BFGS:   46 14:06:16    -3456.554758        0.599683
BFGS:   47 14:06:18    -3456.628618        0.547248
BFGS:   48 14:06:19    -3456.727712        0.482939
BFGS:   49 14:06:20    -3456.773928        0.911636
BFGS:   50 14:06:21    -3456.853477        0.819407
BFGS:   51 14:06:23    -3456.974326        1.067836
BFGS:   52 14:06:24    -3457.356154        2.565073
BFGS:   53 14:06:25    -3458.117981        2.424619
BFGS:   54 14:06:27    -3457.298686       12.506404
BFGS:   55 14:06:28    -3457.318151        7.190378
BFGS:   56 14:06:30    -3458.273874        3.441161
BFGS:   57 14:06:31    -3458.877383        2.142696
BFGS:   58 14:06:32    -3459.029129        1.156085
BFGS:   59 14:06:33    -3459.158109        1.287378
BFGS:   60 14:06:34    -3459.245246        1.106042
BFGS:   61 14:06:35    -3459.352095        0.726994
BFGS:   62 14:06:37    -3459.390549        0.806344
BFGS:   63 14:06:38    -3459.436443        0.481981
BFGS:   64 14:06:39    -3459.465392        0.456910
BFGS:   65 14:06:40    -3459.494304        0.470259
BFGS:   66 14:06:41    -3459.517928        0.438213
BFGS:   67 14:06:42    -3459.541721        0.444165
BFGS:   68 14:06:43    -3459.563984        0.384800
BFGS:   69 14:06:44    -3459.583185        0.338972
BFGS:   70 14:06:45    -3459.598347        0.294786
BFGS:   71 14:06:47    -3459.612307        0.278608
BFGS:   72 14:06:48    -3459.627109        0.380557
BFGS:   73 14:06:49    -3459.642956        0.390518
BFGS:   74 14:06:50    -3459.658911        0.286468
BFGS:   75 14:06:51    -3459.674478        0.254962
BFGS:   76 14:06:52    -3459.689901        0.289906
BFGS:   77 14:06:53    -3459.704682        0.362737
BFGS:   78 14:06:54    -3459.717405        0.224433
BFGS:   79 14:06:55    -3459.728526        0.300834
BFGS:   80 14:06:56    -3459.740111        0.329523
BFGS:   81 14:06:57    -3459.752677        0.415928
BFGS:   82 14:06:58    -3459.765452        0.376713
BFGS:   83 14:07:00    -3459.778051        0.298166
BFGS:   84 14:07:01    -3459.791339        0.345903
BFGS:   85 14:07:02    -3459.806345        0.358176
BFGS:   86 14:07:03    -3459.822061        0.340760
BFGS:   87 14:07:04    -3459.835511        0.231109
BFGS:   88 14:07:05    -3459.846421        0.233159
BFGS:   89 14:07:06    -3459.856797        0.295269
BFGS:   90 14:07:07    -3459.866779        0.315246
BFGS:   91 14:07:08    -3459.874520        0.160065
BFGS:   92 14:07:09    -3459.878979        0.121011
BFGS:   93 14:07:10    -3459.881626        0.138019
BFGS:   94 14:07:11    -3459.883497        0.125557
BFGS:   95 14:07:12    -3459.885637        0.069263
BFGS:   96 14:07:13    -3459.887174        0.088514
BFGS:   97 14:07:14    -3459.889329        0.121438
BFGS:   98 14:07:15    -3459.891577        0.131975
BFGS:   99 14:07:16    -3459.894265        0.089769
BFGS:  100 14:07:17    -3459.897195        0.115098
BFGS:  101 14:07:18    -3459.900678        0.122892
BFGS:  102 14:07:19    -3459.904817        0.149821
BFGS:  103 14:07:20    -3459.909679        0.132034
BFGS:  104 14:07:21    -3459.914927        0.117054
BFGS:  105 14:07:22    -3459.920083        0.096279
BFGS:  106 14:07:23    -3459.924586        0.130730
BFGS:  107 14:07:24    -3459.928363        0.122626
BFGS:  108 14:07:25    -3459.931635        0.108555
BFGS:  109 14:07:25    -3459.934627        0.090746
BFGS:  110 14:07:26    -3459.937355        0.100559
BFGS:  111 14:07:27    -3459.939733        0.098410
BFGS:  112 14:07:28    -3459.941761        0.075034
BFGS:  113 14:07:29    -3459.943578        0.075320
BFGS:  114 14:07:30    -3459.945250        0.068319
BFGS:  115 14:07:31    -3459.946760        0.061229
BFGS:  116 14:07:32    -3459.948082        0.050629
BFGS:  117 14:07:33    -3459.949227        0.043936
BFGS:  118 14:07:34    -3459.950270        0.061147
BFGS:  119 14:07:35    -3459.951279        0.065033
BFGS:  120 14:07:36    -3459.952260        0.047646
BFGS:  121 14:07:37    -3459.953171        0.045305
BFGS:  122 14:07:37    -3459.953958        0.064756
BFGS:  123 14:07:38    -3459.954591        0.070606
BFGS:  124 14:07:39    -3459.955190        0.053455
BFGS:  125 14:07:40    -3459.955836        0.051021
BFGS:  126 14:07:41    -3459.956600        0.075074
BFGS:  127 14:07:42    -3459.957471        0.073342
BFGS:  128 14:07:43    -3459.958346        0.049439
BFGS:  129 14:07:44    -3459.959143        0.042242
BFGS:  130 14:07:45    -3459.959839        0.040771
BFGS:  131 14:07:45    -3459.960474        0.047902
BFGS:  132 14:07:46    -3459.961112        0.045637
BFGS:  133 14:07:47    -3459.961772        0.051524
BFGS:  134 14:07:48    -3459.962416        0.054734
BFGS:  135 14:07:49    -3459.962932        0.041793
BFGS:  136 14:07:50    -3459.963294        0.033488
BFGS:  137 14:07:50    -3459.963560        0.026904
BFGS:  138 14:07:51    -3459.963767        0.018473
BFGS:  139 14:07:52    -3459.963920        0.019788
BFGS:  140 14:07:53    -3459.964021        0.015122
BFGS:  141 14:07:53    -3459.964098        0.013796
BFGS:  142 14:07:54    -3459.964165        0.011949
BFGS:  143 14:07:55    -3459.964219        0.010821
BFGS:  144 14:07:55    -3459.964258        0.009619
