      Step     Time          Energy          fmax
BFGS:    0 13:40:33    -2323.736471       75.232571
BFGS:    1 13:40:34    -2361.788237        6.542461
BFGS:    2 13:40:35    -2363.742983        2.645316
BFGS:    3 13:40:35    -2364.393489        1.368539
BFGS:    4 13:40:36    -2364.702981        1.029084
BFGS:    5 13:40:36    -2365.052981        1.530184
BFGS:    6 13:40:37    -2365.227411        1.846133
BFGS:    7 13:40:37    -2365.412360        1.397922
BFGS:    8 13:40:38    -2365.521267        0.877058
BFGS:    9 13:40:38    -2365.589304        0.600829
BFGS:   10 13:40:39    -2365.647925        0.648032
BFGS:   11 13:40:39    -2365.693687        0.729332
BFGS:   12 13:40:40    -2365.736154        0.574774
BFGS:   13 13:40:40    -2365.782198        0.573038
BFGS:   14 13:40:41    -2365.817999        0.395755
BFGS:   15 13:40:41    -2365.837826        0.490731
BFGS:   16 13:40:41    -2365.852720        0.283286
BFGS:   17 13:40:42    -2365.867366        0.333036
BFGS:   18 13:40:42    -2365.884147        0.338321
BFGS:   19 13:40:43    -2365.902040        0.350222
BFGS:   20 13:40:43    -2365.920720        0.410682
BFGS:   21 13:40:44    -2365.942250        0.348411
BFGS:   22 13:40:44    -2365.968575        0.447235
BFGS:   23 13:40:45    -2365.991704        0.352646
BFGS:   24 13:40:45    -2366.006051        0.303062
BFGS:   25 13:40:46    -2366.016698        0.306459
BFGS:   26 13:40:46    -2366.027023        0.261734
BFGS:   27 13:40:47    -2366.035841        0.189078
BFGS:   28 13:40:47    -2366.041817        0.181361
BFGS:   29 13:40:47    -2366.045491        0.136864
BFGS:   30 13:40:48    -2366.047858        0.121550
BFGS:   31 13:40:48    -2366.049500        0.085602
BFGS:   32 13:40:49    -2366.050574        0.066065
BFGS:   33 13:40:49    -2366.051213        0.055323
BFGS:   34 13:40:49    -2366.051647        0.050180
BFGS:   35 13:40:50    -2366.051991        0.035561
BFGS:   36 13:40:50    -2366.052280        0.042878
BFGS:   37 13:40:50    -2366.052591        0.036295
BFGS:   38 13:40:51    -2366.052929        0.039236
BFGS:   39 13:40:51    -2366.053263        0.036018
BFGS:   40 13:40:52    -2366.053505        0.032756
BFGS:   41 13:40:52    -2366.053688        0.030957
BFGS:   42 13:40:52    -2366.053883        0.035603
BFGS:   43 13:40:53    -2366.054141        0.039721
BFGS:   44 13:40:53    -2366.054457        0.041977
BFGS:   45 13:40:53    -2366.054815        0.047121
BFGS:   46 13:40:54    -2366.055205        0.036181
BFGS:   47 13:40:54    -2366.055616        0.040403
BFGS:   48 13:40:54    -2366.056009        0.039833
BFGS:   49 13:40:55    -2366.056347        0.044623
BFGS:   50 13:40:55    -2366.056630        0.039721
BFGS:   51 13:40:55    -2366.056898        0.029163
BFGS:   52 13:40:56    -2366.057197        0.036715
BFGS:   53 13:40:56    -2366.057559        0.049408
BFGS:   54 13:40:56    -2366.058041        0.057747
BFGS:   55 13:40:57    -2366.058652        0.063717
BFGS:   56 13:40:57    -2366.059399        0.049677
BFGS:   57 13:40:58    -2366.060217        0.054202
BFGS:   58 13:40:58    -2366.061077        0.077562
BFGS:   59 13:40:58    -2366.061999        0.075104
BFGS:   60 13:40:59    -2366.063038        0.068400
BFGS:   61 13:40:59    -2366.064261        0.109504
BFGS:   62 13:41:00    -2366.065960        0.152789
BFGS:   63 13:41:00    -2366.068913        0.196321
BFGS:   64 13:41:01    -2366.074143        0.267350
BFGS:   65 13:41:01    -2366.016518        0.593362
BFGS:   66 13:41:02    -2366.086266        0.252323
BFGS:   67 13:41:02    -2366.095060        0.228184
BFGS:   68 13:41:03    -2366.098335        0.400438
BFGS:   69 13:41:03    -2366.126233        0.188663
BFGS:   70 13:41:04    -2366.132359        0.137698
BFGS:   71 13:41:04    -2366.140240        0.231795
BFGS:   72 13:41:05    -2366.144508        0.191001
BFGS:   73 13:41:05    -2366.149657        0.112463
BFGS:   74 13:41:06    -2366.150569        0.103616
BFGS:   75 13:41:06    -2366.152410        0.055862
BFGS:   76 13:41:06    -2366.153164        0.065441
BFGS:   77 13:41:07    -2366.154080        0.059861
BFGS:   78 13:41:07    -2366.154660        0.039860
BFGS:   79 13:41:07    -2366.155246        0.044530
BFGS:   80 13:41:08    -2366.155977        0.056568
BFGS:   81 13:41:08    -2366.157228        0.094298
BFGS:   82 13:41:08    -2366.159191        0.122388
BFGS:   83 13:41:09    -2366.162032        0.117825
BFGS:   84 13:41:09    -2366.166078        0.149073
BFGS:   85 13:41:10    -2366.172623        0.192695
BFGS:   86 13:41:10    -2366.187065        0.369755
BFGS:   87 13:41:10    -2366.207755        1.017718
BFGS:   88 13:41:11    -2366.217168        2.115508
BFGS:   89 13:41:11    -2366.302828        1.700321
BFGS:   90 13:41:12    -2366.597522        2.072253
BFGS:   91 13:41:12    -2366.160373        5.766232
BFGS:   92 13:41:13    -2366.496653        2.846460
BFGS:   93 13:41:13    -2367.097268        1.019073
BFGS:   94 13:41:14    -2367.269021        1.080792
BFGS:   95 13:41:14    -2367.566868        0.815292
BFGS:   96 13:41:15    -2367.668307        0.581302
BFGS:   97 13:41:15    -2367.763337        0.486340
BFGS:   98 13:41:15    -2367.800232        0.349900
BFGS:   99 13:41:16    -2367.838647        0.363802
BFGS:  100 13:41:16    -2367.877892        0.385606
BFGS:  101 13:41:17    -2367.925782        0.429885
BFGS:  102 13:41:17    -2367.973325        0.542370
BFGS:  103 13:41:17    -2368.012351        0.388594
BFGS:  104 13:41:18    -2368.041003        0.382676
BFGS:  105 13:41:18    -2368.064699        0.319101
BFGS:  106 13:41:18    -2368.087931        0.366707
BFGS:  107 13:41:19    -2368.110948        0.288141
BFGS:  108 13:41:19    -2368.132799        0.316579
BFGS:  109 13:41:20    -2368.152405        0.308837
BFGS:  110 13:41:20    -2368.168452        0.207973
BFGS:  111 13:41:20    -2368.180772        0.220907
BFGS:  112 13:41:21    -2368.190246        0.196028
BFGS:  113 13:41:21    -2368.198280        0.183495
BFGS:  114 13:41:21    -2368.206171        0.178032
BFGS:  115 13:41:22    -2368.213426        0.146595
BFGS:  116 13:41:22    -2368.219167        0.116066
BFGS:  117 13:41:23    -2368.223893        0.106208
BFGS:  118 13:41:23    -2368.228772        0.120801
BFGS:  119 13:41:23    -2368.234210        0.121841
BFGS:  120 13:41:24    -2368.239166        0.117087
BFGS:  121 13:41:24    -2368.242472        0.100562
BFGS:  122 13:41:24    -2368.244542        0.077098
BFGS:  123 13:41:25    -2368.246289        0.083109
BFGS:  124 13:41:25    -2368.247973        0.079835
BFGS:  125 13:41:25    -2368.249526        0.085297
BFGS:  126 13:41:26    -2368.250956        0.067400
BFGS:  127 13:41:26    -2368.252412        0.089794
BFGS:  128 13:41:26    -2368.254026        0.111141
BFGS:  129 13:41:27    -2368.255878        0.111735
BFGS:  130 13:41:27    -2368.258047        0.105525
BFGS:  131 13:41:27    -2368.260964        0.111282
BFGS:  132 13:41:27    -2368.265396        0.116636
BFGS:  133 13:41:28    -2368.272022        0.148340
BFGS:  134 13:41:28    -2368.280927        0.198098
BFGS:  135 13:41:29    -2368.293969        0.328050
BFGS:  136 13:41:29    -2368.325232        0.681792
BFGS:  137 13:41:30    -2368.345348        1.348429
BFGS:  138 13:41:30    -2368.301028        2.031368
BFGS:  139 13:41:31    -2368.431696        1.603648
BFGS:  140 13:41:31    -2368.480559        2.478950
BFGS:  141 13:41:31    -2368.707232        2.071695
BFGS:  142 13:41:32    -2369.022737        2.463378
BFGS:  143 13:41:32    -2369.370724        2.067459
BFGS:  144 13:41:33    -2369.744200        1.387519
BFGS:  145 13:41:33    -2369.992890        1.566423
BFGS:  146 13:41:34    -2370.062745        1.213880
BFGS:  147 13:41:34    -2370.126092        0.433914
BFGS:  148 13:41:34    -2370.167578        0.349492
BFGS:  149 13:41:35    -2370.197724        0.364394
BFGS:  150 13:41:35    -2370.229129        0.314827
BFGS:  151 13:41:36    -2370.257129        0.235209
BFGS:  152 13:41:36    -2370.278241        0.214559
BFGS:  153 13:41:36    -2370.293550        0.203765
BFGS:  154 13:41:37    -2370.304701        0.199644
BFGS:  155 13:41:37    -2370.313730        0.206573
BFGS:  156 13:41:37    -2370.321490        0.185106
BFGS:  157 13:41:38    -2370.328427        0.156459
BFGS:  158 13:41:38    -2370.334299        0.129469
BFGS:  159 13:41:39    -2370.338497        0.119794
BFGS:  160 13:41:39    -2370.341906        0.104864
BFGS:  161 13:41:39    -2370.345546        0.098082
BFGS:  162 13:41:40    -2370.349674        0.091073
BFGS:  163 13:41:40    -2370.353442        0.100861
BFGS:  164 13:41:40    -2370.356451        0.088835
BFGS:  165 13:41:40    -2370.358757        0.093992
BFGS:  166 13:41:41    -2370.360706        0.081037
BFGS:  167 13:41:41    -2370.362103        0.065322
BFGS:  168 13:41:41    -2370.362951        0.059916
BFGS:  169 13:41:42    -2370.363546        0.049516
BFGS:  170 13:41:42    -2370.364082        0.040713
BFGS:  171 13:41:42    -2370.364524        0.031720
BFGS:  172 13:41:42    -2370.364784        0.020158
BFGS:  173 13:41:43    -2370.364911        0.019916
BFGS:  174 13:41:43    -2370.364998        0.015208
BFGS:  175 13:41:43    -2370.365072        0.012830
BFGS:  176 13:41:43    -2370.365122        0.009353
