      Step     Time          Energy          fmax
BFGS:    0 21:12:30    -2423.774215        7.678550
BFGS:    1 21:12:32    -2426.681889        4.573984
BFGS:    2 21:12:33    -2430.235203        4.307303
BFGS:    3 21:12:34    -2434.182967        5.722402
BFGS:    4 21:12:36    -2437.087432        7.288023
BFGS:    5 21:12:37    -2438.822013        8.223994
BFGS:    6 21:12:39    -2440.936378        3.988228
BFGS:    7 21:12:40    -2442.453473        2.736955
BFGS:    8 21:12:42    -2443.571082        2.624993
BFGS:    9 21:12:44    -2443.852893        3.846905
BFGS:   10 21:12:44    -2444.283015        2.608078
BFGS:   11 21:12:45    -2444.574415        1.453644
BFGS:   12 21:12:46    -2444.941681        1.022833
BFGS:   13 21:12:47    -2445.432772        1.867326
BFGS:   14 21:12:49    -2445.627097        1.922900
BFGS:   15 21:12:50    -2445.969386        1.683261
BFGS:   16 21:12:51    -2446.166367        1.110532
BFGS:   17 21:12:52    -2446.546170        1.575605
BFGS:   18 21:12:53    -2446.670903        2.903459
BFGS:   19 21:12:53    -2446.896214        1.650018
BFGS:   20 21:12:54    -2447.050986        1.765783
BFGS:   21 21:12:55    -2447.189740        1.536727
BFGS:   22 21:12:56    -2447.344168        1.530601
BFGS:   23 21:12:57    -2447.322486        3.297181
BFGS:   24 21:12:58    -2447.428587        0.643273
BFGS:   25 21:12:59    -2447.459941        0.755061
BFGS:   26 21:13:00    -2447.617786        2.136712
BFGS:   27 21:13:00    -2447.886502        4.426978
BFGS:   28 21:13:01    -2448.103212        5.698229
BFGS:   29 21:13:03    -2448.373234        5.444145
BFGS:   30 21:13:04    -2449.167191        1.722789
BFGS:   31 21:13:05    -2449.575303        2.140600
BFGS:   32 21:13:05    -2449.725958        1.198353
BFGS:   33 21:13:06    -2449.828323        0.518741
BFGS:   34 21:13:07    -2449.865054        0.657767
BFGS:   35 21:13:08    -2449.915294        0.603955
BFGS:   36 21:13:09    -2449.944663        0.466564
BFGS:   37 21:13:09    -2449.962211        0.314340
BFGS:   38 21:13:10    -2449.977439        0.357327
BFGS:   39 21:13:11    -2449.995169        0.435216
BFGS:   40 21:13:12    -2450.011825        0.374470
BFGS:   41 21:13:12    -2450.026962        0.308097
BFGS:   42 21:13:13    -2450.042984        0.312471
BFGS:   43 21:13:14    -2450.062400        0.444606
BFGS:   44 21:13:15    -2450.084921        0.471271
BFGS:   45 21:13:15    -2450.110293        0.327396
BFGS:   46 21:13:16    -2450.141699        0.398512
BFGS:   47 21:13:17    -2450.182960        0.617505
BFGS:   48 21:13:18    -2450.231565        0.885553
BFGS:   49 21:13:19    -2450.280974        0.786590
BFGS:   50 21:13:19    -2450.326428        0.507044
BFGS:   51 21:13:20    -2450.387264        0.586143
BFGS:   52 21:13:21    -2450.465525        0.724694
BFGS:   53 21:13:22    -2450.535140        1.033902
BFGS:   54 21:13:23    -2450.551847        1.159477
BFGS:   55 21:13:24    -2450.606815        0.818395
BFGS:   56 21:13:24    -2450.638840        1.044828
BFGS:   57 21:13:25    -2450.673897        0.553426
BFGS:   58 21:13:26    -2450.729482        1.090093
BFGS:   59 21:13:27    -2450.763287        1.170499
BFGS:   60 21:13:28    -2450.857458        1.033021
BFGS:   61 21:13:29    -2450.957099        1.479624
BFGS:   62 21:13:30    -2450.993990        2.407241
BFGS:   63 21:13:31    -2451.143308        1.802904
BFGS:   64 21:13:31    -2451.307016        2.261383
BFGS:   65 21:13:32    -2451.540361        3.022827
BFGS:   66 21:13:33    -2451.856201        3.047121
BFGS:   67 21:13:34    -2452.406200        5.072103
BFGS:   68 21:13:34    -2453.059655        9.738903
BFGS:   69 21:13:35    -2453.232621        5.737819
BFGS:   70 21:13:36    -2453.863741        5.136486
BFGS:   71 21:13:37    -2454.645848        2.163641
BFGS:   72 21:13:37    -2455.065305        1.608547
BFGS:   73 21:13:38    -2455.374516        1.794982
BFGS:   74 21:13:39    -2455.577658        1.635368
BFGS:   75 21:13:39    -2455.821551        0.923283
BFGS:   76 21:13:40    -2455.927736        0.673856
BFGS:   77 21:13:40    -2456.112761        1.145686
BFGS:   78 21:13:41    -2456.274350        2.214197
BFGS:   79 21:13:42    -2456.437886        1.154688
BFGS:   80 21:13:42    -2456.548002        0.700230
BFGS:   81 21:13:43    -2456.616444        0.668701
BFGS:   82 21:13:43    -2456.714873        0.753768
BFGS:   83 21:13:44    -2456.818216        0.687209
BFGS:   84 21:13:44    -2456.887206        0.482380
BFGS:   85 21:13:45    -2456.957755        0.463854
BFGS:   86 21:13:45    -2457.023768        0.803472
BFGS:   87 21:13:46    -2457.091685        0.785107
BFGS:   88 21:13:47    -2457.149884        0.508918
BFGS:   89 21:13:47    -2457.201836        0.484926
BFGS:   90 21:13:48    -2457.257263        0.598458
BFGS:   91 21:13:48    -2457.311566        0.666156
BFGS:   92 21:13:49    -2457.360004        0.433278
BFGS:   93 21:13:49    -2457.399656        0.424104
BFGS:   94 21:13:50    -2457.438653        0.602844
BFGS:   95 21:13:50    -2457.475050        0.664282
BFGS:   96 21:13:51    -2457.503666        0.424182
BFGS:   97 21:13:51    -2457.524372        0.324841
BFGS:   98 21:13:52    -2457.545578        0.387923
BFGS:   99 21:13:53    -2457.567354        0.413743
BFGS:  100 21:13:53    -2457.590145        0.396771
BFGS:  101 21:13:54    -2457.610617        0.516426
BFGS:  102 21:13:54    -2457.633428        0.726266
BFGS:  103 21:13:55    -2457.662324        0.763734
BFGS:  104 21:13:55    -2457.692702        0.576401
BFGS:  105 21:13:56    -2457.719487        0.375497
BFGS:  106 21:13:57    -2457.744204        0.333516
BFGS:  107 21:13:57    -2457.768574        0.407500
BFGS:  108 21:13:58    -2457.792372        0.419089
BFGS:  109 21:13:58    -2457.813584        0.330687
BFGS:  110 21:13:59    -2457.830071        0.234940
BFGS:  111 21:13:59    -2457.840727        0.543401
BFGS:  112 21:14:00    -2457.846682        0.860689
BFGS:  113 21:14:00    -2457.858554        0.189115
BFGS:  114 21:14:01    -2457.869331        0.278051
BFGS:  115 21:14:01    -2457.879276        0.399677
BFGS:  116 21:14:02    -2457.890569        0.318002
BFGS:  117 21:14:02    -2457.901884        0.277776
BFGS:  118 21:14:03    -2457.912357        0.239045
BFGS:  119 21:14:03    -2457.922634        0.238071
BFGS:  120 21:14:04    -2457.933875        0.232179
BFGS:  121 21:14:04    -2457.945158        0.223722
BFGS:  122 21:14:05    -2457.955635        0.280597
BFGS:  123 21:14:05    -2457.965469        0.373015
BFGS:  124 21:14:06    -2457.974982        0.257280
BFGS:  125 21:14:06    -2457.983906        0.315469
BFGS:  126 21:14:07    -2457.993201        0.161493
BFGS:  127 21:14:07    -2458.002852        0.195852
BFGS:  128 21:14:08    -2458.011088        0.242177
BFGS:  129 21:14:08    -2458.021018        0.190124
BFGS:  130 21:14:09    -2458.031921        0.169006
BFGS:  131 21:14:09    -2458.043439        0.241766
BFGS:  132 21:14:10    -2458.053602        0.296376
BFGS:  133 21:14:10    -2458.061168        0.197004
BFGS:  134 21:14:11    -2458.067329        0.149145
BFGS:  135 21:14:11    -2458.073838        0.181460
BFGS:  136 21:14:12    -2458.082271        0.213924
BFGS:  137 21:14:12    -2458.091274        0.238742
BFGS:  138 21:14:13    -2458.100101        0.191018
BFGS:  139 21:14:13    -2458.108374        0.203511
BFGS:  140 21:14:14    -2458.118165        0.249916
BFGS:  141 21:14:14    -2458.131595        0.309410
BFGS:  142 21:14:15    -2458.149390        0.343314
BFGS:  143 21:14:15    -2458.168235        0.289879
BFGS:  144 21:14:16    -2458.185377        0.252049
BFGS:  145 21:14:16    -2458.198348        0.332996
BFGS:  146 21:14:17    -2458.211935        0.241297
BFGS:  147 21:14:17    -2458.224783        0.228711
BFGS:  148 21:14:18    -2458.236331        0.189424
BFGS:  149 21:14:18    -2458.244675        0.215405
BFGS:  150 21:14:18    -2458.252749        0.194752
BFGS:  151 21:14:19    -2458.260151        0.204869
BFGS:  152 21:14:19    -2458.267281        0.250114
BFGS:  153 21:14:20    -2458.274361        0.291315
BFGS:  154 21:14:20    -2458.281373        0.259043
BFGS:  155 21:14:21    -2458.288277        0.182066
BFGS:  156 21:14:21    -2458.296366        0.227416
BFGS:  157 21:14:22    -2458.307027        0.368624
BFGS:  158 21:14:22    -2458.319747        0.424963
BFGS:  159 21:14:23    -2458.330514        0.445966
BFGS:  160 21:14:23    -2458.335409        0.550527
BFGS:  161 21:14:24    -2458.347141        0.354377
BFGS:  162 21:14:24    -2458.354228        0.251835
BFGS:  163 21:14:25    -2458.361560        0.218548
BFGS:  164 21:14:25    -2458.367235        0.402584
BFGS:  165 21:14:25    -2458.373099        0.196619
BFGS:  166 21:14:26    -2458.379435        0.150529
BFGS:  167 21:14:26    -2458.384653        0.121440
BFGS:  168 21:14:27    -2458.388337        0.147319
BFGS:  169 21:14:27    -2458.391710        0.120848
BFGS:  170 21:14:28    -2458.395217        0.190742
BFGS:  171 21:14:28    -2458.398387        0.149062
BFGS:  172 21:14:29    -2458.401873        0.130963
BFGS:  173 21:14:29    -2458.405624        0.109322
BFGS:  174 21:14:30    -2458.408938        0.098237
BFGS:  175 21:14:30    -2458.411215        0.154557
BFGS:  176 21:14:31    -2458.413021        0.101263
BFGS:  177 21:14:31    -2458.414933        0.110458
BFGS:  178 21:14:32    -2458.418290        0.123849
BFGS:  179 21:14:32    -2458.422313        0.131522
BFGS:  180 21:14:33    -2458.429028        0.139624
BFGS:  181 21:14:33    -2458.437540        0.208017
BFGS:  182 21:14:33    -2458.447639        0.226973
BFGS:  183 21:14:34    -2458.460090        0.239280
BFGS:  184 21:14:34    -2458.474847        0.223116
BFGS:  185 21:14:35    -2458.491685        0.269565
BFGS:  186 21:14:35    -2458.504384        0.219277
BFGS:  187 21:14:36    -2458.513501        0.161721
BFGS:  188 21:14:36    -2458.519779        0.268517
BFGS:  189 21:14:37    -2458.528369        0.240410
BFGS:  190 21:14:37    -2458.537954        0.311421
BFGS:  191 21:14:38    -2458.547343        0.292329
BFGS:  192 21:14:38    -2458.553835        0.189633
BFGS:  193 21:14:39    -2458.558475        0.118960
BFGS:  194 21:14:39    -2458.562730        0.108815
BFGS:  195 21:14:40    -2458.567142        0.131647
BFGS:  196 21:14:40    -2458.571034        0.098112
BFGS:  197 21:14:40    -2458.573773        0.068809
BFGS:  198 21:14:41    -2458.575449        0.081065
BFGS:  199 21:14:41    -2458.576776        0.123201
BFGS:  200 21:14:41    -2458.578272        0.131767
