      Step     Time          Energy          fmax
BFGS:    0 13:33:23    -2070.585594        5.401008
BFGS:    1 13:33:23    -2073.226502        2.624652
BFGS:    2 13:33:24    -2074.653491        3.064863
BFGS:    3 13:33:24    -2076.258802        2.979001
BFGS:    4 13:33:24    -2079.511924        4.671189
BFGS:    5 13:33:25    -2083.051771        6.612978
BFGS:    6 13:33:26    -2085.387095       15.393691
BFGS:    7 13:33:26    -2085.186977       16.863926
BFGS:    8 13:33:26    -2092.925897        8.192375
BFGS:    9 13:33:27    -2097.515852        7.257807
BFGS:   10 13:33:27    -2100.293865        9.325005
BFGS:   11 13:33:28    -2103.851194        6.243512
BFGS:   12 13:33:28    -2106.529401        4.294926
BFGS:   13 13:33:28    -2106.729695       19.353272
BFGS:   14 13:33:29    -2108.676352        4.445752
BFGS:   15 13:33:29    -2109.575303        4.169835
BFGS:   16 13:33:29    -2111.887330        5.855835
BFGS:   17 13:33:29    -2113.162560        5.604265
BFGS:   18 13:33:30    -2113.995995        4.487811
BFGS:   19 13:33:30    -2115.532586        3.773936
BFGS:   20 13:33:30    -2115.899273        3.221619
BFGS:   21 13:33:30    -2116.399115        1.551498
BFGS:   22 13:33:31    -2116.631698        1.180117
BFGS:   23 13:33:31    -2116.781989        1.167097
BFGS:   24 13:33:31    -2116.878399        1.072508
BFGS:   25 13:33:31    -2117.068244        0.818488
BFGS:   26 13:33:31    -2117.133004        0.800271
BFGS:   27 13:33:32    -2117.222434        0.547317
BFGS:   28 13:33:32    -2117.284427        0.496118
BFGS:   29 13:33:32    -2117.352334        0.566513
BFGS:   30 13:33:32    -2117.405204        0.752635
BFGS:   31 13:33:32    -2117.459415        0.650252
BFGS:   32 13:33:32    -2117.502227        0.440099
BFGS:   33 13:33:33    -2117.536361        0.376651
BFGS:   34 13:33:33    -2117.566110        0.347835
BFGS:   35 13:33:33    -2117.595950        0.427014
BFGS:   36 13:33:33    -2117.625389        0.423531
BFGS:   37 13:33:33    -2117.649592        0.334534
BFGS:   38 13:33:33    -2117.665784        0.253473
BFGS:   39 13:33:34    -2117.677013        0.211506
BFGS:   40 13:33:34    -2117.686696        0.259550
BFGS:   41 13:33:34    -2117.696537        0.203669
BFGS:   42 13:33:34    -2117.706111        0.201411
BFGS:   43 13:33:34    -2117.713497        0.204705
BFGS:   44 13:33:34    -2117.718475        0.137449
BFGS:   45 13:33:35    -2117.722427        0.112403
BFGS:   46 13:33:35    -2117.726562        0.138487
BFGS:   47 13:33:35    -2117.731313        0.166682
BFGS:   48 13:33:35    -2117.736635        0.169662
BFGS:   49 13:33:35    -2117.742686        0.196496
BFGS:   50 13:33:35    -2117.749937        0.201878
BFGS:   51 13:33:35    -2117.758592        0.212419
BFGS:   52 13:33:36    -2117.768135        0.217639
BFGS:   53 13:33:36    -2117.777842        0.219613
BFGS:   54 13:33:36    -2117.787657        0.213368
BFGS:   55 13:33:36    -2117.797879        0.210165
BFGS:   56 13:33:36    -2117.807335        0.222331
BFGS:   57 13:33:36    -2117.814087        0.175992
BFGS:   58 13:33:37    -2117.818311        0.135222
BFGS:   59 13:33:37    -2117.821533        0.123858
BFGS:   60 13:33:37    -2117.825004        0.131939
BFGS:   61 13:33:37    -2117.829449        0.156215
BFGS:   62 13:33:37    -2117.835128        0.166168
BFGS:   63 13:33:37    -2117.842234        0.173523
BFGS:   64 13:33:37    -2117.850580        0.206408
BFGS:   65 13:33:38    -2117.859664        0.225866
BFGS:   66 13:33:38    -2117.869214        0.227941
BFGS:   67 13:33:38    -2117.879826        0.206279
BFGS:   68 13:33:38    -2117.891644        0.261792
BFGS:   69 13:33:38    -2117.903238        0.306468
BFGS:   70 13:33:38    -2117.913039        0.277055
BFGS:   71 13:33:39    -2117.920444        0.213488
BFGS:   72 13:33:39    -2117.925681        0.146362
BFGS:   73 13:33:39    -2117.929357        0.147830
BFGS:   74 13:33:39    -2117.932239        0.110396
BFGS:   75 13:33:39    -2117.935075        0.117787
BFGS:   76 13:33:39    -2117.938006        0.111671
BFGS:   77 13:33:40    -2117.940474        0.087005
BFGS:   78 13:33:40    -2117.942388        0.083386
BFGS:   79 13:33:40    -2117.944288        0.090574
BFGS:   80 13:33:40    -2117.946889        0.121149
BFGS:   81 13:33:40    -2117.950104        0.121973
BFGS:   82 13:33:40    -2117.952954        0.098505
BFGS:   83 13:33:40    -2117.954842        0.078765
BFGS:   84 13:33:41    -2117.956163        0.066736
BFGS:   85 13:33:41    -2117.957367        0.094086
BFGS:   86 13:33:41    -2117.958628        0.097908
BFGS:   87 13:33:41    -2117.959838        0.088535
BFGS:   88 13:33:41    -2117.961162        0.100065
BFGS:   89 13:33:41    -2117.963060        0.120900
BFGS:   90 13:33:42    -2117.966018        0.129351
BFGS:   91 13:33:42    -2117.970244        0.147790
BFGS:   92 13:33:42    -2117.975446        0.172319
BFGS:   93 13:33:42    -2117.981681        0.169953
BFGS:   94 13:33:42    -2117.988627        0.214703
BFGS:   95 13:33:42    -2117.996484        0.206442
BFGS:   96 13:33:43    -2118.003471        0.191753
BFGS:   97 13:33:43    -2118.010310        0.191621
BFGS:   98 13:33:43    -2118.016350        0.181226
BFGS:   99 13:33:43    -2118.023029        0.166735
BFGS:  100 13:33:43    -2118.027342        0.144367
BFGS:  101 13:33:43    -2118.030486        0.123982
BFGS:  102 13:33:44    -2118.032228        0.088370
BFGS:  103 13:33:44    -2118.033765        0.073285
BFGS:  104 13:33:44    -2118.034985        0.079909
BFGS:  105 13:33:44    -2118.035920        0.065842
BFGS:  106 13:33:44    -2118.036630        0.047681
BFGS:  107 13:33:44    -2118.037363        0.051750
BFGS:  108 13:33:44    -2118.038059        0.049500
BFGS:  109 13:33:44    -2118.038693        0.050702
BFGS:  110 13:33:45    -2118.039376        0.051917
BFGS:  111 13:33:45    -2118.040269        0.075439
BFGS:  112 13:33:45    -2118.041451        0.091506
BFGS:  113 13:33:45    -2118.042912        0.092741
BFGS:  114 13:33:45    -2118.044637        0.120508
BFGS:  115 13:33:45    -2118.046635        0.123378
BFGS:  116 13:33:45    -2118.049063        0.118298
BFGS:  117 13:33:46    -2118.051930        0.171384
BFGS:  118 13:33:46    -2118.055387        0.155806
BFGS:  119 13:33:46    -2118.059438        0.226528
BFGS:  120 13:33:46    -2118.064861        0.194522
BFGS:  121 13:33:46    -2118.071145        0.268209
BFGS:  122 13:33:46    -2118.078766        0.195365
BFGS:  123 13:33:47    -2118.084863        0.314214
BFGS:  124 13:33:47    -2118.092754        0.203684
BFGS:  125 13:33:47    -2118.099439        0.185217
BFGS:  126 13:33:47    -2118.109144        0.171635
BFGS:  127 13:33:47    -2118.115384        0.200640
BFGS:  128 13:33:47    -2118.124083        0.191073
BFGS:  129 13:33:48    -2118.120956        0.788901
BFGS:  130 13:33:48    -2118.136155        0.207226
BFGS:  131 13:33:48    -2118.147575        0.285616
BFGS:  132 13:33:48    -2118.151126        0.775308
BFGS:  133 13:33:48    -2118.163035        0.365996
BFGS:  134 13:33:49    -2118.170862        0.427285
BFGS:  135 13:33:49    -2118.034844        1.245240
BFGS:  136 13:33:49    -2118.071215        2.280820
BFGS:  137 13:33:49    -2118.140739        0.401591
BFGS:  138 13:33:50    -2118.176635        0.808731
BFGS:  139 13:33:50    -2118.183063        0.466123
BFGS:  140 13:33:50    -2118.187487        0.510990
BFGS:  141 13:33:50    -2118.189556        0.503868
BFGS:  142 13:33:50    -2118.192963        0.540258
BFGS:  143 13:33:50    -2118.197379        0.582171
BFGS:  144 13:33:51    -2118.204133        0.632445
BFGS:  145 13:33:51    -2118.212352        0.665106
BFGS:  146 13:33:51    -2118.221026        0.659173
BFGS:  147 13:33:51    -2118.229484        0.611739
BFGS:  148 13:33:51    -2118.239178        0.641971
BFGS:  149 13:33:51    -2118.250992        0.685056
BFGS:  150 13:33:52    -2118.263647        0.568124
BFGS:  151 13:33:52    -2118.274592        0.464029
BFGS:  152 13:33:52    -2118.283956        0.350820
BFGS:  153 13:33:52    -2118.292770        0.375285
BFGS:  154 13:33:52    -2118.299414        0.319532
BFGS:  155 13:33:52    -2118.303466        0.312044
BFGS:  156 13:33:52    -2118.306136        0.307213
BFGS:  157 13:33:53    -2118.308769        0.289138
BFGS:  158 13:33:53    -2118.311689        0.283507
BFGS:  159 13:33:53    -2118.314768        0.273837
BFGS:  160 13:33:53    -2118.317163        0.275093
BFGS:  161 13:33:53    -2118.318977        0.269639
BFGS:  162 13:33:53    -2118.320654        0.257664
BFGS:  163 13:33:53    -2118.322293        0.239159
BFGS:  164 13:33:54    -2118.323895        0.221814
BFGS:  165 13:33:54    -2118.325993        0.222391
BFGS:  166 13:33:54    -2118.328923        0.238404
BFGS:  167 13:33:54    -2118.332581        0.230129
BFGS:  168 13:33:54    -2118.336207        0.239520
BFGS:  169 13:33:54    -2118.339554        0.272653
BFGS:  170 13:33:54    -2118.343126        0.294982
BFGS:  171 13:33:55    -2118.347616        0.296202
BFGS:  172 13:33:55    -2118.352724        0.267727
BFGS:  173 13:33:55    -2118.357198        0.223868
BFGS:  174 13:33:55    -2118.360522        0.190947
BFGS:  175 13:33:55    -2118.363229        0.188799
BFGS:  176 13:33:55    -2118.365969        0.177202
BFGS:  177 13:33:56    -2118.368742        0.166012
BFGS:  178 13:33:56    -2118.371547        0.174468
BFGS:  179 13:33:56    -2118.374180        0.182639
BFGS:  180 13:33:56    -2118.376862        0.190188
BFGS:  181 13:33:56    -2118.379561        0.188235
BFGS:  182 13:33:56    -2118.382921        0.186656
BFGS:  183 13:33:57    -2118.386945        0.193882
BFGS:  184 13:33:57    -2118.391583        0.132114
BFGS:  185 13:33:57    -2118.396511        0.133851
BFGS:  186 13:33:57    -2118.400792        0.154053
BFGS:  187 13:33:57    -2118.404476        0.311971
BFGS:  188 13:33:57    -2118.409978        0.256354
BFGS:  189 13:33:58    -2118.417715        0.191319
BFGS:  190 13:33:58    -2118.423279        0.171684
BFGS:  191 13:33:58    -2118.431168        0.190462
BFGS:  192 13:33:58    -2118.438497        0.240977
BFGS:  193 13:33:58    -2118.447687        0.316077
BFGS:  194 13:33:58    -2118.454134        0.414753
BFGS:  195 13:33:59    -2118.467193        0.403873
BFGS:  196 13:33:59    -2118.478722        0.410526
BFGS:  197 13:33:59    -2118.507316        0.481964
BFGS:  198 13:33:59    -2118.545308        0.816274
BFGS:  199 13:33:59    -2118.584266        1.181028
BFGS:  200 13:33:59    -2118.638847        1.216884
