      Step     Time          Energy          fmax
BFGS:    0 21:00:42    -2068.632471        5.919393
BFGS:    1 21:00:43    -2071.440126        4.172810
BFGS:    2 21:00:44    -2073.188647        3.535835
BFGS:    3 21:00:44    -2076.120117        3.424001
BFGS:    4 21:00:45    -2078.928404        4.372294
BFGS:    5 21:00:46    -2080.897815       12.364725
BFGS:    6 21:00:47    -2086.055666       14.632215
BFGS:    7 21:00:47    -2091.518125       16.492888
BFGS:    8 21:00:48    -2093.244059       11.154313
BFGS:    9 21:00:49    -2096.870281        6.568628
BFGS:   10 21:00:49    -2098.537599        5.044632
BFGS:   11 21:00:50    -2100.670868        5.551800
BFGS:   12 21:00:51    -2101.738445        2.610824
BFGS:   13 21:00:52    -2102.872456        2.489913
BFGS:   14 21:00:53    -2103.798682        2.124998
BFGS:   15 21:00:53    -2104.457961        1.635726
BFGS:   16 21:00:54    -2104.697733        1.614741
BFGS:   17 21:00:55    -2105.002142        2.371354
BFGS:   18 21:00:55    -2105.184251        2.558744
BFGS:   19 21:00:56    -2105.437720        1.692120
BFGS:   20 21:00:56    -2105.996069        1.693838
BFGS:   21 21:00:57    -2106.745404        3.559051
BFGS:   22 21:00:58    -2106.242288        8.152872
BFGS:   23 21:00:58    -2107.927208        2.921426
BFGS:   24 21:00:59    -2108.727478        2.399180
BFGS:   25 21:01:00    -2109.895526        1.480030
BFGS:   26 21:01:00    -2110.366351        1.926279
BFGS:   27 21:01:01    -2110.601174        1.254479
BFGS:   28 21:01:02    -2110.913931        0.751814
BFGS:   29 21:01:02    -2111.004637        0.950595
BFGS:   30 21:01:03    -2111.145715        0.663671
BFGS:   31 21:01:04    -2111.239460        0.591654
BFGS:   32 21:01:04    -2111.320015        0.615468
BFGS:   33 21:01:05    -2111.399448        0.910630
BFGS:   34 21:01:06    -2111.496295        1.315172
BFGS:   35 21:01:06    -2111.603423        1.657647
BFGS:   36 21:01:07    -2111.727066        1.514375
BFGS:   37 21:01:07    -2111.828338        1.115376
BFGS:   38 21:01:08    -2111.922124        1.055121
BFGS:   39 21:01:08    -2112.056437        1.137421
BFGS:   40 21:01:09    -2112.226233        1.375936
BFGS:   41 21:01:09    -2112.397503        0.794922
BFGS:   42 21:01:10    -2112.531741        0.891404
BFGS:   43 21:01:11    -2112.658885        0.772657
BFGS:   44 21:01:11    -2112.794729        0.796474
BFGS:   45 21:01:12    -2112.920618        1.224564
BFGS:   46 21:01:12    -2113.046070        2.523702
BFGS:   47 21:01:13    -2113.122566        3.571701
BFGS:   48 21:01:13    -2113.239409        3.483673
BFGS:   49 21:01:13    -2113.338165        3.473714
BFGS:   50 21:01:14    -2113.420123        3.370751
BFGS:   51 21:01:14    -2113.487670        3.194979
BFGS:   52 21:01:15    -2113.537973        3.223794
BFGS:   53 21:01:15    -2113.591584        3.151505
BFGS:   54 21:01:16    -2113.657678        2.820033
BFGS:   55 21:01:16    -2113.694858        2.625222
BFGS:   56 21:01:16    -2113.744851        2.270914
BFGS:   57 21:01:17    -2113.777728        2.060231
BFGS:   58 21:01:17    -2113.823945        1.793213
BFGS:   59 21:01:18    -2113.873098        1.614481
BFGS:   60 21:01:18    -2113.921653        1.433126
BFGS:   61 21:01:19    -2113.958553        1.591901
BFGS:   62 21:01:19    -2113.988786        1.354318
BFGS:   63 21:01:19    -2114.022592        1.753388
BFGS:   64 21:01:20    -2114.071074        1.694128
BFGS:   65 21:01:21    -2114.130934        1.753213
BFGS:   66 21:01:21    -2114.181246        1.585110
BFGS:   67 21:01:23    -2114.257787        1.451231
BFGS:   68 21:01:24    -2114.343101        1.170851
BFGS:   69 21:01:24    -2114.406342        1.288156
BFGS:   70 21:01:25    -2114.493108        1.845109
BFGS:   71 21:01:25    -2114.578767        1.398000
BFGS:   72 21:01:25    -2114.668676        1.282777
BFGS:   73 21:01:26    -2114.741453        1.542876
BFGS:   74 21:01:26    -2114.820389        1.521252
BFGS:   75 21:01:27    -2114.895217        1.617921
BFGS:   76 21:01:27    -2114.955542        1.527318
BFGS:   77 21:01:27    -2115.011858        1.484005
BFGS:   78 21:01:28    -2115.081385        1.427413
BFGS:   79 21:01:28    -2115.155399        1.350783
BFGS:   80 21:01:29    -2115.240585        1.247375
BFGS:   81 21:01:29    -2115.381032        1.178882
BFGS:   82 21:01:30    -2115.481763        1.254046
BFGS:   83 21:01:30    -2115.597536        0.916659
BFGS:   84 21:01:30    -2115.657868        0.989820
BFGS:   85 21:01:31    -2115.720043        0.591257
BFGS:   86 21:01:31    -2115.769992        0.706240
BFGS:   87 21:01:32    -2115.811543        0.798103
BFGS:   88 21:01:32    -2115.846342        1.087734
BFGS:   89 21:01:32    -2115.869061        1.133980
BFGS:   90 21:01:33    -2115.896073        1.116601
BFGS:   91 21:01:33    -2115.917462        1.121040
BFGS:   92 21:01:33    -2115.933744        1.094510
BFGS:   93 21:01:34    -2115.944369        1.090212
BFGS:   94 21:01:34    -2115.955132        1.090917
BFGS:   95 21:01:34    -2115.967981        1.095961
BFGS:   96 21:01:35    -2115.982288        1.098791
BFGS:   97 21:01:35    -2115.996602        1.069080
BFGS:   98 21:01:35    -2116.009482        1.030785
BFGS:   99 21:01:36    -2116.021444        0.997114
BFGS:  100 21:01:36    -2116.032852        0.967785
BFGS:  101 21:01:36    -2116.043955        0.937179
BFGS:  102 21:01:37    -2116.053565        0.875212
BFGS:  103 21:01:37    -2116.061181        0.822812
BFGS:  104 21:01:37    -2116.068136        0.768937
BFGS:  105 21:01:38    -2116.075551        0.713880
BFGS:  106 21:01:38    -2116.083468        0.648132
BFGS:  107 21:01:38    -2116.092057        0.595898
BFGS:  108 21:01:39    -2116.101806        0.574847
BFGS:  109 21:01:39    -2116.114060        0.579973
BFGS:  110 21:01:39    -2116.127366        0.570291
BFGS:  111 21:01:40    -2116.140611        0.543565
BFGS:  112 21:01:40    -2116.150269        0.495570
BFGS:  113 21:01:41    -2116.156341        0.466012
BFGS:  114 21:01:41    -2116.161185        0.404895
BFGS:  115 21:01:41    -2116.166812        0.350760
BFGS:  116 21:01:42    -2116.172956        0.250710
BFGS:  117 21:01:42    -2116.177827        0.214006
BFGS:  118 21:01:42    -2116.180737        0.166647
BFGS:  119 21:01:42    -2116.182746        0.174869
BFGS:  120 21:01:43    -2116.184600        0.163657
BFGS:  121 21:01:43    -2116.186172        0.167207
BFGS:  122 21:01:43    -2116.187231        0.143487
BFGS:  123 21:01:43    -2116.187992        0.136619
BFGS:  124 21:01:44    -2116.188765        0.123807
BFGS:  125 21:01:44    -2116.189578        0.125528
BFGS:  126 21:01:45    -2116.190243        0.116437
BFGS:  127 21:01:45    -2116.190724        0.114483
BFGS:  128 21:01:45    -2116.191161        0.103236
BFGS:  129 21:01:45    -2116.191666        0.090075
BFGS:  130 21:01:45    -2116.192194        0.063269
BFGS:  131 21:01:46    -2116.192644        0.051452
BFGS:  132 21:01:46    -2116.193010        0.043634
BFGS:  133 21:01:46    -2116.193369        0.049601
BFGS:  134 21:01:46    -2116.193730        0.059655
BFGS:  135 21:01:47    -2116.194011        0.047155
BFGS:  136 21:01:47    -2116.194189        0.037626
BFGS:  137 21:01:47    -2116.194321        0.038067
BFGS:  138 21:01:47    -2116.194472        0.035342
BFGS:  139 21:01:48    -2116.194646        0.035646
BFGS:  140 21:01:48    -2116.194824        0.028297
BFGS:  141 21:01:48    -2116.194993        0.023547
BFGS:  142 21:01:48    -2116.195165        0.026442
BFGS:  143 21:01:49    -2116.195357        0.041124
BFGS:  144 21:01:49    -2116.195562        0.042387
BFGS:  145 21:01:49    -2116.195754        0.042538
BFGS:  146 21:01:49    -2116.195942        0.042136
BFGS:  147 21:01:50    -2116.196133        0.041000
BFGS:  148 21:01:50    -2116.196327        0.042565
BFGS:  149 21:01:50    -2116.196503        0.048302
BFGS:  150 21:01:51    -2116.196657        0.054388
BFGS:  151 21:01:51    -2116.196825        0.058375
BFGS:  152 21:01:51    -2116.197035        0.061734
BFGS:  153 21:01:51    -2116.197287        0.064344
BFGS:  154 21:01:52    -2116.197526        0.068343
BFGS:  155 21:01:52    -2116.197728        0.068296
BFGS:  156 21:01:52    -2116.197929        0.068098
BFGS:  157 21:01:53    -2116.198175        0.066025
BFGS:  158 21:01:53    -2116.198490        0.067507
BFGS:  159 21:01:53    -2116.198821        0.065960
BFGS:  160 21:01:54    -2116.199168        0.063728
BFGS:  161 21:01:54    -2116.199479        0.060883
BFGS:  162 21:01:54    -2116.199771        0.060508
BFGS:  163 21:01:54    -2116.199996        0.063645
BFGS:  164 21:01:55    -2116.200160        0.067365
BFGS:  165 21:01:55    -2116.200276        0.075847
BFGS:  166 21:01:55    -2116.200374        0.081233
BFGS:  167 21:01:55    -2116.200458        0.088860
BFGS:  168 21:01:56    -2116.200529        0.090611
BFGS:  169 21:01:56    -2116.200603        0.093070
BFGS:  170 21:01:56    -2116.200693        0.090416
BFGS:  171 21:01:56    -2116.200805        0.088645
BFGS:  172 21:01:56    -2116.200924        0.083463
BFGS:  173 21:01:57    -2116.201054        0.082356
BFGS:  174 21:01:57    -2116.201211        0.081648
BFGS:  175 21:01:57    -2116.201427        0.083364
BFGS:  176 21:01:58    -2116.201682        0.081382
BFGS:  177 21:01:58    -2116.201920        0.078134
BFGS:  178 21:01:58    -2116.202108        0.072827
BFGS:  179 21:01:58    -2116.202279        0.067974
BFGS:  180 21:01:59    -2116.202459        0.058302
BFGS:  181 21:01:59    -2116.202624        0.046666
BFGS:  182 21:01:59    -2116.202748        0.036706
BFGS:  183 21:01:59    -2116.202843        0.033130
BFGS:  184 21:02:00    -2116.202938        0.030772
BFGS:  185 21:02:00    -2116.203032        0.029722
BFGS:  186 21:02:00    -2116.203108        0.028498
BFGS:  187 21:02:00    -2116.203160        0.030726
BFGS:  188 21:02:01    -2116.203210        0.032072
BFGS:  189 21:02:01    -2116.203272        0.032862
BFGS:  190 21:02:01    -2116.203346        0.031867
BFGS:  191 21:02:01    -2116.203418        0.032490
BFGS:  192 21:02:02    -2116.203484        0.033453
BFGS:  193 21:02:02    -2116.203555        0.035966
BFGS:  194 21:02:02    -2116.203650        0.036517
BFGS:  195 21:02:02    -2116.203768        0.036639
BFGS:  196 21:02:02    -2116.203886        0.035139
BFGS:  197 21:02:03    -2116.203991        0.035160
BFGS:  198 21:02:03    -2116.204086        0.032580
BFGS:  199 21:02:03    -2116.204180        0.025848
BFGS:  200 21:02:03    -2116.204271        0.039159
