      Step     Time          Energy          fmax
BFGS:    0 21:22:14    -3646.835948        7.550260
BFGS:    1 21:22:17    -3652.886844        7.264817
BFGS:    2 21:22:20    -3654.929887       15.443770
BFGS:    3 21:22:22    -3657.242039        4.718750
BFGS:    4 21:22:24    -3658.357238        3.528796
BFGS:    5 21:22:27    -3659.681300        5.042749
BFGS:    6 21:22:30    -3660.119217        2.393944
BFGS:    7 21:22:32    -3660.474385        1.036186
BFGS:    8 21:22:35    -3660.630775        1.279227
BFGS:    9 21:22:37    -3660.793851        0.879304
BFGS:   10 21:22:40    -3660.921764        0.852730
BFGS:   11 21:22:42    -3661.038130        0.811972
BFGS:   12 21:22:44    -3661.096507        0.561347
BFGS:   13 21:22:46    -3661.148361        0.414405
BFGS:   14 21:22:48    -3661.180437        0.393514
BFGS:   15 21:22:51    -3661.233915        0.635767
BFGS:   16 21:22:53    -3661.314318        0.783691
BFGS:   17 21:22:56    -3661.479680        1.193592
BFGS:   18 21:22:59    -3661.569758        1.329611
BFGS:   19 21:23:01    -3661.821035        1.141314
BFGS:   20 21:23:04    -3662.111336        0.832638
BFGS:   21 21:23:06    -3662.255644        0.732186
BFGS:   22 21:23:08    -3662.332542        0.772971
BFGS:   23 21:23:11    -3662.405006        0.753274
BFGS:   24 21:23:12    -3662.445537        0.727549
BFGS:   25 21:23:14    -3662.487425        0.451578
BFGS:   26 21:23:16    -3662.524471        0.441506
BFGS:   27 21:23:18    -3662.539702        0.284448
BFGS:   28 21:23:20    -3662.551010        0.246735
BFGS:   29 21:23:21    -3662.561575        0.268274
BFGS:   30 21:23:23    -3662.574529        0.306077
BFGS:   31 21:23:25    -3662.586357        0.350994
BFGS:   32 21:23:26    -3662.597077        0.264581
BFGS:   33 21:23:28    -3662.607435        0.212476
BFGS:   34 21:23:30    -3662.619379        0.234632
BFGS:   35 21:23:32    -3662.632572        0.184691
BFGS:   36 21:23:33    -3662.643834        0.164838
BFGS:   37 21:23:35    -3662.651827        0.151684
BFGS:   38 21:23:36    -3662.659148        0.182376
BFGS:   39 21:23:38    -3662.667782        0.223044
BFGS:   40 21:23:40    -3662.678137        0.202308
BFGS:   41 21:23:41    -3662.690018        0.213400
BFGS:   42 21:23:43    -3662.703342        0.189569
BFGS:   43 21:23:45    -3662.717828        0.226488
BFGS:   44 21:23:47    -3662.733091        0.245140
BFGS:   45 21:23:49    -3662.749961        0.201301
BFGS:   46 21:23:51    -3662.771155        0.267467
BFGS:   47 21:23:53    -3662.799420        0.378564
BFGS:   48 21:23:55    -3662.832784        0.395739
BFGS:   49 21:23:57    -3662.861886        0.331909
BFGS:   50 21:23:59    -3662.880225        0.195382
BFGS:   51 21:24:01    -3662.890802        0.144433
BFGS:   52 21:24:03    -3662.898992        0.133325
BFGS:   53 21:24:06    -3662.906945        0.141629
BFGS:   54 21:24:08    -3662.918359        0.168073
BFGS:   55 21:24:11    -3662.950740        1.038458
BFGS:   56 21:24:14    -3662.954006        0.661553
BFGS:   57 21:24:16    -3663.027231        0.588305
BFGS:   58 21:24:19    -3662.990873        0.965689
BFGS:   59 21:24:21    -3663.069358        0.491041
BFGS:   60 21:24:24    -3663.092101        0.428582
BFGS:   61 21:24:26    -3663.143084        0.439638
BFGS:   62 21:24:28    -3663.161036        0.349205
BFGS:   63 21:24:31    -3663.177100        0.163931
BFGS:   64 21:24:33    -3663.187500        0.122780
BFGS:   65 21:24:35    -3663.193512        0.189637
BFGS:   66 21:24:37    -3663.199187        0.177371
BFGS:   67 21:24:38    -3663.203350        0.096546
BFGS:   68 21:24:40    -3663.206038        0.071451
BFGS:   69 21:24:42    -3663.207919        0.065423
BFGS:   70 21:24:44    -3663.209650        0.058784
BFGS:   71 21:24:46    -3663.211436        0.068223
BFGS:   72 21:24:48    -3663.213478        0.092645
BFGS:   73 21:24:50    -3663.216254        0.109537
BFGS:   74 21:24:52    -3663.220377        0.148437
BFGS:   75 21:24:54    -3663.226919        0.242880
BFGS:   76 21:24:56    -3663.239155        0.416625
BFGS:   77 21:24:59    -3663.254006        0.393947
BFGS:   78 21:25:00    -3663.275484        0.497586
BFGS:   79 21:25:03    -3663.335108        0.401788
BFGS:   80 21:25:05    -3663.363850        0.293251
BFGS:   81 21:25:07    -3663.384073        0.178542
BFGS:   82 21:25:09    -3663.395758        0.150830
BFGS:   83 21:25:11    -3663.402660        0.192082
BFGS:   84 21:25:12    -3663.406831        0.222680
BFGS:   85 21:25:14    -3663.411532        0.103776
BFGS:   86 21:25:16    -3663.416790        0.166253
BFGS:   87 21:25:18    -3663.421075        0.146990
BFGS:   88 21:25:19    -3663.425366        0.103203
BFGS:   89 21:25:21    -3663.429920        0.107600
BFGS:   90 21:25:23    -3663.434973        0.144266
BFGS:   91 21:25:25    -3663.440067        0.113066
BFGS:   92 21:25:27    -3663.444298        0.091035
BFGS:   93 21:25:28    -3663.447576        0.085406
BFGS:   94 21:25:30    -3663.450903        0.119792
BFGS:   95 21:25:32    -3663.455316        0.114250
BFGS:   96 21:25:33    -3663.461011        0.105981
BFGS:   97 21:25:35    -3663.468260        0.122271
BFGS:   98 21:25:37    -3663.477333        0.165959
BFGS:   99 21:25:39    -3663.488708        0.258583
BFGS:  100 21:25:41    -3663.502366        0.250726
BFGS:  101 21:25:43    -3663.516350        0.209317
BFGS:  102 21:25:45    -3663.529723        0.177493
BFGS:  103 21:25:47    -3663.542995        0.196766
BFGS:  104 21:25:49    -3663.557167        0.192736
BFGS:  105 21:25:51    -3663.571466        0.204965
BFGS:  106 21:25:53    -3663.583685        0.173094
BFGS:  107 21:25:55    -3663.593157        0.185169
BFGS:  108 21:25:57    -3663.601124        0.251463
BFGS:  109 21:25:59    -3663.609474        0.148941
BFGS:  110 21:26:00    -3663.619659        0.148932
BFGS:  111 21:26:02    -3663.628841        0.351163
BFGS:  112 21:26:04    -3663.638170        0.184407
BFGS:  113 21:26:06    -3663.649316        0.137979
BFGS:  114 21:26:08    -3663.663726        0.154267
BFGS:  115 21:26:10    -3663.676493        0.213854
BFGS:  116 21:26:12    -3663.689928        0.186342
BFGS:  117 21:26:14    -3663.702403        0.194753
BFGS:  118 21:26:16    -3663.714309        0.220142
BFGS:  119 21:26:17    -3663.726117        0.178577
BFGS:  120 21:26:19    -3663.736458        0.177238
BFGS:  121 21:26:21    -3663.744421        0.182732
BFGS:  122 21:26:23    -3663.750225        0.120503
BFGS:  123 21:26:24    -3663.755167        0.167445
BFGS:  124 21:26:26    -3663.759160        0.116542
BFGS:  125 21:26:28    -3663.762614        0.083738
BFGS:  126 21:26:29    -3663.765489        0.097676
BFGS:  127 21:26:31    -3663.768484        0.161888
BFGS:  128 21:26:33    -3663.770981        0.154887
BFGS:  129 21:26:34    -3663.772870        0.092622
BFGS:  130 21:26:36    -3663.774154        0.071904
BFGS:  131 21:26:37    -3663.775210        0.053440
BFGS:  132 21:26:39    -3663.776143        0.076184
BFGS:  133 21:26:40    -3663.777019        0.068793
BFGS:  134 21:26:42    -3663.777736        0.035571
BFGS:  135 21:26:43    -3663.778232        0.037282
BFGS:  136 21:26:45    -3663.778580        0.040603
BFGS:  137 21:26:46    -3663.778884        0.036051
BFGS:  138 21:26:48    -3663.779213        0.025981
BFGS:  139 21:26:49    -3663.779561        0.021630
BFGS:  140 21:26:51    -3663.779877        0.019691
BFGS:  141 21:26:52    -3663.780094        0.023406
BFGS:  142 21:26:54    -3663.780232        0.021387
BFGS:  143 21:26:55    -3663.780369        0.016692
BFGS:  144 21:26:57    -3663.780468        0.017416
BFGS:  145 21:26:58    -3663.780546        0.016135
BFGS:  146 21:27:00    -3663.780611        0.015768
BFGS:  147 21:27:01    -3663.780678        0.018572
BFGS:  148 21:27:03    -3663.780756        0.021894
BFGS:  149 21:27:04    -3663.780843        0.022501
BFGS:  150 21:27:06    -3663.780942        0.020597
BFGS:  151 21:27:07    -3663.781040        0.014882
BFGS:  152 21:27:09    -3663.781123        0.011485
BFGS:  153 21:27:10    -3663.781181        0.011121
BFGS:  154 21:27:12    -3663.781224        0.010124
BFGS:  155 21:27:13    -3663.781264        0.009599
