      Step     Time          Energy          fmax
BFGS:    0 13:16:28    -3096.750643        5.430308
BFGS:    1 13:16:29    -3101.053563        5.732509
BFGS:    2 13:16:30    -3102.020934        8.400751
BFGS:    3 13:16:30    -3104.076219        3.122035
BFGS:    4 13:16:31    -3104.776532        2.400715
BFGS:    5 13:16:32    -3105.449093        2.735364
BFGS:    6 13:16:32    -3105.839281        1.954427
BFGS:    7 13:16:33    -3105.956026        7.454162
BFGS:    8 13:16:34    -3106.327905        1.172636
BFGS:    9 13:16:34    -3106.453249        0.754340
BFGS:   10 13:16:35    -3106.579441        1.371858
BFGS:   11 13:16:36    -3106.655003        1.433299
BFGS:   12 13:16:36    -3106.806578        0.810096
BFGS:   13 13:16:37    -3106.874015        1.129890
BFGS:   14 13:16:37    -3106.973658        0.973715
BFGS:   15 13:16:38    -3107.010947        0.482932
BFGS:   16 13:16:38    -3107.036187        0.419143
BFGS:   17 13:16:39    -3107.050285        0.312646
BFGS:   18 13:16:39    -3107.060674        0.242345
BFGS:   19 13:16:40    -3107.065534        0.117104
BFGS:   20 13:16:40    -3107.068398        0.124491
BFGS:   21 13:16:40    -3107.071169        0.206192
BFGS:   22 13:16:41    -3107.074086        0.176347
BFGS:   23 13:16:41    -3107.076388        0.100404
BFGS:   24 13:16:41    -3107.077833        0.078978
BFGS:   25 13:16:42    -3107.078750        0.090533
BFGS:   26 13:16:42    -3107.079422        0.062832
BFGS:   27 13:16:43    -3107.079930        0.043366
BFGS:   28 13:16:43    -3107.080355        0.051568
BFGS:   29 13:16:43    -3107.080782        0.077409
BFGS:   30 13:16:44    -3107.081223        0.063228
BFGS:   31 13:16:44    -3107.081602        0.047954
BFGS:   32 13:16:44    -3107.081885        0.031653
BFGS:   33 13:16:45    -3107.082133        0.046307
BFGS:   34 13:16:45    -3107.082372        0.041781
BFGS:   35 13:16:45    -3107.082583        0.036726
BFGS:   36 13:16:45    -3107.082738        0.030100
BFGS:   37 13:16:46    -3107.082847        0.026666
BFGS:   38 13:16:46    -3107.082954        0.025572
BFGS:   39 13:16:46    -3107.083072        0.027283
BFGS:   40 13:16:47    -3107.083205        0.030253
BFGS:   41 13:16:47    -3107.083327        0.023446
BFGS:   42 13:16:47    -3107.083436        0.028824
BFGS:   43 13:16:48    -3107.083530        0.023178
BFGS:   44 13:16:48    -3107.083623        0.019795
BFGS:   45 13:16:48    -3107.083722        0.028048
BFGS:   46 13:16:48    -3107.083823        0.025190
BFGS:   47 13:16:49    -3107.083907        0.013354
BFGS:   48 13:16:49    -3107.083966        0.012609
BFGS:   49 13:16:49    -3107.084008        0.011973
BFGS:   50 13:16:50    -3107.084056        0.012858
BFGS:   51 13:16:50    -3107.084120        0.018562
BFGS:   52 13:16:50    -3107.084197        0.018092
BFGS:   53 13:16:50    -3107.084268        0.017737
BFGS:   54 13:16:51    -3107.084321        0.019812
BFGS:   55 13:16:51    -3107.084372        0.021694
BFGS:   56 13:16:51    -3107.084449        0.025659
BFGS:   57 13:16:52    -3107.084610        0.035705
BFGS:   58 13:16:52    -3107.085029        0.062323
BFGS:   59 13:16:53    -3107.087092        0.172153
BFGS:   60 13:16:53    -3107.088786        0.424895
BFGS:   61 13:16:54    -3107.093946        0.286329
BFGS:   62 13:16:54    -3107.099332        0.420150
BFGS:   63 13:16:55    -3107.109380        0.667662
BFGS:   64 13:16:56    -3107.112317        0.762878
BFGS:   65 13:16:56    -3107.122842        0.856580
BFGS:   66 13:16:57    -3107.131993        0.828767
BFGS:   67 13:16:58    -3107.144864        0.824748
BFGS:   68 13:16:58    -3107.171612        0.853004
BFGS:   69 13:16:59    -3107.223433        0.993215
BFGS:   70 13:17:00    -3107.330506        1.063678
BFGS:   71 13:17:00    -3107.416763        1.288021
BFGS:   72 13:17:01    -3107.461394        0.832419
BFGS:   73 13:17:01    -3107.504730        1.004193
BFGS:   74 13:17:02    -3107.524022        1.002520
BFGS:   75 13:17:02    -3107.556133        0.973477
BFGS:   76 13:17:03    -3107.575327        0.973096
BFGS:   77 13:17:04    -3107.590815        0.970720
BFGS:   78 13:17:04    -3107.599117        0.983231
BFGS:   79 13:17:04    -3107.606969        1.011827
BFGS:   80 13:17:05    -3107.612397        1.040291
BFGS:   81 13:17:05    -3107.616367        1.061264
BFGS:   82 13:17:06    -3107.619510        1.068171
BFGS:   83 13:17:06    -3107.623146        1.060244
BFGS:   84 13:17:07    -3107.627902        1.031853
BFGS:   85 13:17:07    -3107.633738        0.983942
BFGS:   86 13:17:07    -3107.639984        0.929732
BFGS:   87 13:17:08    -3107.646525        0.882664
BFGS:   88 13:17:08    -3107.654284        0.843678
BFGS:   89 13:17:09    -3107.664108        0.852813
BFGS:   90 13:17:09    -3107.674700        0.877068
BFGS:   91 13:17:10    -3107.682914        0.897854
BFGS:   92 13:17:10    -3107.688514        0.904408
BFGS:   93 13:17:11    -3107.693980        0.900793
BFGS:   94 13:17:11    -3107.701545        0.887832
BFGS:   95 13:17:12    -3107.711685        0.867762
BFGS:   96 13:17:12    -3107.722253        0.847526
BFGS:   97 13:17:12    -3107.730344        0.836344
BFGS:   98 13:17:13    -3107.736256        0.832980
BFGS:   99 13:17:13    -3107.742219        0.830147
BFGS:  100 13:17:14    -3107.749638        0.818801
BFGS:  101 13:17:14    -3107.757934        0.791326
BFGS:  102 13:17:15    -3107.765134        0.753073
BFGS:  103 13:17:15    -3107.769976        0.741815
BFGS:  104 13:17:15    -3107.772986        0.740929
BFGS:  105 13:17:16    -3107.775087        0.741584
BFGS:  106 13:17:16    -3107.776842        0.746415
BFGS:  107 13:17:17    -3107.778535        0.755063
BFGS:  108 13:17:17    -3107.780170        0.764752
BFGS:  109 13:17:17    -3107.781598        0.769608
BFGS:  110 13:17:18    -3107.782762        0.767337
BFGS:  111 13:17:18    -3107.783849        0.759167
BFGS:  112 13:17:18    -3107.785063        0.747278
BFGS:  113 13:17:19    -3107.786383        0.734942
BFGS:  114 13:17:19    -3107.787569        0.727614
BFGS:  115 13:17:20    -3107.788510        0.727059
BFGS:  116 13:17:20    -3107.789319        0.731058
BFGS:  117 13:17:20    -3107.790103        0.736136
BFGS:  118 13:17:21    -3107.790805        0.738640
BFGS:  119 13:17:21    -3107.791339        0.736781
BFGS:  120 13:17:22    -3107.791738        0.732108
BFGS:  121 13:17:22    -3107.792090        0.727138
BFGS:  122 13:17:22    -3107.792439        0.723765
BFGS:  123 13:17:23    -3107.792787        0.723450
BFGS:  124 13:17:23    -3107.793157        0.726103
BFGS:  125 13:17:23    -3107.793582        0.731103
BFGS:  126 13:17:24    -3107.794040        0.736199
BFGS:  127 13:17:24    -3107.794441        0.738842
BFGS:  128 13:17:24    -3107.794739        0.738112
BFGS:  129 13:17:25    -3107.794995        0.735929
BFGS:  130 13:17:25    -3107.795286        0.733545
BFGS:  131 13:17:25    -3107.795606        0.733021
BFGS:  132 13:17:26    -3107.795873        0.735230
BFGS:  133 13:17:26    -3107.796063        0.738936
BFGS:  134 13:17:26    -3107.796233        0.742367
BFGS:  135 13:17:27    -3107.796442        0.744940
BFGS:  136 13:17:27    -3107.796696        0.745652
BFGS:  137 13:17:27    -3107.796940        0.743870
BFGS:  138 13:17:28    -3107.797157        0.741006
BFGS:  139 13:17:28    -3107.797392        0.738181
BFGS:  140 13:17:28    -3107.797725        0.736155
BFGS:  141 13:17:29    -3107.798221        0.735518
BFGS:  142 13:17:29    -3107.798904        0.736813
BFGS:  143 13:17:29    -3107.799748        0.739259
BFGS:  144 13:17:30    -3107.800666        0.740597
BFGS:  145 13:17:30    -3107.801552        0.738696
BFGS:  146 13:17:30    -3107.802241        0.733880
BFGS:  147 13:17:31    -3107.802706        0.729268
BFGS:  148 13:17:31    -3107.803084        0.726601
BFGS:  149 13:17:31    -3107.803479        0.726135
BFGS:  150 13:17:32    -3107.803894        0.728070
BFGS:  151 13:17:32    -3107.804267        0.730599
BFGS:  152 13:17:32    -3107.804566        0.731238
BFGS:  153 13:17:33    -3107.804836        0.728438
BFGS:  154 13:17:33    -3107.805126        0.721733
BFGS:  155 13:17:34    -3107.805431        0.712317
BFGS:  156 13:17:34    -3107.805746        0.702757
BFGS:  157 13:17:34    -3107.806093        0.695528
BFGS:  158 13:17:35    -3107.806553        0.691150
BFGS:  159 13:17:35    -3107.807198        0.690796
BFGS:  160 13:17:35    -3107.808019        0.695452
BFGS:  161 13:17:36    -3107.808884        0.703762
BFGS:  162 13:17:36    -3107.809677        0.710871
BFGS:  163 13:17:36    -3107.810447        0.714529
BFGS:  164 13:17:37    -3107.811336        0.713635
BFGS:  165 13:17:37    -3107.812461        0.708973
BFGS:  166 13:17:37    -3107.813844        0.701372
BFGS:  167 13:17:38    -3107.815446        0.692999
BFGS:  168 13:17:38    -3107.817188        0.685564
BFGS:  169 13:17:39    -3107.819007        0.679652
BFGS:  170 13:17:39    -3107.820926        0.674186
BFGS:  171 13:17:39    -3107.823174        0.667704
BFGS:  172 13:17:40    -3107.826040        0.658959
BFGS:  173 13:17:40    -3107.829685        0.648712
BFGS:  174 13:17:41    -3107.833970        0.638843
BFGS:  175 13:17:41    -3107.838532        0.632127
BFGS:  176 13:17:41    -3107.843327        0.628959
BFGS:  177 13:17:42    -3107.849136        0.627478
BFGS:  178 13:17:42    -3107.857218        0.624233
BFGS:  179 13:17:43    -3107.868480        0.613863
BFGS:  180 13:17:43    -3107.882580        0.592189
BFGS:  181 13:17:44    -3107.897833        0.559264
BFGS:  182 13:17:44    -3107.912961        0.529120
BFGS:  183 13:17:45    -3107.926273        0.479974
BFGS:  184 13:17:45    -3107.940682        0.493021
BFGS:  185 13:17:46    -3107.958693        0.498513
BFGS:  186 13:17:46    -3107.975743        0.496165
BFGS:  187 13:17:47    -3107.994341        0.517679
BFGS:  188 13:17:47    -3108.007185        0.521381
BFGS:  189 13:17:48    -3108.019682        0.506932
BFGS:  190 13:17:48    -3108.029736        0.479759
BFGS:  191 13:17:48    -3108.036242        0.446563
BFGS:  192 13:17:49    -3108.036020        0.399915
BFGS:  193 13:17:49    -3108.045585        0.420460
BFGS:  194 13:17:50    -3108.049768        0.423852
BFGS:  195 13:17:50    -3108.056182        0.416189
BFGS:  196 13:17:51    -3108.058681        0.410679
BFGS:  197 13:17:51    -3108.061503        0.405938
BFGS:  198 13:17:52    -3108.064545        0.409395
BFGS:  199 13:17:52    -3108.066973        0.404228
BFGS:  200 13:17:52    -3108.069458        0.412958
