      Step     Time          Energy          fmax
BFGS:    0 14:18:45    -3571.493757      311.520808
BFGS:    1 14:18:48    -3640.429714       37.137778
BFGS:    2 14:18:50    -3650.174567       80.248968
BFGS:    3 14:18:52    -3661.486495       32.346393
BFGS:    4 14:18:53    -3665.631257       13.146791
BFGS:    5 14:18:55    -3667.262811        6.190944
BFGS:    6 14:18:57    -3668.788522        4.779010
BFGS:    7 14:18:58    -3669.954505        2.716591
BFGS:    8 14:19:00    -3670.656677        3.689762
BFGS:    9 14:19:02    -3671.349594        4.040173
BFGS:   10 14:19:04    -3672.133474        4.065321
BFGS:   11 14:19:06    -3672.782955        3.951432
BFGS:   12 14:19:08    -3673.339549        3.730880
BFGS:   13 14:19:10    -3673.903473        3.427560
BFGS:   14 14:19:12    -3674.451353        3.015460
BFGS:   15 14:19:14    -3674.892350        2.529908
BFGS:   16 14:19:16    -3675.187576        2.141914
BFGS:   17 14:19:17    -3675.424297        1.825081
BFGS:   18 14:19:19    -3675.603486        1.557029
BFGS:   19 14:19:21    -3675.783783        1.259387
BFGS:   20 14:19:23    -3675.984188        0.894291
BFGS:   21 14:19:25    -3676.210524        1.274089
BFGS:   22 14:19:27    -3676.492228        1.515084
BFGS:   23 14:19:29    -3676.738577        1.422745
BFGS:   24 14:19:31    -3676.979027        0.907142
BFGS:   25 14:19:32    -3677.132182        0.884470
BFGS:   26 14:19:34    -3677.281565        0.792748
BFGS:   27 14:19:36    -3677.397260        0.807665
BFGS:   28 14:19:38    -3677.510733        0.996405
BFGS:   29 14:19:40    -3677.573731        1.015944
BFGS:   30 14:19:41    -3677.622155        0.800031
BFGS:   31 14:19:43    -3677.658111        0.494457
BFGS:   32 14:19:44    -3677.686077        0.268705
BFGS:   33 14:19:45    -3677.699710        0.203802
BFGS:   34 14:19:47    -3677.708240        0.219833
BFGS:   35 14:19:48    -3677.715095        0.159794
BFGS:   36 14:19:49    -3677.722429        0.147440
BFGS:   37 14:19:51    -3677.728790        0.167371
BFGS:   38 14:19:52    -3677.735187        0.198672
BFGS:   39 14:19:53    -3677.741324        0.146021
BFGS:   40 14:19:54    -3677.747189        0.141580
BFGS:   41 14:19:55    -3677.752800        0.152364
BFGS:   42 14:19:56    -3677.758299        0.196536
BFGS:   43 14:19:58    -3677.763479        0.189104
BFGS:   44 14:19:59    -3677.768052        0.116849
BFGS:   45 14:20:00    -3677.772349        0.130529
BFGS:   46 14:20:02    -3677.777101        0.171183
BFGS:   47 14:20:03    -3677.782693        0.204426
BFGS:   48 14:20:04    -3677.788694        0.154118
BFGS:   49 14:20:06    -3677.794478        0.157922
BFGS:   50 14:20:07    -3677.800133        0.134768
BFGS:   51 14:20:09    -3677.806071        0.164593
BFGS:   52 14:20:10    -3677.812296        0.156880
BFGS:   53 14:20:12    -3677.818091        0.153233
BFGS:   54 14:20:13    -3677.823382        0.181346
BFGS:   55 14:20:15    -3677.828325        0.188146
BFGS:   56 14:20:16    -3677.833075        0.147847
BFGS:   57 14:20:17    -3677.837097        0.167706
BFGS:   58 14:20:18    -3677.840070        0.185605
BFGS:   59 14:20:20    -3677.842558        0.189732
BFGS:   60 14:20:21    -3677.845129        0.175888
BFGS:   61 14:20:22    -3677.847787        0.134163
BFGS:   62 14:20:24    -3677.850183        0.093187
BFGS:   63 14:20:25    -3677.852317        0.097568
BFGS:   64 14:20:26    -3677.854418        0.086437
BFGS:   65 14:20:27    -3677.856945        0.116311
BFGS:   66 14:20:29    -3677.860152        0.157408
BFGS:   67 14:20:30    -3677.863714        0.186702
BFGS:   68 14:20:31    -3677.867382        0.210800
BFGS:   69 14:20:32    -3677.871185        0.227261
BFGS:   70 14:20:34    -3677.875403        0.237908
BFGS:   71 14:20:35    -3677.880027        0.248071
BFGS:   72 14:20:36    -3677.884752        0.246324
BFGS:   73 14:20:37    -3677.889099        0.229250
BFGS:   74 14:20:39    -3677.893022        0.192855
BFGS:   75 14:20:40    -3677.896626        0.153620
BFGS:   76 14:20:41    -3677.899952        0.136152
BFGS:   77 14:20:43    -3677.902880        0.110043
BFGS:   78 14:20:44    -3677.905570        0.103706
BFGS:   79 14:20:45    -3677.907923        0.095739
BFGS:   80 14:20:46    -3677.909977        0.112894
BFGS:   81 14:20:48    -3677.911816        0.092846
BFGS:   82 14:20:49    -3677.913731        0.087055
BFGS:   83 14:20:50    -3677.916041        0.089747
BFGS:   84 14:20:51    -3677.918718        0.099545
BFGS:   85 14:20:52    -3677.921266        0.094043
BFGS:   86 14:20:54    -3677.923222        0.067379
BFGS:   87 14:20:55    -3677.924815        0.060125
BFGS:   88 14:20:56    -3677.926329        0.079224
BFGS:   89 14:20:57    -3677.928030        0.092019
BFGS:   90 14:20:58    -3677.929857        0.090470
BFGS:   91 14:21:00    -3677.931639        0.077924
BFGS:   92 14:21:01    -3677.933321        0.081129
BFGS:   93 14:21:02    -3677.934984        0.091532
BFGS:   94 14:21:03    -3677.936702        0.086716
BFGS:   95 14:21:04    -3677.938593        0.080663
BFGS:   96 14:21:06    -3677.940857        0.097332
BFGS:   97 14:21:07    -3677.943585        0.102841
BFGS:   98 14:21:08    -3677.946717        0.098487
BFGS:   99 14:21:09    -3677.949662        0.071378
BFGS:  100 14:21:10    -3677.952093        0.087783
BFGS:  101 14:21:11    -3677.954064        0.078670
BFGS:  102 14:21:13    -3677.955671        0.064373
BFGS:  103 14:21:14    -3677.956846        0.074020
BFGS:  104 14:21:15    -3677.957699        0.068760
BFGS:  105 14:21:16    -3677.958464        0.055132
BFGS:  106 14:21:17    -3677.959297        0.071534
BFGS:  107 14:21:18    -3677.960079        0.061207
BFGS:  108 14:21:19    -3677.960696        0.039103
BFGS:  109 14:21:20    -3677.961170        0.040531
BFGS:  110 14:21:21    -3677.961675        0.037572
BFGS:  111 14:21:22    -3677.962335        0.051999
BFGS:  112 14:21:23    -3677.963169        0.047170
BFGS:  113 14:21:25    -3677.964002        0.049249
BFGS:  114 14:21:26    -3677.964739        0.050503
BFGS:  115 14:21:27    -3677.965381        0.054722
BFGS:  116 14:21:28    -3677.965992        0.056235
BFGS:  117 14:21:29    -3677.966557        0.050721
BFGS:  118 14:21:30    -3677.967025        0.043196
BFGS:  119 14:21:31    -3677.967459        0.048889
BFGS:  120 14:21:32    -3677.967932        0.045460
BFGS:  121 14:21:33    -3677.968388        0.050587
BFGS:  122 14:21:34    -3677.968930        0.058448
BFGS:  123 14:21:35    -3677.969408        0.046194
BFGS:  124 14:21:36    -3677.969871        0.040784
BFGS:  125 14:21:37    -3677.970422        0.049431
BFGS:  126 14:21:38    -3677.971112        0.058583
BFGS:  127 14:21:39    -3677.971869        0.064484
BFGS:  128 14:21:41    -3677.972557        0.051957
BFGS:  129 14:21:42    -3677.973093        0.034834
BFGS:  130 14:21:43    -3677.973554        0.049485
BFGS:  131 14:21:44    -3677.974023        0.047324
BFGS:  132 14:21:45    -3677.974558        0.042066
BFGS:  133 14:21:46    -3677.975204        0.044454
BFGS:  134 14:21:47    -3677.975942        0.055462
BFGS:  135 14:21:48    -3677.976851        0.083461
BFGS:  136 14:21:49    -3677.977966        0.084767
BFGS:  137 14:21:50    -3677.979180        0.059072
BFGS:  138 14:21:51    -3677.980419        0.067327
BFGS:  139 14:21:52    -3677.981649        0.067836
BFGS:  140 14:21:53    -3677.982950        0.084618
BFGS:  141 14:21:55    -3677.984459        0.077063
BFGS:  142 14:21:56    -3677.986105        0.061733
BFGS:  143 14:21:57    -3677.987610        0.063275
BFGS:  144 14:21:58    -3677.988853        0.054658
BFGS:  145 14:21:59    -3677.989925        0.055620
BFGS:  146 14:22:00    -3677.990843        0.050815
BFGS:  147 14:22:01    -3677.991579        0.040691
BFGS:  148 14:22:02    -3677.992078        0.034301
BFGS:  149 14:22:03    -3677.992466        0.032587
BFGS:  150 14:22:04    -3677.992857        0.029220
BFGS:  151 14:22:05    -3677.993365        0.041213
BFGS:  152 14:22:07    -3677.993903        0.044771
BFGS:  153 14:22:08    -3677.994488        0.039398
BFGS:  154 14:22:09    -3677.995198        0.046539
BFGS:  155 14:22:10    -3677.996170        0.074094
BFGS:  156 14:22:11    -3677.997636        0.106151
BFGS:  157 14:22:12    -3677.999787        0.135358
BFGS:  158 14:22:14    -3678.002750        0.149998
BFGS:  159 14:22:15    -3678.006686        0.140373
BFGS:  160 14:22:16    -3678.012094        0.137783
BFGS:  161 14:22:17    -3678.019036        0.164186
BFGS:  162 14:22:19    -3678.026221        0.177675
BFGS:  163 14:22:20    -3678.031702        0.157521
BFGS:  164 14:22:21    -3678.036811        0.102209
BFGS:  165 14:22:23    -3678.040418        0.099185
BFGS:  166 14:22:24    -3678.043867        0.110976
BFGS:  167 14:22:25    -3678.047188        0.137813
BFGS:  168 14:22:26    -3678.050398        0.115251
BFGS:  169 14:22:28    -3678.052669        0.093020
BFGS:  170 14:22:29    -3678.054355        0.087942
BFGS:  171 14:22:30    -3678.055522        0.055384
BFGS:  172 14:22:31    -3678.056270        0.049038
BFGS:  173 14:22:32    -3678.056849        0.037622
BFGS:  174 14:22:33    -3678.057400        0.042430
BFGS:  175 14:22:34    -3678.057948        0.033511
BFGS:  176 14:22:35    -3678.058410        0.026163
BFGS:  177 14:22:36    -3678.058750        0.028752
BFGS:  178 14:22:37    -3678.059056        0.026802
BFGS:  179 14:22:38    -3678.059402        0.027597
BFGS:  180 14:22:39    -3678.059824        0.037211
BFGS:  181 14:22:40    -3678.060273        0.042840
BFGS:  182 14:22:42    -3678.060694        0.031726
BFGS:  183 14:22:43    -3678.061103        0.031595
BFGS:  184 14:22:44    -3678.061513        0.030513
BFGS:  185 14:22:45    -3678.061927        0.038207
BFGS:  186 14:22:46    -3678.062334        0.039787
BFGS:  187 14:22:47    -3678.062746        0.031663
BFGS:  188 14:22:48    -3678.063226        0.039517
BFGS:  189 14:22:49    -3678.063773        0.043082
BFGS:  190 14:22:50    -3678.064321        0.037168
BFGS:  191 14:22:51    -3678.064779        0.035960
BFGS:  192 14:22:52    -3678.065176        0.029882
BFGS:  193 14:22:53    -3678.065604        0.034583
BFGS:  194 14:22:55    -3678.066081        0.033599
BFGS:  195 14:22:56    -3678.066531        0.031565
BFGS:  196 14:22:57    -3678.066928        0.039033
BFGS:  197 14:22:58    -3678.067356        0.039625
BFGS:  198 14:22:59    -3678.067979        0.045105
BFGS:  199 14:23:00    -3678.068859        0.050983
BFGS:  200 14:23:01    -3678.069958        0.042730
