      Step     Time          Energy          fmax
BFGS:    0 21:06:28    -2214.426707        8.204022
BFGS:    1 21:06:29    -2221.504369        5.451430
BFGS:    2 21:06:29    -2230.299550        7.545555
BFGS:    3 21:06:30    -2235.587169       16.884362
BFGS:    4 21:06:31    -2236.812806       12.513915
BFGS:    5 21:06:31    -2242.799196        4.528803
BFGS:    6 21:06:32    -2244.656797        3.327982
BFGS:    7 21:06:32    -2245.883844        1.715874
BFGS:    8 21:06:33    -2246.397285        2.355679
BFGS:    9 21:06:33    -2247.559808        2.582910
BFGS:   10 21:06:34    -2248.009046        1.751708
BFGS:   11 21:06:35    -2248.911650        1.948277
BFGS:   12 21:06:35    -2249.143364        1.463734
BFGS:   13 21:06:36    -2249.559474        0.745426
BFGS:   14 21:06:37    -2249.632539        0.533986
BFGS:   15 21:06:37    -2249.721511        0.505876
BFGS:   16 21:06:38    -2249.810313        0.415903
BFGS:   17 21:06:38    -2249.864895        0.389938
BFGS:   18 21:06:39    -2249.936660        0.408741
BFGS:   19 21:06:40    -2249.997581        0.405992
BFGS:   20 21:06:40    -2250.055333        0.404265
BFGS:   21 21:06:41    -2250.104827        0.300616
BFGS:   22 21:06:41    -2250.136085        0.286533
BFGS:   23 21:06:41    -2250.166250        0.295725
BFGS:   24 21:06:42    -2250.193168        0.281795
BFGS:   25 21:06:42    -2250.220291        0.339198
BFGS:   26 21:06:43    -2250.244684        0.258455
BFGS:   27 21:06:43    -2250.261538        0.201499
BFGS:   28 21:06:43    -2250.272184        0.242185
BFGS:   29 21:06:44    -2250.283436        0.213939
BFGS:   30 21:06:44    -2250.301851        0.223150
BFGS:   31 21:06:45    -2250.322047        0.227396
BFGS:   32 21:06:45    -2250.337500        0.186376
BFGS:   33 21:06:45    -2250.352343        0.177860
BFGS:   34 21:06:46    -2250.369853        0.213145
BFGS:   35 21:06:46    -2250.392014        0.262733
BFGS:   36 21:06:47    -2250.415738        0.308163
BFGS:   37 21:06:47    -2250.442258        0.330675
BFGS:   38 21:06:47    -2250.479825        0.382821
BFGS:   39 21:06:48    -2250.521263        0.477301
BFGS:   40 21:06:48    -2250.559243        0.351970
BFGS:   41 21:06:49    -2250.583653        0.336590
BFGS:   42 21:06:49    -2250.590747        0.207207
BFGS:   43 21:06:49    -2250.597974        0.197287
BFGS:   44 21:06:50    -2250.603671        0.120739
BFGS:   45 21:06:50    -2250.609711        0.118654
BFGS:   46 21:06:50    -2250.614042        0.126713
BFGS:   47 21:06:51    -2250.616371        0.111851
BFGS:   48 21:06:51    -2250.618799        0.066107
BFGS:   49 21:06:51    -2250.621263        0.068633
BFGS:   50 21:06:52    -2250.623529        0.075192
BFGS:   51 21:06:52    -2250.625210        0.085721
BFGS:   52 21:06:52    -2250.626525        0.061039
BFGS:   53 21:06:53    -2250.627744        0.060718
BFGS:   54 21:06:53    -2250.629160        0.057840
BFGS:   55 21:06:53    -2250.631012        0.091819
BFGS:   56 21:06:54    -2250.633413        0.116532
BFGS:   57 21:06:54    -2250.636253        0.127931
BFGS:   58 21:06:54    -2250.639391        0.124099
BFGS:   59 21:06:55    -2250.643056        0.119353
BFGS:   60 21:06:55    -2250.647772        0.166139
BFGS:   61 21:06:56    -2250.653147        0.176697
BFGS:   62 21:06:56    -2250.657359        0.107407
BFGS:   63 21:06:56    -2250.659688        0.104844
BFGS:   64 21:06:57    -2250.661287        0.088540
BFGS:   65 21:06:57    -2250.663661        0.124048
BFGS:   66 21:06:57    -2250.668467        0.187199
BFGS:   67 21:06:58    -2250.685164        0.295137
BFGS:   68 21:06:58    -2250.711829        0.828763
BFGS:   69 21:06:59    -2250.716224        1.634887
BFGS:   70 21:06:59    -2250.758719        0.700886
BFGS:   71 21:06:59    -2250.780480        0.707906
BFGS:   72 21:07:00    -2250.825113        1.389026
BFGS:   73 21:07:00    -2250.854985        1.008242
BFGS:   74 21:07:01    -2250.884473        0.869892
BFGS:   75 21:07:01    -2250.906553        0.955586
BFGS:   76 21:07:02    -2250.981919        0.619007
BFGS:   77 21:07:02    -2251.008000        0.609213
BFGS:   78 21:07:02    -2251.050805        0.654847
BFGS:   79 21:07:03    -2251.085517        0.609939
BFGS:   80 21:07:03    -2251.116223        0.621614
BFGS:   81 21:07:03    -2251.148880        0.617317
BFGS:   82 21:07:04    -2251.170435        0.602438
BFGS:   83 21:07:04    -2251.210063        0.503661
BFGS:   84 21:07:05    -2251.249591        0.435186
BFGS:   85 21:07:05    -2251.304333        0.461596
BFGS:   86 21:07:05    -2251.351148        0.466239
BFGS:   87 21:07:06    -2251.391427        0.509951
BFGS:   88 21:07:06    -2251.429692        0.484326
BFGS:   89 21:07:06    -2251.467488        0.397578
BFGS:   90 21:07:07    -2251.502775        0.325070
BFGS:   91 21:07:07    -2251.534940        0.351775
BFGS:   92 21:07:07    -2251.562489        0.339397
BFGS:   93 21:07:08    -2251.582139        0.248618
BFGS:   94 21:07:08    -2251.594103        0.205035
BFGS:   95 21:07:08    -2251.601004        0.144158
BFGS:   96 21:07:09    -2251.605676        0.121214
BFGS:   97 21:07:09    -2251.609152        0.133378
BFGS:   98 21:07:09    -2251.611787        0.095884
BFGS:   99 21:07:10    -2251.613994        0.084822
BFGS:  100 21:07:10    -2251.615793        0.062256
BFGS:  101 21:07:10    -2251.617006        0.055482
BFGS:  102 21:07:11    -2251.617683        0.046078
BFGS:  103 21:07:11    -2251.618071        0.059529
BFGS:  104 21:07:11    -2251.618392        0.062016
BFGS:  105 21:07:11    -2251.618727        0.052096
BFGS:  106 21:07:12    -2251.619052        0.034008
BFGS:  107 21:07:12    -2251.619313        0.028091
BFGS:  108 21:07:12    -2251.619493        0.025745
BFGS:  109 21:07:12    -2251.619647        0.026965
BFGS:  110 21:07:13    -2251.619823        0.025793
BFGS:  111 21:07:13    -2251.619996        0.025000
BFGS:  112 21:07:13    -2251.620119        0.027244
BFGS:  113 21:07:14    -2251.620181        0.025669
BFGS:  114 21:07:14    -2251.620224        0.021560
BFGS:  115 21:07:14    -2251.620274        0.018202
BFGS:  116 21:07:14    -2251.620340        0.019303
BFGS:  117 21:07:14    -2251.620421        0.025686
BFGS:  118 21:07:15    -2251.620533        0.032507
BFGS:  119 21:07:15    -2251.620705        0.037766
BFGS:  120 21:07:15    -2251.620967        0.040188
BFGS:  121 21:07:16    -2251.621349        0.040343
BFGS:  122 21:07:16    -2251.621841        0.052914
BFGS:  123 21:07:16    -2251.622489        0.070637
BFGS:  124 21:07:17    -2251.623346        0.081995
BFGS:  125 21:07:17    -2251.624673        0.116654
BFGS:  126 21:07:17    -2251.626711        0.157582
BFGS:  127 21:07:18    -2251.629530        0.185404
BFGS:  128 21:07:18    -2251.632941        0.200135
BFGS:  129 21:07:18    -2251.636042        0.183030
BFGS:  130 21:07:19    -2251.636307        0.246767
BFGS:  131 21:07:19    -2251.640087        0.175103
BFGS:  132 21:07:20    -2251.641964        0.167710
BFGS:  133 21:07:20    -2251.647179        0.212515
BFGS:  134 21:07:20    -2251.650623        0.267576
BFGS:  135 21:07:21    -2251.655976        0.213294
BFGS:  136 21:07:21    -2251.664567        0.196394
BFGS:  137 21:07:21    -2251.669749        0.160339
BFGS:  138 21:07:22    -2251.673855        0.147595
BFGS:  139 21:07:22    -2251.679400        0.147804
BFGS:  140 21:07:22    -2251.683717        0.146305
BFGS:  141 21:07:23    -2251.686845        0.113707
BFGS:  142 21:07:23    -2251.689253        0.091841
BFGS:  143 21:07:23    -2251.691793        0.098370
BFGS:  144 21:07:24    -2251.694553        0.083603
BFGS:  145 21:07:24    -2251.696532        0.083508
BFGS:  146 21:07:24    -2251.698452        0.094941
BFGS:  147 21:07:25    -2251.700468        0.070533
BFGS:  148 21:07:25    -2251.702431        0.065277
BFGS:  149 21:07:25    -2251.704041        0.072878
BFGS:  150 21:07:26    -2251.705302        0.076936
BFGS:  151 21:07:26    -2251.706316        0.052344
BFGS:  152 21:07:26    -2251.707144        0.048718
BFGS:  153 21:07:26    -2251.707800        0.043999
BFGS:  154 21:07:27    -2251.708360        0.051546
BFGS:  155 21:07:27    -2251.708877        0.045192
BFGS:  156 21:07:27    -2251.709341        0.038551
BFGS:  157 21:07:28    -2251.709746        0.036454
BFGS:  158 21:07:28    -2251.710112        0.039201
BFGS:  159 21:07:28    -2251.710450        0.036135
BFGS:  160 21:07:29    -2251.710762        0.037120
BFGS:  161 21:07:29    -2251.711062        0.033778
BFGS:  162 21:07:29    -2251.711392        0.036958
BFGS:  163 21:07:29    -2251.711782        0.038202
BFGS:  164 21:07:30    -2251.712203        0.045013
BFGS:  165 21:07:30    -2251.712591        0.040492
BFGS:  166 21:07:30    -2251.712939        0.043248
BFGS:  167 21:07:30    -2251.713305        0.042234
BFGS:  168 21:07:31    -2251.713712        0.044672
BFGS:  169 21:07:31    -2251.714114        0.043162
BFGS:  170 21:07:31    -2251.714453        0.053418
BFGS:  171 21:07:32    -2251.714745        0.056640
BFGS:  172 21:07:32    -2251.715049        0.048046
BFGS:  173 21:07:32    -2251.715365        0.040295
BFGS:  174 21:07:33    -2251.715625        0.044589
BFGS:  175 21:07:33    -2251.715801        0.043939
BFGS:  176 21:07:33    -2251.715929        0.037661
BFGS:  177 21:07:33    -2251.716035        0.028753
BFGS:  178 21:07:34    -2251.716117        0.027903
BFGS:  179 21:07:34    -2251.716182        0.029474
BFGS:  180 21:07:34    -2251.716250        0.029287
BFGS:  181 21:07:34    -2251.716338        0.025114
BFGS:  182 21:07:35    -2251.716423        0.018743
BFGS:  183 21:07:35    -2251.716481        0.017773
BFGS:  184 21:07:35    -2251.716512        0.017096
BFGS:  185 21:07:35    -2251.716539        0.016849
BFGS:  186 21:07:35    -2251.716570        0.015850
BFGS:  187 21:07:36    -2251.716603        0.017151
BFGS:  188 21:07:36    -2251.716631        0.018898
BFGS:  189 21:07:36    -2251.716657        0.019721
BFGS:  190 21:07:36    -2251.716693        0.018289
BFGS:  191 21:07:37    -2251.716753        0.016599
BFGS:  192 21:07:37    -2251.716841        0.023199
BFGS:  193 21:07:37    -2251.716986        0.034484
BFGS:  194 21:07:37    -2251.717204        0.039422
BFGS:  195 21:07:37    -2251.717521        0.043122
BFGS:  196 21:07:38    -2251.717895        0.044282
BFGS:  197 21:07:38    -2251.718244        0.059001
BFGS:  198 21:07:38    -2251.718530        0.064272
BFGS:  199 21:07:39    -2251.718781        0.060745
BFGS:  200 21:07:39    -2251.719016        0.052740
