      Step     Time          Energy          fmax
BFGS:    0 21:08:30     -478.918287     6674.025300
BFGS:    1 21:08:32    -1930.051411      857.017467
BFGS:    2 21:08:33    -2296.480508     1749.387212
BFGS:    3 21:08:34    -2344.396279     1555.189048
BFGS:    4 21:08:36    -2450.646498     1106.496233
BFGS:    5 21:08:37    -2543.085974      817.732442
BFGS:    6 21:08:39    -2636.123440      324.976133
BFGS:    7 21:08:41    -2671.138107       72.044386
BFGS:    8 21:08:42    -2688.285144       34.431574
BFGS:    9 21:08:44    -2696.087877       23.936220
BFGS:   10 21:08:45    -2703.662737       24.693022
BFGS:   11 21:08:46    -2709.650383       10.555760
BFGS:   12 21:08:48    -2714.180742        5.331780
BFGS:   13 21:08:49    -2717.278033        4.162483
BFGS:   14 21:08:50    -2719.671918        5.176714
BFGS:   15 21:08:51    -2721.497034        4.365735
BFGS:   16 21:08:53    -2722.677892        3.980354
BFGS:   17 21:08:54    -2723.640060        4.235446
BFGS:   18 21:08:55    -2724.610366        4.423062
BFGS:   19 21:08:56    -2725.196863        4.153380
BFGS:   20 21:08:58    -2725.836471        3.677038
BFGS:   21 21:08:59    -2726.329839        3.249617
BFGS:   22 21:09:00    -2726.692455        2.971977
BFGS:   23 21:09:01    -2727.164578        2.918338
BFGS:   24 21:09:02    -2727.665436        2.592238
BFGS:   25 21:09:03    -2728.084564        1.939866
BFGS:   26 21:09:05    -2728.384107        2.263872
BFGS:   27 21:09:06    -2728.631489        2.311087
BFGS:   28 21:09:07    -2728.880317        1.928689
BFGS:   29 21:09:08    -2729.127173        2.383751
BFGS:   30 21:09:10    -2729.310953        2.580888
BFGS:   31 21:09:11    -2729.483554        2.129603
BFGS:   32 21:09:12    -2729.651076        1.376078
BFGS:   33 21:09:13    -2729.804452        1.367321
BFGS:   34 21:09:14    -2729.951841        1.359002
BFGS:   35 21:09:15    -2730.078936        1.436525
BFGS:   36 21:09:16    -2730.171909        1.567911
BFGS:   37 21:09:17    -2730.257138        1.786398
BFGS:   38 21:09:18    -2730.335149        1.930744
BFGS:   39 21:09:19    -2730.404414        1.925479
BFGS:   40 21:09:20    -2730.465938        1.754391
BFGS:   41 21:09:21    -2730.512757        1.543617
BFGS:   42 21:09:22    -2730.549996        1.485447
BFGS:   43 21:09:23    -2730.589384        1.432128
BFGS:   44 21:09:24    -2730.633058        1.383956
BFGS:   45 21:09:25    -2730.680046        1.338727
BFGS:   46 21:09:26    -2730.732306        1.358035
BFGS:   47 21:09:27    -2730.786587        1.381500
BFGS:   48 21:09:28    -2730.834289        1.407595
BFGS:   49 21:09:29    -2730.877858        1.293590
BFGS:   50 21:09:30    -2730.923186        1.233089
BFGS:   51 21:09:31    -2730.974507        1.122456
BFGS:   52 21:09:31    -2731.042323        1.103988
BFGS:   53 21:09:33    -2731.131713        1.229479
BFGS:   54 21:09:34    -2731.201627        1.335628
BFGS:   55 21:09:35    -2731.271467        1.452196
BFGS:   56 21:09:36    -2731.337163        1.530996
BFGS:   57 21:09:37    -2731.399094        1.639482
BFGS:   58 21:09:38    -2731.453938        1.762682
BFGS:   59 21:09:39    -2731.503717        1.871072
BFGS:   60 21:09:40    -2731.553772        1.954037
BFGS:   61 21:09:41    -2731.597265        2.033636
BFGS:   62 21:09:42    -2731.649164        2.181701
BFGS:   63 21:09:43    -2731.695652        2.298815
BFGS:   64 21:09:44    -2731.738863        2.434331
BFGS:   65 21:09:45    -2731.769451        2.493209
BFGS:   66 21:09:46    -2731.799796        2.449815
BFGS:   67 21:09:47    -2731.827935        2.389397
BFGS:   68 21:09:48    -2731.849254        2.389096
BFGS:   69 21:09:49    -2731.871665        2.350791
BFGS:   70 21:09:50    -2731.896841        2.324999
BFGS:   71 21:09:51    -2731.915746        2.283635
BFGS:   72 21:09:52    -2731.931283        2.290666
BFGS:   73 21:09:53    -2731.943497        2.244211
BFGS:   74 21:09:53    -2731.954977        2.167631
BFGS:   75 21:09:54    -2731.967371        2.148551
BFGS:   76 21:09:55    -2731.979616        2.136254
BFGS:   77 21:09:57    -2731.991255        2.090551
BFGS:   78 21:09:57    -2732.002856        2.020959
BFGS:   79 21:09:58    -2732.015145        1.957159
BFGS:   80 21:09:59    -2732.025796        1.993490
BFGS:   81 21:10:00    -2732.035587        2.027866
BFGS:   82 21:10:01    -2732.045148        1.967305
BFGS:   83 21:10:02    -2732.056601        1.919028
BFGS:   84 21:10:02    -2732.071451        1.881583
BFGS:   85 21:10:03    -2732.087996        1.910748
BFGS:   86 21:10:04    -2732.103176        1.917500
BFGS:   87 21:10:05    -2732.118197        1.893294
BFGS:   88 21:10:06    -2732.133671        1.851565
BFGS:   89 21:10:07    -2732.150250        1.786673
BFGS:   90 21:10:08    -2732.166731        1.723087
BFGS:   91 21:10:09    -2732.183004        1.779713
BFGS:   92 21:10:10    -2732.198520        1.762935
BFGS:   93 21:10:10    -2732.213295        1.767798
BFGS:   94 21:10:11    -2732.227296        1.689314
BFGS:   95 21:10:12    -2732.240364        1.629514
BFGS:   96 21:10:13    -2732.252389        1.540769
BFGS:   97 21:10:14    -2732.265188        1.541691
BFGS:   98 21:10:15    -2732.280653        1.527259
BFGS:   99 21:10:16    -2732.301356        1.492995
BFGS:  100 21:10:16    -2732.327474        1.404057
BFGS:  101 21:10:17    -2732.357292        1.277137
BFGS:  102 21:10:18    -2732.388412        1.095451
BFGS:  103 21:10:19    -2732.421826        0.979646
BFGS:  104 21:10:20    -2732.461523        1.010406
BFGS:  105 21:10:21    -2732.512680        0.954876
BFGS:  106 21:10:22    -2732.568805        0.900545
BFGS:  107 21:10:23    -2732.606976        0.590921
BFGS:  108 21:10:24    -2732.640730        0.703962
BFGS:  109 21:10:25    -2732.667946        0.679860
BFGS:  110 21:10:26    -2732.705048        0.657623
BFGS:  111 21:10:26    -2732.731327        0.711506
BFGS:  112 21:10:27    -2732.764676        0.835835
BFGS:  113 21:10:28    -2732.787110        0.866652
BFGS:  114 21:10:29    -2732.805804        0.785935
BFGS:  115 21:10:30    -2732.820078        0.753970
BFGS:  116 21:10:31    -2732.832462        0.716320
BFGS:  117 21:10:32    -2732.844088        0.671750
BFGS:  118 21:10:33    -2732.853789        0.607777
BFGS:  119 21:10:34    -2732.863821        0.653973
BFGS:  120 21:10:34    -2732.871886        0.677961
BFGS:  121 21:10:35    -2732.877712        0.681149
BFGS:  122 21:10:36    -2732.883379        0.635218
BFGS:  123 21:10:37    -2732.889128        0.569821
BFGS:  124 21:10:38    -2732.894921        0.583146
BFGS:  125 21:10:38    -2732.901038        0.588552
BFGS:  126 21:10:39    -2732.908020        0.567992
BFGS:  127 21:10:40    -2732.915711        0.528004
BFGS:  128 21:10:41    -2732.923216        0.471962
BFGS:  129 21:10:42    -2732.930217        0.539549
BFGS:  130 21:10:42    -2732.937397        0.546095
BFGS:  131 21:10:43    -2732.945561        0.542057
BFGS:  132 21:10:44    -2732.954772        0.526672
BFGS:  133 21:10:45    -2732.964143        0.440329
BFGS:  134 21:10:46    -2732.972392        0.402116
BFGS:  135 21:10:47    -2732.979212        0.332388
BFGS:  136 21:10:47    -2732.984881        0.320881
BFGS:  137 21:10:48    -2732.990069        0.308604
BFGS:  138 21:10:49    -2732.994637        0.250595
BFGS:  139 21:10:50    -2732.998627        0.186341
BFGS:  140 21:10:51    -2733.002482        0.184111
BFGS:  141 21:10:51    -2733.006583        0.192949
BFGS:  142 21:10:52    -2733.010674        0.194885
BFGS:  143 21:10:53    -2733.014299        0.232834
BFGS:  144 21:10:54    -2733.017337        0.259518
BFGS:  145 21:10:55    -2733.020231        0.282655
BFGS:  146 21:10:55    -2733.023474        0.327380
BFGS:  147 21:10:56    -2733.027005        0.356260
BFGS:  148 21:10:57    -2733.030260        0.372187
BFGS:  149 21:10:58    -2733.033110        0.380700
BFGS:  150 21:10:58    -2733.035856        0.399031
BFGS:  151 21:10:59    -2733.038899        0.431239
BFGS:  152 21:11:00    -2733.042218        0.479692
BFGS:  153 21:11:01    -2733.045567        0.528671
BFGS:  154 21:11:01    -2733.049153        0.564374
BFGS:  155 21:11:02    -2733.053597        0.582021
BFGS:  156 21:11:03    -2733.059120        0.573561
BFGS:  157 21:11:04    -2733.065864        0.547057
BFGS:  158 21:11:05    -2733.075377        0.571254
BFGS:  159 21:11:06    -2733.099885        0.788674
BFGS:  160 21:11:07    -2733.045256        1.916399
BFGS:  161 21:11:08    -2733.122092        0.982610
BFGS:  162 21:11:09    -2733.138010        0.956607
BFGS:  163 21:11:10    -2733.174196        1.007485
BFGS:  164 21:11:11    -2733.189478        2.274359
BFGS:  165 21:11:11    -2733.265667        1.011769
BFGS:  166 21:11:12    -2733.311305        0.890173
BFGS:  167 21:11:13    -2733.392210        1.142615
BFGS:  168 21:11:14    -2733.408478        1.108731
BFGS:  169 21:11:14    -2733.439615        1.039947
BFGS:  170 21:11:15    -2733.450497        0.950234
BFGS:  171 21:11:16    -2733.462670        0.977075
BFGS:  172 21:11:17    -2733.473737        0.990434
BFGS:  173 21:11:17    -2733.485104        1.032822
BFGS:  174 21:11:18    -2733.494705        1.057940
BFGS:  175 21:11:19    -2733.504297        1.097019
BFGS:  176 21:11:20    -2733.514225        1.088933
BFGS:  177 21:11:20    -2733.524557        1.083896
BFGS:  178 21:11:21    -2733.533824        1.013288
BFGS:  179 21:11:22    -2733.541802        0.932070
BFGS:  180 21:11:22    -2733.548594        0.879520
BFGS:  181 21:11:23    -2733.554540        0.848421
BFGS:  182 21:11:24    -2733.559657        0.808533
BFGS:  183 21:11:25    -2733.564064        0.778959
BFGS:  184 21:11:25    -2733.568051        0.743060
BFGS:  185 21:11:26    -2733.571869        0.707889
BFGS:  186 21:11:26    -2733.575429        0.677226
BFGS:  187 21:11:27    -2733.579019        0.655822
BFGS:  188 21:11:28    -2733.582741        0.648487
BFGS:  189 21:11:28    -2733.586854        0.652836
BFGS:  190 21:11:29    -2733.591674        0.663738
BFGS:  191 21:11:30    -2733.597444        0.675432
BFGS:  192 21:11:30    -2733.604159        0.680496
BFGS:  193 21:11:31    -2733.612154        0.677243
BFGS:  194 21:11:32    -2733.622161        0.664373
BFGS:  195 21:11:33    -2733.635596        0.655619
BFGS:  196 21:11:33    -2733.655545        0.690682
BFGS:  197 21:11:34    -2733.674734        0.711106
BFGS:  198 21:11:35    -2733.694346        0.728992
BFGS:  199 21:11:36    -2733.714348        0.737879
BFGS:  200 21:11:36    -2733.734897        0.740892
