      Step     Time          Energy          fmax
BFGS:    0 13:03:28    -2795.570929       11.605313
BFGS:    1 13:03:29    -2803.166404        5.470450
BFGS:    2 13:03:30    -2808.775582        6.462094
BFGS:    3 13:03:31    -2814.329057       15.223141
BFGS:    4 13:03:31    -2819.153022       24.673766
BFGS:    5 13:03:32    -2820.817192       11.732007
BFGS:    6 13:03:33    -2826.458319        4.635739
BFGS:    7 13:03:34    -2827.919536        3.031415
BFGS:    8 13:03:34    -2828.795768        1.696535
BFGS:    9 13:03:35    -2829.216476        1.371018
BFGS:   10 13:03:36    -2829.730678        1.228903
BFGS:   11 13:03:36    -2830.149145        1.745352
BFGS:   12 13:03:37    -2830.446920        3.290677
BFGS:   13 13:03:37    -2830.999945        1.675468
BFGS:   14 13:03:38    -2831.453688        1.332055
BFGS:   15 13:03:38    -2831.907549        1.398188
BFGS:   16 13:03:39    -2832.165125        1.464128
BFGS:   17 13:03:40    -2832.876036        2.159735
BFGS:   18 13:03:40    -2833.239443        2.972116
BFGS:   19 13:03:41    -2833.626512        1.649438
BFGS:   20 13:03:41    -2834.000048        1.293103
BFGS:   21 13:03:42    -2834.251126        1.724295
BFGS:   22 13:03:42    -2834.387994        0.726173
BFGS:   23 13:03:42    -2834.519070        0.799602
BFGS:   24 13:03:43    -2834.691482        1.178921
BFGS:   25 13:03:43    -2834.847929        1.876697
BFGS:   26 13:03:44    -2835.249831        3.508203
BFGS:   27 13:03:45    -2835.236366        3.015582
BFGS:   28 13:03:45    -2835.869435        2.312704
BFGS:   29 13:03:46    -2836.159036        1.943036
BFGS:   30 13:03:46    -2836.372312        0.758552
BFGS:   31 13:03:47    -2836.454184        0.720604
BFGS:   32 13:03:47    -2836.528884        0.565522
BFGS:   33 13:03:48    -2836.579814        0.471374
BFGS:   34 13:03:48    -2836.627086        0.467345
BFGS:   35 13:03:49    -2836.670670        0.470148
BFGS:   36 13:03:49    -2836.719193        0.371629
BFGS:   37 13:03:49    -2836.764181        0.369962
BFGS:   38 13:03:50    -2836.809171        0.407811
BFGS:   39 13:03:51    -2836.853611        0.459419
BFGS:   40 13:03:51    -2836.898243        0.442484
BFGS:   41 13:03:51    -2836.938575        0.337914
BFGS:   42 13:03:52    -2836.973436        0.356505
BFGS:   43 13:03:52    -2837.000497        0.276646
BFGS:   44 13:03:53    -2837.024074        0.296607
BFGS:   45 13:03:53    -2837.045591        0.227198
BFGS:   46 13:03:54    -2837.066323        0.274785
BFGS:   47 13:03:54    -2837.086440        0.325826
BFGS:   48 13:03:55    -2837.107170        0.313173
BFGS:   49 13:03:55    -2837.129334        0.275906
BFGS:   50 13:03:56    -2837.154521        0.275408
BFGS:   51 13:03:56    -2837.182324        0.299478
BFGS:   52 13:03:57    -2837.209893        0.322113
BFGS:   53 13:03:57    -2837.235042        0.257721
BFGS:   54 13:03:57    -2837.257949        0.251536
BFGS:   55 13:03:58    -2837.281142        0.299061
BFGS:   56 13:03:58    -2837.306860        0.345856
BFGS:   57 13:03:59    -2837.335167        0.367575
BFGS:   58 13:03:59    -2837.364914        0.378187
BFGS:   59 13:04:00    -2837.396038        0.394267
BFGS:   60 13:04:00    -2837.431349        0.398248
BFGS:   61 13:04:01    -2837.471657        0.433133
BFGS:   62 13:04:01    -2837.509010        0.401112
BFGS:   63 13:04:02    -2837.537167        0.324127
BFGS:   64 13:04:02    -2837.559931        0.316599
BFGS:   65 13:04:02    -2837.580138        0.272680
BFGS:   66 13:04:03    -2837.598746        0.254179
BFGS:   67 13:04:03    -2837.615959        0.323240
BFGS:   68 13:04:04    -2837.631814        0.309775
BFGS:   69 13:04:04    -2837.647089        0.272710
BFGS:   70 13:04:05    -2837.661303        0.208357
BFGS:   71 13:04:05    -2837.672761        0.184023
BFGS:   72 13:04:06    -2837.681606        0.217669
BFGS:   73 13:04:06    -2837.689448        0.209261
BFGS:   74 13:04:06    -2837.697004        0.188233
BFGS:   75 13:04:07    -2837.703032        0.114856
BFGS:   76 13:04:07    -2837.706690        0.139951
BFGS:   77 13:04:08    -2837.709036        0.127902
BFGS:   78 13:04:08    -2837.711510        0.131585
BFGS:   79 13:04:08    -2837.715451        0.132423
BFGS:   80 13:04:09    -2837.720505        0.180970
BFGS:   81 13:04:09    -2837.725902        0.207186
BFGS:   82 13:04:10    -2837.731201        0.143888
BFGS:   83 13:04:10    -2837.736479        0.145151
BFGS:   84 13:04:10    -2837.741812        0.185972
BFGS:   85 13:04:11    -2837.747113        0.188248
BFGS:   86 13:04:11    -2837.752090        0.176276
BFGS:   87 13:04:12    -2837.756428        0.147997
BFGS:   88 13:04:12    -2837.760136        0.139391
BFGS:   89 13:04:13    -2837.763308        0.141698
BFGS:   90 13:04:13    -2837.765995        0.094581
BFGS:   91 13:04:13    -2837.768399        0.104530
BFGS:   92 13:04:14    -2837.770958        0.101907
BFGS:   93 13:04:14    -2837.773915        0.157472
BFGS:   94 13:04:15    -2837.777087        0.159979
BFGS:   95 13:04:15    -2837.779742        0.093080
BFGS:   96 13:04:15    -2837.781604        0.077402
BFGS:   97 13:04:16    -2837.783074        0.079328
BFGS:   98 13:04:16    -2837.784511        0.091273
BFGS:   99 13:04:16    -2837.785865        0.068656
BFGS:  100 13:04:17    -2837.786958        0.070891
BFGS:  101 13:04:17    -2837.787755        0.043880
BFGS:  102 13:04:18    -2837.788378        0.051185
BFGS:  103 13:04:18    -2837.788898        0.041168
BFGS:  104 13:04:18    -2837.789305        0.044607
BFGS:  105 13:04:19    -2837.789616        0.035299
BFGS:  106 13:04:19    -2837.789894        0.030198
BFGS:  107 13:04:19    -2837.790186        0.036140
BFGS:  108 13:04:19    -2837.790509        0.037987
BFGS:  109 13:04:20    -2837.790843        0.038481
BFGS:  110 13:04:20    -2837.791150        0.029293
BFGS:  111 13:04:20    -2837.791432        0.028985
BFGS:  112 13:04:20    -2837.791714        0.025842
BFGS:  113 13:04:21    -2837.791979        0.034580
BFGS:  114 13:04:21    -2837.792212        0.025209
BFGS:  115 13:04:21    -2837.792380        0.025451
BFGS:  116 13:04:22    -2837.792510        0.023809
BFGS:  117 13:04:22    -2837.792626        0.024837
BFGS:  118 13:04:22    -2837.792736        0.025729
BFGS:  119 13:04:22    -2837.792832        0.020187
BFGS:  120 13:04:23    -2837.792907        0.021810
BFGS:  121 13:04:23    -2837.792978        0.017886
BFGS:  122 13:04:23    -2837.793052        0.014192
BFGS:  123 13:04:23    -2837.793132        0.014075
BFGS:  124 13:04:24    -2837.793210        0.015938
BFGS:  125 13:04:24    -2837.793293        0.017876
BFGS:  126 13:04:24    -2837.793392        0.018762
BFGS:  127 13:04:25    -2837.793503        0.020978
BFGS:  128 13:04:25    -2837.793623        0.019560
BFGS:  129 13:04:25    -2837.793752        0.019570
BFGS:  130 13:04:25    -2837.793889        0.020517
BFGS:  131 13:04:26    -2837.794057        0.027167
BFGS:  132 13:04:26    -2837.794277        0.028557
BFGS:  133 13:04:26    -2837.794547        0.028831
BFGS:  134 13:04:27    -2837.794853        0.030010
BFGS:  135 13:04:27    -2837.795171        0.030816
BFGS:  136 13:04:27    -2837.795484        0.031153
BFGS:  137 13:04:27    -2837.795804        0.031758
BFGS:  138 13:04:28    -2837.796131        0.032496
BFGS:  139 13:04:28    -2837.796443        0.025549
BFGS:  140 13:04:28    -2837.796694        0.024360
BFGS:  141 13:04:29    -2837.796873        0.019266
BFGS:  142 13:04:29    -2837.797017        0.017162
BFGS:  143 13:04:29    -2837.797155        0.018501
BFGS:  144 13:04:29    -2837.797286        0.017979
BFGS:  145 13:04:30    -2837.797394        0.017133
BFGS:  146 13:04:30    -2837.797480        0.017423
BFGS:  147 13:04:30    -2837.797569        0.017323
BFGS:  148 13:04:30    -2837.797681        0.019896
BFGS:  149 13:04:31    -2837.797810        0.020477
BFGS:  150 13:04:31    -2837.797934        0.020113
BFGS:  151 13:04:31    -2837.798041        0.019326
BFGS:  152 13:04:31    -2837.798151        0.017378
BFGS:  153 13:04:32    -2837.798283        0.022567
BFGS:  154 13:04:32    -2837.798450        0.025096
BFGS:  155 13:04:32    -2837.798638        0.031549
BFGS:  156 13:04:32    -2837.798817        0.033903
BFGS:  157 13:04:33    -2837.798995        0.025025
BFGS:  158 13:04:33    -2837.799181        0.021986
BFGS:  159 13:04:33    -2837.799394        0.037974
BFGS:  160 13:04:33    -2837.799660        0.050523
BFGS:  161 13:04:34    -2837.800017        0.051311
BFGS:  162 13:04:34    -2837.800501        0.038585
BFGS:  163 13:04:34    -2837.801047        0.039152
BFGS:  164 13:04:35    -2837.801568        0.043204
BFGS:  165 13:04:35    -2837.802029        0.051677
BFGS:  166 13:04:35    -2837.802524        0.048048
BFGS:  167 13:04:36    -2837.803127        0.055513
BFGS:  168 13:04:36    -2837.803856        0.060348
BFGS:  169 13:04:36    -2837.804706        0.051176
BFGS:  170 13:04:37    -2837.805907        0.069205
BFGS:  171 13:04:37    -2837.806587        0.059611
BFGS:  172 13:04:37    -2837.808162        0.074269
BFGS:  173 13:04:38    -2837.809117        0.087846
BFGS:  174 13:04:38    -2837.810134        0.066312
BFGS:  175 13:04:38    -2837.810934        0.043050
BFGS:  176 13:04:39    -2837.811703        0.040692
BFGS:  177 13:04:39    -2837.812178        0.050872
BFGS:  178 13:04:39    -2837.812601        0.034178
BFGS:  179 13:04:40    -2837.812756        0.021151
BFGS:  180 13:04:40    -2837.812836        0.013705
BFGS:  181 13:04:40    -2837.812896        0.015297
BFGS:  182 13:04:40    -2837.812955        0.013648
BFGS:  183 13:04:41    -2837.813010        0.011701
BFGS:  184 13:04:41    -2837.813052        0.011419
BFGS:  185 13:04:41    -2837.813104        0.012228
BFGS:  186 13:04:41    -2837.813180        0.015516
BFGS:  187 13:04:41    -2837.813286        0.018720
BFGS:  188 13:04:42    -2837.813409        0.018698
BFGS:  189 13:04:42    -2837.813565        0.020572
BFGS:  190 13:04:42    -2837.813719        0.020788
BFGS:  191 13:04:42    -2837.813946        0.028056
BFGS:  192 13:04:43    -2837.814279        0.027764
BFGS:  193 13:04:43    -2837.814676        0.035412
BFGS:  194 13:04:43    -2837.815028        0.032874
BFGS:  195 13:04:44    -2837.815316        0.042467
BFGS:  196 13:04:44    -2837.815573        0.031430
BFGS:  197 13:04:44    -2837.815877        0.029317
BFGS:  198 13:04:44    -2837.816119        0.027937
BFGS:  199 13:04:45    -2837.816314        0.031362
BFGS:  200 13:04:45    -2837.816481        0.030958
