      Step     Time          Energy          fmax
BFGS:    0 10:08:52    -2368.778010       81.673508
BFGS:    1 10:08:53    -2380.741235       35.413167
BFGS:    2 10:08:53    -2386.595412       22.834962
BFGS:    3 10:08:54    -2390.745508       12.445864
BFGS:    4 10:08:55    -2392.863349        6.093774
BFGS:    5 10:08:55    -2393.511624        2.771515
BFGS:    6 10:08:56    -2393.629872        2.311228
BFGS:    7 10:08:56    -2393.868293        2.046408
BFGS:    8 10:08:57    -2394.084449        1.288671
BFGS:    9 10:08:57    -2394.133202        0.658935
BFGS:   10 10:08:58    -2394.142692        0.527558
BFGS:   11 10:08:58    -2394.149701        0.363528
BFGS:   12 10:08:59    -2394.155632        0.370133
BFGS:   13 10:08:59    -2394.159913        0.219408
BFGS:   14 10:08:59    -2394.160881        0.066730
BFGS:   15 10:09:00    -2394.160973        0.019677
BFGS:   16 10:09:00    -2394.160982        0.015720
BFGS:   17 10:09:00    -2394.160993        0.010624
BFGS:   18 10:09:00    -2394.161002        0.012655
BFGS:   19 10:09:01    -2394.161012        0.016611
BFGS:   20 10:09:01    -2394.161031        0.029412
BFGS:   21 10:09:01    -2394.161138        0.084431
BFGS:   22 10:09:02    -2394.165924        1.265089
BFGS:   23 10:09:02    -2394.197381        2.159002
BFGS:   24 10:09:03    -2394.274315        2.827647
BFGS:   25 10:09:04    -2394.380217        3.196171
BFGS:   26 10:09:04    -2394.492035        3.231884
BFGS:   27 10:09:05    -2394.591823        2.958879
BFGS:   28 10:09:05    -2394.674328        2.481520
BFGS:   29 10:09:06    -2394.749403        1.997924
BFGS:   30 10:09:07    -2394.815334        1.596430
BFGS:   31 10:09:07    -2394.848529        1.291521
BFGS:   32 10:09:08    -2394.884684        1.252084
BFGS:   33 10:09:09    -2395.177447        1.217371
BFGS:   34 10:09:12    -2395.483453        1.429370
BFGS:   35 10:09:13    -2395.737687        1.158825
BFGS:   36 10:09:14    -2395.917484        0.975983
BFGS:   37 10:09:16    -2396.028057        1.135794
BFGS:   38 10:09:17    -2396.111839        1.367673
BFGS:   39 10:09:18    -2396.194628        1.481020
BFGS:   40 10:09:19    -2396.297449        1.451672
BFGS:   41 10:09:19    -2396.413544        1.327487
BFGS:   42 10:09:20    -2396.531725        1.154669
BFGS:   43 10:09:21    -2396.642931        0.966930
BFGS:   44 10:09:21    -2396.741486        0.783790
BFGS:   45 10:09:22    -2396.824648        0.611518
BFGS:   46 10:09:23    -2396.891800        0.514599
BFGS:   47 10:09:23    -2396.943533        0.467790
BFGS:   48 10:09:24    -2396.979841        0.357401
BFGS:   49 10:09:24    -2397.000292        0.209381
BFGS:   50 10:09:25    -2397.009588        0.272133
BFGS:   51 10:09:25    -2397.017204        0.267729
BFGS:   52 10:09:26    -2397.021271        0.233491
BFGS:   53 10:09:27    -2397.024090        0.229752
BFGS:   54 10:09:27    -2397.028092        0.243825
BFGS:   55 10:09:28    -2397.033139        0.254358
BFGS:   56 10:09:28    -2397.039588        0.233260
BFGS:   57 10:09:29    -2397.044311        0.197703
BFGS:   58 10:09:29    -2397.047067        0.173522
BFGS:   59 10:09:30    -2397.050438        0.151172
BFGS:   60 10:09:31    -2397.051257        0.192572
BFGS:   61 10:09:31    -2397.051907        0.166088
BFGS:   62 10:09:31    -2397.052358        0.160428
BFGS:   63 10:09:32    -2397.054681        0.149821
BFGS:   64 10:09:33    -2397.058876        0.158618
BFGS:   65 10:09:33    -2397.065187        0.168009
BFGS:   66 10:09:34    -2397.075823        0.186469
BFGS:   67 10:09:34    -2397.096002        0.226302
BFGS:   68 10:09:35    -2397.130384        0.271225
BFGS:   69 10:09:36    -2397.183189        0.327509
BFGS:   70 10:09:36    -2397.251006        0.370414
BFGS:   71 10:09:37    -2397.330215        0.404548
BFGS:   72 10:09:37    -2397.418908        0.451300
BFGS:   73 10:09:38    -2397.517580        0.513695
BFGS:   74 10:09:39    -2397.622485        0.512736
BFGS:   75 10:09:40    -2397.706226        0.321881
BFGS:   76 10:09:41    -2397.712415        0.480504
BFGS:   77 10:09:41    -2397.726240        0.217669
BFGS:   78 10:09:42    -2397.728240        0.241884
BFGS:   79 10:09:42    -2397.729384        0.233152
BFGS:   80 10:09:43    -2397.729957        0.230536
BFGS:   81 10:09:43    -2397.732994        0.229631
BFGS:   82 10:09:44    -2397.733339        0.223196
BFGS:   83 10:09:44    -2397.733569        0.218102
BFGS:   84 10:09:44    -2397.733933        0.213517
BFGS:   85 10:09:45    -2397.734888        0.205251
BFGS:   86 10:09:45    -2397.737213        0.197327
BFGS:   87 10:09:46    -2397.742935        0.220551
BFGS:   88 10:09:47    -2397.755015        0.231343
BFGS:   89 10:09:47    -2397.770386        0.232382
BFGS:   90 10:09:48    -2397.786418        0.207161
BFGS:   91 10:09:48    -2397.805158        0.250500
BFGS:   92 10:09:49    -2397.814190        0.152037
BFGS:   93 10:09:50    -2397.825344        0.076022
BFGS:   94 10:09:50    -2397.827418        0.116909
BFGS:   95 10:09:51    -2397.828699        0.103488
BFGS:   96 10:09:51    -2397.829149        0.080826
BFGS:   97 10:09:52    -2397.829183        0.077083
BFGS:   98 10:09:52    -2397.829201        0.073665
BFGS:   99 10:09:52    -2397.829206        0.072658
BFGS:  100 10:09:53    -2397.829238        0.067944
BFGS:  101 10:09:53    -2397.829284        0.064589
BFGS:  102 10:09:53    -2397.829420        0.060530
BFGS:  103 10:09:54    -2397.829769        0.061933
BFGS:  104 10:09:54    -2397.830627        0.075535
BFGS:  105 10:09:55    -2397.832715        0.115160
BFGS:  106 10:09:55    -2397.836513        0.176877
BFGS:  107 10:09:56    -2397.841943        0.220299
BFGS:  108 10:09:56    -2397.849606        0.198674
BFGS:  109 10:09:57    -2397.858022        0.101178
BFGS:  110 10:09:58    -2397.861444        0.069370
BFGS:  111 10:09:58    -2397.861854        0.077045
BFGS:  112 10:09:59    -2397.861741        0.082740
BFGS:  113 10:09:59    -2397.862665        0.010536
BFGS:  114 10:10:00    -2397.862722        0.003689
      Step     Time          Energy          fmax
BFGS:    0 12:46:47     -994.198983     2393.383020
BFGS:    1 12:46:48    -2100.771220      344.035814
BFGS:    2 12:46:48    -1976.729410     2182.546131
BFGS:    3 12:46:49    -2067.992164     1483.693276
BFGS:    4 12:46:50    -2182.895843      706.252001
BFGS:    5 12:46:51    -2271.430221      269.165650
BFGS:    6 12:46:52    -2310.577651      206.658090
BFGS:    7 12:46:53    -2343.800459       91.873524
BFGS:    8 12:46:53    -2366.256684       30.422541
BFGS:    9 12:46:54    -2373.685491       25.972408
BFGS:   10 12:46:55    -2378.130243       12.388448
BFGS:   11 12:46:55    -2380.282738        9.351495
BFGS:   12 12:46:56    -2382.819318        8.261361
BFGS:   13 12:46:56    -2385.220488        5.067573
BFGS:   14 12:46:57    -2386.775675        4.517855
BFGS:   15 12:46:58    -2388.214872        5.820063
BFGS:   16 12:46:58    -2389.083757        5.112353
BFGS:   17 12:46:59    -2389.550544        5.029170
BFGS:   18 12:46:59    -2390.066151        4.600390
BFGS:   19 12:47:00    -2390.462791        3.724711
BFGS:   20 12:47:00    -2390.733198        3.040100
BFGS:   21 12:47:01    -2391.080979        2.367190
BFGS:   22 12:47:01    -2391.412405        2.129178
BFGS:   23 12:47:02    -2391.688133        2.469618
BFGS:   24 12:47:03    -2391.925075        2.315041
BFGS:   25 12:47:03    -2392.121168        1.648750
BFGS:   26 12:47:04    -2392.272000        1.051041
BFGS:   27 12:47:04    -2392.396282        1.087407
BFGS:   28 12:47:04    -2392.495590        1.572746
BFGS:   29 12:47:05    -2392.578111        1.638531
BFGS:   30 12:47:05    -2392.653755        1.389624
BFGS:   31 12:47:06    -2392.738229        1.497091
BFGS:   32 12:47:06    -2392.819784        1.819734
BFGS:   33 12:47:07    -2392.893001        1.853354
BFGS:   34 12:47:07    -2392.957400        1.602155
BFGS:   35 12:47:08    -2393.019790        1.253006
BFGS:   36 12:47:08    -2393.093410        0.999892
BFGS:   37 12:47:09    -2393.183559        0.987164
BFGS:   38 12:47:09    -2393.278369        1.027661
BFGS:   39 12:47:10    -2393.361839        1.012734
BFGS:   40 12:47:10    -2393.417344        1.032622
BFGS:   41 12:47:11    -2393.464628        1.050145
BFGS:   42 12:47:11    -2393.523763        0.907124
BFGS:   43 12:47:12    -2393.590159        0.692279
BFGS:   44 12:47:12    -2393.648542        0.735255
BFGS:   45 12:47:13    -2393.683516        0.817588
BFGS:   46 12:47:13    -2393.727046        0.897576
BFGS:   47 12:47:13    -2393.765139        0.965548
BFGS:   48 12:47:14    -2393.807043        0.927767
BFGS:   49 12:47:14    -2393.844733        0.857258
BFGS:   50 12:47:15    -2393.873770        0.741878
BFGS:   51 12:47:15    -2393.894586        0.688858
BFGS:   52 12:47:16    -2393.910812        0.666267
BFGS:   53 12:47:16    -2393.922848        0.682044
BFGS:   54 12:47:16    -2393.933020        0.740918
BFGS:   55 12:47:17    -2393.941160        0.791965
BFGS:   56 12:47:17    -2393.946720        0.791812
BFGS:   57 12:47:17    -2393.950502        0.796644
BFGS:   58 12:47:18    -2393.953857        0.778377
BFGS:   59 12:47:18    -2393.957872        0.744908
BFGS:   60 12:47:19    -2393.962776        0.695945
BFGS:   61 12:47:19    -2393.967768        0.647365
BFGS:   62 12:47:19    -2393.971949        0.616514
BFGS:   63 12:47:20    -2393.975658        0.604722
BFGS:   64 12:47:20    -2393.979842        0.573937
BFGS:   65 12:47:20    -2393.984957        0.540412
BFGS:   66 12:47:21    -2393.990573        0.525449
BFGS:   67 12:47:21    -2393.995674        0.520204
BFGS:   68 12:47:22    -2393.999784        0.523766
BFGS:   69 12:47:22    -2394.003380        0.531080
BFGS:   70 12:47:22    -2394.007087        0.589325
BFGS:   71 12:47:23    -2394.011121        0.652112
BFGS:   72 12:47:23    -2394.015545        0.668329
BFGS:   73 12:47:23    -2394.019956        0.591012
BFGS:   74 12:47:24    -2394.023618        0.474199
BFGS:   75 12:47:24    -2394.026350        0.431986
BFGS:   76 12:47:24    -2394.028518        0.415639
BFGS:   77 12:47:25    -2394.030581        0.415935
BFGS:   78 12:47:25    -2394.032754        0.427003
BFGS:   79 12:47:26    -2394.034928        0.441541
BFGS:   80 12:47:26    -2394.036933        0.490100
BFGS:   81 12:47:26    -2394.038799        0.534066
BFGS:   82 12:47:27    -2394.040563        0.546408
BFGS:   83 12:47:27    -2394.042150        0.562342
BFGS:   84 12:47:27    -2394.043556        0.585483
BFGS:   85 12:47:28    -2394.044773        0.583415
BFGS:   86 12:47:28    -2394.045817        0.581983
BFGS:   87 12:47:28    -2394.046736        0.591740
BFGS:   88 12:47:29    -2394.047595        0.637627
BFGS:   89 12:47:29    -2394.048532        0.660575
BFGS:   90 12:47:29    -2394.049660        0.656759
BFGS:   91 12:47:30    -2394.051117        0.610791
BFGS:   92 12:47:30    -2394.052938        0.602782
BFGS:   93 12:47:30    -2394.055067        0.612417
BFGS:   94 12:47:31    -2394.057221        0.631526
BFGS:   95 12:47:31    -2394.059718        0.656893
BFGS:   96 12:47:32    -2394.063307        0.715830
BFGS:   97 12:47:32    -2394.074688        0.952332
BFGS:   98 12:47:33    -2394.162993        2.018495
BFGS:   99 12:47:33    -2394.178099        3.044441
BFGS:  100 12:47:34    -2394.602820        4.597637
BFGS:  101 12:47:34    -2394.282449        9.373256
BFGS:  102 12:47:35    -2394.487419        5.494939
BFGS:  103 12:47:36    -2395.199091        3.010174
BFGS:  104 12:47:36    -2395.442044        2.359719
BFGS:  105 12:47:37    -2395.533011        1.726008
BFGS:  106 12:47:37    -2395.595179        1.634284
BFGS:  107 12:47:38    -2395.634429        1.712954
BFGS:  108 12:47:38    -2395.675129        1.820738
BFGS:  109 12:47:38    -2395.708404        1.524733
BFGS:  110 12:47:39    -2395.754784        1.047476
BFGS:  111 12:47:39    -2395.775534        1.145097
BFGS:  112 12:47:40    -2395.793583        1.248187
BFGS:  113 12:47:40    -2395.802439        1.287801
BFGS:  114 12:47:41    -2395.809704        1.372059
BFGS:  115 12:47:41    -2395.814017        1.325344
BFGS:  116 12:47:41    -2395.817209        1.221161
BFGS:  117 12:47:42    -2395.820211        1.198548
BFGS:  118 12:47:42    -2395.824196        1.166011
BFGS:  119 12:47:42    -2395.829189        1.118690
BFGS:  120 12:47:43    -2395.834352        1.070273
BFGS:  121 12:47:43    -2395.838996        1.103724
BFGS:  122 12:47:44    -2395.843987        1.161131
BFGS:  123 12:47:44    -2395.850742        1.173960
BFGS:  124 12:47:44    -2395.859402        1.105176
BFGS:  125 12:47:45    -2395.868861        0.970715
BFGS:  126 12:47:45    -2395.877558        0.929423
BFGS:  127 12:47:46    -2395.885221        0.855721
BFGS:  128 12:47:46    -2395.891999        0.763434
BFGS:  129 12:47:46    -2395.898314        0.667975
BFGS:  130 12:47:47    -2395.904130        0.684881
BFGS:  131 12:47:47    -2395.909540        0.680700
BFGS:  132 12:47:47    -2395.914772        0.618059
BFGS:  133 12:47:48    -2395.919642        0.512357
BFGS:  134 12:47:48    -2395.923999        0.496275
BFGS:  135 12:47:49    -2395.928140        0.479143
BFGS:  136 12:47:49    -2395.932557        0.439314
BFGS:  137 12:47:49    -2395.937398        0.373317
BFGS:  138 12:47:50    -2395.942824        0.428489
BFGS:  139 12:47:50    -2395.950126        0.481998
BFGS:  140 12:47:51    -2395.962110        0.482634
BFGS:  141 12:47:51    -2395.986846        0.504456
BFGS:  142 12:47:52    -2396.051806        1.223066
BFGS:  143 12:47:52    -2396.497121        1.947123
BFGS:  144 12:47:53    -2396.232542        3.456466
BFGS:  145 12:47:53    -2396.589127        2.194548
BFGS:  146 12:47:54    -2396.590427        2.385028
BFGS:  147 12:47:54    -2396.733909        2.429393
BFGS:  148 12:47:55    -2396.816649        2.709565
BFGS:  149 12:47:55    -2396.925778        2.811055
BFGS:  150 12:47:56    -2397.146535        2.667938
BFGS:  151 12:47:57    -2397.307839        2.305899
BFGS:  152 12:47:57    -2397.441387        1.809826
BFGS:  153 12:47:58    -2397.612956        0.971283
BFGS:  154 12:47:58    -2397.809837        0.990484
BFGS:  155 12:47:59    -2398.118792        1.745314
BFGS:  156 12:47:59    -2398.451065        2.471905
BFGS:  157 12:48:00    -2398.614082        1.537623
BFGS:  158 12:48:00    -2398.781480        2.293046
BFGS:  159 12:48:01    -2399.049202        1.523251
BFGS:  160 12:48:01    -2399.365901        1.088799
BFGS:  161 12:48:02    -2399.547710        0.980151
BFGS:  162 12:48:02    -2399.760998        0.778583
BFGS:  163 12:48:02    -2399.942770        0.948159
BFGS:  164 12:48:03    -2400.040615        0.888662
BFGS:  165 12:48:03    -2400.142695        0.853736
BFGS:  166 12:48:04    -2400.235222        0.718516
BFGS:  167 12:48:04    -2400.330506        0.702586
BFGS:  168 12:48:04    -2400.433554        0.873807
BFGS:  169 12:48:05    -2400.510531        0.835225
BFGS:  170 12:48:05    -2400.551066        0.580817
BFGS:  171 12:48:06    -2400.575433        0.585649
BFGS:  172 12:48:06    -2400.596499        0.553843
BFGS:  173 12:48:06    -2400.622143        0.465227
BFGS:  174 12:48:07    -2400.651481        0.476186
BFGS:  175 12:48:07    -2400.679162        0.628420
BFGS:  176 12:48:07    -2400.702051        0.702775
BFGS:  177 12:48:08    -2400.720786        0.704646
BFGS:  178 12:48:08    -2400.738177        0.600487
BFGS:  179 12:48:09    -2400.754344        0.423336
BFGS:  180 12:48:09    -2400.766447        0.361698
BFGS:  181 12:48:09    -2400.774792        0.322601
BFGS:  182 12:48:10    -2400.782153        0.298774
BFGS:  183 12:48:10    -2400.790545        0.276918
BFGS:  184 12:48:10    -2400.799893        0.259441
BFGS:  185 12:48:11    -2400.809837        0.307655
BFGS:  186 12:48:11    -2400.820648        0.372644
BFGS:  187 12:48:11    -2400.833000        0.395221
BFGS:  188 12:48:12    -2400.846673        0.380855
BFGS:  189 12:48:12    -2400.861165        0.332500
BFGS:  190 12:48:13    -2400.878094        0.326084
BFGS:  191 12:48:13    -2400.904262        0.370386
BFGS:  192 12:48:14    -2400.976302        0.882160
BFGS:  193 12:48:14    -2401.340061        1.765543
BFGS:  194 12:48:14    -2401.583632        1.870313
BFGS:  195 12:48:15    -2401.629281        2.069694
BFGS:  196 12:48:15    -2401.877653        1.545998
BFGS:  197 12:48:16    -2402.034122        0.865931
BFGS:  198 12:48:16    -2402.160428        0.758794
BFGS:  199 12:48:16    -2402.283096        0.638504
BFGS:  200 12:48:17    -2402.342431        0.623340
