      Step     Time          Energy          fmax
BFGS:    0 10:15:19    -2430.514544        0.956681
BFGS:    1 10:15:19    -2430.539562        0.872722
BFGS:    2 10:15:21    -2430.589093        0.832874
BFGS:    3 10:15:22    -2430.624269        0.231561
BFGS:    4 10:15:22    -2430.628506        0.045922
BFGS:    5 10:15:22    -2430.628666        0.003547
      Step     Time          Energy          fmax
BFGS:    0 12:50:41    -2417.249875       12.180117
BFGS:    1 12:50:42    -2424.828569        7.345098
BFGS:    2 12:50:43    -2427.134819       13.145719
BFGS:    3 12:50:43    -2428.870661        5.080712
BFGS:    4 12:50:44    -2429.636283        2.978346
BFGS:    5 12:50:44    -2430.110832        3.202624
BFGS:    6 12:50:45    -2430.357508        1.422219
BFGS:    7 12:50:45    -2430.685069        1.252335
BFGS:    8 12:50:45    -2431.009591        1.571718
BFGS:    9 12:50:46    -2431.294242        1.343174
BFGS:   10 12:50:46    -2431.555827        1.043895
BFGS:   11 12:50:47    -2431.809841        0.989003
BFGS:   12 12:50:47    -2431.868436        0.880741
BFGS:   13 12:50:47    -2431.981297        0.685139
BFGS:   14 12:50:48    -2432.060799        0.361134
BFGS:   15 12:50:48    -2432.108608        0.364085
BFGS:   16 12:50:49    -2432.152172        0.389858
BFGS:   17 12:50:49    -2432.199145        0.440321
BFGS:   18 12:50:49    -2432.257878        0.631522
BFGS:   19 12:50:50    -2432.338944        0.914309
BFGS:   20 12:50:50    -2432.519332        1.360285
BFGS:   21 12:50:51    -2432.639720        1.680166
BFGS:   22 12:50:51    -2432.896619        1.306548
BFGS:   23 12:50:51    -2433.524044        1.885463
BFGS:   24 12:50:52    -2434.103693        2.617231
BFGS:   25 12:50:52    -2434.781660        3.927174
BFGS:   26 12:50:53    -2436.447278        4.760949
BFGS:   27 12:50:53    -2436.958709        4.905829
BFGS:   28 12:50:54    -2439.097700        2.599666
BFGS:   29 12:50:54    -2439.724778        1.683616
BFGS:   30 12:50:55    -2440.073185        2.025884
BFGS:   31 12:50:55    -2440.192393        1.195731
BFGS:   32 12:50:55    -2440.300344        1.146466
BFGS:   33 12:50:56    -2440.421997        0.909829
BFGS:   34 12:50:56    -2440.522718        0.805402
BFGS:   35 12:50:57    -2440.639989        1.056742
BFGS:   36 12:50:57    -2440.750149        1.034450
BFGS:   37 12:50:57    -2440.864233        0.710878
BFGS:   38 12:50:58    -2440.943657        0.487982
BFGS:   39 12:50:58    -2440.988773        0.323818
BFGS:   40 12:50:58    -2441.009502        0.197918
BFGS:   41 12:50:59    -2441.024191        0.228134
BFGS:   42 12:50:59    -2441.036068        0.313040
BFGS:   43 12:50:59    -2441.046741        0.233072
BFGS:   44 12:50:59    -2441.054614        0.211826
BFGS:   45 12:51:00    -2441.060404        0.175121
BFGS:   46 12:51:00    -2441.066145        0.151046
BFGS:   47 12:51:00    -2441.074272        0.196044
BFGS:   48 12:51:01    -2441.092356        0.338376
BFGS:   49 12:51:01    -2441.114882        0.833681
BFGS:   50 12:51:02    -2441.150257        0.945513
BFGS:   51 12:51:02    -2441.275839        0.857812
BFGS:   52 12:51:02    -2441.430911        1.215013
BFGS:   53 12:51:03    -2441.578329        1.206209
BFGS:   54 12:51:03    -2441.653899        1.120039
BFGS:   55 12:51:04    -2441.845409        0.619989
BFGS:   56 12:51:04    -2441.939166        0.671923
BFGS:   57 12:51:04    -2441.987914        0.548653
BFGS:   58 12:51:05    -2442.029666        0.355288
BFGS:   59 12:51:05    -2442.088533        0.487976
BFGS:   60 12:51:05    -2442.107988        0.299123
BFGS:   61 12:51:06    -2442.129156        0.217499
BFGS:   62 12:51:06    -2442.139969        0.179822
BFGS:   63 12:51:06    -2442.149882        0.187750
BFGS:   64 12:51:07    -2442.155286        0.148825
BFGS:   65 12:51:07    -2442.160247        0.152845
BFGS:   66 12:51:07    -2442.164770        0.153012
BFGS:   67 12:51:07    -2442.168812        0.135376
BFGS:   68 12:51:08    -2442.171825        0.106717
BFGS:   69 12:51:08    -2442.174599        0.124684
BFGS:   70 12:51:08    -2442.177923        0.124668
BFGS:   71 12:51:09    -2442.181830        0.138942
BFGS:   72 12:51:09    -2442.185336        0.131174
BFGS:   73 12:51:09    -2442.187780        0.100600
BFGS:   74 12:51:10    -2442.189585        0.087414
BFGS:   75 12:51:10    -2442.191244        0.079518
BFGS:   76 12:51:10    -2442.193170        0.109873
BFGS:   77 12:51:11    -2442.195766        0.128893
BFGS:   78 12:51:11    -2442.199642        0.138503
BFGS:   79 12:51:11    -2442.205551        0.172266
BFGS:   80 12:51:12    -2442.213561        0.237303
BFGS:   81 12:51:12    -2442.226493        0.282605
BFGS:   82 12:51:12    -2442.242756        0.290740
BFGS:   83 12:51:13    -2442.255198        0.477597
BFGS:   84 12:51:13    -2442.255357        0.721128
BFGS:   85 12:51:14    -2442.275240        0.170820
BFGS:   86 12:51:14    -2442.281767        0.135313
BFGS:   87 12:51:14    -2442.291729        0.159944
BFGS:   88 12:51:15    -2442.294877        0.154101
BFGS:   89 12:51:15    -2442.300310        0.127715
BFGS:   90 12:51:15    -2442.303321        0.161804
BFGS:   91 12:51:15    -2442.306062        0.148802
BFGS:   92 12:51:16    -2442.308637        0.093156
BFGS:   93 12:51:16    -2442.312060        0.122551
BFGS:   94 12:51:16    -2442.316419        0.197960
BFGS:   95 12:51:17    -2442.321769        0.249850
BFGS:   96 12:51:17    -2442.327317        0.183280
BFGS:   97 12:51:17    -2442.332324        0.133451
BFGS:   98 12:51:17    -2442.336707        0.137291
BFGS:   99 12:51:18    -2442.340980        0.172482
BFGS:  100 12:51:18    -2442.345412        0.202100
BFGS:  101 12:51:18    -2442.349959        0.144925
BFGS:  102 12:51:19    -2442.354606        0.127988
BFGS:  103 12:51:19    -2442.359240        0.201377
BFGS:  104 12:51:19    -2442.363489        0.206951
BFGS:  105 12:51:20    -2442.366649        0.133087
BFGS:  106 12:51:20    -2442.368772        0.078518
BFGS:  107 12:51:20    -2442.370437        0.102762
BFGS:  108 12:51:21    -2442.371910        0.124168
BFGS:  109 12:51:21    -2442.373125        0.085243
BFGS:  110 12:51:21    -2442.374037        0.062204
BFGS:  111 12:51:21    -2442.374747        0.061711
BFGS:  112 12:51:22    -2442.375409        0.070803
BFGS:  113 12:51:22    -2442.376065        0.062870
BFGS:  114 12:51:22    -2442.376689        0.048589
BFGS:  115 12:51:22    -2442.377308        0.048556
BFGS:  116 12:51:22    -2442.378031        0.090189
BFGS:  117 12:51:23    -2442.378882        0.087509
BFGS:  118 12:51:23    -2442.379847        0.059882
BFGS:  119 12:51:23    -2442.380886        0.070173
BFGS:  120 12:51:23    -2442.382155        0.079394
BFGS:  121 12:51:24    -2442.384023        0.135829
BFGS:  122 12:51:24    -2442.387182        0.144585
BFGS:  123 12:51:24    -2442.392421        0.215419
BFGS:  124 12:51:25    -2442.399795        0.273197
BFGS:  125 12:51:25    -2442.407472        0.242359
BFGS:  126 12:51:25    -2442.413578        0.381566
BFGS:  127 12:51:26    -2442.416869        0.263363
BFGS:  128 12:51:26    -2442.420652        0.105790
BFGS:  129 12:51:26    -2442.423641        0.194826
BFGS:  130 12:51:27    -2442.425991        0.115618
BFGS:  131 12:51:27    -2442.428036        0.092703
BFGS:  132 12:51:27    -2442.429972        0.125809
BFGS:  133 12:51:27    -2442.431437        0.108670
BFGS:  134 12:51:28    -2442.432907        0.062826
BFGS:  135 12:51:28    -2442.433776        0.049498
BFGS:  136 12:51:28    -2442.434462        0.055544
BFGS:  137 12:51:28    -2442.435088        0.057384
BFGS:  138 12:51:29    -2442.435961        0.053848
BFGS:  139 12:51:29    -2442.437181        0.071991
BFGS:  140 12:51:29    -2442.438634        0.086330
BFGS:  141 12:51:30    -2442.440055        0.093358
BFGS:  142 12:51:30    -2442.441373        0.075695
BFGS:  143 12:51:30    -2442.442758        0.076603
BFGS:  144 12:51:30    -2442.444358        0.075739
BFGS:  145 12:51:31    -2442.446099        0.078412
BFGS:  146 12:51:31    -2442.447724        0.074750
BFGS:  147 12:51:31    -2442.448987        0.065627
BFGS:  148 12:51:32    -2442.449826        0.050201
BFGS:  149 12:51:32    -2442.450346        0.047356
BFGS:  150 12:51:32    -2442.450708        0.042723
BFGS:  151 12:51:33    -2442.451046        0.034196
BFGS:  152 12:51:33    -2442.451440        0.053348
BFGS:  153 12:51:33    -2442.451889        0.070302
BFGS:  154 12:51:33    -2442.452321        0.075829
BFGS:  155 12:51:33    -2442.452689        0.051903
BFGS:  156 12:51:34    -2442.452981        0.025872
BFGS:  157 12:51:34    -2442.453222        0.027563
BFGS:  158 12:51:34    -2442.453451        0.041208
BFGS:  159 12:51:34    -2442.453697        0.053656
BFGS:  160 12:51:35    -2442.453962        0.047114
BFGS:  161 12:51:35    -2442.454212        0.033190
BFGS:  162 12:51:35    -2442.454416        0.021700
BFGS:  163 12:51:35    -2442.454590        0.024176
BFGS:  164 12:51:35    -2442.454784        0.035731
BFGS:  165 12:51:36    -2442.455036        0.032144
BFGS:  166 12:51:36    -2442.455360        0.041842
BFGS:  167 12:51:36    -2442.455752        0.046209
BFGS:  168 12:51:36    -2442.456131        0.041820
BFGS:  169 12:51:37    -2442.456470        0.042914
BFGS:  170 12:51:37    -2442.456766        0.039299
BFGS:  171 12:51:37    -2442.457105        0.039144
BFGS:  172 12:51:37    -2442.457623        0.071006
BFGS:  173 12:51:37    -2442.458442        0.099353
BFGS:  174 12:51:38    -2442.459548        0.107929
BFGS:  175 12:51:38    -2442.460703        0.076474
BFGS:  176 12:51:38    -2442.461673        0.059948
BFGS:  177 12:51:38    -2442.462471        0.055704
BFGS:  178 12:51:39    -2442.463206        0.074660
BFGS:  179 12:51:39    -2442.463765        0.071005
BFGS:  180 12:51:39    -2442.464046        0.038879
BFGS:  181 12:51:39    -2442.464155        0.015274
BFGS:  182 12:51:40    -2442.464221        0.015493
BFGS:  183 12:51:40    -2442.464289        0.020895
BFGS:  184 12:51:40    -2442.464372        0.022807
BFGS:  185 12:51:40    -2442.464464        0.021628
BFGS:  186 12:51:40    -2442.464560        0.021124
BFGS:  187 12:51:41    -2442.464642        0.018222
BFGS:  188 12:51:41    -2442.464713        0.021090
BFGS:  189 12:51:41    -2442.464785        0.016518
BFGS:  190 12:51:41    -2442.464874        0.018067
BFGS:  191 12:51:42    -2442.464989        0.022221
BFGS:  192 12:51:42    -2442.465126        0.034245
BFGS:  193 12:51:42    -2442.465297        0.043436
BFGS:  194 12:51:42    -2442.465518        0.039413
BFGS:  195 12:51:42    -2442.465812        0.038449
BFGS:  196 12:51:43    -2442.466223        0.049374
BFGS:  197 12:51:43    -2442.466808        0.049843
BFGS:  198 12:51:43    -2442.467752        0.071151
BFGS:  199 12:51:44    -2442.469297        0.078149
BFGS:  200 12:51:44    -2442.471546        0.102707
