      Step     Time          Energy          fmax
BFGS:    0 13:37:39    -3038.912476       12.016126
BFGS:    1 13:37:41    -3044.817739        5.464261
BFGS:    2 13:37:42    -3050.069492        3.298123
BFGS:    3 13:37:44    -3049.418578       11.803097
BFGS:    4 13:37:45    -3051.872002        1.825802
BFGS:    5 13:37:47    -3052.325372        1.387057
BFGS:    6 13:37:48    -3052.756796        3.585560
BFGS:    7 13:37:49    -3053.385615        3.424358
BFGS:    8 13:37:50    -3055.083676        5.950883
BFGS:    9 13:37:51    -3057.632498        5.393418
BFGS:   10 13:37:53    -3056.737276       26.441615
BFGS:   11 13:37:54    -3058.808772        3.059524
BFGS:   12 13:37:55    -3059.444753        1.888694
BFGS:   13 13:37:56    -3062.464287        6.644952
BFGS:   14 13:37:57    -3064.226811       17.651570
BFGS:   15 13:37:57    -3065.723873       13.125092
BFGS:   16 13:37:58    -3067.031155       21.598455
BFGS:   17 13:37:59    -3070.801604        4.637929
BFGS:   18 13:38:00    -3071.425482        9.378048
BFGS:   19 13:38:01    -3072.821174        3.207006
BFGS:   20 13:38:01    -3073.632505        1.678627
BFGS:   21 13:38:02    -3074.521422        4.022020
BFGS:   22 13:38:02    -3075.008247        2.095710
BFGS:   23 13:38:03    -3075.468554        1.858660
BFGS:   24 13:38:04    -3075.999910        2.137638
BFGS:   25 13:38:04    -3076.382776        2.109434
BFGS:   26 13:38:05    -3076.654970        1.919927
BFGS:   27 13:38:06    -3076.874917        1.295137
BFGS:   28 13:38:06    -3077.048563        1.136979
BFGS:   29 13:38:07    -3077.199402        1.760784
BFGS:   30 13:38:07    -3077.337489        1.973669
BFGS:   31 13:38:08    -3077.451767        1.232259
BFGS:   32 13:38:09    -3077.536681        0.609720
BFGS:   33 13:38:10    -3077.606271        0.574710
BFGS:   34 13:38:10    -3077.663264        0.992109
BFGS:   35 13:38:11    -3077.718510        1.078826
BFGS:   36 13:38:12    -3077.778576        0.752327
BFGS:   37 13:38:12    -3077.836304        0.526293
BFGS:   38 13:38:13    -3077.883326        0.489008
BFGS:   39 13:38:13    -3077.924909        0.716461
BFGS:   40 13:38:14    -3077.963178        0.587055
BFGS:   41 13:38:15    -3077.997828        0.482128
BFGS:   42 13:38:15    -3078.031114        0.392216
BFGS:   43 13:38:16    -3078.058681        0.392803
BFGS:   44 13:38:16    -3078.078767        0.404154
BFGS:   45 13:38:17    -3078.093492        0.261994
BFGS:   46 13:38:18    -3078.104103        0.176746
BFGS:   47 13:38:18    -3078.111063        0.116376
BFGS:   48 13:38:19    -3078.114796        0.085615
BFGS:   49 13:38:19    -3078.116628        0.076983
BFGS:   50 13:38:20    -3078.117794        0.064195
BFGS:   51 13:38:20    -3078.118751        0.064574
BFGS:   52 13:38:20    -3078.119504        0.049395
BFGS:   53 13:38:21    -3078.120045        0.035100
BFGS:   54 13:38:21    -3078.120427        0.029612
BFGS:   55 13:38:22    -3078.120711        0.040234
BFGS:   56 13:38:22    -3078.120971        0.040672
BFGS:   57 13:38:23    -3078.121246        0.028269
BFGS:   58 13:38:23    -3078.121556        0.028594
BFGS:   59 13:38:23    -3078.121838        0.026281
BFGS:   60 13:38:24    -3078.122039        0.027432
BFGS:   61 13:38:24    -3078.122176        0.028394
BFGS:   62 13:38:25    -3078.122305        0.023314
BFGS:   63 13:38:25    -3078.122450        0.026053
BFGS:   64 13:38:25    -3078.122582        0.023878
BFGS:   65 13:38:26    -3078.122673        0.024215
BFGS:   66 13:38:26    -3078.122737        0.025710
BFGS:   67 13:38:27    -3078.122809        0.027373
BFGS:   68 13:38:27    -3078.122916        0.030435
BFGS:   69 13:38:27    -3078.123073        0.037509
BFGS:   70 13:38:28    -3078.123297        0.051430
BFGS:   71 13:38:28    -3078.123636        0.074656
BFGS:   72 13:38:29    -3078.124289        0.115086
BFGS:   73 13:38:30    -3078.126168        0.220876
BFGS:   74 13:38:30    -3078.128646        0.379216
BFGS:   75 13:38:31    -3078.136227        0.494026
BFGS:   76 13:38:32    -3078.155521        0.507166
BFGS:   77 13:38:33    -3078.195109        0.660820
BFGS:   78 13:38:33    -3078.224102        0.663955
BFGS:   79 13:38:34    -3078.255467        0.804651
BFGS:   80 13:38:35    -3078.318361        0.707476
BFGS:   81 13:38:35    -3078.360566        0.753699
BFGS:   82 13:38:36    -3078.445764        0.673278
BFGS:   83 13:38:36    -3078.492732        0.638811
BFGS:   84 13:38:37    -3078.556106        0.541034
BFGS:   85 13:38:37    -3078.590159        0.435451
BFGS:   86 13:38:38    -3078.622871        0.403265
BFGS:   87 13:38:38    -3078.655262        0.428626
BFGS:   88 13:38:39    -3078.682066        0.372027
BFGS:   89 13:38:39    -3078.699263        0.318059
BFGS:   90 13:38:40    -3078.708870        0.215003
BFGS:   91 13:38:40    -3078.716382        0.236861
BFGS:   92 13:38:41    -3078.723126        0.237801
BFGS:   93 13:38:41    -3078.730406        0.218244
BFGS:   94 13:38:41    -3078.737609        0.281084
BFGS:   95 13:38:42    -3078.744840        0.283562
BFGS:   96 13:38:42    -3078.751662        0.202976
BFGS:   97 13:38:43    -3078.758376        0.188073
BFGS:   98 13:38:43    -3078.765392        0.183707
BFGS:   99 13:38:44    -3078.772778        0.234068
BFGS:  100 13:38:44    -3078.779402        0.261265
BFGS:  101 13:38:44    -3078.783997        0.177789
BFGS:  102 13:38:45    -3078.786759        0.114968
BFGS:  103 13:38:45    -3078.788636        0.096228
BFGS:  104 13:38:46    -3078.790251        0.087668
BFGS:  105 13:38:46    -3078.791706        0.102355
BFGS:  106 13:38:46    -3078.792971        0.083139
BFGS:  107 13:38:47    -3078.794021        0.083511
BFGS:  108 13:38:47    -3078.794946        0.101997
BFGS:  109 13:38:47    -3078.795796        0.084265
BFGS:  110 13:38:48    -3078.796625        0.049225
BFGS:  111 13:38:48    -3078.797375        0.050730
BFGS:  112 13:38:48    -3078.797987        0.040163
BFGS:  113 13:38:49    -3078.798442        0.039242
BFGS:  114 13:38:49    -3078.798828        0.039220
BFGS:  115 13:38:49    -3078.799196        0.034259
BFGS:  116 13:38:50    -3078.799521        0.035475
BFGS:  117 13:38:50    -3078.799741        0.034318
BFGS:  118 13:38:50    -3078.799878        0.028290
BFGS:  119 13:38:51    -3078.799986        0.028228
BFGS:  120 13:38:51    -3078.800100        0.031834
BFGS:  121 13:38:51    -3078.800206        0.030090
BFGS:  122 13:38:51    -3078.800286        0.026823
BFGS:  123 13:38:52    -3078.800339        0.026365
BFGS:  124 13:38:52    -3078.800376        0.025697
BFGS:  125 13:38:52    -3078.800403        0.024906
BFGS:  126 13:38:52    -3078.800425        0.023995
BFGS:  127 13:38:53    -3078.800445        0.023005
BFGS:  128 13:38:53    -3078.800463        0.022023
BFGS:  129 13:38:53    -3078.800479        0.020902
BFGS:  130 13:38:53    -3078.800492        0.020026
BFGS:  131 13:38:54    -3078.800504        0.019287
BFGS:  132 13:38:54    -3078.800513        0.018473
BFGS:  133 13:38:54    -3078.800525        0.018329
BFGS:  134 13:38:54    -3078.800534        0.018067
BFGS:  135 13:38:55    -3078.800543        0.018646
BFGS:  136 13:38:55    -3078.800551        0.018446
BFGS:  137 13:38:55    -3078.800557        0.018927
BFGS:  138 13:38:55    -3078.800563        0.018677
BFGS:  139 13:38:55    -3078.800567        0.018539
BFGS:  140 13:38:56    -3078.800571        0.018618
BFGS:  141 13:38:56    -3078.800575        0.018659
BFGS:  142 13:38:56    -3078.800580        0.019480
BFGS:  143 13:38:56    -3078.800585        0.019407
BFGS:  144 13:38:57    -3078.800592        0.020360
BFGS:  145 13:38:57    -3078.800601        0.020661
BFGS:  146 13:38:57    -3078.800613        0.021049
BFGS:  147 13:38:57    -3078.800629        0.021201
BFGS:  148 13:38:57    -3078.800648        0.021590
BFGS:  149 13:38:58    -3078.800676        0.021656
BFGS:  150 13:38:58    -3078.800717        0.021921
BFGS:  151 13:38:58    -3078.800772        0.022060
BFGS:  152 13:38:59    -3078.800835        0.022329
BFGS:  153 13:38:59    -3078.800894        0.022977
BFGS:  154 13:38:59    -3078.800947        0.023388
BFGS:  155 13:38:59    -3078.800997        0.023232
BFGS:  156 13:39:00    -3078.801047        0.022343
BFGS:  157 13:39:00    -3078.801096        0.020876
BFGS:  158 13:39:00    -3078.801144        0.019032
BFGS:  159 13:39:01    -3078.801190        0.016882
BFGS:  160 13:39:01    -3078.801232        0.014448
BFGS:  161 13:39:01    -3078.801267        0.012153
BFGS:  162 13:39:01    -3078.801297        0.009910
