      Step     Time          Energy          fmax
BFGS:    0 13:34:20    -2258.002310       74.891426
BFGS:    1 13:34:21    -2302.897692        6.746369
BFGS:    2 13:34:21    -2306.409758        2.496512
BFGS:    3 13:34:22    -2307.579663        1.675950
BFGS:    4 13:34:22    -2308.220564        1.722742
BFGS:    5 13:34:22    -2308.965967        2.292740
BFGS:    6 13:34:23    -2309.454287        2.011951
BFGS:    7 13:34:23    -2309.708408        1.444904
BFGS:    8 13:34:23    -2309.872570        0.760025
BFGS:    9 13:34:24    -2309.948149        0.789359
BFGS:   10 13:34:24    -2310.052004        0.773954
BFGS:   11 13:34:25    -2310.166442        0.998585
BFGS:   12 13:34:25    -2310.264019        0.774344
BFGS:   13 13:34:25    -2310.336248        0.549842
BFGS:   14 13:34:26    -2310.388713        0.365899
BFGS:   15 13:34:26    -2310.421700        0.498398
BFGS:   16 13:34:26    -2310.450376        0.437281
BFGS:   17 13:34:27    -2310.478301        0.323145
BFGS:   18 13:34:27    -2310.501600        0.260398
BFGS:   19 13:34:27    -2310.518550        0.266456
BFGS:   20 13:34:28    -2310.530719        0.235818
BFGS:   21 13:34:28    -2310.542171        0.199428
BFGS:   22 13:34:28    -2310.555132        0.165375
BFGS:   23 13:34:29    -2310.566261        0.201266
BFGS:   24 13:34:29    -2310.573575        0.144735
BFGS:   25 13:34:29    -2310.577008        0.148435
BFGS:   26 13:34:29    -2310.578909        0.105973
BFGS:   27 13:34:30    -2310.580634        0.103327
BFGS:   28 13:34:30    -2310.582577        0.076144
BFGS:   29 13:34:30    -2310.584262        0.087977
BFGS:   30 13:34:30    -2310.586158        0.130237
BFGS:   31 13:34:31    -2310.588217        0.155915
BFGS:   32 13:34:31    -2310.590445        0.120105
BFGS:   33 13:34:31    -2310.592566        0.087110
BFGS:   34 13:34:31    -2310.594679        0.098922
BFGS:   35 13:34:32    -2310.597260        0.142055
BFGS:   36 13:34:32    -2310.601281        0.185887
BFGS:   37 13:34:32    -2310.607527        0.195010
BFGS:   38 13:34:33    -2310.615497        0.202396
BFGS:   39 13:34:33    -2310.622374        0.143848
BFGS:   40 13:34:33    -2310.626708        0.127816
BFGS:   41 13:34:33    -2310.629695        0.131456
BFGS:   42 13:34:34    -2310.633174        0.157280
BFGS:   43 13:34:34    -2310.637869        0.173330
BFGS:   44 13:34:34    -2310.643615        0.142824
BFGS:   45 13:34:35    -2310.650079        0.173592
BFGS:   46 13:34:35    -2310.657646        0.178974
BFGS:   47 13:34:35    -2310.667529        0.218569
BFGS:   48 13:34:35    -2310.678854        0.191713
BFGS:   49 13:34:36    -2310.687982        0.172751
BFGS:   50 13:34:36    -2310.693329        0.134224
BFGS:   51 13:34:36    -2310.696783        0.099190
BFGS:   52 13:34:37    -2310.700406        0.143842
BFGS:   53 13:34:37    -2310.705605        0.237085
BFGS:   54 13:34:37    -2310.713031        0.277001
BFGS:   55 13:34:37    -2310.722202        0.220073
BFGS:   56 13:34:38    -2310.731138        0.161177
BFGS:   57 13:34:38    -2310.738303        0.128452
BFGS:   58 13:34:38    -2310.744232        0.163664
BFGS:   59 13:34:38    -2310.749503        0.157214
BFGS:   60 13:34:39    -2310.754643        0.181073
BFGS:   61 13:34:39    -2310.760294        0.158274
BFGS:   62 13:34:39    -2310.767758        0.251801
BFGS:   63 13:34:40    -2310.773242        0.194700
BFGS:   64 13:34:40    -2310.777461        0.125095
BFGS:   65 13:34:40    -2310.780873        0.119677
BFGS:   66 13:34:40    -2310.785181        0.207119
BFGS:   67 13:34:41    -2310.790498        0.242804
BFGS:   68 13:34:41    -2310.795725        0.148163
BFGS:   69 13:34:41    -2310.799260        0.103754
BFGS:   70 13:34:42    -2310.806108        0.266359
BFGS:   71 13:34:42    -2310.846078        0.707436
BFGS:   72 13:34:42    -2311.077227        2.938212
BFGS:   73 13:34:43    -2312.037183        2.555714
BFGS:   74 13:34:43    -2310.919623       16.651183
BFGS:   75 13:34:44    -2312.515842        3.263624
BFGS:   76 13:34:44    -2312.784661        1.786237
BFGS:   77 13:34:44    -2313.136528        1.387379
BFGS:   78 13:34:45    -2313.180252        1.905004
BFGS:   79 13:34:45    -2313.357967        1.406562
BFGS:   80 13:34:45    -2313.439324        0.726542
BFGS:   81 13:34:46    -2313.533713        0.745400
BFGS:   82 13:34:46    -2313.650286        0.941612
BFGS:   83 13:34:46    -2313.688039        0.725937
BFGS:   84 13:34:46    -2313.736503        0.607913
BFGS:   85 13:34:47    -2313.767495        0.361576
BFGS:   86 13:34:47    -2313.790246        0.455867
BFGS:   87 13:34:47    -2313.816633        0.468568
BFGS:   88 13:34:47    -2313.832138        0.263759
BFGS:   89 13:34:48    -2313.840686        0.206575
BFGS:   90 13:34:48    -2313.845944        0.191436
BFGS:   91 13:34:48    -2313.850609        0.200629
BFGS:   92 13:34:48    -2313.854275        0.130283
BFGS:   93 13:34:48    -2313.856728        0.099971
BFGS:   94 13:34:49    -2313.858502        0.097408
BFGS:   95 13:34:49    -2313.859966        0.096955
BFGS:   96 13:34:49    -2313.861088        0.073069
BFGS:   97 13:34:49    -2313.861838        0.048779
BFGS:   98 13:34:50    -2313.862309        0.050193
BFGS:   99 13:34:50    -2313.862657        0.046642
BFGS:  100 13:34:50    -2313.862982        0.036500
BFGS:  101 13:34:50    -2313.863308        0.039970
BFGS:  102 13:34:50    -2313.863610        0.047525
BFGS:  103 13:34:50    -2313.863830        0.039292
BFGS:  104 13:34:51    -2313.863967        0.026509
BFGS:  105 13:34:51    -2313.864052        0.019337
BFGS:  106 13:34:51    -2313.864112        0.019403
BFGS:  107 13:34:51    -2313.864156        0.016391
BFGS:  108 13:34:51    -2313.864187        0.011572
BFGS:  109 13:34:51    -2313.864211        0.010526
BFGS:  110 13:34:51    -2313.864232        0.012848
BFGS:  111 13:34:51    -2313.864248        0.011744
BFGS:  112 13:34:52    -2313.864265        0.011002
BFGS:  113 13:34:52    -2313.864284        0.015901
BFGS:  114 13:34:52    -2313.864313        0.018485
BFGS:  115 13:34:52    -2313.864348        0.016761
BFGS:  116 13:34:52    -2313.864386        0.015482
BFGS:  117 13:34:52    -2313.864425        0.016726
BFGS:  118 13:34:52    -2313.864480        0.018119
BFGS:  119 13:34:53    -2313.864553        0.027526
BFGS:  120 13:34:53    -2313.864646        0.033250
BFGS:  121 13:34:53    -2313.864729        0.026745
BFGS:  122 13:34:53    -2313.864794        0.027757
BFGS:  123 13:34:53    -2313.864852        0.027827
BFGS:  124 13:34:53    -2313.864918        0.025520
BFGS:  125 13:34:54    -2313.864992        0.023365
BFGS:  126 13:34:54    -2313.865064        0.023105
BFGS:  127 13:34:54    -2313.865126        0.024051
BFGS:  128 13:34:54    -2313.865180        0.027931
BFGS:  129 13:34:54    -2313.865233        0.030549
BFGS:  130 13:34:54    -2313.865277        0.035006
BFGS:  131 13:34:54    -2313.865325        0.039290
BFGS:  132 13:34:55    -2313.865365        0.039891
BFGS:  133 13:34:55    -2313.865404        0.039103
BFGS:  134 13:34:55    -2313.865442        0.038292
BFGS:  135 13:34:55    -2313.865483        0.036428
BFGS:  136 13:34:55    -2313.865530        0.034561
BFGS:  137 13:34:55    -2313.865576        0.033214
BFGS:  138 13:34:55    -2313.865616        0.033161
BFGS:  139 13:34:56    -2313.865654        0.034057
BFGS:  140 13:34:56    -2313.865693        0.033986
BFGS:  141 13:34:56    -2313.865735        0.032902
BFGS:  142 13:34:56    -2313.865770        0.032701
BFGS:  143 13:34:56    -2313.865801        0.032828
BFGS:  144 13:34:56    -2313.865833        0.032541
BFGS:  145 13:34:56    -2313.865877        0.030788
BFGS:  146 13:34:57    -2313.865932        0.028791
BFGS:  147 13:34:57    -2313.865985        0.028378
BFGS:  148 13:34:57    -2313.866030        0.028790
BFGS:  149 13:34:57    -2313.866073        0.026968
BFGS:  150 13:34:57    -2313.866120        0.022091
BFGS:  151 13:34:57    -2313.866174        0.018443
BFGS:  152 13:34:57    -2313.866223        0.014798
BFGS:  153 13:34:57    -2313.866262        0.014064
BFGS:  154 13:34:58    -2313.866292        0.012200
BFGS:  155 13:34:58    -2313.866318        0.011573
BFGS:  156 13:34:58    -2313.866343        0.011467
BFGS:  157 13:34:58    -2313.866368        0.010288
BFGS:  158 13:34:58    -2313.866391        0.010477
BFGS:  159 13:34:58    -2313.866413        0.009040
