      Step     Time          Energy          fmax
BFGS:    0 14:17:27    -2726.955239       13.555065
BFGS:    1 14:17:28    -2735.071035        5.368030
BFGS:    2 14:17:29    -2739.907314        6.824028
BFGS:    3 14:17:30    -2745.563590       14.440148
BFGS:    4 14:17:31    -2750.130408       25.793063
BFGS:    5 14:17:32    -2752.456750       12.533483
BFGS:    6 14:17:32    -2758.036131        4.835789
BFGS:    7 14:17:33    -2759.522713        3.247774
BFGS:    8 14:17:34    -2760.322380        1.917888
BFGS:    9 14:17:34    -2760.677294        1.684547
BFGS:   10 14:17:35    -2761.005183        1.950256
BFGS:   11 14:17:35    -2761.198812        1.127322
BFGS:   12 14:17:36    -2761.396668        1.095355
BFGS:   13 14:17:37    -2761.745233        1.413133
BFGS:   14 14:17:37    -2761.954245        1.407019
BFGS:   15 14:17:38    -2762.234775        1.496857
BFGS:   16 14:17:38    -2762.487518        1.528909
BFGS:   17 14:17:39    -2762.830580        1.377619
BFGS:   18 14:17:39    -2763.184262        1.305529
BFGS:   19 14:17:40    -2763.519615        1.980017
BFGS:   20 14:17:41    -2763.996919        2.154135
BFGS:   21 14:17:41    -2764.421423        3.440413
BFGS:   22 14:17:42    -2765.036995        1.167276
BFGS:   23 14:17:42    -2765.368546        0.896804
BFGS:   24 14:17:42    -2765.525550        0.908947
BFGS:   25 14:17:43    -2765.692872        0.774379
BFGS:   26 14:17:43    -2765.835643        0.632827
BFGS:   27 14:17:44    -2765.945269        0.537490
BFGS:   28 14:17:44    -2766.008540        0.869479
BFGS:   29 14:17:45    -2766.045133        0.591372
BFGS:   30 14:17:45    -2766.087109        0.356962
BFGS:   31 14:17:45    -2766.146108        0.695916
BFGS:   32 14:17:46    -2766.280072        1.870286
BFGS:   33 14:17:46    -2765.810173        3.040401
BFGS:   34 14:17:47    -2766.399262        2.115191
BFGS:   35 14:17:47    -2766.502584        2.042265
BFGS:   36 14:17:48    -2765.759895       11.268547
BFGS:   37 14:17:48    -2766.716773        1.508964
BFGS:   38 14:17:48    -2766.812422        1.018921
BFGS:   39 14:17:49    -2766.916553        1.849612
BFGS:   40 14:17:49    -2766.963089        0.579369
BFGS:   41 14:17:50    -2767.001109        0.262263
BFGS:   42 14:17:50    -2767.049316        0.318598
BFGS:   43 14:17:50    -2767.063657        0.334441
BFGS:   44 14:17:51    -2767.085729        0.416790
BFGS:   45 14:17:51    -2767.101770        0.596464
BFGS:   46 14:17:51    -2767.122970        0.659284
BFGS:   47 14:17:52    -2767.142549        0.468065
BFGS:   48 14:17:52    -2767.165656        0.284629
BFGS:   49 14:17:52    -2767.192295        0.313134
BFGS:   50 14:17:53    -2767.218561        0.315787
BFGS:   51 14:17:53    -2767.242114        0.314327
BFGS:   52 14:17:54    -2767.264095        0.289204
BFGS:   53 14:17:54    -2767.283117        0.250187
BFGS:   54 14:17:54    -2767.298872        0.291390
BFGS:   55 14:17:55    -2767.312524        0.237929
BFGS:   56 14:17:55    -2767.325396        0.251521
BFGS:   57 14:17:55    -2767.338850        0.240378
BFGS:   58 14:17:56    -2767.352450        0.260359
BFGS:   59 14:17:56    -2767.365434        0.247996
BFGS:   60 14:17:56    -2767.377406        0.175716
BFGS:   61 14:17:57    -2767.387965        0.197157
BFGS:   62 14:17:57    -2767.397648        0.216686
BFGS:   63 14:17:57    -2767.408025        0.234083
BFGS:   64 14:17:58    -2767.420324        0.217642
BFGS:   65 14:17:58    -2767.434435        0.192406
BFGS:   66 14:17:59    -2767.449603        0.218836
BFGS:   67 14:17:59    -2767.466191        0.278918
BFGS:   68 14:17:59    -2767.486537        0.312448
BFGS:   69 14:18:00    -2767.512962        0.281397
BFGS:   70 14:18:00    -2767.542418        0.270737
BFGS:   71 14:18:00    -2767.566543        0.257468
BFGS:   72 14:18:01    -2767.583300        0.225757
BFGS:   73 14:18:01    -2767.597273        0.187240
BFGS:   74 14:18:01    -2767.610744        0.209461
BFGS:   75 14:18:02    -2767.622669        0.244377
BFGS:   76 14:18:02    -2767.631876        0.240358
BFGS:   77 14:18:02    -2767.639728        0.193453
BFGS:   78 14:18:03    -2767.647742        0.142138
BFGS:   79 14:18:03    -2767.655675        0.131403
BFGS:   80 14:18:03    -2767.662236        0.148782
BFGS:   81 14:18:04    -2767.667722        0.151672
BFGS:   82 14:18:04    -2767.673519        0.145051
BFGS:   83 14:18:04    -2767.680045        0.127836
BFGS:   84 14:18:04    -2767.686119        0.137156
BFGS:   85 14:18:05    -2767.690607        0.123781
BFGS:   86 14:18:05    -2767.693901        0.099286
BFGS:   87 14:18:05    -2767.696677        0.095872
BFGS:   88 14:18:06    -2767.699040        0.095909
BFGS:   89 14:18:06    -2767.701015        0.102698
BFGS:   90 14:18:06    -2767.703035        0.107818
BFGS:   91 14:18:07    -2767.705526        0.091858
BFGS:   92 14:18:07    -2767.708328        0.112702
BFGS:   93 14:18:07    -2767.710806        0.093378
BFGS:   94 14:18:08    -2767.712662        0.080791
BFGS:   95 14:18:08    -2767.714215        0.074558
BFGS:   96 14:18:08    -2767.715801        0.072551
BFGS:   97 14:18:09    -2767.717363        0.065984
BFGS:   98 14:18:09    -2767.718668        0.072737
BFGS:   99 14:18:09    -2767.719635        0.054166
BFGS:  100 14:18:10    -2767.720329        0.043558
BFGS:  101 14:18:10    -2767.720838        0.043775
BFGS:  102 14:18:10    -2767.721223        0.037383
BFGS:  103 14:18:10    -2767.721549        0.040363
BFGS:  104 14:18:11    -2767.721847        0.034297
BFGS:  105 14:18:11    -2767.722136        0.041480
BFGS:  106 14:18:11    -2767.722436        0.041571
BFGS:  107 14:18:11    -2767.722826        0.050102
BFGS:  108 14:18:12    -2767.723375        0.061478
BFGS:  109 14:18:12    -2767.724114        0.054583
BFGS:  110 14:18:12    -2767.724967        0.070036
BFGS:  111 14:18:13    -2767.725816        0.066593
BFGS:  112 14:18:13    -2767.726581        0.052557
BFGS:  113 14:18:13    -2767.727225        0.056246
BFGS:  114 14:18:13    -2767.727697        0.043609
BFGS:  115 14:18:14    -2767.728037        0.037715
BFGS:  116 14:18:14    -2767.728289        0.026379
BFGS:  117 14:18:14    -2767.728525        0.021026
BFGS:  118 14:18:14    -2767.728741        0.022760
BFGS:  119 14:18:15    -2767.728913        0.024265
BFGS:  120 14:18:15    -2767.729051        0.018594
BFGS:  121 14:18:15    -2767.729175        0.023516
BFGS:  122 14:18:15    -2767.729300        0.022213
BFGS:  123 14:18:16    -2767.729416        0.020475
BFGS:  124 14:18:16    -2767.729522        0.019557
BFGS:  125 14:18:16    -2767.729620        0.016868
BFGS:  126 14:18:16    -2767.729705        0.016495
BFGS:  127 14:18:16    -2767.729766        0.012742
BFGS:  128 14:18:17    -2767.729806        0.009098
