      Step     Time          Energy          fmax
BFGS:    0 13:42:47    -2276.518066       68.362926
BFGS:    1 13:42:47    -2319.608868        7.253728
BFGS:    2 13:42:48    -2323.395574        3.197196
BFGS:    3 13:42:48    -2324.675678        2.013652
BFGS:    4 13:42:49    -2325.373984        1.606600
BFGS:    5 13:42:49    -2326.089943        2.261162
BFGS:    6 13:42:49    -2326.586950        2.326135
BFGS:    7 13:42:50    -2326.903862        1.483773
BFGS:    8 13:42:50    -2327.062307        0.726103
BFGS:    9 13:42:51    -2327.145668        0.614109
BFGS:   10 13:42:51    -2327.226974        0.927951
BFGS:   11 13:42:52    -2327.321192        0.939566
BFGS:   12 13:42:52    -2327.415565        0.734332
BFGS:   13 13:42:52    -2327.488286        0.550109
BFGS:   14 13:42:53    -2327.537411        0.320806
BFGS:   15 13:42:53    -2327.568625        0.499793
BFGS:   16 13:42:54    -2327.597957        0.636410
BFGS:   17 13:42:54    -2327.626953        0.387210
BFGS:   18 13:42:54    -2327.654067        0.304266
BFGS:   19 13:42:55    -2327.674288        0.244352
BFGS:   20 13:42:55    -2327.686277        0.215453
BFGS:   21 13:42:55    -2327.697245        0.213094
BFGS:   22 13:42:56    -2327.708025        0.189916
BFGS:   23 13:42:56    -2327.717248        0.153233
BFGS:   24 13:42:57    -2327.723572        0.137229
BFGS:   25 13:42:57    -2327.727224        0.096900
BFGS:   26 13:42:57    -2327.729303        0.081689
BFGS:   27 13:42:57    -2327.730952        0.078605
BFGS:   28 13:42:58    -2327.732456        0.085488
BFGS:   29 13:42:58    -2327.733706        0.084885
BFGS:   30 13:42:58    -2327.734767        0.075161
BFGS:   31 13:42:59    -2327.735692        0.099235
BFGS:   32 13:42:59    -2327.736492        0.075637
BFGS:   33 13:42:59    -2327.737145        0.045426
BFGS:   34 13:42:59    -2327.737711        0.048965
BFGS:   35 13:43:00    -2327.738336        0.064612
BFGS:   36 13:43:00    -2327.739253        0.075955
BFGS:   37 13:43:00    -2327.740665        0.083054
BFGS:   38 13:43:01    -2327.742669        0.097836
BFGS:   39 13:43:01    -2327.744939        0.088223
BFGS:   40 13:43:01    -2327.747036        0.120695
BFGS:   41 13:43:02    -2327.748935        0.106096
BFGS:   42 13:43:02    -2327.751087        0.122800
BFGS:   43 13:43:02    -2327.753822        0.140415
BFGS:   44 13:43:03    -2327.757059        0.120121
BFGS:   45 13:43:03    -2327.760140        0.115344
BFGS:   46 13:43:03    -2327.762811        0.096200
BFGS:   47 13:43:04    -2327.765516        0.103046
BFGS:   48 13:43:04    -2327.768640        0.118899
BFGS:   49 13:43:04    -2327.772031        0.119173
BFGS:   50 13:43:05    -2327.775153        0.100990
BFGS:   51 13:43:05    -2327.778176        0.116411
BFGS:   52 13:43:05    -2327.782109        0.148872
BFGS:   53 13:43:06    -2327.788812        0.296272
BFGS:   54 13:43:06    -2327.799611        0.415472
BFGS:   55 13:43:06    -2327.813430        0.396731
BFGS:   56 13:43:07    -2327.826833        0.207821
BFGS:   57 13:43:07    -2327.835696        0.188594
BFGS:   58 13:43:07    -2327.838228        0.306490
BFGS:   59 13:43:08    -2327.846871        0.248213
BFGS:   60 13:43:08    -2327.852774        0.158171
BFGS:   61 13:43:08    -2327.862335        0.170010
BFGS:   62 13:43:09    -2327.867309        0.251398
BFGS:   63 13:43:09    -2327.875225        0.268911
BFGS:   64 13:43:09    -2327.881031        0.155255
BFGS:   65 13:43:09    -2327.885100        0.106253
BFGS:   66 13:43:10    -2327.887574        0.102557
BFGS:   67 13:43:10    -2327.890630        0.153859
BFGS:   68 13:43:10    -2327.892947        0.116690
BFGS:   69 13:43:11    -2327.894160        0.040604
BFGS:   70 13:43:11    -2327.894538        0.029759
BFGS:   71 13:43:11    -2327.894728        0.029679
BFGS:   72 13:43:11    -2327.894913        0.028289
BFGS:   73 13:43:12    -2327.895083        0.025768
BFGS:   74 13:43:12    -2327.895231        0.031043
BFGS:   75 13:43:12    -2327.895394        0.037899
BFGS:   76 13:43:12    -2327.895583        0.036646
BFGS:   77 13:43:13    -2327.895781        0.026943
BFGS:   78 13:43:13    -2327.895989        0.025263
BFGS:   79 13:43:13    -2327.896216        0.032173
BFGS:   80 13:43:13    -2327.896550        0.045263
BFGS:   81 13:43:14    -2327.897020        0.051985
BFGS:   82 13:43:14    -2327.897545        0.045085
BFGS:   83 13:43:14    -2327.897936        0.036849
BFGS:   84 13:43:15    -2327.898208        0.037872
BFGS:   85 13:43:15    -2327.898458        0.037038
BFGS:   86 13:43:15    -2327.898802        0.033657
BFGS:   87 13:43:15    -2327.899220        0.033719
BFGS:   88 13:43:16    -2327.899635        0.033483
BFGS:   89 13:43:16    -2327.900069        0.035671
BFGS:   90 13:43:16    -2327.900807        0.055533
BFGS:   91 13:43:17    -2327.918440        0.673731
BFGS:   92 13:43:17    -2328.118768        1.937802
BFGS:   93 13:43:18    -2328.850983        2.652286
BFGS:   94 13:43:18    -2328.627227        5.489921
BFGS:   95 13:43:18    -2328.971621        3.472762
BFGS:   96 13:43:19    -2329.211952        2.159585
BFGS:   97 13:43:19    -2329.555469        1.784140
BFGS:   98 13:43:20    -2329.814572        1.729251
BFGS:   99 13:43:20    -2330.018606        1.771582
BFGS:  100 13:43:21    -2330.206789        0.992837
BFGS:  101 13:43:21    -2330.317819        1.177822
BFGS:  102 13:43:22    -2330.374566        0.737332
BFGS:  103 13:43:22    -2330.450031        0.659513
BFGS:  104 13:43:22    -2330.529296        0.774435
BFGS:  105 13:43:23    -2330.574963        0.933029
BFGS:  106 13:43:23    -2330.640845        0.652009
BFGS:  107 13:43:24    -2330.693640        0.556370
BFGS:  108 13:43:24    -2330.731039        0.456108
BFGS:  109 13:43:24    -2330.755652        0.364643
BFGS:  110 13:43:25    -2330.775082        0.290876
BFGS:  111 13:43:25    -2330.792519        0.336443
BFGS:  112 13:43:25    -2330.808285        0.352492
BFGS:  113 13:43:26    -2330.820733        0.343157
BFGS:  114 13:43:26    -2330.829315        0.316957
BFGS:  115 13:43:26    -2330.835332        0.294045
BFGS:  116 13:43:26    -2330.840786        0.293726
BFGS:  117 13:43:27    -2330.846830        0.274277
BFGS:  118 13:43:27    -2330.852897        0.235855
BFGS:  119 13:43:27    -2330.858331        0.182498
BFGS:  120 13:43:28    -2330.863074        0.156198
BFGS:  121 13:43:28    -2330.867382        0.145126
BFGS:  122 13:43:28    -2330.871667        0.152516
BFGS:  123 13:43:28    -2330.875536        0.155185
BFGS:  124 13:43:29    -2330.878426        0.149081
BFGS:  125 13:43:29    -2330.880451        0.123738
BFGS:  126 13:43:29    -2330.882098        0.101560
BFGS:  127 13:43:29    -2330.883615        0.075609
BFGS:  128 13:43:30    -2330.885018        0.064882
BFGS:  129 13:43:30    -2330.886386        0.076952
BFGS:  130 13:43:30    -2330.887817        0.075835
BFGS:  131 13:43:30    -2330.889298        0.078236
BFGS:  132 13:43:31    -2330.890551        0.050806
BFGS:  133 13:43:31    -2330.891345        0.051383
BFGS:  134 13:43:31    -2330.891781        0.042536
BFGS:  135 13:43:31    -2330.892090        0.043239
BFGS:  136 13:43:32    -2330.892403        0.036136
BFGS:  137 13:43:32    -2330.892688        0.031522
BFGS:  138 13:43:32    -2330.892888        0.032082
BFGS:  139 13:43:32    -2330.893020        0.026526
BFGS:  140 13:43:32    -2330.893118        0.021148
BFGS:  141 13:43:33    -2330.893209        0.025291
BFGS:  142 13:43:33    -2330.893275        0.020507
BFGS:  143 13:43:33    -2330.893325        0.015517
BFGS:  144 13:43:33    -2330.893358        0.017169
BFGS:  145 13:43:33    -2330.893392        0.017763
BFGS:  146 13:43:34    -2330.893419        0.017610
BFGS:  147 13:43:34    -2330.893449        0.016236
BFGS:  148 13:43:34    -2330.893484        0.014584
BFGS:  149 13:43:34    -2330.893524        0.015919
BFGS:  150 13:43:34    -2330.893573        0.015948
BFGS:  151 13:43:35    -2330.893622        0.019951
BFGS:  152 13:43:35    -2330.893680        0.017087
BFGS:  153 13:43:35    -2330.893750        0.016462
BFGS:  154 13:43:35    -2330.893848        0.020419
BFGS:  155 13:43:35    -2330.893974        0.023575
BFGS:  156 13:43:35    -2330.894166        0.037187
BFGS:  157 13:43:36    -2330.894386        0.040166
BFGS:  158 13:43:36    -2330.894667        0.032593
BFGS:  159 13:43:36    -2330.894999        0.031882
BFGS:  160 13:43:36    -2330.895421        0.039691
BFGS:  161 13:43:37    -2330.896099        0.062537
BFGS:  162 13:43:37    -2330.897395        0.090795
BFGS:  163 13:43:37    -2330.901357        0.133668
BFGS:  164 13:43:38    -2330.908666        0.267721
BFGS:  165 13:43:38    -2330.930108        0.283495
BFGS:  166 13:43:38    -2330.978609        0.841273
BFGS:  167 13:43:39    -2331.139649        1.173050
BFGS:  168 13:43:39    -2331.560238        2.526140
BFGS:  169 13:43:39    -2330.982664        7.679820
BFGS:  170 13:43:40    -2331.665653        1.193677
BFGS:  171 13:43:40    -2331.686089        1.066340
BFGS:  172 13:43:41    -2331.792459        1.025527
BFGS:  173 13:43:41    -2331.702377        1.417425
BFGS:  174 13:43:41    -2331.874004        0.626527
BFGS:  175 13:43:42    -2331.907942        0.573793
BFGS:  176 13:43:42    -2331.997843        0.567133
BFGS:  177 13:43:42    -2332.037810        0.381729
BFGS:  178 13:43:43    -2332.070000        0.378380
BFGS:  179 13:43:43    -2332.085413        0.382085
BFGS:  180 13:43:43    -2332.102138        0.370282
BFGS:  181 13:43:43    -2332.118483        0.358422
BFGS:  182 13:43:44    -2332.133797        0.429499
BFGS:  183 13:43:44    -2332.147085        0.386840
BFGS:  184 13:43:44    -2332.157708        0.217590
BFGS:  185 13:43:45    -2332.165553        0.190024
BFGS:  186 13:43:45    -2332.173192        0.222669
BFGS:  187 13:43:45    -2332.183611        0.376845
BFGS:  188 13:43:46    -2332.210068        0.640589
BFGS:  189 13:43:46    -2332.297414        1.240440
BFGS:  190 13:43:46    -2332.314684        2.022794
BFGS:  191 13:43:47    -2332.508428        1.045894
BFGS:  192 13:43:47    -2332.606894        1.245674
BFGS:  193 13:43:48    -2332.657899        1.681792
BFGS:  194 13:43:48    -2332.700958        1.960081
BFGS:  195 13:43:48    -2332.766205        2.257809
BFGS:  196 13:43:48    -2332.839158        2.552254
BFGS:  197 13:43:49    -2333.008216        2.979471
BFGS:  198 13:43:49    -2333.293570        3.325213
BFGS:  199 13:43:49    -2333.615764        2.680496
BFGS:  200 13:43:50    -2333.934635        1.726576
