      Step     Time          Energy          fmax
BFGS:    0 10:08:52    -3053.090690       57.752944
BFGS:    1 10:08:54    -3060.012672       18.783331
BFGS:    2 10:08:55    -3062.339868       12.045563
BFGS:    3 10:08:56    -3063.732994        2.414500
BFGS:    4 10:08:56    -3063.772088        2.648937
BFGS:    5 10:08:57    -3063.806783        2.317376
BFGS:    6 10:08:58    -3063.872036        0.430424
BFGS:    7 10:08:59    -3063.873622        0.133174
BFGS:    8 10:08:59    -3063.873800        0.014851
BFGS:    9 10:09:00    -3063.873803        0.010409
BFGS:   10 10:09:00    -3063.873806        0.003102
      Step     Time          Energy          fmax
BFGS:    0 12:46:42    -1653.440529     2394.026903
BFGS:    1 12:46:43    -2761.951627      343.662100
BFGS:    2 12:46:44    -2639.160294     2194.958792
BFGS:    3 12:46:45    -2732.511669     1492.042347
BFGS:    4 12:46:45    -2856.289161      969.091136
BFGS:    5 12:46:46    -2957.566064      505.715113
BFGS:    6 12:46:47    -2983.212589      296.366415
BFGS:    7 12:46:48    -3014.055510       50.493405
BFGS:    8 12:46:50    -3029.461928       29.650006
BFGS:    9 12:46:51    -3040.912926       32.895507
BFGS:   10 12:46:52    -3048.236992       32.900790
BFGS:   11 12:46:53    -3054.546473       24.832940
BFGS:   12 12:46:54    -3060.780400       19.663817
BFGS:   13 12:46:54    -3063.851474       16.331848
BFGS:   14 12:46:55    -3067.065613        9.191749
BFGS:   15 12:46:56    -3068.678467        6.034705
BFGS:   16 12:46:57    -3069.821969        5.961761
BFGS:   17 12:46:58    -3070.821327        5.256292
BFGS:   18 12:46:58    -3071.899620        4.223955
BFGS:   19 12:46:59    -3072.586959        3.337973
BFGS:   20 12:47:00    -3072.940216        3.498397
BFGS:   21 12:47:00    -3073.262390        3.402944
BFGS:   22 12:47:01    -3073.538172        2.996344
BFGS:   23 12:47:02    -3073.763914        3.276907
BFGS:   24 12:47:02    -3073.919512        3.328316
BFGS:   25 12:47:03    -3074.020792        3.150219
BFGS:   26 12:47:04    -3074.092256        2.832726
BFGS:   27 12:47:04    -3074.152159        2.440763
BFGS:   28 12:47:05    -3074.207492        2.082459
BFGS:   29 12:47:06    -3074.259008        1.917601
BFGS:   30 12:47:06    -3074.306932        1.897945
BFGS:   31 12:47:07    -3074.349207        1.922670
BFGS:   32 12:47:07    -3074.385208        1.954057
BFGS:   33 12:47:08    -3074.416638        1.981196
BFGS:   34 12:47:08    -3074.446200        1.990310
BFGS:   35 12:47:09    -3074.475653        1.972285
BFGS:   36 12:47:10    -3074.503965        1.942775
BFGS:   37 12:47:10    -3074.528206        1.953370
BFGS:   38 12:47:11    -3074.547425        1.999544
BFGS:   39 12:47:11    -3074.563766        2.057183
BFGS:   40 12:47:12    -3074.579938        2.134167
BFGS:   41 12:47:12    -3074.597363        2.231345
BFGS:   42 12:47:13    -3074.616437        2.334333
BFGS:   43 12:47:13    -3074.636343        2.418630
BFGS:   44 12:47:14    -3074.655177        2.458078
BFGS:   45 12:47:14    -3074.671896        2.463580
BFGS:   46 12:47:15    -3074.686822        2.455185
BFGS:   47 12:47:15    -3074.701658        2.458272
BFGS:   48 12:47:16    -3074.717907        2.479861
BFGS:   49 12:47:17    -3074.734334        2.517736
BFGS:   50 12:47:17    -3074.748753        2.552989
BFGS:   51 12:47:18    -3074.760729        2.571533
BFGS:   52 12:47:18    -3074.771156        2.563350
BFGS:   53 12:47:19    -3074.781400        2.534905
BFGS:   54 12:47:19    -3074.791727        2.492903
BFGS:   55 12:47:20    -3074.800965        2.459588
BFGS:   56 12:47:20    -3074.808347        2.448968
BFGS:   57 12:47:21    -3074.814583        2.468616
BFGS:   58 12:47:21    -3074.820836        2.498016
BFGS:   59 12:47:22    -3074.828106        2.524679
BFGS:   60 12:47:22    -3074.836300        2.541147
BFGS:   61 12:47:23    -3074.844483        2.515525
BFGS:   62 12:47:23    -3074.851231        2.445460
BFGS:   63 12:47:24    -3074.856308        2.357546
BFGS:   64 12:47:24    -3074.860122        2.283367
BFGS:   65 12:47:25    -3074.863466        2.222180
BFGS:   66 12:47:25    -3074.866449        2.180315
BFGS:   67 12:47:26    -3074.869227        2.153594
BFGS:   68 12:47:26    -3074.872036        2.141587
BFGS:   69 12:47:26    -3074.875161        2.142922
BFGS:   70 12:47:27    -3074.878891        2.158264
BFGS:   71 12:47:27    -3074.883577        2.188903
BFGS:   72 12:47:28    -3074.889639        2.236860
BFGS:   73 12:47:28    -3074.897924        2.304578
BFGS:   74 12:47:29    -3074.910407        2.401602
BFGS:   75 12:47:30    -3074.932034        2.559189
BFGS:   76 12:47:30    -3074.968276        2.817940
BFGS:   77 12:47:31    -3075.015556        3.040348
BFGS:   78 12:47:32    -3075.103301        3.274862
BFGS:   79 12:47:32    -3075.191467        3.320194
BFGS:   80 12:47:33    -3075.266676        3.428847
BFGS:   81 12:47:34    -3075.311719        3.318712
BFGS:   82 12:47:34    -3075.353358        3.393837
BFGS:   83 12:47:35    -3075.398964        3.435396
BFGS:   84 12:47:35    -3075.425272        3.461543
BFGS:   85 12:47:36    -3075.450242        3.442721
BFGS:   86 12:47:36    -3075.471151        3.409674
BFGS:   87 12:47:37    -3075.491933        3.387183
BFGS:   88 12:47:37    -3075.511756        3.410800
BFGS:   89 12:47:38    -3075.531953        3.481550
BFGS:   90 12:47:39    -3075.553955        3.618132
BFGS:   91 12:47:39    -3075.580882        3.829123
BFGS:   92 12:47:40    -3075.614605        4.080852
BFGS:   93 12:47:40    -3075.639672        4.016446
BFGS:   94 12:47:41    -3075.674357        4.081567
BFGS:   95 12:47:41    -3075.724949        3.999723
BFGS:   96 12:47:42    -3075.763300        3.956403
BFGS:   97 12:47:43    -3075.807884        3.926345
BFGS:   98 12:47:43    -3075.846816        3.922064
BFGS:   99 12:47:44    -3075.885580        3.937715
BFGS:  100 12:47:44    -3075.927275        3.988716
BFGS:  101 12:47:45    -3075.972143        3.940694
BFGS:  102 12:47:45    -3076.021887        3.840174
BFGS:  103 12:47:46    -3076.066746        3.693317
BFGS:  104 12:47:46    -3076.128995        3.597688
BFGS:  105 12:47:47    -3076.200801        3.567104
BFGS:  106 12:47:48    -3076.283696        3.587209
BFGS:  107 12:47:48    -3076.360309        3.621960
BFGS:  108 12:47:49    -3076.436592        3.606370
BFGS:  109 12:47:49    -3076.518993        3.502847
BFGS:  110 12:47:50    -3076.589814        3.312599
BFGS:  111 12:47:50    -3076.653257        3.046904
BFGS:  112 12:47:51    -3076.723311        2.813613
BFGS:  113 12:47:51    -3076.802448        2.660712
BFGS:  114 12:47:52    -3076.881420        2.310249
BFGS:  115 12:47:52    -3076.956095        2.239001
BFGS:  116 12:47:53    -3077.024458        1.688729
BFGS:  117 12:47:53    -3077.083952        1.804329
BFGS:  118 12:47:54    -3077.137872        1.540344
BFGS:  119 12:47:54    -3077.179422        1.392041
BFGS:  120 12:47:55    -3077.212841        1.323128
BFGS:  121 12:47:55    -3077.246125        1.138414
BFGS:  122 12:47:56    -3077.284821        0.951390
BFGS:  123 12:47:56    -3077.318404        0.894518
BFGS:  124 12:47:56    -3077.357026        0.645548
BFGS:  125 12:47:57    -3077.396600        0.683500
BFGS:  126 12:47:57    -3077.428751        0.700998
BFGS:  127 12:47:58    -3077.448326        0.685143
BFGS:  128 12:47:58    -3077.469067        0.647207
BFGS:  129 12:47:59    -3077.489479        0.537891
BFGS:  130 12:47:59    -3077.507743        0.486777
BFGS:  131 12:48:00    -3077.522439        0.433219
BFGS:  132 12:48:00    -3077.534967        0.397615
BFGS:  133 12:48:01    -3077.545965        0.400153
BFGS:  134 12:48:01    -3077.556256        0.354768
BFGS:  135 12:48:02    -3077.567192        0.397530
BFGS:  136 12:48:02    -3077.580909        0.408492
BFGS:  137 12:48:03    -3077.597241        0.401559
BFGS:  138 12:48:03    -3077.612924        0.401098
BFGS:  139 12:48:03    -3077.625745        0.417207
BFGS:  140 12:48:04    -3077.637736        0.409516
BFGS:  141 12:48:04    -3077.652441        0.416208
BFGS:  142 12:48:05    -3077.671822        0.397155
BFGS:  143 12:48:05    -3077.691574        0.383034
BFGS:  144 12:48:06    -3077.706882        0.395769
BFGS:  145 12:48:06    -3077.717835        0.413781
BFGS:  146 12:48:07    -3077.726449        0.331046
BFGS:  147 12:48:07    -3077.733834        0.248407
BFGS:  148 12:48:08    -3077.740701        0.188170
BFGS:  149 12:48:08    -3077.745728        0.214643
BFGS:  150 12:48:08    -3077.751213        0.204109
BFGS:  151 12:48:09    -3077.755952        0.120335
BFGS:  152 12:48:09    -3077.759677        0.128841
BFGS:  153 12:48:10    -3077.762508        0.120054
BFGS:  154 12:48:10    -3077.764875        0.121806
BFGS:  155 12:48:11    -3077.766810        0.116912
BFGS:  156 12:48:11    -3077.768347        0.134028
BFGS:  157 12:48:11    -3077.769667        0.150212
BFGS:  158 12:48:12    -3077.770836        0.145579
BFGS:  159 12:48:12    -3077.771734        0.128489
BFGS:  160 12:48:13    -3077.772372        0.105190
BFGS:  161 12:48:13    -3077.773002        0.090447
BFGS:  162 12:48:13    -3077.773806        0.075101
BFGS:  163 12:48:14    -3077.774687        0.065951
BFGS:  164 12:48:14    -3077.775468        0.057873
BFGS:  165 12:48:14    -3077.776069        0.058905
BFGS:  166 12:48:15    -3077.776540        0.053792
BFGS:  167 12:48:15    -3077.776935        0.041384
BFGS:  168 12:48:16    -3077.777307        0.036791
BFGS:  169 12:48:16    -3077.777688        0.036149
BFGS:  170 12:48:16    -3077.778084        0.040335
BFGS:  171 12:48:17    -3077.778479        0.052173
BFGS:  172 12:48:17    -3077.778899        0.069900
BFGS:  173 12:48:18    -3077.779398        0.076856
BFGS:  174 12:48:18    -3077.779999        0.069041
BFGS:  175 12:48:19    -3077.780615        0.058427
BFGS:  176 12:48:19    -3077.781135        0.048836
BFGS:  177 12:48:19    -3077.781576        0.046675
BFGS:  178 12:48:20    -3077.782024        0.040458
BFGS:  179 12:48:20    -3077.782493        0.034598
BFGS:  180 12:48:21    -3077.782868        0.025843
BFGS:  181 12:48:21    -3077.783091        0.019246
BFGS:  182 12:48:21    -3077.783224        0.019849
BFGS:  183 12:48:22    -3077.783337        0.023033
BFGS:  184 12:48:22    -3077.783443        0.022956
BFGS:  185 12:48:22    -3077.783528        0.022488
BFGS:  186 12:48:23    -3077.783590        0.018582
BFGS:  187 12:48:23    -3077.783642        0.012406
BFGS:  188 12:48:23    -3077.783696        0.011479
BFGS:  189 12:48:24    -3077.783749        0.010749
BFGS:  190 12:48:24    -3077.783795        0.010699
BFGS:  191 12:48:24    -3077.783829        0.015428
BFGS:  192 12:48:25    -3077.783856        0.017330
BFGS:  193 12:48:25    -3077.783880        0.014519
BFGS:  194 12:48:25    -3077.783902        0.009481
