      Step     Time          Energy          fmax
BFGS:    0 13:40:55    -1758.489153     2248.303402
BFGS:    1 13:40:57    -2882.022389      320.296317
BFGS:    2 13:40:58    -2776.225535     1839.524942
BFGS:    3 13:40:59    -2857.890537     1221.873983
BFGS:    4 13:41:00    -2993.869050      558.405485
BFGS:    5 13:41:01    -3077.575204      296.944546
BFGS:    6 13:41:02    -3117.498879       89.848697
BFGS:    7 13:41:03    -3137.293925       28.901019
BFGS:    8 13:41:05    -3147.626493        9.604326
BFGS:    9 13:41:06    -3155.079210        7.883756
BFGS:   10 13:41:07    -3158.047366       10.950152
BFGS:   11 13:41:08    -3160.967336        8.329795
BFGS:   12 13:41:09    -3164.485202        6.904427
BFGS:   13 13:41:09    -3167.569977        7.750876
BFGS:   14 13:41:10    -3169.271029        5.921252
BFGS:   15 13:41:11    -3171.007545        6.009882
BFGS:   16 13:41:11    -3172.523591        5.951371
BFGS:   17 13:41:12    -3173.700472        4.881434
BFGS:   18 13:41:13    -3174.289355        4.436223
BFGS:   19 13:41:13    -3175.073483        4.691675
BFGS:   20 13:41:14    -3175.512623        4.755810
BFGS:   21 13:41:15    -3176.225293        4.725503
BFGS:   22 13:41:15    -3176.547208        4.418605
BFGS:   23 13:41:16    -3176.778512        4.191028
BFGS:   24 13:41:16    -3176.925781        4.014716
BFGS:   25 13:41:17    -3177.053330        3.831288
BFGS:   26 13:41:17    -3177.151868        3.730513
BFGS:   27 13:41:18    -3177.242207        3.637642
BFGS:   28 13:41:18    -3177.341644        3.502973
BFGS:   29 13:41:19    -3177.426597        3.322660
BFGS:   30 13:41:20    -3177.483695        3.154873
BFGS:   31 13:41:20    -3177.525350        3.059447
BFGS:   32 13:41:21    -3177.567872        2.982905
BFGS:   33 13:41:21    -3177.615254        2.946242
BFGS:   34 13:41:22    -3177.656887        2.918846
BFGS:   35 13:41:22    -3177.688525        2.901749
BFGS:   36 13:41:23    -3177.717561        2.867236
BFGS:   37 13:41:23    -3177.747203        2.803557
BFGS:   38 13:41:24    -3177.778159        2.709109
BFGS:   39 13:41:24    -3177.810311        2.584047
BFGS:   40 13:41:25    -3177.840461        2.472187
BFGS:   41 13:41:25    -3177.867161        2.386600
BFGS:   42 13:41:26    -3177.888895        2.356767
BFGS:   43 13:41:26    -3177.904012        2.355212
BFGS:   44 13:41:27    -3177.915863        2.370030
BFGS:   45 13:41:27    -3177.927023        2.381029
BFGS:   46 13:41:28    -3177.937470        2.379746
BFGS:   47 13:41:28    -3177.947478        2.365767
BFGS:   48 13:41:29    -3177.956940        2.336424
BFGS:   49 13:41:29    -3177.965715        2.296285
BFGS:   50 13:41:29    -3177.973802        2.252257
BFGS:   51 13:41:30    -3177.981356        2.245182
BFGS:   52 13:41:30    -3177.988804        2.265925
BFGS:   53 13:41:31    -3177.996593        2.274742
BFGS:   54 13:41:31    -3178.004703        2.257443
BFGS:   55 13:41:32    -3178.012517        2.217996
BFGS:   56 13:41:32    -3178.019302        2.220984
BFGS:   57 13:41:32    -3178.024984        2.245180
BFGS:   58 13:41:33    -3178.029936        2.250959
BFGS:   59 13:41:33    -3178.034593        2.235016
BFGS:   60 13:41:34    -3178.039219        2.197615
BFGS:   61 13:41:34    -3178.043643        2.178232
BFGS:   62 13:41:35    -3178.047768        2.202565
BFGS:   63 13:41:35    -3178.051922        2.205711
BFGS:   64 13:41:36    -3178.056459        2.191054
BFGS:   65 13:41:36    -3178.061224        2.176511
BFGS:   66 13:41:36    -3178.065644        2.227227
BFGS:   67 13:41:37    -3178.069526        2.262134
BFGS:   68 13:41:37    -3178.073708        2.272441
BFGS:   69 13:41:38    -3178.079795        2.253870
BFGS:   70 13:41:38    -3178.089541        2.196234
BFGS:   71 13:41:39    -3178.103742        2.271965
BFGS:   72 13:41:39    -3178.121937        2.344392
BFGS:   73 13:41:40    -3178.145123        2.374163
BFGS:   74 13:41:40    -3178.169549        2.318520
BFGS:   75 13:41:41    -3178.194300        2.185434
BFGS:   76 13:41:41    -3178.218900        2.125911
BFGS:   77 13:41:42    -3178.240961        2.135844
BFGS:   78 13:41:42    -3178.263778        2.126954
BFGS:   79 13:41:43    -3178.287462        1.968709
BFGS:   80 13:41:43    -3178.316417        1.833438
BFGS:   81 13:41:44    -3178.345878        1.777429
BFGS:   82 13:41:44    -3178.365669        1.757438
BFGS:   83 13:41:45    -3178.378197        1.694107
BFGS:   84 13:41:45    -3178.393082        1.585747
BFGS:   85 13:41:46    -3178.406444        1.485891
BFGS:   86 13:41:46    -3178.418185        1.473188
BFGS:   87 13:41:47    -3178.426732        1.448984
BFGS:   88 13:41:47    -3178.433395        1.410287
BFGS:   89 13:41:48    -3178.439102        1.371337
BFGS:   90 13:41:48    -3178.444111        1.354325
BFGS:   91 13:41:49    -3178.448500        1.334581
BFGS:   92 13:41:49    -3178.452484        1.299294
BFGS:   93 13:41:50    -3178.456234        1.285008
BFGS:   94 13:41:50    -3178.459779        1.273386
BFGS:   95 13:41:50    -3178.462909        1.267407
BFGS:   96 13:41:51    -3178.465451        1.263447
BFGS:   97 13:41:51    -3178.467668        1.262156
BFGS:   98 13:41:52    -3178.469992        1.255929
BFGS:   99 13:41:52    -3178.472814        1.243544
BFGS:  100 13:41:52    -3178.476072        1.220278
BFGS:  101 13:41:53    -3178.479214        1.192633
BFGS:  102 13:41:53    -3178.481896        1.164953
BFGS:  103 13:41:54    -3178.484372        1.148714
BFGS:  104 13:41:54    -3178.486903        1.138990
BFGS:  105 13:41:55    -3178.489466        1.126358
BFGS:  106 13:41:55    -3178.491829        1.108709
BFGS:  107 13:41:55    -3178.493909        1.104433
BFGS:  108 13:41:56    -3178.495896        1.105688
BFGS:  109 13:41:56    -3178.497955        1.099305
BFGS:  110 13:41:57    -3178.500064        1.081441
BFGS:  111 13:41:57    -3178.502246        1.050142
BFGS:  112 13:41:57    -3178.504581        1.008931
BFGS:  113 13:41:58    -3178.507070        0.994230
BFGS:  114 13:41:58    -3178.509580        0.992155
BFGS:  115 13:41:59    -3178.512034        0.981336
BFGS:  116 13:41:59    -3178.514648        0.957606
BFGS:  117 13:42:00    -3178.517751        0.917102
BFGS:  118 13:42:00    -3178.521453        0.904327
BFGS:  119 13:42:00    -3178.525549        0.881212
BFGS:  120 13:42:01    -3178.530017        0.839849
BFGS:  121 13:42:01    -3178.535310        0.779169
BFGS:  122 13:42:02    -3178.541768        0.701728
BFGS:  123 13:42:02    -3178.548839        0.623966
BFGS:  124 13:42:03    -3178.555411        0.564743
BFGS:  125 13:42:03    -3178.561445        0.523449
BFGS:  126 13:42:04    -3178.568166        0.476626
BFGS:  127 13:42:04    -3178.576908        0.400114
BFGS:  128 13:42:04    -3178.587191        0.280375
BFGS:  129 13:42:05    -3178.596418        0.173160
BFGS:  130 13:42:06    -3178.602798        0.134667
BFGS:  131 13:42:06    -3178.607458        0.133808
BFGS:  132 13:42:06    -3178.611907        0.124125
BFGS:  133 13:42:07    -3178.616131        0.162456
BFGS:  134 13:42:07    -3178.619508        0.184614
BFGS:  135 13:42:08    -3178.621814        0.177123
BFGS:  136 13:42:08    -3178.623311        0.157559
BFGS:  137 13:42:09    -3178.624328        0.130932
BFGS:  138 13:42:09    -3178.625061        0.110427
BFGS:  139 13:42:10    -3178.625614        0.098955
BFGS:  140 13:42:10    -3178.626055        0.089545
BFGS:  141 13:42:10    -3178.626403        0.076459
BFGS:  142 13:42:11    -3178.626674        0.067456
BFGS:  143 13:42:11    -3178.626884        0.061187
BFGS:  144 13:42:12    -3178.627057        0.062679
BFGS:  145 13:42:12    -3178.627226        0.065427
BFGS:  146 13:42:12    -3178.627428        0.071343
BFGS:  147 13:42:13    -3178.627699        0.074937
BFGS:  148 13:42:13    -3178.628025        0.076542
BFGS:  149 13:42:13    -3178.628374        0.076162
BFGS:  150 13:42:14    -3178.628692        0.078059
BFGS:  151 13:42:14    -3178.629006        0.074701
BFGS:  152 13:42:15    -3178.629322        0.070909
BFGS:  153 13:42:15    -3178.629605        0.061293
BFGS:  154 13:42:15    -3178.629813        0.066493
BFGS:  155 13:42:16    -3178.629947        0.066619
BFGS:  156 13:42:16    -3178.630033        0.060046
BFGS:  157 13:42:16    -3178.630087        0.049621
BFGS:  158 13:42:16    -3178.630120        0.036554
BFGS:  159 13:42:17    -3178.630142        0.031424
BFGS:  160 13:42:17    -3178.630160        0.024030
BFGS:  161 13:42:17    -3178.630173        0.019578
BFGS:  162 13:42:18    -3178.630182        0.017561
BFGS:  163 13:42:18    -3178.630187        0.015795
BFGS:  164 13:42:18    -3178.630192        0.013663
BFGS:  165 13:42:18    -3178.630195        0.012936
BFGS:  166 13:42:19    -3178.630198        0.011691
BFGS:  167 13:42:19    -3178.630199        0.012075
BFGS:  168 13:42:19    -3178.630202        0.012774
BFGS:  169 13:42:19    -3178.630204        0.012509
BFGS:  170 13:42:19    -3178.630206        0.010474
BFGS:  171 13:42:20    -3178.630208        0.008195
