      Step     Time          Energy          fmax
BFGS:    0 14:21:40    -2376.477742        4.689938
BFGS:    1 14:21:40    -2378.470501        3.972726
BFGS:    2 14:21:41    -2381.293542        4.374034
BFGS:    3 14:21:42    -2384.996774        7.530954
BFGS:    4 14:21:43    -2387.269825       10.891974
BFGS:    5 14:21:43    -2388.754451        5.372958
BFGS:    6 14:21:44    -2390.387458        4.232595
BFGS:    7 14:21:45    -2392.259947        4.606055
BFGS:    8 14:21:46    -2393.843864        5.555851
BFGS:    9 14:21:46    -2395.417382        7.716237
BFGS:   10 14:21:47    -2395.951736       14.882746
BFGS:   11 14:21:48    -2397.659867        5.362938
BFGS:   12 14:21:48    -2398.523079        2.957077
BFGS:   13 14:21:49    -2398.982767        1.888620
BFGS:   14 14:21:50    -2399.148847        2.252969
BFGS:   15 14:21:50    -2399.401973        1.546304
BFGS:   16 14:21:51    -2399.556990        0.904397
BFGS:   17 14:21:51    -2399.692880        1.538870
BFGS:   18 14:21:52    -2399.852596        1.622203
BFGS:   19 14:21:52    -2400.105773        1.478479
BFGS:   20 14:21:53    -2400.429033        1.740128
BFGS:   21 14:21:53    -2401.046768        3.219534
BFGS:   22 14:21:54    -2401.506794        4.653454
BFGS:   23 14:21:55    -2402.322416        5.372162
BFGS:   24 14:21:55    -2402.936916       10.115816
BFGS:   25 14:21:56    -2404.481013        4.299777
BFGS:   26 14:21:56    -2404.377464        5.876633
BFGS:   27 14:21:57    -2405.587268        2.114291
BFGS:   28 14:21:58    -2405.775797        3.945602
BFGS:   29 14:21:58    -2406.011897        1.018126
BFGS:   30 14:21:58    -2406.164629        0.952560
BFGS:   31 14:21:59    -2406.325047        1.185705
BFGS:   32 14:21:59    -2406.444781        0.959550
BFGS:   33 14:22:00    -2406.535259        0.824922
BFGS:   34 14:22:00    -2406.574167        0.875984
BFGS:   35 14:22:00    -2406.607143        0.498243
BFGS:   36 14:22:01    -2406.631207        0.499897
BFGS:   37 14:22:01    -2406.653455        0.384202
BFGS:   38 14:22:01    -2406.668871        0.384208
BFGS:   39 14:22:02    -2406.685697        0.338486
BFGS:   40 14:22:02    -2406.704780        0.342612
BFGS:   41 14:22:03    -2406.726809        0.320656
BFGS:   42 14:22:03    -2406.750785        0.426596
BFGS:   43 14:22:03    -2406.779053        0.444619
BFGS:   44 14:22:04    -2406.810178        0.389050
BFGS:   45 14:22:04    -2406.844447        0.397995
BFGS:   46 14:22:04    -2406.875359        0.554923
BFGS:   47 14:22:05    -2406.902865        0.787530
BFGS:   48 14:22:05    -2406.930243        0.815278
BFGS:   49 14:22:06    -2406.961216        0.570171
BFGS:   50 14:22:06    -2406.997901        0.400289
BFGS:   51 14:22:07    -2407.027419        0.456252
BFGS:   52 14:22:07    -2407.105238        1.282549
BFGS:   53 14:22:08    -2407.188212        1.382803
BFGS:   54 14:22:08    -2407.278575        1.322240
BFGS:   55 14:22:09    -2407.394056        3.007409
BFGS:   56 14:22:09    -2407.369535        3.242169
BFGS:   57 14:22:10    -2407.659639        1.079638
BFGS:   58 14:22:10    -2407.771578        1.897880
BFGS:   59 14:22:11    -2407.962378        1.612604
BFGS:   60 14:22:11    -2408.324769        2.450673
BFGS:   61 14:22:12    -2408.516484        2.718954
BFGS:   62 14:22:12    -2408.650838        2.455799
BFGS:   63 14:22:13    -2408.957318        1.944550
BFGS:   64 14:22:13    -2409.085431        3.721452
BFGS:   65 14:22:13    -2409.243786        1.288121
BFGS:   66 14:22:14    -2409.334139        0.755963
BFGS:   67 14:22:14    -2409.373406        0.347197
BFGS:   68 14:22:15    -2409.400865        0.574189
BFGS:   69 14:22:15    -2409.432638        0.424462
BFGS:   70 14:22:15    -2409.450514        0.366602
BFGS:   71 14:22:16    -2409.475132        0.362857
BFGS:   72 14:22:16    -2409.501428        0.322215
BFGS:   73 14:22:16    -2409.528723        0.296252
BFGS:   74 14:22:16    -2409.554225        0.268344
BFGS:   75 14:22:17    -2409.577054        0.309732
BFGS:   76 14:22:17    -2409.595262        0.314617
BFGS:   77 14:22:18    -2409.609381        0.236939
BFGS:   78 14:22:18    -2409.622148        0.216433
BFGS:   79 14:22:18    -2409.634710        0.192150
BFGS:   80 14:22:18    -2409.646623        0.227236
BFGS:   81 14:22:19    -2409.658117        0.265342
BFGS:   82 14:22:19    -2409.670949        0.307845
BFGS:   83 14:22:20    -2409.688898        0.315183
BFGS:   84 14:22:20    -2409.716816        0.351801
BFGS:   85 14:22:21    -2409.756474        0.523200
BFGS:   86 14:22:21    -2409.798836        0.387332
BFGS:   87 14:22:22    -2409.835953        0.365738
BFGS:   88 14:22:22    -2409.867351        0.317406
BFGS:   89 14:22:23    -2409.885483        0.262868
BFGS:   90 14:22:23    -2409.901454        0.464411
BFGS:   91 14:22:23    -2409.910085        0.547665
BFGS:   92 14:22:24    -2409.919782        0.180182
BFGS:   93 14:22:24    -2409.929055        0.204838
BFGS:   94 14:22:24    -2409.938723        0.239077
BFGS:   95 14:22:25    -2409.949618        0.193084
BFGS:   96 14:22:25    -2409.961992        0.168181
BFGS:   97 14:22:26    -2409.975091        0.219358
BFGS:   98 14:22:26    -2409.989695        0.259412
BFGS:   99 14:22:27    -2410.005288        0.226686
BFGS:  100 14:22:27    -2410.020580        0.177787
BFGS:  101 14:22:27    -2410.034560        0.226050
BFGS:  102 14:22:28    -2410.047394        0.240902
BFGS:  103 14:22:28    -2410.058623        0.304343
BFGS:  104 14:22:28    -2410.068204        0.289402
BFGS:  105 14:22:29    -2410.077127        0.224564
BFGS:  106 14:22:29    -2410.086684        0.200367
BFGS:  107 14:22:30    -2410.097379        0.279482
BFGS:  108 14:22:30    -2410.108479        0.380092
BFGS:  109 14:22:30    -2410.119161        0.318308
BFGS:  110 14:22:31    -2410.129949        0.271120
BFGS:  111 14:22:31    -2410.141685        0.263112
BFGS:  112 14:22:31    -2410.154007        0.204272
BFGS:  113 14:22:32    -2410.163240        0.218908
BFGS:  114 14:22:32    -2410.168057        0.148384
BFGS:  115 14:22:32    -2410.172312        0.180214
BFGS:  116 14:22:33    -2410.176802        0.236935
BFGS:  117 14:22:33    -2410.181377        0.258905
BFGS:  118 14:22:33    -2410.185581        0.207712
BFGS:  119 14:22:34    -2410.189663        0.154231
BFGS:  120 14:22:34    -2410.194451        0.171837
BFGS:  121 14:22:34    -2410.200347        0.235835
BFGS:  122 14:22:35    -2410.206894        0.256471
BFGS:  123 14:22:35    -2410.212972        0.171285
BFGS:  124 14:22:35    -2410.218253        0.168766
BFGS:  125 14:22:36    -2410.223165        0.216201
BFGS:  126 14:22:36    -2410.228571        0.240227
BFGS:  127 14:22:36    -2410.233877        0.175018
BFGS:  128 14:22:37    -2410.237979        0.113039
BFGS:  129 14:22:37    -2410.240956        0.104834
BFGS:  130 14:22:37    -2410.243761        0.181038
BFGS:  131 14:22:38    -2410.247295        0.216959
BFGS:  132 14:22:38    -2410.251601        0.212421
BFGS:  133 14:22:38    -2410.255822        0.124913
BFGS:  134 14:22:39    -2410.259403        0.162138
BFGS:  135 14:22:39    -2410.262849        0.170546
BFGS:  136 14:22:39    -2410.267039        0.146328
BFGS:  137 14:22:40    -2410.272494        0.168504
BFGS:  138 14:22:40    -2410.279389        0.184888
BFGS:  139 14:22:40    -2410.287792        0.205379
BFGS:  140 14:22:41    -2410.297769        0.245949
BFGS:  141 14:22:41    -2410.308914        0.250106
BFGS:  142 14:22:42    -2410.320059        0.236904
BFGS:  143 14:22:42    -2410.330380        0.236200
BFGS:  144 14:22:42    -2410.339976        0.210673
BFGS:  145 14:22:43    -2410.350537        0.255828
BFGS:  146 14:22:43    -2410.360860        0.229912
BFGS:  147 14:22:44    -2410.370517        0.177801
BFGS:  148 14:22:44    -2410.379336        0.182672
BFGS:  149 14:22:44    -2410.387495        0.188038
BFGS:  150 14:22:45    -2410.395547        0.170655
BFGS:  151 14:22:45    -2410.403338        0.154088
BFGS:  152 14:22:45    -2410.408270        0.127677
BFGS:  153 14:22:46    -2410.412899        0.126800
BFGS:  154 14:22:46    -2410.418205        0.130091
BFGS:  155 14:22:46    -2410.424083        0.126743
BFGS:  156 14:22:47    -2410.430328        0.201734
BFGS:  157 14:22:47    -2410.437354        0.206207
BFGS:  158 14:22:47    -2410.446212        0.268131
BFGS:  159 14:22:48    -2410.457352        0.276845
BFGS:  160 14:22:48    -2410.470243        0.190266
BFGS:  161 14:22:49    -2410.483193        0.232615
BFGS:  162 14:22:49    -2410.495228        0.345261
BFGS:  163 14:22:49    -2410.505748        0.336413
BFGS:  164 14:22:50    -2410.516056        0.215378
BFGS:  165 14:22:50    -2410.525611        0.182562
BFGS:  166 14:22:51    -2410.534917        0.239896
BFGS:  167 14:22:51    -2410.542556        0.323730
BFGS:  168 14:22:51    -2410.552072        0.302698
BFGS:  169 14:22:52    -2410.560585        0.216016
BFGS:  170 14:22:52    -2410.567184        0.140324
BFGS:  171 14:22:52    -2410.572113        0.141833
BFGS:  172 14:22:53    -2410.577037        0.161865
BFGS:  173 14:22:53    -2410.582974        0.193856
BFGS:  174 14:22:53    -2410.589710        0.182997
BFGS:  175 14:22:54    -2410.597745        0.149618
BFGS:  176 14:22:54    -2410.606050        0.229976
BFGS:  177 14:22:55    -2410.614047        0.163337
BFGS:  178 14:22:55    -2410.619715        0.274275
BFGS:  179 14:22:56    -2410.627404        0.246936
BFGS:  180 14:22:56    -2410.636283        0.288998
BFGS:  181 14:22:57    -2410.647428        0.377100
BFGS:  182 14:22:57    -2410.657899        0.455487
BFGS:  183 14:22:58    -2410.663543        0.483346
BFGS:  184 14:22:58    -2410.681696        0.426540
BFGS:  185 14:22:58    -2410.696794        0.284687
BFGS:  186 14:22:59    -2410.709349        0.278757
BFGS:  187 14:22:59    -2410.718900        0.296210
BFGS:  188 14:22:59    -2410.723638        0.109519
BFGS:  189 14:23:00    -2410.726706        0.124547
BFGS:  190 14:23:00    -2410.728744        0.156797
BFGS:  191 14:23:00    -2410.730454        0.163586
BFGS:  192 14:23:01    -2410.732237        0.087250
BFGS:  193 14:23:01    -2410.733708        0.146123
BFGS:  194 14:23:01    -2410.735050        0.077691
BFGS:  195 14:23:02    -2410.736336        0.101420
BFGS:  196 14:23:02    -2410.737246        0.082578
BFGS:  197 14:23:02    -2410.738296        0.057883
BFGS:  198 14:23:03    -2410.739373        0.080526
BFGS:  199 14:23:03    -2410.740547        0.088102
BFGS:  200 14:23:03    -2410.741748        0.081765
