      Step     Time          Energy          fmax
BFGS:    0 14:24:53      718.011462     6660.970346
BFGS:    1 14:24:54    -1771.965047      862.437692
BFGS:    2 14:24:55    -2149.513832     1124.186867
BFGS:    3 14:24:57    -2249.194776      915.356651
BFGS:    4 14:24:57    -2429.084910      577.752310
BFGS:    5 14:24:58    -2509.854250      244.552135
BFGS:    6 14:24:59    -2559.878665      125.940662
BFGS:    7 14:25:00    -2596.074861       61.649743
BFGS:    8 14:25:01    -2618.178968       31.023245
BFGS:    9 14:25:02    -2632.676170       19.895330
BFGS:   10 14:25:02    -2641.565645       16.515087
BFGS:   11 14:25:03    -2648.502368       12.077919
BFGS:   12 14:25:04    -2652.861265       11.883025
BFGS:   13 14:25:04    -2655.281135       12.390258
BFGS:   14 14:25:05    -2656.555758        6.791825
BFGS:   15 14:25:06    -2657.398347        6.423272
BFGS:   16 14:25:06    -2658.447543        5.181949
BFGS:   17 14:25:07    -2659.153323        5.098604
BFGS:   18 14:25:07    -2660.008922        4.001774
BFGS:   19 14:25:08    -2660.629153        2.587845
BFGS:   20 14:25:09    -2661.007748        2.707484
BFGS:   21 14:25:09    -2661.294098        2.438162
BFGS:   22 14:25:10    -2661.502161        2.047873
BFGS:   23 14:25:10    -2661.655329        2.087698
BFGS:   24 14:25:11    -2661.789327        1.820045
BFGS:   25 14:25:12    -2661.909640        1.524397
BFGS:   26 14:25:12    -2662.032332        1.616256
BFGS:   27 14:25:13    -2662.150867        1.772737
BFGS:   28 14:25:13    -2662.250778        1.837822
BFGS:   29 14:25:14    -2662.325482        1.708378
BFGS:   30 14:25:14    -2662.381248        1.431632
BFGS:   31 14:25:15    -2662.427747        1.366219
BFGS:   32 14:25:15    -2662.468775        1.393895
BFGS:   33 14:25:16    -2662.504952        1.272879
BFGS:   34 14:25:16    -2662.535314        1.067255
BFGS:   35 14:25:17    -2662.559849        0.896404
BFGS:   36 14:25:17    -2662.580562        0.821969
BFGS:   37 14:25:18    -2662.599814        0.726060
BFGS:   38 14:25:18    -2662.617827        0.661274
BFGS:   39 14:25:19    -2662.635119        0.664119
BFGS:   40 14:25:19    -2662.652429        0.600334
BFGS:   41 14:25:20    -2662.669724        0.458501
BFGS:   42 14:25:20    -2662.685896        0.399574
BFGS:   43 14:25:21    -2662.699608        0.271646
BFGS:   44 14:25:21    -2662.710322        0.259165
BFGS:   45 14:25:22    -2662.717998        0.197724
BFGS:   46 14:25:22    -2662.723031        0.184225
BFGS:   47 14:25:22    -2662.726447        0.235495
BFGS:   48 14:25:23    -2662.729385        0.302088
BFGS:   49 14:25:23    -2662.732438        0.351080
BFGS:   50 14:25:24    -2662.735794        0.365719
BFGS:   51 14:25:24    -2662.739764        0.347773
BFGS:   52 14:25:25    -2662.745493        0.311335
BFGS:   53 14:25:25    -2662.756780        0.459176
BFGS:   54 14:25:26    -2662.781052        0.721654
BFGS:   55 14:25:26    -2662.815353        0.864911
BFGS:   56 14:25:27    -2662.896449        0.939511
BFGS:   57 14:25:28    -2663.050814        1.024113
BFGS:   58 14:25:28    -2663.229020        1.201084
BFGS:   59 14:25:29    -2663.402491        1.362346
BFGS:   60 14:25:29    -2663.577458        1.569518
BFGS:   61 14:25:30    -2663.678719        1.498572
BFGS:   62 14:25:31    -2663.796168        1.138490
BFGS:   63 14:25:31    -2663.868599        0.899452
BFGS:   64 14:25:32    -2663.944202        0.935608
BFGS:   65 14:25:32    -2663.990744        0.815801
BFGS:   66 14:25:33    -2664.029761        0.665645
BFGS:   67 14:25:33    -2664.055437        0.587714
BFGS:   68 14:25:34    -2664.080146        0.681473
BFGS:   69 14:25:34    -2664.106344        0.662265
BFGS:   70 14:25:35    -2664.130549        0.570289
BFGS:   71 14:25:35    -2664.148764        0.563868
BFGS:   72 14:25:36    -2664.161859        0.529132
BFGS:   73 14:25:36    -2664.172350        0.451712
BFGS:   74 14:25:36    -2664.181492        0.400332
BFGS:   75 14:25:37    -2664.189496        0.342426
BFGS:   76 14:25:37    -2664.195952        0.323551
BFGS:   77 14:25:38    -2664.200524        0.318043
BFGS:   78 14:25:38    -2664.203777        0.282060
BFGS:   79 14:25:39    -2664.206466        0.252305
BFGS:   80 14:25:39    -2664.208802        0.229431
BFGS:   81 14:25:39    -2664.210769        0.196938
BFGS:   82 14:25:40    -2664.212476        0.164476
BFGS:   83 14:25:40    -2664.214221        0.132470
BFGS:   84 14:25:40    -2664.216311        0.125819
BFGS:   85 14:25:41    -2664.218689        0.148079
BFGS:   86 14:25:41    -2664.220910        0.139113
BFGS:   87 14:25:41    -2664.222638        0.112520
BFGS:   88 14:25:42    -2664.223892        0.096027
BFGS:   89 14:25:42    -2664.224948        0.091343
BFGS:   90 14:25:42    -2664.225917        0.105498
BFGS:   91 14:25:43    -2664.226770        0.104395
BFGS:   92 14:25:43    -2664.227454        0.101885
BFGS:   93 14:25:43    -2664.227977        0.104751
BFGS:   94 14:25:44    -2664.228381        0.103345
BFGS:   95 14:25:44    -2664.228721        0.103722
BFGS:   96 14:25:44    -2664.229019        0.114204
BFGS:   97 14:25:44    -2664.229286        0.122970
BFGS:   98 14:25:45    -2664.229506        0.128303
BFGS:   99 14:25:45    -2664.229668        0.138692
BFGS:  100 14:25:45    -2664.229783        0.139806
BFGS:  101 14:25:46    -2664.229867        0.135532
BFGS:  102 14:25:46    -2664.229927        0.129877
BFGS:  103 14:25:46    -2664.229973        0.125563
BFGS:  104 14:25:46    -2664.230005        0.124705
BFGS:  105 14:25:47    -2664.230036        0.125942
BFGS:  106 14:25:47    -2664.230065        0.125495
BFGS:  107 14:25:47    -2664.230103        0.127661
BFGS:  108 14:25:47    -2664.230144        0.129671
BFGS:  109 14:25:48    -2664.230185        0.130395
BFGS:  110 14:25:48    -2664.230216        0.129656
BFGS:  111 14:25:48    -2664.230238        0.128332
BFGS:  112 14:25:48    -2664.230254        0.128048
BFGS:  113 14:25:49    -2664.230268        0.128523
BFGS:  114 14:25:49    -2664.230282        0.128790
BFGS:  115 14:25:49    -2664.230298        0.129313
BFGS:  116 14:25:49    -2664.230311        0.130530
BFGS:  117 14:25:50    -2664.230322        0.132164
BFGS:  118 14:25:50    -2664.230330        0.134070
BFGS:  119 14:25:50    -2664.230338        0.135033
BFGS:  120 14:25:50    -2664.230347        0.135339
BFGS:  121 14:25:51    -2664.230355        0.134753
BFGS:  122 14:25:51    -2664.230362        0.133764
BFGS:  123 14:25:51    -2664.230368        0.133432
BFGS:  124 14:25:51    -2664.230374        0.133606
BFGS:  125 14:25:51    -2664.230380        0.133670
BFGS:  126 14:25:52    -2664.230386        0.133388
BFGS:  127 14:25:52    -2664.230391        0.134460
BFGS:  128 14:25:52    -2664.230396        0.135644
BFGS:  129 14:25:52    -2664.230401        0.136312
BFGS:  130 14:25:53    -2664.230406        0.136218
BFGS:  131 14:25:53    -2664.230410        0.135121
BFGS:  132 14:25:53    -2664.230415        0.133086
BFGS:  133 14:25:53    -2664.230417        0.131309
BFGS:  134 14:25:53    -2664.230420        0.131039
BFGS:  135 14:25:54    -2664.230422        0.130932
BFGS:  136 14:25:54    -2664.230424        0.130227
BFGS:  137 14:25:54    -2664.230427        0.129166
BFGS:  138 14:25:54    -2664.230429        0.128322
BFGS:  139 14:25:55    -2664.230431        0.127659
BFGS:  140 14:25:55    -2664.230433        0.127295
BFGS:  141 14:25:55    -2664.230436        0.127358
BFGS:  142 14:25:55    -2664.230441        0.126961
BFGS:  143 14:25:55    -2664.230444        0.126338
BFGS:  144 14:25:56    -2664.230451        0.124192
BFGS:  145 14:25:56    -2664.230456        0.122213
BFGS:  146 14:25:56    -2664.230463        0.121139
BFGS:  147 14:25:56    -2664.230473        0.121033
BFGS:  148 14:25:57    -2664.230481        0.120775
BFGS:  149 14:25:57    -2664.230488        0.121028
BFGS:  150 14:25:57    -2664.230496        0.120461
BFGS:  151 14:25:57    -2664.230501        0.119939
BFGS:  152 14:25:57    -2664.230508        0.117074
BFGS:  153 14:25:58    -2664.230510        0.116196
BFGS:  154 14:25:58    -2664.230513        0.113970
BFGS:  155 14:25:58    -2664.230516        0.114618
BFGS:  156 14:25:58    -2664.230524        0.116245
BFGS:  157 14:25:59    -2664.230533        0.117706
BFGS:  158 14:25:59    -2664.230544        0.118282
BFGS:  159 14:25:59    -2664.230564        0.117607
BFGS:  160 14:25:59    -2664.230594        0.114470
BFGS:  161 14:26:00    -2664.230639        0.107784
BFGS:  162 14:26:00    -2664.230689        0.099372
BFGS:  163 14:26:00    -2664.230743        0.092003
BFGS:  164 14:26:01    -2664.230808        0.085958
BFGS:  165 14:26:01    -2664.230882        0.081859
BFGS:  166 14:26:01    -2664.230972        0.077621
BFGS:  167 14:26:02    -2664.231068        0.071421
BFGS:  168 14:26:02    -2664.231153        0.062286
BFGS:  169 14:26:02    -2664.231225        0.052764
BFGS:  170 14:26:02    -2664.231281        0.046517
BFGS:  171 14:26:03    -2664.231340        0.041251
BFGS:  172 14:26:03    -2664.231394        0.040264
BFGS:  173 14:26:03    -2664.231447        0.031884
BFGS:  174 14:26:04    -2664.231490        0.019115
BFGS:  175 14:26:04    -2664.231524        0.012916
BFGS:  176 14:26:04    -2664.231547        0.012669
BFGS:  177 14:26:04    -2664.231563        0.010731
BFGS:  178 14:26:05    -2664.231575        0.011358
BFGS:  179 14:26:05    -2664.231583        0.012450
BFGS:  180 14:26:05    -2664.231589        0.010658
BFGS:  181 14:26:05    -2664.231595        0.007884
