      Step     Time          Energy          fmax
BFGS:    0 12:49:47    -3690.828017       14.799537
BFGS:    1 12:49:49    -3697.405501        5.257778
BFGS:    2 12:49:52    -3700.863444        5.751749
BFGS:    3 12:49:54    -3705.090821       16.964307
BFGS:    4 12:49:57    -3708.308539       27.743592
BFGS:    5 12:50:00    -3709.344090       19.346739
BFGS:    6 12:50:02    -3715.627189        5.696471
BFGS:    7 12:50:04    -3717.138889        4.396436
BFGS:    8 12:50:06    -3718.318175        2.390989
BFGS:    9 12:50:08    -3718.763084        1.959684
BFGS:   10 12:50:10    -3719.329176        1.279169
BFGS:   11 12:50:12    -3719.465036        1.198339
BFGS:   12 12:50:13    -3719.626987        1.276074
BFGS:   13 12:50:16    -3720.004103        1.355889
BFGS:   14 12:50:18    -3720.370352        1.685711
BFGS:   15 12:50:20    -3720.513442        2.374384
BFGS:   16 12:50:22    -3720.917875        1.581481
BFGS:   17 12:50:24    -3721.334820        0.856956
BFGS:   18 12:50:26    -3721.667493        0.876152
BFGS:   19 12:50:27    -3721.810752        0.746679
BFGS:   20 12:50:29    -3721.982531        0.661349
BFGS:   21 12:50:30    -3722.119472        0.647524
BFGS:   22 12:50:32    -3722.233234        0.592413
BFGS:   23 12:50:33    -3722.297118        0.392737
BFGS:   24 12:50:35    -3722.325786        0.292214
BFGS:   25 12:50:36    -3722.339153        0.184101
BFGS:   26 12:50:37    -3722.349056        0.149974
BFGS:   27 12:50:39    -3722.360695        0.165138
BFGS:   28 12:50:40    -3722.371541        0.229816
BFGS:   29 12:50:41    -3722.383128        0.252846
BFGS:   30 12:50:43    -3722.395711        0.203153
BFGS:   31 12:50:44    -3722.410308        0.219773
BFGS:   32 12:50:46    -3722.427093        0.266212
BFGS:   33 12:50:47    -3722.444451        0.254195
BFGS:   34 12:50:49    -3722.459136        0.216961
BFGS:   35 12:50:50    -3722.470738        0.158096
BFGS:   36 12:50:52    -3722.481064        0.195050
BFGS:   37 12:50:53    -3722.491070        0.239786
BFGS:   38 12:50:55    -3722.500242        0.167738
BFGS:   39 12:50:56    -3722.507794        0.155445
BFGS:   40 12:50:57    -3722.513589        0.135045
BFGS:   41 12:50:59    -3722.518349        0.133504
BFGS:   42 12:51:00    -3722.522670        0.108233
BFGS:   43 12:51:02    -3722.526238        0.079532
BFGS:   44 12:51:03    -3722.528906        0.061328
BFGS:   45 12:51:04    -3722.530984        0.076040
BFGS:   46 12:51:06    -3722.532831        0.075297
BFGS:   47 12:51:07    -3722.534673        0.073481
BFGS:   48 12:51:08    -3722.536701        0.074667
BFGS:   49 12:51:10    -3722.539376        0.091386
BFGS:   50 12:51:11    -3722.543180        0.109073
BFGS:   51 12:51:12    -3722.548125        0.125716
BFGS:   52 12:51:14    -3722.553573        0.106494
BFGS:   53 12:51:15    -3722.558716        0.118282
BFGS:   54 12:51:17    -3722.563163        0.123804
BFGS:   55 12:51:18    -3722.567765        0.114966
BFGS:   56 12:51:20    -3722.572616        0.134257
BFGS:   57 12:51:21    -3722.577638        0.141480
BFGS:   58 12:51:22    -3722.583333        0.151489
BFGS:   59 12:51:24    -3722.590774        0.150508
BFGS:   60 12:51:25    -3722.600418        0.185188
BFGS:   61 12:51:27    -3722.610812        0.186251
BFGS:   62 12:51:28    -3722.619278        0.121905
BFGS:   63 12:51:30    -3722.625241        0.104035
BFGS:   64 12:51:31    -3722.630099        0.098180
BFGS:   65 12:51:32    -3722.634719        0.100721
BFGS:   66 12:51:34    -3722.638881        0.108914
BFGS:   67 12:51:35    -3722.642213        0.118302
BFGS:   68 12:51:37    -3722.644748        0.132197
BFGS:   69 12:51:38    -3722.646864        0.151518
BFGS:   70 12:51:40    -3722.648968        0.172527
BFGS:   71 12:51:41    -3722.651862        0.190310
BFGS:   72 12:51:43    -3722.656255        0.168112
BFGS:   73 12:51:44    -3722.662234        0.209079
BFGS:   74 12:51:46    -3722.672619        0.189477
BFGS:   75 12:51:48    -3722.681139        0.204373
BFGS:   76 12:51:49    -3722.688938        0.157937
BFGS:   77 12:51:51    -3722.693639        0.215194
BFGS:   78 12:51:52    -3722.700657        0.193521
BFGS:   79 12:51:54    -3722.707542        0.140410
BFGS:   80 12:51:55    -3722.717229        0.138255
BFGS:   81 12:51:57    -3722.720050        0.128184
BFGS:   82 12:51:58    -3722.724874        0.076172
BFGS:   83 12:51:59    -3722.726425        0.057615
BFGS:   84 12:52:01    -3722.727709        0.060464
BFGS:   85 12:52:02    -3722.728596        0.073767
BFGS:   86 12:52:03    -3722.729760        0.064325
BFGS:   87 12:52:05    -3722.731270        0.061035
BFGS:   88 12:52:06    -3722.733276        0.066515
BFGS:   89 12:52:08    -3722.735895        0.085370
BFGS:   90 12:52:10    -3722.752359        0.409728
BFGS:   91 12:52:13    -3722.630008        3.938036
BFGS:   92 12:52:15    -3722.783921        0.529357
BFGS:   93 12:52:18    -3722.768042        0.575805
BFGS:   94 12:52:20    -3722.822942        0.330884
BFGS:   95 12:52:22    -3722.836780        0.389448
BFGS:   96 12:52:24    -3722.851346        0.258318
BFGS:   97 12:52:26    -3722.866961        0.225174
BFGS:   98 12:52:27    -3722.871960        0.231703
BFGS:   99 12:52:29    -3722.882811        0.174599
BFGS:  100 12:52:31    -3722.888809        0.226882
BFGS:  101 12:52:32    -3722.894383        0.201499
BFGS:  102 12:52:34    -3722.899543        0.144811
BFGS:  103 12:52:35    -3722.905207        0.147639
BFGS:  104 12:52:37    -3722.910211        0.224564
BFGS:  105 12:52:38    -3722.915078        0.239681
BFGS:  106 12:52:40    -3722.920713        0.205278
BFGS:  107 12:52:41    -3722.927690        0.166983
BFGS:  108 12:52:43    -3722.935160        0.147344
BFGS:  109 12:52:44    -3722.942803        0.195317
BFGS:  110 12:52:46    -3722.951825        0.244032
BFGS:  111 12:52:48    -3722.963943        0.233842
BFGS:  112 12:52:50    -3722.979055        0.283737
BFGS:  113 12:52:52    -3722.995203        0.246385
BFGS:  114 12:52:53    -3723.012148        0.289507
BFGS:  115 12:52:55    -3723.030949        0.389220
BFGS:  116 12:52:57    -3723.049046        0.417153
BFGS:  117 12:52:59    -3723.063229        0.270495
BFGS:  118 12:53:00    -3723.073166        0.119916
BFGS:  119 12:53:02    -3723.079876        0.141123
BFGS:  120 12:53:03    -3723.086511        0.195588
BFGS:  121 12:53:05    -3723.093453        0.178310
BFGS:  122 12:53:07    -3723.098656        0.121405
BFGS:  123 12:53:08    -3723.102058        0.098154
BFGS:  124 12:53:10    -3723.104629        0.096171
BFGS:  125 12:53:11    -3723.107416        0.096676
BFGS:  126 12:53:12    -3723.110509        0.093561
BFGS:  127 12:53:14    -3723.113413        0.087429
BFGS:  128 12:53:15    -3723.115949        0.087191
BFGS:  129 12:53:16    -3723.118215        0.070844
BFGS:  130 12:53:18    -3723.120376        0.075552
BFGS:  131 12:53:19    -3723.122415        0.067169
BFGS:  132 12:53:20    -3723.124207        0.065478
BFGS:  133 12:53:22    -3723.125793        0.057409
BFGS:  134 12:53:23    -3723.127348        0.067506
BFGS:  135 12:53:25    -3723.129186        0.075095
BFGS:  136 12:53:26    -3723.131212        0.071547
BFGS:  137 12:53:27    -3723.133185        0.079360
BFGS:  138 12:53:28    -3723.135027        0.082523
BFGS:  139 12:53:30    -3723.137042        0.095311
BFGS:  140 12:53:31    -3723.139935        0.140171
BFGS:  141 12:53:32    -3723.144478        0.156229
BFGS:  142 12:53:34    -3723.150296        0.146235
BFGS:  143 12:53:35    -3723.155855        0.134249
BFGS:  144 12:53:37    -3723.160471        0.108411
BFGS:  145 12:53:38    -3723.164690        0.144459
BFGS:  146 12:53:39    -3723.169261        0.121171
BFGS:  147 12:53:41    -3723.173662        0.096491
BFGS:  148 12:53:42    -3723.176950        0.085985
BFGS:  149 12:53:44    -3723.179127        0.077563
BFGS:  150 12:53:45    -3723.180920        0.075508
BFGS:  151 12:53:47    -3723.182768        0.071304
BFGS:  152 12:53:48    -3723.184707        0.072407
BFGS:  153 12:53:49    -3723.186557        0.085193
BFGS:  154 12:53:51    -3723.188138        0.067937
BFGS:  155 12:53:52    -3723.189482        0.063807
BFGS:  156 12:53:53    -3723.190672        0.050812
BFGS:  157 12:53:54    -3723.191748        0.063598
BFGS:  158 12:53:55    -3723.192832        0.057896
BFGS:  159 12:53:57    -3723.193927        0.059746
BFGS:  160 12:53:58    -3723.195036        0.051609
BFGS:  161 12:53:59    -3723.196126        0.079383
BFGS:  162 12:54:01    -3723.197107        0.079715
BFGS:  163 12:54:02    -3723.197962        0.044793
BFGS:  164 12:54:03    -3723.198771        0.037845
BFGS:  165 12:54:04    -3723.199576        0.051403
BFGS:  166 12:54:06    -3723.200501        0.074236
BFGS:  167 12:54:07    -3723.201553        0.061297
BFGS:  168 12:54:08    -3723.202666        0.051815
BFGS:  169 12:54:10    -3723.203762        0.045514
BFGS:  170 12:54:11    -3723.204812        0.067778
BFGS:  171 12:54:12    -3723.205803        0.066469
BFGS:  172 12:54:14    -3723.206786        0.049144
BFGS:  173 12:54:15    -3723.207818        0.050906
BFGS:  174 12:54:16    -3723.208999        0.062215
BFGS:  175 12:54:17    -3723.210362        0.074091
BFGS:  176 12:54:19    -3723.211838        0.062732
BFGS:  177 12:54:20    -3723.213354        0.057828
BFGS:  178 12:54:21    -3723.214929        0.062345
BFGS:  179 12:54:23    -3723.216519        0.076122
BFGS:  180 12:54:24    -3723.218065        0.063863
BFGS:  181 12:54:25    -3723.219444        0.060946
BFGS:  182 12:54:27    -3723.220724        0.055327
BFGS:  183 12:54:28    -3723.221985        0.065771
BFGS:  184 12:54:30    -3723.223229        0.058719
BFGS:  185 12:54:31    -3723.224277        0.052921
BFGS:  186 12:54:32    -3723.224986        0.043076
BFGS:  187 12:54:33    -3723.225592        0.042934
BFGS:  188 12:54:35    -3723.226246        0.043168
BFGS:  189 12:54:36    -3723.227004        0.050086
BFGS:  190 12:54:37    -3723.227803        0.046816
BFGS:  191 12:54:39    -3723.228495        0.044154
BFGS:  192 12:54:40    -3723.229042        0.040274
BFGS:  193 12:54:41    -3723.229494        0.033184
BFGS:  194 12:54:42    -3723.229929        0.030404
BFGS:  195 12:54:43    -3723.230418        0.038365
BFGS:  196 12:54:44    -3723.231020        0.036287
BFGS:  197 12:54:46    -3723.231789        0.046931
BFGS:  198 12:54:47    -3723.232677        0.050578
BFGS:  199 12:54:48    -3723.233625        0.046465
BFGS:  200 12:54:50    -3723.234543        0.055086
