      Step     Time          Energy          fmax
BFGS:    0 13:14:33    -2490.332192        9.080617
BFGS:    1 13:14:34    -2497.966383        7.419317
BFGS:    2 13:14:34    -2499.276694       17.089561
BFGS:    3 13:14:35    -2501.724468        5.239384
BFGS:    4 13:14:35    -2502.427843        3.247290
BFGS:    5 13:14:36    -2502.870889        3.045273
BFGS:    6 13:14:37    -2503.034307        1.369555
BFGS:    7 13:14:37    -2503.214003        0.667216
BFGS:    8 13:14:38    -2503.354510        1.103487
BFGS:    9 13:14:38    -2503.495532        0.848715
BFGS:   10 13:14:39    -2503.677466        1.033270
BFGS:   11 13:14:39    -2503.724775        1.398595
BFGS:   12 13:14:40    -2503.884448        0.788137
BFGS:   13 13:14:40    -2503.957089        0.523420
BFGS:   14 13:14:41    -2504.127287        0.568181
BFGS:   15 13:14:41    -2504.305340        1.270181
BFGS:   16 13:14:42    -2504.484454        1.706129
BFGS:   17 13:14:42    -2504.623696        0.878031
BFGS:   18 13:14:43    -2504.799458        1.028580
BFGS:   19 13:14:43    -2504.865333        0.906689
BFGS:   20 13:14:44    -2505.029580        0.614355
BFGS:   21 13:14:44    -2505.100378        0.744097
BFGS:   22 13:14:45    -2505.158997        0.643161
BFGS:   23 13:14:45    -2505.198827        0.572700
BFGS:   24 13:14:46    -2505.231810        0.460259
BFGS:   25 13:14:46    -2505.252287        0.443202
BFGS:   26 13:14:46    -2505.268016        0.352278
BFGS:   27 13:14:47    -2505.280745        0.281871
BFGS:   28 13:14:47    -2505.292676        0.262887
BFGS:   29 13:14:48    -2505.301189        0.242007
BFGS:   30 13:14:48    -2505.309164        0.232238
BFGS:   31 13:14:49    -2505.319668        0.304870
BFGS:   32 13:14:49    -2505.332906        0.262557
BFGS:   33 13:14:49    -2505.344785        0.229677
BFGS:   34 13:14:50    -2505.353408        0.215530
BFGS:   35 13:14:50    -2505.361693        0.269943
BFGS:   36 13:14:51    -2505.372303        0.349561
BFGS:   37 13:14:51    -2505.385290        0.295282
BFGS:   38 13:14:52    -2505.397956        0.249157
BFGS:   39 13:14:52    -2505.407820        0.221688
BFGS:   40 13:14:53    -2505.415341        0.208823
BFGS:   41 13:14:53    -2505.421593        0.243379
BFGS:   42 13:14:54    -2505.426875        0.294315
BFGS:   43 13:14:54    -2505.431587        0.198068
BFGS:   44 13:14:55    -2505.435913        0.112635
BFGS:   45 13:14:55    -2505.439826        0.144729
BFGS:   46 13:14:55    -2505.443427        0.132902
BFGS:   47 13:14:56    -2505.445845        0.110036
BFGS:   48 13:14:56    -2505.447479        0.097153
BFGS:   49 13:14:57    -2505.449415        0.095560
BFGS:   50 13:14:57    -2505.451811        0.096716
BFGS:   51 13:14:58    -2505.453998        0.089001
BFGS:   52 13:14:58    -2505.455610        0.090656
BFGS:   53 13:14:58    -2505.457154        0.089361
BFGS:   54 13:14:59    -2505.459203        0.089543
BFGS:   55 13:14:59    -2505.461708        0.092700
BFGS:   56 13:15:00    -2505.464038        0.118829
BFGS:   57 13:15:00    -2505.466107        0.136844
BFGS:   58 13:15:01    -2505.468967        0.148164
BFGS:   59 13:15:01    -2505.475320        0.208361
BFGS:   60 13:15:02    -2505.497986        0.726279
BFGS:   61 13:15:02    -2505.501301        1.169654
BFGS:   62 13:15:03    -2505.566320        0.702698
BFGS:   63 13:15:03    -2505.639433        0.515440
BFGS:   64 13:15:04    -2505.683537        1.135506
BFGS:   65 13:15:04    -2505.722769        0.596146
BFGS:   66 13:15:05    -2505.768549        0.481954
BFGS:   67 13:15:05    -2505.800828        0.601737
BFGS:   68 13:15:06    -2505.829156        0.405352
BFGS:   69 13:15:06    -2505.846571        0.255013
BFGS:   70 13:15:07    -2505.857571        0.625782
BFGS:   71 13:15:07    -2505.872447        0.442945
BFGS:   72 13:15:08    -2505.897827        0.233222
BFGS:   73 13:15:08    -2505.909911        0.229449
BFGS:   74 13:15:09    -2505.925339        0.309071
BFGS:   75 13:15:09    -2505.937722        0.282071
BFGS:   76 13:15:09    -2505.950311        0.218399
BFGS:   77 13:15:10    -2505.961522        0.218137
BFGS:   78 13:15:10    -2505.972984        0.192071
BFGS:   79 13:15:11    -2505.983802        0.204493
BFGS:   80 13:15:11    -2505.993812        0.166270
BFGS:   81 13:15:12    -2506.003402        0.177637
BFGS:   82 13:15:12    -2506.013420        0.179024
BFGS:   83 13:15:12    -2506.023565        0.184128
BFGS:   84 13:15:13    -2506.032581        0.200576
BFGS:   85 13:15:13    -2506.039301        0.155869
BFGS:   86 13:15:14    -2506.043639        0.099225
BFGS:   87 13:15:14    -2506.046518        0.108184
BFGS:   88 13:15:14    -2506.049119        0.110373
BFGS:   89 13:15:15    -2506.052043        0.090018
BFGS:   90 13:15:15    -2506.055187        0.105641
BFGS:   91 13:15:16    -2506.058047        0.100803
BFGS:   92 13:15:16    -2506.060321        0.095835
BFGS:   93 13:15:16    -2506.062264        0.098247
BFGS:   94 13:15:17    -2506.064330        0.079185
BFGS:   95 13:15:17    -2506.066474        0.077070
BFGS:   96 13:15:17    -2506.068375        0.077872
BFGS:   97 13:15:18    -2506.069917        0.073147
BFGS:   98 13:15:18    -2506.071317        0.094129
BFGS:   99 13:15:19    -2506.072757        0.094469
BFGS:  100 13:15:19    -2506.074328        0.070446
BFGS:  101 13:15:19    -2506.076160        0.090575
BFGS:  102 13:15:20    -2506.078537        0.129550
BFGS:  103 13:15:20    -2506.081848        0.150613
BFGS:  104 13:15:21    -2506.086503        0.242193
BFGS:  105 13:15:21    -2506.093521        0.331855
BFGS:  106 13:15:22    -2506.107078        0.443553
BFGS:  107 13:15:22    -2506.120720        0.565643
BFGS:  108 13:15:23    -2506.150809        0.489208
BFGS:  109 13:15:23    -2506.228579        0.627930
BFGS:  110 13:15:24    -2506.297174        0.658262
BFGS:  111 13:15:24    -2506.372627        0.614955
BFGS:  112 13:15:25    -2506.448751        0.537418
BFGS:  113 13:15:25    -2506.517803        0.500762
BFGS:  114 13:15:26    -2506.569401        0.513583
BFGS:  115 13:15:26    -2506.629098        0.411336
BFGS:  116 13:15:27    -2506.676494        0.357202
BFGS:  117 13:15:27    -2506.710964        0.384149
BFGS:  118 13:15:28    -2506.731922        0.260274
BFGS:  119 13:15:28    -2506.747693        0.264513
BFGS:  120 13:15:28    -2506.759757        0.185148
BFGS:  121 13:15:29    -2506.770498        0.207945
BFGS:  122 13:15:29    -2506.779534        0.191954
BFGS:  123 13:15:30    -2506.787803        0.203218
BFGS:  124 13:15:30    -2506.794863        0.189537
BFGS:  125 13:15:30    -2506.801781        0.153848
BFGS:  126 13:15:31    -2506.808725        0.136047
BFGS:  127 13:15:31    -2506.814634        0.122907
BFGS:  128 13:15:32    -2506.818897        0.123624
BFGS:  129 13:15:32    -2506.822341        0.124336
BFGS:  130 13:15:32    -2506.825800        0.110559
BFGS:  131 13:15:33    -2506.829134        0.092910
BFGS:  132 13:15:33    -2506.831468        0.094523
BFGS:  133 13:15:33    -2506.832673        0.075875
BFGS:  134 13:15:33    -2506.833412        0.047840
BFGS:  135 13:15:34    -2506.834166        0.055151
BFGS:  136 13:15:34    -2506.834991        0.073302
BFGS:  137 13:15:34    -2506.835826        0.087236
BFGS:  138 13:15:35    -2506.836633        0.080843
BFGS:  139 13:15:35    -2506.837441        0.053303
BFGS:  140 13:15:35    -2506.838247        0.045779
BFGS:  141 13:15:36    -2506.839043        0.052601
BFGS:  142 13:15:36    -2506.839993        0.085773
BFGS:  143 13:15:36    -2506.841399        0.118264
BFGS:  144 13:15:36    -2506.843558        0.125392
BFGS:  145 13:15:37    -2506.846367        0.118417
BFGS:  146 13:15:37    -2506.848934        0.090843
BFGS:  147 13:15:37    -2506.850665        0.079666
BFGS:  148 13:15:38    -2506.851731        0.064343
BFGS:  149 13:15:38    -2506.852651        0.062281
BFGS:  150 13:15:38    -2506.853568        0.051255
BFGS:  151 13:15:39    -2506.854277        0.043997
BFGS:  152 13:15:39    -2506.854790        0.038538
BFGS:  153 13:15:39    -2506.855164        0.029738
BFGS:  154 13:15:39    -2506.855468        0.026099
BFGS:  155 13:15:40    -2506.855804        0.027267
BFGS:  156 13:15:40    -2506.856230        0.032077
BFGS:  157 13:15:40    -2506.856673        0.029631
BFGS:  158 13:15:41    -2506.856951        0.025669
BFGS:  159 13:15:41    -2506.857074        0.022165
BFGS:  160 13:15:41    -2506.857157        0.018616
BFGS:  161 13:15:41    -2506.857279        0.020385
BFGS:  162 13:15:42    -2506.857449        0.027227
BFGS:  163 13:15:42    -2506.857632        0.028928
BFGS:  164 13:15:42    -2506.857791        0.021075
BFGS:  165 13:15:43    -2506.857949        0.021697
BFGS:  166 13:15:43    -2506.858166        0.030144
BFGS:  167 13:15:43    -2506.858483        0.042778
BFGS:  168 13:15:43    -2506.858869        0.051873
BFGS:  169 13:15:44    -2506.859219        0.044787
BFGS:  170 13:15:44    -2506.859503        0.029334
BFGS:  171 13:15:44    -2506.859735        0.027561
BFGS:  172 13:15:45    -2506.859944        0.026523
BFGS:  173 13:15:45    -2506.860120        0.026295
BFGS:  174 13:15:45    -2506.860254        0.019672
BFGS:  175 13:15:45    -2506.860345        0.012870
BFGS:  176 13:15:46    -2506.860405        0.014275
BFGS:  177 13:15:46    -2506.860450        0.013587
BFGS:  178 13:15:46    -2506.860487        0.011963
BFGS:  179 13:15:46    -2506.860520        0.006963
