      Step     Time          Energy          fmax
BFGS:    0 08:58:23    -2813.453504        8.001198
BFGS:    1 08:58:25    -2818.031271        5.198947
BFGS:    2 08:58:27    -2818.811178        4.664802
BFGS:    3 08:58:28    -2819.896874        4.071928
BFGS:    4 08:58:30    -2820.483257        2.123485
BFGS:    5 08:58:32    -2820.716139        1.146111
BFGS:    6 08:58:33    -2820.933504        0.674656
BFGS:    7 08:58:35    -2821.047293        0.669316
BFGS:    8 08:58:36    -2821.169966        0.573486
BFGS:    9 08:58:38    -2821.295458        0.871065
BFGS:   10 08:58:40    -2821.487715        1.103296
BFGS:   11 08:58:41    -2821.821990        1.641663
BFGS:   12 08:58:43    -2822.232045        2.127413
BFGS:   13 08:58:44    -2822.766031        2.930097
BFGS:   14 08:58:45    -2823.441333        4.241161
BFGS:   15 08:58:47    -2824.299448        5.313583
BFGS:   16 08:58:48    -2825.301369        5.312707
BFGS:   17 08:58:49    -2827.008601        4.289551
BFGS:   18 08:58:50    -2829.916917        3.733666
BFGS:   19 08:58:51    -2831.538078        4.914492
BFGS:   20 08:58:52    -2832.522131        6.391468
BFGS:   21 08:58:53    -2834.494287        2.824559
BFGS:   22 08:58:54    -2835.944165        1.992894
BFGS:   23 08:58:54    -2836.979011        2.126124
BFGS:   24 08:58:55    -2837.743317        2.025970
BFGS:   25 08:58:56    -2838.976606        1.971401
BFGS:   26 08:58:56    -2840.172467        2.430197
BFGS:   27 08:58:57    -2841.338537        3.182526
BFGS:   28 08:58:58    -2842.306170        2.427520
BFGS:   29 08:58:58    -2842.938565        5.961695
BFGS:   30 08:58:59    -2842.579964        4.578948
BFGS:   31 08:59:00    -2843.769702        2.997365
BFGS:   32 08:59:01    -2844.046820        1.885299
BFGS:   33 08:59:01    -2844.222745        2.322601
BFGS:   34 08:59:02    -2844.381016        0.480246
BFGS:   35 08:59:03    -2844.479052        0.385297
BFGS:   36 08:59:03    -2844.521510        0.478075
BFGS:   37 08:59:04    -2844.544493        0.284428
BFGS:   38 08:59:04    -2844.560764        0.224047
BFGS:   39 08:59:05    -2844.572556        0.251033
BFGS:   40 08:59:05    -2844.583322        0.277359
BFGS:   41 08:59:06    -2844.592366        0.190091
BFGS:   42 08:59:06    -2844.600391        0.180578
BFGS:   43 08:59:07    -2844.609358        0.199994
BFGS:   44 08:59:07    -2844.622336        0.296690
BFGS:   45 08:59:08    -2844.643912        0.427618
BFGS:   46 08:59:09    -2844.685957        0.723598
BFGS:   47 08:59:09    -2844.762358        1.363080
BFGS:   48 08:59:10    -2844.882906        1.500157
BFGS:   49 08:59:11    -2845.134444        1.077796
BFGS:   50 08:59:12    -2845.221316        2.107652
BFGS:   51 08:59:13    -2845.492719        1.064439
BFGS:   52 08:59:13    -2845.638117        0.773465
BFGS:   53 08:59:14    -2845.745925        0.712459
BFGS:   54 08:59:15    -2845.846877        0.499771
BFGS:   55 08:59:15    -2845.884148        0.421497
BFGS:   56 08:59:16    -2845.937544        0.414074
BFGS:   57 08:59:17    -2845.966364        0.353088
BFGS:   58 08:59:17    -2845.994710        0.316981
BFGS:   59 08:59:18    -2846.013298        0.260727
BFGS:   60 08:59:19    -2846.026697        0.197065
BFGS:   61 08:59:19    -2846.036739        0.205891
BFGS:   62 08:59:20    -2846.046336        0.200320
BFGS:   63 08:59:20    -2846.055360        0.159343
BFGS:   64 08:59:21    -2846.063226        0.180712
BFGS:   65 08:59:21    -2846.069587        0.137220
BFGS:   66 08:59:22    -2846.074754        0.153761
BFGS:   67 08:59:23    -2846.078883        0.108997
BFGS:   68 08:59:23    -2846.082159        0.097336
BFGS:   69 08:59:24    -2846.085004        0.089734
BFGS:   70 08:59:24    -2846.087625        0.107181
BFGS:   71 08:59:25    -2846.089915        0.110101
BFGS:   72 08:59:25    -2846.091902        0.111177
BFGS:   73 08:59:26    -2846.093876        0.103023
BFGS:   74 08:59:26    -2846.096139        0.102210
BFGS:   75 08:59:27    -2846.098493        0.085339
BFGS:   76 08:59:27    -2846.100366        0.076014
BFGS:   77 08:59:28    -2846.101636        0.066167
BFGS:   78 08:59:28    -2846.102669        0.077277
BFGS:   79 08:59:29    -2846.103726        0.081689
BFGS:   80 08:59:30    -2846.104696        0.051776
BFGS:   81 08:59:30    -2846.105382        0.045010
BFGS:   82 08:59:30    -2846.105828        0.038111
BFGS:   83 08:59:31    -2846.106197        0.032007
BFGS:   84 08:59:31    -2846.106560        0.029995
BFGS:   85 08:59:32    -2846.106881        0.030947
BFGS:   86 08:59:32    -2846.107142        0.027085
BFGS:   87 08:59:32    -2846.107370        0.028389
BFGS:   88 08:59:33    -2846.107599        0.032283
BFGS:   89 08:59:33    -2846.107828        0.030393
BFGS:   90 08:59:34    -2846.108034        0.028539
BFGS:   91 08:59:34    -2846.108205        0.027523
BFGS:   92 08:59:34    -2846.108340        0.031078
BFGS:   93 08:59:35    -2846.108455        0.035563
BFGS:   94 08:59:35    -2846.108568        0.038722
BFGS:   95 08:59:35    -2846.108713        0.043103
BFGS:   96 08:59:36    -2846.108930        0.052820
BFGS:   97 08:59:36    -2846.109329        0.075079
BFGS:   98 08:59:37    -2846.110252        0.126260
BFGS:   99 08:59:38    -2846.114293        0.318480
BFGS:  100 08:59:38    -2846.116025        0.482040
BFGS:  101 08:59:39    -2846.122437        0.477289
BFGS:  102 08:59:40    -2846.157860        0.634018
BFGS:  103 08:59:40    -2846.194971        0.650909
BFGS:  104 08:59:41    -2846.246869        0.552126
BFGS:  105 08:59:42    -2846.295122        0.945534
BFGS:  106 08:59:42    -2846.341538        0.878320
BFGS:  107 08:59:43    -2846.461857        0.612404
BFGS:  108 08:59:44    -2846.545873        0.453604
BFGS:  109 08:59:44    -2846.571318        0.260173
BFGS:  110 08:59:45    -2846.582332        0.197911
BFGS:  111 08:59:45    -2846.594440        0.175202
BFGS:  112 08:59:46    -2846.603354        0.219243
BFGS:  113 08:59:46    -2846.609821        0.158568
BFGS:  114 08:59:47    -2846.614491        0.133604
BFGS:  115 08:59:47    -2846.618882        0.134597
BFGS:  116 08:59:48    -2846.622707        0.122669
BFGS:  117 08:59:48    -2846.625812        0.105587
BFGS:  118 08:59:49    -2846.628661        0.121023
BFGS:  119 08:59:49    -2846.631653        0.113993
BFGS:  120 08:59:50    -2846.634440        0.114380
BFGS:  121 08:59:50    -2846.636590        0.108853
BFGS:  122 08:59:51    -2846.638225        0.085179
BFGS:  123 08:59:51    -2846.639662        0.085630
BFGS:  124 08:59:51    -2846.640835        0.059550
BFGS:  125 08:59:52    -2846.641530        0.035377
BFGS:  126 08:59:52    -2846.641883        0.029016
BFGS:  127 08:59:53    -2846.642144        0.026910
BFGS:  128 08:59:53    -2846.642411        0.029774
BFGS:  129 08:59:53    -2846.642649        0.023608
BFGS:  130 08:59:54    -2846.642818        0.019788
BFGS:  131 08:59:54    -2846.642945        0.019441
BFGS:  132 08:59:55    -2846.643067        0.019173
BFGS:  133 08:59:55    -2846.643202        0.018675
BFGS:  134 08:59:55    -2846.643329        0.017875
BFGS:  135 08:59:56    -2846.643428        0.018051
BFGS:  136 08:59:56    -2846.643495        0.017890
BFGS:  137 08:59:56    -2846.643545        0.014500
BFGS:  138 08:59:57    -2846.643589        0.010700
BFGS:  139 08:59:57    -2846.643630        0.011272
BFGS:  140 08:59:57    -2846.643669        0.013611
BFGS:  141 08:59:58    -2846.643709        0.013892
BFGS:  142 08:59:58    -2846.643750        0.010443
BFGS:  143 08:59:59    -2846.643787        0.011026
BFGS:  144 08:59:59    -2846.643816        0.009964
