      Step     Time          Energy          fmax
BFGS:    0 08:07:56    -3020.490911        5.127878
BFGS:    1 08:07:58    -3024.463714        5.462357
BFGS:    2 08:08:00    -3029.538365        5.479905
BFGS:    3 08:08:01    -3030.630059        2.184437
BFGS:    4 08:08:02    -3031.512150        2.273531
BFGS:    5 08:08:04    -3032.543747        3.641953
BFGS:    6 08:08:05    -3033.995101        4.179094
BFGS:    7 08:08:07    -3035.373920        4.995034
BFGS:    8 08:08:08    -3036.878375        5.371147
BFGS:    9 08:08:10    -3036.811763        4.464564
BFGS:   10 08:08:11    -3039.519202        3.341351
BFGS:   11 08:08:13    -3038.946617       15.471391
BFGS:   12 08:08:14    -3041.192719        3.460700
BFGS:   13 08:08:15    -3042.030529        2.266002
BFGS:   14 08:08:17    -3040.864904       17.083672
BFGS:   15 08:08:18    -3042.341022        1.373328
BFGS:   16 08:08:19    -3042.450742        0.727640
BFGS:   17 08:08:20    -3042.621175        2.339368
BFGS:   18 08:08:21    -3042.702818        1.577325
BFGS:   19 08:08:22    -3042.846471        0.596113
BFGS:   20 08:08:23    -3042.889251        0.575931
BFGS:   21 08:08:24    -3042.930689        0.684891
BFGS:   22 08:08:25    -3042.986691        0.748092
BFGS:   23 08:08:26    -3043.015308        1.199042
BFGS:   24 08:08:27    -3043.047960        0.420324
BFGS:   25 08:08:28    -3043.061085        0.321324
BFGS:   26 08:08:28    -3043.071485        0.345751
BFGS:   27 08:08:29    -3043.079387        0.241636
BFGS:   28 08:08:30    -3043.092164        0.400926
BFGS:   29 08:08:31    -3043.104683        0.310986
BFGS:   30 08:08:32    -3043.119023        0.226337
BFGS:   31 08:08:32    -3043.135886        0.366795
BFGS:   32 08:08:33    -3043.154808        0.354260
BFGS:   33 08:08:34    -3043.175985        0.303443
BFGS:   34 08:08:35    -3043.199566        0.315927
BFGS:   35 08:08:36    -3043.227322        0.329483
BFGS:   36 08:08:37    -3043.257440        0.449481
BFGS:   37 08:08:37    -3043.281109        0.324359
BFGS:   38 08:08:38    -3043.294488        0.185122
BFGS:   39 08:08:39    -3043.301437        0.395347
BFGS:   40 08:08:40    -3043.306501        0.136945
BFGS:   41 08:08:41    -3043.311257        0.117232
BFGS:   42 08:08:41    -3043.316864        0.135624
BFGS:   43 08:08:42    -3043.319807        0.167925
BFGS:   44 08:08:43    -3043.322384        0.154300
BFGS:   45 08:08:43    -3043.323933        0.070693
BFGS:   46 08:08:44    -3043.325221        0.076247
BFGS:   47 08:08:45    -3043.326700        0.128548
BFGS:   48 08:08:45    -3043.328740        0.158397
BFGS:   49 08:08:46    -3043.331000        0.139163
BFGS:   50 08:08:47    -3043.333012        0.071334
BFGS:   51 08:08:48    -3043.334839        0.095794
BFGS:   52 08:08:48    -3043.336746        0.128131
BFGS:   53 08:08:49    -3043.338789        0.109527
BFGS:   54 08:08:50    -3043.340865        0.102752
BFGS:   55 08:08:51    -3043.342981        0.092909
BFGS:   56 08:08:51    -3043.345451        0.138151
BFGS:   57 08:08:52    -3043.348890        0.186048
BFGS:   58 08:08:53    -3043.353430        0.182841
BFGS:   59 08:08:54    -3043.358607        0.137082
BFGS:   60 08:08:54    -3043.363655        0.139339
BFGS:   61 08:08:55    -3043.368460        0.240188
BFGS:   62 08:08:56    -3043.374463        0.323992
BFGS:   63 08:08:57    -3043.382445        0.273425
BFGS:   64 08:08:58    -3043.389362        0.134450
BFGS:   65 08:08:58    -3043.394308        0.116314
BFGS:   66 08:08:59    -3043.399945        0.186738
BFGS:   67 08:09:00    -3043.407406        0.209121
BFGS:   68 08:09:01    -3043.419772        0.266694
BFGS:   69 08:09:01    -3043.435036        0.253674
BFGS:   70 08:09:02    -3043.449921        0.279641
BFGS:   71 08:09:03    -3043.465016        0.303519
BFGS:   72 08:09:04    -3043.480923        0.308876
BFGS:   73 08:09:05    -3043.499056        0.300973
BFGS:   74 08:09:06    -3043.521157        0.324294
BFGS:   75 08:09:07    -3043.547971        0.329908
BFGS:   76 08:09:08    -3043.576214        0.325506
BFGS:   77 08:09:09    -3043.606751        0.343798
BFGS:   78 08:09:10    -3043.621409        0.437658
BFGS:   79 08:09:11    -3043.651521        0.332556
BFGS:   80 08:09:11    -3043.670277        0.315537
BFGS:   81 08:09:12    -3043.684652        0.378753
BFGS:   82 08:09:13    -3043.696251        0.233635
BFGS:   83 08:09:14    -3043.707047        0.407439
BFGS:   84 08:09:15    -3043.717191        0.352247
BFGS:   85 08:09:16    -3043.726505        0.216125
BFGS:   86 08:09:17    -3043.731966        0.272639
BFGS:   87 08:09:18    -3043.736204        0.380483
BFGS:   88 08:09:19    -3043.742257        0.257710
BFGS:   89 08:09:19    -3043.747826        0.202943
BFGS:   90 08:09:20    -3043.754847        0.367824
BFGS:   91 08:09:21    -3043.762387        0.374422
BFGS:   92 08:09:22    -3043.769101        0.240648
BFGS:   93 08:09:23    -3043.772680        0.379023
BFGS:   94 08:09:24    -3043.780961        0.226751
BFGS:   95 08:09:24    -3043.785902        0.108716
BFGS:   96 08:09:25    -3043.789541        0.133292
BFGS:   97 08:09:26    -3043.795393        0.198410
BFGS:   98 08:09:27    -3043.799127        0.128933
BFGS:   99 08:09:28    -3043.801390        0.177323
BFGS:  100 08:09:29    -3043.803811        0.113223
BFGS:  101 08:09:29    -3043.806451        0.144731
BFGS:  102 08:09:30    -3043.810118        0.155814
BFGS:  103 08:09:31    -3043.814943        0.116667
BFGS:  104 08:09:32    -3043.817286        0.156505
BFGS:  105 08:09:33    -3043.820631        0.170880
BFGS:  106 08:09:33    -3043.825337        0.131274
BFGS:  107 08:09:34    -3043.829407        0.177233
BFGS:  108 08:09:35    -3043.832000        0.185021
BFGS:  109 08:09:36    -3043.835796        0.170919
BFGS:  110 08:09:37    -3043.840777        0.136550
BFGS:  111 08:09:37    -3043.844077        0.169311
BFGS:  112 08:09:38    -3043.848351        0.172399
BFGS:  113 08:09:39    -3043.852841        0.251670
BFGS:  114 08:09:40    -3043.857633        0.179512
BFGS:  115 08:09:41    -3043.865615        0.232285
BFGS:  116 08:09:42    -3043.872844        0.156490
BFGS:  117 08:09:43    -3043.883726        0.244556
BFGS:  118 08:09:44    -3043.890117        0.235595
BFGS:  119 08:09:44    -3043.899952        0.280868
BFGS:  120 08:09:45    -3043.909865        0.294170
BFGS:  121 08:09:46    -3043.921723        0.341637
BFGS:  122 08:09:47    -3043.933168        0.259110
BFGS:  123 08:09:48    -3043.946490        0.403215
BFGS:  124 08:09:49    -3043.956546        0.379819
BFGS:  125 08:09:50    -3043.970215        0.303746
BFGS:  126 08:09:51    -3043.978924        0.410157
BFGS:  127 08:09:52    -3043.991753        0.358954
BFGS:  128 08:09:53    -3044.000019        0.381219
BFGS:  129 08:09:54    -3044.009859        0.396918
BFGS:  130 08:09:55    -3044.018099        0.378414
BFGS:  131 08:09:56    -3044.027480        0.399003
BFGS:  132 08:09:56    -3044.034841        0.346071
BFGS:  133 08:09:57    -3044.044460        0.332368
BFGS:  134 08:09:58    -3044.051623        0.262325
BFGS:  135 08:09:59    -3044.062534        0.262748
BFGS:  136 08:10:00    -3044.069577        0.359549
BFGS:  137 08:10:01    -3044.079049        0.216244
BFGS:  138 08:10:02    -3044.087021        0.273940
BFGS:  139 08:10:03    -3044.099521        0.262023
BFGS:  140 08:10:03    -3044.107129        0.232048
BFGS:  141 08:10:04    -3044.121268        0.281951
BFGS:  142 08:10:05    -3044.128448        0.268474
BFGS:  143 08:10:06    -3044.138744        0.272602
BFGS:  144 08:10:07    -3044.144332        0.247274
BFGS:  145 08:10:08    -3044.149064        0.138236
BFGS:  146 08:10:09    -3044.155178        0.179013
BFGS:  147 08:10:09    -3044.160933        0.174715
BFGS:  148 08:10:10    -3044.165360        0.177502
BFGS:  149 08:10:11    -3044.171185        0.170731
BFGS:  150 08:10:12    -3044.176829        0.157010
BFGS:  151 08:10:13    -3044.182557        0.220141
BFGS:  152 08:10:13    -3044.184325        0.216803
BFGS:  153 08:10:14    -3044.188356        0.178078
BFGS:  154 08:10:15    -3044.193391        0.179012
BFGS:  155 08:10:16    -3044.197321        0.163936
BFGS:  156 08:10:17    -3044.200045        0.163338
BFGS:  157 08:10:17    -3044.200980        0.229547
BFGS:  158 08:10:18    -3044.204561        0.139019
BFGS:  159 08:10:19    -3044.207791        0.279464
BFGS:  160 08:10:20    -3044.212332        0.163447
BFGS:  161 08:10:21    -3044.215965        0.163647
BFGS:  162 08:10:21    -3044.220530        0.144612
BFGS:  163 08:10:22    -3044.223001        0.212578
BFGS:  164 08:10:23    -3044.226688        0.287454
BFGS:  165 08:10:24    -3044.229625        0.159118
BFGS:  166 08:10:24    -3044.232198        0.176938
BFGS:  167 08:10:25    -3044.236431        0.125611
BFGS:  168 08:10:26    -3044.240242        0.134269
BFGS:  169 08:10:27    -3044.245400        0.177636
BFGS:  170 08:10:28    -3044.248159        0.145887
BFGS:  171 08:10:28    -3044.253641        0.232908
BFGS:  172 08:10:29    -3044.258824        0.280080
BFGS:  173 08:10:30    -3044.259620        0.251029
BFGS:  174 08:10:31    -3044.264225        0.157687
BFGS:  175 08:10:31    -3044.266947        0.198632
BFGS:  176 08:10:32    -3044.272243        0.334818
BFGS:  177 08:10:33    -3044.277239        0.283865
BFGS:  178 08:10:34    -3044.284543        0.257677
BFGS:  179 08:10:34    -3044.292742        0.201890
BFGS:  180 08:10:35    -3044.301899        0.219566
BFGS:  181 08:10:36    -3044.307619        0.177540
BFGS:  182 08:10:37    -3044.317734        0.171219
BFGS:  183 08:10:37    -3044.323314        0.251418
BFGS:  184 08:10:38    -3044.332583        0.292262
BFGS:  185 08:10:39    -3044.342874        0.243699
BFGS:  186 08:10:40    -3044.352288        0.387109
BFGS:  187 08:10:41    -3044.355613        0.376108
BFGS:  188 08:10:41    -3044.363514        0.324983
BFGS:  189 08:10:42    -3044.371516        0.197337
BFGS:  190 08:10:43    -3044.376912        0.223667
BFGS:  191 08:10:43    -3044.379438        0.180423
BFGS:  192 08:10:44    -3044.382021        0.135500
BFGS:  193 08:10:45    -3044.384424        0.132751
BFGS:  194 08:10:46    -3044.387920        0.158175
BFGS:  195 08:10:46    -3044.391384        0.163134
BFGS:  196 08:10:47    -3044.394941        0.179446
BFGS:  197 08:10:48    -3044.397042        0.137319
BFGS:  198 08:10:48    -3044.399661        0.172617
BFGS:  199 08:10:49    -3044.401483        0.179881
BFGS:  200 08:10:50    -3044.403077        0.150911
