      Step     Time          Energy          fmax
BFGS:    0 08:10:28     3209.467122    11541.141329
BFGS:    1 08:10:32    -2078.257457     2189.070235
BFGS:    2 08:10:38    -3873.768578      765.556300
BFGS:    3 08:10:44    -4244.884671      410.136878
BFGS:    4 08:10:50    -4478.208322      278.694327
BFGS:    5 08:10:58    -4617.573317      273.630069
BFGS:    6 08:11:08    -4682.784644      247.794361
BFGS:    7 08:11:17    -4766.952823      170.458046
BFGS:    8 08:11:24    -4845.572287      158.952973
BFGS:    9 08:11:30    -4904.144224      168.346764
BFGS:   10 08:11:37    -4940.774134       97.940753
BFGS:   11 08:11:45    -4968.417530       39.017079
BFGS:   12 08:11:57    -4981.662192       63.062251
BFGS:   13 08:12:03    -5001.727974       35.868487
BFGS:   14 08:12:09    -5014.948269       42.671445
BFGS:   15 08:12:14    -5026.070970       26.908523
BFGS:   16 08:12:21    -5028.498652       38.507739
BFGS:   17 08:12:27    -5036.948237        6.650859
BFGS:   18 08:12:33    -5040.693542        6.801838
BFGS:   19 08:12:39    -5045.075775        7.294210
BFGS:   20 08:12:47    -5051.064264        6.127004
BFGS:   21 08:12:56    -5055.468940        8.263061
BFGS:   22 08:13:09    -5060.059445        8.740448
BFGS:   23 08:13:17    -5065.195137        8.235794
BFGS:   24 08:13:25    -5070.016275       10.144783
BFGS:   25 08:13:33    -5075.079746       10.518582
BFGS:   26 08:13:41    -5077.996846       10.904805
BFGS:   27 08:13:48    -5081.208483        8.501734
BFGS:   28 08:13:55    -5085.309373        7.724180
BFGS:   29 08:14:02    -5088.416506        6.165713
BFGS:   30 08:14:08    -5091.152733        6.738921
BFGS:   31 08:14:14    -5093.648304        8.170414
BFGS:   32 08:14:19    -5095.876349        5.320393
BFGS:   33 08:14:25    -5097.715617        4.560811
BFGS:   34 08:14:32    -5099.508308        6.275619
BFGS:   35 08:14:39    -5101.191942        7.943473
BFGS:   36 08:14:45    -5102.650974        8.881529
BFGS:   37 08:14:52    -5104.597472        9.354015
BFGS:   38 08:14:59    -5106.833162        8.932184
BFGS:   39 08:15:05    -5109.428096        8.827858
BFGS:   40 08:15:11    -5111.798082        9.816075
BFGS:   41 08:15:18    -5114.431423        9.016140
BFGS:   42 08:15:26    -5116.244521        6.234647
BFGS:   43 08:15:33    -5118.146204        3.742401
BFGS:   44 08:15:41    -5119.640516        5.984269
BFGS:   45 08:15:49    -5121.198963        5.651562
BFGS:   46 08:15:56    -5122.445500        7.379488
BFGS:   47 08:16:04    -5124.270321        5.270114
BFGS:   48 08:16:09    -5125.781210        4.331374
BFGS:   49 08:16:13    -5128.169982        4.960801
BFGS:   50 08:16:19    -5129.513700        3.523713
BFGS:   51 08:16:23    -5130.485704        4.366833
BFGS:   52 08:16:30    -5130.441685        6.246666
BFGS:   53 08:16:34    -5131.696272        3.275435
BFGS:   54 08:16:38    -5132.035963        3.167287
BFGS:   55 08:16:41    -5132.459543        3.194743
BFGS:   56 08:16:45    -5132.868585        3.030515
BFGS:   57 08:16:49    -5133.142890        2.366563
BFGS:   58 08:16:53    -5133.568065        2.029987
BFGS:   59 08:16:57    -5133.878471        2.414015
BFGS:   60 08:17:01    -5134.178278        2.814906
BFGS:   61 08:17:05    -5134.483991        2.292788
BFGS:   62 08:17:09    -5134.803861        1.977472
BFGS:   63 08:17:13    -5135.105509        2.115494
BFGS:   64 08:17:17    -5135.353821        2.161180
BFGS:   65 08:17:21    -5135.572856        2.203880
BFGS:   66 08:17:25    -5135.795876        2.290868
BFGS:   67 08:17:29    -5135.977100        2.370474
BFGS:   68 08:17:34    -5136.117125        2.487900
BFGS:   69 08:17:41    -5136.227341        2.494894
BFGS:   70 08:17:46    -5136.326520        2.318611
BFGS:   71 08:17:51    -5136.430658        2.162295
BFGS:   72 08:17:57    -5136.542797        2.139491
BFGS:   73 08:18:02    -5136.656931        1.910650
BFGS:   74 08:18:07    -5136.769198        1.964614
BFGS:   75 08:18:12    -5136.878387        1.812041
BFGS:   76 08:18:17    -5136.984825        1.771122
BFGS:   77 08:18:22    -5137.083941        1.715480
BFGS:   78 08:18:26    -5137.173860        1.774354
BFGS:   79 08:18:31    -5137.255147        1.698026
BFGS:   80 08:18:35    -5137.328202        1.583111
BFGS:   81 08:18:39    -5137.392945        1.308850
BFGS:   82 08:18:44    -5137.448354        1.316974
BFGS:   83 08:18:48    -5137.503746        1.344801
BFGS:   84 08:18:52    -5137.559920        1.454777
BFGS:   85 08:18:57    -5137.616227        1.652128
BFGS:   86 08:19:02    -5137.669194        1.717409
BFGS:   87 08:19:07    -5137.729377        1.928025
BFGS:   88 08:19:13    -5137.840095        2.797518
BFGS:   89 08:19:19    -5137.880704        3.057543
BFGS:   90 08:19:25    -5138.151902        3.530335
BFGS:   91 08:19:31    -5138.462468        3.775319
BFGS:   92 08:19:38    -5138.574060        4.738605
BFGS:   93 08:19:44    -5139.048884        4.290615
BFGS:   94 08:19:49    -5139.232562        3.357353
BFGS:   95 08:19:54    -5139.416895        3.299314
BFGS:   96 08:19:59    -5139.525244        2.810599
BFGS:   97 08:20:04    -5139.648348        2.563010
BFGS:   98 08:20:09    -5139.704730        2.520094
BFGS:   99 08:20:14    -5139.796572        2.347120
BFGS:  100 08:20:20    -5139.861163        2.340883
BFGS:  101 08:20:24    -5139.907584        2.455419
BFGS:  102 08:20:29    -5139.960203        2.518439
BFGS:  103 08:20:34    -5140.020487        2.495460
BFGS:  104 08:20:39    -5140.085924        2.327494
BFGS:  105 08:20:44    -5140.151654        2.049362
BFGS:  106 08:20:49    -5140.220078        1.834911
BFGS:  107 08:20:55    -5140.290718        1.637560
BFGS:  108 08:20:59    -5140.358602        1.449336
BFGS:  109 08:21:03    -5140.420771        1.372867
BFGS:  110 08:21:07    -5140.484846        1.412591
BFGS:  111 08:21:12    -5140.549829        1.398681
BFGS:  112 08:21:17    -5140.603061        1.237886
BFGS:  113 08:21:22    -5140.643585        1.070831
BFGS:  114 08:21:27    -5140.681940        1.131165
BFGS:  115 08:21:32    -5140.726263        1.055517
BFGS:  116 08:21:36    -5140.774087        0.883388
BFGS:  117 08:21:41    -5140.814948        0.619045
BFGS:  118 08:21:47    -5140.846623        0.604935
BFGS:  119 08:21:52    -5140.872688        0.667993
BFGS:  120 08:21:56    -5140.898708        0.534397
BFGS:  121 08:21:59    -5140.918453        0.495640
BFGS:  122 08:22:04    -5140.935111        0.537395
BFGS:  123 08:22:08    -5140.950869        0.641497
BFGS:  124 08:22:12    -5140.966673        0.697587
BFGS:  125 08:22:15    -5140.981624        0.631648
BFGS:  126 08:22:19    -5140.995104        0.581287
BFGS:  127 08:22:23    -5141.007702        0.559964
BFGS:  128 08:22:27    -5141.020304        0.521615
BFGS:  129 08:22:31    -5141.033701        0.461373
BFGS:  130 08:22:36    -5141.048045        0.425039
BFGS:  131 08:22:40    -5141.063633        0.414318
BFGS:  132 08:22:44    -5141.078632        0.510583
BFGS:  133 08:22:48    -5141.092461        0.403825
BFGS:  134 08:22:53    -5141.103000        0.437292
BFGS:  135 08:22:57    -5141.113727        0.378262
BFGS:  136 08:23:01    -5141.123143        0.388888
BFGS:  137 08:23:05    -5141.132470        0.374519
BFGS:  138 08:23:09    -5141.140655        0.459262
BFGS:  139 08:23:13    -5141.148589        0.343241
BFGS:  140 08:23:17    -5141.155273        0.278487
BFGS:  141 08:23:20    -5141.161459        0.251853
BFGS:  142 08:23:24    -5141.166738        0.284288
BFGS:  143 08:23:28    -5141.172932        0.301846
BFGS:  144 08:23:32    -5141.179533        0.261318
BFGS:  145 08:23:37    -5141.187138        0.280488
BFGS:  146 08:23:41    -5141.194452        0.352875
BFGS:  147 08:23:44    -5141.201623        0.395098
BFGS:  148 08:23:49    -5141.208810        0.358065
BFGS:  149 08:23:52    -5141.217071        0.375798
BFGS:  150 08:23:57    -5141.225772        0.452221
BFGS:  151 08:24:01    -5141.235499        0.506547
BFGS:  152 08:24:05    -5141.245724        0.399696
BFGS:  153 08:24:09    -5141.258126        0.313147
BFGS:  154 08:24:12    -5141.266603        0.313716
BFGS:  155 08:24:16    -5141.276129        0.320609
BFGS:  156 08:24:20    -5141.283472        0.303671
BFGS:  157 08:24:24    -5141.289842        0.285048
BFGS:  158 08:24:27    -5141.295851        0.317646
BFGS:  159 08:24:31    -5141.301118        0.334428
BFGS:  160 08:24:34    -5141.305371        0.345406
BFGS:  161 08:24:37    -5141.308619        0.296483
BFGS:  162 08:24:40    -5141.311574        0.301217
BFGS:  163 08:24:43    -5141.314345        0.328140
BFGS:  164 08:24:47    -5141.316882        0.337434
BFGS:  165 08:24:50    -5141.319292        0.312639
BFGS:  166 08:24:53    -5141.321701        0.299311
BFGS:  167 08:24:57    -5141.324019        0.298458
BFGS:  168 08:25:00    -5141.325953        0.279476
BFGS:  169 08:25:03    -5141.327573        0.252993
BFGS:  170 08:25:06    -5141.329126        0.258616
BFGS:  171 08:25:09    -5141.330850        0.260945
BFGS:  172 08:25:12    -5141.332601        0.240789
BFGS:  173 08:25:15    -5141.334104        0.224518
BFGS:  174 08:25:19    -5141.335254        0.207887
BFGS:  175 08:25:22    -5141.336190        0.202151
BFGS:  176 08:25:25    -5141.337033        0.204613
BFGS:  177 08:25:28    -5141.337832        0.198005
BFGS:  178 08:25:31    -5141.338536        0.185904
BFGS:  179 08:25:34    -5141.339121        0.176403
BFGS:  180 08:25:38    -5141.339669        0.175200
BFGS:  181 08:25:41    -5141.340179        0.165079
BFGS:  182 08:25:44    -5141.340657        0.162198
BFGS:  183 08:25:47    -5141.341064        0.159526
BFGS:  184 08:25:50    -5141.341452        0.154652
BFGS:  185 08:25:53    -5141.341875        0.144111
BFGS:  186 08:25:56    -5141.342383        0.149338
BFGS:  187 08:25:59    -5141.342978        0.155428
BFGS:  188 08:26:02    -5141.343578        0.156236
BFGS:  189 08:26:05    -5141.344132        0.149975
BFGS:  190 08:26:08    -5141.344685        0.138104
BFGS:  191 08:26:11    -5141.345296        0.125303
BFGS:  192 08:26:14    -5141.345895        0.130903
BFGS:  193 08:26:17    -5141.346485        0.128175
BFGS:  194 08:26:20    -5141.347030        0.120571
BFGS:  195 08:26:23    -5141.347587        0.118071
BFGS:  196 08:26:26    -5141.348181        0.114412
BFGS:  197 08:26:30    -5141.348784        0.111403
BFGS:  198 08:26:33    -5141.349494        0.103609
BFGS:  199 08:26:36    -5141.350264        0.095598
BFGS:  200 08:26:39    -5141.351120        0.091590
