      Step     Time          Energy          fmax
BFGS:    0 08:28:29    -3360.644113        5.794371
BFGS:    1 08:28:32    -3363.543368        3.400391
BFGS:    2 08:28:35    -3364.431234        1.704325
BFGS:    3 08:28:37    -3364.771570        1.642679
BFGS:    4 08:28:40    -3365.037594        1.410167
BFGS:    5 08:28:43    -3365.296083        0.676639
BFGS:    6 08:28:46    -3365.412869        0.631043
BFGS:    7 08:28:48    -3365.562790        0.622505
BFGS:    8 08:28:51    -3365.719528        0.619454
BFGS:    9 08:28:54    -3365.977674        0.958498
BFGS:   10 08:28:56    -3366.502389        1.833970
BFGS:   11 08:28:58    -3368.204734        2.912116
BFGS:   12 08:29:00    -3371.310932        2.472130
BFGS:   13 08:29:02    -3366.625084       28.762900
BFGS:   14 08:29:05    -3372.583655        2.857517
BFGS:   15 08:29:07    -3373.239240        2.892246
BFGS:   16 08:29:09    -3374.536977        4.421987
BFGS:   17 08:29:11    -3375.018348        3.352965
BFGS:   18 08:29:13    -3375.990746        1.943173
BFGS:   19 08:29:15    -3376.572730        1.603117
BFGS:   20 08:29:17    -3376.968387        1.906503
BFGS:   21 08:29:19    -3377.582615        2.499506
BFGS:   22 08:29:21    -3378.004348        1.549874
BFGS:   23 08:29:22    -3378.328565        1.342002
BFGS:   24 08:29:24    -3378.532909        1.409128
BFGS:   25 08:29:26    -3378.731453        1.487602
BFGS:   26 08:29:27    -3378.886026        1.422128
BFGS:   27 08:29:29    -3378.996614        1.373187
BFGS:   28 08:29:31    -3379.091579        1.417508
BFGS:   29 08:29:32    -3379.205409        1.829991
BFGS:   30 08:29:34    -3379.389681        3.144950
BFGS:   31 08:29:36    -3379.229513        2.791427
BFGS:   32 08:29:38    -3379.580692        3.506210
BFGS:   33 08:29:39    -3379.700839        3.683843
BFGS:   34 08:29:41    -3380.062933        3.405113
BFGS:   35 08:29:43    -3380.331217        3.513217
BFGS:   36 08:29:44    -3380.749448        3.404619
BFGS:   37 08:29:46    -3381.060333        3.201724
BFGS:   38 08:29:48    -3381.479707        1.655848
BFGS:   39 08:29:49    -3381.540391        1.524202
BFGS:   40 08:29:51    -3381.609604        1.323175
BFGS:   41 08:29:52    -3381.655056        1.163616
BFGS:   42 08:29:54    -3381.697800        1.117341
BFGS:   43 08:29:55    -3381.732461        1.336158
BFGS:   44 08:29:57    -3381.766778        1.364363
BFGS:   45 08:29:58    -3381.801614        1.376285
BFGS:   46 08:30:00    -3381.841984        1.229877
BFGS:   47 08:30:01    -3381.893760        1.203478
BFGS:   48 08:30:03    -3381.965219        1.272274
BFGS:   49 08:30:05    -3382.051918        1.220931
BFGS:   50 08:30:06    -3382.139015        1.048434
BFGS:   51 08:30:08    -3382.201853        0.830828
BFGS:   52 08:30:09    -3382.243309        0.755774
BFGS:   53 08:30:10    -3382.287133        0.764937
BFGS:   54 08:30:12    -3382.326308        0.863448
BFGS:   55 08:30:13    -3382.351624        0.792015
BFGS:   56 08:30:15    -3382.364628        0.786075
BFGS:   57 08:30:16    -3382.374523        0.741981
BFGS:   58 08:30:17    -3382.387206        0.717296
BFGS:   59 08:30:19    -3382.401374        0.706342
BFGS:   60 08:30:20    -3382.412498        0.687482
BFGS:   61 08:30:21    -3382.421617        0.674031
BFGS:   62 08:30:22    -3382.431318        0.634185
BFGS:   63 08:30:24    -3382.442728        0.600606
BFGS:   64 08:30:25    -3382.453257        0.560835
BFGS:   65 08:30:26    -3382.460376        0.557707
BFGS:   66 08:30:27    -3382.464839        0.554700
BFGS:   67 08:30:28    -3382.468512        0.563194
BFGS:   68 08:30:29    -3382.472111        0.553248
BFGS:   69 08:30:30    -3382.475701        0.539266
BFGS:   70 08:30:31    -3382.479350        0.504717
BFGS:   71 08:30:32    -3382.483125        0.476648
BFGS:   72 08:30:33    -3382.487036        0.446261
BFGS:   73 08:30:34    -3382.491425        0.433082
BFGS:   74 08:30:36    -3382.497157        0.419973
BFGS:   75 08:30:37    -3382.504915        0.404316
BFGS:   76 08:30:38    -3382.513743        0.375439
BFGS:   77 08:30:39    -3382.521165        0.332110
BFGS:   78 08:30:40    -3382.526340        0.296326
BFGS:   79 08:30:42    -3382.530579        0.263484
BFGS:   80 08:30:43    -3382.535125        0.248646
BFGS:   81 08:30:44    -3382.539773        0.247797
BFGS:   82 08:30:45    -3382.544034        0.268106
BFGS:   83 08:30:46    -3382.547775        0.288682
BFGS:   84 08:30:47    -3382.551249        0.301427
BFGS:   85 08:30:48    -3382.554199        0.302550
BFGS:   86 08:30:49    -3382.556531        0.286579
BFGS:   87 08:30:51    -3382.558623        0.274420
BFGS:   88 08:30:52    -3382.560892        0.255735
BFGS:   89 08:30:53    -3382.563212        0.257628
BFGS:   90 08:30:54    -3382.565105        0.261046
BFGS:   91 08:30:55    -3382.566518        0.283869
BFGS:   92 08:30:56    -3382.567789        0.293663
BFGS:   93 08:30:57    -3382.569188        0.308103
BFGS:   94 08:30:58    -3382.570739        0.301122
BFGS:   95 08:30:59    -3382.572457        0.292513
BFGS:   96 08:31:00    -3382.574467        0.268864
BFGS:   97 08:31:01    -3382.576965        0.254250
BFGS:   98 08:31:02    -3382.579951        0.249695
BFGS:   99 08:31:03    -3382.583144        0.258123
BFGS:  100 08:31:04    -3382.586422        0.282724
BFGS:  101 08:31:06    -3382.590028        0.315037
BFGS:  102 08:31:07    -3382.594438        0.335147
BFGS:  103 08:31:08    -3382.599669        0.335765
BFGS:  104 08:31:09    -3382.604827        0.305469
BFGS:  105 08:31:10    -3382.608874        0.268591
BFGS:  106 08:31:11    -3382.611711        0.242890
BFGS:  107 08:31:12    -3382.614227        0.243442
BFGS:  108 08:31:13    -3382.617159        0.262449
BFGS:  109 08:31:15    -3382.620625        0.303146
BFGS:  110 08:31:16    -3382.624081        0.337250
BFGS:  111 08:31:17    -3382.626946        0.358874
BFGS:  112 08:31:18    -3382.629327        0.354348
BFGS:  113 08:31:19    -3382.631854        0.344553
BFGS:  114 08:31:20    -3382.634805        0.326210
BFGS:  115 08:31:21    -3382.637913        0.324888
BFGS:  116 08:31:22    -3382.640451        0.333173
BFGS:  117 08:31:23    -3382.642277        0.358461
BFGS:  118 08:31:24    -3382.643750        0.377407
BFGS:  119 08:31:25    -3382.645301        0.394830
BFGS:  120 08:31:27    -3382.647025        0.395441
BFGS:  121 08:31:28    -3382.648828        0.382161
BFGS:  122 08:31:29    -3382.650489        0.356398
BFGS:  123 08:31:30    -3382.651953        0.334763
BFGS:  124 08:31:31    -3382.653484        0.317595
BFGS:  125 08:31:32    -3382.655499        0.312066
BFGS:  126 08:31:33    -3382.658393        0.318897
BFGS:  127 08:31:34    -3382.662231        0.341985
BFGS:  128 08:31:35    -3382.667140        0.373701
BFGS:  129 08:31:36    -3382.673609        0.399339
BFGS:  130 08:31:37    -3382.682457        0.401443
BFGS:  131 08:31:39    -3382.693772        0.365881
BFGS:  132 08:31:40    -3382.705848        0.304137
BFGS:  133 08:31:42    -3382.716727        0.262840
BFGS:  134 08:31:43    -3382.727609        0.300024
BFGS:  135 08:31:44    -3382.741939        0.333376
BFGS:  136 08:31:46    -3382.761266        0.329110
BFGS:  137 08:31:47    -3382.779243        0.319555
BFGS:  138 08:31:48    -3382.793496        0.356528
BFGS:  139 08:31:50    -3382.808776        0.258162
BFGS:  140 08:31:51    -3382.822907        0.238626
BFGS:  141 08:31:52    -3382.838498        0.256327
BFGS:  142 08:31:53    -3382.860595        0.290712
BFGS:  143 08:31:55    -3382.882146        0.313035
BFGS:  144 08:31:56    -3382.905141        0.321635
BFGS:  145 08:31:58    -3382.929219        0.318678
BFGS:  146 08:31:59    -3382.955093        0.307879
BFGS:  147 08:32:01    -3382.985129        0.364943
BFGS:  148 08:32:02    -3383.012743        0.352645
BFGS:  149 08:32:04    -3383.037514        0.295421
BFGS:  150 08:32:05    -3383.046453        0.298690
BFGS:  151 08:32:07    -3383.064009        0.249938
BFGS:  152 08:32:08    -3383.074109        0.173565
BFGS:  153 08:32:09    -3383.086879        0.145394
BFGS:  154 08:32:11    -3383.096994        0.181102
BFGS:  155 08:32:12    -3383.105239        0.163475
BFGS:  156 08:32:13    -3383.115097        0.154176
BFGS:  157 08:32:14    -3383.124273        0.178974
BFGS:  158 08:32:16    -3383.131443        0.125770
BFGS:  159 08:32:17    -3383.137576        0.135765
BFGS:  160 08:32:18    -3383.143555        0.131107
BFGS:  161 08:32:19    -3383.150069        0.175827
BFGS:  162 08:32:21    -3383.156791        0.148428
BFGS:  163 08:32:22    -3383.162264        0.116329
BFGS:  164 08:32:23    -3383.166101        0.087109
BFGS:  165 08:32:25    -3383.169372        0.087066
BFGS:  166 08:32:26    -3383.173153        0.102155
BFGS:  167 08:32:27    -3383.176876        0.108164
BFGS:  168 08:32:28    -3383.179483        0.084308
BFGS:  169 08:32:29    -3383.181186        0.068100
BFGS:  170 08:32:30    -3383.182800        0.066115
BFGS:  171 08:32:31    -3383.184710        0.076009
BFGS:  172 08:32:33    -3383.186661        0.082385
BFGS:  173 08:32:34    -3383.188274        0.066517
BFGS:  174 08:32:35    -3383.189414        0.065449
BFGS:  175 08:32:36    -3383.190387        0.056734
BFGS:  176 08:32:37    -3383.191293        0.043734
BFGS:  177 08:32:38    -3383.192016        0.049041
BFGS:  178 08:32:39    -3383.192475        0.029381
BFGS:  179 08:32:40    -3383.192784        0.028736
BFGS:  180 08:32:41    -3383.192995        0.022787
BFGS:  181 08:32:42    -3383.193193        0.021645
BFGS:  182 08:32:43    -3383.193407        0.022383
BFGS:  183 08:32:44    -3383.193591        0.021565
BFGS:  184 08:32:45    -3383.193782        0.017473
BFGS:  185 08:32:46    -3383.193942        0.018566
BFGS:  186 08:32:47    -3383.194157        0.026601
BFGS:  187 08:32:48    -3383.194521        0.034559
BFGS:  188 08:32:50    -3383.195374        0.055744
BFGS:  189 08:32:51    -3383.210784        0.357444
BFGS:  190 08:32:53    -3383.264021        0.843786
BFGS:  191 08:32:55    -3383.413276        2.110813
BFGS:  192 08:32:57    -3384.033075        3.396786
BFGS:  193 08:32:59    -3384.470885        3.927842
BFGS:  194 08:33:01    -3384.547264        7.972631
BFGS:  195 08:33:03    -3384.306677        5.123848
BFGS:  196 08:33:05    -3385.245300        2.955039
BFGS:  197 08:33:06    -3385.452097        2.286392
BFGS:  198 08:33:08    -3385.603881        1.558305
BFGS:  199 08:33:10    -3385.734000        1.329460
BFGS:  200 08:33:11    -3385.861746        0.443826
