      Step     Time          Energy          fmax
BFGS:    0 08:21:24    -3219.667233        7.404897
BFGS:    1 08:21:27    -3224.478310        4.924400
BFGS:    2 08:21:29    -3231.404483        4.870125
BFGS:    3 08:21:31    -3227.487480       25.475055
BFGS:    4 08:21:34    -3234.016172        3.722373
BFGS:    5 08:21:35    -3234.999000        2.738420
BFGS:    6 08:21:37    -3235.508853        8.265222
BFGS:    7 08:21:39    -3236.121695        1.873126
BFGS:    8 08:21:41    -3236.532934        2.027624
BFGS:    9 08:21:43    -3237.344981        3.255324
BFGS:   10 08:21:45    -3237.769336        2.781042
BFGS:   11 08:21:47    -3238.318341        1.389194
BFGS:   12 08:21:49    -3238.893711        2.356323
BFGS:   13 08:21:51    -3239.239877        2.495157
BFGS:   14 08:21:53    -3239.548505        2.025508
BFGS:   15 08:21:55    -3239.964212        2.546748
BFGS:   16 08:21:56    -3240.341554        3.731750
BFGS:   17 08:21:58    -3240.378817       10.086989
BFGS:   18 08:22:00    -3240.598681       11.174125
BFGS:   19 08:22:02    -3241.469784        5.772248
BFGS:   20 08:22:03    -3242.506410        5.095652
BFGS:   21 08:22:05    -3244.437816        4.665917
BFGS:   22 08:22:06    -3244.815349       10.474943
BFGS:   23 08:22:07    -3246.107619        4.404378
BFGS:   24 08:22:09    -3247.173443        3.783197
BFGS:   25 08:22:10    -3249.359997        3.543122
BFGS:   26 08:22:12    -3250.701597        4.754691
BFGS:   27 08:22:13    -3251.289552        4.368212
BFGS:   28 08:22:14    -3252.979258        5.595499
BFGS:   29 08:22:15    -3252.798182       11.847142
BFGS:   30 08:22:17    -3254.325539        3.773159
BFGS:   31 08:22:18    -3254.831628        3.588104
BFGS:   32 08:22:19    -3255.258324        1.547817
BFGS:   33 08:22:20    -3255.034045       11.101896
BFGS:   34 08:22:22    -3255.770805        2.499719
BFGS:   35 08:22:23    -3256.005976        1.181066
BFGS:   36 08:22:24    -3256.318147        0.865060
BFGS:   37 08:22:25    -3256.677522        1.315386
BFGS:   38 08:22:26    -3256.838636        1.304574
BFGS:   39 08:22:27    -3257.121958        0.781761
BFGS:   40 08:22:29    -3257.259068        0.686442
BFGS:   41 08:22:30    -3257.383584        0.795335
BFGS:   42 08:22:31    -3257.491557        0.735160
BFGS:   43 08:22:32    -3257.579702        0.671374
BFGS:   44 08:22:33    -3257.651552        0.473590
BFGS:   45 08:22:34    -3257.716794        0.504781
BFGS:   46 08:22:35    -3257.774482        0.513211
BFGS:   47 08:22:36    -3257.825481        0.507810
BFGS:   48 08:22:37    -3257.883830        0.525362
BFGS:   49 08:22:38    -3257.969109        0.664102
BFGS:   50 08:22:39    -3258.093051        0.752731
BFGS:   51 08:22:41    -3258.225784        0.750156
BFGS:   52 08:22:42    -3258.335321        0.774136
BFGS:   53 08:22:44    -3258.416058        0.622904
BFGS:   54 08:22:45    -3258.456897        0.564658
BFGS:   55 08:22:46    -3258.516978        0.499971
BFGS:   56 08:22:47    -3258.562636        0.470095
BFGS:   57 08:22:48    -3258.607371        0.410660
BFGS:   58 08:22:49    -3258.649593        0.383016
BFGS:   59 08:22:50    -3258.692641        0.421438
BFGS:   60 08:22:52    -3258.735932        0.397378
BFGS:   61 08:22:53    -3258.781554        0.445051
BFGS:   62 08:22:54    -3258.825701        0.334580
BFGS:   63 08:22:55    -3258.863411        0.308630
BFGS:   64 08:22:56    -3258.896627        0.326275
BFGS:   65 08:22:57    -3258.926431        0.386775
BFGS:   66 08:22:58    -3258.955991        0.298868
BFGS:   67 08:22:59    -3258.982088        0.307787
BFGS:   68 08:23:00    -3259.007119        0.276331
BFGS:   69 08:23:01    -3259.033060        0.302401
BFGS:   70 08:23:03    -3259.066470        0.431236
BFGS:   71 08:23:04    -3259.115839        0.428055
BFGS:   72 08:23:05    -3259.212176        0.616667
BFGS:   73 08:23:07    -3259.331966        1.056194
BFGS:   74 08:23:08    -3259.459297        1.662633
BFGS:   75 08:23:09    -3259.669615        2.656465
BFGS:   76 08:23:11    -3259.985955        4.004667
BFGS:   77 08:23:12    -3260.358790        3.874119
BFGS:   78 08:23:14    -3260.814815        4.111165
BFGS:   79 08:23:16    -3261.666365        3.382501
BFGS:   80 08:23:17    -3262.455521        2.185000
BFGS:   81 08:23:19    -3262.925418        1.642937
BFGS:   82 08:23:20    -3263.306174        1.453776
BFGS:   83 08:23:21    -3263.606339        1.313212
BFGS:   84 08:23:22    -3263.894424        1.340995
BFGS:   85 08:23:24    -3264.098916        0.715999
BFGS:   86 08:23:25    -3264.242467        1.030505
BFGS:   87 08:23:26    -3264.394445        0.788285
BFGS:   88 08:23:27    -3264.516836        0.756680
BFGS:   89 08:23:29    -3264.595232        0.603133
BFGS:   90 08:23:30    -3264.648089        0.453559
BFGS:   91 08:23:31    -3264.688942        0.408086
BFGS:   92 08:23:31    -3264.723090        0.356160
BFGS:   93 08:23:32    -3264.749091        0.290118
BFGS:   94 08:23:33    -3264.769944        0.338491
BFGS:   95 08:23:34    -3264.786800        0.303251
BFGS:   96 08:23:35    -3264.800176        0.165854
BFGS:   97 08:23:36    -3264.813666        0.303793
BFGS:   98 08:23:37    -3264.831222        0.366411
BFGS:   99 08:23:38    -3264.853894        0.397299
BFGS:  100 08:23:39    -3264.878782        0.387675
BFGS:  101 08:23:40    -3264.902409        0.329056
BFGS:  102 08:23:41    -3264.925657        0.245770
BFGS:  103 08:23:42    -3264.951951        0.339303
BFGS:  104 08:23:43    -3264.980889        0.344739
BFGS:  105 08:23:44    -3265.006799        0.251545
BFGS:  106 08:23:44    -3265.025908        0.207189
BFGS:  107 08:23:45    -3265.038917        0.205919
BFGS:  108 08:23:46    -3265.048430        0.200818
BFGS:  109 08:23:47    -3265.055162        0.138745
BFGS:  110 08:23:48    -3265.059638        0.133032
BFGS:  111 08:23:49    -3265.063307        0.118739
BFGS:  112 08:23:50    -3265.067238        0.126383
BFGS:  113 08:23:51    -3265.071483        0.147823
BFGS:  114 08:23:52    -3265.075452        0.149640
BFGS:  115 08:23:53    -3265.078900        0.129257
BFGS:  116 08:23:53    -3265.082216        0.145455
BFGS:  117 08:23:54    -3265.085879        0.119971
BFGS:  118 08:23:55    -3265.089527        0.162703
BFGS:  119 08:23:56    -3265.092488        0.116102
BFGS:  120 08:23:57    -3265.094551        0.080424
BFGS:  121 08:23:57    -3265.096104        0.090663
BFGS:  122 08:23:58    -3265.097499        0.102174
BFGS:  123 08:23:59    -3265.098809        0.088467
BFGS:  124 08:24:00    -3265.100017        0.065263
BFGS:  125 08:24:01    -3265.101221        0.063279
BFGS:  126 08:24:01    -3265.102526        0.097517
BFGS:  127 08:24:02    -3265.103895        0.116095
BFGS:  128 08:24:03    -3265.105184        0.087551
BFGS:  129 08:24:03    -3265.106253        0.081979
BFGS:  130 08:24:04    -3265.107061        0.050027
BFGS:  131 08:24:05    -3265.107669        0.046167
BFGS:  132 08:24:06    -3265.108161        0.046545
BFGS:  133 08:24:06    -3265.108592        0.052918
BFGS:  134 08:24:07    -3265.108957        0.042700
BFGS:  135 08:24:08    -3265.109238        0.034977
BFGS:  136 08:24:08    -3265.109445        0.025740
BFGS:  137 08:24:09    -3265.109618        0.026619
BFGS:  138 08:24:10    -3265.109791        0.038192
BFGS:  139 08:24:10    -3265.109962        0.040659
BFGS:  140 08:24:11    -3265.110117        0.024613
BFGS:  141 08:24:12    -3265.110238        0.026167
BFGS:  142 08:24:12    -3265.110340        0.021116
BFGS:  143 08:24:13    -3265.110438        0.019036
BFGS:  144 08:24:14    -3265.110538        0.017356
BFGS:  145 08:24:14    -3265.110629        0.016816
BFGS:  146 08:24:15    -3265.110700        0.013362
BFGS:  147 08:24:16    -3265.110755        0.012693
BFGS:  148 08:24:16    -3265.110800        0.012005
BFGS:  149 08:24:17    -3265.110839        0.012424
BFGS:  150 08:24:17    -3265.110870        0.010959
BFGS:  151 08:24:18    -3265.110894        0.009246
