      Step     Time          Energy          fmax
BFGS:    0 08:06:47    -3315.402109        5.244688
BFGS:    1 08:06:49    -3319.862528        5.826698
BFGS:    2 08:06:51    -3325.593317        6.989589
BFGS:    3 08:06:53    -3325.333903       14.180462
BFGS:    4 08:06:56    -3329.550671        4.727366
BFGS:    5 08:06:57    -3332.389199        3.711390
BFGS:    6 08:06:59    -3336.671867        3.965083
BFGS:    7 08:07:01    -3340.691125        5.198397
BFGS:    8 08:07:03    -3340.443119        7.307355
BFGS:    9 08:07:04    -3342.956025        4.834097
BFGS:   10 08:07:06    -3344.129185        4.168995
BFGS:   11 08:07:08    -3347.473575        2.730960
BFGS:   12 08:07:09    -3348.085571        1.563671
BFGS:   13 08:07:10    -3348.975185        1.754499
BFGS:   14 08:07:12    -3349.293683        7.908148
BFGS:   15 08:07:14    -3350.096787        1.088104
BFGS:   16 08:07:15    -3350.421333        0.889100
BFGS:   17 08:07:17    -3351.054056        1.612447
BFGS:   18 08:07:18    -3351.195406        0.752580
BFGS:   19 08:07:19    -3351.419101        0.848368
BFGS:   20 08:07:20    -3351.550484        0.918205
BFGS:   21 08:07:21    -3351.747986        0.907412
BFGS:   22 08:07:23    -3351.901810        0.573122
BFGS:   23 08:07:24    -3352.032604        0.440863
BFGS:   24 08:07:25    -3352.139462        0.606593
BFGS:   25 08:07:26    -3352.238594        0.589773
BFGS:   26 08:07:27    -3352.318788        0.469779
BFGS:   27 08:07:28    -3352.387905        0.442367
BFGS:   28 08:07:29    -3352.464588        0.498477
BFGS:   29 08:07:30    -3352.573056        0.702405
BFGS:   30 08:07:31    -3352.685424        0.607836
BFGS:   31 08:07:32    -3352.791710        0.402004
BFGS:   32 08:07:33    -3352.893739        0.484966
BFGS:   33 08:07:34    -3353.005478        0.949577
BFGS:   34 08:07:35    -3353.133841        1.135889
BFGS:   35 08:07:36    -3353.245184        0.972865
BFGS:   36 08:07:38    -3353.350834        1.107813
BFGS:   37 08:07:39    -3354.324477        6.789536
BFGS:   38 08:07:40    -3357.397374        7.534955
BFGS:   39 08:07:42    -3359.752899        5.266236
BFGS:   40 08:07:43    -3360.178155        7.466594
BFGS:   41 08:07:45    -3361.141258        2.231142
BFGS:   42 08:07:47    -3361.519034        1.514182
BFGS:   43 08:07:48    -3361.772498        0.329571
BFGS:   44 08:07:49    -3361.796942        0.274645
BFGS:   45 08:07:50    -3361.829588        0.244595
BFGS:   46 08:07:51    -3361.843225        0.216109
BFGS:   47 08:07:52    -3361.864203        0.249970
BFGS:   48 08:07:53    -3361.876030        0.180941
BFGS:   49 08:07:54    -3361.888251        0.232500
BFGS:   50 08:07:55    -3361.900975        0.249552
BFGS:   51 08:07:56    -3361.918799        0.239219
BFGS:   52 08:07:57    -3361.939014        0.261649
BFGS:   53 08:07:58    -3361.957338        0.175420
BFGS:   54 08:07:59    -3361.970822        0.195211
BFGS:   55 08:08:00    -3361.981942        0.230072
BFGS:   56 08:08:00    -3361.991771        0.209505
BFGS:   57 08:08:01    -3361.997750        0.113662
BFGS:   58 08:08:02    -3362.000331        0.104779
BFGS:   59 08:08:03    -3362.001590        0.084948
BFGS:   60 08:08:03    -3362.002489        0.073861
BFGS:   61 08:08:04    -3362.003050        0.036625
BFGS:   62 08:08:05    -3362.003219        0.019090
BFGS:   63 08:08:05    -3362.003288        0.012624
BFGS:   64 08:08:06    -3362.003341        0.012563
BFGS:   65 08:08:06    -3362.003373        0.010269
BFGS:   66 08:08:07    -3362.003387        0.005317
