      Step     Time          Energy          fmax
BFGS:    0 09:04:11    -3496.095228        4.558402
BFGS:    1 09:04:14    -3498.410045        3.464075
BFGS:    2 09:04:20    -3502.566124        5.582080
BFGS:    3 09:04:25    -3508.013482        7.482589
BFGS:    4 09:04:28    -3505.265304       11.853282
BFGS:    5 09:04:31    -3511.079132        5.591311
BFGS:    6 09:04:33    -3512.876496        4.939053
BFGS:    7 09:04:35    -3514.237979       14.233094
BFGS:    8 09:04:39    -3518.503695        2.859065
BFGS:    9 09:04:41    -3519.536940        2.301937
BFGS:   10 09:04:44    -3520.938159        3.968543
BFGS:   11 09:04:47    -3521.837050        3.205111
BFGS:   12 09:04:51    -3523.207497        3.130288
BFGS:   13 09:04:54    -3523.914151        1.854256
      Step     Time          Energy          fmax
BFGS:    0 11:03:56    -3496.095228        4.558402
BFGS:    1 11:03:59    -3498.410045        3.464075
BFGS:    2 11:04:04    -3502.566124        5.582080
BFGS:    3 11:04:08    -3508.013482        7.482589
BFGS:    4 11:04:11    -3505.265304       11.853282
BFGS:    5 11:04:13    -3511.079132        5.591311
BFGS:    6 11:04:16    -3512.876496        4.939053
BFGS:    7 11:04:18    -3514.237979       14.233094
BFGS:    8 11:04:21    -3518.503695        2.859065
BFGS:    9 11:04:23    -3519.536940        2.301937
BFGS:   10 11:04:26    -3520.938159        3.968543
BFGS:   11 11:04:28    -3521.837050        3.205111
BFGS:   12 11:04:31    -3523.207497        3.130288
BFGS:   13 11:04:33    -3523.914151        1.854256
      Step     Time          Energy          fmax
BFGS:    0 11:56:46    -3496.095228        4.558402
BFGS:    1 11:56:49    -3498.410045        3.464075
BFGS:    2 11:56:54    -3502.566124        5.582080
BFGS:    3 11:56:58    -3508.013482        7.482589
BFGS:    4 11:57:00    -3505.265304       11.853282
BFGS:    5 11:57:03    -3511.079132        5.591311
BFGS:    6 11:57:05    -3512.876496        4.939053
BFGS:    7 11:57:07    -3514.237979       14.233094
BFGS:    8 11:57:10    -3518.503695        2.859065
BFGS:    9 11:57:12    -3519.536940        2.301937
BFGS:   10 11:57:15    -3520.938159        3.968543
BFGS:   11 11:57:17    -3521.837050        3.205111
BFGS:   12 11:57:20    -3523.207497        3.130288
BFGS:   13 11:57:23    -3523.914151        1.854256
