      Step     Time          Energy          fmax
BFGS:    0 08:04:47    -3514.462264        3.468362
BFGS:    1 08:04:49    -3515.728651        1.691200
BFGS:    2 08:04:51    -3516.303598        1.728031
BFGS:    3 08:04:54    -3517.755521        1.859025
BFGS:    4 08:04:57    -3518.100781        4.307689
BFGS:    5 08:04:59    -3518.949249        2.177254
BFGS:    6 08:05:02    -3519.929216        1.886410
BFGS:    7 08:05:05    -3521.221817        3.332665
BFGS:    8 08:05:08    -3520.699377        9.606288
BFGS:    9 08:05:11    -3522.150712        2.910146
BFGS:   10 08:05:13    -3522.506360        2.242571
BFGS:   11 08:05:16    -3522.942218        0.932853
BFGS:   12 08:05:18    -3523.064148        0.639678
BFGS:   13 08:05:20    -3523.177015        0.657374
BFGS:   14 08:05:22    -3523.206870        0.431189
BFGS:   15 08:05:23    -3523.245625        0.394241
BFGS:   16 08:05:25    -3523.279693        0.371354
BFGS:   17 08:05:27    -3523.300588        0.542851
BFGS:   18 08:05:29    -3523.325455        0.465919
BFGS:   19 08:05:31    -3523.357054        0.353102
BFGS:   20 08:05:33    -3523.397305        0.354457
BFGS:   21 08:05:34    -3523.417738        0.513317
BFGS:   22 08:05:36    -3523.446697        0.548220
BFGS:   23 08:05:38    -3523.473988        0.328860
BFGS:   24 08:05:40    -3523.501471        0.385827
BFGS:   25 08:05:41    -3523.520319        0.662211
BFGS:   26 08:05:43    -3523.543076        0.403588
BFGS:   27 08:05:45    -3523.576204        0.393996
BFGS:   28 08:05:47    -3523.648005        0.577662
BFGS:   29 08:05:49    -3523.713625        0.872742
BFGS:   30 08:05:51    -3523.840237        2.037971
BFGS:   31 08:05:54    -3524.110577        4.053685
BFGS:   32 08:05:57    -3524.880099        3.985692
BFGS:   33 08:05:59    -3525.841739        5.580360
BFGS:   34 08:06:02    -3526.749086        9.256664
BFGS:   35 08:06:04    -3527.845427       15.716604
BFGS:   36 08:06:07    -3528.877819       13.236010
BFGS:   37 08:06:09    -3531.213460       13.338828
BFGS:   38 08:06:11    -3532.916995       11.007092
BFGS:   39 08:06:14    -3535.098218        5.298582
BFGS:   40 08:06:18    -3535.646255        9.163450
BFGS:   41 08:06:20    -3536.687488        2.469347
BFGS:   42 08:06:22    -3537.435250        6.644661
BFGS:   43 08:06:24    -3539.691338        8.414108
BFGS:   44 08:06:26    -3541.467335       10.197124
BFGS:   45 08:06:28    -3542.968465        7.834939
BFGS:   46 08:06:30    -3544.609154        5.133675
BFGS:   47 08:06:33    -3546.620795        4.032367
BFGS:   48 08:06:34    -3548.307695        4.466333
BFGS:   49 08:06:36    -3549.369118        4.969926
BFGS:   50 08:06:38    -3550.160279        4.952705
BFGS:   51 08:06:40    -3550.759138        3.649841
BFGS:   52 08:06:42    -3551.494139        3.006465
BFGS:   53 08:06:44    -3552.221592        1.519752
BFGS:   54 08:06:45    -3552.803297        2.169084
BFGS:   55 08:06:47    -3553.206697        2.463070
BFGS:   56 08:06:48    -3553.500806        2.249207
BFGS:   57 08:06:49    -3553.858568        2.047439
BFGS:   58 08:06:51    -3554.126010        1.865929
BFGS:   59 08:06:53    -3554.423691        1.502870
BFGS:   60 08:06:54    -3554.628327        1.686690
BFGS:   61 08:06:55    -3554.812948        1.257594
BFGS:   62 08:06:57    -3554.984384        0.991417
BFGS:   63 08:06:58    -3555.134712        0.834741
BFGS:   64 08:06:59    -3555.254526        0.608936
BFGS:   65 08:07:00    -3555.340808        0.618151
BFGS:   66 08:07:01    -3555.403174        0.574786
BFGS:   67 08:07:03    -3555.461320        0.467199
BFGS:   68 08:07:04    -3555.513434        0.383020
BFGS:   69 08:07:05    -3555.556270        0.412428
BFGS:   70 08:07:06    -3555.599199        0.426010
BFGS:   71 08:07:07    -3555.648501        0.461418
BFGS:   72 08:07:08    -3555.698442        0.381141
BFGS:   73 08:07:09    -3555.734036        0.303737
BFGS:   74 08:07:10    -3555.755116        0.268176
BFGS:   75 08:07:11    -3555.772111        0.285740
BFGS:   76 08:07:13    -3555.794075        0.265365
BFGS:   77 08:07:14    -3555.818043        0.279580
BFGS:   78 08:07:15    -3555.840277        0.239150
BFGS:   79 08:07:16    -3555.860088        0.241744
BFGS:   80 08:07:17    -3555.880894        0.242814
BFGS:   81 08:07:18    -3555.904303        0.351529
BFGS:   82 08:07:19    -3555.927483        0.325128
BFGS:   83 08:07:20    -3555.947077        0.203745
BFGS:   84 08:07:21    -3555.963867        0.209011
BFGS:   85 08:07:22    -3555.980347        0.266083
BFGS:   86 08:07:23    -3555.996594        0.322280
BFGS:   87 08:07:24    -3556.011546        0.296668
BFGS:   88 08:07:25    -3556.023930        0.216310
BFGS:   89 08:07:26    -3556.033988        0.221497
BFGS:   90 08:07:26    -3556.042086        0.214901
BFGS:   91 08:07:27    -3556.048756        0.189126
BFGS:   92 08:07:28    -3556.054789        0.176959
BFGS:   93 08:07:29    -3556.061108        0.129548
BFGS:   94 08:07:30    -3556.067663        0.153962
BFGS:   95 08:07:31    -3556.073510        0.122255
BFGS:   96 08:07:32    -3556.078053        0.099716
BFGS:   97 08:07:32    -3556.081647        0.108633
BFGS:   98 08:07:33    -3556.084907        0.122964
BFGS:   99 08:07:34    -3556.088051        0.116238
BFGS:  100 08:07:35    -3556.091065        0.102276
BFGS:  101 08:07:36    -3556.093832        0.093098
BFGS:  102 08:07:36    -3556.096308        0.090229
BFGS:  103 08:07:37    -3556.098485        0.081149
BFGS:  104 08:07:38    -3556.100478        0.076399
BFGS:  105 08:07:39    -3556.102369        0.059300
BFGS:  106 08:07:40    -3556.104154        0.079553
BFGS:  107 08:07:41    -3556.105649        0.070186
BFGS:  108 08:07:41    -3556.106775        0.066507
BFGS:  109 08:07:42    -3556.107639        0.042656
BFGS:  110 08:07:43    -3556.108357        0.046958
BFGS:  111 08:07:44    -3556.108997        0.056818
BFGS:  112 08:07:44    -3556.109624        0.069564
BFGS:  113 08:07:45    -3556.110274        0.069918
BFGS:  114 08:07:46    -3556.110938        0.052082
BFGS:  115 08:07:47    -3556.111513        0.041713
BFGS:  116 08:07:47    -3556.111982        0.042123
BFGS:  117 08:07:48    -3556.112404        0.033132
BFGS:  118 08:07:49    -3556.112813        0.048373
BFGS:  119 08:07:49    -3556.113184        0.052098
BFGS:  120 08:07:50    -3556.113495        0.036190
BFGS:  121 08:07:51    -3556.113797        0.034246
BFGS:  122 08:07:52    -3556.114138        0.033012
BFGS:  123 08:07:53    -3556.114478        0.034788
BFGS:  124 08:07:53    -3556.114727        0.029339
BFGS:  125 08:07:54    -3556.114896        0.020824
BFGS:  126 08:07:55    -3556.115063        0.021936
BFGS:  127 08:07:55    -3556.115273        0.025451
BFGS:  128 08:07:56    -3556.115491        0.030668
BFGS:  129 08:07:57    -3556.115662        0.022953
BFGS:  130 08:07:58    -3556.115793        0.023738
BFGS:  131 08:07:58    -3556.115946        0.025717
BFGS:  132 08:07:59    -3556.116138        0.025920
BFGS:  133 08:08:00    -3556.116347        0.027941
BFGS:  134 08:08:01    -3556.116506        0.020707
BFGS:  135 08:08:01    -3556.116622        0.017172
BFGS:  136 08:08:02    -3556.116729        0.016603
BFGS:  137 08:08:02    -3556.116837        0.022159
BFGS:  138 08:08:03    -3556.116942        0.025345
BFGS:  139 08:08:04    -3556.117042        0.020045
BFGS:  140 08:08:04    -3556.117154        0.022224
BFGS:  141 08:08:05    -3556.117285        0.025142
BFGS:  142 08:08:05    -3556.117426        0.020072
BFGS:  143 08:08:06    -3556.117537        0.021135
BFGS:  144 08:08:07    -3556.117652        0.024509
BFGS:  145 08:08:08    -3556.117778        0.029072
BFGS:  146 08:08:08    -3556.117900        0.019426
BFGS:  147 08:08:09    -3556.117984        0.015984
BFGS:  148 08:08:10    -3556.118039        0.012691
BFGS:  149 08:08:10    -3556.118085        0.019816
BFGS:  150 08:08:11    -3556.118134        0.019357
BFGS:  151 08:08:12    -3556.118174        0.012470
BFGS:  152 08:08:12    -3556.118200        0.009198
