      Step     Time          Energy          fmax
BFGS:    0 08:57:55    -3476.867848       76.487534
BFGS:    1 08:57:58    -3501.010393       10.680266
BFGS:    2 08:58:00    -3507.527725        8.388004
BFGS:    3 08:58:02    -3513.458142        6.611710
BFGS:    4 08:58:04    -3516.158318       13.305719
BFGS:    5 08:58:06    -3522.138520        8.501209
BFGS:    6 08:58:08    -3525.145359       11.427053
BFGS:    7 08:58:10    -3523.153004        8.683993
BFGS:    8 08:58:12    -3527.475538        3.318124
BFGS:    9 08:58:14    -3528.700952        4.457873
BFGS:   10 08:58:16    -3529.724079        2.874904
BFGS:   11 08:58:18    -3531.051500        2.000064
BFGS:   12 08:58:20    -3531.382028        4.682134
BFGS:   13 08:58:21    -3531.817331        1.496747
BFGS:   14 08:58:23    -3532.128792        1.137970
BFGS:   15 08:58:26    -3532.393336        1.163652
BFGS:   16 08:58:28    -3532.569317        1.169283
BFGS:   17 08:58:30    -3532.875345        1.386674
BFGS:   18 08:58:32    -3533.147649        1.201112
BFGS:   19 08:58:34    -3533.363049        1.055809
BFGS:   20 08:58:36    -3533.550337        1.036401
BFGS:   21 08:58:38    -3533.680144        1.007909
BFGS:   22 08:58:39    -3533.795551        0.776390
BFGS:   23 08:58:41    -3533.857696        0.351337
BFGS:   24 08:58:43    -3533.901306        0.334429
BFGS:   25 08:58:44    -3533.948622        0.454598
BFGS:   26 08:58:46    -3533.988843        0.472252
BFGS:   27 08:58:48    -3534.026918        0.341730
BFGS:   28 08:58:49    -3534.058190        0.305944
BFGS:   29 08:58:51    -3534.088777        0.303135
BFGS:   30 08:58:52    -3534.118975        0.362150
BFGS:   31 08:58:54    -3534.148764        0.382106
BFGS:   32 08:58:56    -3534.177643        0.338544
BFGS:   33 08:58:57    -3534.208099        0.388667
BFGS:   34 08:58:59    -3534.237486        0.421857
BFGS:   35 08:59:00    -3534.267659        0.381287
BFGS:   36 08:59:02    -3534.295960        0.274962
BFGS:   37 08:59:03    -3534.318957        0.268978
BFGS:   38 08:59:05    -3534.339356        0.283432
BFGS:   39 08:59:06    -3534.360958        0.262468
BFGS:   40 08:59:08    -3534.383132        0.298079
BFGS:   41 08:59:09    -3534.403182        0.254140
BFGS:   42 08:59:11    -3534.421888        0.209568
BFGS:   43 08:59:12    -3534.441773        0.250932
BFGS:   44 08:59:14    -3534.465375        0.272905
BFGS:   45 08:59:15    -3534.494879        0.351608
BFGS:   46 08:59:16    -3534.531121        0.410968
BFGS:   47 08:59:17    -3534.573772        0.391811
BFGS:   48 08:59:18    -3534.621205        0.379706
BFGS:   49 08:59:19    -3534.669235        0.349005
BFGS:   50 08:59:20    -3534.712852        0.300090
BFGS:   51 08:59:21    -3534.752750        0.269473
BFGS:   52 08:59:22    -3534.790990        0.304099
BFGS:   53 08:59:23    -3534.825794        0.251123
BFGS:   54 08:59:24    -3534.855603        0.315853
BFGS:   55 08:59:25    -3534.881481        0.307405
BFGS:   56 08:59:26    -3534.905122        0.229895
BFGS:   57 08:59:27    -3534.925910        0.236447
BFGS:   58 08:59:28    -3534.943423        0.220798
BFGS:   59 08:59:29    -3534.958676        0.246417
BFGS:   60 08:59:30    -3534.972901        0.261055
BFGS:   61 08:59:31    -3534.985068        0.237352
BFGS:   62 08:59:32    -3534.994175        0.186105
BFGS:   63 08:59:33    -3535.001307        0.147528
BFGS:   64 08:59:34    -3535.007719        0.167012
BFGS:   65 08:59:35    -3535.013921        0.180479
BFGS:   66 08:59:36    -3535.019149        0.171647
BFGS:   67 08:59:37    -3535.023183        0.112885
BFGS:   68 08:59:38    -3535.027029        0.139844
BFGS:   69 08:59:39    -3535.031381        0.189831
BFGS:   70 08:59:40    -3535.035853        0.159054
BFGS:   71 08:59:41    -3535.039658        0.129688
BFGS:   72 08:59:42    -3535.042924        0.099278
BFGS:   73 08:59:42    -3535.046336        0.138505
BFGS:   74 08:59:43    -3535.050174        0.158324
BFGS:   75 08:59:44    -3535.053821        0.108205
BFGS:   76 08:59:45    -3535.056951        0.097960
BFGS:   77 08:59:46    -3535.060142        0.126946
BFGS:   78 08:59:47    -3535.064154        0.164422
BFGS:   79 08:59:48    -3535.069300        0.150570
BFGS:   80 08:59:49    -3535.075195        0.104006
BFGS:   81 08:59:50    -3535.081053        0.110764
BFGS:   82 08:59:51    -3535.085970        0.130344
BFGS:   83 08:59:52    -3535.089496        0.101402
BFGS:   84 08:59:53    -3535.091778        0.070246
BFGS:   85 08:59:54    -3535.093431        0.054662
BFGS:   86 08:59:55    -3535.094891        0.071148
BFGS:   87 08:59:56    -3535.096416        0.068078
BFGS:   88 08:59:57    -3535.097891        0.056110
BFGS:   89 08:59:58    -3535.099311        0.078325
BFGS:   90 08:59:58    -3535.100545        0.104238
BFGS:   91 08:59:59    -3535.101551        0.086877
BFGS:   92 09:00:00    -3535.102408        0.050898
BFGS:   93 09:00:01    -3535.103309        0.050916
BFGS:   94 09:00:02    -3535.104392        0.081757
BFGS:   95 09:00:02    -3535.105519        0.098366
BFGS:   96 09:00:03    -3535.106439        0.064249
BFGS:   97 09:00:04    -3535.107093        0.035428
BFGS:   98 09:00:05    -3535.107600        0.038968
BFGS:   99 09:00:06    -3535.108028        0.052274
BFGS:  100 09:00:06    -3535.108341        0.041808
BFGS:  101 09:00:07    -3535.108643        0.027755
BFGS:  102 09:00:08    -3535.108983        0.037088
BFGS:  103 09:00:09    -3535.109400        0.042871
BFGS:  104 09:00:10    -3535.109855        0.045409
BFGS:  105 09:00:11    -3535.110278        0.047617
BFGS:  106 09:00:13    -3535.110693        0.046953
BFGS:  107 09:00:14    -3535.111224        0.044522
BFGS:  108 09:00:15    -3535.111879        0.055736
BFGS:  109 09:00:16    -3535.112611        0.048661
BFGS:  110 09:00:17    -3535.113337        0.052894
BFGS:  111 09:00:19    -3535.113955        0.052212
BFGS:  112 09:00:20    -3535.114538        0.057199
BFGS:  113 09:00:21    -3535.115111        0.055267
BFGS:  114 09:00:22    -3535.115664        0.035398
BFGS:  115 09:00:24    -3535.116198        0.044047
BFGS:  116 09:00:25    -3535.116741        0.049119
BFGS:  117 09:00:26    -3535.117292        0.046084
BFGS:  118 09:00:27    -3535.117820        0.041058
BFGS:  119 09:00:28    -3535.118328        0.037859
BFGS:  120 09:00:29    -3535.118862        0.044883
BFGS:  121 09:00:30    -3535.119418        0.041623
BFGS:  122 09:00:32    -3535.119902        0.027814
BFGS:  123 09:00:33    -3535.120251        0.027877
BFGS:  124 09:00:34    -3535.120517        0.030003
BFGS:  125 09:00:35    -3535.120785        0.030926
BFGS:  126 09:00:36    -3535.121066        0.027803
BFGS:  127 09:00:37    -3535.121312        0.024032
BFGS:  128 09:00:38    -3535.121505        0.024165
BFGS:  129 09:00:39    -3535.121700        0.027585
BFGS:  130 09:00:40    -3535.121941        0.023480
BFGS:  131 09:00:41    -3535.122251        0.029086
BFGS:  132 09:00:42    -3535.122591        0.036348
BFGS:  133 09:00:44    -3535.122944        0.032793
BFGS:  134 09:00:45    -3535.123344        0.036816
BFGS:  135 09:00:46    -3535.123876        0.040778
BFGS:  136 09:00:47    -3535.124505        0.040488
BFGS:  137 09:00:48    -3535.125095        0.038259
BFGS:  138 09:00:49    -3535.125523        0.030329
BFGS:  139 09:00:50    -3535.125829        0.028992
BFGS:  140 09:00:51    -3535.126093        0.028761
BFGS:  141 09:00:52    -3535.126333        0.028901
BFGS:  142 09:00:53    -3535.126524        0.020469
BFGS:  143 09:00:54    -3535.126662        0.016953
BFGS:  144 09:00:55    -3535.126761        0.020792
BFGS:  145 09:00:56    -3535.126838        0.016430
BFGS:  146 09:00:57    -3535.126911        0.018845
BFGS:  147 09:00:58    -3535.126981        0.017878
BFGS:  148 09:00:58    -3535.127046        0.017207
BFGS:  149 09:00:59    -3535.127092        0.011768
BFGS:  150 09:01:00    -3535.127123        0.009493
