      Step     Time          Energy          fmax
BFGS:    0 08:14:31    -2043.064882     2415.759093
BFGS:    1 08:14:34    -3469.596209      341.636430
BFGS:    2 08:14:37    -3084.725810     2049.886920
BFGS:    3 08:14:39    -3544.019094      554.491507
BFGS:    4 08:14:42    -3612.511924      233.858434
BFGS:    5 08:14:45    -3683.387126      156.016423
BFGS:    6 08:14:48    -3713.671000       17.464639
BFGS:    7 08:14:52    -3725.132280       19.011187
BFGS:    8 08:14:54    -3732.566319       23.957158
BFGS:    9 08:14:57    -3733.929719       42.643650
BFGS:   10 08:15:01    -3736.800637       19.068216
BFGS:   11 08:15:03    -3739.609640       13.450444
BFGS:   12 08:15:06    -3741.541410       14.768350
BFGS:   13 08:15:09    -3745.761368       11.181900
BFGS:   14 08:15:11    -3748.426720       14.293616
BFGS:   15 08:15:14    -3751.766681        8.464628
BFGS:   16 08:15:17    -3753.297870        9.045285
BFGS:   17 08:15:19    -3754.428978        7.925756
BFGS:   18 08:15:22    -3755.420019        6.610098
BFGS:   19 08:15:25    -3755.885554        5.964686
BFGS:   20 08:15:27    -3756.396703        4.429735
BFGS:   21 08:15:29    -3756.686777        4.022591
BFGS:   22 08:15:32    -3756.957145        3.581920
BFGS:   23 08:15:35    -3757.176095        3.214202
BFGS:   24 08:15:37    -3757.367500        3.080096
BFGS:   25 08:15:39    -3757.509605        2.770608
BFGS:   26 08:15:41    -3757.618627        2.566935
BFGS:   27 08:15:44    -3757.697728        2.432000
BFGS:   28 08:15:46    -3757.769268        2.516400
BFGS:   29 08:15:48    -3757.841450        2.493779
BFGS:   30 08:15:50    -3757.921003        2.473343
BFGS:   31 08:15:52    -3758.005233        2.422119
BFGS:   32 08:15:54    -3758.091305        2.390953
BFGS:   33 08:15:56    -3758.179638        2.280048
BFGS:   34 08:15:58    -3758.261779        2.147115
BFGS:   35 08:16:00    -3758.328094        2.051440
BFGS:   36 08:16:03    -3758.391005        1.934084
BFGS:   37 08:16:05    -3758.459714        1.884424
BFGS:   38 08:16:07    -3758.531348        1.714456
BFGS:   39 08:16:09    -3758.596926        1.411325
BFGS:   40 08:16:11    -3758.646666        1.337932
BFGS:   41 08:16:14    -3758.684901        1.372161
BFGS:   42 08:16:16    -3758.720533        1.457436
BFGS:   43 08:16:18    -3758.753667        1.364596
BFGS:   44 08:16:20    -3758.782917        1.119061
BFGS:   45 08:16:22    -3758.810789        0.969140
BFGS:   46 08:16:24    -3758.839737        0.928141
BFGS:   47 08:16:26    -3758.868987        0.975133
BFGS:   48 08:16:27    -3758.896888        0.994113
BFGS:   49 08:16:29    -3758.922983        0.948977
BFGS:   50 08:16:31    -3758.948579        0.894505
BFGS:   51 08:16:33    -3758.975028        0.995191
BFGS:   52 08:16:35    -3759.000954        1.008730
BFGS:   53 08:16:37    -3759.024052        0.927409
BFGS:   54 08:16:39    -3759.044206        0.959519
BFGS:   55 08:16:41    -3759.062164        0.969978
BFGS:   56 08:16:42    -3759.078010        0.895868
BFGS:   57 08:16:44    -3759.092877        0.727263
BFGS:   58 08:16:46    -3759.107366        0.607651
BFGS:   59 08:16:48    -3759.120583        0.495737
BFGS:   60 08:16:49    -3759.131089        0.431826
BFGS:   61 08:16:51    -3759.138301        0.370722
BFGS:   62 08:16:53    -3759.143480        0.324148
BFGS:   63 08:16:54    -3759.148011        0.294639
BFGS:   64 08:16:56    -3759.152201        0.217899
BFGS:   65 08:16:57    -3759.155822        0.158582
BFGS:   66 08:16:59    -3759.158865        0.140437
BFGS:   67 08:17:00    -3759.161574        0.126136
BFGS:   68 08:17:02    -3759.164188        0.149159
BFGS:   69 08:17:04    -3759.166726        0.139376
BFGS:   70 08:17:07    -3759.169060        0.144421
BFGS:   71 08:17:10    -3759.171236        0.167243
BFGS:   72 08:17:12    -3759.173345        0.148692
BFGS:   73 08:17:14    -3759.175459        0.122911
BFGS:   74 08:17:16    -3759.177527        0.124692
BFGS:   75 08:17:18    -3759.179429        0.102648
BFGS:   76 08:17:19    -3759.181187        0.120455
BFGS:   77 08:17:21    -3759.182828        0.122129
BFGS:   78 08:17:23    -3759.184415        0.112007
BFGS:   79 08:17:24    -3759.185923        0.124226
BFGS:   80 08:17:26    -3759.187289        0.156998
BFGS:   81 08:17:27    -3759.188513        0.162489
BFGS:   82 08:17:29    -3759.189582        0.143008
BFGS:   83 08:17:31    -3759.190536        0.119401
BFGS:   84 08:17:32    -3759.191425        0.107881
BFGS:   85 08:17:34    -3759.192254        0.110978
BFGS:   86 08:17:38    -3759.193003        0.095603
BFGS:   87 08:17:40    -3759.193707        0.086184
BFGS:   88 08:17:42    -3759.194465        0.088894
BFGS:   89 08:17:43    -3759.195338        0.119186
BFGS:   90 08:17:45    -3759.196339        0.137712
BFGS:   91 08:17:47    -3759.197342        0.143843
BFGS:   92 08:17:48    -3759.198231        0.138279
BFGS:   93 08:17:50    -3759.198993        0.118653
BFGS:   94 08:17:51    -3759.199728        0.109416
BFGS:   95 08:17:52    -3759.200456        0.092598
BFGS:   96 08:17:54    -3759.201185        0.070550
BFGS:   97 08:17:55    -3759.201899        0.090727
BFGS:   98 08:17:56    -3759.202575        0.102417
BFGS:   99 08:17:58    -3759.203153        0.078677
BFGS:  100 08:17:59    -3759.203619        0.073187
BFGS:  101 08:18:00    -3759.203993        0.073751
BFGS:  102 08:18:02    -3759.204310        0.060012
BFGS:  103 08:18:03    -3759.204584        0.041767
BFGS:  104 08:18:04    -3759.204832        0.044293
BFGS:  105 08:18:05    -3759.205101        0.045162
BFGS:  106 08:18:06    -3759.205450        0.048939
BFGS:  107 08:18:08    -3759.205927        0.065085
BFGS:  108 08:18:09    -3759.206489        0.059243
BFGS:  109 08:18:11    -3759.207029        0.058028
BFGS:  110 08:18:12    -3759.207541        0.058719
BFGS:  111 08:18:14    -3759.208080        0.063486
BFGS:  112 08:18:16    -3759.208689        0.076720
BFGS:  113 08:18:19    -3759.209371        0.073800
BFGS:  114 08:18:21    -3759.210076        0.076513
BFGS:  115 08:18:23    -3759.210836        0.079976
BFGS:  116 08:18:26    -3759.211732        0.119565
BFGS:  117 08:18:28    -3759.212666        0.142805
BFGS:  118 08:18:31    -3759.213592        0.143331
BFGS:  119 08:18:33    -3759.214507        0.133113
BFGS:  120 08:18:36    -3759.215508        0.124079
BFGS:  121 08:18:38    -3759.216648        0.112155
BFGS:  122 08:18:41    -3759.217814        0.085385
BFGS:  123 08:18:43    -3759.218855        0.064740
BFGS:  124 08:18:45    -3759.219774        0.061223
BFGS:  125 08:18:48    -3759.220697        0.078066
BFGS:  126 08:18:50    -3759.221708        0.094777
BFGS:  127 08:18:52    -3759.222682        0.079735
BFGS:  128 08:18:55    -3759.223489        0.081350
BFGS:  129 08:18:57    -3759.224184        0.092285
BFGS:  130 08:18:59    -3759.224918        0.095105
BFGS:  131 08:19:01    -3759.225779        0.085879
BFGS:  132 08:19:03    -3759.226732        0.092128
BFGS:  133 08:19:05    -3759.227636        0.100241
BFGS:  134 08:19:08    -3759.228411        0.093679
BFGS:  135 08:19:10    -3759.229096        0.093668
BFGS:  136 08:19:12    -3759.229751        0.093644
BFGS:  137 08:19:14    -3759.230403        0.089605
BFGS:  138 08:19:16    -3759.231090        0.094124
BFGS:  139 08:19:17    -3759.231800        0.095065
BFGS:  140 08:19:19    -3759.232516        0.084704
BFGS:  141 08:19:20    -3759.233144        0.077869
BFGS:  142 08:19:22    -3759.233662        0.092955
BFGS:  143 08:19:23    -3759.234126        0.095298
BFGS:  144 08:19:25    -3759.234648        0.086494
BFGS:  145 08:19:26    -3759.235270        0.104404
BFGS:  146 08:19:28    -3759.235967        0.115699
BFGS:  147 08:19:29    -3759.236638        0.109949
BFGS:  148 08:19:31    -3759.237273        0.096374
BFGS:  149 08:19:32    -3759.237970        0.071942
BFGS:  150 08:19:34    -3759.238822        0.081954
BFGS:  151 08:19:35    -3759.239903        0.092627
BFGS:  152 08:19:37    -3759.241315        0.100719
BFGS:  153 08:19:38    -3759.243175        0.101064
BFGS:  154 08:19:40    -3759.245590        0.124180
BFGS:  155 08:19:42    -3759.248333        0.122887
BFGS:  156 08:19:44    -3759.250939        0.128946
BFGS:  157 08:19:45    -3759.253108        0.116874
BFGS:  158 08:19:47    -3759.254974        0.124754
BFGS:  159 08:19:49    -3759.256834        0.149482
BFGS:  160 08:19:51    -3759.258740        0.140112
BFGS:  161 08:19:52    -3759.260652        0.132393
BFGS:  162 08:19:54    -3759.261856        0.107168
BFGS:  163 08:19:56    -3759.262848        0.103745
BFGS:  164 08:19:57    -3759.263845        0.117691
BFGS:  165 08:19:59    -3759.264852        0.120539
BFGS:  166 08:20:00    -3759.265850        0.117037
BFGS:  167 08:20:03    -3759.266794        0.117641
BFGS:  168 08:20:05    -3759.267637        0.130121
BFGS:  169 08:20:07    -3759.268438        0.130394
BFGS:  170 08:20:09    -3759.269257        0.118149
BFGS:  171 08:20:12    -3759.270333        0.089583
BFGS:  172 08:20:14    -3759.271835        0.078620
BFGS:  173 08:20:16    -3759.273432        0.081982
BFGS:  174 08:20:19    -3759.275221        0.083255
BFGS:  175 08:20:21    -3759.277063        0.068001
BFGS:  176 08:20:24    -3759.278913        0.065732
BFGS:  177 08:20:26    -3759.280863        0.080411
BFGS:  178 08:20:29    -3759.282872        0.093008
BFGS:  179 08:20:31    -3759.284865        0.128178
BFGS:  180 08:20:34    -3759.286934        0.104736
BFGS:  181 08:20:36    -3759.289491        0.123071
BFGS:  182 08:20:39    -3759.291180        0.127918
BFGS:  183 08:20:41    -3759.294086        0.119738
BFGS:  184 08:20:44    -3759.296584        0.110278
BFGS:  185 08:20:46    -3759.298663        0.086096
BFGS:  186 08:20:49    -3759.299980        0.072188
BFGS:  187 08:20:51    -3759.300762        0.087086
BFGS:  188 08:20:53    -3759.301438        0.077025
BFGS:  189 08:20:55    -3759.301999        0.056874
BFGS:  190 08:20:58    -3759.302645        0.042496
BFGS:  191 08:21:00    -3759.302971        0.038629
BFGS:  192 08:21:02    -3759.303340        0.030950
BFGS:  193 08:21:04    -3759.303610        0.025497
BFGS:  194 08:21:06    -3759.303918        0.031164
BFGS:  195 08:21:08    -3759.304247        0.036179
BFGS:  196 08:21:10    -3759.304566        0.040173
BFGS:  197 08:21:12    -3759.304869        0.050636
BFGS:  198 08:21:13    -3759.305180        0.058235
BFGS:  199 08:21:15    -3759.305563        0.060759
BFGS:  200 08:21:16    -3759.306001        0.062422
