      Step     Time          Energy          fmax
BFGS:    0 08:34:38    -3364.899662        7.839494
BFGS:    1 08:34:40    -3368.604063        3.494915
BFGS:    2 08:34:42    -3370.059021        3.325162
BFGS:    3 08:34:44    -3370.937563        3.595966
BFGS:    4 08:34:46    -3372.281574        3.772483
BFGS:    5 08:34:48    -3372.953269        3.708111
BFGS:    6 08:34:50    -3373.652142        2.263342
BFGS:    7 08:34:52    -3374.290486        0.625363
BFGS:    8 08:34:53    -3374.371056        0.504935
BFGS:    9 08:34:54    -3374.430156        0.270961
BFGS:   10 08:34:56    -3374.451290        0.226025
BFGS:   11 08:34:57    -3374.468056        0.174606
BFGS:   12 08:34:58    -3374.480123        0.165960
BFGS:   13 08:35:00    -3374.494699        0.179866
BFGS:   14 08:35:01    -3374.515449        0.234500
BFGS:   15 08:35:02    -3374.543479        0.270568
BFGS:   16 08:35:03    -3374.574295        0.255971
BFGS:   17 08:35:05    -3374.599219        0.213887
BFGS:   18 08:35:06    -3374.617028        0.313028
BFGS:   19 08:35:07    -3374.632350        0.318834
BFGS:   20 08:35:08    -3374.651020        0.282000
BFGS:   21 08:35:09    -3374.677066        0.392809
BFGS:   22 08:35:11    -3374.708157        0.410998
BFGS:   23 08:35:12    -3374.739679        0.331661
BFGS:   24 08:35:13    -3374.769674        0.370780
BFGS:   25 08:35:15    -3374.799529        0.293979
BFGS:   26 08:35:16    -3374.831313        0.307152
BFGS:   27 08:35:17    -3374.865816        0.337093
BFGS:   28 08:35:19    -3374.902753        0.337633
BFGS:   29 08:35:20    -3374.944519        0.354598
BFGS:   30 08:35:22    -3374.988760        0.389468
BFGS:   31 08:35:23    -3375.023736        0.351377
BFGS:   32 08:35:24    -3375.047173        0.292717
BFGS:   33 08:35:26    -3375.069924        0.223897
BFGS:   34 08:35:27    -3375.102687        0.252899
BFGS:   35 08:35:28    -3375.146801        0.406256
BFGS:   36 08:35:30    -3375.193193        0.466747
BFGS:   37 08:35:31    -3375.232109        0.360167
BFGS:   38 08:35:33    -3375.263020        0.249312
BFGS:   39 08:35:34    -3375.294361        0.270723
BFGS:   40 08:35:35    -3375.333266        0.366353
BFGS:   41 08:35:37    -3375.377373        0.380449
BFGS:   42 08:35:38    -3375.428960        0.348872
BFGS:   43 08:35:40    -3375.494925        0.431603
BFGS:   44 08:35:42    -3375.582290        0.493227
BFGS:   45 08:35:44    -3375.698072        0.826926
BFGS:   46 08:35:46    -3375.865402        1.164605
BFGS:   47 08:35:49    -3376.421588        2.610604
BFGS:   48 08:35:51    -3378.919616        3.806827
BFGS:   49 08:35:53    -3379.621189        5.900596
BFGS:   50 08:35:55    -3380.401332        3.512264
BFGS:   51 08:35:58    -3380.818995        3.310157
BFGS:   52 08:35:59    -3381.581872        3.282835
BFGS:   53 08:36:01    -3382.709049        5.962078
BFGS:   54 08:36:03    -3383.995306        5.125240
BFGS:   55 08:36:05    -3385.610893        4.289151
BFGS:   56 08:36:06    -3386.695699        3.538082
BFGS:   57 08:36:08    -3387.922838        2.711766
BFGS:   58 08:36:09    -3388.885879        2.704514
BFGS:   59 08:36:10    -3388.641305        3.395680
BFGS:   60 08:36:11    -3389.577136        2.475047
BFGS:   61 08:36:12    -3389.923081        2.199568
BFGS:   62 08:36:13    -3390.261351        2.229730
BFGS:   63 08:36:15    -3390.647906        2.160101
BFGS:   64 08:36:16    -3390.804104        1.996883
BFGS:   65 08:36:17    -3391.046745        1.528105
BFGS:   66 08:36:17    -3391.175856        1.615287
BFGS:   67 08:36:18    -3391.317628        1.707936
BFGS:   68 08:36:19    -3391.384802        1.891462
BFGS:   69 08:36:20    -3391.427729        1.743151
BFGS:   70 08:36:21    -3391.480328        1.472712
BFGS:   71 08:36:22    -3391.522091        1.378429
BFGS:   72 08:36:23    -3391.558296        1.287632
BFGS:   73 08:36:24    -3391.590874        1.214863
BFGS:   74 08:36:25    -3391.627547        1.145671
BFGS:   75 08:36:26    -3391.664245        1.090776
BFGS:   76 08:36:26    -3391.694292        1.021561
BFGS:   77 08:36:27    -3391.716631        0.954575
BFGS:   78 08:36:28    -3391.736874        0.968612
BFGS:   79 08:36:29    -3391.756641        0.970607
BFGS:   80 08:36:30    -3391.772549        0.928972
BFGS:   81 08:36:30    -3391.782978        0.883584
BFGS:   82 08:36:31    -3391.790374        0.831945
BFGS:   83 08:36:32    -3391.797143        0.834780
BFGS:   84 08:36:33    -3391.803637        0.890769
BFGS:   85 08:36:33    -3391.809001        0.918412
BFGS:   86 08:36:34    -3391.813057        0.913891
BFGS:   87 08:36:35    -3391.816350        0.889417
BFGS:   88 08:36:35    -3391.819300        0.905171
BFGS:   89 08:36:36    -3391.822280        0.899079
BFGS:   90 08:36:37    -3391.825588        0.881963
BFGS:   91 08:36:37    -3391.829037        0.851192
BFGS:   92 08:36:38    -3391.831930        0.833859
BFGS:   93 08:36:39    -3391.833992        0.827789
BFGS:   94 08:36:39    -3391.835645        0.837220
BFGS:   95 08:36:40    -3391.837316        0.845540
BFGS:   96 08:36:40    -3391.838977        0.852968
BFGS:   97 08:36:41    -3391.840348        0.842365
BFGS:   98 08:36:42    -3391.841375        0.827486
BFGS:   99 08:36:42    -3391.842221        0.805216
BFGS:  100 08:36:43    -3391.842963        0.791502
BFGS:  101 08:36:44    -3391.843573        0.781883
BFGS:  102 08:36:44    -3391.844098        0.785306
BFGS:  103 08:36:45    -3391.844650        0.788279
BFGS:  104 08:36:45    -3391.845307        0.795763
BFGS:  105 08:36:46    -3391.846012        0.792465
BFGS:  106 08:36:46    -3391.846630        0.786619
BFGS:  107 08:36:47    -3391.847214        0.770021
BFGS:  108 08:36:48    -3391.847895        0.756405
BFGS:  109 08:36:48    -3391.848799        0.759159
BFGS:  110 08:36:49    -3391.849841        0.766645
BFGS:  111 08:36:49    -3391.850829        0.751232
BFGS:  112 08:36:50    -3391.851739        0.762730
BFGS:  113 08:36:51    -3391.852728        0.777048
BFGS:  114 08:36:51    -3391.853966        0.791326
BFGS:  115 08:36:52    -3391.855350        0.787349
BFGS:  116 08:36:53    -3391.856618        0.773795
BFGS:  117 08:36:53    -3391.857656        0.749753
BFGS:  118 08:36:54    -3391.858594        0.734207
BFGS:  119 08:36:55    -3391.859507        0.736692
BFGS:  120 08:36:55    -3391.860278        0.733311
BFGS:  121 08:36:56    -3391.860810        0.743867
BFGS:  122 08:36:56    -3391.861192        0.753867
BFGS:  123 08:36:57    -3391.861565        0.755884
BFGS:  124 08:36:58    -3391.861969        0.750046
BFGS:  125 08:36:58    -3391.862346        0.735867
BFGS:  126 08:36:59    -3391.862653        0.723740
BFGS:  127 08:36:59    -3391.862947        0.714771
BFGS:  128 08:37:00    -3391.863343        0.711682
BFGS:  129 08:37:01    -3391.863968        0.712023
BFGS:  130 08:37:01    -3391.864830        0.720130
BFGS:  131 08:37:02    -3391.865826        0.728457
BFGS:  132 08:37:03    -3391.866794        0.732018
BFGS:  133 08:37:03    -3391.867823        0.724339
BFGS:  134 08:37:04    -3391.869200        0.703908
BFGS:  135 08:37:05    -3391.871300        0.665849
BFGS:  136 08:37:05    -3391.874513        0.613748
BFGS:  137 08:37:06    -3391.879134        0.555920
BFGS:  138 08:37:07    -3391.885216        0.541735
BFGS:  139 08:37:08    -3391.892206        0.563762
BFGS:  140 08:37:09    -3391.898774        0.596712
BFGS:  141 08:37:10    -3391.903766        0.619364
BFGS:  142 08:37:11    -3391.907549        0.656857
BFGS:  143 08:37:11    -3391.911617        0.675047
BFGS:  144 08:37:12    -3391.917734        0.672946
BFGS:  145 08:37:13    -3391.927428        0.629441
BFGS:  146 08:37:14    -3391.940615        0.547410
BFGS:  147 08:37:15    -3391.954412        0.440543
BFGS:  148 08:37:16    -3391.965984        0.364473
BFGS:  149 08:37:17    -3391.975170        0.319690
BFGS:  150 08:37:18    -3391.984281        0.303216
BFGS:  151 08:37:19    -3391.993480        0.311390
BFGS:  152 08:37:20    -3392.000408        0.298418
BFGS:  153 08:37:20    -3392.004828        0.298666
BFGS:  154 08:37:21    -3392.008131        0.294404
BFGS:  155 08:37:22    -3392.011576        0.283644
BFGS:  156 08:37:23    -3392.015672        0.240970
BFGS:  157 08:37:24    -3392.020209        0.190625
BFGS:  158 08:37:24    -3392.025235        0.148672
BFGS:  159 08:37:25    -3392.031278        0.151405
BFGS:  160 08:37:26    -3392.039132        0.184797
BFGS:  161 08:37:27    -3392.049120        0.173374
BFGS:  162 08:37:28    -3392.059964        0.176895
BFGS:  163 08:37:29    -3392.066114        0.138710
BFGS:  164 08:37:29    -3392.070416        0.131239
BFGS:  165 08:37:30    -3392.074109        0.109284
BFGS:  166 08:37:31    -3392.077090        0.090504
BFGS:  167 08:37:32    -3392.078687        0.058684
BFGS:  168 08:37:32    -3392.079361        0.037530
BFGS:  169 08:37:33    -3392.079746        0.033791
BFGS:  170 08:37:34    -3392.080135        0.040178
BFGS:  171 08:37:35    -3392.080533        0.035786
BFGS:  172 08:37:35    -3392.080856        0.023340
BFGS:  173 08:37:36    -3392.081071        0.021040
BFGS:  174 08:37:36    -3392.081190        0.016589
BFGS:  175 08:37:37    -3392.081261        0.011979
BFGS:  176 08:37:37    -3392.081313        0.011203
BFGS:  177 08:37:38    -3392.081357        0.010524
BFGS:  178 08:37:38    -3392.081399        0.013074
BFGS:  179 08:37:38    -3392.081440        0.011234
BFGS:  180 08:37:39    -3392.081474        0.008143
