      Step     Time          Energy          fmax
BFGS:    0 08:26:42    -2534.804983        6.602273
BFGS:    1 08:26:44    -2538.982279        5.271632
BFGS:    2 08:26:45    -2539.866482        5.127604
BFGS:    3 08:26:46    -2540.738532        1.927928
BFGS:    4 08:26:47    -2541.709403        1.837018
BFGS:    5 08:26:49    -2542.414715        2.172283
BFGS:    6 08:26:50    -2543.265130        2.275014
BFGS:    7 08:26:52    -2544.931644        3.921591
BFGS:    8 08:26:53    -2546.598250        6.392344
BFGS:    9 08:26:54    -2548.044951        8.627529
BFGS:   10 08:26:55    -2550.175765        9.881886
BFGS:   11 08:26:56    -2555.564027        6.322094
BFGS:   12 08:26:57    -2558.738239        7.961908
BFGS:   13 08:26:58    -2563.177269        5.764451
BFGS:   14 08:26:58    -2566.097555        3.261706
BFGS:   15 08:26:59    -2566.837761        2.890949
BFGS:   16 08:27:00    -2567.640539        1.863567
BFGS:   17 08:27:01    -2568.349616        2.675626
BFGS:   18 08:27:01    -2569.050627        2.235094
BFGS:   19 08:27:02    -2569.366588        1.612024
BFGS:   20 08:27:03    -2569.487277        1.760190
BFGS:   21 08:27:04    -2569.707236        1.174524
BFGS:   22 08:27:04    -2569.765655        0.794766
BFGS:   23 08:27:05    -2569.873810        0.616640
BFGS:   24 08:27:06    -2569.987690        0.651530
BFGS:   25 08:27:07    -2570.075882        0.789449
BFGS:   26 08:27:07    -2570.203076        1.006618
BFGS:   27 08:27:08    -2570.338558        1.047158
BFGS:   28 08:27:09    -2570.520702        1.103586
BFGS:   29 08:27:10    -2570.690606        1.039671
BFGS:   30 08:27:11    -2570.812160        0.692513
BFGS:   31 08:27:12    -2570.898722        0.549446
BFGS:   32 08:27:13    -2570.964651        0.648913
BFGS:   33 08:27:13    -2571.085262        0.553781
BFGS:   34 08:27:14    -2571.207181        0.751570
BFGS:   35 08:27:15    -2571.349328        0.956204
BFGS:   36 08:27:16    -2571.506229        0.853243
BFGS:   37 08:27:17    -2571.676239        0.766349
BFGS:   38 08:27:18    -2571.794779        0.540252
BFGS:   39 08:27:19    -2571.903475        0.523140
BFGS:   40 08:27:19    -2572.046459        0.800823
BFGS:   41 08:27:20    -2572.154767        0.630044
BFGS:   42 08:27:21    -2572.225031        0.473014
BFGS:   43 08:27:22    -2572.277220        0.598991
BFGS:   44 08:27:22    -2572.342098        0.655272
BFGS:   45 08:27:23    -2572.427532        0.787534
BFGS:   46 08:27:24    -2572.522171        0.590699
BFGS:   47 08:27:25    -2572.617981        0.488992
BFGS:   48 08:27:25    -2572.699439        0.419159
BFGS:   49 08:27:26    -2572.762348        0.489866
BFGS:   50 08:27:27    -2572.830812        0.545668
BFGS:   51 08:27:28    -2572.880792        1.120704
BFGS:   52 08:27:28    -2572.938931        0.795890
BFGS:   53 08:27:29    -2573.023449        0.798359
BFGS:   54 08:27:30    -2573.140209        1.569296
BFGS:   55 08:27:30    -2573.194482        0.842242
BFGS:   56 08:27:31    -2573.252701        0.773188
BFGS:   57 08:27:32    -2573.394855        0.757267
BFGS:   58 08:27:33    -2573.445035        1.094773
BFGS:   59 08:27:33    -2573.544668        0.799410
BFGS:   60 08:27:34    -2573.646867        0.530200
BFGS:   61 08:27:35    -2573.744779        0.447725
BFGS:   62 08:27:35    -2573.786255        0.695086
BFGS:   63 08:27:36    -2573.891157        0.967951
BFGS:   64 08:27:37    -2574.058008        0.883551
BFGS:   65 08:27:38    -2574.414021        2.487902
BFGS:   66 08:27:38    -2575.081508        4.515186
BFGS:   67 08:27:39    -2575.947964        5.245784
BFGS:   68 08:27:40    -2576.323131        2.194616
BFGS:   69 08:27:41    -2576.644123        3.436996
BFGS:   70 08:27:41    -2576.962909        3.245954
BFGS:   71 08:27:42    -2577.247495        2.400618
BFGS:   72 08:27:43    -2577.362522        2.111416
BFGS:   73 08:27:43    -2577.448905        1.374958
BFGS:   74 08:27:44    -2577.535153        1.571096
BFGS:   75 08:27:45    -2577.616237        1.282443
BFGS:   76 08:27:45    -2577.677283        1.317049
BFGS:   77 08:27:46    -2577.727036        1.007023
BFGS:   78 08:27:47    -2577.776912        1.103737
BFGS:   79 08:27:48    -2577.834538        0.924079
BFGS:   80 08:27:48    -2577.895846        0.879368
BFGS:   81 08:27:49    -2577.942688        0.761501
BFGS:   82 08:27:49    -2577.975742        0.756420
BFGS:   83 08:27:50    -2577.997027        0.758858
BFGS:   84 08:27:51    -2578.019961        0.711005
BFGS:   85 08:27:51    -2578.049537        0.687189
BFGS:   86 08:27:52    -2578.082037        0.572256
BFGS:   87 08:27:52    -2578.109229        0.478542
BFGS:   88 08:27:53    -2578.139280        0.360639
BFGS:   89 08:27:54    -2578.166197        0.360723
BFGS:   90 08:27:54    -2578.194422        0.375912
BFGS:   91 08:27:55    -2578.224221        0.411140
BFGS:   92 08:27:55    -2578.251237        0.345017
BFGS:   93 08:27:56    -2578.271732        0.285156
BFGS:   94 08:27:57    -2578.285919        0.229102
BFGS:   95 08:27:57    -2578.296656        0.169587
BFGS:   96 08:27:58    -2578.306272        0.157955
BFGS:   97 08:27:58    -2578.313575        0.146281
BFGS:   98 08:27:59    -2578.316927        0.079878
BFGS:   99 08:27:59    -2578.317996        0.056949
BFGS:  100 08:28:00    -2578.318563        0.071359
BFGS:  101 08:28:00    -2578.319178        0.076910
BFGS:  102 08:28:01    -2578.319702        0.069328
BFGS:  103 08:28:01    -2578.320017        0.053061
BFGS:  104 08:28:01    -2578.320167        0.045581
BFGS:  105 08:28:02    -2578.320281        0.042352
BFGS:  106 08:28:02    -2578.320385        0.043928
BFGS:  107 08:28:03    -2578.320467        0.046152
BFGS:  108 08:28:03    -2578.320546        0.050443
BFGS:  109 08:28:03    -2578.320648        0.055041
BFGS:  110 08:28:04    -2578.320799        0.063996
BFGS:  111 08:28:04    -2578.320992        0.068169
BFGS:  112 08:28:05    -2578.321235        0.070640
BFGS:  113 08:28:05    -2578.321534        0.068022
BFGS:  114 08:28:06    -2578.321960        0.064618
BFGS:  115 08:28:06    -2578.322487        0.061662
BFGS:  116 08:28:07    -2578.323064        0.061909
BFGS:  117 08:28:07    -2578.323702        0.065909
BFGS:  118 08:28:08    -2578.324500        0.073436
BFGS:  119 08:28:08    -2578.325606        0.085062
BFGS:  120 08:28:08    -2578.326885        0.089763
BFGS:  121 08:28:09    -2578.327885        0.080116
BFGS:  122 08:28:09    -2578.328376        0.061671
BFGS:  123 08:28:10    -2578.328648        0.061524
BFGS:  124 08:28:10    -2578.328955        0.059618
BFGS:  125 08:28:11    -2578.329295        0.056440
BFGS:  126 08:28:11    -2578.329583        0.063632
BFGS:  127 08:28:12    -2578.329813        0.066552
BFGS:  128 08:28:12    -2578.330040        0.064835
BFGS:  129 08:28:13    -2578.330272        0.063441
BFGS:  130 08:28:13    -2578.330489        0.071152
BFGS:  131 08:28:14    -2578.330639        0.067820
BFGS:  132 08:28:14    -2578.330795        0.057611
BFGS:  133 08:28:14    -2578.330999        0.046554
BFGS:  134 08:28:15    -2578.331278        0.047638
BFGS:  135 08:28:15    -2578.331632        0.054937
BFGS:  136 08:28:16    -2578.332067        0.063794
BFGS:  137 08:28:16    -2578.332687        0.072147
BFGS:  138 08:28:17    -2578.333554        0.071332
BFGS:  139 08:28:17    -2578.334549        0.058303
BFGS:  140 08:28:18    -2578.335428        0.049765
BFGS:  141 08:28:18    -2578.336160        0.052977
BFGS:  142 08:28:19    -2578.337049        0.058823
BFGS:  143 08:28:19    -2578.338441        0.066480
BFGS:  144 08:28:20    -2578.340500        0.099531
BFGS:  145 08:28:20    -2578.342709        0.086047
BFGS:  146 08:28:21    -2578.345126        0.094932
BFGS:  147 08:28:21    -2578.347385        0.098758
BFGS:  148 08:28:22    -2578.350328        0.093939
BFGS:  149 08:28:22    -2578.354174        0.127176
BFGS:  150 08:28:23    -2578.359380        0.151714
BFGS:  151 08:28:24    -2578.363787        0.119798
BFGS:  152 08:28:24    -2578.367069        0.098659
BFGS:  153 08:28:25    -2578.368869        0.074386
BFGS:  154 08:28:25    -2578.370116        0.072681
BFGS:  155 08:28:26    -2578.371156        0.086104
BFGS:  156 08:28:26    -2578.372086        0.098045
BFGS:  157 08:28:27    -2578.372764        0.047512
BFGS:  158 08:28:27    -2578.373350        0.070596
BFGS:  159 08:28:27    -2578.373821        0.040795
BFGS:  160 08:28:28    -2578.374383        0.051528
BFGS:  161 08:28:28    -2578.375109        0.061633
BFGS:  162 08:28:29    -2578.376019        0.078096
BFGS:  163 08:28:29    -2578.376940        0.071812
BFGS:  164 08:28:30    -2578.377756        0.053232
BFGS:  165 08:28:30    -2578.378508        0.050687
BFGS:  166 08:28:31    -2578.379275        0.064524
BFGS:  167 08:28:31    -2578.380053        0.085335
BFGS:  168 08:28:32    -2578.380674        0.063518
BFGS:  169 08:28:32    -2578.381029        0.030553
BFGS:  170 08:28:33    -2578.381219        0.021774
BFGS:  171 08:28:33    -2578.381341        0.027567
BFGS:  172 08:28:34    -2578.381446        0.024012
BFGS:  173 08:28:34    -2578.381550        0.024259
BFGS:  174 08:28:35    -2578.381658        0.026792
BFGS:  175 08:28:35    -2578.381760        0.038998
BFGS:  176 08:28:35    -2578.381846        0.033316
BFGS:  177 08:28:36    -2578.381908        0.030014
BFGS:  178 08:28:36    -2578.381951        0.031218
BFGS:  179 08:28:36    -2578.381993        0.030697
BFGS:  180 08:28:37    -2578.382046        0.030218
BFGS:  181 08:28:37    -2578.382117        0.031437
BFGS:  182 08:28:38    -2578.382179        0.033106
BFGS:  183 08:28:38    -2578.382212        0.036288
BFGS:  184 08:28:38    -2578.382231        0.037872
BFGS:  185 08:28:39    -2578.382249        0.039091
BFGS:  186 08:28:39    -2578.382273        0.038989
BFGS:  187 08:28:39    -2578.382304        0.037666
BFGS:  188 08:28:40    -2578.382331        0.038031
BFGS:  189 08:28:40    -2578.382355        0.038255
BFGS:  190 08:28:41    -2578.382385        0.038215
BFGS:  191 08:28:41    -2578.382432        0.036494
BFGS:  192 08:28:41    -2578.382491        0.034881
BFGS:  193 08:28:42    -2578.382547        0.037580
BFGS:  194 08:28:42    -2578.382596        0.038918
BFGS:  195 08:28:42    -2578.382639        0.039535
BFGS:  196 08:28:43    -2578.382681        0.037294
BFGS:  197 08:28:43    -2578.382718        0.034360
BFGS:  198 08:28:44    -2578.382739        0.032375
BFGS:  199 08:28:44    -2578.382752        0.032912
BFGS:  200 08:28:44    -2578.382764        0.033605
