      Step     Time          Energy          fmax
BFGS:    0 08:49:45     -781.907174     6678.114017
BFGS:    1 08:49:47    -2239.294205      862.630308
BFGS:    2 08:49:48    -2612.946180     1763.857597
BFGS:    3 08:49:49    -2657.773157     1566.958157
BFGS:    4 08:49:51    -2798.500194     1021.097609
BFGS:    5 08:49:53    -2916.686181      470.470189
BFGS:    6 08:49:54    -2966.167620      108.518400
BFGS:    7 08:49:56    -2983.670265       61.047138
BFGS:    8 08:49:58    -2994.256823       40.646545
BFGS:    9 08:50:00    -3004.800023       23.461449
BFGS:   10 08:50:01    -3011.518457       12.475708
BFGS:   11 08:50:03    -3014.772918       10.856167
BFGS:   12 08:50:05    -3017.130115        7.315683
BFGS:   13 08:50:06    -3018.846111        5.980248
BFGS:   14 08:50:08    -3020.324979        5.384261
BFGS:   15 08:50:09    -3021.434250        5.378651
BFGS:   16 08:50:11    -3022.545791        4.959409
BFGS:   17 08:50:12    -3023.367642        4.099789
BFGS:   18 08:50:13    -3023.789209        4.387163
BFGS:   19 08:50:15    -3024.091162        4.439338
BFGS:   20 08:50:16    -3024.256493        4.234007
BFGS:   21 08:50:17    -3024.443393        3.799237
BFGS:   22 08:50:18    -3024.588801        3.659479
BFGS:   23 08:50:19    -3024.739739        3.378552
BFGS:   24 08:50:20    -3024.872664        2.818161
BFGS:   25 08:50:21    -3024.981946        2.187651
BFGS:   26 08:50:22    -3025.067470        1.780842
BFGS:   27 08:50:24    -3025.127833        1.647004
BFGS:   28 08:50:25    -3025.171671        1.608304
BFGS:   29 08:50:26    -3025.212063        1.551305
BFGS:   30 08:50:27    -3025.253179        1.490915
BFGS:   31 08:50:28    -3025.290633        1.440438
BFGS:   32 08:50:29    -3025.322854        1.441098
BFGS:   33 08:50:29    -3025.354402        1.448761
BFGS:   34 08:50:30    -3025.393570        1.445242
BFGS:   35 08:50:31    -3025.442599        1.429983
BFGS:   36 08:50:33    -3025.494420        1.471415
BFGS:   37 08:50:34    -3025.542776        1.557682
BFGS:   38 08:50:35    -3025.588916        1.568705
BFGS:   39 08:50:36    -3025.637005        1.494708
BFGS:   40 08:50:37    -3025.687556        1.359524
BFGS:   41 08:50:38    -3025.732844        1.335920
BFGS:   42 08:50:39    -3025.764693        1.371139
BFGS:   43 08:50:40    -3025.785114        1.404508
BFGS:   44 08:50:40    -3025.802246        1.438443
BFGS:   45 08:50:41    -3025.820632        1.473058
BFGS:   46 08:50:42    -3025.839839        1.507987
BFGS:   47 08:50:43    -3025.856279        1.530917
BFGS:   48 08:50:44    -3025.867552        1.539671
BFGS:   49 08:50:45    -3025.875121        1.534238
BFGS:   50 08:50:46    -3025.882368        1.514560
BFGS:   51 08:50:46    -3025.891199        1.472569
BFGS:   52 08:50:47    -3025.900603        1.408037
BFGS:   53 08:50:48    -3025.908127        1.343453
BFGS:   54 08:50:49    -3025.912563        1.299396
BFGS:   55 08:50:50    -3025.915215        1.277886
BFGS:   56 08:50:51    -3025.917502        1.268135
BFGS:   57 08:50:52    -3025.920032        1.271411
BFGS:   58 08:50:52    -3025.922607        1.286927
BFGS:   59 08:50:53    -3025.924808        1.310533
BFGS:   60 08:50:54    -3025.926420        1.329841
BFGS:   61 08:50:55    -3025.927723        1.342029
BFGS:   62 08:50:55    -3025.929126        1.346979
BFGS:   63 08:50:56    -3025.930866        1.348208
BFGS:   64 08:50:57    -3025.932870        1.354571
BFGS:   65 08:50:58    -3025.934805        1.361386
BFGS:   66 08:50:59    -3025.936479        1.351366
BFGS:   67 08:50:59    -3025.938053        1.351588
BFGS:   68 08:51:00    -3025.939828        1.364763
BFGS:   69 08:51:01    -3025.941885        1.391674
BFGS:   70 08:51:02    -3025.944087        1.422918
BFGS:   71 08:51:03    -3025.946441        1.455767
BFGS:   72 08:51:04    -3025.949145        1.496008
BFGS:   73 08:51:05    -3025.952425        1.564338
BFGS:   74 08:51:05    -3025.956138        1.616076
BFGS:   75 08:51:06    -3025.960112        1.653967
BFGS:   76 08:51:07    -3025.964617        1.667086
BFGS:   77 08:51:08    -3025.970585        1.685945
BFGS:   78 08:51:09    -3025.979086        1.736740
BFGS:   79 08:51:10    -3025.989990        1.788029
BFGS:   80 08:51:11    -3026.001700        1.825280
BFGS:   81 08:51:12    -3026.013183        1.839446
BFGS:   82 08:51:13    -3026.025941        1.834864
BFGS:   83 08:51:14    -3026.041458        1.818027
BFGS:   84 08:51:15    -3026.058674        1.795602
BFGS:   85 08:51:17    -3026.074293        1.780227
BFGS:   86 08:51:17    -3026.086869        1.778299
BFGS:   87 08:51:18    -3026.097867        1.776250
BFGS:   88 08:51:19    -3026.110017        1.749518
BFGS:   89 08:51:20    -3026.123141        1.684131
BFGS:   90 08:51:21    -3026.135942        1.603369
BFGS:   91 08:51:22    -3026.148097        1.615368
BFGS:   92 08:51:24    -3026.160807        1.621388
BFGS:   93 08:51:25    -3026.174217        1.576675
BFGS:   94 08:51:26    -3026.186494        1.553434
BFGS:   95 08:51:27    -3026.201495        1.498930
BFGS:   96 08:51:28    -3026.219087        1.440638
BFGS:   97 08:51:29    -3026.236324        1.455691
BFGS:   98 08:51:30    -3026.257456        1.509022
BFGS:   99 08:51:31    -3026.279931        1.526776
BFGS:  100 08:51:32    -3026.301530        1.510130
BFGS:  101 08:51:34    -3026.321106        1.453020
BFGS:  102 08:51:35    -3026.341066        1.416280
BFGS:  103 08:51:36    -3026.364945        1.388510
BFGS:  104 08:51:37    -3026.393870        1.287442
BFGS:  105 08:51:38    -3026.425798        1.194793
BFGS:  106 08:51:39    -3026.458952        1.084450
BFGS:  107 08:51:40    -3026.491248        0.943608
BFGS:  108 08:51:41    -3026.524138        0.917280
BFGS:  109 08:51:42    -3026.556313        0.770528
BFGS:  110 08:51:43    -3026.586843        0.674823
BFGS:  111 08:51:44    -3026.612708        0.518020
BFGS:  112 08:51:46    -3026.638682        0.503680
BFGS:  113 08:51:47    -3026.662544        0.437880
BFGS:  114 08:51:48    -3026.680092        0.386176
BFGS:  115 08:51:49    -3026.691208        0.310397
BFGS:  116 08:51:50    -3026.699924        0.293825
BFGS:  117 08:51:51    -3026.709275        0.282877
BFGS:  118 08:51:52    -3026.719184        0.299591
BFGS:  119 08:51:53    -3026.726809        0.304330
BFGS:  120 08:51:54    -3026.731559        0.220840
BFGS:  121 08:51:54    -3026.734730        0.197804
BFGS:  122 08:51:55    -3026.737159        0.149040
BFGS:  123 08:51:56    -3026.738806        0.110225
BFGS:  124 08:51:57    -3026.739724        0.101234
BFGS:  125 08:51:58    -3026.740353        0.099471
BFGS:  126 08:51:59    -3026.740946        0.104913
BFGS:  127 08:52:00    -3026.741536        0.103327
BFGS:  128 08:52:01    -3026.742113        0.089993
BFGS:  129 08:52:01    -3026.742723        0.086319
BFGS:  130 08:52:02    -3026.743373        0.091756
BFGS:  131 08:52:03    -3026.743957        0.091184
BFGS:  132 08:52:03    -3026.744371        0.084330
BFGS:  133 08:52:04    -3026.744662        0.079029
BFGS:  134 08:52:04    -3026.744926        0.077946
BFGS:  135 08:52:05    -3026.745180        0.080150
BFGS:  136 08:52:06    -3026.745383        0.061574
BFGS:  137 08:52:06    -3026.745523        0.049921
BFGS:  138 08:52:07    -3026.745634        0.049666
BFGS:  139 08:52:08    -3026.745747        0.050758
BFGS:  140 08:52:08    -3026.745860        0.049405
BFGS:  141 08:52:09    -3026.745967        0.047808
BFGS:  142 08:52:10    -3026.746077        0.043020
BFGS:  143 08:52:10    -3026.746206        0.045236
BFGS:  144 08:52:11    -3026.746353        0.048007
BFGS:  145 08:52:12    -3026.746491        0.034991
BFGS:  146 08:52:12    -3026.746607        0.027855
BFGS:  147 08:52:13    -3026.746718        0.030376
BFGS:  148 08:52:14    -3026.746850        0.035959
BFGS:  149 08:52:14    -3026.746995        0.030944
BFGS:  150 08:52:15    -3026.747114        0.017070
BFGS:  151 08:52:15    -3026.747190        0.014888
BFGS:  152 08:52:16    -3026.747243        0.014453
BFGS:  153 08:52:16    -3026.747285        0.014209
BFGS:  154 08:52:17    -3026.747316        0.012464
BFGS:  155 08:52:17    -3026.747332        0.009641
