      Step     Time          Energy          fmax
BFGS:    0 08:16:52    -2185.179450        8.427272
BFGS:    1 08:16:53    -2189.792192       11.837695
BFGS:    2 08:16:53    -2197.549421        7.740986
BFGS:    3 08:16:54    -2203.964408       23.721813
BFGS:    4 08:16:55    -2206.113002       23.737379
BFGS:    5 08:16:56    -2213.321235        6.864293
BFGS:    6 08:16:56    -2216.733887        3.715617
BFGS:    7 08:16:57    -2217.716719       10.307192
BFGS:    8 08:16:57    -2218.932114        2.484360
BFGS:    9 08:16:57    -2219.527208        3.225400
BFGS:   10 08:16:58    -2220.498881        2.775237
BFGS:   11 08:16:58    -2220.916141        2.694336
BFGS:   12 08:16:59    -2221.548209        1.771009
BFGS:   13 08:16:59    -2221.785797        2.751489
BFGS:   14 08:17:00    -2221.879075        3.525917
BFGS:   15 08:17:00    -2222.125849        0.909635
BFGS:   16 08:17:01    -2222.211162        1.069754
BFGS:   17 08:17:01    -2222.325784        1.425199
BFGS:   18 08:17:02    -2222.436625        0.947316
BFGS:   19 08:17:02    -2222.555808        0.895658
BFGS:   20 08:17:03    -2222.632439        0.638005
BFGS:   21 08:17:03    -2222.696039        0.487141
BFGS:   22 08:17:03    -2222.733628        0.439395
BFGS:   23 08:17:04    -2222.766156        0.560046
BFGS:   24 08:17:04    -2222.794042        0.362905
BFGS:   25 08:17:05    -2222.825987        0.379284
BFGS:   26 08:17:05    -2222.869309        0.557285
BFGS:   27 08:17:06    -2222.917932        0.665556
BFGS:   28 08:17:06    -2222.974001        0.526853
BFGS:   29 08:17:06    -2223.021388        0.457121
BFGS:   30 08:17:07    -2223.049679        0.347870
BFGS:   31 08:17:07    -2223.067979        0.298885
BFGS:   32 08:17:07    -2223.081695        0.233131
BFGS:   33 08:17:08    -2223.091860        0.182023
BFGS:   34 08:17:08    -2223.099792        0.250376
BFGS:   35 08:17:08    -2223.106215        0.197597
BFGS:   36 08:17:09    -2223.110835        0.137210
BFGS:   37 08:17:09    -2223.114548        0.102302
BFGS:   38 08:17:09    -2223.119076        0.151580
BFGS:   39 08:17:10    -2223.126446        0.280809
BFGS:   40 08:17:10    -2223.139070        0.423165
BFGS:   41 08:17:10    -2223.159040        0.532524
BFGS:   42 08:17:11    -2223.185046        0.449981
BFGS:   43 08:17:11    -2223.227297        0.441572
BFGS:   44 08:17:12    -2223.261208        0.343542
BFGS:   45 08:17:12    -2223.284278        0.467057
BFGS:   46 08:17:12    -2223.294862        0.281994
BFGS:   47 08:17:13    -2223.305087        0.398631
BFGS:   48 08:17:13    -2223.315525        0.328916
BFGS:   49 08:17:13    -2223.331318        0.241265
BFGS:   50 08:17:14    -2223.338011        0.203405
BFGS:   51 08:17:14    -2223.343979        0.150269
BFGS:   52 08:17:14    -2223.348267        0.122776
BFGS:   53 08:17:15    -2223.352875        0.146996
BFGS:   54 08:17:15    -2223.357199        0.144368
BFGS:   55 08:17:15    -2223.362074        0.133424
BFGS:   56 08:17:16    -2223.368299        0.141471
BFGS:   57 08:17:16    -2223.377526        0.194617
BFGS:   58 08:17:16    -2223.388954        0.213793
BFGS:   59 08:17:17    -2223.400595        0.244180
BFGS:   60 08:17:17    -2223.411845        0.232767
BFGS:   61 08:17:17    -2223.424057        0.225539
BFGS:   62 08:17:18    -2223.441062        0.312898
BFGS:   63 08:17:18    -2223.468645        0.427158
BFGS:   64 08:17:19    -2223.498809        0.389483
BFGS:   65 08:17:19    -2223.524645        0.384920
BFGS:   66 08:17:19    -2223.542845        0.409413
BFGS:   67 08:17:20    -2223.565122        0.367725
BFGS:   68 08:17:20    -2223.591090        0.367077
BFGS:   69 08:17:21    -2223.640154        0.461406
BFGS:   70 08:17:21    -2223.669641        0.596020
BFGS:   71 08:17:22    -2223.736757        0.680879
BFGS:   72 08:17:22    -2223.796603        0.519383
BFGS:   73 08:17:23    -2223.843931        0.491902
BFGS:   74 08:17:23    -2223.872107        0.904965
BFGS:   75 08:17:23    -2223.900435        0.557999
BFGS:   76 08:17:24    -2223.925901        0.492471
BFGS:   77 08:17:24    -2223.959432        0.321430
BFGS:   78 08:17:25    -2223.967063        0.193356
BFGS:   79 08:17:25    -2223.976024        0.161712
BFGS:   80 08:17:25    -2223.983800        0.191024
BFGS:   81 08:17:26    -2223.993152        0.320751
BFGS:   82 08:17:26    -2224.001986        0.234461
BFGS:   83 08:17:27    -2224.008753        0.230484
BFGS:   84 08:17:27    -2224.013849        0.132128
BFGS:   85 08:17:27    -2224.018486        0.133966
BFGS:   86 08:17:28    -2224.022978        0.142768
BFGS:   87 08:17:28    -2224.025852        0.093885
BFGS:   88 08:17:28    -2224.027759        0.071520
BFGS:   89 08:17:29    -2224.029033        0.062596
BFGS:   90 08:17:29    -2224.030314        0.080031
BFGS:   91 08:17:29    -2224.031462        0.078046
BFGS:   92 08:17:30    -2224.032363        0.065366
BFGS:   93 08:17:30    -2224.033129        0.052613
BFGS:   94 08:17:30    -2224.033911        0.058389
BFGS:   95 08:17:30    -2224.034627        0.060570
BFGS:   96 08:17:31    -2224.035152        0.042450
BFGS:   97 08:17:31    -2224.035556        0.035621
BFGS:   98 08:17:31    -2224.035967        0.036777
BFGS:   99 08:17:32    -2224.036425        0.052901
BFGS:  100 08:17:32    -2224.036909        0.062954
BFGS:  101 08:17:32    -2224.037428        0.055551
BFGS:  102 08:17:33    -2224.038079        0.063127
BFGS:  103 08:17:33    -2224.038977        0.069142
BFGS:  104 08:17:33    -2224.040229        0.082856
BFGS:  105 08:17:34    -2224.041889        0.095925
BFGS:  106 08:17:36    -2224.044026        0.107111
BFGS:  107 08:17:37    -2224.046684        0.111095
BFGS:  108 08:17:37    -2224.049821        0.142440
BFGS:  109 08:17:37    -2224.053167        0.124969
BFGS:  110 08:17:38    -2224.056318        0.099785
BFGS:  111 08:17:38    -2224.059112        0.106685
BFGS:  112 08:17:39    -2224.061618        0.092102
BFGS:  113 08:17:39    -2224.064124        0.098860
BFGS:  114 08:17:39    -2224.066944        0.100190
BFGS:  115 08:17:40    -2224.070394        0.116826
BFGS:  116 08:17:40    -2224.074266        0.149215
BFGS:  117 08:17:41    -2224.078213        0.151458
BFGS:  118 08:17:41    -2224.081785        0.170739
BFGS:  119 08:17:41    -2224.086062        0.176982
BFGS:  120 08:17:42    -2224.091475        0.182662
BFGS:  121 08:17:42    -2224.098076        0.129250
BFGS:  122 08:17:42    -2224.102044        0.112800
BFGS:  123 08:17:43    -2224.104690        0.115143
BFGS:  124 08:17:43    -2224.106565        0.096028
BFGS:  125 08:17:44    -2224.108670        0.091192
BFGS:  126 08:17:44    -2224.110804        0.082080
BFGS:  127 08:17:44    -2224.112432        0.093354
BFGS:  128 08:17:45    -2224.113500        0.065549
BFGS:  129 08:17:45    -2224.114407        0.072695
BFGS:  130 08:17:45    -2224.115504        0.097282
BFGS:  131 08:17:46    -2224.117232        0.129480
BFGS:  132 08:17:46    -2224.119450        0.139578
BFGS:  133 08:17:46    -2224.122768        0.110223
BFGS:  134 08:17:47    -2224.126465        0.118556
BFGS:  135 08:17:47    -2224.129837        0.118773
BFGS:  136 08:17:48    -2224.132632        0.094436
BFGS:  137 08:17:48    -2224.135960        0.114838
BFGS:  138 08:17:48    -2224.139978        0.157074
BFGS:  139 08:17:49    -2224.144211        0.180011
BFGS:  140 08:17:49    -2224.147376        0.121947
BFGS:  141 08:17:49    -2224.149502        0.075395
BFGS:  142 08:17:50    -2224.150682        0.072581
BFGS:  143 08:17:50    -2224.151961        0.069132
BFGS:  144 08:17:50    -2224.152420        0.035016
BFGS:  145 08:17:51    -2224.152630        0.034032
BFGS:  146 08:17:51    -2224.152808        0.030798
BFGS:  147 08:17:51    -2224.153084        0.040975
BFGS:  148 08:17:52    -2224.153395        0.038248
BFGS:  149 08:17:52    -2224.153702        0.036956
BFGS:  150 08:17:53    -2224.154023        0.038387
BFGS:  151 08:17:53    -2224.154405        0.063860
BFGS:  152 08:17:53    -2224.154828        0.069523
BFGS:  153 08:17:54    -2224.155211        0.041414
BFGS:  154 08:17:54    -2224.155505        0.034863
BFGS:  155 08:17:54    -2224.155763        0.048790
BFGS:  156 08:17:55    -2224.156089        0.078086
BFGS:  157 08:17:55    -2224.156571        0.094328
BFGS:  158 08:17:55    -2224.157283        0.089772
BFGS:  159 08:17:56    -2224.158224        0.073062
BFGS:  160 08:17:56    -2224.159355        0.079833
BFGS:  161 08:17:56    -2224.160570        0.069875
BFGS:  162 08:17:57    -2224.161774        0.083248
BFGS:  163 08:17:57    -2224.163198        0.089463
BFGS:  164 08:17:57    -2224.164869        0.127738
BFGS:  165 08:17:58    -2224.167204        0.123378
BFGS:  166 08:17:58    -2224.169572        0.109092
BFGS:  167 08:17:59    -2224.172122        0.106730
BFGS:  168 08:17:59    -2224.173064        0.084930
BFGS:  169 08:17:59    -2224.174083        0.048187
BFGS:  170 08:18:00    -2224.174683        0.112751
BFGS:  171 08:18:00    -2224.175438        0.058638
BFGS:  172 08:18:00    -2224.175880        0.065573
BFGS:  173 08:18:01    -2224.176115        0.043563
BFGS:  174 08:18:01    -2224.176331        0.038295
BFGS:  175 08:18:01    -2224.176554        0.043198
BFGS:  176 08:18:02    -2224.176815        0.044110
BFGS:  177 08:18:02    -2224.177210        0.093541
BFGS:  178 08:18:02    -2224.177858        0.102529
BFGS:  179 08:18:03    -2224.178761        0.105408
BFGS:  180 08:18:03    -2224.179706        0.081447
BFGS:  181 08:18:03    -2224.180570        0.068965
BFGS:  182 08:18:04    -2224.181324        0.089075
BFGS:  183 08:18:04    -2224.182257        0.167987
BFGS:  184 08:18:04    -2224.183391        0.140412
BFGS:  185 08:18:05    -2224.184547        0.172892
BFGS:  186 08:18:05    -2224.185326        0.102399
BFGS:  187 08:18:06    -2224.185989        0.109673
BFGS:  188 08:18:06    -2224.186568        0.073696
BFGS:  189 08:18:06    -2224.187096        0.062838
BFGS:  190 08:18:06    -2224.187545        0.058441
BFGS:  191 08:18:07    -2224.187904        0.065782
BFGS:  192 08:18:07    -2224.188219        0.079005
BFGS:  193 08:18:07    -2224.188497        0.072752
BFGS:  194 08:18:08    -2224.188757        0.054264
BFGS:  195 08:18:08    -2224.189022        0.049480
BFGS:  196 08:18:08    -2224.189276        0.058077
BFGS:  197 08:18:09    -2224.189472        0.039941
BFGS:  198 08:18:09    -2224.189621        0.028067
BFGS:  199 08:18:09    -2224.189757        0.025713
BFGS:  200 08:18:10    -2224.189876        0.036600
