      Step     Time          Energy          fmax
BFGS:    0 08:39:13    -3421.832369        8.212169
BFGS:    1 08:39:17    -3426.484500        4.409299
BFGS:    2 08:39:20    -3428.166149        3.921486
BFGS:    3 08:39:23    -3429.352501        3.686685
BFGS:    4 08:39:26    -3430.546620        3.020954
BFGS:    5 08:39:28    -3431.124090        5.204299
BFGS:    6 08:39:31    -3431.868452        2.616752
BFGS:    7 08:39:34    -3432.168808        0.982023
BFGS:    8 08:39:36    -3432.422849        1.052274
BFGS:    9 08:39:39    -3432.657690        1.178593
BFGS:   10 08:39:41    -3433.282714        2.264856
BFGS:   11 08:39:43    -3434.646255        4.974326
BFGS:   12 08:39:45    -3435.266321        8.452608
BFGS:   13 08:39:47    -3435.481493        7.059534
BFGS:   14 08:39:48    -3435.753474        7.506084
BFGS:   15 08:39:50    -3435.930124        9.062448
BFGS:   16 08:39:51    -3436.238716        7.646102
BFGS:   17 08:39:52    -3436.462145        7.822220
BFGS:   18 08:39:54    -3437.223838        6.834223
BFGS:   19 08:39:55    -3437.622790        7.337272
BFGS:   20 08:39:57    -3438.277524        6.677603
BFGS:   21 08:39:59    -3438.962968        5.721357
BFGS:   22 08:40:00    -3439.654574        4.830070
BFGS:   23 08:40:02    -3440.499163        5.140856
BFGS:   24 08:40:04    -3441.398279        4.882399
BFGS:   25 08:40:06    -3442.079689        5.583598
BFGS:   26 08:40:07    -3442.768189        6.829591
BFGS:   27 08:40:09    -3443.379116        7.209163
BFGS:   28 08:40:10    -3443.999710        6.303664
BFGS:   29 08:40:12    -3444.279761        5.826760
BFGS:   30 08:40:13    -3444.482296        5.308638
BFGS:   31 08:40:14    -3444.641234        5.430793
BFGS:   32 08:40:16    -3444.859646        5.707032
BFGS:   33 08:40:17    -3445.059048        6.338037
BFGS:   34 08:40:19    -3445.214180        6.489491
BFGS:   35 08:40:20    -3445.378870        6.404183
BFGS:   36 08:40:21    -3445.501216        6.237195
BFGS:   37 08:40:22    -3445.616496        5.791046
BFGS:   38 08:40:24    -3445.710565        5.819333
BFGS:   39 08:40:25    -3445.825984        5.713739
BFGS:   40 08:40:26    -3445.975714        5.849610
BFGS:   41 08:40:27    -3446.091481        5.898945
BFGS:   42 08:40:28    -3446.181535        5.919182
BFGS:   43 08:40:29    -3446.248026        5.847101
BFGS:   44 08:40:31    -3446.304103        5.698380
BFGS:   45 08:40:32    -3446.351023        5.559703
BFGS:   46 08:40:33    -3446.393074        5.433743
BFGS:   47 08:40:34    -3446.429147        5.419424
BFGS:   48 08:40:35    -3446.462367        5.441990
BFGS:   49 08:40:36    -3446.491978        5.515619
BFGS:   50 08:40:37    -3446.516603        5.542980
BFGS:   51 08:40:38    -3446.538071        5.544776
BFGS:   52 08:40:39    -3446.556907        5.475044
BFGS:   53 08:40:40    -3446.574765        5.399580
BFGS:   54 08:40:41    -3446.593805        5.290618
BFGS:   55 08:40:42    -3446.614651        5.237560
BFGS:   56 08:40:43    -3446.637114        5.210720
BFGS:   57 08:40:44    -3446.660948        5.279516
BFGS:   58 08:40:45    -3446.686408        5.357562
BFGS:   59 08:40:46    -3446.714610        5.464515
BFGS:   60 08:40:47    -3446.745868        5.496782
BFGS:   61 08:40:49    -3446.777013        5.471599
BFGS:   62 08:40:50    -3446.804698        5.358904
BFGS:   63 08:40:51    -3446.828052        5.239007
BFGS:   64 08:40:52    -3446.847819        5.150426
BFGS:   65 08:40:53    -3446.866521        5.109605
BFGS:   66 08:40:54    -3446.886998        5.133314
BFGS:   67 08:40:55    -3446.911720        5.174540
BFGS:   68 08:40:56    -3446.944287        5.244820
BFGS:   69 08:40:57    -3446.987828        5.258374
BFGS:   70 08:40:58    -3447.040651        5.221471
BFGS:   71 08:41:00    -3447.097192        5.075038
BFGS:   72 08:41:01    -3447.153248        4.914010
BFGS:   73 08:41:02    -3447.207627        4.735519
BFGS:   74 08:41:03    -3447.259045        4.635327
BFGS:   75 08:41:04    -3447.304804        4.575413
BFGS:   76 08:41:06    -3447.336849        4.607387
BFGS:   77 08:41:07    -3447.358564        4.628134
BFGS:   78 08:41:08    -3447.375771        4.648125
BFGS:   79 08:41:09    -3447.393293        4.620930
BFGS:   80 08:41:10    -3447.412551        4.568204
BFGS:   81 08:41:11    -3447.435357        4.497826
BFGS:   82 08:41:12    -3447.461747        4.439429
BFGS:   83 08:41:13    -3447.491554        4.416402
BFGS:   84 08:41:14    -3447.524957        4.405468
BFGS:   85 08:41:15    -3447.562587        4.424699
BFGS:   86 08:41:16    -3447.604461        4.386142
BFGS:   87 08:41:17    -3447.649331        4.364163
BFGS:   88 08:41:19    -3447.696225        4.212046
BFGS:   89 08:41:20    -3447.748976        4.126367
BFGS:   90 08:41:21    -3447.806315        3.914166
BFGS:   91 08:41:22    -3447.860646        3.928132
BFGS:   92 08:41:24    -3447.906208        3.828026
BFGS:   93 08:41:25    -3447.947903        3.974676
BFGS:   94 08:41:26    -3447.995451        3.939982
BFGS:   95 08:41:27    -3448.062809        4.057975
BFGS:   96 08:41:28    -3448.150987        3.963261
BFGS:   97 08:41:30    -3448.245855        3.900037
BFGS:   98 08:41:31    -3448.335801        3.658846
BFGS:   99 08:41:32    -3448.428813        3.535395
BFGS:  100 08:41:34    -3448.537329        3.276853
BFGS:  101 08:41:35    -3448.668654        3.479035
BFGS:  102 08:41:36    -3448.815510        3.130446
BFGS:  103 08:41:37    -3448.964557        3.302913
BFGS:  104 08:41:39    -3449.114285        3.152181
BFGS:  105 08:41:40    -3449.266395        3.237571
BFGS:  106 08:41:41    -3449.405702        2.954673
BFGS:  107 08:41:42    -3449.541258        2.948416
BFGS:  108 08:41:44    -3449.638243        2.596243
BFGS:  109 08:41:45    -3449.716333        2.679487
BFGS:  110 08:41:46    -3449.785643        2.740746
BFGS:  111 08:41:48    -3449.813635        2.809750
BFGS:  112 08:41:49    -3449.867707        2.811980
BFGS:  113 08:41:50    -3449.900395        2.907501
BFGS:  114 08:41:51    -3449.944108        2.901762
BFGS:  115 08:41:52    -3449.974455        2.753064
BFGS:  116 08:41:53    -3449.999224        2.753518
BFGS:  117 08:41:54    -3450.025121        2.719173
BFGS:  118 08:41:55    -3450.045148        2.726124
BFGS:  119 08:41:56    -3450.061044        2.730112
BFGS:  120 08:41:57    -3450.073833        2.737916
BFGS:  121 08:41:58    -3450.086775        2.718409
BFGS:  122 08:41:59    -3450.102754        2.707423
BFGS:  123 08:42:00    -3450.120535        2.680025
BFGS:  124 08:42:01    -3450.138288        2.690518
BFGS:  125 08:42:02    -3450.153732        2.691640
BFGS:  126 08:42:03    -3450.167358        2.728375
BFGS:  127 08:42:04    -3450.180950        2.729119
BFGS:  128 08:42:05    -3450.195563        2.748571
BFGS:  129 08:42:06    -3450.210586        2.710949
BFGS:  130 08:42:07    -3450.225742        2.698521
BFGS:  131 08:42:08    -3450.240779        2.650890
BFGS:  132 08:42:09    -3450.255250        2.658329
BFGS:  133 08:42:10    -3450.268379        2.659002
BFGS:  134 08:42:11    -3450.279589        2.708474
BFGS:  135 08:42:12    -3450.288121        2.725309
BFGS:  136 08:42:13    -3450.294526        2.750593
BFGS:  137 08:42:14    -3450.299452        2.739064
BFGS:  138 08:42:15    -3450.303675        2.731617
BFGS:  139 08:42:16    -3450.307383        2.712133
BFGS:  140 08:42:17    -3450.310816        2.702073
BFGS:  141 08:42:18    -3450.313956        2.702744
BFGS:  142 08:42:19    -3450.317161        2.690809
BFGS:  143 08:42:20    -3450.320668        2.701502
BFGS:  144 08:42:21    -3450.324339        2.672538
BFGS:  145 08:42:22    -3450.327635        2.678183
BFGS:  146 08:42:23    -3450.330360        2.648827
BFGS:  147 08:42:23    -3450.332784        2.654559
BFGS:  148 08:42:24    -3450.335076        2.648564
BFGS:  149 08:42:25    -3450.337114        2.657590
BFGS:  150 08:42:26    -3450.338643        2.665418
BFGS:  151 08:42:26    -3450.339766        2.665105
BFGS:  152 08:42:27    -3450.340670        2.665932
BFGS:  153 08:42:28    -3450.341463        2.656222
BFGS:  154 08:42:29    -3450.342147        2.649750
BFGS:  155 08:42:29    -3450.342751        2.643111
BFGS:  156 08:42:30    -3450.343314        2.637677
BFGS:  157 08:42:31    -3450.343851        2.637033
BFGS:  158 08:42:31    -3450.344359        2.632533
BFGS:  159 08:42:32    -3450.344873        2.631257
BFGS:  160 08:42:33    -3450.345448        2.624870
BFGS:  161 08:42:33    -3450.346107        2.619911
BFGS:  162 08:42:34    -3450.346777        2.613700
BFGS:  163 08:42:35    -3450.347363        2.614521
BFGS:  164 08:42:35    -3450.347861        2.617550
BFGS:  165 08:42:36    -3450.348311        2.626121
BFGS:  166 08:42:37    -3450.348732        2.633244
BFGS:  167 08:42:38    -3450.349110        2.640566
BFGS:  168 08:42:38    -3450.349464        2.641772
BFGS:  169 08:42:39    -3450.349827        2.643153
BFGS:  170 08:42:40    -3450.350217        2.639967
BFGS:  171 08:42:40    -3450.350606        2.639814
BFGS:  172 08:42:41    -3450.350974        2.639314
BFGS:  173 08:42:42    -3450.351349        2.642221
BFGS:  174 08:42:43    -3450.351775        2.644476
BFGS:  175 08:42:44    -3450.352265        2.648290
BFGS:  176 08:42:45    -3450.352762        2.648597
BFGS:  177 08:42:45    -3450.353207        2.648493
BFGS:  178 08:42:46    -3450.353598        2.644554
BFGS:  179 08:42:47    -3450.353952        2.643193
BFGS:  180 08:42:47    -3450.354273        2.642034
BFGS:  181 08:42:48    -3450.354523        2.644480
BFGS:  182 08:42:49    -3450.354710        2.646979
BFGS:  183 08:42:49    -3450.354873        2.649635
BFGS:  184 08:42:50    -3450.355034        2.651159
BFGS:  185 08:42:51    -3450.355194        2.652253
BFGS:  186 08:42:51    -3450.355344        2.651376
BFGS:  187 08:42:52    -3450.355475        2.651275
BFGS:  188 08:42:52    -3450.355591        2.650561
BFGS:  189 08:42:53    -3450.355692        2.651795
BFGS:  190 08:42:54    -3450.355777        2.652037
BFGS:  191 08:42:54    -3450.355848        2.652883
BFGS:  192 08:42:55    -3450.355909        2.652456
BFGS:  193 08:42:55    -3450.355956        2.651243
BFGS:  194 08:42:55    -3450.355992        2.650516
BFGS:  195 08:42:56    -3450.356029        2.648737
BFGS:  196 08:42:56    -3450.356061        2.648277
BFGS:  197 08:42:57    -3450.356087        2.648550
BFGS:  198 08:42:57    -3450.356107        2.649039
BFGS:  199 08:42:58    -3450.356123        2.649612
BFGS:  200 08:42:58    -3450.356138        2.650464
