      Step     Time          Energy          fmax
BFGS:    0 08:51:49    -2643.279028      319.471008
BFGS:    1 08:51:51    -2710.210384       37.349236
BFGS:    2 08:51:53    -2716.669152       74.994132
BFGS:    3 08:51:54    -2728.921103       33.971421
BFGS:    4 08:51:55    -2735.207515       14.786680
BFGS:    5 08:51:57    -2737.552938       11.506519
BFGS:    6 08:51:58    -2739.350309       10.260688
BFGS:    7 08:51:59    -2741.582588        3.164919
BFGS:    8 08:52:00    -2743.224849        2.214322
BFGS:    9 08:52:01    -2744.272021        2.658778
BFGS:   10 08:52:02    -2744.989465        2.659554
BFGS:   11 08:52:03    -2745.669464        2.542134
BFGS:   12 08:52:04    -2746.333920        2.712520
BFGS:   13 08:52:05    -2746.925125        2.522555
BFGS:   14 08:52:06    -2747.394934        2.138894
BFGS:   15 08:52:07    -2747.934724        1.846134
BFGS:   16 08:52:08    -2748.364164        1.583068
BFGS:   17 08:52:09    -2748.679984        1.454468
BFGS:   18 08:52:11    -2748.880058        1.783324
BFGS:   19 08:52:12    -2749.038435        1.288166
BFGS:   20 08:52:13    -2749.209640        1.180535
BFGS:   21 08:52:14    -2749.410477        1.076805
BFGS:   22 08:52:14    -2749.554569        1.216568
BFGS:   23 08:52:16    -2749.674713        0.817403
BFGS:   24 08:52:17    -2749.790693        0.654763
BFGS:   25 08:52:18    -2749.837555        0.579432
BFGS:   26 08:52:19    -2749.903337        0.554158
BFGS:   27 08:52:19    -2749.939301        0.590674
BFGS:   28 08:52:20    -2749.963814        0.365447
BFGS:   29 08:52:21    -2749.988427        0.433789
BFGS:   30 08:52:22    -2750.017665        0.435659
BFGS:   31 08:52:23    -2750.043252        0.363972
BFGS:   32 08:52:24    -2750.062532        0.231690
BFGS:   33 08:52:25    -2750.079628        0.312666
BFGS:   34 08:52:26    -2750.098889        0.347158
BFGS:   35 08:52:27    -2750.118318        0.414382
BFGS:   36 08:52:27    -2750.137161        0.443879
BFGS:   37 08:52:28    -2750.157674        0.416075
BFGS:   38 08:52:29    -2750.183615        0.387355
BFGS:   39 08:52:30    -2750.214323        0.313690
BFGS:   40 08:52:31    -2750.241816        0.288220
BFGS:   41 08:52:32    -2750.265170        0.265482
BFGS:   42 08:52:33    -2750.293218        0.321705
BFGS:   43 08:52:34    -2750.332232        0.411716
BFGS:   44 08:52:36    -2750.375356        0.414375
BFGS:   45 08:52:37    -2750.411009        0.412745
BFGS:   46 08:52:38    -2750.434501        0.378773
BFGS:   47 08:52:39    -2750.446716        0.330063
BFGS:   48 08:52:40    -2750.459228        0.259784
BFGS:   49 08:52:41    -2750.473253        0.311174
BFGS:   50 08:52:41    -2750.486294        0.389396
BFGS:   51 08:52:42    -2750.496042        0.399845
BFGS:   52 08:52:43    -2750.502981        0.353053
BFGS:   53 08:52:44    -2750.508554        0.272473
BFGS:   54 08:52:45    -2750.514330        0.215468
BFGS:   55 08:52:46    -2750.520756        0.244348
BFGS:   56 08:52:47    -2750.527938        0.217703
BFGS:   57 08:52:47    -2750.536311        0.169590
BFGS:   58 08:52:48    -2750.546306        0.216343
BFGS:   59 08:52:49    -2750.558137        0.336323
BFGS:   60 08:52:50    -2750.576948        0.673601
BFGS:   61 08:52:52    -2750.596905        0.851932
BFGS:   62 08:52:53    -2750.636873        1.029591
BFGS:   63 08:52:54    -2750.677534        1.081589
BFGS:   64 08:52:55    -2750.731815        1.075125
BFGS:   65 08:52:55    -2750.773989        1.069566
BFGS:   66 08:52:56    -2750.841654        0.980469
BFGS:   67 08:52:57    -2750.879922        0.981629
BFGS:   68 08:52:58    -2750.937460        0.926431
BFGS:   69 08:52:59    -2750.990738        0.998502
BFGS:   70 08:53:00    -2751.055446        1.052395
BFGS:   71 08:53:01    -2751.115792        1.101014
BFGS:   72 08:53:02    -2751.188367        1.121547
BFGS:   73 08:53:03    -2751.244904        1.156251
BFGS:   74 08:53:04    -2751.318347        1.144022
BFGS:   75 08:53:04    -2751.371393        1.158490
BFGS:   76 08:53:05    -2751.436877        1.128593
BFGS:   77 08:53:06    -2751.477994        1.120229
BFGS:   78 08:53:07    -2751.530596        1.081769
BFGS:   79 08:53:08    -2751.574592        1.023629
BFGS:   80 08:53:09    -2751.616492        0.968336
BFGS:   81 08:53:10    -2751.660919        0.871367
BFGS:   82 08:53:10    -2751.697882        0.806086
BFGS:   83 08:53:11    -2751.743919        0.728216
BFGS:   84 08:53:12    -2751.780171        0.673411
BFGS:   85 08:53:13    -2751.825372        0.581993
BFGS:   86 08:53:14    -2751.863901        0.498399
BFGS:   87 08:53:15    -2751.909701        0.404842
BFGS:   88 08:53:15    -2751.949449        0.393797
BFGS:   89 08:53:16    -2751.993783        0.384509
BFGS:   90 08:53:17    -2752.036595        0.369305
BFGS:   91 08:53:18    -2752.081772        0.367463
BFGS:   92 08:53:18    -2752.122559        0.378869
BFGS:   93 08:53:19    -2752.170075        0.355654
BFGS:   94 08:53:20    -2752.205620        0.362405
BFGS:   95 08:53:21    -2752.248875        0.343673
BFGS:   96 08:53:22    -2752.283795        0.361160
BFGS:   97 08:53:22    -2752.322159        0.415135
BFGS:   98 08:53:23    -2752.355392        0.452310
BFGS:   99 08:53:24    -2752.389086        0.490802
BFGS:  100 08:53:25    -2752.418902        0.509344
BFGS:  101 08:53:26    -2752.448203        0.538450
BFGS:  102 08:53:27    -2752.473226        0.540217
BFGS:  103 08:53:27    -2752.498574        0.559871
BFGS:  104 08:53:28    -2752.519002        0.588549
BFGS:  105 08:53:29    -2752.543019        0.607454
BFGS:  106 08:53:30    -2752.558821        0.632663
BFGS:  107 08:53:31    -2752.577116        0.652556
BFGS:  108 08:53:31    -2752.597068        0.665271
BFGS:  109 08:53:32    -2752.619778        0.673283
BFGS:  110 08:53:33    -2752.642895        0.672266
BFGS:  111 08:53:34    -2752.669603        0.659399
BFGS:  112 08:53:35    -2752.691280        0.643013
BFGS:  113 08:53:36    -2752.719795        0.597418
BFGS:  114 08:53:37    -2752.737570        0.563482
BFGS:  115 08:53:37    -2752.761044        0.493064
BFGS:  116 08:53:38    -2752.780404        0.413794
BFGS:  117 08:53:39    -2752.801999        0.302219
BFGS:  118 08:53:40    -2752.818917        0.257752
BFGS:  119 08:53:41    -2752.840010        0.249084
BFGS:  120 08:53:42    -2752.852445        0.256606
BFGS:  121 08:53:43    -2752.871526        0.363746
BFGS:  122 08:53:43    -2752.887363        0.423691
BFGS:  123 08:53:44    -2752.907731        0.567910
BFGS:  124 08:53:45    -2752.917392        0.641276
BFGS:  125 08:53:46    -2752.932261        0.568771
BFGS:  126 08:53:46    -2752.942350        0.480401
BFGS:  127 08:53:47    -2752.956016        0.279902
BFGS:  128 08:53:48    -2752.964731        0.318272
BFGS:  129 08:53:49    -2752.976300        0.190042
BFGS:  130 08:53:50    -2752.984484        0.190948
BFGS:  131 08:53:51    -2752.997141        0.205862
BFGS:  132 08:53:52    -2753.003932        0.217169
BFGS:  133 08:53:53    -2753.015575        0.248448
BFGS:  134 08:53:53    -2753.022707        0.218915
BFGS:  135 08:53:54    -2753.035924        0.336365
BFGS:  136 08:53:55    -2753.048898        0.319169
BFGS:  137 08:53:56    -2753.059254        0.360874
BFGS:  138 08:53:57    -2753.063496        0.381087
BFGS:  139 08:53:58    -2753.071477        0.294466
BFGS:  140 08:53:59    -2753.082333        0.269954
BFGS:  141 08:54:00    -2753.089134        0.267576
BFGS:  142 08:54:01    -2753.094462        0.185236
BFGS:  143 08:54:01    -2753.100543        0.241179
BFGS:  144 08:54:02    -2753.107253        0.193199
BFGS:  145 08:54:03    -2753.112595        0.185152
BFGS:  146 08:54:03    -2753.119244        0.179648
BFGS:  147 08:54:04    -2753.124985        0.154744
BFGS:  148 08:54:05    -2753.130769        0.224436
BFGS:  149 08:54:06    -2753.134745        0.283922
BFGS:  150 08:54:07    -2753.137514        0.350785
BFGS:  151 08:54:08    -2753.142830        0.303718
BFGS:  152 08:54:10    -2753.148980        0.261305
BFGS:  153 08:54:11    -2753.153009        0.212284
BFGS:  154 08:54:12    -2753.156540        0.142763
BFGS:  155 08:54:14    -2753.160785        0.200028
BFGS:  156 08:54:15    -2753.167162        0.282910
BFGS:  157 08:54:16    -2753.173430        0.255128
BFGS:  158 08:54:17    -2753.181296        0.233297
BFGS:  159 08:54:18    -2753.184262        0.180753
BFGS:  160 08:54:20    -2753.191072        0.173999
BFGS:  161 08:54:21    -2753.196345        0.155632
BFGS:  162 08:54:22    -2753.199729        0.224138
BFGS:  163 08:54:23    -2753.205691        0.210055
BFGS:  164 08:54:25    -2753.215019        0.214805
BFGS:  165 08:54:26    -2753.222753        0.139571
BFGS:  166 08:54:27    -2753.225365        0.252384
BFGS:  167 08:54:28    -2753.232928        0.146586
BFGS:  168 08:54:30    -2753.241313        0.172220
BFGS:  169 08:54:31    -2753.251511        0.193197
BFGS:  170 08:54:32    -2753.256570        0.256563
BFGS:  171 08:54:34    -2753.263089        0.195078
BFGS:  172 08:54:35    -2753.269962        0.161240
BFGS:  173 08:54:36    -2753.276151        0.130612
BFGS:  174 08:54:37    -2753.281522        0.148189
BFGS:  175 08:54:39    -2753.287892        0.241670
BFGS:  176 08:54:40    -2753.298153        0.297430
BFGS:  177 08:54:42    -2753.306331        0.227615
BFGS:  178 08:54:43    -2753.317089        0.178553
BFGS:  179 08:54:44    -2753.322631        0.232196
BFGS:  180 08:54:45    -2753.330967        0.181787
BFGS:  181 08:54:46    -2753.339574        0.178366
BFGS:  182 08:54:48    -2753.348815        0.216075
BFGS:  183 08:54:49    -2753.352933        0.232545
BFGS:  184 08:54:50    -2753.360306        0.231617
BFGS:  185 08:54:52    -2753.370184        0.205686
BFGS:  186 08:54:53    -2753.380857        0.179651
BFGS:  187 08:54:54    -2753.386030        0.209968
BFGS:  188 08:54:55    -2753.395579        0.226435
BFGS:  189 08:54:57    -2753.404572        0.197869
BFGS:  190 08:54:58    -2753.416307        0.182744
BFGS:  191 08:54:59    -2753.421578        0.225246
BFGS:  192 08:55:00    -2753.432303        0.241873
BFGS:  193 08:55:01    -2753.442370        0.221127
BFGS:  194 08:55:03    -2753.448748        0.278790
BFGS:  195 08:55:04    -2753.457430        0.196829
BFGS:  196 08:55:05    -2753.465166        0.283979
BFGS:  197 08:55:07    -2753.476969        0.255881
BFGS:  198 08:55:08    -2753.485038        0.259076
BFGS:  199 08:55:09    -2753.492038        0.243050
BFGS:  200 08:55:11    -2753.497281        0.296605
