      Step     Time          Energy          fmax
BFGS:    0 08:25:00    -2378.287280        4.078507
BFGS:    1 08:25:01    -2380.823117        4.546508
BFGS:    2 08:25:02    -2385.721205       12.686870
BFGS:    3 08:25:03    -2389.438428       18.747609
BFGS:    4 08:25:04    -2391.449139       12.880922
BFGS:    5 08:25:05    -2394.219587        8.705411
BFGS:    6 08:25:06    -2396.885737        4.018127
BFGS:    7 08:25:07    -2398.073543        8.507917
BFGS:    8 08:25:07    -2399.028501        2.844557
BFGS:    9 08:25:08    -2400.149673        3.382851
BFGS:   10 08:25:09    -2400.763516        3.017043
BFGS:   11 08:25:10    -2401.303846        2.269027
BFGS:   12 08:25:12    -2402.198364        3.796124
BFGS:   13 08:25:14    -2402.965465        6.021468
BFGS:   14 08:25:15    -2403.615615        5.043173
BFGS:   15 08:25:16    -2404.351205        3.531458
BFGS:   16 08:25:17    -2404.758243        6.087260
BFGS:   17 08:25:18    -2405.240755        2.542278
BFGS:   18 08:25:19    -2405.632687        2.658181
BFGS:   19 08:25:20    -2405.878552        2.539626
BFGS:   20 08:25:20    -2406.147403        2.089408
BFGS:   21 08:25:21    -2406.379169        1.482917
BFGS:   22 08:25:22    -2406.726060        3.108349
BFGS:   23 08:25:23    -2406.943264        3.546982
BFGS:   24 08:25:24    -2407.139057        1.465629
BFGS:   25 08:25:25    -2407.218422        1.770349
BFGS:   26 08:25:25    -2407.289550        1.149965
BFGS:   27 08:25:26    -2407.325458        0.872891
BFGS:   28 08:25:27    -2407.362029        0.506828
BFGS:   29 08:25:27    -2407.377992        1.303145
BFGS:   30 08:25:28    -2407.399959        0.602814
BFGS:   31 08:25:28    -2407.411819        0.478072
BFGS:   32 08:25:29    -2407.430124        0.198530
BFGS:   33 08:25:29    -2407.446342        0.259823
BFGS:   34 08:25:30    -2407.456364        0.290387
BFGS:   35 08:25:30    -2407.467312        0.218990
BFGS:   36 08:25:31    -2407.479577        0.213206
BFGS:   37 08:25:31    -2407.493972        0.258455
BFGS:   38 08:25:31    -2407.507924        0.297240
BFGS:   39 08:25:32    -2407.519851        0.195121
BFGS:   40 08:25:32    -2407.527865        0.164818
BFGS:   41 08:25:33    -2407.533296        0.155197
BFGS:   42 08:25:33    -2407.538539        0.194422
BFGS:   43 08:25:34    -2407.544007        0.153729
BFGS:   44 08:25:34    -2407.548693        0.113809
BFGS:   45 08:25:35    -2407.552114        0.106274
BFGS:   46 08:25:35    -2407.555142        0.101457
BFGS:   47 08:25:36    -2407.558982        0.112691
BFGS:   48 08:25:36    -2407.564272        0.156210
BFGS:   49 08:25:37    -2407.570537        0.173646
BFGS:   50 08:25:37    -2407.576450        0.140971
BFGS:   51 08:25:38    -2407.581083        0.111306
BFGS:   52 08:25:38    -2407.584581        0.111507
BFGS:   53 08:25:38    -2407.587551        0.099696
BFGS:   54 08:25:39    -2407.589964        0.094957
BFGS:   55 08:25:39    -2407.591644        0.090678
BFGS:   56 08:25:40    -2407.592732        0.079345
BFGS:   57 08:25:40    -2407.593669        0.072926
BFGS:   58 08:25:41    -2407.594639        0.072592
BFGS:   59 08:25:41    -2407.595350        0.055178
BFGS:   60 08:25:41    -2407.595982        0.047736
BFGS:   61 08:25:42    -2407.596841        0.050344
BFGS:   62 08:25:42    -2407.598105        0.066928
BFGS:   63 08:25:43    -2407.599782        0.084491
BFGS:   64 08:25:43    -2407.601466        0.092675
BFGS:   65 08:25:44    -2407.602837        0.115130
BFGS:   66 08:25:44    -2407.603989        0.117252
BFGS:   67 08:25:44    -2407.605222        0.117868
BFGS:   68 08:25:45    -2407.606885        0.116219
BFGS:   69 08:25:45    -2407.609336        0.112109
BFGS:   70 08:25:46    -2407.612443        0.115898
BFGS:   71 08:25:46    -2407.616115        0.160173
BFGS:   72 08:25:47    -2407.620690        0.211541
BFGS:   73 08:25:47    -2407.626571        0.212295
BFGS:   74 08:25:48    -2407.633186        0.155304
BFGS:   75 08:25:48    -2407.638876        0.149043
BFGS:   76 08:25:49    -2407.643367        0.175611
BFGS:   77 08:25:49    -2407.648202        0.174982
BFGS:   78 08:25:49    -2407.654636        0.162819
BFGS:   79 08:25:50    -2407.662980        0.174719
BFGS:   80 08:25:51    -2407.672026        0.167341
BFGS:   81 08:25:51    -2407.680956        0.211518
BFGS:   82 08:25:52    -2407.691922        0.255346
BFGS:   83 08:25:52    -2407.710900        0.382145
BFGS:   84 08:25:53    -2407.733957        0.448793
BFGS:   85 08:25:54    -2407.758919        0.457589
BFGS:   86 08:25:54    -2407.785264        0.439378
BFGS:   87 08:25:55    -2407.812386        0.403813
BFGS:   88 08:25:55    -2407.839809        0.359527
BFGS:   89 08:25:56    -2407.867205        0.343893
BFGS:   90 08:25:56    -2407.894184        0.386632
BFGS:   91 08:25:57    -2407.920748        0.443743
BFGS:   92 08:25:57    -2407.946649        0.480182
BFGS:   93 08:25:58    -2407.972120        0.525633
BFGS:   94 08:25:58    -2407.996071        0.459232
BFGS:   95 08:25:59    -2408.019527        0.647665
BFGS:   96 08:25:59    -2408.041982        0.536558
BFGS:   97 08:26:00    -2408.065223        0.500702
BFGS:   98 08:26:00    -2408.090424        0.401777
BFGS:   99 08:26:01    -2408.113544        0.396116
BFGS:  100 08:26:01    -2408.139923        0.392561
BFGS:  101 08:26:02    -2408.161916        0.360144
BFGS:  102 08:26:02    -2408.186041        0.329753
BFGS:  103 08:26:03    -2408.205050        0.247319
BFGS:  104 08:26:03    -2408.226039        0.416517
BFGS:  105 08:26:03    -2408.241010        0.329319
BFGS:  106 08:26:04    -2408.256691        0.296687
BFGS:  107 08:26:04    -2408.277351        0.347785
BFGS:  108 08:26:05    -2408.293767        0.333329
BFGS:  109 08:26:05    -2408.317360        0.340443
BFGS:  110 08:26:06    -2408.340287        0.364691
BFGS:  111 08:26:06    -2408.368195        0.374828
BFGS:  112 08:26:07    -2408.390509        0.374830
BFGS:  113 08:26:07    -2408.422047        0.460210
BFGS:  114 08:26:08    -2408.444941        0.538145
BFGS:  115 08:26:08    -2408.472020        0.621243
BFGS:  116 08:26:09    -2408.499473        0.684521
BFGS:  117 08:26:09    -2408.528276        0.738276
BFGS:  118 08:26:10    -2408.558640        0.785250
BFGS:  119 08:26:10    -2408.592045        0.766010
BFGS:  120 08:26:11    -2408.621058        0.882489
BFGS:  121 08:26:11    -2408.660302        0.778508
BFGS:  122 08:26:12    -2408.691203        0.840709
BFGS:  123 08:26:12    -2408.730176        0.844263
BFGS:  124 08:26:12    -2408.766551        0.797687
BFGS:  125 08:26:13    -2408.806797        0.822460
BFGS:  126 08:26:13    -2408.848448        0.742260
BFGS:  127 08:26:14    -2408.890519        0.728559
BFGS:  128 08:26:14    -2408.937851        0.677099
BFGS:  129 08:26:15    -2408.976166        0.620815
BFGS:  130 08:26:16    -2409.029848        0.507336
BFGS:  131 08:26:16    -2409.064500        0.535914
BFGS:  132 08:26:17    -2409.116549        0.495637
BFGS:  133 08:26:17    -2409.156463        0.485521
BFGS:  134 08:26:18    -2409.205362        0.467139
BFGS:  135 08:26:18    -2409.248833        0.435264
BFGS:  136 08:26:19    -2409.295459        0.430356
BFGS:  137 08:26:19    -2409.341210        0.455504
BFGS:  138 08:26:20    -2409.392446        0.575790
BFGS:  139 08:26:20    -2409.432410        0.640954
BFGS:  140 08:26:21    -2409.483938        0.705020
BFGS:  141 08:26:21    -2409.517384        0.537658
BFGS:  142 08:26:22    -2409.573425        0.543514
BFGS:  143 08:26:22    -2409.615190        0.530609
BFGS:  144 08:26:23    -2409.663130        1.003901
BFGS:  145 08:26:23    -2409.682502        1.147671
BFGS:  146 08:26:24    -2409.713979        0.528961
BFGS:  147 08:26:24    -2409.732237        0.339285
BFGS:  148 08:26:25    -2409.747750        0.602614
BFGS:  149 08:26:26    -2409.763572        0.447008
BFGS:  150 08:26:26    -2409.778137        0.273727
BFGS:  151 08:26:27    -2409.802537        0.264053
BFGS:  152 08:26:27    -2409.818318        0.279993
BFGS:  153 08:26:28    -2409.827073        0.252189
BFGS:  154 08:26:28    -2409.835912        0.210403
BFGS:  155 08:26:28    -2409.848864        0.285358
BFGS:  156 08:26:29    -2409.855441        0.293551
BFGS:  157 08:26:29    -2409.865486        0.348471
BFGS:  158 08:26:30    -2409.876903        0.351115
BFGS:  159 08:26:30    -2409.884625        0.315567
BFGS:  160 08:26:31    -2409.892485        0.228610
BFGS:  161 08:26:31    -2409.903637        0.226586
BFGS:  162 08:26:32    -2409.915028        0.230948
BFGS:  163 08:26:32    -2409.924714        0.297136
BFGS:  164 08:26:33    -2409.934376        0.276776
BFGS:  165 08:26:33    -2409.944529        0.223764
BFGS:  166 08:26:34    -2409.955369        0.338314
BFGS:  167 08:26:34    -2409.964296        0.172866
BFGS:  168 08:26:34    -2409.975883        0.238210
BFGS:  169 08:26:35    -2409.986485        0.249974
BFGS:  170 08:26:35    -2409.999988        0.417703
BFGS:  171 08:26:36    -2410.007398        0.240713
BFGS:  172 08:26:36    -2410.017492        0.243149
BFGS:  173 08:26:37    -2410.028737        0.250199
BFGS:  174 08:26:37    -2410.040443        0.240764
BFGS:  175 08:26:38    -2410.053392        0.237367
BFGS:  176 08:26:38    -2410.065081        0.223629
BFGS:  177 08:26:38    -2410.078972        0.277078
BFGS:  178 08:26:39    -2410.089577        0.244496
BFGS:  179 08:26:39    -2410.103176        0.244246
BFGS:  180 08:26:40    -2410.113408        0.252407
BFGS:  181 08:26:40    -2410.125908        0.259718
BFGS:  182 08:26:40    -2410.136088        0.249680
BFGS:  183 08:26:41    -2410.147862        0.255546
BFGS:  184 08:26:41    -2410.158035        0.241678
BFGS:  185 08:26:42    -2410.169320        0.251369
BFGS:  186 08:26:42    -2410.179464        0.266418
BFGS:  187 08:26:42    -2410.190572        0.270373
BFGS:  188 08:26:43    -2410.200350        0.256253
BFGS:  189 08:26:43    -2410.211501        0.277199
BFGS:  190 08:26:44    -2410.220716        0.243297
BFGS:  191 08:26:44    -2410.231354        0.242014
BFGS:  192 08:26:45    -2410.240304        0.241723
BFGS:  193 08:26:45    -2410.251086        0.257622
BFGS:  194 08:26:45    -2410.259201        0.260453
BFGS:  195 08:26:46    -2410.269313        0.236196
BFGS:  196 08:26:46    -2410.277493        0.266064
BFGS:  197 08:26:47    -2410.286590        0.205678
BFGS:  198 08:26:47    -2410.295169        0.216480
BFGS:  199 08:26:48    -2410.303518        0.239760
BFGS:  200 08:26:48    -2410.312254        0.255573
