      Step     Time          Energy          fmax
BFGS:    0 08:46:26    -2750.102208        6.633787
BFGS:    1 08:46:28    -2754.369288        3.975102
BFGS:    2 08:46:29    -2755.080861        3.866468
BFGS:    3 08:46:31    -2756.131157        4.229469
BFGS:    4 08:46:32    -2757.268350        3.749007
BFGS:    5 08:46:33    -2757.813970        4.075523
BFGS:    6 08:46:34    -2758.319131        1.967915
BFGS:    7 08:46:35    -2759.157657        2.076634
BFGS:    8 08:46:36    -2759.772459        5.304723
BFGS:    9 08:46:37    -2760.524143        2.892195
BFGS:   10 08:46:38    -2760.823492        3.009715
BFGS:   11 08:46:39    -2761.016137        2.571923
BFGS:   12 08:46:40    -2761.176503        1.943542
BFGS:   13 08:46:41    -2761.423408        1.085358
BFGS:   14 08:46:42    -2761.565896        1.425024
BFGS:   15 08:46:43    -2761.619630        1.933244
BFGS:   16 08:46:44    -2761.700402        0.964295
BFGS:   17 08:46:45    -2761.756231        1.156377
BFGS:   18 08:46:46    -2761.803610        1.452691
BFGS:   19 08:46:46    -2761.860830        0.468786
BFGS:   20 08:46:47    -2761.900047        1.058688
BFGS:   21 08:46:48    -2761.908250        1.536259
BFGS:   22 08:46:49    -2761.935694        0.436220
BFGS:   23 08:46:49    -2761.954805        0.419289
BFGS:   24 08:46:50    -2761.977578        0.635237
BFGS:   25 08:46:51    -2761.994855        0.424033
BFGS:   26 08:46:52    -2762.010152        0.276515
BFGS:   27 08:46:53    -2762.030178        0.542357
BFGS:   28 08:46:53    -2762.053931        0.651081
BFGS:   29 08:46:54    -2762.074657        0.477546
BFGS:   30 08:46:55    -2762.091408        0.298702
BFGS:   31 08:46:56    -2762.109640        0.374666
BFGS:   32 08:46:56    -2762.133470        0.642496
BFGS:   33 08:46:58    -2762.158965        0.520714
BFGS:   34 08:46:59    -2762.181234        0.298487
BFGS:   35 08:47:00    -2762.202489        0.406254
BFGS:   36 08:47:01    -2762.247245        0.640084
BFGS:   37 08:47:03    -2762.204903        2.759374
BFGS:   38 08:47:04    -2762.304142        1.847069
BFGS:   39 08:47:05    -2762.349142        0.924399
BFGS:   40 08:47:06    -2762.454945        1.291282
BFGS:   41 08:47:08    -2762.537933        3.125435
BFGS:   42 08:47:09    -2762.723530        1.745844
BFGS:   43 08:47:10    -2762.909229        1.096875
BFGS:   44 08:47:11    -2763.011151        0.910996
BFGS:   45 08:47:12    -2763.067245        0.573571
BFGS:   46 08:47:13    -2763.124161        0.572045
BFGS:   47 08:47:14    -2763.164237        0.631485
BFGS:   48 08:47:14    -2763.187078        0.502703
BFGS:   49 08:47:15    -2763.208360        0.342544
BFGS:   50 08:47:16    -2763.225903        0.349547
BFGS:   51 08:47:17    -2763.235806        0.175381
BFGS:   52 08:47:17    -2763.241857        0.163282
BFGS:   53 08:47:18    -2763.246800        0.156977
BFGS:   54 08:47:19    -2763.252348        0.173617
BFGS:   55 08:47:20    -2763.258924        0.200533
BFGS:   56 08:47:20    -2763.267651        0.254797
BFGS:   57 08:47:21    -2763.278950        0.329590
BFGS:   58 08:47:22    -2763.291343        0.260047
BFGS:   59 08:47:23    -2763.301898        0.351065
BFGS:   60 08:47:23    -2763.310454        0.267866
BFGS:   61 08:47:24    -2763.318150        0.223369
BFGS:   62 08:47:25    -2763.326083        0.243119
BFGS:   63 08:47:26    -2763.334089        0.270944
BFGS:   64 08:47:27    -2763.340532        0.221896
BFGS:   65 08:47:27    -2763.345134        0.149835
BFGS:   66 08:47:28    -2763.348777        0.129386
BFGS:   67 08:47:29    -2763.352594        0.172516
BFGS:   68 08:47:29    -2763.357160        0.222239
BFGS:   69 08:47:30    -2763.362104        0.180921
BFGS:   70 08:47:31    -2763.366947        0.132261
BFGS:   71 08:47:32    -2763.371680        0.148074
BFGS:   72 08:47:33    -2763.376506        0.205964
BFGS:   73 08:47:33    -2763.381572        0.195514
BFGS:   74 08:47:34    -2763.386762        0.141030
BFGS:   75 08:47:35    -2763.391739        0.184063
BFGS:   76 08:47:35    -2763.396819        0.224895
BFGS:   77 08:47:36    -2763.403012        0.236489
BFGS:   78 08:47:37    -2763.411366        0.249536
BFGS:   79 08:47:38    -2763.423798        0.370843
BFGS:   80 08:47:39    -2763.444803        0.596170
BFGS:   81 08:47:40    -2763.500869        1.254110
BFGS:   82 08:47:42    -2763.758681        2.156689
BFGS:   83 08:47:43    -2764.159684        3.737485
BFGS:   84 08:47:44    -2763.808754        6.858564
BFGS:   85 08:47:45    -2764.463565        4.885448
BFGS:   86 08:47:46    -2764.618381        3.932366
BFGS:   87 08:47:47    -2765.011784        2.682921
BFGS:   88 08:47:48    -2765.190249        4.985554
BFGS:   89 08:47:49    -2765.507663        1.664395
BFGS:   90 08:47:50    -2765.598400        0.940936
BFGS:   91 08:47:50    -2765.720012        0.954361
BFGS:   92 08:47:51    -2765.813756        0.985414
BFGS:   93 08:47:52    -2765.889772        1.038276
BFGS:   94 08:47:53    -2765.993175        1.076311
BFGS:   95 08:47:54    -2766.080605        1.181481
BFGS:   96 08:47:55    -2766.162779        1.054421
BFGS:   97 08:47:56    -2766.215006        0.789515
BFGS:   98 08:47:57    -2766.256749        0.512406
BFGS:   99 08:47:57    -2766.284344        0.508035
BFGS:  100 08:47:58    -2766.311989        0.509946
BFGS:  101 08:47:59    -2766.335538        0.451252
BFGS:  102 08:48:00    -2766.358908        0.419701
BFGS:  103 08:48:01    -2766.388230        0.501001
BFGS:  104 08:48:01    -2766.420023        0.570143
BFGS:  105 08:48:02    -2766.446612        0.436960
BFGS:  106 08:48:03    -2766.465688        0.271757
BFGS:  107 08:48:04    -2766.481463        0.292956
BFGS:  108 08:48:05    -2766.496556        0.383743
BFGS:  109 08:48:05    -2766.510620        0.394643
BFGS:  110 08:48:06    -2766.521911        0.233436
BFGS:  111 08:48:07    -2766.532689        0.200264
BFGS:  112 08:48:08    -2766.545281        0.330427
BFGS:  113 08:48:09    -2766.559476        0.456238
BFGS:  114 08:48:09    -2766.574278        0.444381
BFGS:  115 08:48:10    -2766.589785        0.356821
BFGS:  116 08:48:11    -2766.605333        0.315020
BFGS:  117 08:48:11    -2766.620585        0.323856
BFGS:  118 08:48:12    -2766.634740        0.259218
BFGS:  119 08:48:13    -2766.650214        0.238440
BFGS:  120 08:48:14    -2766.669874        0.484513
BFGS:  121 08:48:15    -2766.697522        0.347484
BFGS:  122 08:48:16    -2766.728875        0.758394
BFGS:  123 08:48:17    -2766.760856        0.646766
BFGS:  124 08:48:17    -2766.787625        0.420718
BFGS:  125 08:48:18    -2766.809539        0.336770
BFGS:  126 08:48:19    -2766.827511        0.346761
BFGS:  127 08:48:20    -2766.848158        0.402338
BFGS:  128 08:48:21    -2766.871494        0.368185
BFGS:  129 08:48:22    -2766.889971        0.411657
BFGS:  130 08:48:22    -2766.910140        0.404182
BFGS:  131 08:48:23    -2766.925163        0.311496
BFGS:  132 08:48:24    -2766.936244        0.361245
BFGS:  133 08:48:25    -2766.947300        0.225401
BFGS:  134 08:48:26    -2766.959793        0.209300
BFGS:  135 08:48:27    -2766.970015        0.247857
BFGS:  136 08:48:28    -2766.977587        0.185277
BFGS:  137 08:48:28    -2766.984642        0.156480
BFGS:  138 08:48:29    -2766.991537        0.135208
BFGS:  139 08:48:30    -2766.997639        0.125099
BFGS:  140 08:48:31    -2767.003357        0.133285
BFGS:  141 08:48:31    -2767.010014        0.184051
BFGS:  142 08:48:32    -2767.017547        0.148765
BFGS:  143 08:48:33    -2767.024368        0.141038
BFGS:  144 08:48:34    -2767.029326        0.105200
BFGS:  145 08:48:34    -2767.033176        0.156096
BFGS:  146 08:48:35    -2767.036889        0.131788
BFGS:  147 08:48:36    -2767.040881        0.145071
BFGS:  148 08:48:37    -2767.045132        0.141067
BFGS:  149 08:48:37    -2767.049512        0.129643
BFGS:  150 08:48:38    -2767.053777        0.168316
BFGS:  151 08:48:39    -2767.057334        0.195561
BFGS:  152 08:48:39    -2767.060319        0.159020
BFGS:  153 08:48:40    -2767.062914        0.144753
BFGS:  154 08:48:41    -2767.065880        0.139221
BFGS:  155 08:48:41    -2767.069500        0.107275
BFGS:  156 08:48:42    -2767.073500        0.140433
BFGS:  157 08:48:43    -2767.077411        0.167679
BFGS:  158 08:48:43    -2767.081359        0.149404
BFGS:  159 08:48:44    -2767.085367        0.207187
BFGS:  160 08:48:45    -2767.090168        0.190836
BFGS:  161 08:48:46    -2767.096140        0.179034
BFGS:  162 08:48:47    -2767.102666        0.201845
BFGS:  163 08:48:47    -2767.108949        0.168292
BFGS:  164 08:48:48    -2767.115308        0.292412
BFGS:  165 08:48:49    -2767.122689        0.232036
BFGS:  166 08:48:50    -2767.132917        0.187965
BFGS:  167 08:48:51    -2767.145625        0.226207
BFGS:  168 08:48:52    -2767.156090        0.190913
BFGS:  169 08:48:52    -2767.165149        0.190858
BFGS:  170 08:48:53    -2767.173304        0.170843
BFGS:  171 08:48:54    -2767.181597        0.194705
BFGS:  172 08:48:55    -2767.189329        0.250023
BFGS:  173 08:48:55    -2767.196486        0.249511
BFGS:  174 08:48:56    -2767.202432        0.156456
BFGS:  175 08:48:57    -2767.208105        0.285409
BFGS:  176 08:48:57    -2767.213255        0.186274
BFGS:  177 08:48:58    -2767.218773        0.187229
BFGS:  178 08:48:59    -2767.223305        0.172663
BFGS:  179 08:49:00    -2767.227077        0.168705
BFGS:  180 08:49:00    -2767.231987        0.244300
BFGS:  181 08:49:01    -2767.237013        0.294239
BFGS:  182 08:49:02    -2767.241749        0.161753
BFGS:  183 08:49:02    -2767.245618        0.110030
BFGS:  184 08:49:03    -2767.248639        0.139489
BFGS:  185 08:49:04    -2767.251245        0.151000
BFGS:  186 08:49:05    -2767.253951        0.133802
BFGS:  187 08:49:05    -2767.256677        0.101913
BFGS:  188 08:49:06    -2767.259316        0.098789
BFGS:  189 08:49:07    -2767.261653        0.152279
BFGS:  190 08:49:07    -2767.263655        0.109057
BFGS:  191 08:49:08    -2767.265494        0.103418
BFGS:  192 08:49:09    -2767.267306        0.098176
BFGS:  193 08:49:09    -2767.269000        0.133581
BFGS:  194 08:49:10    -2767.270807        0.142210
BFGS:  195 08:49:11    -2767.272992        0.136300
BFGS:  196 08:49:11    -2767.275413        0.101556
BFGS:  197 08:49:12    -2767.277565        0.120120
BFGS:  198 08:49:13    -2767.279623        0.127422
BFGS:  199 08:49:14    -2767.282345        0.160779
BFGS:  200 08:49:14    -2767.287798        0.223803
