      Step     Time          Energy          fmax
BFGS:    0 08:20:23    -2104.146092        7.431036
BFGS:    1 08:20:24    -2107.290645        4.704280
BFGS:    2 08:20:25    -2109.619534        4.529854
BFGS:    3 08:20:25    -2111.650609        4.250297
BFGS:    4 08:20:26    -2112.723670        4.977929
BFGS:    5 08:20:27    -2113.669376        2.729727
BFGS:    6 08:20:28    -2114.265219        2.137282
BFGS:    7 08:20:28    -2115.553155        4.557923
BFGS:    8 08:20:29    -2116.430165        4.188092
BFGS:    9 08:20:30    -2117.990970        5.054731
BFGS:   10 08:20:31    -2119.148297        5.160345
BFGS:   11 08:20:31    -2120.016197        7.858051
BFGS:   12 08:20:32    -2120.808559        4.396579
BFGS:   13 08:20:33    -2121.714175        4.466480
BFGS:   14 08:20:34    -2122.951732        4.396258
BFGS:   15 08:20:34    -2122.061778       17.988598
BFGS:   16 08:20:35    -2123.750745        1.881050
BFGS:   17 08:20:36    -2124.009158        1.443244
BFGS:   18 08:20:36    -2124.273096        0.768874
BFGS:   19 08:20:37    -2124.326263        1.487642
BFGS:   20 08:20:37    -2124.429466        1.082178
BFGS:   21 08:20:38    -2124.513768        0.709571
BFGS:   22 08:20:39    -2124.553063        0.725063
BFGS:   23 08:20:39    -2124.627264        0.720665
BFGS:   24 08:20:40    -2124.954232        1.769356
BFGS:   25 08:20:41    -2125.379983        3.104671
BFGS:   26 08:20:41    -2125.212384        4.196217
BFGS:   27 08:20:42    -2125.850705        3.023532
BFGS:   28 08:20:42    -2126.304574        2.411737
BFGS:   29 08:20:43    -2128.447314        3.603476
BFGS:   30 08:20:44    -2129.848666        4.356588
BFGS:   31 08:20:45    -2131.377994        5.329974
BFGS:   32 08:20:45    -2131.795945        3.856492
BFGS:   33 08:20:46    -2132.796371        3.824467
BFGS:   34 08:20:46    -2133.689146        2.443406
BFGS:   35 08:20:47    -2134.462603        3.644108
BFGS:   36 08:20:48    -2135.301861        4.923120
BFGS:   37 08:20:48    -2135.645523        6.322621
BFGS:   38 08:20:49    -2136.330588        3.618118
BFGS:   39 08:20:50    -2136.787630        2.809771
BFGS:   40 08:20:50    -2137.058084        5.612249
BFGS:   41 08:20:51    -2137.337407        1.479721
BFGS:   42 08:20:52    -2137.492240        0.923539
BFGS:   43 08:20:52    -2137.920020        2.702091
BFGS:   44 08:20:53    -2138.244901        2.384080
BFGS:   45 08:20:54    -2138.590474        1.972025
BFGS:   46 08:20:54    -2139.308828        2.147089
BFGS:   47 08:20:55    -2139.791578        4.134141
BFGS:   48 08:20:55    -2140.714296        3.932815
BFGS:   49 08:20:56    -2141.196479        5.746598
BFGS:   50 08:20:56    -2141.826329        4.285713
BFGS:   51 08:20:57    -2142.461957        1.956950
BFGS:   52 08:20:58    -2142.761841        0.844193
BFGS:   53 08:20:58    -2142.845209        1.271516
BFGS:   54 08:20:58    -2142.919661        0.815494
BFGS:   55 08:20:59    -2142.991898        0.479456
BFGS:   56 08:20:59    -2143.034890        0.561959
BFGS:   57 08:21:00    -2143.100598        0.646839
BFGS:   58 08:21:00    -2143.158047        0.712275
BFGS:   59 08:21:01    -2143.211767        0.682836
BFGS:   60 08:21:01    -2143.269425        0.686261
BFGS:   61 08:21:02    -2143.330141        0.815903
BFGS:   62 08:21:02    -2143.392866        0.705335
BFGS:   63 08:21:02    -2143.443870        0.407477
BFGS:   64 08:21:03    -2143.478023        0.394003
BFGS:   65 08:21:03    -2143.503947        0.476842
BFGS:   66 08:21:04    -2143.526791        0.422946
BFGS:   67 08:21:04    -2143.548153        0.397189
BFGS:   68 08:21:05    -2143.574096        0.445554
BFGS:   69 08:21:05    -2143.608896        0.424490
BFGS:   70 08:21:06    -2143.657330        0.541239
BFGS:   71 08:21:06    -2143.721005        0.551154
BFGS:   72 08:21:07    -2143.799063        0.533415
BFGS:   73 08:21:07    -2143.890287        0.853408
BFGS:   74 08:21:08    -2144.024220        1.595040
BFGS:   75 08:21:08    -2144.226890        3.415413
BFGS:   76 08:21:09    -2144.724736        4.848207
BFGS:   77 08:21:09    -2144.894758        3.693453
BFGS:   78 08:21:10    -2145.167129        9.105211
BFGS:   79 08:21:10    -2145.036201        6.735207
BFGS:   80 08:21:11    -2145.925255        4.046757
BFGS:   81 08:21:11    -2146.264317        4.664077
BFGS:   82 08:21:12    -2146.642063        2.150027
BFGS:   83 08:21:12    -2146.794060        1.480752
BFGS:   84 08:21:13    -2147.022624        0.880479
BFGS:   85 08:21:13    -2147.114953        0.803692
BFGS:   86 08:21:14    -2147.256433        0.725079
BFGS:   87 08:21:14    -2147.327514        0.645512
BFGS:   88 08:21:14    -2147.410972        0.544668
BFGS:   89 08:21:15    -2147.486162        0.547687
BFGS:   90 08:21:15    -2147.583606        0.780962
BFGS:   91 08:21:16    -2147.726201        1.141503
BFGS:   92 08:21:16    -2147.919331        1.569574
BFGS:   93 08:21:17    -2148.060001        1.631067
BFGS:   94 08:21:17    -2148.260875        1.278032
BFGS:   95 08:21:17    -2148.434570        1.406839
BFGS:   96 08:21:18    -2148.531620        1.857175
BFGS:   97 08:21:18    -2148.608814        0.739185
BFGS:   98 08:21:19    -2148.660192        0.615258
BFGS:   99 08:21:19    -2148.699877        0.614123
BFGS:  100 08:21:19    -2148.720503        0.449440
BFGS:  101 08:21:20    -2148.742271        0.455203
BFGS:  102 08:21:20    -2148.760692        0.387167
BFGS:  103 08:21:20    -2148.781094        0.396270
BFGS:  104 08:21:21    -2148.801570        0.405934
BFGS:  105 08:21:21    -2148.822556        0.295699
BFGS:  106 08:21:21    -2148.845700        0.332132
BFGS:  107 08:21:22    -2148.870028        0.409776
BFGS:  108 08:21:22    -2148.890668        0.342129
BFGS:  109 08:21:22    -2148.906740        0.467604
BFGS:  110 08:21:23    -2148.919640        0.278049
BFGS:  111 08:21:23    -2148.931388        0.236460
BFGS:  112 08:21:23    -2148.941881        0.194093
BFGS:  113 08:21:24    -2148.951057        0.202220
BFGS:  114 08:21:24    -2148.960138        0.228583
BFGS:  115 08:21:24    -2148.967776        0.234680
BFGS:  116 08:21:25    -2148.973580        0.201708
BFGS:  117 08:21:25    -2148.978838        0.197246
BFGS:  118 08:21:25    -2148.985355        0.258910
BFGS:  119 08:21:26    -2148.994051        0.268555
BFGS:  120 08:21:26    -2149.003750        0.246336
BFGS:  121 08:21:26    -2149.012950        0.238135
BFGS:  122 08:21:27    -2149.022669        0.238354
BFGS:  123 08:21:27    -2149.032831        0.286236
BFGS:  124 08:21:27    -2149.042546        0.260528
BFGS:  125 08:21:28    -2149.051713        0.266288
BFGS:  126 08:21:28    -2149.062328        0.284672
BFGS:  127 08:21:28    -2149.076158        0.282407
BFGS:  128 08:21:29    -2149.093340        0.355684
BFGS:  129 08:21:29    -2149.109333        0.268234
BFGS:  130 08:21:30    -2149.121076        0.205323
BFGS:  131 08:21:30    -2149.127923        0.283590
BFGS:  132 08:21:30    -2149.134018        0.156607
BFGS:  133 08:21:31    -2149.140205        0.149456
BFGS:  134 08:21:31    -2149.146810        0.311466
BFGS:  135 08:21:31    -2149.153319        0.178722
BFGS:  136 08:21:31    -2149.160000        0.170416
BFGS:  137 08:21:32    -2149.166878        0.155584
BFGS:  138 08:21:32    -2149.173240        0.225686
BFGS:  139 08:21:32    -2149.179706        0.250246
BFGS:  140 08:21:33    -2149.185958        0.247365
BFGS:  141 08:21:33    -2149.192252        0.164895
BFGS:  142 08:21:33    -2149.198650        0.205270
BFGS:  143 08:21:34    -2149.205971        0.272455
BFGS:  144 08:21:34    -2149.214221        0.264298
BFGS:  145 08:21:34    -2149.222656        0.276810
BFGS:  146 08:21:35    -2149.231046        0.259715
BFGS:  147 08:21:35    -2149.240005        0.218409
BFGS:  148 08:21:35    -2149.249722        0.286502
BFGS:  149 08:21:36    -2149.261416        0.396306
BFGS:  150 08:21:36    -2149.274163        0.331619
BFGS:  151 08:21:36    -2149.285526        0.279856
BFGS:  152 08:21:36    -2149.296959        0.236832
BFGS:  153 08:21:37    -2149.306404        0.217201
BFGS:  154 08:21:37    -2149.313615        0.398217
BFGS:  155 08:21:37    -2149.317998        0.287962
BFGS:  156 08:21:38    -2149.327790        0.223115
BFGS:  157 08:21:38    -2149.338100        0.234427
BFGS:  158 08:21:38    -2149.348144        0.164876
BFGS:  159 08:21:39    -2149.354945        0.180285
BFGS:  160 08:21:39    -2149.361692        0.208462
BFGS:  161 08:21:39    -2149.368695        0.180356
BFGS:  162 08:21:40    -2149.374746        0.159055
BFGS:  163 08:21:40    -2149.379439        0.151669
BFGS:  164 08:21:40    -2149.383685        0.115563
BFGS:  165 08:21:41    -2149.386805        0.137719
BFGS:  166 08:21:41    -2149.390061        0.149002
BFGS:  167 08:21:41    -2149.393591        0.222516
BFGS:  168 08:21:41    -2149.397580        0.277769
BFGS:  169 08:21:42    -2149.401866        0.267427
BFGS:  170 08:21:42    -2149.406257        0.145818
BFGS:  171 08:21:42    -2149.410355        0.126323
BFGS:  172 08:21:42    -2149.413839        0.127171
BFGS:  173 08:21:43    -2149.416517        0.158357
BFGS:  174 08:21:43    -2149.418488        0.131393
BFGS:  175 08:21:43    -2149.419813        0.077964
BFGS:  176 08:21:43    -2149.420660        0.062356
BFGS:  177 08:21:44    -2149.421349        0.052791
BFGS:  178 08:21:44    -2149.422104        0.052146
BFGS:  179 08:21:44    -2149.423050        0.078140
BFGS:  180 08:21:45    -2149.423889        0.096698
BFGS:  181 08:21:45    -2149.424588        0.069986
BFGS:  182 08:21:45    -2149.425075        0.047868
BFGS:  183 08:21:45    -2149.425597        0.049183
BFGS:  184 08:21:46    -2149.426350        0.081549
BFGS:  185 08:21:46    -2149.427472        0.106359
BFGS:  186 08:21:46    -2149.428944        0.096328
BFGS:  187 08:21:46    -2149.430662        0.083490
BFGS:  188 08:21:47    -2149.432667        0.104231
BFGS:  189 08:21:47    -2149.435069        0.114842
BFGS:  190 08:21:47    -2149.437895        0.117616
BFGS:  191 08:21:48    -2149.440763        0.133186
BFGS:  192 08:21:48    -2149.443275        0.133460
BFGS:  193 08:21:48    -2149.445467        0.120369
BFGS:  194 08:21:48    -2149.447708        0.148690
BFGS:  195 08:21:49    -2149.450343        0.123987
BFGS:  196 08:21:49    -2149.453461        0.154520
BFGS:  197 08:21:49    -2149.456729        0.143563
BFGS:  198 08:21:50    -2149.459598        0.095674
BFGS:  199 08:21:50    -2149.461775        0.090704
BFGS:  200 08:21:50    -2149.463562        0.093215
