      Step     Time          Energy          fmax
BFGS:    0 08:02:44    -2826.308283        7.734856
BFGS:    1 08:02:46    -2832.169123        5.331236
BFGS:    2 08:02:47    -2836.981514        6.881694
BFGS:    3 08:02:48    -2843.361204        9.257198
BFGS:    4 08:02:49    -2848.006871       12.828192
BFGS:    5 08:02:50    -2851.990112        9.059485
BFGS:    6 08:02:51    -2856.863153        7.604301
BFGS:    7 08:02:53    -2858.777721        4.330366
BFGS:    8 08:02:53    -2860.152268        2.316631
BFGS:    9 08:02:54    -2860.839095        1.441536
BFGS:   10 08:02:55    -2861.389973        1.273191
BFGS:   11 08:02:56    -2861.622756        1.412715
BFGS:   12 08:02:57    -2861.846490        1.083083
BFGS:   13 08:02:58    -2862.054083        0.915976
BFGS:   14 08:02:58    -2862.301848        0.910519
BFGS:   15 08:02:59    -2862.477610        1.503586
BFGS:   16 08:03:00    -2862.606095        1.333689
BFGS:   17 08:03:01    -2862.725991        0.915155
BFGS:   18 08:03:01    -2862.845534        0.574537
BFGS:   19 08:03:02    -2862.929711        0.567319
BFGS:   20 08:03:03    -2863.002951        0.560133
BFGS:   21 08:03:03    -2863.060782        0.462202
BFGS:   22 08:03:04    -2863.121989        0.742797
BFGS:   23 08:03:05    -2863.175325        0.642969
BFGS:   24 08:03:05    -2863.218466        0.391150
BFGS:   25 08:03:06    -2863.252297        0.379254
BFGS:   26 08:03:07    -2863.290164        0.451875
BFGS:   27 08:03:08    -2863.343034        0.575914
BFGS:   28 08:03:08    -2863.419435        0.755909
BFGS:   29 08:03:09    -2863.568549        1.867466
BFGS:   30 08:03:11    -2863.561455        1.847684
BFGS:   31 08:03:12    -2863.806393        2.437204
BFGS:   32 08:03:12    -2863.968431        2.261005
BFGS:   33 08:03:13    -2863.449601       10.636888
BFGS:   34 08:03:14    -2864.295563        1.266440
BFGS:   35 08:03:15    -2864.378276        0.693556
BFGS:   36 08:03:16    -2864.460441        1.080162
BFGS:   37 08:03:17    -2864.489362        0.807948
