      Step     Time          Energy          fmax
BFGS:    0 08:29:36    -2775.973746       11.778272
BFGS:    1 08:29:38    -2786.539135        8.595633
BFGS:    2 08:29:38    -2789.409093       11.201113
BFGS:    3 08:29:39    -2792.031127        3.148374
BFGS:    4 08:29:40    -2793.213392        3.074591
BFGS:    5 08:29:41    -2794.693218        3.031158
BFGS:    6 08:29:42    -2795.167081        1.238809
BFGS:    7 08:29:43    -2795.536886        1.646962
BFGS:    8 08:29:44    -2796.004223        1.385974
BFGS:    9 08:29:45    -2796.227676        1.271593
BFGS:   10 08:29:46    -2796.550373        1.037045
BFGS:   11 08:29:47    -2796.691704        0.918519
BFGS:   12 08:29:48    -2796.822727        0.637746
BFGS:   13 08:29:48    -2796.909352        0.866608
BFGS:   14 08:29:49    -2796.992331        1.351217
BFGS:   15 08:29:50    -2797.076244        0.787283
BFGS:   16 08:29:51    -2797.179908        0.749342
BFGS:   17 08:29:52    -2797.290159        0.776406
BFGS:   18 08:29:53    -2797.387033        0.541704
BFGS:   19 08:29:54    -2797.481613        0.500277
BFGS:   20 08:29:55    -2797.562502        0.622904
BFGS:   21 08:29:56    -2797.626075        0.669978
BFGS:   22 08:29:57    -2797.677013        0.571650
BFGS:   23 08:29:58    -2797.715991        0.354740
BFGS:   24 08:29:58    -2797.745672        0.326402
BFGS:   25 08:29:59    -2797.775423        0.325206
BFGS:   26 08:30:00    -2797.805436        0.342594
BFGS:   27 08:30:01    -2797.840184        0.445484
BFGS:   28 08:30:02    -2797.884713        0.572201
BFGS:   29 08:30:03    -2797.933235        0.522210
BFGS:   30 08:30:04    -2797.977646        0.395416
BFGS:   31 08:30:05    -2798.017450        0.303279
BFGS:   32 08:30:06    -2798.057487        0.430613
BFGS:   33 08:30:07    -2798.103441        0.514266
BFGS:   34 08:30:07    -2798.153998        0.381599
BFGS:   35 08:30:08    -2798.192076        0.297835
BFGS:   36 08:30:09    -2798.215145        0.322989
BFGS:   37 08:30:10    -2798.233861        0.336734
BFGS:   38 08:30:11    -2798.255105        0.326783
BFGS:   39 08:30:12    -2798.275802        0.310093
BFGS:   40 08:30:13    -2798.290579        0.183334
BFGS:   41 08:30:13    -2798.299720        0.144722
BFGS:   42 08:30:14    -2798.306657        0.164489
BFGS:   43 08:30:15    -2798.313490        0.174124
BFGS:   44 08:30:16    -2798.321367        0.236356
BFGS:   45 08:30:17    -2798.329970        0.211087
BFGS:   46 08:30:17    -2798.337625        0.169274
BFGS:   47 08:30:18    -2798.343381        0.143501
BFGS:   48 08:30:19    -2798.348559        0.126248
BFGS:   49 08:30:20    -2798.354360        0.121451
BFGS:   50 08:30:20    -2798.360206        0.151082
BFGS:   51 08:30:21    -2798.364560        0.115286
BFGS:   52 08:30:22    -2798.367303        0.120352
BFGS:   53 08:30:23    -2798.369625        0.078987
BFGS:   54 08:30:23    -2798.372490        0.087133
BFGS:   55 08:30:24    -2798.375970        0.102216
BFGS:   56 08:30:25    -2798.379072        0.115427
BFGS:   57 08:30:26    -2798.381489        0.089987
BFGS:   58 08:30:26    -2798.383147        0.055275
BFGS:   59 08:30:27    -2798.384391        0.051446
BFGS:   60 08:30:27    -2798.385403        0.057106
BFGS:   61 08:30:28    -2798.386430        0.054535
BFGS:   62 08:30:29    -2798.387723        0.052471
BFGS:   63 08:30:29    -2798.389358        0.058191
BFGS:   64 08:30:30    -2798.391086        0.062068
BFGS:   65 08:30:31    -2798.392699        0.063631
BFGS:   66 08:30:31    -2798.394273        0.065149
BFGS:   67 08:30:32    -2798.396337        0.070274
BFGS:   68 08:30:33    -2798.399040        0.078888
BFGS:   69 08:30:33    -2798.401745        0.080221
BFGS:   70 08:30:34    -2798.403511        0.065600
BFGS:   71 08:30:34    -2798.404453        0.050479
BFGS:   72 08:30:35    -2798.405059        0.030847
BFGS:   73 08:30:36    -2798.405500        0.029044
BFGS:   74 08:30:36    -2798.405735        0.017142
BFGS:   75 08:30:37    -2798.405839        0.017337
BFGS:   76 08:30:37    -2798.405914        0.013624
BFGS:   77 08:30:38    -2798.406005        0.016943
BFGS:   78 08:30:38    -2798.406104        0.018849
BFGS:   79 08:30:39    -2798.406208        0.016563
BFGS:   80 08:30:39    -2798.406333        0.018360
BFGS:   81 08:30:40    -2798.406532        0.027337
BFGS:   82 08:30:40    -2798.406896        0.038461
BFGS:   83 08:30:41    -2798.407482        0.045320
BFGS:   84 08:30:42    -2798.408257        0.052225
BFGS:   85 08:30:43    -2798.409172        0.057402
BFGS:   86 08:30:43    -2798.410191        0.051104
BFGS:   87 08:30:44    -2798.411457        0.070434
BFGS:   88 08:30:45    -2798.413013        0.073227
BFGS:   89 08:30:45    -2798.414518        0.061706
BFGS:   90 08:30:46    -2798.415666        0.053960
BFGS:   91 08:30:47    -2798.416534        0.049202
BFGS:   92 08:30:47    -2798.417487        0.075573
BFGS:   93 08:30:48    -2798.418535        0.079820
BFGS:   94 08:30:49    -2798.419355        0.051828
BFGS:   95 08:30:49    -2798.419884        0.031576
BFGS:   96 08:30:50    -2798.420311        0.029411
BFGS:   97 08:30:51    -2798.420883        0.039179
BFGS:   98 08:30:51    -2798.421683        0.053994
BFGS:   99 08:30:52    -2798.422643        0.048582
BFGS:  100 08:30:53    -2798.423751        0.062618
BFGS:  101 08:30:53    -2798.425352        0.068973
BFGS:  102 08:30:54    -2798.428350        0.113321
BFGS:  103 08:30:55    -2798.434347        0.178935
BFGS:  104 08:30:56    -2798.441385        0.190547
BFGS:  105 08:30:57    -2798.440482        0.311806
BFGS:  106 08:30:58    -2798.450890        0.127517
BFGS:  107 08:30:59    -2798.452895        0.202183
BFGS:  108 08:30:59    -2798.455385        0.121491
BFGS:  109 08:31:00    -2798.457264        0.090948
BFGS:  110 08:31:01    -2798.458745        0.061662
BFGS:  111 08:31:01    -2798.459165        0.047921
BFGS:  112 08:31:02    -2798.459583        0.034933
BFGS:  113 08:31:03    -2798.459903        0.035603
BFGS:  114 08:31:03    -2798.460205        0.041303
BFGS:  115 08:31:04    -2798.460429        0.034955
BFGS:  116 08:31:04    -2798.460610        0.026290
BFGS:  117 08:31:05    -2798.460748        0.022110
BFGS:  118 08:31:06    -2798.460859        0.025709
BFGS:  119 08:31:06    -2798.460967        0.040409
BFGS:  120 08:31:07    -2798.461110        0.053114
BFGS:  121 08:31:07    -2798.461288        0.048988
BFGS:  122 08:31:08    -2798.461429        0.032265
BFGS:  123 08:31:09    -2798.461519        0.014699
BFGS:  124 08:31:09    -2798.461566        0.014328
BFGS:  125 08:31:10    -2798.461627        0.013308
BFGS:  126 08:31:10    -2798.461675        0.012970
BFGS:  127 08:31:11    -2798.461710        0.012329
BFGS:  128 08:31:11    -2798.461727        0.011877
BFGS:  129 08:31:12    -2798.461738        0.011219
BFGS:  130 08:31:12    -2798.461751        0.010067
BFGS:  131 08:31:13    -2798.461767        0.007983
