      Step     Time          Energy          fmax
BFGS:    0 08:55:51    -3521.441540      435.470024
BFGS:    1 08:55:55    -3670.822102       44.853267
BFGS:    2 08:55:58    -3688.307387       50.488515
BFGS:    3 08:56:01    -3697.605396       35.430349
BFGS:    4 08:56:04    -3702.746637       19.441308
BFGS:    5 08:56:06    -3705.280864       10.868900
BFGS:    6 08:56:09    -3706.658596        5.098255
BFGS:    7 08:56:11    -3707.763247        2.165516
BFGS:    8 08:56:14    -3708.352046        1.789741
BFGS:    9 08:56:16    -3708.665237        2.649536
BFGS:   10 08:56:19    -3708.982044        2.977134
BFGS:   11 08:56:22    -3709.469464        2.813648
BFGS:   12 08:56:26    -3710.084141        2.572596
BFGS:   13 08:56:31    -3710.920456        2.630197
BFGS:   14 08:56:35    -3711.261307        2.996570
BFGS:   15 08:56:38    -3711.866871        2.139815
BFGS:   16 08:56:42    -3712.262138        1.940118
BFGS:   17 08:56:45    -3712.506756        1.665576
BFGS:   18 08:56:48    -3712.712386        1.384596
BFGS:   19 08:56:51    -3712.925799        1.093891
BFGS:   20 08:56:54    -3713.205239        0.905670
BFGS:   21 08:56:59    -3713.863663        1.499919
BFGS:   22 08:57:05    -3714.189130        1.825417
BFGS:   23 08:57:09    -3714.566441        1.296187
BFGS:   24 08:57:13    -3715.261661        1.238030
BFGS:   25 08:57:16    -3715.601231        1.598784
BFGS:   26 08:57:20    -3716.138148        1.227957
BFGS:   27 08:57:24    -3716.457934        1.415687
BFGS:   28 08:57:27    -3716.719620        1.717926
BFGS:   29 08:57:29    -3716.940466        1.740529
BFGS:   30 08:57:32    -3717.025857        1.458765
BFGS:   31 08:57:36    -3717.108639        1.254247
BFGS:   32 08:57:39    -3717.169302        1.147705
BFGS:   33 08:57:42    -3717.220077        0.916271
BFGS:   34 08:57:46    -3717.261860        0.580473
BFGS:   35 08:57:49    -3717.296591        0.392463
BFGS:   36 08:57:52    -3717.324048        0.382235
BFGS:   37 08:57:56    -3717.346414        0.380023
BFGS:   38 08:57:59    -3717.364553        0.340855
BFGS:   39 08:58:02    -3717.381914        0.301835
BFGS:   40 08:58:05    -3717.399348        0.275923
BFGS:   41 08:58:07    -3717.416785        0.340854
BFGS:   42 08:58:10    -3717.434615        0.405904
BFGS:   43 08:58:13    -3717.451175        0.294342
BFGS:   44 08:58:16    -3717.463238        0.226891
BFGS:   45 08:58:19    -3717.473710        0.237365
BFGS:   46 08:58:21    -3717.482752        0.218077
BFGS:   47 08:58:24    -3717.491256        0.206165
BFGS:   48 08:58:26    -3717.497179        0.125287
BFGS:   49 08:58:29    -3717.500379        0.068556
BFGS:   50 08:58:31    -3717.502246        0.075732
BFGS:   51 08:58:33    -3717.504233        0.080262
BFGS:   52 08:58:35    -3717.506388        0.080147
BFGS:   53 08:58:38    -3717.508584        0.072386
BFGS:   54 08:58:40    -3717.510651        0.095605
BFGS:   55 08:58:43    -3717.512936        0.100131
BFGS:   56 08:58:45    -3717.516047        0.116557
BFGS:   57 08:58:48    -3717.520864        0.181219
BFGS:   58 08:58:51    -3717.527359        0.218241
BFGS:   59 08:58:53    -3717.534488        0.183473
BFGS:   60 08:58:56    -3717.540000        0.113525
BFGS:   61 08:58:59    -3717.543484        0.100070
BFGS:   62 08:59:01    -3717.546289        0.077798
BFGS:   63 08:59:04    -3717.549497        0.095943
BFGS:   64 08:59:07    -3717.553041        0.108353
BFGS:   65 08:59:09    -3717.556236        0.101435
BFGS:   66 08:59:12    -3717.558557        0.075147
BFGS:   67 08:59:14    -3717.560218        0.060608
BFGS:   68 08:59:17    -3717.561572        0.065265
BFGS:   69 08:59:19    -3717.562630        0.056147
BFGS:   70 08:59:22    -3717.563410        0.049461
BFGS:   71 08:59:24    -3717.563992        0.042863
BFGS:   72 08:59:26    -3717.564493        0.039310
BFGS:   73 08:59:28    -3717.564907        0.035627
BFGS:   74 08:59:31    -3717.565212        0.027238
BFGS:   75 08:59:33    -3717.565434        0.024692
BFGS:   76 08:59:35    -3717.565656        0.024221
BFGS:   77 08:59:37    -3717.565933        0.037999
BFGS:   78 08:59:39    -3717.566286        0.041618
BFGS:   79 08:59:41    -3717.566651        0.034979
BFGS:   80 08:59:43    -3717.566955        0.034891
BFGS:   81 08:59:45    -3717.567179        0.031034
BFGS:   82 08:59:48    -3717.567386        0.033312
BFGS:   83 08:59:50    -3717.567620        0.027608
BFGS:   84 08:59:52    -3717.567895        0.029719
BFGS:   85 08:59:54    -3717.568184        0.035324
BFGS:   86 08:59:56    -3717.568503        0.045919
BFGS:   87 08:59:59    -3717.568850        0.056422
BFGS:   88 09:00:01    -3717.569157        0.048144
BFGS:   89 09:00:03    -3717.569413        0.028933
BFGS:   90 09:00:05    -3717.569661        0.027601
BFGS:   91 09:00:07    -3717.569946        0.029657
BFGS:   92 09:00:09    -3717.570305        0.039491
BFGS:   93 09:00:11    -3717.570712        0.036683
BFGS:   94 09:00:13    -3717.571162        0.039906
BFGS:   95 09:00:16    -3717.571660        0.043925
BFGS:   96 09:00:18    -3717.572187        0.036054
BFGS:   97 09:00:20    -3717.572660        0.029913
BFGS:   98 09:00:22    -3717.573004        0.032393
BFGS:   99 09:00:25    -3717.573270        0.038003
BFGS:  100 09:00:27    -3717.573552        0.032951
BFGS:  101 09:00:29    -3717.573891        0.024633
BFGS:  102 09:00:31    -3717.574235        0.026296
BFGS:  103 09:00:33    -3717.574530        0.026444
BFGS:  104 09:00:35    -3717.574815        0.030566
BFGS:  105 09:00:37    -3717.575173        0.032115
BFGS:  106 09:00:39    -3717.575649        0.040597
BFGS:  107 09:00:41    -3717.576185        0.035016
BFGS:  108 09:00:43    -3717.576719        0.037795
BFGS:  109 09:00:45    -3717.577322        0.046003
BFGS:  110 09:00:48    -3717.578143        0.046280
BFGS:  111 09:00:50    -3717.579252        0.052798
BFGS:  112 09:00:52    -3717.580468        0.052789
BFGS:  113 09:00:54    -3717.581568        0.052016
BFGS:  114 09:00:57    -3717.582480        0.041635
BFGS:  115 09:00:59    -3717.583355        0.046554
BFGS:  116 09:01:01    -3717.584340        0.046879
BFGS:  117 09:01:03    -3717.585264        0.043913
BFGS:  118 09:01:05    -3717.585949        0.049088
BFGS:  119 09:01:07    -3717.586384        0.033668
BFGS:  120 09:01:09    -3717.586661        0.022935
BFGS:  121 09:01:11    -3717.586843        0.018514
BFGS:  122 09:01:13    -3717.587011        0.020177
BFGS:  123 09:01:15    -3717.587232        0.021521
BFGS:  124 09:01:18    -3717.587564        0.031535
BFGS:  125 09:01:20    -3717.587982        0.037892
BFGS:  126 09:01:22    -3717.588400        0.033141
BFGS:  127 09:01:24    -3717.588757        0.027327
BFGS:  128 09:01:26    -3717.589091        0.024648
BFGS:  129 09:01:28    -3717.589421        0.028854
BFGS:  130 09:01:30    -3717.589724        0.026204
BFGS:  131 09:01:32    -3717.589979        0.028507
BFGS:  132 09:01:35    -3717.590222        0.026651
BFGS:  133 09:01:37    -3717.590443        0.022779
BFGS:  134 09:01:39    -3717.590720        0.026630
BFGS:  135 09:01:41    -3717.591006        0.031404
BFGS:  136 09:01:43    -3717.591277        0.029218
BFGS:  137 09:01:45    -3717.591539        0.024089
BFGS:  138 09:01:48    -3717.591720        0.025112
BFGS:  139 09:01:50    -3717.591899        0.020455
BFGS:  140 09:01:52    -3717.592013        0.016094
BFGS:  141 09:01:54    -3717.592101        0.015128
BFGS:  142 09:01:56    -3717.592236        0.013777
BFGS:  143 09:01:58    -3717.592301        0.013159
BFGS:  144 09:02:00    -3717.592352        0.010341
BFGS:  145 09:02:02    -3717.592396        0.008516
