      Step     Time          Energy          fmax
BFGS:    0 09:09:36    -1100.522543     1459.459270
BFGS:    1 09:09:36    -2050.907195      199.857698
BFGS:    2 09:09:37    -2085.609934      163.421072
BFGS:    3 09:09:38    -2123.345171      135.490258
BFGS:    4 09:09:39    -2159.134794       71.256142
BFGS:    5 09:09:40    -2175.299543       21.406970
BFGS:    6 09:09:41    -2181.392426       15.789269
BFGS:    7 09:09:41    -2184.081272        9.908880
BFGS:    8 09:09:42    -2185.539948        5.272631
BFGS:    9 09:09:43    -2186.490748        4.068731
BFGS:   10 09:09:44    -2187.256965        3.736063
BFGS:   11 09:09:45    -2187.549605        2.823622
BFGS:   12 09:09:46    -2187.822572        3.093932
BFGS:   13 09:09:47    -2188.020884        3.190498
BFGS:   14 09:09:47    -2188.134601        3.000849
BFGS:   15 09:09:48    -2188.289611        3.056422
BFGS:   16 09:09:49    -2188.390187        3.081112
BFGS:   17 09:09:50    -2188.520528        3.035399
BFGS:   18 09:09:52    -2188.604189        3.858920
BFGS:   19 09:09:53    -2189.001793        2.543915
BFGS:   20 09:09:54    -2189.293606        2.284143
BFGS:   21 09:09:55    -2189.609809        1.739787
BFGS:   22 09:09:55    -2189.765586        0.905514
BFGS:   23 09:09:56    -2189.804909        0.735588
BFGS:   24 09:09:57    -2189.861194        0.834070
BFGS:   25 09:09:57    -2189.874479        0.843073
BFGS:   26 09:09:58    -2189.895774        0.691415
BFGS:   27 09:09:58    -2189.913051        0.523199
BFGS:   28 09:09:59    -2189.932359        0.538493
BFGS:   29 09:10:00    -2189.958072        0.566026
BFGS:   30 09:10:00    -2190.001613        0.556480
BFGS:   31 09:10:01    -2190.182040        1.513864
BFGS:   32 09:10:03    -2190.234623        2.620333
BFGS:   33 09:10:03    -2190.523227        1.468138
BFGS:   34 09:10:04    -2190.729327        1.513731
BFGS:   35 09:10:05    -2190.989146        1.837483
BFGS:   36 09:10:06    -2191.175156        1.860746
BFGS:   37 09:10:07    -2191.723959        2.975950
BFGS:   38 09:10:08    -2192.011428        3.298412
BFGS:   39 09:10:09    -2192.210096        2.977214
BFGS:   40 09:10:10    -2192.492932        1.995289
BFGS:   41 09:10:11    -2192.666353        1.409856
BFGS:   42 09:10:11    -2192.816581        1.170221
BFGS:   43 09:10:12    -2192.915896        1.091701
BFGS:   44 09:10:13    -2192.992880        0.975393
BFGS:   45 09:10:14    -2193.074475        1.017252
BFGS:   46 09:10:15    -2193.169865        0.852255
BFGS:   47 09:10:16    -2193.265476        0.845408
BFGS:   48 09:10:17    -2193.360597        1.210060
BFGS:   49 09:10:17    -2193.466695        1.461018
BFGS:   50 09:10:18    -2193.613769        1.563865
BFGS:   51 09:10:19    -2193.804180        1.858496
BFGS:   52 09:10:20    -2193.979254        2.147208
BFGS:   53 09:10:21    -2194.223715        2.262916
BFGS:   54 09:10:22    -2194.513245        2.445069
BFGS:   55 09:10:23    -2194.871738        2.418285
BFGS:   56 09:10:24    -2195.379643        2.049411
BFGS:   57 09:10:25    -2195.828864        2.325373
BFGS:   58 09:10:25    -2196.174832        2.761300
BFGS:   59 09:10:26    -2196.576025        2.970187
BFGS:   60 09:10:27    -2196.978368        3.042850
BFGS:   61 09:10:28    -2197.279543        2.685525
BFGS:   62 09:10:29    -2197.495991        2.580067
BFGS:   63 09:10:30    -2197.634114        2.312163
BFGS:   64 09:10:30    -2197.761253        2.233369
BFGS:   65 09:10:31    -2197.910908        1.943832
BFGS:   66 09:10:32    -2198.042110        1.422025
BFGS:   67 09:10:33    -2198.131141        1.133286
BFGS:   68 09:10:34    -2198.186513        1.004071
BFGS:   69 09:10:34    -2198.232205        0.817419
BFGS:   70 09:10:35    -2198.276637        0.724635
BFGS:   71 09:10:36    -2198.318342        0.625367
BFGS:   72 09:10:36    -2198.356399        0.530064
BFGS:   73 09:10:37    -2198.387522        0.468673
BFGS:   74 09:10:38    -2198.408703        0.479583
BFGS:   75 09:10:38    -2198.424603        0.499853
BFGS:   76 09:10:39    -2198.437880        0.466024
BFGS:   77 09:10:40    -2198.452781        0.435219
BFGS:   78 09:10:40    -2198.465377        0.429651
BFGS:   79 09:10:41    -2198.475819        0.347702
BFGS:   80 09:10:41    -2198.483240        0.229857
BFGS:   81 09:10:42    -2198.488147        0.195797
BFGS:   82 09:10:42    -2198.491618        0.190782
BFGS:   83 09:10:43    -2198.494904        0.207022
BFGS:   84 09:10:43    -2198.498462        0.219628
BFGS:   85 09:10:44    -2198.502026        0.248032
BFGS:   86 09:10:45    -2198.505213        0.204540
BFGS:   87 09:10:45    -2198.507954        0.203626
BFGS:   88 09:10:46    -2198.510525        0.222416
BFGS:   89 09:10:46    -2198.513185        0.197881
BFGS:   90 09:10:47    -2198.515876        0.203481
BFGS:   91 09:10:47    -2198.518560        0.223870
BFGS:   92 09:10:48    -2198.521428        0.242638
BFGS:   93 09:10:49    -2198.524736        0.262868
BFGS:   94 09:10:49    -2198.528488        0.264650
BFGS:   95 09:10:50    -2198.532683        0.263506
BFGS:   96 09:10:50    -2198.537470        0.284641
BFGS:   97 09:10:51    -2198.542920        0.309955
BFGS:   98 09:10:52    -2198.549014        0.350939
BFGS:   99 09:10:52    -2198.555958        0.378098
BFGS:  100 09:10:53    -2198.563861        0.369583
BFGS:  101 09:10:54    -2198.571995        0.387385
BFGS:  102 09:10:54    -2198.579974        0.442536
BFGS:  103 09:10:55    -2198.587596        0.470690
BFGS:  104 09:10:56    -2198.594814        0.456029
BFGS:  105 09:10:56    -2198.601974        0.414681
BFGS:  106 09:10:57    -2198.609903        0.358979
BFGS:  107 09:10:58    -2198.618827        0.345728
BFGS:  108 09:10:59    -2198.628788        0.368269
BFGS:  109 09:11:00    -2198.639154        0.377334
BFGS:  110 09:11:00    -2198.649480        0.368361
BFGS:  111 09:11:01    -2198.661022        0.335308
BFGS:  112 09:11:02    -2198.677012        0.317725
BFGS:  113 09:11:03    -2198.699396        0.321162
BFGS:  114 09:11:04    -2198.724784        0.362368
BFGS:  115 09:11:05    -2198.752824        0.472540
BFGS:  116 09:11:05    -2198.782637        0.523059
BFGS:  117 09:11:06    -2198.821758        0.685904
BFGS:  118 09:11:07    -2198.868334        0.773204
BFGS:  119 09:11:08    -2198.921357        0.793388
BFGS:  120 09:11:09    -2198.983879        0.671139
BFGS:  121 09:11:09    -2199.016734        0.745837
BFGS:  122 09:11:10    -2199.079216        0.685632
BFGS:  123 09:11:11    -2199.118221        0.626548
BFGS:  124 09:11:12    -2199.164323        0.544167
BFGS:  125 09:11:13    -2199.209458        0.744109
BFGS:  126 09:11:14    -2199.249642        0.503655
BFGS:  127 09:11:14    -2199.299663        0.565057
BFGS:  128 09:11:16    -2199.334887        0.572286
BFGS:  129 09:11:16    -2199.386871        0.561548
BFGS:  130 09:11:17    -2199.424245        0.634974
BFGS:  131 09:11:19    -2199.467676        0.735085
BFGS:  132 09:11:20    -2199.511679        0.775237
BFGS:  133 09:11:21    -2199.559272        0.806417
BFGS:  134 09:11:22    -2199.592570        0.780480
BFGS:  135 09:11:22    -2199.640298        0.716988
BFGS:  136 09:11:23    -2199.671816        0.656706
BFGS:  137 09:11:24    -2199.713122        0.531856
BFGS:  138 09:11:25    -2199.750556        0.630692
BFGS:  139 09:11:26    -2199.799750        0.628009
BFGS:  140 09:11:26    -2199.833990        0.526793
BFGS:  141 09:11:27    -2199.882930        0.713097
BFGS:  142 09:11:28    -2199.927086        0.808176
BFGS:  143 09:11:29    -2199.976494        0.751409
BFGS:  144 09:11:30    -2200.010991        1.429816
BFGS:  145 09:11:31    -2200.038925        1.338513
BFGS:  146 09:11:32    -2200.062915        1.454953
BFGS:  147 09:11:33    -2200.101454        0.564073
BFGS:  148 09:11:33    -2200.123848        0.876161
BFGS:  149 09:11:34    -2200.157638        0.973946
BFGS:  150 09:11:35    -2200.187446        0.949546
BFGS:  151 09:11:36    -2200.214026        0.622145
BFGS:  152 09:11:37    -2200.233841        0.659329
BFGS:  153 09:11:38    -2200.250656        0.780388
BFGS:  154 09:11:39    -2200.265688        0.649828
BFGS:  155 09:11:39    -2200.282747        0.512239
BFGS:  156 09:11:40    -2200.299505        0.533886
BFGS:  157 09:11:41    -2200.314551        0.560867
BFGS:  158 09:11:41    -2200.335571        0.603598
BFGS:  159 09:11:42    -2200.363088        0.514124
BFGS:  160 09:11:44    -2200.388351        0.573578
BFGS:  161 09:11:45    -2200.405709        0.685737
BFGS:  162 09:11:46    -2200.419594        0.570629
BFGS:  163 09:11:46    -2200.437049        0.698905
BFGS:  164 09:11:47    -2200.464373        0.543355
BFGS:  165 09:11:48    -2200.494468        0.630251
BFGS:  166 09:11:49    -2200.519808        0.441944
BFGS:  167 09:11:50    -2200.543992        0.718068
BFGS:  168 09:11:51    -2200.585105        0.407926
BFGS:  169 09:11:52    -2200.617211        0.377684
BFGS:  170 09:11:53    -2200.651571        0.419832
BFGS:  171 09:11:54    -2200.679620        0.583356
BFGS:  172 09:11:55    -2200.706669        1.023514
BFGS:  173 09:11:56    -2200.768293        1.111380
BFGS:  174 09:11:57    -2200.854890        0.646418
BFGS:  175 09:11:58    -2200.928934        0.702624
BFGS:  176 09:11:59    -2201.017865        0.667977
BFGS:  177 09:12:00    -2201.066117        0.902708
BFGS:  178 09:12:02    -2201.148473        0.887109
BFGS:  179 09:12:03    -2201.211447        0.847481
BFGS:  180 09:12:04    -2201.292961        0.557926
BFGS:  181 09:12:05    -2201.394562        0.526069
BFGS:  182 09:12:06    -2201.447020        0.551938
BFGS:  183 09:12:07    -2201.492461        0.655283
BFGS:  184 09:12:07    -2201.544305        0.739636
BFGS:  185 09:12:08    -2201.602022        0.613425
BFGS:  186 09:12:09    -2201.681951        0.629619
BFGS:  187 09:12:12    -2201.755643        0.699977
BFGS:  188 09:12:12    -2201.821070        0.549849
BFGS:  189 09:12:13    -2201.874053        0.439884
BFGS:  190 09:12:16    -2201.905466        0.419988
BFGS:  191 09:12:17    -2201.933918        0.451865
BFGS:  192 09:12:18    -2201.975824        0.535553
BFGS:  193 09:12:19    -2202.014591        0.670390
BFGS:  194 09:12:20    -2202.062261        0.375655
BFGS:  195 09:12:20    -2202.100387        0.407841
BFGS:  196 09:12:22    -2202.129586        0.391664
BFGS:  197 09:12:22    -2202.152234        0.445856
BFGS:  198 09:12:23    -2202.191565        0.553832
BFGS:  199 09:12:24    -2202.245833        0.457776
BFGS:  200 09:12:26    -2202.305699        0.562274
