      Step     Time          Energy          fmax
BFGS:    0 09:01:31    -3333.917812        8.164355
BFGS:    1 09:01:34    -3337.867130        5.245747
BFGS:    2 09:01:37    -3339.391747        4.614100
BFGS:    3 09:01:40    -3340.551831        4.245730
BFGS:    4 09:01:43    -3341.278322        1.693632
BFGS:    5 09:01:46    -3341.604908        0.939671
BFGS:    6 09:01:49    -3341.813746        1.779503
BFGS:    7 09:01:51    -3341.871240        0.876360
BFGS:    8 09:01:53    -3341.943401        0.590281
BFGS:    9 09:01:56    -3342.042487        0.730803
BFGS:   10 09:01:58    -3342.090311        0.740313
BFGS:   11 09:02:01    -3342.241863        0.903315
BFGS:   12 09:02:03    -3342.511476        1.433670
BFGS:   13 09:02:06    -3342.775039        2.174863
BFGS:   14 09:02:08    -3343.035184        2.930324
BFGS:   15 09:02:10    -3343.285989        3.581845
BFGS:   16 09:02:12    -3343.435837        3.857113
BFGS:   17 09:02:13    -3343.521188        3.919694
BFGS:   18 09:02:15    -3343.608575        4.014964
BFGS:   19 09:02:17    -3343.677180        4.050645
BFGS:   20 09:02:19    -3343.834990        4.124991
BFGS:   21 09:02:21    -3344.047700        4.183715
BFGS:   22 09:02:23    -3344.366155        4.288060
BFGS:   23 09:02:25    -3344.712791        4.432237
BFGS:   24 09:02:26    -3345.122292        4.357978
BFGS:   25 09:02:28    -3345.356890        5.394356
BFGS:   26 09:02:30    -3345.819551        4.611833
BFGS:   27 09:02:32    -3346.364465        3.869039
BFGS:   28 09:02:34    -3347.270100        2.798607
BFGS:   29 09:02:36    -3347.750064        3.655727
BFGS:   30 09:02:39    -3347.789545        4.330143
BFGS:   31 09:02:40    -3348.909097        3.762155
BFGS:   32 09:02:42    -3349.581043        3.065190
BFGS:   33 09:02:44    -3350.131204        2.872761
BFGS:   34 09:02:47    -3350.642430        2.810680
BFGS:   35 09:02:49    -3351.191353        3.402300
BFGS:   36 09:02:52    -3351.689296        3.355841
BFGS:   37 09:02:54    -3352.100905        3.030107
BFGS:   38 09:02:56    -3352.479336        2.314460
BFGS:   39 09:02:58    -3352.695823        2.506787
BFGS:   40 09:03:00    -3352.977184        2.704704
BFGS:   41 09:03:02    -3353.460180        2.848825
BFGS:   42 09:03:03    -3354.225881        3.449602
BFGS:   43 09:03:05    -3354.531287        4.179099
BFGS:   44 09:03:06    -3355.087543        2.836617
BFGS:   45 09:03:07    -3355.519440        2.607635
BFGS:   46 09:03:09    -3355.894373        2.837248
BFGS:   47 09:03:10    -3356.123743        2.643610
BFGS:   48 09:03:11    -3356.287514        2.444391
BFGS:   49 09:03:13    -3356.549171        2.760937
BFGS:   50 09:03:14    -3356.677438        2.586101
BFGS:   51 09:03:15    -3356.919994        2.254387
BFGS:   52 09:03:16    -3357.099626        1.883020
BFGS:   53 09:03:18    -3357.285723        1.839227
BFGS:   54 09:03:19    -3357.416966        1.875529
BFGS:   55 09:03:20    -3357.532897        2.113295
BFGS:   56 09:03:21    -3357.651331        2.204597
BFGS:   57 09:03:23    -3357.760900        2.156257
BFGS:   58 09:03:24    -3357.855939        2.122689
BFGS:   59 09:03:25    -3357.952683        1.976764
BFGS:   60 09:03:27    -3358.054996        1.849680
BFGS:   61 09:03:28    -3358.163016        1.757362
BFGS:   62 09:03:29    -3358.285662        1.708013
BFGS:   63 09:03:31    -3358.452811        1.999318
BFGS:   64 09:03:32    -3358.726756        2.646313
BFGS:   65 09:03:34    -3358.906601        2.324185
BFGS:   66 09:03:35    -3359.199146        2.254962
BFGS:   67 09:03:37    -3359.519688        2.008540
BFGS:   68 09:03:38    -3359.687076        1.928502
BFGS:   69 09:03:39    -3359.857868        1.700948
BFGS:   70 09:03:41    -3359.985045        1.657922
BFGS:   71 09:03:42    -3360.073752        1.721968
BFGS:   72 09:03:43    -3360.146671        1.550455
BFGS:   73 09:03:44    -3360.235020        1.466067
BFGS:   74 09:03:45    -3360.350139        1.411526
BFGS:   75 09:03:47    -3360.481645        1.510099
BFGS:   76 09:03:48    -3360.617544        1.417895
BFGS:   77 09:03:49    -3360.757199        1.307913
BFGS:   78 09:03:51    -3360.904665        1.061487
BFGS:   79 09:03:52    -3361.047853        0.957517
BFGS:   80 09:03:53    -3361.169511        0.828868
BFGS:   81 09:03:55    -3361.266380        0.834869
BFGS:   82 09:03:56    -3361.353751        0.764274
BFGS:   83 09:03:57    -3361.441971        0.711411
BFGS:   84 09:03:58    -3361.540911        0.642826
BFGS:   85 09:03:59    -3361.655292        0.683207
BFGS:   86 09:04:01    -3361.774250        0.728715
BFGS:   87 09:04:02    -3361.886033        0.628742
BFGS:   88 09:04:04    -3361.984269        0.520278
BFGS:   89 09:04:05    -3362.066647        0.569480
BFGS:   90 09:04:06    -3362.138392        0.450830
BFGS:   91 09:04:08    -3362.202603        0.429345
BFGS:   92 09:04:09    -3362.262654        0.402692
BFGS:   93 09:04:11    -3362.325451        0.522360
BFGS:   94 09:04:12    -3362.377461        0.418573
BFGS:   95 09:04:14    -3362.425336        0.431964
BFGS:   96 09:04:15    -3362.466806        0.409724
BFGS:   97 09:04:16    -3362.504503        0.355363
BFGS:   98 09:04:18    -3362.530863        0.276931
BFGS:   99 09:04:19    -3362.552391        0.192497
BFGS:  100 09:04:20    -3362.566540        0.184119
BFGS:  101 09:04:21    -3362.578114        0.204731
BFGS:  102 09:04:22    -3362.587605        0.178485
BFGS:  103 09:04:23    -3362.595998        0.175858
BFGS:  104 09:04:24    -3362.603680        0.177034
BFGS:  105 09:04:25    -3362.612066        0.194453
BFGS:  106 09:04:26    -3362.621819        0.194149
BFGS:  107 09:04:27    -3362.632514        0.200912
BFGS:  108 09:04:28    -3362.643359        0.189550
BFGS:  109 09:04:29    -3362.654600        0.196475
BFGS:  110 09:04:30    -3362.667159        0.197556
BFGS:  111 09:04:31    -3362.680346        0.192107
BFGS:  112 09:04:33    -3362.691705        0.178331
BFGS:  113 09:04:33    -3362.699956        0.172479
BFGS:  114 09:04:34    -3362.706426        0.156132
BFGS:  115 09:04:36    -3362.712945        0.174047
BFGS:  116 09:04:37    -3362.720556        0.185766
BFGS:  117 09:04:38    -3362.727321        0.148103
BFGS:  118 09:04:39    -3362.732477        0.131750
BFGS:  119 09:04:40    -3362.737232        0.140980
BFGS:  120 09:04:41    -3362.741872        0.126115
BFGS:  121 09:04:42    -3362.746370        0.100326
BFGS:  122 09:04:43    -3362.750320        0.097970
BFGS:  123 09:04:44    -3362.753467        0.105693
BFGS:  124 09:04:45    -3362.755749        0.079491
BFGS:  125 09:04:46    -3362.757318        0.070135
BFGS:  126 09:04:46    -3362.758412        0.044969
BFGS:  127 09:04:47    -3362.759191        0.050151
BFGS:  128 09:04:48    -3362.759710        0.040739
BFGS:  129 09:04:49    -3362.760044        0.029391
BFGS:  130 09:04:50    -3362.760279        0.025320
BFGS:  131 09:04:51    -3362.760470        0.025514
BFGS:  132 09:04:52    -3362.760625        0.023738
BFGS:  133 09:04:52    -3362.760743        0.022163
BFGS:  134 09:04:53    -3362.760840        0.019434
BFGS:  135 09:04:54    -3362.760941        0.028210
BFGS:  136 09:04:55    -3362.761046        0.027124
BFGS:  137 09:04:56    -3362.761138        0.018858
BFGS:  138 09:04:57    -3362.761210        0.011956
BFGS:  139 09:04:58    -3362.761272        0.011715
BFGS:  140 09:04:58    -3362.761338        0.013192
BFGS:  141 09:04:59    -3362.761417        0.014726
BFGS:  142 09:05:00    -3362.761487        0.016277
BFGS:  143 09:05:01    -3362.761551        0.011459
BFGS:  144 09:05:02    -3362.761599        0.010015
BFGS:  145 09:05:02    -3362.761632        0.009581
