      Step     Time          Energy          fmax
BFGS:    0 09:12:41    -3288.827782        3.745442
BFGS:    1 09:12:43    -3290.550870        2.352090
BFGS:    2 09:12:45    -3291.422743        2.119376
BFGS:    3 09:12:47    -3292.975682        3.243442
BFGS:    4 09:12:49    -3293.674620        1.868894
BFGS:    5 09:12:51    -3294.297264        1.965937
BFGS:    6 09:12:53    -3294.916199        1.729052
BFGS:    7 09:12:55    -3295.753868        1.823374
BFGS:    8 09:12:57    -3296.348331        1.287528
BFGS:    9 09:12:59    -3296.606386        1.841193
BFGS:   10 09:13:01    -3296.693607        1.221348
BFGS:   11 09:13:02    -3296.764665        0.510955
BFGS:   12 09:13:04    -3296.854663        0.492244
BFGS:   13 09:13:06    -3296.962754        0.876806
BFGS:   14 09:13:08    -3297.062827        0.743961
BFGS:   15 09:13:10    -3297.145362        0.492860
BFGS:   16 09:13:12    -3297.231347        0.852037
BFGS:   17 09:13:14    -3297.358984        1.733003
BFGS:   18 09:13:17    -3297.601956        1.993250
BFGS:   19 09:13:19    -3298.043110        3.051758
BFGS:   20 09:13:21    -3298.147102        2.667896
BFGS:   21 09:13:23    -3298.789409        4.031626
BFGS:   22 09:13:25    -3299.582357        2.512803
BFGS:   23 09:13:27    -3300.309393        1.934560
BFGS:   24 09:13:29    -3299.419339       16.504639
BFGS:   25 09:13:31    -3301.022811        2.478796
BFGS:   26 09:13:32    -3301.311624        1.601143
BFGS:   27 09:13:35    -3301.241543       10.485214
BFGS:   28 09:13:37    -3302.011736        1.370576
BFGS:   29 09:13:39    -3302.288034        1.242364
BFGS:   30 09:13:41    -3302.690940        1.285229
BFGS:   31 09:13:42    -3302.828790        0.999334
BFGS:   32 09:13:44    -3303.008115        1.157958
BFGS:   33 09:13:46    -3303.207699        1.377312
BFGS:   34 09:13:48    -3303.496426        1.554426
BFGS:   35 09:13:50    -3303.748225        1.738998
BFGS:   36 09:13:52    -3303.909820        1.836663
BFGS:   37 09:13:54    -3304.194445        1.284386
BFGS:   38 09:13:55    -3304.347903        1.226096
BFGS:   39 09:13:57    -3304.518223        1.300883
BFGS:   40 09:13:59    -3304.605463        0.834437
BFGS:   41 09:14:00    -3304.675744        0.508727
BFGS:   42 09:14:02    -3304.715833        0.430995
BFGS:   43 09:14:03    -3304.734175        0.785619
BFGS:   44 09:14:05    -3304.722037        1.763370
BFGS:   45 09:14:07    -3304.781141        0.559217
BFGS:   46 09:14:08    -3304.815525        0.824097
BFGS:   47 09:14:10    -3305.059514        2.028636
BFGS:   48 09:14:13    -3306.309622        5.344049
BFGS:   49 09:14:14    -3307.547146        5.864483
BFGS:   50 09:14:17    -3307.694375        3.413021
BFGS:   51 09:14:18    -3308.050004        1.811209
BFGS:   52 09:14:20    -3308.081355        7.722047
BFGS:   53 09:14:22    -3308.488951        2.960198
BFGS:   54 09:14:23    -3308.770627        2.258090
BFGS:   55 09:14:25    -3309.620919        4.255433
BFGS:   56 09:14:27    -3310.577639        6.624815
BFGS:   57 09:14:28    -3311.936415        6.760607
BFGS:   58 09:14:30    -3312.128509        5.268792
BFGS:   59 09:14:31    -3312.793900        4.998114
BFGS:   60 09:14:33    -3313.439480        3.998934
BFGS:   61 09:14:34    -3313.852927        6.937936
BFGS:   62 09:14:36    -3314.427335        2.614682
BFGS:   63 09:14:37    -3314.711913        2.609273
BFGS:   64 09:14:39    -3315.463190        2.121478
BFGS:   65 09:14:41    -3315.863447        1.476508
BFGS:   66 09:14:42    -3316.094348        1.483281
BFGS:   67 09:14:43    -3316.396570        1.682531
BFGS:   68 09:14:45    -3316.662646        1.134448
BFGS:   69 09:14:46    -3316.889352        1.074625
BFGS:   70 09:14:47    -3317.031526        0.977048
BFGS:   71 09:14:49    -3317.167457        0.921037
BFGS:   72 09:14:50    -3317.288657        1.401893
BFGS:   73 09:14:52    -3317.415819        1.045488
BFGS:   74 09:14:53    -3317.512068        0.808639
BFGS:   75 09:14:55    -3317.592055        0.442745
BFGS:   76 09:14:56    -3317.636765        0.386068
BFGS:   77 09:14:57    -3317.683557        0.412777
BFGS:   78 09:14:58    -3317.705998        0.394224
BFGS:   79 09:14:59    -3317.729327        0.333165
BFGS:   80 09:15:01    -3317.749548        0.367880
BFGS:   81 09:15:02    -3317.767771        0.322411
BFGS:   82 09:15:03    -3317.780517        0.215405
BFGS:   83 09:15:04    -3317.789541        0.226954
BFGS:   84 09:15:05    -3317.800915        0.327489
BFGS:   85 09:15:06    -3317.820100        0.444161
BFGS:   86 09:15:07    -3317.847779        0.451322
BFGS:   87 09:15:09    -3317.880377        0.357760
BFGS:   88 09:15:10    -3317.914967        0.429110
BFGS:   89 09:15:11    -3317.951592        0.498802
BFGS:   90 09:15:12    -3317.984800        0.421935
BFGS:   91 09:15:14    -3318.015048        0.373371
BFGS:   92 09:15:15    -3318.049897        0.391109
BFGS:   93 09:15:16    -3318.088024        0.437847
BFGS:   94 09:15:17    -3318.130696        0.585856
BFGS:   95 09:15:19    -3318.169604        0.507619
BFGS:   96 09:15:20    -3318.201283        0.828610
BFGS:   97 09:15:21    -3318.225363        0.535915
BFGS:   98 09:15:22    -3318.249144        0.939360
BFGS:   99 09:15:24    -3318.284571        0.942298
BFGS:  100 09:15:25    -3318.323218        0.715361
BFGS:  101 09:15:26    -3318.383468        0.449189
BFGS:  102 09:15:27    -3318.414948        0.548687
BFGS:  103 09:15:29    -3318.459150        0.365995
BFGS:  104 09:15:30    -3318.492127        0.323026
BFGS:  105 09:15:31    -3318.524034        0.407572
BFGS:  106 09:15:32    -3318.548296        0.302428
BFGS:  107 09:15:34    -3318.563662        0.293403
BFGS:  108 09:15:35    -3318.576067        0.302513
BFGS:  109 09:15:36    -3318.590396        0.279697
BFGS:  110 09:15:37    -3318.605741        0.314972
BFGS:  111 09:15:38    -3318.620551        0.208614
BFGS:  112 09:15:39    -3318.633787        0.230682
BFGS:  113 09:15:41    -3318.647194        0.253823
BFGS:  114 09:15:42    -3318.667653        0.377250
BFGS:  115 09:15:43    -3318.697231        0.436023
BFGS:  116 09:15:44    -3318.731432        0.495970
BFGS:  117 09:15:46    -3318.764221        0.745124
BFGS:  118 09:15:47    -3318.800210        0.485480
BFGS:  119 09:15:48    -3318.839294        0.619615
BFGS:  120 09:15:50    -3318.891271        0.579642
BFGS:  121 09:15:51    -3318.946977        0.736850
BFGS:  122 09:15:53    -3318.992250        0.842915
BFGS:  123 09:15:54    -3319.060204        0.932669
BFGS:  124 09:15:55    -3319.112402        0.967268
BFGS:  125 09:15:57    -3319.205346        0.602308
BFGS:  126 09:15:58    -3319.266257        0.877750
BFGS:  127 09:15:59    -3319.310969        0.548275
BFGS:  128 09:16:00    -3319.366528        0.554625
BFGS:  129 09:16:02    -3319.442501        0.955872
BFGS:  130 09:16:03    -3319.503872        0.961492
BFGS:  131 09:16:05    -3319.598271        1.175878
BFGS:  132 09:16:06    -3319.668186        1.532348
BFGS:  133 09:16:07    -3319.775231        1.235442
BFGS:  134 09:16:09    -3319.868180        2.409066
BFGS:  135 09:16:10    -3319.987917        1.160063
BFGS:  136 09:16:12    -3320.085714        2.748345
BFGS:  137 09:16:13    -3320.243905        1.946316
BFGS:  138 09:16:14    -3320.431500        0.785060
BFGS:  139 09:16:16    -3320.548901        0.938573
BFGS:  140 09:16:17    -3320.711180        0.970358
BFGS:  141 09:16:18    -3320.844223        1.080963
BFGS:  142 09:16:20    -3321.005430        2.404454
BFGS:  143 09:16:21    -3321.142946        1.740292
BFGS:  144 09:16:23    -3321.337304        3.038638
BFGS:  145 09:16:24    -3321.010990        4.914394
BFGS:  146 09:16:26    -3321.617476        2.260535
BFGS:  147 09:16:27    -3321.629306        5.691176
BFGS:  148 09:16:28    -3321.825725        1.419266
BFGS:  149 09:16:30    -3321.904768        1.182904
BFGS:  150 09:16:31    -3322.004869        1.635269
BFGS:  151 09:16:32    -3322.068678        1.233469
BFGS:  152 09:16:33    -3322.121594        0.772461
BFGS:  153 09:16:35    -3322.180855        0.877753
BFGS:  154 09:16:36    -3322.238577        0.826764
BFGS:  155 09:16:37    -3322.290327        0.556912
BFGS:  156 09:16:38    -3322.336889        0.445410
BFGS:  157 09:16:40    -3322.383955        0.525130
BFGS:  158 09:16:41    -3322.415986        0.284319
BFGS:  159 09:16:42    -3322.440493        0.285145
BFGS:  160 09:16:43    -3322.471010        0.385562
BFGS:  161 09:16:45    -3322.493022        0.331641
BFGS:  162 09:16:46    -3322.511925        0.340362
BFGS:  163 09:16:47    -3322.531729        0.361429
BFGS:  164 09:16:48    -3322.554743        0.345491
BFGS:  165 09:16:49    -3322.579572        0.397383
BFGS:  166 09:16:50    -3322.609567        0.605096
BFGS:  167 09:16:52    -3322.642559        0.569922
BFGS:  168 09:16:53    -3322.679982        0.460148
BFGS:  169 09:16:54    -3322.712968        0.543213
BFGS:  170 09:16:55    -3322.741363        0.312255
BFGS:  171 09:16:56    -3322.778150        0.366206
BFGS:  172 09:16:57    -3322.815257        0.430189
BFGS:  173 09:16:58    -3322.853288        0.414169
BFGS:  174 09:16:59    -3322.895050        0.451311
BFGS:  175 09:17:01    -3322.939217        0.564805
BFGS:  176 09:17:02    -3322.987996        0.510831
BFGS:  177 09:17:03    -3323.043412        0.499423
BFGS:  178 09:17:05    -3323.101158        0.479380
BFGS:  179 09:17:06    -3323.155629        0.523778
BFGS:  180 09:17:07    -3323.212123        0.963858
BFGS:  181 09:17:09    -3323.264391        0.562419
BFGS:  182 09:17:10    -3323.346154        0.569645
BFGS:  183 09:17:11    -3323.436224        0.579575
BFGS:  184 09:17:12    -3323.494087        0.815038
BFGS:  185 09:17:14    -3323.536212        0.775479
BFGS:  186 09:17:15    -3323.577225        0.543380
BFGS:  187 09:17:16    -3323.620711        0.590899
BFGS:  188 09:17:17    -3323.671223        0.450399
BFGS:  189 09:17:18    -3323.719391        0.619415
BFGS:  190 09:17:20    -3323.756875        1.019087
BFGS:  191 09:17:21    -3323.789248        0.579331
BFGS:  192 09:17:22    -3323.832625        0.897300
BFGS:  193 09:17:24    -3323.880770        0.387379
BFGS:  194 09:17:25    -3323.917957        0.451809
BFGS:  195 09:17:26    -3323.948696        0.385597
BFGS:  196 09:17:27    -3323.994004        0.463081
BFGS:  197 09:17:29    -3324.066737        0.629611
BFGS:  198 09:17:30    -3324.115340        0.837335
BFGS:  199 09:17:31    -3324.181196        0.795461
BFGS:  200 09:17:32    -3324.235949        0.727534
