      Step     Time          Energy          fmax
BFGS:    0 08:34:06    -3620.016434       68.126223
BFGS:    1 08:34:09    -3657.116344        6.592433
BFGS:    2 08:34:11    -3659.910014        3.461637
BFGS:    3 08:34:13    -3661.081933        1.591147
BFGS:    4 08:34:15    -3661.398737        1.107618
BFGS:    5 08:34:17    -3661.624048        0.612617
BFGS:    6 08:34:19    -3661.727637        0.687971
BFGS:    7 08:34:21    -3661.820967        0.845883
BFGS:    8 08:34:23    -3661.889008        0.568518
BFGS:    9 08:34:24    -3661.938713        0.567769
BFGS:   10 08:34:26    -3661.978509        0.407996
BFGS:   11 08:34:28    -3662.014220        0.415152
BFGS:   12 08:34:30    -3662.054608        0.626622
BFGS:   13 08:34:32    -3662.111470        0.700304
BFGS:   14 08:34:33    -3662.174423        0.657343
BFGS:   15 08:34:35    -3662.236594        0.520673
BFGS:   16 08:34:38    -3662.313811        0.456003
BFGS:   17 08:34:40    -3662.394904        0.774181
BFGS:   18 08:34:42    -3662.455694        0.743695
BFGS:   19 08:34:44    -3662.531176        0.442369
BFGS:   20 08:34:46    -3662.555164        0.360548
BFGS:   21 08:34:48    -3662.580709        0.312593
BFGS:   22 08:34:49    -3662.598263        0.288436
BFGS:   23 08:34:51    -3662.615374        0.151190
BFGS:   24 08:34:53    -3662.625867        0.141616
BFGS:   25 08:34:55    -3662.637860        0.247079
BFGS:   26 08:34:57    -3662.652989        0.244497
BFGS:   27 08:34:59    -3662.671107        0.223616
BFGS:   28 08:35:01    -3662.710610        0.595405
BFGS:   29 08:35:04    -3662.362860        1.499529
BFGS:   30 08:35:07    -3662.741381        0.594628
BFGS:   31 08:35:09    -3662.762633        0.661099
BFGS:   32 08:35:12    -3662.755923        1.133417
BFGS:   33 08:35:14    -3662.866036        0.704796
BFGS:   34 08:35:16    -3662.910950        0.589126
BFGS:   35 08:35:18    -3663.038601        0.250701
BFGS:   36 08:35:20    -3663.052601        0.233707
BFGS:   37 08:35:23    -3663.092652        0.214412
BFGS:   38 08:35:24    -3663.103188        0.196102
BFGS:   39 08:35:26    -3663.124632        0.203055
BFGS:   40 08:35:28    -3663.142435        0.224377
BFGS:   41 08:35:30    -3663.161506        0.268888
BFGS:   42 08:35:32    -3663.175112        0.265158
BFGS:   43 08:35:34    -3663.187245        0.201966
BFGS:   44 08:35:36    -3663.199527        0.195312
BFGS:   45 08:35:38    -3663.211664        0.256648
BFGS:   46 08:35:40    -3663.222193        0.173898
BFGS:   47 08:35:42    -3663.233594        0.191947
BFGS:   48 08:35:43    -3663.249710        0.228028
BFGS:   49 08:35:45    -3663.272071        0.233211
BFGS:   50 08:35:48    -3663.295916        0.278346
BFGS:   51 08:35:49    -3663.314482        0.230319
BFGS:   52 08:35:51    -3663.326749        0.238090
BFGS:   53 08:35:53    -3663.337491        0.236873
BFGS:   54 08:35:55    -3663.348925        0.186411
BFGS:   55 08:35:57    -3663.360769        0.222374
BFGS:   56 08:35:59    -3663.373787        0.200531
BFGS:   57 08:36:01    -3663.388708        0.280186
BFGS:   58 08:36:03    -3663.405390        0.259023
BFGS:   59 08:36:05    -3663.422991        0.236113
BFGS:   60 08:36:07    -3663.439989        0.227399
BFGS:   61 08:36:09    -3663.454498        0.206919
BFGS:   62 08:36:10    -3663.465943        0.200234
BFGS:   63 08:36:12    -3663.474739        0.166267
BFGS:   64 08:36:14    -3663.482030        0.162382
BFGS:   65 08:36:16    -3663.489553        0.222755
BFGS:   66 08:36:17    -3663.497136        0.194356
BFGS:   67 08:36:19    -3663.503045        0.102172
BFGS:   68 08:36:21    -3663.506917        0.088972
BFGS:   69 08:36:23    -3663.509779        0.100272
BFGS:   70 08:36:24    -3663.512399        0.128765
BFGS:   71 08:36:26    -3663.515137        0.105871
BFGS:   72 08:36:27    -3663.517940        0.081259
BFGS:   73 08:36:29    -3663.520698        0.077026
BFGS:   74 08:36:31    -3663.523431        0.108865
BFGS:   75 08:36:32    -3663.526147        0.108052
BFGS:   76 08:36:34    -3663.528814        0.071213
BFGS:   77 08:36:35    -3663.531843        0.092302
BFGS:   78 08:36:37    -3663.535863        0.134084
BFGS:   79 08:36:39    -3663.541000        0.162067
BFGS:   80 08:36:40    -3663.546428        0.131354
BFGS:   81 08:36:42    -3663.551561        0.113652
BFGS:   82 08:36:44    -3663.556298        0.114462
BFGS:   83 08:36:45    -3663.561088        0.167710
BFGS:   84 08:36:47    -3663.565654        0.152406
BFGS:   85 08:36:48    -3663.569126        0.076977
BFGS:   86 08:36:50    -3663.571515        0.061804
BFGS:   87 08:36:51    -3663.573619        0.082630
BFGS:   88 08:36:53    -3663.576404        0.124348
BFGS:   89 08:36:55    -3663.580545        0.135084
BFGS:   90 08:36:56    -3663.586533        0.138005
BFGS:   91 08:36:58    -3663.594216        0.147086
BFGS:   92 08:37:00    -3663.603771        0.243827
BFGS:   93 08:37:02    -3663.616095        0.289862
BFGS:   94 08:37:04    -3663.628052        0.280159
BFGS:   95 08:37:05    -3663.640248        0.253573
BFGS:   96 08:37:08    -3663.652954        0.264803
BFGS:   97 08:37:09    -3663.666420        0.284580
BFGS:   98 08:37:11    -3663.680648        0.301430
BFGS:   99 08:37:13    -3663.696022        0.315913
BFGS:  100 08:37:15    -3663.712565        0.327035
BFGS:  101 08:37:16    -3663.730508        0.333948
BFGS:  102 08:37:18    -3663.749788        0.338812
BFGS:  103 08:37:20    -3663.770075        0.341048
BFGS:  104 08:37:22    -3663.791782        0.341081
BFGS:  105 08:37:23    -3663.814521        0.339241
BFGS:  106 08:37:25    -3663.838309        0.336140
BFGS:  107 08:37:27    -3663.862753        0.332398
BFGS:  108 08:37:29    -3663.888295        0.372767
BFGS:  109 08:37:30    -3663.913905        0.405020
BFGS:  110 08:37:32    -3663.941066        0.433878
BFGS:  111 08:37:34    -3663.966128        0.450785
BFGS:  112 08:37:35    -3663.994929        0.468928
BFGS:  113 08:37:37    -3664.019007        0.472774
BFGS:  114 08:37:39    -3664.046799        0.477356
BFGS:  115 08:37:40    -3664.071630        0.471902
BFGS:  116 08:37:42    -3664.097699        0.462618
BFGS:  117 08:37:44    -3664.122561        0.447152
BFGS:  118 08:37:46    -3664.147489        0.427456
BFGS:  119 08:37:47    -3664.171554        0.403443
BFGS:  120 08:37:49    -3664.195506        0.376104
BFGS:  121 08:37:50    -3664.218707        0.345878
BFGS:  122 08:37:52    -3664.241525        0.313491
BFGS:  123 08:37:53    -3664.263646        0.317567
BFGS:  124 08:37:55    -3664.285458        0.322676
BFGS:  125 08:37:56    -3664.306615        0.327350
BFGS:  126 08:37:58    -3664.327508        0.332569
BFGS:  127 08:37:59    -3664.347691        0.337050
BFGS:  128 08:38:01    -3664.367940        0.342130
BFGS:  129 08:38:02    -3664.387316        0.345741
BFGS:  130 08:38:03    -3664.406906        0.350344
BFGS:  131 08:38:05    -3664.425363        0.352496
BFGS:  132 08:38:06    -3664.444632        0.356704
BFGS:  133 08:38:07    -3664.462302        0.357246
BFGS:  134 08:38:07    -3664.481272        0.360294
BFGS:  135 08:38:08    -3664.498601        0.359920
BFGS:  136 08:38:09    -3664.516855        0.360942
BFGS:  137 08:38:10    -3664.534084        0.360067
BFGS:  138 08:38:11    -3664.551633        0.359262
BFGS:  139 08:38:11    -3664.568662        0.357231
BFGS:  140 08:38:12    -3664.585791        0.355161
BFGS:  141 08:38:13    -3664.602603        0.351887
BFGS:  142 08:38:14    -3664.619390        0.348834
BFGS:  143 08:38:15    -3664.635916        0.344619
BFGS:  144 08:38:15    -3664.652446        0.340662
BFGS:  145 08:38:16    -3664.668744        0.335681
BFGS:  146 08:38:17    -3664.685026        0.330843
BFGS:  147 08:38:18    -3664.701107        0.325473
BFGS:  148 08:38:18    -3664.717146        0.319901
BFGS:  149 08:38:19    -3664.733012        0.313986
BFGS:  150 08:38:20    -3664.748829        0.308016
BFGS:  151 08:38:21    -3664.764476        0.301710
BFGS:  152 08:38:21    -3664.780085        0.300932
BFGS:  153 08:38:22    -3664.795510        0.303073
BFGS:  154 08:38:23    -3664.810912        0.304450
BFGS:  155 08:38:24    -3664.826121        0.305416
BFGS:  156 08:38:24    -3664.841331        0.305869
BFGS:  157 08:38:25    -3664.856318        0.305947
BFGS:  158 08:38:26    -3664.871346        0.305443
BFGS:  159 08:38:26    -3664.886117        0.304861
BFGS:  160 08:38:27    -3664.900984        0.303576
BFGS:  161 08:38:28    -3664.915507        0.302654
BFGS:  162 08:38:29    -3664.930241        0.300633
BFGS:  163 08:38:29    -3664.944505        0.299487
BFGS:  164 08:38:30    -3664.959101        0.296739
BFGS:  165 08:38:31    -3664.973156        0.295494
BFGS:  166 08:38:31    -3664.987537        0.292330
BFGS:  167 08:38:32    -3665.001467        0.290744
BFGS:  168 08:38:33    -3665.015593        0.287512
BFGS:  169 08:38:34    -3665.029424        0.285514
BFGS:  170 08:38:34    -3665.043320        0.282354
BFGS:  171 08:38:35    -3665.057032        0.280066
BFGS:  172 08:38:36    -3665.070729        0.276902
BFGS:  173 08:38:36    -3665.084306        0.274409
BFGS:  174 08:38:37    -3665.097841        0.271264
BFGS:  175 08:38:38    -3665.111277        0.268597
BFGS:  176 08:38:38    -3665.124646        0.265443
BFGS:  177 08:38:39    -3665.137952        0.262740
BFGS:  178 08:38:40    -3665.151161        0.259540
BFGS:  179 08:38:40    -3665.164338        0.256826
BFGS:  180 08:38:41    -3665.177395        0.253621
BFGS:  181 08:38:42    -3665.190444        0.250931
BFGS:  182 08:38:42    -3665.203356        0.247788
BFGS:  183 08:38:43    -3665.216273        0.245071
BFGS:  184 08:38:44    -3665.229048        0.241968
BFGS:  185 08:38:45    -3665.241838        0.239180
BFGS:  186 08:38:45    -3665.254479        0.236180
BFGS:  187 08:38:46    -3665.267142        0.233439
BFGS:  188 08:38:47    -3665.279649        0.230424
BFGS:  189 08:38:47    -3665.292183        0.227747
BFGS:  190 08:38:48    -3665.304575        0.224857
BFGS:  191 08:38:49    -3665.316981        0.222013
BFGS:  192 08:38:49    -3665.329257        0.219270
BFGS:  193 08:38:50    -3665.341536        0.216465
BFGS:  194 08:38:51    -3665.353688        0.213737
BFGS:  195 08:38:51    -3665.365858        0.211012
BFGS:  196 08:38:52    -3665.377889        0.208294
BFGS:  197 08:38:53    -3665.389943        0.205586
BFGS:  198 08:38:53    -3665.401862        0.202904
BFGS:  199 08:38:54    -3665.413798        0.200197
BFGS:  200 08:38:55    -3665.425601        0.197591
