      Step     Time          Energy          fmax
BFGS:    0 08:13:41    -2861.993496        6.803308
BFGS:    1 08:13:43    -2866.371871        3.381899
BFGS:    2 08:13:44    -2866.991526        2.790496
BFGS:    3 08:13:45    -2867.638907        2.789837
BFGS:    4 08:13:47    -2868.586936        3.055337
BFGS:    5 08:13:48    -2869.229520        2.901682
BFGS:    6 08:13:49    -2869.836412        2.991737
BFGS:    7 08:13:50    -2870.256145        4.412428
BFGS:    8 08:13:52    -2870.923202        1.733024
BFGS:    9 08:13:53    -2871.150142        1.579551
BFGS:   10 08:13:54    -2871.472171        3.365953
BFGS:   11 08:13:55    -2871.593993        2.337216
BFGS:   12 08:13:56    -2871.673715        0.702548
BFGS:   13 08:13:57    -2871.737003        0.673565
BFGS:   14 08:13:58    -2871.774127        1.165244
BFGS:   15 08:13:59    -2871.804584        0.458997
BFGS:   16 08:14:00    -2871.831631        0.465238
BFGS:   17 08:14:01    -2871.864444        0.561138
BFGS:   18 08:14:02    -2871.889664        0.678127
BFGS:   19 08:14:02    -2871.922157        0.413156
BFGS:   20 08:14:03    -2871.944460        0.260280
BFGS:   21 08:14:04    -2871.958430        0.321934
BFGS:   22 08:14:05    -2871.971035        0.319613
BFGS:   23 08:14:06    -2871.984734        0.297798
BFGS:   24 08:14:07    -2871.998768        0.234824
BFGS:   25 08:14:08    -2872.014203        0.246577
BFGS:   26 08:14:08    -2872.031375        0.260109
BFGS:   27 08:14:09    -2872.048534        0.321557
BFGS:   28 08:14:10    -2872.063962        0.288143
BFGS:   29 08:14:11    -2872.079254        0.237244
BFGS:   30 08:14:12    -2872.096913        0.640226
BFGS:   31 08:14:13    -2872.118739        0.484243
BFGS:   32 08:14:14    -2872.148079        0.835651
BFGS:   33 08:14:15    -2872.221602        1.374446
BFGS:   34 08:14:16    -2872.256727        2.622713
BFGS:   35 08:14:17    -2872.489279        1.957322
BFGS:   36 08:14:18    -2872.728836        2.543809
BFGS:   37 08:14:19    -2873.193026        3.537155
BFGS:   38 08:14:20    -2873.526758        4.846368
BFGS:   39 08:14:21    -2873.690421        7.040815
BFGS:   40 08:14:22    -2874.463338        7.459111
BFGS:   41 08:14:23    -2875.083776        4.483924
BFGS:   42 08:14:24    -2875.851067        2.844146
BFGS:   43 08:14:25    -2876.425242        3.557614
BFGS:   44 08:14:26    -2876.715743        1.594473
BFGS:   45 08:14:27    -2876.940034        1.182755
BFGS:   46 08:14:28    -2877.117134        1.319086
BFGS:   47 08:14:29    -2877.224673        1.209379
BFGS:   48 08:14:30    -2877.337160        0.890494
BFGS:   49 08:14:30    -2877.442773        0.850636
BFGS:   50 08:14:31    -2877.495455        0.654025
BFGS:   51 08:14:32    -2877.555164        0.647179
BFGS:   52 08:14:33    -2877.617366        0.637878
BFGS:   53 08:14:34    -2877.682084        0.692928
BFGS:   54 08:14:34    -2877.764111        0.698184
BFGS:   55 08:14:35    -2877.877309        0.897292
BFGS:   56 08:14:36    -2878.102151        1.354329
BFGS:   57 08:14:37    -2878.330865        2.387737
BFGS:   58 08:14:38    -2878.516822        3.661443
BFGS:   59 08:14:38    -2878.875214        2.944863
BFGS:   60 08:14:39    -2879.726849        3.062243
BFGS:   61 08:14:40    -2879.796235        3.465080
BFGS:   62 08:14:41    -2880.701629        4.557836
BFGS:   63 08:14:42    -2881.052777        2.257281
BFGS:   64 08:14:42    -2881.283608        1.565350
BFGS:   65 08:14:43    -2881.549149        1.486984
BFGS:   66 08:14:44    -2881.705749        1.209608
BFGS:   67 08:14:45    -2881.920831        1.014630
BFGS:   68 08:14:46    -2882.057214        1.335067
BFGS:   69 08:14:46    -2882.176799        0.875607
BFGS:   70 08:14:47    -2882.258814        0.540318
BFGS:   71 08:14:48    -2882.309552        0.587021
BFGS:   72 08:14:48    -2882.371707        0.705688
BFGS:   73 08:14:49    -2882.417662        0.682675
BFGS:   74 08:14:50    -2882.455638        0.477989
BFGS:   75 08:14:50    -2882.484261        0.398176
BFGS:   76 08:14:51    -2882.506540        0.350563
BFGS:   77 08:14:52    -2882.523775        0.273622
BFGS:   78 08:14:52    -2882.538709        0.220848
BFGS:   79 08:14:53    -2882.553838        0.278178
BFGS:   80 08:14:54    -2882.571508        0.278106
BFGS:   81 08:14:54    -2882.591164        0.237268
BFGS:   82 08:14:55    -2882.610768        0.250546
BFGS:   83 08:14:55    -2882.630170        0.299355
BFGS:   84 08:14:56    -2882.651489        0.356134
BFGS:   85 08:14:57    -2882.675017        0.342462
BFGS:   86 08:14:57    -2882.697149        0.301803
BFGS:   87 08:14:58    -2882.714289        0.226105
BFGS:   88 08:14:59    -2882.729226        0.216667
BFGS:   89 08:14:59    -2882.743907        0.263741
BFGS:   90 08:15:00    -2882.757802        0.255365
BFGS:   91 08:15:01    -2882.768487        0.195095
BFGS:   92 08:15:01    -2882.776373        0.186255
BFGS:   93 08:15:02    -2882.783458        0.178750
BFGS:   94 08:15:02    -2882.790187        0.149653
BFGS:   95 08:15:03    -2882.794977        0.155647
BFGS:   96 08:15:04    -2882.797937        0.201353
BFGS:   97 08:15:04    -2882.800428        0.129644
BFGS:   98 08:15:05    -2882.803295        0.144218
BFGS:   99 08:15:05    -2882.806084        0.146231
BFGS:  100 08:15:06    -2882.808288        0.117537
BFGS:  101 08:15:06    -2882.810386        0.095016
BFGS:  102 08:15:07    -2882.812777        0.128527
BFGS:  103 08:15:07    -2882.815689        0.160542
BFGS:  104 08:15:08    -2882.818653        0.158110
BFGS:  105 08:15:08    -2882.821351        0.125147
BFGS:  106 08:15:09    -2882.823785        0.101547
BFGS:  107 08:15:09    -2882.826244        0.151334
BFGS:  108 08:15:10    -2882.828935        0.133245
BFGS:  109 08:15:10    -2882.831649        0.102530
BFGS:  110 08:15:11    -2882.834098        0.093395
BFGS:  111 08:15:11    -2882.836198        0.078125
BFGS:  112 08:15:12    -2882.838036        0.099154
BFGS:  113 08:15:12    -2882.839718        0.079419
BFGS:  114 08:15:13    -2882.841580        0.091916
BFGS:  115 08:15:13    -2882.844174        0.101754
BFGS:  116 08:15:14    -2882.847855        0.104638
BFGS:  117 08:15:14    -2882.852257        0.128178
BFGS:  118 08:15:15    -2882.856407        0.127026
BFGS:  119 08:15:15    -2882.860067        0.121175
BFGS:  120 08:15:16    -2882.863887        0.116796
BFGS:  121 08:15:16    -2882.868270        0.158236
BFGS:  122 08:15:17    -2882.872350        0.138870
BFGS:  123 08:15:17    -2882.875028        0.078976
BFGS:  124 08:15:18    -2882.876556        0.072241
BFGS:  125 08:15:18    -2882.877752        0.064350
BFGS:  126 08:15:19    -2882.878971        0.063415
BFGS:  127 08:15:20    -2882.880068        0.062369
BFGS:  128 08:15:20    -2882.880968        0.068948
BFGS:  129 08:15:21    -2882.881874        0.078208
BFGS:  130 08:15:21    -2882.883096        0.104884
BFGS:  131 08:15:22    -2882.884750        0.104396
BFGS:  132 08:15:22    -2882.886579        0.092883
BFGS:  133 08:15:23    -2882.888153        0.079590
BFGS:  134 08:15:23    -2882.889432        0.083778
BFGS:  135 08:15:24    -2882.890679        0.092475
BFGS:  136 08:15:25    -2882.892042        0.093276
BFGS:  137 08:15:25    -2882.893282        0.088852
BFGS:  138 08:15:26    -2882.894150        0.055352
BFGS:  139 08:15:26    -2882.894732        0.053670
BFGS:  140 08:15:27    -2882.895252        0.051328
BFGS:  141 08:15:27    -2882.895818        0.056850
BFGS:  142 08:15:27    -2882.896431        0.049420
BFGS:  143 08:15:28    -2882.897077        0.064620
BFGS:  144 08:15:28    -2882.897768        0.062650
BFGS:  145 08:15:29    -2882.898480        0.060295
BFGS:  146 08:15:29    -2882.899130        0.054320
BFGS:  147 08:15:30    -2882.899688        0.040392
BFGS:  148 08:15:30    -2882.900216        0.048398
BFGS:  149 08:15:31    -2882.900801        0.051172
BFGS:  150 08:15:31    -2882.901443        0.044614
BFGS:  151 08:15:32    -2882.902081        0.054573
BFGS:  152 08:15:32    -2882.902704        0.046825
BFGS:  153 08:15:32    -2882.903392        0.053944
BFGS:  154 08:15:33    -2882.904239        0.066410
BFGS:  155 08:15:33    -2882.905234        0.062021
BFGS:  156 08:15:34    -2882.906324        0.060551
BFGS:  157 08:15:34    -2882.907448        0.062293
BFGS:  158 08:15:35    -2882.908603        0.079603
BFGS:  159 08:15:36    -2882.909733        0.085638
BFGS:  160 08:15:36    -2882.910778        0.070818
BFGS:  161 08:15:37    -2882.911674        0.053882
BFGS:  162 08:15:37    -2882.912432        0.051002
BFGS:  163 08:15:37    -2882.913061        0.048566
BFGS:  164 08:15:38    -2882.913577        0.044052
BFGS:  165 08:15:38    -2882.913979        0.044867
BFGS:  166 08:15:39    -2882.914338        0.040978
BFGS:  167 08:15:39    -2882.914720        0.052229
BFGS:  168 08:15:40    -2882.915185        0.043579
BFGS:  169 08:15:40    -2882.915766        0.055676
BFGS:  170 08:15:40    -2882.916430        0.056889
BFGS:  171 08:15:41    -2882.917092        0.054316
BFGS:  172 08:15:41    -2882.917690        0.052899
BFGS:  173 08:15:42    -2882.918244        0.058252
BFGS:  174 08:15:42    -2882.918812        0.046707
BFGS:  175 08:15:43    -2882.919389        0.061454
BFGS:  176 08:15:43    -2882.919886        0.062740
BFGS:  177 08:15:44    -2882.920285        0.036715
BFGS:  178 08:15:44    -2882.920711        0.044296
BFGS:  179 08:15:45    -2882.921297        0.063416
BFGS:  180 08:15:45    -2882.922047        0.088658
BFGS:  181 08:15:46    -2882.922829        0.092314
BFGS:  182 08:15:46    -2882.923468        0.052175
BFGS:  183 08:15:47    -2882.923947        0.033289
BFGS:  184 08:15:47    -2882.924362        0.033039
BFGS:  185 08:15:48    -2882.924742        0.043817
BFGS:  186 08:15:48    -2882.925036        0.048569
BFGS:  187 08:15:49    -2882.925239        0.022285
BFGS:  188 08:15:49    -2882.925390        0.019485
BFGS:  189 08:15:50    -2882.925528        0.028005
BFGS:  190 08:15:50    -2882.925658        0.035308
BFGS:  191 08:15:50    -2882.925776        0.030580
BFGS:  192 08:15:51    -2882.925864        0.017209
BFGS:  193 08:15:51    -2882.925929        0.014697
BFGS:  194 08:15:52    -2882.925987        0.022284
BFGS:  195 08:15:52    -2882.926047        0.021429
BFGS:  196 08:15:52    -2882.926110        0.014752
BFGS:  197 08:15:53    -2882.926158        0.011867
BFGS:  198 08:15:53    -2882.926192        0.013583
BFGS:  199 08:15:53    -2882.926220        0.016437
BFGS:  200 08:15:54    -2882.926249        0.014236
