      Step     Time          Energy          fmax
BFGS:    0 08:39:04    -2164.798289        8.461175
BFGS:    1 08:39:05    -2170.079451       11.844889
BFGS:    2 08:39:06    -2178.238031        7.731587
BFGS:    3 08:39:07    -2184.641299       22.174824
BFGS:    4 08:39:08    -2186.877543       17.529930
BFGS:    5 08:39:09    -2193.575854        5.814187
BFGS:    6 08:39:10    -2195.987420        2.375682
BFGS:    7 08:39:11    -2197.174641        3.076375
BFGS:    8 08:39:11    -2198.136766        3.873643
BFGS:    9 08:39:12    -2199.553224        3.516052
BFGS:   10 08:39:13    -2200.253036        3.321187
BFGS:   11 08:39:13    -2201.117829        1.928276
BFGS:   12 08:39:14    -2201.567629        1.579783
BFGS:   13 08:39:15    -2201.843915        1.873326
BFGS:   14 08:39:15    -2202.057436        1.399830
BFGS:   15 08:39:16    -2202.181302        1.623295
BFGS:   16 08:39:16    -2202.279776        2.238038
BFGS:   17 08:39:17    -2202.388419        1.128823
BFGS:   18 08:39:17    -2202.530011        0.711076
BFGS:   19 08:39:17    -2202.625155        0.515783
BFGS:   20 08:39:18    -2202.684622        0.389673
BFGS:   21 08:39:18    -2202.732359        0.350675
BFGS:   22 08:39:19    -2202.760280        0.270888
BFGS:   23 08:39:19    -2202.777116        0.238244
BFGS:   24 08:39:19    -2202.789827        0.249523
BFGS:   25 08:39:20    -2202.804507        0.287793
BFGS:   26 08:39:20    -2202.818225        0.318341
BFGS:   27 08:39:21    -2202.829398        0.229114
BFGS:   28 08:39:21    -2202.838781        0.190466
BFGS:   29 08:39:21    -2202.848458        0.208463
BFGS:   30 08:39:22    -2202.859910        0.258259
BFGS:   31 08:39:22    -2202.874655        0.267749
BFGS:   32 08:39:23    -2202.892574        0.338381
BFGS:   33 08:39:23    -2202.911516        0.348528
BFGS:   34 08:39:24    -2202.928713        0.325607
BFGS:   35 08:39:24    -2202.942681        0.318849
BFGS:   36 08:39:24    -2202.954649        0.304310
BFGS:   37 08:39:25    -2202.967315        0.310073
BFGS:   38 08:39:25    -2202.979240        0.247608
BFGS:   39 08:39:26    -2202.988612        0.221548
BFGS:   40 08:39:26    -2202.994670        0.144665
BFGS:   41 08:39:27    -2202.998611        0.124519
BFGS:   42 08:39:27    -2203.002018        0.121572
BFGS:   43 08:39:27    -2203.005172        0.214086
BFGS:   44 08:39:28    -2203.008158        0.204963
BFGS:   45 08:39:28    -2203.011260        0.115529
BFGS:   46 08:39:29    -2203.013758        0.073810
BFGS:   47 08:39:29    -2203.015349        0.075948
BFGS:   48 08:39:30    -2203.016339        0.085351
BFGS:   49 08:39:30    -2203.017095        0.063769
BFGS:   50 08:39:31    -2203.017821        0.061676
BFGS:   51 08:39:32    -2203.018481        0.046600
BFGS:   52 08:39:32    -2203.019052        0.062143
BFGS:   53 08:39:33    -2203.019632        0.067638
BFGS:   54 08:39:33    -2203.020278        0.076794
BFGS:   55 08:39:33    -2203.020905        0.052597
BFGS:   56 08:39:34    -2203.021508        0.045590
BFGS:   57 08:39:34    -2203.022271        0.072422
BFGS:   58 08:39:35    -2203.023559        0.136233
BFGS:   59 08:39:35    -2203.025743        0.189325
BFGS:   60 08:39:35    -2203.028795        0.186006
BFGS:   61 08:39:36    -2203.031878        0.103658
BFGS:   62 08:39:36    -2203.034237        0.084622
BFGS:   63 08:39:37    -2203.036232        0.101104
BFGS:   64 08:39:37    -2203.038731        0.149490
BFGS:   65 08:39:38    -2203.042268        0.163207
BFGS:   66 08:39:38    -2203.047247        0.196285
BFGS:   67 08:39:39    -2203.056155        0.213215
BFGS:   68 08:39:41    -2203.078308        0.456785
BFGS:   69 08:39:45    -2202.936784        1.755746
BFGS:   70 08:39:46    -2203.103702        1.280126
BFGS:   71 08:39:46    -2203.160117        1.046334
BFGS:   72 08:39:47    -2203.218739        0.605668
BFGS:   73 08:39:47    -2203.255316        0.366389
BFGS:   74 08:39:48    -2203.325298        0.734836
BFGS:   75 08:39:48    -2203.349080        0.372950
BFGS:   76 08:39:49    -2203.377392        0.424229
BFGS:   77 08:39:49    -2203.390234        1.090645
BFGS:   78 08:39:50    -2203.432618        0.679918
BFGS:   79 08:39:50    -2203.460214        0.535302
BFGS:   80 08:39:51    -2203.501181        0.337372
BFGS:   81 08:39:51    -2203.521169        0.435820
BFGS:   82 08:39:51    -2203.555078        0.263523
BFGS:   83 08:39:52    -2203.577263        0.261859
BFGS:   84 08:39:52    -2203.598330        0.292138
BFGS:   85 08:39:53    -2203.622497        0.367298
BFGS:   86 08:39:54    -2203.652478        0.364040
BFGS:   87 08:39:54    -2203.687077        0.329738
BFGS:   88 08:39:55    -2203.719216        0.360823
BFGS:   89 08:39:56    -2203.743908        0.255437
BFGS:   90 08:39:56    -2203.760363        0.196438
BFGS:   91 08:39:57    -2203.772995        0.188997
BFGS:   92 08:39:58    -2203.785834        0.186508
BFGS:   93 08:39:58    -2203.801320        0.240807
BFGS:   94 08:39:58    -2203.820841        0.294529
BFGS:   95 08:39:59    -2203.842506        0.272862
BFGS:   96 08:39:59    -2203.863169        0.292125
BFGS:   97 08:40:00    -2203.880217        0.333410
BFGS:   98 08:40:00    -2203.897154        0.307224
BFGS:   99 08:40:00    -2203.912609        0.231625
BFGS:  100 08:40:01    -2203.924063        0.208429
BFGS:  101 08:40:01    -2203.932906        0.179761
BFGS:  102 08:40:02    -2203.940417        0.143014
BFGS:  103 08:40:02    -2203.946725        0.173418
BFGS:  104 08:40:02    -2203.951775        0.141167
BFGS:  105 08:40:03    -2203.955308        0.128933
BFGS:  106 08:40:03    -2203.958374        0.111082
BFGS:  107 08:40:03    -2203.961464        0.104272
BFGS:  108 08:40:03    -2203.964772        0.111141
BFGS:  109 08:40:04    -2203.968203        0.112786
BFGS:  110 08:40:04    -2203.971550        0.123633
BFGS:  111 08:40:04    -2203.974450        0.123924
BFGS:  112 08:40:05    -2203.976782        0.097520
BFGS:  113 08:40:05    -2203.978558        0.078241
BFGS:  114 08:40:05    -2203.979931        0.062287
BFGS:  115 08:40:06    -2203.981010        0.054188
BFGS:  116 08:40:06    -2203.981860        0.055442
BFGS:  117 08:40:06    -2203.982565        0.049413
BFGS:  118 08:40:07    -2203.983177        0.035997
BFGS:  119 08:40:07    -2203.983695        0.035598
BFGS:  120 08:40:07    -2203.984128        0.037753
BFGS:  121 08:40:07    -2203.984498        0.041433
BFGS:  122 08:40:08    -2203.984810        0.030893
BFGS:  123 08:40:08    -2203.985049        0.026429
BFGS:  124 08:40:08    -2203.985236        0.026046
BFGS:  125 08:40:08    -2203.985428        0.032389
BFGS:  126 08:40:09    -2203.985674        0.026295
BFGS:  127 08:40:09    -2203.985997        0.035422
BFGS:  128 08:40:09    -2203.986357        0.041182
BFGS:  129 08:40:10    -2203.986671        0.042831
BFGS:  130 08:40:10    -2203.986931        0.032443
BFGS:  131 08:40:10    -2203.987176        0.023780
BFGS:  132 08:40:10    -2203.987427        0.034357
BFGS:  133 08:40:11    -2203.987680        0.037458
BFGS:  134 08:40:11    -2203.987894        0.030637
BFGS:  135 08:40:11    -2203.988040        0.019314
BFGS:  136 08:40:11    -2203.988125        0.015448
BFGS:  137 08:40:12    -2203.988185        0.014262
BFGS:  138 08:40:12    -2203.988239        0.015090
BFGS:  139 08:40:12    -2203.988293        0.012411
BFGS:  140 08:40:12    -2203.988335        0.010693
BFGS:  141 08:40:13    -2203.988362        0.009965
