      Step     Time          Energy          fmax
BFGS:    0 08:04:58    -3369.764814       73.943696
BFGS:    1 08:05:01    -3391.665946        8.716743
BFGS:    2 08:05:04    -3394.066577        4.849185
BFGS:    3 08:05:06    -3395.635136        4.590356
BFGS:    4 08:05:09    -3399.790523        8.437502
BFGS:    5 08:05:11    -3401.701427       11.524692
BFGS:    6 08:05:13    -3405.328176        7.042302
BFGS:    7 08:05:15    -3409.760236        8.396829
BFGS:    8 08:05:18    -3409.552291        6.805235
BFGS:    9 08:05:20    -3413.220818        3.564427
BFGS:   10 08:05:22    -3415.255291        7.108932
BFGS:   11 08:05:24    -3416.764920        4.738047
BFGS:   12 08:05:26    -3417.855865        5.179854
BFGS:   13 08:05:28    -3419.087729        2.295228
BFGS:   14 08:05:30    -3419.702304        2.290154
BFGS:   15 08:05:32    -3420.046392        1.844313
BFGS:   16 08:05:34    -3420.302491        1.888619
BFGS:   17 08:05:36    -3420.533613        1.879361
BFGS:   18 08:05:38    -3420.809968        2.419696
BFGS:   19 08:05:40    -3421.061923        3.709006
BFGS:   20 08:05:42    -3421.349063        1.673308
BFGS:   21 08:05:44    -3421.684086        1.538874
BFGS:   22 08:05:46    -3421.954822        1.802469
BFGS:   23 08:05:48    -3422.293132        2.014573
BFGS:   24 08:05:49    -3422.536209        2.625392
BFGS:   25 08:05:52    -3422.727382        2.280612
BFGS:   26 08:05:54    -3423.128538        1.636376
BFGS:   27 08:05:55    -3423.287827        0.748519
BFGS:   28 08:05:56    -3423.408978        1.052472
BFGS:   29 08:05:58    -3423.514485        1.009127
BFGS:   30 08:06:00    -3423.615888        1.201184
BFGS:   31 08:06:02    -3423.912424        2.293910
BFGS:   32 08:06:03    -3424.273917        3.596300
BFGS:   33 08:06:05    -3424.154708        3.038320
BFGS:   34 08:06:07    -3424.544328        3.273455
BFGS:   35 08:06:09    -3424.650470        3.261973
BFGS:   36 08:06:10    -3424.858878        2.688666
BFGS:   37 08:06:12    -3424.908672        2.875738
BFGS:   38 08:06:13    -3424.994675        3.067643
BFGS:   39 08:06:14    -3425.049133        3.046224
BFGS:   40 08:06:15    -3425.082601        2.969025
BFGS:   41 08:06:16    -3425.119130        2.804011
BFGS:   42 08:06:18    -3425.159383        2.670142
BFGS:   43 08:06:19    -3425.207985        2.580206
BFGS:   44 08:06:20    -3425.258334        2.547263
BFGS:   45 08:06:21    -3425.309939        2.534854
BFGS:   46 08:06:22    -3425.361034        2.517912
BFGS:   47 08:06:23    -3425.412772        2.504896
BFGS:   48 08:06:24    -3425.466391        2.491834
BFGS:   49 08:06:25    -3425.520726        2.498511
BFGS:   50 08:06:27    -3425.570614        2.486764
BFGS:   51 08:06:28    -3425.615086        2.488330
BFGS:   52 08:06:29    -3425.656427        2.386202
BFGS:   53 08:06:30    -3425.692247        2.353549
BFGS:   54 08:06:32    -3425.725204        2.074421
BFGS:   55 08:06:33    -3425.759988        1.958871
BFGS:   56 08:06:34    -3425.804815        1.979341
BFGS:   57 08:06:35    -3425.826246        1.974294
BFGS:   58 08:06:37    -3425.859910        1.902862
BFGS:   59 08:06:38    -3425.879425        1.942617
BFGS:   60 08:06:39    -3425.900039        2.071408
BFGS:   61 08:06:40    -3425.921136        2.087642
BFGS:   62 08:06:41    -3425.944520        2.055842
BFGS:   63 08:06:43    -3425.966186        1.879196
BFGS:   64 08:06:44    -3425.985894        1.663489
BFGS:   65 08:06:45    -3426.005289        1.460527
BFGS:   66 08:06:47    -3426.025064        1.347581
BFGS:   67 08:06:48    -3426.045710        1.342224
BFGS:   68 08:06:49    -3426.064682        1.316597
BFGS:   69 08:06:51    -3426.082325        1.477651
BFGS:   70 08:06:52    -3426.099352        1.521518
BFGS:   71 08:06:53    -3426.115429        1.603174
BFGS:   72 08:06:54    -3426.130350        1.516799
BFGS:   73 08:06:55    -3426.146560        1.464774
BFGS:   74 08:06:57    -3426.165881        1.305638
BFGS:   75 08:06:58    -3426.187242        1.245891
BFGS:   76 08:06:59    -3426.207013        1.219603
BFGS:   77 08:07:01    -3426.224103        1.206101
BFGS:   78 08:07:02    -3426.240299        1.243922
BFGS:   79 08:07:03    -3426.257130        1.313084
BFGS:   80 08:07:04    -3426.272197        1.340137
BFGS:   81 08:07:05    -3426.285022        1.336402
BFGS:   82 08:07:06    -3426.297704        1.318572
BFGS:   83 08:07:07    -3426.311701        1.299324
BFGS:   84 08:07:08    -3426.325078        1.298893
BFGS:   85 08:07:09    -3426.334929        1.307374
BFGS:   86 08:07:10    -3426.341661        1.322337
BFGS:   87 08:07:12    -3426.347858        1.314200
BFGS:   88 08:07:13    -3426.354992        1.304002
BFGS:   89 08:07:14    -3426.362578        1.258253
BFGS:   90 08:07:15    -3426.369741        1.242360
BFGS:   91 08:07:16    -3426.376702        1.207112
BFGS:   92 08:07:17    -3426.384143        1.226034
BFGS:   93 08:07:18    -3426.391864        1.218663
BFGS:   94 08:07:19    -3426.399146        1.254483
BFGS:   95 08:07:20    -3426.406060        1.241724
BFGS:   96 08:07:21    -3426.413841        1.244999
BFGS:   97 08:07:22    -3426.423695        1.208106
BFGS:   98 08:07:23    -3426.435923        1.182124
BFGS:   99 08:07:25    -3426.449637        1.138541
BFGS:  100 08:07:26    -3426.464975        1.118598
BFGS:  101 08:07:27    -3426.484449        1.100844
BFGS:  102 08:07:29    -3426.510540        1.087791
BFGS:  103 08:07:30    -3426.543519        1.053182
BFGS:  104 08:07:32    -3426.581136        0.976218
BFGS:  105 08:07:34    -3426.619665        0.837418
BFGS:  106 08:07:37    -3426.657896        0.705934
BFGS:  107 08:07:39    -3426.706616        0.590129
BFGS:  108 08:07:41    -3426.770347        0.976322
BFGS:  109 08:07:42    -3426.874303        1.475763
BFGS:  110 08:07:44    -3426.967932        2.640163
BFGS:  111 08:07:46    -3427.076453        3.755552
BFGS:  112 08:07:47    -3427.254651        3.864394
BFGS:  113 08:07:49    -3427.640664        3.798622
BFGS:  114 08:07:51    -3428.071214        3.134502
BFGS:  115 08:07:53    -3428.400926        3.263261
BFGS:  116 08:07:54    -3428.643067        2.754618
BFGS:  117 08:07:56    -3428.092337        9.211306
BFGS:  118 08:07:58    -3428.916303        3.098681
BFGS:  119 08:08:00    -3428.954138        3.726193
BFGS:  120 08:08:02    -3429.221141        2.413549
BFGS:  121 08:08:03    -3429.330933        1.775679
BFGS:  122 08:08:05    -3429.484803        1.163608
BFGS:  123 08:08:06    -3429.658720        1.183722
BFGS:  124 08:08:07    -3429.752566        0.845492
BFGS:  125 08:08:09    -3429.873963        0.761673
BFGS:  126 08:08:10    -3429.960443        1.136134
BFGS:  127 08:08:12    -3430.035723        1.341278
BFGS:  128 08:08:13    -3430.108835        1.403458
BFGS:  129 08:08:15    -3430.192518        1.337044
BFGS:  130 08:08:16    -3430.271164        1.049224
BFGS:  131 08:08:17    -3430.328196        0.938145
BFGS:  132 08:08:19    -3430.362397        0.962514
BFGS:  133 08:08:20    -3430.389845        0.520055
BFGS:  134 08:08:21    -3430.414534        0.513047
BFGS:  135 08:08:22    -3430.436065        0.449542
BFGS:  136 08:08:23    -3430.446045        0.348270
BFGS:  137 08:08:25    -3430.460445        0.290559
BFGS:  138 08:08:26    -3430.474933        0.311483
BFGS:  139 08:08:27    -3430.491579        0.281086
BFGS:  140 08:08:29    -3430.505234        0.224622
BFGS:  141 08:08:30    -3430.516279        0.187238
BFGS:  142 08:08:31    -3430.525705        0.260419
BFGS:  143 08:08:32    -3430.533981        0.279990
BFGS:  144 08:08:33    -3430.540411        0.204475
BFGS:  145 08:08:34    -3430.544916        0.174505
BFGS:  146 08:08:35    -3430.548439        0.156673
BFGS:  147 08:08:36    -3430.551262        0.135893
BFGS:  148 08:08:37    -3430.553461        0.105944
BFGS:  149 08:08:38    -3430.555299        0.088378
BFGS:  150 08:08:39    -3430.557204        0.108792
BFGS:  151 08:08:40    -3430.559325        0.111004
BFGS:  152 08:08:41    -3430.561333        0.077619
BFGS:  153 08:08:42    -3430.562933        0.079313
BFGS:  154 08:08:43    -3430.564260        0.090076
BFGS:  155 08:08:44    -3430.565686        0.103294
BFGS:  156 08:08:45    -3430.567229        0.086782
BFGS:  157 08:08:47    -3430.568507        0.086232
BFGS:  158 08:08:47    -3430.569412        0.080544
BFGS:  159 08:08:48    -3430.570109        0.079531
BFGS:  160 08:08:49    -3430.570848        0.081004
BFGS:  161 08:08:50    -3430.571594        0.089441
BFGS:  162 08:08:51    -3430.572224        0.084014
BFGS:  163 08:08:52    -3430.572734        0.079979
BFGS:  164 08:08:53    -3430.573236        0.076294
BFGS:  165 08:08:54    -3430.573776        0.068596
BFGS:  166 08:08:54    -3430.574265        0.068295
BFGS:  167 08:08:55    -3430.574670        0.063117
BFGS:  168 08:08:56    -3430.574999        0.059075
BFGS:  169 08:08:57    -3430.575331        0.059068
BFGS:  170 08:08:58    -3430.575589        0.055933
BFGS:  171 08:08:59    -3430.575788        0.058324
BFGS:  172 08:09:00    -3430.575938        0.061537
BFGS:  173 08:09:01    -3430.576101        0.065548
BFGS:  174 08:09:02    -3430.576266        0.066123
BFGS:  175 08:09:03    -3430.576510        0.067503
BFGS:  176 08:09:04    -3430.576733        0.070211
BFGS:  177 08:09:05    -3430.576940        0.070557
BFGS:  178 08:09:06    -3430.577107        0.065931
BFGS:  179 08:09:07    -3430.577252        0.061867
BFGS:  180 08:09:07    -3430.577390        0.060374
BFGS:  181 08:09:08    -3430.577490        0.063218
BFGS:  182 08:09:09    -3430.577605        0.066345
BFGS:  183 08:09:10    -3430.577719        0.071376
BFGS:  184 08:09:11    -3430.577832        0.077433
BFGS:  185 08:09:12    -3430.577942        0.082673
BFGS:  186 08:09:13    -3430.578050        0.082087
BFGS:  187 08:09:14    -3430.578152        0.079913
BFGS:  188 08:09:15    -3430.578253        0.074008
BFGS:  189 08:09:15    -3430.578347        0.073023
BFGS:  190 08:09:16    -3430.578431        0.070965
BFGS:  191 08:09:17    -3430.578498        0.071484
BFGS:  192 08:09:18    -3430.578547        0.074501
BFGS:  193 08:09:19    -3430.578584        0.077568
BFGS:  194 08:09:20    -3430.578611        0.078932
BFGS:  195 08:09:21    -3430.578634        0.078587
BFGS:  196 08:09:21    -3430.578655        0.076968
BFGS:  197 08:09:22    -3430.578675        0.075433
BFGS:  198 08:09:23    -3430.578700        0.074932
BFGS:  199 08:09:24    -3430.578722        0.076129
BFGS:  200 08:09:25    -3430.578746        0.075138
