      Step     Time          Energy          fmax
BFGS:    0 08:39:12    -2598.283192        7.474669
BFGS:    1 08:39:14    -2603.863404        4.784505
BFGS:    2 08:39:15    -2605.787484        5.200796
BFGS:    3 08:39:17    -2607.788836        3.811177
BFGS:    4 08:39:19    -2609.446917        3.001018
BFGS:    5 08:39:20    -2610.561588        8.473683
BFGS:    6 08:39:22    -2612.599472        8.006863
BFGS:    7 08:39:23    -2616.345312        8.205149
BFGS:    8 08:39:24    -2620.641690       10.064891
BFGS:    9 08:39:25    -2623.617824        8.291634
BFGS:   10 08:39:27    -2627.153771        8.897971
BFGS:   11 08:39:28    -2630.164857        7.684383
BFGS:   12 08:39:29    -2632.223787        7.837604
BFGS:   13 08:39:30    -2633.955398        7.690746
BFGS:   14 08:39:31    -2634.911958        6.971407
BFGS:   15 08:39:32    -2635.827262        5.950153
BFGS:   16 08:39:33    -2636.939007        5.246214
BFGS:   17 08:39:35    -2637.908967        4.511004
BFGS:   18 08:39:36    -2638.718248        3.219575
BFGS:   19 08:39:37    -2639.315842        3.587831
BFGS:   20 08:39:38    -2639.681136        3.686579
BFGS:   21 08:39:39    -2639.887923        3.413826
BFGS:   22 08:39:40    -2640.059858        2.737514
BFGS:   23 08:39:41    -2640.210264        2.302047
BFGS:   24 08:39:42    -2640.360860        2.129581
BFGS:   25 08:39:43    -2640.526526        2.246516
BFGS:   26 08:39:44    -2640.656202        2.262744
BFGS:   27 08:39:45    -2640.813425        2.089932
BFGS:   28 08:39:46    -2640.936092        1.546498
BFGS:   29 08:39:47    -2641.044540        1.326022
BFGS:   30 08:39:48    -2641.153330        1.138314
BFGS:   31 08:39:49    -2641.231978        0.821443
BFGS:   32 08:39:50    -2641.315099        0.707342
BFGS:   33 08:39:51    -2641.368453        0.598752
BFGS:   34 08:39:51    -2641.442829        0.924645
BFGS:   35 08:39:52    -2641.500423        0.486541
BFGS:   36 08:39:53    -2641.558984        1.380999
BFGS:   37 08:39:54    -2641.646137        1.763647
BFGS:   38 08:39:55    -2641.765078        1.507085
BFGS:   39 08:39:55    -2641.825337        1.041181
BFGS:   40 08:39:56    -2641.899816        0.599857
BFGS:   41 08:39:57    -2641.956094        0.476786
BFGS:   42 08:39:58    -2642.028761        0.470718
BFGS:   43 08:39:59    -2642.110217        0.545137
BFGS:   44 08:40:00    -2642.205210        0.833676
BFGS:   45 08:40:00    -2642.288601        0.820327
BFGS:   46 08:40:01    -2642.540756        1.181255
BFGS:   47 08:40:02    -2642.723780        1.293042
BFGS:   48 08:40:04    -2642.865603        1.075832
BFGS:   49 08:40:04    -2643.032386        0.704917
BFGS:   50 08:40:05    -2643.138351        0.417133
BFGS:   51 08:40:06    -2643.211890        0.322058
BFGS:   52 08:40:07    -2643.244589        0.299441
BFGS:   53 08:40:07    -2643.286281        0.512321
BFGS:   54 08:40:08    -2643.312231        0.438625
BFGS:   55 08:40:09    -2643.334439        0.238960
BFGS:   56 08:40:10    -2643.350764        0.193197
BFGS:   57 08:40:10    -2643.366161        0.208795
BFGS:   58 08:40:11    -2643.383465        0.262353
BFGS:   59 08:40:12    -2643.407180        0.282329
BFGS:   60 08:40:13    -2643.437891        0.269409
BFGS:   61 08:40:14    -2643.474016        0.365659
BFGS:   62 08:40:15    -2643.514653        0.467406
BFGS:   63 08:40:15    -2643.560506        0.560981
BFGS:   64 08:40:16    -2643.607901        0.526856
BFGS:   65 08:40:17    -2643.647113        0.462418
BFGS:   66 08:40:18    -2643.675387        0.388184
BFGS:   67 08:40:19    -2643.699324        0.361321
BFGS:   68 08:40:20    -2643.721754        0.356653
BFGS:   69 08:40:21    -2643.739973        0.375764
BFGS:   70 08:40:22    -2643.752030        0.269827
BFGS:   71 08:40:22    -2643.758441        0.167872
BFGS:   72 08:40:23    -2643.763056        0.201703
BFGS:   73 08:40:24    -2643.767319        0.189058
BFGS:   74 08:40:25    -2643.770431        0.148755
BFGS:   75 08:40:26    -2643.772288        0.081419
BFGS:   76 08:40:26    -2643.773701        0.093707
BFGS:   77 08:40:27    -2643.775184        0.087382
BFGS:   78 08:40:28    -2643.776678        0.068707
BFGS:   79 08:40:28    -2643.777866        0.060274
BFGS:   80 08:40:29    -2643.778837        0.065580
BFGS:   81 08:40:30    -2643.779721        0.062823
BFGS:   82 08:40:31    -2643.780475        0.043695
BFGS:   83 08:40:31    -2643.780992        0.039822
BFGS:   84 08:40:32    -2643.781340        0.039827
BFGS:   85 08:40:32    -2643.781631        0.039226
BFGS:   86 08:40:33    -2643.781921        0.034065
BFGS:   87 08:40:33    -2643.782196        0.037842
BFGS:   88 08:40:34    -2643.782449        0.042650
BFGS:   89 08:40:35    -2643.782682        0.059240
BFGS:   90 08:40:35    -2643.782886        0.054979
BFGS:   91 08:40:36    -2643.783082        0.035825
BFGS:   92 08:40:37    -2643.783297        0.028191
BFGS:   93 08:40:37    -2643.783571        0.038152
BFGS:   94 08:40:38    -2643.783905        0.053173
BFGS:   95 08:40:39    -2643.784235        0.056812
BFGS:   96 08:40:39    -2643.784503        0.040687
BFGS:   97 08:40:40    -2643.784723        0.036695
BFGS:   98 08:40:40    -2643.784925        0.040737
BFGS:   99 08:40:41    -2643.785111        0.037908
BFGS:  100 08:40:41    -2643.785266        0.028009
BFGS:  101 08:40:42    -2643.785405        0.027704
BFGS:  102 08:40:43    -2643.785523        0.022974
BFGS:  103 08:40:43    -2643.785632        0.022833
BFGS:  104 08:40:44    -2643.785733        0.025945
BFGS:  105 08:40:44    -2643.785843        0.032177
BFGS:  106 08:40:45    -2643.786019        0.044959
BFGS:  107 08:40:45    -2643.786274        0.049774
BFGS:  108 08:40:46    -2643.786585        0.040092
BFGS:  109 08:40:46    -2643.786959        0.035906
BFGS:  110 08:40:47    -2643.787395        0.046860
BFGS:  111 08:40:47    -2643.788064        0.063161
BFGS:  112 08:40:48    -2643.789240        0.084289
BFGS:  113 08:40:49    -2643.791210        0.111250
BFGS:  114 08:40:50    -2643.794099        0.150480
BFGS:  115 08:40:50    -2643.798261        0.160423
BFGS:  116 08:40:51    -2643.803710        0.204518
BFGS:  117 08:40:52    -2643.809907        0.276531
BFGS:  118 08:40:53    -2643.815997        0.247112
BFGS:  119 08:40:54    -2643.805764        0.489703
BFGS:  120 08:40:55    -2643.824407        0.146500
BFGS:  121 08:40:55    -2643.827789        0.129487
BFGS:  122 08:40:56    -2643.836278        0.158372
BFGS:  123 08:40:57    -2643.838831        0.119098
BFGS:  124 08:40:57    -2643.841584        0.111848
BFGS:  125 08:40:58    -2643.843507        0.099051
BFGS:  126 08:40:59    -2643.844466        0.124536
BFGS:  127 08:41:00    -2643.845519        0.072663
BFGS:  128 08:41:00    -2643.847434        0.092920
BFGS:  129 08:41:01    -2643.848173        0.091140
BFGS:  130 08:41:02    -2643.849395        0.073617
BFGS:  131 08:41:03    -2643.850315        0.049630
BFGS:  132 08:41:03    -2643.851252        0.070358
BFGS:  133 08:41:04    -2643.852245        0.084947
BFGS:  134 08:41:05    -2643.853364        0.090541
BFGS:  135 08:41:06    -2643.854958        0.069720
BFGS:  136 08:41:06    -2643.856053        0.082723
BFGS:  137 08:41:07    -2643.857166        0.096591
BFGS:  138 08:41:08    -2643.858016        0.058665
BFGS:  139 08:41:09    -2643.858575        0.086830
BFGS:  140 08:41:09    -2643.859591        0.043739
BFGS:  141 08:41:10    -2643.860501        0.049300
BFGS:  142 08:41:11    -2643.861561        0.049965
BFGS:  143 08:41:11    -2643.862562        0.052279
BFGS:  144 08:41:12    -2643.863828        0.063698
BFGS:  145 08:41:13    -2643.865345        0.096790
BFGS:  146 08:41:14    -2643.866316        0.118855
BFGS:  147 08:41:15    -2643.867273        0.104482
BFGS:  148 08:41:15    -2643.868702        0.093490
BFGS:  149 08:41:16    -2643.871346        0.082005
BFGS:  150 08:41:17    -2643.873759        0.082854
BFGS:  151 08:41:18    -2643.875379        0.084444
BFGS:  152 08:41:18    -2643.876638        0.167154
BFGS:  153 08:41:19    -2643.877748        0.060289
BFGS:  154 08:41:20    -2643.878437        0.048845
BFGS:  155 08:41:21    -2643.878894        0.035208
BFGS:  156 08:41:21    -2643.879234        0.033137
BFGS:  157 08:41:22    -2643.879510        0.032828
BFGS:  158 08:41:22    -2643.879752        0.039155
BFGS:  159 08:41:23    -2643.879938        0.029200
BFGS:  160 08:41:23    -2643.880095        0.022809
BFGS:  161 08:41:24    -2643.880257        0.026688
BFGS:  162 08:41:25    -2643.880432        0.036918
BFGS:  163 08:41:25    -2643.880657        0.043327
BFGS:  164 08:41:26    -2643.880963        0.037521
BFGS:  165 08:41:26    -2643.881455        0.055719
BFGS:  166 08:41:27    -2643.882217        0.075851
BFGS:  167 08:41:28    -2643.883233        0.080405
BFGS:  168 08:41:28    -2643.884433        0.086535
BFGS:  169 08:41:29    -2643.885842        0.091862
BFGS:  170 08:41:30    -2643.887714        0.085494
BFGS:  171 08:41:30    -2643.890197        0.086560
BFGS:  172 08:41:31    -2643.892933        0.073980
BFGS:  173 08:41:32    -2643.895188        0.065857
BFGS:  174 08:41:33    -2643.896660        0.058933
BFGS:  175 08:41:34    -2643.897534        0.080298
BFGS:  176 08:41:34    -2643.897636        0.075231
BFGS:  177 08:41:35    -2643.898535        0.057613
BFGS:  178 08:41:36    -2643.898904        0.060211
BFGS:  179 08:41:36    -2643.899458        0.040241
BFGS:  180 08:41:37    -2643.899955        0.054070
BFGS:  181 08:41:38    -2643.900506        0.044830
BFGS:  182 08:41:38    -2643.900989        0.040953
BFGS:  183 08:41:39    -2643.901568        0.044585
BFGS:  184 08:41:40    -2643.902384        0.058098
BFGS:  185 08:41:40    -2643.903591        0.076288
BFGS:  186 08:41:41    -2643.905329        0.076865
BFGS:  187 08:41:41    -2643.907545        0.092883
BFGS:  188 08:41:42    -2643.910429        0.106510
BFGS:  189 08:41:43    -2643.913707        0.113636
BFGS:  190 08:41:44    -2643.918322        0.133362
BFGS:  191 08:41:45    -2643.922092        0.134106
BFGS:  192 08:41:46    -2643.927695        0.115117
BFGS:  193 08:41:46    -2643.931100        0.124978
BFGS:  194 08:41:47    -2643.933412        0.134089
BFGS:  195 08:41:48    -2643.935481        0.138132
BFGS:  196 08:41:49    -2643.938144        0.068105
BFGS:  197 08:41:49    -2643.939359        0.073038
BFGS:  198 08:41:50    -2643.940539        0.075097
BFGS:  199 08:41:51    -2643.941258        0.120318
BFGS:  200 08:41:51    -2643.942048        0.050959
