      Step     Time          Energy          fmax
BFGS:    0 08:11:08    -2168.383302        5.620120
BFGS:    1 08:11:09    -2170.911802        3.920143
BFGS:    2 08:11:10    -2172.923205        3.685346
BFGS:    3 08:11:11    -2174.238788        5.568965
BFGS:    4 08:11:12    -2175.738976        4.065073
BFGS:    5 08:11:12    -2176.615113        3.787692
BFGS:    6 08:11:13    -2177.273877        2.034204
BFGS:    7 08:11:14    -2177.976308        2.435052
BFGS:    8 08:11:15    -2178.570459        1.879334
BFGS:    9 08:11:16    -2179.052260        2.092194
BFGS:   10 08:11:17    -2179.956620        1.816808
BFGS:   11 08:11:17    -2180.206090        2.184941
BFGS:   12 08:11:18    -2180.646610        2.007645
BFGS:   13 08:11:19    -2181.132584        2.159909
BFGS:   14 08:11:20    -2181.616558        2.864056
BFGS:   15 08:11:21    -2182.245419        3.077408
BFGS:   16 08:11:22    -2182.446774        4.337044
BFGS:   17 08:11:22    -2182.958693        1.988527
BFGS:   18 08:11:23    -2183.340398        1.630818
BFGS:   19 08:11:24    -2184.214405        3.410631
BFGS:   20 08:11:25    -2184.511862        6.560804
BFGS:   21 08:11:26    -2185.363052        2.492402
BFGS:   22 08:11:26    -2186.099523        1.964635
BFGS:   23 08:11:27    -2186.554303        2.169435
BFGS:   24 08:11:28    -2187.536645        3.707553
BFGS:   25 08:11:29    -2188.844506        6.450927
BFGS:   26 08:11:29    -2189.590825        6.726499
BFGS:   27 08:11:30    -2191.695635        5.482348
BFGS:   28 08:11:31    -2193.041425        7.883713
BFGS:   29 08:11:32    -2194.067944        5.641444
BFGS:   30 08:11:32    -2195.869759        4.787891
BFGS:   31 08:11:33    -2196.826325        4.924607
BFGS:   32 08:11:34    -2197.439069        3.739268
BFGS:   33 08:11:34    -2197.853591        1.720177
BFGS:   34 08:11:35    -2198.117797        5.152679
BFGS:   35 08:11:36    -2198.413079        1.711025
BFGS:   36 08:11:36    -2198.616044        1.000760
BFGS:   37 08:11:37    -2198.789843        1.469089
BFGS:   38 08:11:37    -2198.927710        1.082237
BFGS:   39 08:11:38    -2199.092557        1.317606
BFGS:   40 08:11:39    -2199.214652        1.123298
BFGS:   41 08:11:39    -2199.303541        0.752022
BFGS:   42 08:11:40    -2199.353371        0.561237
BFGS:   43 08:11:40    -2199.391756        0.651889
BFGS:   44 08:11:41    -2199.434510        0.603998
BFGS:   45 08:11:41    -2199.479137        0.610261
BFGS:   46 08:11:42    -2199.534351        0.792997
BFGS:   47 08:11:42    -2199.588194        0.761415
BFGS:   48 08:11:43    -2199.642761        0.740518
BFGS:   49 08:11:44    -2199.700378        0.628260
BFGS:   50 08:11:44    -2199.735166        0.375791
BFGS:   51 08:11:44    -2199.747536        0.313148
BFGS:   52 08:11:45    -2199.755932        0.295491
BFGS:   53 08:11:45    -2199.764859        0.283294
BFGS:   54 08:11:46    -2199.777978        0.342290
BFGS:   55 08:11:46    -2199.793679        0.370043
BFGS:   56 08:11:47    -2199.809012        0.292337
BFGS:   57 08:11:47    -2199.822515        0.276144
BFGS:   58 08:11:48    -2199.834848        0.334474
BFGS:   59 08:11:49    -2199.846070        0.274502
BFGS:   60 08:11:49    -2199.856139        0.234878
BFGS:   61 08:11:50    -2199.864763        0.187744
BFGS:   62 08:11:50    -2199.872771        0.247621
BFGS:   63 08:11:51    -2199.882609        0.358865
BFGS:   64 08:11:51    -2199.894025        0.384211
BFGS:   65 08:11:51    -2199.905972        0.331117
BFGS:   66 08:11:52    -2199.918333        0.359611
BFGS:   67 08:11:52    -2199.931775        0.348278
BFGS:   68 08:11:53    -2199.947448        0.317089
BFGS:   69 08:11:54    -2199.971191        0.401972
BFGS:   70 08:11:54    -2200.010497        0.611804
BFGS:   71 08:11:55    -2200.058679        0.908360
BFGS:   72 08:11:55    -2200.109457        1.393338
BFGS:   73 08:11:56    -2200.162951        2.081116
BFGS:   74 08:11:56    -2200.217613        3.030666
BFGS:   75 08:11:57    -2200.276574        4.130361
BFGS:   76 08:11:58    -2200.389176        5.234540
BFGS:   77 08:11:58    -2200.696609        5.598903
BFGS:   78 08:11:59    -2201.048925        4.880813
BFGS:   79 08:11:59    -2201.152315        5.461252
BFGS:   80 08:12:00    -2201.744536        4.805108
BFGS:   81 08:12:01    -2202.491947        4.208869
BFGS:   82 08:12:01    -2203.001165        3.643598
BFGS:   83 08:12:02    -2203.710448        2.652640
BFGS:   84 08:12:02    -2204.170876        1.962959
BFGS:   85 08:12:03    -2204.579370        1.633104
BFGS:   86 08:12:03    -2205.072271        2.673876
BFGS:   87 08:12:04    -2205.533495        4.247226
BFGS:   88 08:12:05    -2205.862661        5.666844
BFGS:   89 08:12:05    -2206.283015        5.013086
BFGS:   90 08:12:06    -2206.605945        4.188137
BFGS:   91 08:12:06    -2207.010369        3.124215
BFGS:   92 08:12:07    -2207.458479        2.666753
BFGS:   93 08:12:07    -2207.979424        2.263023
BFGS:   94 08:12:08    -2208.374936        2.901508
BFGS:   95 08:12:09    -2208.745080        1.846294
BFGS:   96 08:12:09    -2209.066433        1.303301
BFGS:   97 08:12:10    -2209.189713        1.353903
BFGS:   98 08:12:10    -2209.281071        1.118325
BFGS:   99 08:12:11    -2209.365994        0.923019
BFGS:  100 08:12:11    -2209.433668        0.759596
BFGS:  101 08:12:12    -2209.504102        0.597783
BFGS:  102 08:12:12    -2209.556478        0.576347
BFGS:  103 08:12:13    -2209.603366        0.442857
BFGS:  104 08:12:13    -2209.632914        0.506262
BFGS:  105 08:12:14    -2209.649604        0.422325
BFGS:  106 08:12:14    -2209.667969        0.433186
BFGS:  107 08:12:15    -2209.688976        0.365507
BFGS:  108 08:12:15    -2209.711865        0.402046
BFGS:  109 08:12:15    -2209.733552        0.449106
BFGS:  110 08:12:16    -2209.750281        0.407424
BFGS:  111 08:12:16    -2209.762174        0.317407
BFGS:  112 08:12:17    -2209.772692        0.303636
BFGS:  113 08:12:17    -2209.782857        0.287597
BFGS:  114 08:12:18    -2209.792160        0.260391
BFGS:  115 08:12:18    -2209.799772        0.199274
BFGS:  116 08:12:18    -2209.806217        0.223260
BFGS:  117 08:12:19    -2209.813000        0.275568
BFGS:  118 08:12:19    -2209.821709        0.251618
BFGS:  119 08:12:20    -2209.831103        0.286984
BFGS:  120 08:12:20    -2209.839595        0.237845
BFGS:  121 08:12:21    -2209.847080        0.210397
BFGS:  122 08:12:21    -2209.854209        0.326951
BFGS:  123 08:12:22    -2209.862117        0.363257
BFGS:  124 08:12:22    -2209.871207        0.317649
BFGS:  125 08:12:22    -2209.880355        0.339188
BFGS:  126 08:12:23    -2209.889225        0.261146
BFGS:  127 08:12:23    -2209.897979        0.292878
BFGS:  128 08:12:24    -2209.905691        0.276306
BFGS:  129 08:12:24    -2209.912168        0.379113
BFGS:  130 08:12:25    -2209.917515        0.258703
BFGS:  131 08:12:25    -2209.922373        0.181588
BFGS:  132 08:12:25    -2209.925911        0.219066
BFGS:  133 08:12:26    -2209.929197        0.213201
BFGS:  134 08:12:26    -2209.931972        0.209220
BFGS:  135 08:12:27    -2209.935160        0.179359
BFGS:  136 08:12:27    -2209.938414        0.183686
BFGS:  137 08:12:27    -2209.941701        0.182577
BFGS:  138 08:12:28    -2209.943985        0.196248
BFGS:  139 08:12:28    -2209.946587        0.199225
BFGS:  140 08:12:29    -2209.949455        0.182987
BFGS:  141 08:12:29    -2209.953129        0.152868
BFGS:  142 08:12:30    -2209.956563        0.177668
BFGS:  143 08:12:30    -2209.959870        0.208457
BFGS:  144 08:12:30    -2209.962433        0.185585
BFGS:  145 08:12:31    -2209.965126        0.143490
BFGS:  146 08:12:31    -2209.966916        0.117395
BFGS:  147 08:12:31    -2209.968295        0.105155
BFGS:  148 08:12:32    -2209.969403        0.122762
BFGS:  149 08:12:32    -2209.970681        0.119204
BFGS:  150 08:12:33    -2209.971783        0.094132
BFGS:  151 08:12:33    -2209.972628        0.073949
BFGS:  152 08:12:33    -2209.973275        0.069839
BFGS:  153 08:12:34    -2209.973806        0.079844
BFGS:  154 08:12:34    -2209.974168        0.063339
BFGS:  155 08:12:34    -2209.974363        0.029227
BFGS:  156 08:12:35    -2209.974472        0.031044
BFGS:  157 08:12:35    -2209.974558        0.023540
BFGS:  158 08:12:36    -2209.974638        0.020926
BFGS:  159 08:12:36    -2209.974708        0.016029
BFGS:  160 08:12:36    -2209.974770        0.015243
BFGS:  161 08:12:37    -2209.974836        0.021148
BFGS:  162 08:12:37    -2209.974917        0.023913
BFGS:  163 08:12:37    -2209.975000        0.023008
BFGS:  164 08:12:38    -2209.975079        0.019694
BFGS:  165 08:12:38    -2209.975160        0.026175
BFGS:  166 08:12:38    -2209.975270        0.036386
BFGS:  167 08:12:39    -2209.975454        0.043262
BFGS:  168 08:12:39    -2209.975792        0.061160
BFGS:  169 08:12:39    -2209.976413        0.074010
BFGS:  170 08:12:40    -2209.977511        0.098579
BFGS:  171 08:12:40    -2209.979338        0.133417
BFGS:  172 08:12:40    -2209.981936        0.144622
BFGS:  173 08:12:41    -2209.985202        0.140509
BFGS:  174 08:12:41    -2209.989083        0.167653
BFGS:  175 08:12:42    -2209.994123        0.167767
BFGS:  176 08:12:42    -2210.001577        0.189940
BFGS:  177 08:12:43    -2210.010541        0.287452
BFGS:  178 08:12:43    -2210.020268        0.377959
BFGS:  179 08:12:43    -2210.028545        0.456537
BFGS:  180 08:12:44    -2210.035011        0.207345
BFGS:  181 08:12:44    -2210.039021        0.711063
BFGS:  182 08:12:45    -2210.048771        0.226570
BFGS:  183 08:12:45    -2210.061832        0.339413
BFGS:  184 08:12:46    -2210.078475        0.947978
BFGS:  185 08:12:46    -2210.092809        1.039942
BFGS:  186 08:12:47    -2210.109573        1.005798
BFGS:  187 08:12:47    -2210.128323        0.888069
BFGS:  188 08:12:47    -2210.148107        0.712712
BFGS:  189 08:12:48    -2210.168445        0.494355
BFGS:  190 08:12:48    -2210.188582        0.337698
BFGS:  191 08:12:49    -2210.208960        0.366618
BFGS:  192 08:12:49    -2210.226841        0.395126
BFGS:  193 08:12:50    -2210.248870        0.401253
BFGS:  194 08:12:50    -2210.260360        0.490769
BFGS:  195 08:12:51    -2210.275044        0.631655
BFGS:  196 08:12:51    -2210.293791        0.580161
BFGS:  197 08:12:52    -2210.314885        0.763442
BFGS:  198 08:12:52    -2210.330941        0.341739
BFGS:  199 08:12:53    -2210.346312        0.369197
BFGS:  200 08:12:53    -2210.356185        0.434915
