      Step     Time          Energy          fmax
BFGS:    0 09:05:50    -2725.339491        6.779660
BFGS:    1 09:05:52    -2729.273603        1.686059
BFGS:    2 09:05:53    -2729.788850        1.286619
BFGS:    3 09:05:54    -2730.053941        1.059710
BFGS:    4 09:05:56    -2730.317504        0.938119
BFGS:    5 09:05:57    -2730.603744        0.953837
BFGS:    6 09:05:58    -2731.171907        1.649002
BFGS:    7 09:05:59    -2731.379548        1.392938
BFGS:    8 09:06:01    -2731.799174        0.779025
BFGS:    9 09:06:02    -2731.904389        0.565817
BFGS:   10 09:06:03    -2732.001349        2.485061
BFGS:   11 09:06:04    -2732.082350        1.048782
BFGS:   12 09:06:05    -2732.136808        0.857442
BFGS:   13 09:06:06    -2732.197910        0.819012
BFGS:   14 09:06:07    -2732.234104        1.130942
BFGS:   15 09:06:08    -2732.258556        0.545175
BFGS:   16 09:06:09    -2732.272086        0.524658
BFGS:   17 09:06:10    -2732.278849        0.805019
BFGS:   18 09:06:11    -2732.288827        0.278291
BFGS:   19 09:06:12    -2732.299220        0.201806
BFGS:   20 09:06:13    -2732.300781        0.518360
BFGS:   21 09:06:14    -2732.304443        0.107289
BFGS:   22 09:06:15    -2732.306601        0.156838
BFGS:   23 09:06:16    -2732.310958        0.222083
BFGS:   24 09:06:17    -2732.314149        0.199917
BFGS:   25 09:06:18    -2732.318706        0.229123
BFGS:   26 09:06:19    -2732.325119        0.268148
BFGS:   27 09:06:20    -2732.335656        0.333598
BFGS:   28 09:06:21    -2732.349543        0.433763
BFGS:   29 09:06:22    -2732.367230        0.437105
BFGS:   30 09:06:24    -2732.393029        0.340742
BFGS:   31 09:06:25    -2732.448201        0.760793
BFGS:   32 09:06:26    -2732.616128        2.036035
BFGS:   33 09:06:27    -2732.683921        4.150579
BFGS:   34 09:06:28    -2732.855865        3.542914
BFGS:   35 09:06:29    -2732.993417        4.599501
BFGS:   36 09:06:30    -2732.857725        5.522558
BFGS:   37 09:06:31    -2733.284736        5.115662
BFGS:   38 09:06:32    -2733.487268        5.353975
BFGS:   39 09:06:33    -2734.065240        6.309790
BFGS:   40 09:06:34    -2734.837143        6.584912
BFGS:   41 09:06:35    -2736.356232        7.462002
BFGS:   42 09:06:36    -2737.387934        8.199941
BFGS:   43 09:06:37    -2737.817740        7.390266
BFGS:   44 09:06:38    -2738.688190        7.941985
BFGS:   45 09:06:38    -2739.588371        8.535548
BFGS:   46 09:06:39    -2739.777817        9.011315
BFGS:   47 09:06:40    -2740.504529        8.311346
BFGS:   48 09:06:41    -2741.106972        8.690464
BFGS:   49 09:06:42    -2741.921992        8.809783
BFGS:   50 09:06:43    -2742.444252        9.678024
BFGS:   51 09:06:44    -2743.204730        9.797690
BFGS:   52 09:06:44    -2743.767250        9.416582
BFGS:   53 09:06:45    -2744.315162        9.239306
BFGS:   54 09:06:46    -2744.755963        8.785743
BFGS:   55 09:06:47    -2745.238498        8.840230
BFGS:   56 09:06:48    -2745.432639        8.920650
BFGS:   57 09:06:49    -2745.773160        8.733861
BFGS:   58 09:06:50    -2746.017539        9.476837
BFGS:   59 09:06:50    -2746.201417        9.622001
BFGS:   60 09:06:51    -2746.312372        9.840491
BFGS:   61 09:06:52    -2746.448975        9.598523
BFGS:   62 09:06:53    -2746.562230        9.342593
BFGS:   63 09:06:54    -2746.688491        9.059605
BFGS:   64 09:06:54    -2746.787005        8.895079
BFGS:   65 09:06:55    -2746.906730        8.781729
BFGS:   66 09:06:56    -2747.042758        8.604459
BFGS:   67 09:06:56    -2747.194377        8.510020
BFGS:   68 09:06:57    -2747.380589        8.323420
BFGS:   69 09:06:58    -2747.578480        8.213017
BFGS:   70 09:06:59    -2747.779376        7.960199
BFGS:   71 09:06:59    -2748.008736        7.726437
BFGS:   72 09:07:00    -2748.210885        7.546946
BFGS:   73 09:07:01    -2748.390520        7.373250
BFGS:   74 09:07:02    -2748.586912        7.180879
BFGS:   75 09:07:03    -2748.778135        6.729850
BFGS:   76 09:07:03    -2748.952449        6.482216
BFGS:   77 09:07:04    -2749.132387        6.040095
BFGS:   78 09:07:05    -2749.304894        5.926657
BFGS:   79 09:07:06    -2749.442003        5.793073
BFGS:   80 09:07:06    -2749.595066        6.073515
BFGS:   81 09:07:07    -2749.759457        6.296754
BFGS:   82 09:07:08    -2749.947652        6.406169
BFGS:   83 09:07:08    -2750.166636        5.904461
BFGS:   84 09:07:09    -2750.473352        4.664702
BFGS:   85 09:07:10    -2750.892680        4.161974
BFGS:   86 09:07:11    -2751.318183        4.271749
BFGS:   87 09:07:11    -2751.892820        3.828816
BFGS:   88 09:07:12    -2752.243670        2.620384
BFGS:   89 09:07:13    -2752.554911        3.643729
BFGS:   90 09:07:13    -2752.759610        3.303486
BFGS:   91 09:07:14    -2752.931897        2.767289
BFGS:   92 09:07:14    -2752.996059        3.073788
BFGS:   93 09:07:15    -2753.080831        2.969214
BFGS:   94 09:07:15    -2753.153335        2.672978
BFGS:   95 09:07:16    -2753.210365        2.551283
BFGS:   96 09:07:16    -2753.266193        2.345789
BFGS:   97 09:07:17    -2753.319655        2.508434
BFGS:   98 09:07:17    -2753.366885        2.493276
BFGS:   99 09:07:18    -2753.410293        2.681821
BFGS:  100 09:07:18    -2753.457832        2.677240
BFGS:  101 09:07:19    -2753.506869        2.634113
BFGS:  102 09:07:19    -2753.550883        2.426689
BFGS:  103 09:07:20    -2753.591898        2.332137
BFGS:  104 09:07:20    -2753.636989        2.252187
BFGS:  105 09:07:21    -2753.691596        2.502121
BFGS:  106 09:07:21    -2753.752156        2.475012
BFGS:  107 09:07:22    -2753.806661        2.427116
BFGS:  108 09:07:22    -2753.855678        2.403925
BFGS:  109 09:07:23    -2753.910191        2.296311
BFGS:  110 09:07:24    -2753.976579        2.094039
BFGS:  111 09:07:24    -2754.044420        1.788744
BFGS:  112 09:07:25    -2754.099755        1.653220
BFGS:  113 09:07:25    -2754.146183        1.594632
BFGS:  114 09:07:26    -2754.199489        1.665926
BFGS:  115 09:07:26    -2754.264854        1.790618
BFGS:  116 09:07:27    -2754.327188        1.740645
BFGS:  117 09:07:27    -2754.375601        1.701694
BFGS:  118 09:07:28    -2754.415082        1.743056
BFGS:  119 09:07:28    -2754.456450        1.648918
BFGS:  120 09:07:29    -2754.506732        1.563762
BFGS:  121 09:07:29    -2754.564432        1.376321
BFGS:  122 09:07:30    -2754.625528        1.297274
BFGS:  123 09:07:30    -2754.681940        1.303055
BFGS:  124 09:07:31    -2754.730769        1.325052
BFGS:  125 09:07:31    -2754.775139        1.259670
BFGS:  126 09:07:32    -2754.819726        1.168732
BFGS:  127 09:07:33    -2754.868789        1.235051
BFGS:  128 09:07:33    -2754.924312        1.348808
BFGS:  129 09:07:34    -2754.982055        1.390170
BFGS:  130 09:07:35    -2755.034026        1.363760
BFGS:  131 09:07:35    -2755.088194        1.377784
BFGS:  132 09:07:36    -2755.165082        1.525989
BFGS:  133 09:07:37    -2755.273056        1.834827
BFGS:  134 09:07:37    -2755.344950        1.910123
BFGS:  135 09:07:38    -2755.446170        1.650783
BFGS:  136 09:07:39    -2755.558900        0.894806
BFGS:  137 09:07:40    -2755.637538        0.736851
BFGS:  138 09:07:40    -2755.689888        0.793204
BFGS:  139 09:07:41    -2755.739844        0.770920
BFGS:  140 09:07:42    -2755.785325        0.718165
BFGS:  141 09:07:42    -2755.819017        0.696942
BFGS:  142 09:07:43    -2755.840632        0.644009
BFGS:  143 09:07:44    -2755.862448        0.602846
BFGS:  144 09:07:44    -2755.887619        0.541377
BFGS:  145 09:07:45    -2755.907396        0.475206
BFGS:  146 09:07:46    -2755.927346        0.448458
BFGS:  147 09:07:46    -2755.944891        0.558074
BFGS:  148 09:07:47    -2755.962829        0.494572
BFGS:  149 09:07:47    -2755.983969        0.509537
BFGS:  150 09:07:48    -2756.010243        0.448571
BFGS:  151 09:07:49    -2756.036997        0.353152
BFGS:  152 09:07:50    -2756.059623        0.246802
BFGS:  153 09:07:50    -2756.079567        0.266437
BFGS:  154 09:07:51    -2756.100337        0.265560
BFGS:  155 09:07:52    -2756.120821        0.234157
BFGS:  156 09:07:52    -2756.138662        0.231561
BFGS:  157 09:07:53    -2756.152293        0.233368
BFGS:  158 09:07:53    -2756.163011        0.194690
BFGS:  159 09:07:54    -2756.171393        0.129640
BFGS:  160 09:07:54    -2756.177962        0.134934
BFGS:  161 09:07:55    -2756.183955        0.164770
BFGS:  162 09:07:56    -2756.189901        0.164278
BFGS:  163 09:07:56    -2756.194698        0.109322
BFGS:  164 09:07:57    -2756.197778        0.082983
BFGS:  165 09:07:57    -2756.199866        0.075835
BFGS:  166 09:07:58    -2756.201884        0.111877
BFGS:  167 09:07:58    -2756.204088        0.131102
BFGS:  168 09:07:59    -2756.206201        0.123906
BFGS:  169 09:07:59    -2756.208005        0.091592
BFGS:  170 09:08:00    -2756.209379        0.085270
BFGS:  171 09:08:01    -2756.210425        0.064927
BFGS:  172 09:08:01    -2756.211368        0.068506
BFGS:  173 09:08:02    -2756.212446        0.068697
BFGS:  174 09:08:02    -2756.213790        0.067716
BFGS:  175 09:08:03    -2756.215257        0.084050
BFGS:  176 09:08:03    -2756.216516        0.076573
BFGS:  177 09:08:04    -2756.217517        0.068004
BFGS:  178 09:08:04    -2756.218335        0.058732
BFGS:  179 09:08:05    -2756.219038        0.045892
BFGS:  180 09:08:05    -2756.219581        0.043072
BFGS:  181 09:08:06    -2756.219940        0.033945
BFGS:  182 09:08:06    -2756.220196        0.034908
BFGS:  183 09:08:06    -2756.220426        0.045753
BFGS:  184 09:08:07    -2756.220620        0.040853
BFGS:  185 09:08:07    -2756.220762        0.025125
BFGS:  186 09:08:08    -2756.220869        0.022298
BFGS:  187 09:08:08    -2756.220959        0.017575
BFGS:  188 09:08:08    -2756.221041        0.018569
BFGS:  189 09:08:09    -2756.221101        0.016452
BFGS:  190 09:08:09    -2756.221143        0.014810
BFGS:  191 09:08:09    -2756.221174        0.013986
BFGS:  192 09:08:10    -2756.221204        0.016399
BFGS:  193 09:08:10    -2756.221234        0.014093
BFGS:  194 09:08:10    -2756.221260        0.010240
BFGS:  195 09:08:11    -2756.221276        0.007944
