      Step     Time          Energy          fmax
BFGS:    0 09:10:31    -3521.321968      435.742758
BFGS:    1 09:10:34    -3602.353120       44.581957
BFGS:    2 09:10:37    -3616.443398       66.568627
BFGS:    3 09:10:39    -3623.988190       40.574609
BFGS:    4 09:10:42    -3628.285077       18.175238
BFGS:    5 09:10:44    -3629.546056       11.112288
BFGS:    6 09:10:46    -3630.449704        5.586641
BFGS:    7 09:10:48    -3631.159896        2.698818
BFGS:    8 09:10:50    -3631.612150        2.239229
BFGS:    9 09:10:52    -3631.845725        2.728051
BFGS:   10 09:10:54    -3632.032714        2.777790
BFGS:   11 09:10:56    -3632.236482        2.568456
BFGS:   12 09:10:59    -3632.468474        2.352372
BFGS:   13 09:11:01    -3632.808416        2.037800
BFGS:   14 09:11:04    -3633.258527        1.504150
BFGS:   15 09:11:07    -3633.822268        2.224866
BFGS:   16 09:11:10    -3634.262731        1.683247
BFGS:   17 09:11:13    -3634.668531        1.253667
BFGS:   18 09:11:15    -3634.890909        1.325533
BFGS:   19 09:11:18    -3635.203424        1.200524
BFGS:   20 09:11:20    -3635.385280        0.868075
BFGS:   21 09:11:23    -3635.529521        0.647213
BFGS:   22 09:11:26    -3635.694781        1.205669
BFGS:   23 09:11:30    -3636.023505        2.217649
BFGS:   24 09:11:32    -3636.201465        1.376270
BFGS:   25 09:11:35    -3636.463281        1.210731
BFGS:   26 09:11:38    -3636.556655        0.730287
BFGS:   27 09:11:41    -3636.653195        0.605768
BFGS:   28 09:11:43    -3636.749059        0.608641
BFGS:   29 09:11:46    -3636.809326        0.602369
BFGS:   30 09:11:48    -3636.870014        0.423563
BFGS:   31 09:11:51    -3636.907163        0.411400
BFGS:   32 09:11:53    -3636.932832        0.212831
BFGS:   33 09:11:55    -3636.947932        0.215891
BFGS:   34 09:11:58    -3636.964684        0.293321
BFGS:   35 09:12:00    -3636.983049        0.370323
BFGS:   36 09:12:02    -3637.000438        0.344875
BFGS:   37 09:12:05    -3637.016194        0.289966
BFGS:   38 09:12:07    -3637.031979        0.243678
BFGS:   39 09:12:09    -3637.048021        0.317450
BFGS:   40 09:12:11    -3637.062785        0.278074
BFGS:   41 09:12:13    -3637.074720        0.181311
BFGS:   42 09:12:16    -3637.085029        0.254774
BFGS:   43 09:12:18    -3637.095948        0.303075
BFGS:   44 09:12:20    -3637.108290        0.365199
BFGS:   45 09:12:22    -3637.124637        0.332496
BFGS:   46 09:12:24    -3637.140076        0.292376
BFGS:   47 09:12:26    -3637.150807        0.340712
BFGS:   48 09:12:28    -3637.162102        0.361774
BFGS:   49 09:12:30    -3637.172900        0.470246
BFGS:   50 09:12:32    -3637.185412        0.549164
BFGS:   51 09:12:34    -3637.200707        0.533029
BFGS:   52 09:12:36    -3637.219047        0.414818
BFGS:   53 09:12:38    -3637.238480        0.280745
BFGS:   54 09:12:40    -3637.259270        0.317938
BFGS:   55 09:12:42    -3637.281994        0.333870
BFGS:   56 09:12:44    -3637.305117        0.346832
BFGS:   57 09:12:46    -3637.325486        0.233818
BFGS:   58 09:12:48    -3637.342803        0.214183
BFGS:   59 09:12:50    -3637.358570        0.256733
BFGS:   60 09:12:52    -3637.376269        0.295723
BFGS:   61 09:12:54    -3637.397695        0.323347
BFGS:   62 09:12:56    -3637.421264        0.242481
BFGS:   63 09:12:59    -3637.442640        0.219164
BFGS:   64 09:13:01    -3637.459215        0.177341
BFGS:   65 09:13:02    -3637.472385        0.248555
BFGS:   66 09:13:04    -3637.484340        0.219532
BFGS:   67 09:13:06    -3637.494716        0.187849
BFGS:   68 09:13:08    -3637.502839        0.175947
BFGS:   69 09:13:10    -3637.509399        0.157471
BFGS:   70 09:13:12    -3637.515295        0.203835
BFGS:   71 09:13:14    -3637.520813        0.213805
BFGS:   72 09:13:16    -3637.525810        0.164073
BFGS:   73 09:13:18    -3637.530523        0.123754
BFGS:   74 09:13:20    -3637.535424        0.124268
BFGS:   75 09:13:21    -3637.540401        0.122004
BFGS:   76 09:13:23    -3637.544639        0.117964
BFGS:   77 09:13:25    -3637.547834        0.108515
BFGS:   78 09:13:27    -3637.550471        0.097877
BFGS:   79 09:13:29    -3637.552962        0.080463
BFGS:   80 09:13:30    -3637.555284        0.081786
BFGS:   81 09:13:32    -3637.557370        0.069091
BFGS:   82 09:13:34    -3637.559562        0.094899
BFGS:   83 09:13:35    -3637.562542        0.130604
BFGS:   84 09:13:37    -3637.566838        0.193496
BFGS:   85 09:13:39    -3637.572335        0.232120
BFGS:   86 09:13:40    -3637.578020        0.230388
BFGS:   87 09:13:42    -3637.583121        0.201629
BFGS:   88 09:13:44    -3637.588157        0.165898
BFGS:   89 09:13:46    -3637.594618        0.169634
BFGS:   90 09:13:48    -3637.603426        0.210158
BFGS:   91 09:13:50    -3637.613555        0.224102
BFGS:   92 09:13:51    -3637.623162        0.197414
BFGS:   93 09:13:53    -3637.631391        0.186367
BFGS:   94 09:13:55    -3637.639101        0.168051
BFGS:   95 09:13:57    -3637.647684        0.166674
BFGS:   96 09:13:58    -3637.658541        0.209200
BFGS:   97 09:14:00    -3637.671015        0.188816
BFGS:   98 09:14:02    -3637.683303        0.227440
BFGS:   99 09:14:04    -3637.693976        0.243529
BFGS:  100 09:14:05    -3637.703325        0.218713
BFGS:  101 09:14:07    -3637.713323        0.233815
BFGS:  102 09:14:09    -3637.726708        0.240288
BFGS:  103 09:14:11    -3637.744343        0.272695
BFGS:  104 09:14:13    -3637.765239        0.362295
BFGS:  105 09:14:15    -3637.785225        0.332684
BFGS:  106 09:14:17    -3637.804258        0.374633
BFGS:  107 09:14:19    -3637.822580        0.453200
BFGS:  108 09:14:21    -3637.846486        0.480588
BFGS:  109 09:14:23    -3637.872763        0.397838
BFGS:  110 09:14:24    -3637.898415        0.253640
BFGS:  111 09:14:26    -3637.916856        0.206966
BFGS:  112 09:14:28    -3637.926014        0.273858
BFGS:  113 09:14:30    -3637.927417        0.559999
BFGS:  114 09:14:32    -3637.935393        0.167550
BFGS:  115 09:14:33    -3637.939230        0.124063
BFGS:  116 09:14:35    -3637.943184        0.161854
BFGS:  117 09:14:37    -3637.945698        0.074957
BFGS:  118 09:14:38    -3637.947163        0.065694
BFGS:  119 09:14:40    -3637.948630        0.059388
BFGS:  120 09:14:41    -3637.949883        0.054171
BFGS:  121 09:14:43    -3637.950858        0.054014
BFGS:  122 09:14:44    -3637.951874        0.077757
BFGS:  123 09:14:46    -3637.952953        0.082521
BFGS:  124 09:14:47    -3637.954067        0.059039
BFGS:  125 09:14:49    -3637.955064        0.044011
BFGS:  126 09:14:50    -3637.955919        0.069852
BFGS:  127 09:14:52    -3637.956691        0.081621
BFGS:  128 09:14:53    -3637.957495        0.100606
BFGS:  129 09:14:55    -3637.958417        0.100175
BFGS:  130 09:14:56    -3637.959312        0.079286
BFGS:  131 09:14:58    -3637.960137        0.049822
BFGS:  132 09:15:00    -3637.960724        0.040839
BFGS:  133 09:15:01    -3637.961120        0.034687
BFGS:  134 09:15:03    -3637.961345        0.026675
BFGS:  135 09:15:04    -3637.961518        0.019633
BFGS:  136 09:15:05    -3637.961659        0.019990
BFGS:  137 09:15:07    -3637.961823        0.022899
BFGS:  138 09:15:08    -3637.962002        0.020286
BFGS:  139 09:15:10    -3637.962202        0.025985
BFGS:  140 09:15:11    -3637.962413        0.034452
BFGS:  141 09:15:12    -3637.962625        0.044015
BFGS:  142 09:15:14    -3637.962900        0.045665
BFGS:  143 09:15:15    -3637.963212        0.038697
BFGS:  144 09:15:17    -3637.963565        0.028173
BFGS:  145 09:15:18    -3637.963969        0.031698
BFGS:  146 09:15:20    -3637.964407        0.036188
BFGS:  147 09:15:21    -3637.964928        0.059936
BFGS:  148 09:15:23    -3637.965467        0.079509
BFGS:  149 09:15:24    -3637.965938        0.085231
BFGS:  150 09:15:26    -3637.966447        0.074811
BFGS:  151 09:15:27    -3637.966927        0.059961
BFGS:  152 09:15:28    -3637.967504        0.048734
BFGS:  153 09:15:30    -3637.968103        0.044034
BFGS:  154 09:15:31    -3637.968692        0.046820
BFGS:  155 09:15:33    -3637.969333        0.054068
BFGS:  156 09:15:35    -3637.969917        0.044789
BFGS:  157 09:15:36    -3637.970427        0.052419
BFGS:  158 09:15:38    -3637.971313        0.063956
BFGS:  159 09:15:40    -3637.972700        0.104982
BFGS:  160 09:15:41    -3637.974217        0.152167
BFGS:  161 09:15:43    -3637.975492        0.206214
BFGS:  162 09:15:45    -3637.976905        0.248252
BFGS:  163 09:15:46    -3637.979177        0.242517
BFGS:  164 09:15:48    -3637.982378        0.225784
BFGS:  165 09:15:50    -3637.986262        0.201955
BFGS:  166 09:15:51    -3637.990389        0.184143
BFGS:  167 09:15:53    -3637.994562        0.170376
BFGS:  168 09:15:55    -3637.998255        0.166620
BFGS:  169 09:15:57    -3638.002244        0.155551
BFGS:  170 09:15:58    -3638.004621        0.168572
BFGS:  171 09:16:00    -3638.008605        0.132401
BFGS:  172 09:16:02    -3638.011006        0.142362
BFGS:  173 09:16:03    -3638.014877        0.157829
BFGS:  174 09:16:05    -3638.019825        0.216882
BFGS:  175 09:16:07    -3638.027244        0.190471
BFGS:  176 09:16:09    -3638.033144        0.277570
BFGS:  177 09:16:10    -3638.041161        0.271635
BFGS:  178 09:16:12    -3638.046047        0.251919
BFGS:  179 09:16:14    -3638.053236        0.186268
BFGS:  180 09:16:16    -3638.058989        0.155546
BFGS:  181 09:16:17    -3638.067298        0.168145
BFGS:  182 09:16:19    -3638.074358        0.175191
BFGS:  183 09:16:20    -3638.081886        0.178544
BFGS:  184 09:16:22    -3638.088431        0.180248
BFGS:  185 09:16:23    -3638.095796        0.179356
BFGS:  186 09:16:25    -3638.102039        0.178989
BFGS:  187 09:16:27    -3638.109806        0.175768
BFGS:  188 09:16:28    -3638.115935        0.174147
BFGS:  189 09:16:30    -3638.123574        0.170331
BFGS:  190 09:16:31    -3638.130148        0.167199
BFGS:  191 09:16:33    -3638.137862        0.162744
BFGS:  192 09:16:35    -3638.144875        0.158400
BFGS:  193 09:16:36    -3638.152882        0.153381
BFGS:  194 09:16:37    -3638.160445        0.151661
BFGS:  195 09:16:39    -3638.168725        0.158098
BFGS:  196 09:16:40    -3638.177075        0.159627
BFGS:  197 09:16:42    -3638.185529        0.167991
BFGS:  198 09:16:43    -3638.194536        0.165079
BFGS:  199 09:16:44    -3638.203076        0.174603
BFGS:  200 09:16:45    -3638.213006        0.178786
