      Step     Time          Energy          fmax
BFGS:    0 08:30:14    -2294.830250     2411.829234
BFGS:    1 08:30:16    -3403.039094      344.047938
BFGS:    2 08:30:19    -3280.982071     2153.991902
BFGS:    3 08:30:22    -3371.757045     1467.229750
BFGS:    4 08:30:24    -3468.134703      716.731379
BFGS:    5 08:30:27    -3552.608276      383.293521
BFGS:    6 08:30:30    -3590.957190      328.858638
BFGS:    7 08:30:33    -3612.398479      186.009493
BFGS:    8 08:30:35    -3641.283368       94.110966
BFGS:    9 08:30:38    -3651.463109       61.736401
BFGS:   10 08:30:41    -3663.033575       20.738135
BFGS:   11 08:30:43    -3672.315653       17.053772
BFGS:   12 08:30:46    -3674.541866       16.318352
BFGS:   13 08:30:48    -3677.009476        8.669269
BFGS:   14 08:30:50    -3678.529220        4.459587
BFGS:   15 08:30:52    -3679.825521        4.550449
BFGS:   16 08:30:55    -3680.860267        5.102065
BFGS:   17 08:30:57    -3682.123183        4.990748
BFGS:   18 08:30:59    -3682.934763        5.059737
BFGS:   19 08:31:01    -3684.035670        4.862524
BFGS:   20 08:31:03    -3685.026660        4.408863
BFGS:   21 08:31:05    -3685.771290        4.436816
BFGS:   22 08:31:07    -3686.406234        3.559154
BFGS:   23 08:31:09    -3686.859697        2.974823
BFGS:   24 08:31:11    -3687.412593        3.660121
BFGS:   25 08:31:13    -3687.889668        3.479297
BFGS:   26 08:31:15    -3688.383046        2.507773
BFGS:   27 08:31:17    -3688.825105        2.748352
BFGS:   28 08:31:19    -3689.163826        3.010633
BFGS:   29 08:31:20    -3689.483331        2.634376
BFGS:   30 08:31:22    -3689.714137        3.429322
BFGS:   31 08:31:24    -3689.983016        4.022685
BFGS:   32 08:31:26    -3690.354350        4.180097
BFGS:   33 08:31:28    -3690.726954        3.557670
BFGS:   34 08:31:30    -3691.026966        3.335131
BFGS:   35 08:31:32    -3691.387576        2.904162
BFGS:   36 08:31:33    -3691.535188        2.591761
BFGS:   37 08:31:35    -3691.631213        2.366418
BFGS:   38 08:31:36    -3691.723878        2.344686
BFGS:   39 08:31:38    -3691.781569        2.319220
BFGS:   40 08:31:40    -3691.858545        2.068958
BFGS:   41 08:31:41    -3691.922689        1.875748
BFGS:   42 08:31:43    -3691.988740        1.817107
BFGS:   43 08:31:44    -3692.043185        1.808083
BFGS:   44 08:31:46    -3692.101956        1.752212
BFGS:   45 08:31:48    -3692.164243        1.688557
BFGS:   46 08:31:50    -3692.232376        1.560082
BFGS:   47 08:31:52    -3692.297206        1.298576
BFGS:   48 08:31:54    -3692.352990        1.080231
BFGS:   49 08:31:55    -3692.398029        1.110104
BFGS:   50 08:31:57    -3692.434875        1.045989
BFGS:   51 08:31:58    -3692.466792        0.930118
BFGS:   52 08:32:00    -3692.493745        0.885613
BFGS:   53 08:32:01    -3692.513645        0.948316
BFGS:   54 08:32:03    -3692.531506        1.061195
BFGS:   55 08:32:04    -3692.550177        1.126838
BFGS:   56 08:32:05    -3692.568837        1.163271
BFGS:   57 08:32:07    -3692.587270        1.115819
BFGS:   58 08:32:08    -3692.609811        1.065353
BFGS:   59 08:32:09    -3692.643727        1.012828
BFGS:   60 08:32:11    -3692.691842        0.984111
BFGS:   61 08:32:12    -3692.745082        1.026698
BFGS:   62 08:32:14    -3692.791942        1.148081
BFGS:   63 08:32:15    -3692.830733        1.355879
BFGS:   64 08:32:17    -3692.868361        1.541985
BFGS:   65 08:32:18    -3692.912850        1.780491
BFGS:   66 08:32:20    -3692.964763        1.895303
BFGS:   67 08:32:21    -3693.019688        2.025228
BFGS:   68 08:32:23    -3693.072025        1.983466
BFGS:   69 08:32:24    -3693.121881        1.996152
BFGS:   70 08:32:26    -3693.158603        2.050977
BFGS:   71 08:32:27    -3693.189243        2.166572
BFGS:   72 08:32:28    -3693.220593        2.159361
BFGS:   73 08:32:30    -3693.259698        2.108772
BFGS:   74 08:32:32    -3693.305228        2.076653
BFGS:   75 08:32:33    -3693.354026        2.137219
BFGS:   76 08:32:35    -3693.392526        2.190160
BFGS:   77 08:32:36    -3693.432824        2.263114
BFGS:   78 08:32:38    -3693.470286        2.284221
BFGS:   79 08:32:39    -3693.520398        2.459466
BFGS:   80 08:32:41    -3693.541976        2.531972
BFGS:   81 08:32:42    -3693.566712        2.459096
BFGS:   82 08:32:43    -3693.580670        2.365176
BFGS:   83 08:32:45    -3693.593050        2.358436
BFGS:   84 08:32:46    -3693.602680        2.363965
BFGS:   85 08:32:48    -3693.611553        2.396394
BFGS:   86 08:32:49    -3693.620332        2.459625
BFGS:   87 08:32:50    -3693.631972        2.549494
BFGS:   88 08:32:51    -3693.647267        2.642666
BFGS:   89 08:32:53    -3693.665208        2.683025
BFGS:   90 08:32:54    -3693.684146        2.635513
BFGS:   91 08:32:55    -3693.704461        2.490995
BFGS:   92 08:32:57    -3693.727907        2.286599
BFGS:   93 08:32:58    -3693.756174        2.122305
BFGS:   94 08:32:59    -3693.789565        2.006064
BFGS:   95 08:33:01    -3693.828053        1.877013
BFGS:   96 08:33:03    -3693.872764        1.623096
BFGS:   97 08:33:04    -3693.919181        1.223970
BFGS:   98 08:33:05    -3693.958966        0.851277
BFGS:   99 08:33:07    -3693.985589        0.696111
BFGS:  100 08:33:08    -3694.002554        0.594304
BFGS:  101 08:33:10    -3694.019483        0.550737
BFGS:  102 08:33:11    -3694.037130        0.456052
BFGS:  103 08:33:12    -3694.050988        0.456571
BFGS:  104 08:33:14    -3694.060668        0.436802
BFGS:  105 08:33:15    -3694.067664        0.427402
BFGS:  106 08:33:16    -3694.074182        0.395599
BFGS:  107 08:33:17    -3694.080656        0.360755
BFGS:  108 08:33:18    -3694.086622        0.323217
BFGS:  109 08:33:20    -3694.092522        0.359604
BFGS:  110 08:33:21    -3694.099526        0.369001
BFGS:  111 08:33:22    -3694.107773        0.488759
BFGS:  112 08:33:24    -3694.115940        0.414494
BFGS:  113 08:33:25    -3694.123322        0.350750
BFGS:  114 08:33:27    -3694.130877        0.344831
BFGS:  115 08:33:28    -3694.139872        0.313743
BFGS:  116 08:33:29    -3694.149748        0.258555
BFGS:  117 08:33:31    -3694.158476        0.272697
BFGS:  118 08:33:32    -3694.165704        0.257191
BFGS:  119 08:33:33    -3694.172728        0.241787
BFGS:  120 08:33:35    -3694.179979        0.276778
BFGS:  121 08:33:36    -3694.186711        0.368933
BFGS:  122 08:33:37    -3694.191868        0.364203
BFGS:  123 08:33:38    -3694.195858        0.377659
BFGS:  124 08:33:40    -3694.199786        0.442753
BFGS:  125 08:33:41    -3694.203841        0.527120
BFGS:  126 08:33:42    -3694.207394        0.593630
BFGS:  127 08:33:43    -3694.210195        0.650445
BFGS:  128 08:33:45    -3694.212877        0.673641
BFGS:  129 08:33:46    -3694.216131        0.708112
BFGS:  130 08:33:47    -3694.220214        0.687380
BFGS:  131 08:33:49    -3694.224545        0.669437
BFGS:  132 08:33:50    -3694.228375        0.570606
BFGS:  133 08:33:51    -3694.231731        0.582548
BFGS:  134 08:33:53    -3694.235752        0.514772
BFGS:  135 08:33:54    -3694.242153        0.408968
BFGS:  136 08:33:56    -3694.250023        0.310027
BFGS:  137 08:33:57    -3694.257738        0.356939
BFGS:  138 08:33:59    -3694.264923        0.392165
BFGS:  139 08:34:00    -3694.271630        0.424663
BFGS:  140 08:34:02    -3694.278728        0.433865
BFGS:  141 08:34:03    -3694.286023        0.420530
BFGS:  142 08:34:05    -3694.291847        0.349597
BFGS:  143 08:34:06    -3694.295687        0.637396
BFGS:  144 08:34:07    -3694.300914        0.302840
BFGS:  145 08:34:09    -3694.306621        0.302870
BFGS:  146 08:34:10    -3694.312260        0.318691
BFGS:  147 08:34:11    -3694.318458        0.302786
BFGS:  148 08:34:13    -3694.323220        0.280861
BFGS:  149 08:34:14    -3694.326746        0.352606
BFGS:  150 08:34:15    -3694.329438        0.394417
BFGS:  151 08:34:16    -3694.332173        0.286424
BFGS:  152 08:34:17    -3694.334454        0.177432
BFGS:  153 08:34:18    -3694.336518        0.183605
BFGS:  154 08:34:19    -3694.338749        0.160362
BFGS:  155 08:34:20    -3694.340883        0.157616
BFGS:  156 08:34:22    -3694.342703        0.171223
BFGS:  157 08:34:23    -3694.344365        0.196517
BFGS:  158 08:34:24    -3694.346141        0.198478
BFGS:  159 08:34:25    -3694.347823        0.187429
BFGS:  160 08:34:26    -3694.349218        0.137772
BFGS:  161 08:34:27    -3694.350411        0.121813
BFGS:  162 08:34:28    -3694.351681        0.111458
BFGS:  163 08:34:29    -3694.353058        0.089990
BFGS:  164 08:34:30    -3694.354227        0.063680
BFGS:  165 08:34:32    -3694.355048        0.054057
BFGS:  166 08:34:33    -3694.355707        0.058994
BFGS:  167 08:34:34    -3694.356404        0.051297
BFGS:  168 08:34:35    -3694.357193        0.072571
BFGS:  169 08:34:36    -3694.357962        0.113443
BFGS:  170 08:34:37    -3694.358662        0.129647
BFGS:  171 08:34:38    -3694.359304        0.147180
BFGS:  172 08:34:39    -3694.359912        0.170759
BFGS:  173 08:34:40    -3694.360583        0.170856
BFGS:  174 08:34:41    -3694.361114        0.152623
BFGS:  175 08:34:42    -3694.361604        0.153214
BFGS:  176 08:34:43    -3694.362038        0.165129
BFGS:  177 08:34:44    -3694.362455        0.151196
BFGS:  178 08:34:45    -3694.362853        0.137052
BFGS:  179 08:34:46    -3694.363253        0.128036
BFGS:  180 08:34:47    -3694.363658        0.121544
BFGS:  181 08:34:48    -3694.364064        0.120788
BFGS:  182 08:34:49    -3694.364504        0.111447
BFGS:  183 08:34:50    -3694.364988        0.097112
BFGS:  184 08:34:51    -3694.365512        0.088947
BFGS:  185 08:34:52    -3694.366003        0.089033
BFGS:  186 08:34:53    -3694.366378        0.089280
BFGS:  187 08:34:54    -3694.366654        0.092177
BFGS:  188 08:34:55    -3694.366885        0.089660
BFGS:  189 08:34:56    -3694.367120        0.083043
BFGS:  190 08:34:57    -3694.367354        0.079197
BFGS:  191 08:34:58    -3694.367601        0.079289
BFGS:  192 08:34:59    -3694.367826        0.079988
BFGS:  193 08:35:00    -3694.368047        0.079791
BFGS:  194 08:35:01    -3694.368261        0.079435
BFGS:  195 08:35:02    -3694.368514        0.075772
BFGS:  196 08:35:03    -3694.368785        0.074602
BFGS:  197 08:35:04    -3694.369093        0.071791
BFGS:  198 08:35:05    -3694.369414        0.070591
BFGS:  199 08:35:06    -3694.369761        0.080783
BFGS:  200 08:35:07    -3694.370158        0.098823
