      Step     Time          Energy          fmax
BFGS:    0 08:22:49    -2120.251939      435.580788
BFGS:    1 08:22:50    -2204.409207       44.875096
BFGS:    2 08:22:51    -2220.416795       74.334712
BFGS:    3 08:22:52    -2229.580226       42.225151
BFGS:    4 08:22:53    -2231.857357       15.451567
BFGS:    5 08:22:54    -2235.800699       12.166813
BFGS:    6 08:22:54    -2237.061871        8.346719
BFGS:    7 08:22:55    -2238.463991        4.375039
BFGS:    8 08:22:56    -2240.204017        2.499159
BFGS:    9 08:22:57    -2240.784382        2.988704
BFGS:   10 08:22:58    -2241.255049        2.906042
BFGS:   11 08:22:59    -2241.567480        2.895977
BFGS:   12 08:23:00    -2241.647011        3.461587
BFGS:   13 08:23:01    -2241.790109        2.965929
BFGS:   14 08:23:01    -2241.860915        2.790887
BFGS:   15 08:23:02    -2241.989165        2.328881
BFGS:   16 08:23:03    -2242.073955        2.064691
BFGS:   17 08:23:04    -2242.144683        1.281673
BFGS:   18 08:23:05    -2242.205213        0.578921
BFGS:   19 08:23:06    -2242.230244        0.741099
BFGS:   20 08:23:06    -2242.266659        0.832728
BFGS:   21 08:23:07    -2242.307039        1.022529
BFGS:   22 08:23:08    -2242.360776        1.243876
BFGS:   23 08:23:09    -2242.464983        1.549562
BFGS:   24 08:23:10    -2242.601210        1.971694
BFGS:   25 08:23:11    -2242.777573        1.728507
BFGS:   26 08:23:12    -2243.293387        1.458652
BFGS:   27 08:23:13    -2243.494903        1.041843
BFGS:   28 08:23:13    -2243.763973        0.935517
BFGS:   29 08:23:14    -2244.036302        1.619435
BFGS:   30 08:23:15    -2244.258445        1.784816
BFGS:   31 08:23:15    -2244.570398        1.674267
BFGS:   32 08:23:16    -2244.642384        1.337220
BFGS:   33 08:23:16    -2244.795527        1.025570
BFGS:   34 08:23:17    -2244.858386        1.049862
BFGS:   35 08:23:17    -2244.912108        0.919546
BFGS:   36 08:23:18    -2244.931382        0.785986
BFGS:   37 08:23:18    -2244.958507        0.593811
BFGS:   38 08:23:18    -2244.975458        0.448793
BFGS:   39 08:23:19    -2244.988749        0.349239
BFGS:   40 08:23:19    -2244.996703        0.302115
BFGS:   41 08:23:19    -2245.003218        0.266275
BFGS:   42 08:23:20    -2245.009936        0.224583
BFGS:   43 08:23:20    -2245.018396        0.264595
BFGS:   44 08:23:21    -2245.027892        0.352180
BFGS:   45 08:23:21    -2245.039126        0.268883
BFGS:   46 08:23:21    -2245.047619        0.181679
BFGS:   47 08:23:22    -2245.052100        0.177050
BFGS:   48 08:23:22    -2245.058083        0.188409
BFGS:   49 08:23:23    -2245.065172        0.254585
BFGS:   50 08:23:23    -2245.073259        0.204688
BFGS:   51 08:23:23    -2245.079416        0.162350
BFGS:   52 08:23:24    -2245.084013        0.147810
BFGS:   53 08:23:24    -2245.088555        0.192036
BFGS:   54 08:23:24    -2245.094408        0.212957
BFGS:   55 08:23:25    -2245.100972        0.183731
BFGS:   56 08:23:25    -2245.108207        0.225472
BFGS:   57 08:23:26    -2245.116862        0.222477
BFGS:   58 08:23:26    -2245.128048        0.275752
BFGS:   59 08:23:27    -2245.141835        0.294090
BFGS:   60 08:23:27    -2245.159002        0.342684
BFGS:   61 08:23:27    -2245.179214        0.327433
BFGS:   62 08:23:28    -2245.206131        0.341142
BFGS:   63 08:23:28    -2245.240370        0.530715
BFGS:   64 08:23:29    -2245.283520        0.495171
BFGS:   65 08:23:29    -2245.318520        0.565391
BFGS:   66 08:23:30    -2245.343516        0.398511
BFGS:   67 08:23:30    -2245.361203        0.294017
BFGS:   68 08:23:31    -2245.382143        0.318621
BFGS:   69 08:23:31    -2245.406944        0.270773
BFGS:   70 08:23:32    -2245.428099        0.407115
BFGS:   71 08:23:32    -2245.454259        0.410487
BFGS:   72 08:23:32    -2245.482976        0.472125
BFGS:   73 08:23:33    -2245.515949        0.500881
BFGS:   74 08:23:33    -2245.552510        0.835462
BFGS:   75 08:23:34    -2245.591356        0.553177
BFGS:   76 08:23:34    -2245.625200        0.889417
BFGS:   77 08:23:35    -2245.659527        0.361706
BFGS:   78 08:23:35    -2245.679533        0.358220
BFGS:   79 08:23:36    -2245.693728        0.267758
BFGS:   80 08:23:36    -2245.706777        0.265737
BFGS:   81 08:23:37    -2245.715891        0.222308
BFGS:   82 08:23:37    -2245.721059        0.159628
BFGS:   83 08:23:38    -2245.724951        0.159527
BFGS:   84 08:23:38    -2245.729003        0.119034
BFGS:   85 08:23:38    -2245.732050        0.097962
BFGS:   86 08:23:39    -2245.734079        0.101482
BFGS:   87 08:23:39    -2245.735836        0.101180
BFGS:   88 08:23:40    -2245.737774        0.105117
BFGS:   89 08:23:40    -2245.739867        0.108750
BFGS:   90 08:23:40    -2245.741552        0.078197
BFGS:   91 08:23:41    -2245.742912        0.079819
BFGS:   92 08:23:41    -2245.744462        0.109896
BFGS:   93 08:23:41    -2245.746434        0.122538
BFGS:   94 08:23:42    -2245.748817        0.145549
BFGS:   95 08:23:42    -2245.751126        0.123983
BFGS:   96 08:23:43    -2245.752996        0.078229
BFGS:   97 08:23:43    -2245.754598        0.100051
BFGS:   98 08:23:43    -2245.756348        0.114808
BFGS:   99 08:23:44    -2245.758505        0.113024
BFGS:  100 08:23:44    -2245.761036        0.109917
BFGS:  101 08:23:44    -2245.763638        0.102608
BFGS:  102 08:23:45    -2245.766106        0.133326
BFGS:  103 08:23:45    -2245.768446        0.117104
BFGS:  104 08:23:46    -2245.770638        0.102405
BFGS:  105 08:23:46    -2245.772479        0.069038
BFGS:  106 08:23:46    -2245.773866        0.075269
BFGS:  107 08:23:47    -2245.774922        0.072551
BFGS:  108 08:23:47    -2245.775930        0.076472
BFGS:  109 08:23:47    -2245.777079        0.104311
BFGS:  110 08:23:48    -2245.778545        0.102533
BFGS:  111 08:23:48    -2245.780716        0.127030
BFGS:  112 08:23:49    -2245.784070        0.152632
BFGS:  113 08:23:49    -2245.788683        0.152558
BFGS:  114 08:23:50    -2245.793978        0.183790
BFGS:  115 08:23:50    -2245.799347        0.196718
BFGS:  116 08:23:51    -2245.804955        0.188203
BFGS:  117 08:23:51    -2245.811015        0.161023
BFGS:  118 08:23:52    -2245.817303        0.214293
BFGS:  119 08:23:52    -2245.822344        0.183707
BFGS:  120 08:23:52    -2245.825808        0.156785
BFGS:  121 08:23:53    -2245.829050        0.118300
BFGS:  122 08:23:53    -2245.832687        0.098725
BFGS:  123 08:23:54    -2245.835276        0.125080
BFGS:  124 08:23:54    -2245.836994        0.086989
BFGS:  125 08:23:54    -2245.838085        0.060065
BFGS:  126 08:23:55    -2245.838948        0.067226
BFGS:  127 08:23:55    -2245.839854        0.072162
BFGS:  128 08:23:56    -2245.841019        0.089843
BFGS:  129 08:23:56    -2245.842554        0.082639
BFGS:  130 08:23:56    -2245.844401        0.099768
BFGS:  131 08:23:57    -2245.846199        0.091783
BFGS:  132 08:23:57    -2245.847750        0.086846
BFGS:  133 08:23:57    -2245.849413        0.091677
BFGS:  134 08:23:58    -2245.851881        0.086454
BFGS:  135 08:23:58    -2245.855637        0.153802
BFGS:  136 08:23:59    -2245.860112        0.177279
BFGS:  137 08:23:59    -2245.863821        0.120506
BFGS:  138 08:24:00    -2245.866139        0.106527
BFGS:  139 08:24:00    -2245.867709        0.104205
BFGS:  140 08:24:00    -2245.869232        0.088484
BFGS:  141 08:24:01    -2245.870855        0.103618
BFGS:  142 08:24:01    -2245.872338        0.075619
BFGS:  143 08:24:01    -2245.873421        0.061786
BFGS:  144 08:24:02    -2245.874038        0.042013
BFGS:  145 08:24:02    -2245.874555        0.045205
BFGS:  146 08:24:02    -2245.874887        0.037538
BFGS:  147 08:24:03    -2245.875229        0.038176
BFGS:  148 08:24:03    -2245.875614        0.047301
BFGS:  149 08:24:03    -2245.875999        0.054486
BFGS:  150 08:24:04    -2245.876277        0.052931
BFGS:  151 08:24:04    -2245.876476        0.040233
BFGS:  152 08:24:04    -2245.876673        0.030234
BFGS:  153 08:24:05    -2245.876941        0.046610
BFGS:  154 08:24:05    -2245.877286        0.051604
BFGS:  155 08:24:05    -2245.877692        0.052571
BFGS:  156 08:24:06    -2245.878173        0.040143
BFGS:  157 08:24:06    -2245.878856        0.054060
BFGS:  158 08:24:06    -2245.879917        0.071061
BFGS:  159 08:24:07    -2245.881569        0.081584
BFGS:  160 08:24:07    -2245.883772        0.135308
BFGS:  161 08:24:08    -2245.886393        0.147981
BFGS:  162 08:24:08    -2245.889158        0.191556
BFGS:  163 08:24:09    -2245.892441        0.236475
BFGS:  164 08:24:10    -2245.896322        0.266397
BFGS:  165 08:24:10    -2245.902693        0.415343
BFGS:  166 08:24:11    -2245.909308        0.382664
BFGS:  167 08:24:12    -2245.911931        0.422186
BFGS:  168 08:24:12    -2245.915211        0.415984
BFGS:  169 08:24:13    -2245.917630        0.332774
BFGS:  170 08:24:14    -2245.918980        0.081694
BFGS:  171 08:24:14    -2245.919851        0.129250
BFGS:  172 08:24:15    -2245.920538        0.120464
BFGS:  173 08:24:16    -2245.921264        0.129437
BFGS:  174 08:24:16    -2245.921773        0.039680
BFGS:  175 08:24:17    -2245.922157        0.085937
BFGS:  176 08:24:17    -2245.922429        0.073862
BFGS:  177 08:24:18    -2245.922728        0.042178
BFGS:  178 08:24:18    -2245.922925        0.058999
BFGS:  179 08:24:19    -2245.923161        0.040184
BFGS:  180 08:24:19    -2245.923330        0.043640
BFGS:  181 08:24:20    -2245.923506        0.049580
BFGS:  182 08:24:20    -2245.923788        0.051086
BFGS:  183 08:24:21    -2245.924239        0.109006
BFGS:  184 08:24:21    -2245.924800        0.102565
BFGS:  185 08:24:22    -2245.925347        0.125827
BFGS:  186 08:24:22    -2245.925791        0.079650
BFGS:  187 08:24:23    -2245.926190        0.118100
BFGS:  188 08:24:23    -2245.926661        0.126423
BFGS:  189 08:24:24    -2245.927326        0.164774
BFGS:  190 08:24:24    -2245.928323        0.170346
BFGS:  191 08:24:25    -2245.929669        0.174674
BFGS:  192 08:24:25    -2245.931091        0.135035
BFGS:  193 08:24:26    -2245.932214        0.114918
BFGS:  194 08:24:27    -2245.933036        0.082985
BFGS:  195 08:24:27    -2245.933777        0.066992
BFGS:  196 08:24:28    -2245.934559        0.051219
BFGS:  197 08:24:28    -2245.935163        0.040188
BFGS:  198 08:24:29    -2245.935464        0.035725
BFGS:  199 08:24:29    -2245.935591        0.033029
BFGS:  200 08:24:30    -2245.935664        0.020993
