      Step     Time          Energy          fmax
BFGS:    0 09:10:47     -986.760466     1460.362110
BFGS:    1 09:10:48    -1938.253753      199.973108
BFGS:    2 09:10:48    -1972.892322      163.354987
BFGS:    3 09:10:49    -2008.529873      134.694771
BFGS:    4 09:10:50    -2038.489250       97.475144
BFGS:    5 09:10:50    -2059.143714       24.006464
BFGS:    6 09:10:51    -2065.081593       18.969663
BFGS:    7 09:10:52    -2070.258037       12.792637
BFGS:    8 09:10:54    -2072.621133        7.222686
BFGS:    9 09:10:54    -2073.711950        5.058020
BFGS:   10 09:10:55    -2074.442641        2.503485
BFGS:   11 09:10:56    -2074.893458        2.331087
BFGS:   12 09:10:57    -2075.110009        2.559930
BFGS:   13 09:10:58    -2075.361075        2.694272
BFGS:   14 09:10:58    -2075.477922        2.400483
BFGS:   15 09:10:59    -2075.566309        2.271609
BFGS:   16 09:10:59    -2075.620711        2.089540
BFGS:   17 09:11:00    -2075.660536        1.685862
BFGS:   18 09:11:01    -2075.708822        1.386553
BFGS:   19 09:11:01    -2075.755470        1.294283
BFGS:   20 09:11:02    -2075.800453        1.221511
BFGS:   21 09:11:03    -2075.847283        1.093666
BFGS:   22 09:11:04    -2075.903701        0.974516
BFGS:   23 09:11:04    -2075.971594        0.965404
BFGS:   24 09:11:05    -2076.045892        1.163173
BFGS:   25 09:11:06    -2076.105270        1.140864
BFGS:   26 09:11:06    -2076.149883        1.093966
BFGS:   27 09:11:07    -2076.190976        0.998795
BFGS:   28 09:11:07    -2076.224866        0.688052
BFGS:   29 09:11:08    -2076.257448        0.481200
BFGS:   30 09:11:09    -2076.288022        0.478044
BFGS:   31 09:11:09    -2076.318253        0.624521
BFGS:   32 09:11:10    -2076.351553        0.773933
BFGS:   33 09:11:11    -2076.397537        0.807026
BFGS:   34 09:11:11    -2076.462805        0.965799
BFGS:   35 09:11:12    -2076.550397        1.198144
BFGS:   36 09:11:13    -2076.736483        1.629326
BFGS:   37 09:11:13    -2076.860917        2.438301
BFGS:   38 09:11:14    -2077.017161        1.608245
BFGS:   39 09:11:14    -2077.158075        1.523156
BFGS:   40 09:11:15    -2077.327211        1.315565
BFGS:   41 09:11:16    -2077.565985        1.985314
BFGS:   42 09:11:16    -2077.871116        2.127431
BFGS:   43 09:11:17    -2078.251011        1.926981
BFGS:   44 09:11:17    -2078.603409        2.160600
BFGS:   45 09:11:18    -2078.958397        2.205355
BFGS:   46 09:11:19    -2079.365500        2.223283
BFGS:   47 09:11:19    -2079.745229        2.252244
BFGS:   48 09:11:20    -2080.129623        2.481940
BFGS:   49 09:11:21    -2080.326890        2.009462
BFGS:   50 09:11:21    -2080.594524        2.215325
BFGS:   51 09:11:22    -2080.893254        1.714202
BFGS:   52 09:11:22    -2081.013943        1.432441
BFGS:   53 09:11:23    -2081.176549        1.265688
BFGS:   54 09:11:23    -2081.240477        1.015788
BFGS:   55 09:11:24    -2081.362452        1.188697
BFGS:   56 09:11:24    -2081.446784        1.060068
BFGS:   57 09:11:25    -2081.520405        1.131083
BFGS:   58 09:11:25    -2081.580595        1.180901
BFGS:   59 09:11:26    -2081.638586        0.885568
BFGS:   60 09:11:26    -2081.680640        0.437789
BFGS:   61 09:11:27    -2081.714929        0.452046
BFGS:   62 09:11:27    -2081.745527        0.529015
BFGS:   63 09:11:28    -2081.770860        0.403496
BFGS:   64 09:11:28    -2081.788013        0.287848
BFGS:   65 09:11:29    -2081.801574        0.267566
BFGS:   66 09:11:29    -2081.815614        0.402413
BFGS:   67 09:11:30    -2081.829744        0.365284
BFGS:   68 09:11:30    -2081.841924        0.245337
BFGS:   69 09:11:31    -2081.850924        0.262868
BFGS:   70 09:11:31    -2081.857501        0.210324
BFGS:   71 09:11:31    -2081.863164        0.240378
BFGS:   72 09:11:32    -2081.868709        0.278461
BFGS:   73 09:11:32    -2081.874524        0.245275
BFGS:   74 09:11:32    -2081.880935        0.261986
BFGS:   75 09:11:33    -2081.888282        0.260301
BFGS:   76 09:11:33    -2081.897228        0.227531
BFGS:   77 09:11:34    -2081.909119        0.216038
BFGS:   78 09:11:34    -2081.924512        0.277194
BFGS:   79 09:11:35    -2081.941215        0.331189
BFGS:   80 09:11:35    -2081.956445        0.324225
BFGS:   81 09:11:35    -2081.972263        0.368225
BFGS:   82 09:11:36    -2081.994082        0.418664
BFGS:   83 09:11:36    -2082.026742        0.490760
BFGS:   84 09:11:37    -2082.070798        0.479151
BFGS:   85 09:11:38    -2082.119200        0.450926
BFGS:   86 09:11:38    -2082.165561        0.574807
BFGS:   87 09:11:39    -2082.216933        0.629368
BFGS:   88 09:11:39    -2082.276286        0.704119
BFGS:   89 09:11:40    -2082.345492        0.781092
BFGS:   90 09:11:40    -2082.420079        0.846869
BFGS:   91 09:11:41    -2082.502672        0.892096
BFGS:   92 09:11:41    -2082.584440        0.907108
BFGS:   93 09:11:42    -2082.675815        0.909160
BFGS:   94 09:11:42    -2082.755503        0.887926
BFGS:   95 09:11:43    -2082.846094        0.858154
BFGS:   96 09:11:43    -2082.922668        0.834521
BFGS:   97 09:11:44    -2083.003390        0.889222
BFGS:   98 09:11:44    -2083.076366        0.941039
BFGS:   99 09:11:45    -2083.151176        0.990281
BFGS:  100 09:11:45    -2083.218412        1.029856
BFGS:  101 09:11:46    -2083.286856        1.066545
BFGS:  102 09:11:46    -2083.346781        1.092133
BFGS:  103 09:11:47    -2083.408695        1.115480
BFGS:  104 09:11:47    -2083.462767        1.130695
BFGS:  105 09:11:47    -2083.518373        1.142363
BFGS:  106 09:11:48    -2083.569146        1.149968
BFGS:  107 09:11:48    -2083.620426        1.154724
BFGS:  108 09:11:49    -2083.669275        1.157602
BFGS:  109 09:11:49    -2083.718511        1.160702
BFGS:  110 09:11:50    -2083.766327        1.161284
BFGS:  111 09:11:50    -2083.815129        1.175234
BFGS:  112 09:11:51    -2083.862833        1.202040
BFGS:  113 09:11:51    -2083.912357        1.253710
BFGS:  114 09:11:51    -2083.960165        1.262300
BFGS:  115 09:11:52    -2084.010681        1.308179
BFGS:  116 09:11:52    -2084.058244        1.299111
BFGS:  117 09:11:53    -2084.109167        1.325147
BFGS:  118 09:11:53    -2084.156875        1.308081
BFGS:  119 09:11:53    -2084.207531        1.303249
BFGS:  120 09:11:54    -2084.255246        1.278719
BFGS:  121 09:11:54    -2084.305523        1.245518
BFGS:  122 09:11:55    -2084.352806        1.210242
BFGS:  123 09:11:55    -2084.402643        1.169637
BFGS:  124 09:11:55    -2084.449444        1.132678
BFGS:  125 09:11:55    -2084.498760        1.082695
BFGS:  126 09:11:56    -2084.545279        1.032340
BFGS:  127 09:11:56    -2084.593899        0.970847
BFGS:  128 09:11:56    -2084.640164        0.925225
BFGS:  129 09:11:57    -2084.687993        0.949145
BFGS:  130 09:11:57    -2084.734026        0.965605
BFGS:  131 09:11:58    -2084.781756        0.980587
BFGS:  132 09:11:58    -2084.828335        0.996350
BFGS:  133 09:11:58    -2084.876887        1.007784
BFGS:  134 09:11:59    -2084.924411        1.015713
BFGS:  135 09:11:59    -2084.973878        1.023478
BFGS:  136 09:11:59    -2085.021755        1.025279
BFGS:  137 09:12:00    -2085.070984        1.031698
BFGS:  138 09:12:00    -2085.117738        1.033936
BFGS:  139 09:12:00    -2085.164656        1.040615
BFGS:  140 09:12:01    -2085.208880        1.044623
BFGS:  141 09:12:01    -2085.254240        1.048115
BFGS:  142 09:12:01    -2085.299563        1.044568
BFGS:  143 09:12:02    -2085.346299        1.033774
BFGS:  144 09:12:02    -2085.391480        1.028852
BFGS:  145 09:12:02    -2085.436144        1.026612
BFGS:  146 09:12:03    -2085.480055        1.028254
BFGS:  147 09:12:03    -2085.523354        0.968265
BFGS:  148 09:12:03    -2085.639003        1.013045
BFGS:  149 09:12:04    -2085.710728        0.968858
BFGS:  150 09:12:04    -2085.832449        0.730429
BFGS:  151 09:12:05    -2085.874531        0.657370
BFGS:  152 09:12:05    -2085.913654        1.330809
BFGS:  153 09:12:05    -2085.973437        0.998437
BFGS:  154 09:12:06    -2086.052782        0.872555
BFGS:  155 09:12:06    -2086.115925        0.445138
BFGS:  156 09:12:07    -2086.160484        0.441328
BFGS:  157 09:12:07    -2086.194500        0.560465
BFGS:  158 09:12:08    -2086.233977        0.372883
BFGS:  159 09:12:08    -2086.278113        0.409916
BFGS:  160 09:12:08    -2086.308810        0.885920
BFGS:  161 09:12:09    -2086.343903        0.546242
BFGS:  162 09:12:09    -2086.373773        0.355120
BFGS:  163 09:12:09    -2086.394238        0.395110
BFGS:  164 09:12:10    -2086.417963        0.464172
BFGS:  165 09:12:10    -2086.467841        0.754442
BFGS:  166 09:12:10    -2086.522326        0.929609
BFGS:  167 09:12:11    -2086.580366        1.026423
BFGS:  168 09:12:11    -2086.675315        1.046420
BFGS:  169 09:12:12    -2086.815915        1.109704
BFGS:  170 09:12:12    -2086.875831        1.451386
BFGS:  171 09:12:12    -2086.970759        1.001572
BFGS:  172 09:12:13    -2087.048455        0.508658
BFGS:  173 09:12:13    -2087.173794        0.712519
BFGS:  174 09:12:13    -2087.250322        0.966912
BFGS:  175 09:12:14    -2087.331612        0.931016
BFGS:  176 09:12:14    -2087.403829        0.845197
BFGS:  177 09:12:15    -2087.470398        0.751532
BFGS:  178 09:12:15    -2087.532022        0.685443
BFGS:  179 09:12:15    -2087.588703        0.618804
BFGS:  180 09:12:16    -2087.640626        0.516171
BFGS:  181 09:12:16    -2087.688274        0.403817
BFGS:  182 09:12:16    -2087.733142        0.409578
BFGS:  183 09:12:17    -2087.778485        0.417297
BFGS:  184 09:12:17    -2087.828456        0.624374
BFGS:  185 09:12:17    -2087.871430        0.589785
BFGS:  186 09:12:18    -2087.902978        0.408647
BFGS:  187 09:12:18    -2087.916660        0.250597
BFGS:  188 09:12:18    -2087.925542        0.242841
BFGS:  189 09:12:19    -2087.934337        0.237289
BFGS:  190 09:12:19    -2087.941500        0.173652
BFGS:  191 09:12:19    -2087.946775        0.174817
BFGS:  192 09:12:19    -2087.949818        0.175895
BFGS:  193 09:12:20    -2087.955297        0.182761
BFGS:  194 09:12:20    -2087.960208        0.168390
BFGS:  195 09:12:20    -2087.965854        0.152287
BFGS:  196 09:12:21    -2087.971092        0.154467
BFGS:  197 09:12:21    -2087.977196        0.190838
BFGS:  198 09:12:21    -2087.983727        0.200250
BFGS:  199 09:12:22    -2087.990498        0.193375
BFGS:  200 09:12:22    -2087.996320        0.162864
