      Step     Time          Energy          fmax
BFGS:    0 09:04:18    -2617.391783      436.357527
BFGS:    1 09:04:20    -2699.108153       44.671532
BFGS:    2 09:04:21    -2712.476766       67.672593
BFGS:    3 09:04:23    -2722.913384       44.167567
BFGS:    4 09:04:24    -2729.347635       23.538005
BFGS:    5 09:04:25    -2733.091770        9.558774
BFGS:    6 09:04:26    -2735.283047        8.199053
BFGS:    7 09:04:28    -2737.365849        3.418853
BFGS:    8 09:04:29    -2738.706815        2.757651
BFGS:    9 09:04:30    -2739.725075        3.165883
BFGS:   10 09:04:31    -2740.465075        3.210471
BFGS:   11 09:04:32    -2741.160759        3.117303
BFGS:   12 09:04:33    -2741.716698        2.947762
BFGS:   13 09:04:34    -2742.322564        2.730824
BFGS:   14 09:04:35    -2742.894429        2.744911
BFGS:   15 09:04:37    -2743.560003        2.952982
BFGS:   16 09:04:38    -2744.148457        3.472723
BFGS:   17 09:04:39    -2744.648282        3.984921
BFGS:   18 09:04:40    -2745.065771        3.926244
BFGS:   19 09:04:41    -2745.624464        2.928904
BFGS:   20 09:04:42    -2745.862070        2.694584
BFGS:   21 09:04:43    -2746.084135        2.467317
BFGS:   22 09:04:44    -2746.168313        2.025255
BFGS:   23 09:04:45    -2746.296441        1.756885
BFGS:   24 09:04:46    -2746.438286        1.569615
BFGS:   25 09:04:47    -2746.524574        1.242191
BFGS:   26 09:04:48    -2746.641195        0.700696
BFGS:   27 09:04:49    -2746.712133        0.562382
BFGS:   28 09:04:51    -2746.771105        0.454469
BFGS:   29 09:04:52    -2746.816347        0.467879
BFGS:   30 09:04:53    -2746.857342        0.427527
BFGS:   31 09:04:54    -2746.882653        0.336595
BFGS:   32 09:04:55    -2746.909515        0.380662
BFGS:   33 09:04:55    -2746.935610        0.378908
BFGS:   34 09:04:56    -2746.959196        0.390655
BFGS:   35 09:04:57    -2746.977598        0.317811
BFGS:   36 09:04:58    -2746.995333        0.396772
BFGS:   37 09:04:59    -2747.018399        0.348390
BFGS:   38 09:05:00    -2747.052223        0.466243
BFGS:   39 09:05:01    -2747.092769        0.456657
BFGS:   40 09:05:02    -2747.129666        0.403886
BFGS:   41 09:05:03    -2747.164806        0.372212
BFGS:   42 09:05:03    -2747.205760        0.582590
BFGS:   43 09:05:04    -2747.257077        0.665355
BFGS:   44 09:05:05    -2747.312122        0.575247
BFGS:   45 09:05:06    -2747.365104        0.416053
BFGS:   46 09:05:07    -2747.418729        0.448212
BFGS:   47 09:05:08    -2747.484598        0.616418
BFGS:   48 09:05:09    -2747.558384        0.735302
BFGS:   49 09:05:10    -2747.624239        0.534081
BFGS:   50 09:05:11    -2747.665121        0.651680
BFGS:   51 09:05:12    -2747.692067        0.617613
BFGS:   52 09:05:13    -2747.715145        0.404918
BFGS:   53 09:05:14    -2747.732420        0.251838
BFGS:   54 09:05:15    -2747.744711        0.274788
BFGS:   55 09:05:16    -2747.754445        0.245286
BFGS:   56 09:05:17    -2747.764408        0.183644
BFGS:   57 09:05:17    -2747.775455        0.166013
BFGS:   58 09:05:18    -2747.786422        0.233907
BFGS:   59 09:05:19    -2747.797073        0.255532
BFGS:   60 09:05:20    -2747.808168        0.220012
BFGS:   61 09:05:21    -2747.820158        0.160118
BFGS:   62 09:05:22    -2747.833255        0.229202
BFGS:   63 09:05:23    -2747.847056        0.229698
BFGS:   64 09:05:24    -2747.860064        0.269457
BFGS:   65 09:05:25    -2747.871310        0.250442
BFGS:   66 09:05:25    -2747.880575        0.244077
BFGS:   67 09:05:26    -2747.888463        0.207992
BFGS:   68 09:05:27    -2747.895573        0.155208
BFGS:   69 09:05:28    -2747.901677        0.192479
BFGS:   70 09:05:29    -2747.906077        0.145754
BFGS:   71 09:05:30    -2747.908798        0.071494
BFGS:   72 09:05:31    -2747.910423        0.080797
BFGS:   73 09:05:31    -2747.911505        0.088396
BFGS:   74 09:05:32    -2747.912387        0.073607
BFGS:   75 09:05:33    -2747.913226        0.083884
BFGS:   76 09:05:34    -2747.914070        0.094701
BFGS:   77 09:05:34    -2747.914840        0.098859
BFGS:   78 09:05:35    -2747.915470        0.085750
BFGS:   79 09:05:36    -2747.915952        0.059410
BFGS:   80 09:05:37    -2747.916337        0.031384
BFGS:   81 09:05:37    -2747.916649        0.028435
BFGS:   82 09:05:38    -2747.916938        0.029053
BFGS:   83 09:05:39    -2747.917232        0.030825
BFGS:   84 09:05:39    -2747.917569        0.030372
BFGS:   85 09:05:40    -2747.917917        0.032130
BFGS:   86 09:05:41    -2747.918214        0.041959
BFGS:   87 09:05:42    -2747.918430        0.059674
BFGS:   88 09:05:42    -2747.918619        0.069610
BFGS:   89 09:05:43    -2747.918852        0.076862
BFGS:   90 09:05:44    -2747.919202        0.081645
BFGS:   91 09:05:45    -2747.919695        0.103669
BFGS:   92 09:05:45    -2747.920311        0.124389
BFGS:   93 09:05:46    -2747.920999        0.132875
BFGS:   94 09:05:47    -2747.921742        0.127529
BFGS:   95 09:05:48    -2747.922548        0.112178
BFGS:   96 09:05:49    -2747.923425        0.091706
BFGS:   97 09:05:49    -2747.924256        0.075759
BFGS:   98 09:05:50    -2747.924965        0.059585
BFGS:   99 09:05:51    -2747.925557        0.041617
BFGS:  100 09:05:52    -2747.926059        0.039860
BFGS:  101 09:05:52    -2747.926468        0.034658
BFGS:  102 09:05:53    -2747.926818        0.034576
BFGS:  103 09:05:54    -2747.927108        0.031925
BFGS:  104 09:05:55    -2747.927373        0.031903
BFGS:  105 09:05:55    -2747.927613        0.035396
BFGS:  106 09:05:56    -2747.927892        0.033928
BFGS:  107 09:05:57    -2747.928237        0.035965
BFGS:  108 09:05:57    -2747.928676        0.034009
BFGS:  109 09:05:58    -2747.929124        0.037069
BFGS:  110 09:05:59    -2747.929511        0.044252
BFGS:  111 09:06:00    -2747.929834        0.044190
BFGS:  112 09:06:00    -2747.930197        0.038423
BFGS:  113 09:06:01    -2747.930669        0.040734
BFGS:  114 09:06:02    -2747.931255        0.043611
BFGS:  115 09:06:03    -2747.931842        0.049663
BFGS:  116 09:06:03    -2747.932362        0.049933
BFGS:  117 09:06:04    -2747.932883        0.048200
BFGS:  118 09:06:05    -2747.933937        0.055403
BFGS:  119 09:06:06    -2747.935757        0.150720
BFGS:  120 09:06:08    -2747.936629        0.392222
BFGS:  121 09:06:08    -2747.938103        0.295528
BFGS:  122 09:06:09    -2747.942708        0.235419
BFGS:  123 09:06:10    -2747.949250        0.198590
BFGS:  124 09:06:11    -2747.952868        0.234777
BFGS:  125 09:06:12    -2747.962871        0.276882
BFGS:  126 09:06:14    -2747.974321        0.322096
BFGS:  127 09:06:15    -2747.980930        0.331830
BFGS:  128 09:06:15    -2747.984470        0.307951
BFGS:  129 09:06:16    -2747.987090        0.272068
BFGS:  130 09:06:17    -2747.990723        0.251390
BFGS:  131 09:06:18    -2747.993462        0.154707
BFGS:  132 09:06:19    -2747.996073        0.131231
BFGS:  133 09:06:20    -2747.998330        0.122583
BFGS:  134 09:06:21    -2747.999537        0.112145
BFGS:  135 09:06:22    -2748.002349        0.125629
BFGS:  136 09:06:23    -2748.004083        0.104247
BFGS:  137 09:06:24    -2748.005707        0.080365
BFGS:  138 09:06:24    -2748.006920        0.088527
BFGS:  139 09:06:25    -2748.008078        0.119708
BFGS:  140 09:06:26    -2748.009309        0.111523
BFGS:  141 09:06:27    -2748.010814        0.075427
BFGS:  142 09:06:28    -2748.012393        0.078071
BFGS:  143 09:06:28    -2748.013961        0.085200
BFGS:  144 09:06:29    -2748.015553        0.101698
BFGS:  145 09:06:30    -2748.017397        0.115913
BFGS:  146 09:06:31    -2748.019491        0.114395
BFGS:  147 09:06:32    -2748.021821        0.102416
BFGS:  148 09:06:33    -2748.024380        0.103185
BFGS:  149 09:06:33    -2748.027559        0.117587
BFGS:  150 09:06:34    -2748.031467        0.139009
BFGS:  151 09:06:35    -2748.035838        0.160843
BFGS:  152 09:06:36    -2748.040534        0.126294
BFGS:  153 09:06:37    -2748.045259        0.170827
BFGS:  154 09:06:38    -2748.051205        0.166922
BFGS:  155 09:06:39    -2748.059150        0.193518
BFGS:  156 09:06:40    -2748.068909        0.199808
BFGS:  157 09:06:41    -2748.078484        0.212314
BFGS:  158 09:06:42    -2748.089068        0.206360
BFGS:  159 09:06:43    -2748.099435        0.210138
BFGS:  160 09:06:44    -2748.111939        0.258614
BFGS:  161 09:06:45    -2748.120970        0.279655
BFGS:  162 09:06:45    -2748.136828        0.316187
BFGS:  163 09:06:46    -2748.146010        0.324428
BFGS:  164 09:06:47    -2748.158312        0.325535
BFGS:  165 09:06:48    -2748.170956        0.315598
BFGS:  166 09:06:49    -2748.184973        0.293164
BFGS:  167 09:06:50    -2748.198957        0.260504
BFGS:  168 09:06:51    -2748.213367        0.242721
BFGS:  169 09:06:52    -2748.226659        0.227850
BFGS:  170 09:06:52    -2748.240152        0.215727
BFGS:  171 09:06:53    -2748.250372        0.231700
BFGS:  172 09:06:54    -2748.262368        0.216069
BFGS:  173 09:06:55    -2748.268276        0.226513
BFGS:  174 09:06:56    -2748.277101        0.241776
BFGS:  175 09:06:57    -2748.284746        0.246084
BFGS:  176 09:06:58    -2748.294996        0.228282
BFGS:  177 09:06:59    -2748.305687        0.193866
BFGS:  178 09:07:00    -2748.315136        0.185000
BFGS:  179 09:07:01    -2748.322648        0.193911
BFGS:  180 09:07:02    -2748.330610        0.261480
BFGS:  181 09:07:03    -2748.337295        0.295501
BFGS:  182 09:07:04    -2748.347649        0.292279
BFGS:  183 09:07:05    -2748.353236        0.366147
BFGS:  184 09:07:06    -2748.362039        0.332883
BFGS:  185 09:07:06    -2748.372742        0.335308
BFGS:  186 09:07:07    -2748.386780        0.284210
BFGS:  187 09:07:08    -2748.397821        0.271157
BFGS:  188 09:07:09    -2748.414648        0.264914
BFGS:  189 09:07:10    -2748.424295        0.261927
BFGS:  190 09:07:11    -2748.439584        0.338825
BFGS:  191 09:07:11    -2748.451015        0.234511
BFGS:  192 09:07:12    -2748.463857        0.197280
BFGS:  193 09:07:13    -2748.469857        0.250503
BFGS:  194 09:07:14    -2748.475909        0.255289
BFGS:  195 09:07:15    -2748.483398        0.206845
BFGS:  196 09:07:16    -2748.488445        0.195352
BFGS:  197 09:07:17    -2748.492798        0.137020
BFGS:  198 09:07:17    -2748.496610        0.143225
BFGS:  199 09:07:18    -2748.499887        0.089308
BFGS:  200 09:07:19    -2748.502679        0.102174
