      Step     Time          Energy          fmax
BFGS:    0 08:33:09    -1987.890824        7.102001
BFGS:    1 08:33:10    -1991.101986       12.041066
BFGS:    2 08:33:10    -1994.329852        3.149200
BFGS:    3 08:33:11    -1998.453046        5.291407
BFGS:    4 08:33:12    -2003.804463        7.604593
BFGS:    5 08:33:12    -2008.021888        8.955610
BFGS:    6 08:33:13    -2011.732877       13.135655
BFGS:    7 08:33:14    -2016.576735       18.334808
BFGS:    8 08:33:15    -2021.117069       21.012919
BFGS:    9 08:33:16    -2023.699174        9.932423
BFGS:   10 08:33:16    -2027.208192        8.371008
BFGS:   11 08:33:17    -2029.849101        4.794405
BFGS:   12 08:33:18    -2031.405885        2.415511
BFGS:   13 08:33:19    -2032.015484        1.089468
BFGS:   14 08:33:19    -2032.390942        1.065325
BFGS:   15 08:33:20    -2032.685093        1.194895
BFGS:   16 08:33:21    -2033.014063        2.183914
BFGS:   17 08:33:23    -2033.168207        6.042622
BFGS:   18 08:33:23    -2033.741131        2.386018
BFGS:   19 08:33:24    -2034.353830        3.601049
BFGS:   20 08:33:25    -2034.631436        2.462408
BFGS:   21 08:33:26    -2034.753873        0.820450
BFGS:   22 08:33:27    -2034.849345        1.450679
BFGS:   23 08:33:28    -2034.927637        1.800269
BFGS:   24 08:33:28    -2035.007342        0.976338
BFGS:   25 08:33:29    -2035.069086        1.031373
BFGS:   26 08:33:29    -2035.138481        1.018210
BFGS:   27 08:33:30    -2035.210732        1.241437
BFGS:   28 08:33:31    -2035.279662        0.719961
BFGS:   29 08:33:31    -2035.355118        0.912624
BFGS:   30 08:33:32    -2035.465481        1.844194
BFGS:   31 08:33:33    -2035.605340        2.780650
BFGS:   32 08:33:33    -2035.720520        2.113470
BFGS:   33 08:33:34    -2035.771419        0.713948
BFGS:   34 08:33:34    -2035.788146        0.216551
BFGS:   35 08:33:35    -2035.799489        0.490933
BFGS:   36 08:33:35    -2035.814639        0.635795
BFGS:   37 08:33:35    -2035.829366        0.423117
BFGS:   38 08:33:36    -2035.840849        0.271779
BFGS:   39 08:33:36    -2035.850758        0.349773
BFGS:   40 08:33:37    -2035.863753        0.608090
BFGS:   41 08:33:37    -2035.878980        0.603686
BFGS:   42 08:33:38    -2035.906035        0.406698
BFGS:   43 08:33:38    -2035.942968        0.464178
BFGS:   44 08:33:39    -2035.982822        0.882352
BFGS:   45 08:33:39    -2036.007614        0.755884
BFGS:   46 08:33:40    -2036.016247        0.257247
BFGS:   47 08:33:40    -2036.021716        0.154777
BFGS:   48 08:33:41    -2036.025263        0.138112
BFGS:   49 08:33:41    -2036.032883        0.251101
BFGS:   50 08:33:41    -2036.038363        0.198706
BFGS:   51 08:33:42    -2036.042853        0.101379
BFGS:   52 08:33:42    -2036.044679        0.094946
BFGS:   53 08:33:42    -2036.046406        0.143265
BFGS:   54 08:33:43    -2036.048310        0.121745
BFGS:   55 08:33:43    -2036.050058        0.104441
BFGS:   56 08:33:43    -2036.051145        0.057368
BFGS:   57 08:33:43    -2036.051976        0.076389
BFGS:   58 08:33:44    -2036.052922        0.084940
BFGS:   59 08:33:44    -2036.054235        0.107908
BFGS:   60 08:33:44    -2036.056009        0.099868
BFGS:   61 08:33:45    -2036.058452        0.130745
BFGS:   62 08:33:45    -2036.062250        0.147258
BFGS:   63 08:33:45    -2036.069432        0.237572
BFGS:   64 08:33:46    -2036.089041        0.477609
BFGS:   65 08:33:46    -2036.133614        0.812414
BFGS:   66 08:33:47    -2035.828034        6.051959
BFGS:   67 08:33:47    -2036.339004        0.892724
BFGS:   68 08:33:47    -2036.483859        0.696550
BFGS:   69 08:33:48    -2036.578272        0.625299
BFGS:   70 08:33:48    -2036.706999        0.483081
BFGS:   71 08:33:48    -2036.837379        0.609433
BFGS:   72 08:33:49    -2036.908761        0.562469
BFGS:   73 08:33:49    -2036.942478        0.345090
BFGS:   74 08:33:49    -2036.957705        0.297107
BFGS:   75 08:33:50    -2036.971678        0.337811
BFGS:   76 08:33:50    -2036.988507        0.317303
BFGS:   77 08:33:50    -2037.006411        0.264831
BFGS:   78 08:33:51    -2037.017184        0.247410
BFGS:   79 08:33:51    -2037.033861        0.301308
BFGS:   80 08:33:51    -2037.057868        0.489898
BFGS:   81 08:33:52    -2037.090643        0.532349
BFGS:   82 08:33:52    -2037.122727        0.373072
BFGS:   83 08:33:52    -2037.158825        0.340674
BFGS:   84 08:33:53    -2037.191892        0.335992
BFGS:   85 08:33:53    -2037.218412        0.373615
BFGS:   86 08:33:53    -2037.241150        0.287252
BFGS:   87 08:33:53    -2037.255196        0.223790
BFGS:   88 08:33:54    -2037.263444        0.192957
BFGS:   89 08:33:54    -2037.268405        0.196755
BFGS:   90 08:33:54    -2037.272451        0.159967
BFGS:   91 08:33:54    -2037.276334        0.142171
BFGS:   92 08:33:55    -2037.280635        0.146970
BFGS:   93 08:33:55    -2037.285481        0.193277
BFGS:   94 08:33:55    -2037.290026        0.188688
BFGS:   95 08:33:55    -2037.293468        0.151037
BFGS:   96 08:33:56    -2037.295986        0.122200
BFGS:   97 08:33:56    -2037.297999        0.095955
BFGS:   98 08:33:56    -2037.299773        0.096941
BFGS:   99 08:33:56    -2037.301182        0.091865
BFGS:  100 08:33:57    -2037.302053        0.092201
BFGS:  101 08:33:57    -2037.302832        0.094346
BFGS:  102 08:33:57    -2037.303662        0.078814
BFGS:  103 08:33:57    -2037.304420        0.053586
BFGS:  104 08:33:58    -2037.304921        0.040513
BFGS:  105 08:33:58    -2037.305218        0.035225
BFGS:  106 08:33:58    -2037.305447        0.027816
BFGS:  107 08:33:58    -2037.305638        0.024540
BFGS:  108 08:33:58    -2037.305763        0.020143
BFGS:  109 08:33:59    -2037.305851        0.018527
BFGS:  110 08:33:59    -2037.305935        0.019260
BFGS:  111 08:33:59    -2037.306022        0.019700
BFGS:  112 08:33:59    -2037.306107        0.019404
BFGS:  113 08:33:59    -2037.306188        0.020833
BFGS:  114 08:34:00    -2037.306277        0.021317
BFGS:  115 08:34:00    -2037.306401        0.024831
BFGS:  116 08:34:00    -2037.306562        0.022815
BFGS:  117 08:34:00    -2037.306737        0.023992
BFGS:  118 08:34:00    -2037.306884        0.023648
BFGS:  119 08:34:01    -2037.306990        0.021184
BFGS:  120 08:34:01    -2037.307073        0.015156
BFGS:  121 08:34:01    -2037.307140        0.016800
BFGS:  122 08:34:01    -2037.307192        0.015235
BFGS:  123 08:34:01    -2037.307226        0.010236
BFGS:  124 08:34:02    -2037.307248        0.010853
BFGS:  125 08:34:02    -2037.307263        0.010095
BFGS:  126 08:34:02    -2037.307280        0.010254
BFGS:  127 08:34:02    -2037.307303        0.009929
