      Step     Time          Energy          fmax
BFGS:    0 08:11:50    -3385.711576        5.586830
BFGS:    1 08:11:52    -3388.648340        3.320526
BFGS:    2 08:11:54    -3389.805073        3.020575
BFGS:    3 08:11:56    -3390.422096        3.272882
BFGS:    4 08:11:58    -3391.291612        3.920891
BFGS:    5 08:12:00    -3392.005472        3.008341
BFGS:    6 08:12:02    -3392.563717        4.013624
BFGS:    7 08:12:04    -3393.194165        1.967583
BFGS:    8 08:12:05    -3393.562518        1.940472
BFGS:    9 08:12:07    -3393.966192        2.482186
BFGS:   10 08:12:09    -3394.263242        1.684929
BFGS:   11 08:12:11    -3394.429047        1.016656
BFGS:   12 08:12:13    -3394.545027        1.748980
BFGS:   13 08:12:14    -3394.619526        0.835283
BFGS:   14 08:12:16    -3394.683802        1.161343
BFGS:   15 08:12:18    -3394.737302        1.031346
BFGS:   16 08:12:20    -3394.771104        0.660387
BFGS:   17 08:12:21    -3394.816616        0.995156
BFGS:   18 08:12:23    -3394.871890        0.855607
BFGS:   19 08:12:25    -3394.911907        0.525635
BFGS:   20 08:12:27    -3394.947445        0.495724
BFGS:   21 08:12:28    -3394.976762        0.487303
BFGS:   22 08:12:30    -3394.997438        0.386184
BFGS:   23 08:12:31    -3395.016747        0.325820
BFGS:   24 08:12:32    -3395.039789        0.396097
BFGS:   25 08:12:34    -3395.066462        0.428202
BFGS:   26 08:12:36    -3395.097203        0.345118
BFGS:   27 08:12:37    -3395.132196        0.413127
BFGS:   28 08:12:39    -3395.173840        0.520952
BFGS:   29 08:12:41    -3395.222975        0.558092
BFGS:   30 08:12:42    -3395.271673        0.414883
BFGS:   31 08:12:44    -3395.310949        0.325036
BFGS:   32 08:12:45    -3395.340337        0.328691
BFGS:   33 08:12:47    -3395.361222        0.300935
BFGS:   34 08:12:48    -3395.374318        0.187605
BFGS:   35 08:12:50    -3395.382409        0.140028
BFGS:   36 08:12:51    -3395.389103        0.135348
BFGS:   37 08:12:53    -3395.396766        0.182716
BFGS:   38 08:12:54    -3395.405326        0.195482
BFGS:   39 08:12:55    -3395.413528        0.252916
BFGS:   40 08:12:56    -3395.420931        0.140049
BFGS:   41 08:12:57    -3395.428043        0.140710
BFGS:   42 08:12:59    -3395.435971        0.211777
BFGS:   43 08:13:00    -3395.444902        0.186998
BFGS:   44 08:13:02    -3395.453764        0.219828
BFGS:   45 08:13:03    -3395.461211        0.122869
BFGS:   46 08:13:04    -3395.467901        0.153503
BFGS:   47 08:13:05    -3395.473805        0.137775
BFGS:   48 08:13:07    -3395.478894        0.118885
BFGS:   49 08:13:08    -3395.482912        0.100970
BFGS:   50 08:13:09    -3395.486749        0.097738
BFGS:   51 08:13:11    -3395.490903        0.107516
BFGS:   52 08:13:12    -3395.495462        0.098725
BFGS:   53 08:13:14    -3395.500025        0.108172
BFGS:   54 08:13:15    -3395.504721        0.113677
BFGS:   55 08:13:16    -3395.510053        0.134878
BFGS:   56 08:13:17    -3395.516756        0.138103
BFGS:   57 08:13:19    -3395.524619        0.134858
BFGS:   58 08:13:20    -3395.532210        0.137331
BFGS:   59 08:13:22    -3395.538501        0.128757
BFGS:   60 08:13:23    -3395.544449        0.145331
BFGS:   61 08:13:25    -3395.551648        0.140073
BFGS:   62 08:13:26    -3395.560105        0.165493
BFGS:   63 08:13:27    -3395.568262        0.138930
BFGS:   64 08:13:29    -3395.575143        0.127962
BFGS:   65 08:13:30    -3395.581166        0.126654
BFGS:   66 08:13:31    -3395.586903        0.119615
BFGS:   67 08:13:32    -3395.592081        0.145116
BFGS:   68 08:13:34    -3395.596399        0.116855
BFGS:   69 08:13:35    -3395.600698        0.122533
BFGS:   70 08:13:36    -3395.605952        0.125337
BFGS:   71 08:13:38    -3395.612016        0.117985
BFGS:   72 08:13:39    -3395.617540        0.125204
BFGS:   73 08:13:41    -3395.622277        0.096163
BFGS:   74 08:13:42    -3395.627301        0.097206
BFGS:   75 08:13:44    -3395.632307        0.144597
BFGS:   76 08:13:45    -3395.636707        0.166982
BFGS:   77 08:13:47    -3395.639915        0.149470
BFGS:   78 08:13:48    -3395.641823        0.073318
BFGS:   79 08:13:49    -3395.643566        0.061434
BFGS:   80 08:13:50    -3395.645184        0.079414
BFGS:   81 08:13:51    -3395.646902        0.085210
BFGS:   82 08:13:52    -3395.648789        0.098211
BFGS:   83 08:13:54    -3395.651160        0.116889
BFGS:   84 08:13:55    -3395.654250        0.139893
BFGS:   85 08:13:56    -3395.658066        0.141550
BFGS:   86 08:13:57    -3395.662217        0.134009
BFGS:   87 08:13:59    -3395.666369        0.138619
BFGS:   88 08:14:00    -3395.670700        0.124478
BFGS:   89 08:14:01    -3395.675821        0.154602
BFGS:   90 08:14:02    -3395.682860        0.159117
BFGS:   91 08:14:04    -3395.692406        0.210948
BFGS:   92 08:14:05    -3395.704423        0.402501
BFGS:   93 08:14:07    -3395.715287        0.621037
BFGS:   94 08:14:08    -3395.734770        0.310344
BFGS:   95 08:14:10    -3395.757731        0.533831
BFGS:   96 08:14:11    -3395.777166        0.269116
BFGS:   97 08:14:13    -3395.794054        0.522246
BFGS:   98 08:14:14    -3395.815060        0.427707
BFGS:   99 08:14:16    -3395.834716        0.473197
BFGS:  100 08:14:18    -3395.856165        0.573512
BFGS:  101 08:14:19    -3395.863054        1.082720
BFGS:  102 08:14:21    -3395.884416        0.340788
BFGS:  103 08:14:22    -3395.892533        0.747018
BFGS:  104 08:14:24    -3395.902022        0.167559
BFGS:  105 08:14:25    -3395.909032        0.220899
BFGS:  106 08:14:26    -3395.912852        0.265080
BFGS:  107 08:14:28    -3395.917436        0.096087
BFGS:  108 08:14:29    -3395.920185        0.078629
BFGS:  109 08:14:30    -3395.922513        0.094363
BFGS:  110 08:14:31    -3395.924192        0.067912
BFGS:  111 08:14:32    -3395.925906        0.082254
BFGS:  112 08:14:33    -3395.928016        0.109926
BFGS:  113 08:14:34    -3395.930462        0.112364
BFGS:  114 08:14:35    -3395.933255        0.091724
BFGS:  115 08:14:37    -3395.937028        0.102809
BFGS:  116 08:14:38    -3395.942278        0.150300
BFGS:  117 08:14:39    -3395.949148        0.234028
BFGS:  118 08:14:40    -3395.957242        0.323161
BFGS:  119 08:14:42    -3395.966167        0.434505
BFGS:  120 08:14:43    -3395.976526        0.420468
BFGS:  121 08:14:45    -3395.989034        0.458972
BFGS:  122 08:14:46    -3396.003453        0.351527
BFGS:  123 08:14:48    -3396.019312        0.419935
BFGS:  124 08:14:50    -3396.038227        0.343038
BFGS:  125 08:14:51    -3396.063612        0.495063
BFGS:  126 08:14:53    -3396.116191        0.901428
BFGS:  127 08:14:55    -3396.202676        1.560441
BFGS:  128 08:14:57    -3396.384300        2.283106
BFGS:  129 08:14:59    -3396.531003        2.940574
BFGS:  130 08:15:01    -3396.954598        2.417973
BFGS:  131 08:15:03    -3397.429946        2.966779
BFGS:  132 08:15:04    -3397.510650        4.241807
BFGS:  133 08:15:06    -3398.026999        4.553334
BFGS:  134 08:15:08    -3398.372325        4.193021
BFGS:  135 08:15:09    -3398.750765        3.604783
BFGS:  136 08:15:11    -3399.063766        2.503707
BFGS:  137 08:15:13    -3399.326990        1.407121
BFGS:  138 08:15:15    -3399.397630        1.896254
BFGS:  139 08:15:16    -3399.442061        2.127839
BFGS:  140 08:15:18    -3399.614160        0.978852
BFGS:  141 08:15:20    -3399.679930        0.896205
BFGS:  142 08:15:21    -3399.739696        0.961038
BFGS:  143 08:15:23    -3399.832919        0.937495
BFGS:  144 08:15:24    -3399.921671        0.880549
BFGS:  145 08:15:26    -3399.978769        0.528898
BFGS:  146 08:15:27    -3400.025915        0.380564
BFGS:  147 08:15:28    -3400.063547        0.521986
BFGS:  148 08:15:29    -3400.096877        0.525395
BFGS:  149 08:15:31    -3400.141113        0.546313
BFGS:  150 08:15:32    -3400.195503        0.478070
BFGS:  151 08:15:34    -3400.247491        0.461809
BFGS:  152 08:15:35    -3400.287327        0.455391
BFGS:  153 08:15:37    -3400.317570        0.307513
BFGS:  154 08:15:38    -3400.341279        0.313073
BFGS:  155 08:15:39    -3400.362837        0.360897
BFGS:  156 08:15:40    -3400.388108        0.583618
BFGS:  157 08:15:42    -3400.411034        0.572938
BFGS:  158 08:15:43    -3400.431818        0.482542
BFGS:  159 08:15:44    -3400.449496        0.258548
BFGS:  160 08:15:45    -3400.463883        0.230681
BFGS:  161 08:15:47    -3400.474839        0.243672
BFGS:  162 08:15:48    -3400.484307        0.261634
BFGS:  163 08:15:49    -3400.494359        0.249299
BFGS:  164 08:15:50    -3400.504858        0.210501
BFGS:  165 08:15:52    -3400.513299        0.190613
BFGS:  166 08:15:53    -3400.519627        0.155468
BFGS:  167 08:15:54    -3400.524357        0.183514
BFGS:  168 08:15:55    -3400.528083        0.144494
BFGS:  169 08:15:56    -3400.530883        0.118162
BFGS:  170 08:15:57    -3400.532933        0.073671
BFGS:  171 08:15:58    -3400.534677        0.103997
BFGS:  172 08:15:59    -3400.536389        0.117962
BFGS:  173 08:16:00    -3400.538025        0.108096
BFGS:  174 08:16:01    -3400.539567        0.096857
BFGS:  175 08:16:02    -3400.541198        0.086886
BFGS:  176 08:16:03    -3400.543245        0.092504
BFGS:  177 08:16:05    -3400.545964        0.095868
BFGS:  178 08:16:06    -3400.549447        0.108591
BFGS:  179 08:16:07    -3400.553690        0.128549
BFGS:  180 08:16:08    -3400.558695        0.128280
BFGS:  181 08:16:10    -3400.564044        0.152326
BFGS:  182 08:16:11    -3400.569333        0.152992
BFGS:  183 08:16:12    -3400.573849        0.134186
BFGS:  184 08:16:14    -3400.577398        0.130077
BFGS:  185 08:16:15    -3400.579940        0.147743
BFGS:  186 08:16:16    -3400.582271        0.126558
BFGS:  187 08:16:17    -3400.584803        0.099285
BFGS:  188 08:16:18    -3400.588347        0.152400
BFGS:  189 08:16:20    -3400.718640        2.322691
BFGS:  190 08:16:22    -3401.813849        3.785169
BFGS:  191 08:16:23    -3401.444156        5.621435
BFGS:  192 08:16:25    -3402.271866        2.438485
BFGS:  193 08:16:27    -3402.465835        2.709970
BFGS:  194 08:16:28    -3402.701875        2.477537
BFGS:  195 08:16:29    -3402.984183        1.521878
BFGS:  196 08:16:31    -3403.034715        0.938550
BFGS:  197 08:16:32    -3403.124091        0.528472
BFGS:  198 08:16:33    -3403.161883        0.568158
BFGS:  199 08:16:35    -3403.195748        0.361192
BFGS:  200 08:16:36    -3403.218862        0.314653
