      Step     Time          Energy          fmax
BFGS:    0 08:19:50    -2479.707178        8.246069
BFGS:    1 08:19:51    -2486.875162        7.071035
BFGS:    2 08:19:52    -2487.269992       19.498074
BFGS:    3 08:19:53    -2490.483052        4.918809
BFGS:    4 08:19:54    -2491.363204        3.230434
BFGS:    5 08:19:55    -2491.972030        5.516336
BFGS:    6 08:19:56    -2492.367132        2.114292
BFGS:    7 08:19:57    -2492.667585        1.221842
BFGS:    8 08:19:58    -2492.922623        1.817084
BFGS:    9 08:19:59    -2493.043302        0.829372
BFGS:   10 08:19:59    -2493.216452        0.789657
BFGS:   11 08:20:00    -2493.324737        1.088699
BFGS:   12 08:20:01    -2493.494832        1.201171
BFGS:   13 08:20:02    -2493.883935        2.150223
BFGS:   14 08:20:03    -2493.793538        2.255043
BFGS:   15 08:20:04    -2494.196396        1.955536
BFGS:   16 08:20:05    -2494.304429        0.965356
BFGS:   17 08:20:06    -2494.420283        0.673421
BFGS:   18 08:20:06    -2494.516005        0.737252
BFGS:   19 08:20:07    -2494.564088        0.512540
BFGS:   20 08:20:08    -2494.590628        0.391389
BFGS:   21 08:20:09    -2494.607389        0.532730
BFGS:   22 08:20:09    -2494.617503        0.377136
BFGS:   23 08:20:10    -2494.626311        0.252215
BFGS:   24 08:20:11    -2494.635859        0.174051
BFGS:   25 08:20:11    -2494.638530        0.128114
BFGS:   26 08:20:12    -2494.640112        0.107944
BFGS:   27 08:20:13    -2494.641569        0.110684
BFGS:   28 08:20:13    -2494.643510        0.139371
BFGS:   29 08:20:14    -2494.645170        0.128801
BFGS:   30 08:20:14    -2494.647104        0.123547
BFGS:   31 08:20:15    -2494.649480        0.142711
BFGS:   32 08:20:16    -2494.652378        0.171892
BFGS:   33 08:20:17    -2494.655239        0.151300
BFGS:   34 08:20:17    -2494.657941        0.156491
BFGS:   35 08:20:18    -2494.660709        0.140311
BFGS:   36 08:20:19    -2494.663789        0.173375
BFGS:   37 08:20:19    -2494.667168        0.217984
BFGS:   38 08:20:20    -2494.671440        0.292493
BFGS:   39 08:20:21    -2494.678698        0.372188
BFGS:   40 08:20:21    -2494.688092        0.400327
BFGS:   41 08:20:22    -2494.704575        0.297829
BFGS:   42 08:20:23    -2494.719547        0.233890
BFGS:   43 08:20:23    -2494.725911        0.203588
BFGS:   44 08:20:24    -2494.727666        0.188204
BFGS:   45 08:20:25    -2494.730739        0.110651
BFGS:   46 08:20:25    -2494.733739        0.138980
BFGS:   47 08:20:26    -2494.737020        0.177146
BFGS:   48 08:20:27    -2494.741439        0.210206
BFGS:   49 08:20:27    -2494.746156        0.175981
BFGS:   50 08:20:28    -2494.751203        0.128115
BFGS:   51 08:20:29    -2494.755735        0.126481
BFGS:   52 08:20:29    -2494.760488        0.148146
BFGS:   53 08:20:30    -2494.766887        0.193658
BFGS:   54 08:20:31    -2494.776379        0.259007
BFGS:   55 08:20:31    -2494.789421        0.309675
BFGS:   56 08:20:32    -2494.805770        0.349265
BFGS:   57 08:20:33    -2494.826913        0.378106
BFGS:   58 08:20:33    -2494.854665        0.362067
BFGS:   59 08:20:34    -2494.885653        0.349762
BFGS:   60 08:20:35    -2494.915829        0.286377
BFGS:   61 08:20:35    -2494.943987        0.342019
BFGS:   62 08:20:36    -2494.972145        0.408526
BFGS:   63 08:20:37    -2494.978100        0.947895
BFGS:   64 08:20:38    -2495.019990        0.419989
BFGS:   65 08:20:38    -2495.038377        0.272334
BFGS:   66 08:20:39    -2495.061709        0.435677
BFGS:   67 08:20:40    -2495.075809        0.465989
BFGS:   68 08:20:41    -2495.092970        0.536096
BFGS:   69 08:20:41    -2495.129155        0.526117
BFGS:   70 08:20:42    -2495.149781        0.494258
BFGS:   71 08:20:43    -2495.188498        0.479866
BFGS:   72 08:20:43    -2495.224090        0.459187
BFGS:   73 08:20:44    -2495.265610        0.475146
BFGS:   74 08:20:45    -2495.303920        0.438555
BFGS:   75 08:20:46    -2495.336649        0.683868
BFGS:   76 08:20:47    -2495.371196        0.402340
BFGS:   77 08:20:47    -2495.400479        0.425893
BFGS:   78 08:20:48    -2495.415334        0.265423
BFGS:   79 08:20:49    -2495.422304        0.210538
BFGS:   80 08:20:49    -2495.428482        0.216397
BFGS:   81 08:20:50    -2495.434749        0.176725
BFGS:   82 08:20:51    -2495.440615        0.176005
BFGS:   83 08:20:51    -2495.444027        0.126843
BFGS:   84 08:20:52    -2495.446862        0.086851
BFGS:   85 08:20:53    -2495.450275        0.141600
BFGS:   86 08:20:53    -2495.455655        0.175299
BFGS:   87 08:20:54    -2495.465174        0.213918
BFGS:   88 08:20:55    -2495.487958        0.410525
BFGS:   89 08:20:55    -2495.612483        1.491984
BFGS:   90 08:20:56    -2495.998788        1.949758
BFGS:   91 08:20:57    -2495.749877        2.396599
BFGS:   92 08:20:58    -2496.000902        3.699596
BFGS:   93 08:21:00    -2496.411577        2.337528
BFGS:   94 08:21:00    -2496.628249        1.247635
BFGS:   95 08:21:01    -2496.842325        1.271719
BFGS:   96 08:21:02    -2497.014277        0.873314
BFGS:   97 08:21:03    -2497.080394        0.702822
BFGS:   98 08:21:04    -2497.123229        0.640654
BFGS:   99 08:21:05    -2497.207939        0.594865
BFGS:  100 08:21:05    -2497.260620        0.507922
BFGS:  101 08:21:06    -2497.288523        0.425820
BFGS:  102 08:21:07    -2497.299652        0.336263
BFGS:  103 08:21:07    -2497.307471        0.257589
BFGS:  104 08:21:08    -2497.314990        0.222918
BFGS:  105 08:21:09    -2497.320346        0.248396
BFGS:  106 08:21:09    -2497.326475        0.274508
BFGS:  107 08:21:10    -2497.332079        0.291045
BFGS:  108 08:21:11    -2497.339345        0.283251
BFGS:  109 08:21:11    -2497.346854        0.288530
BFGS:  110 08:21:12    -2497.355606        0.279617
BFGS:  111 08:21:13    -2497.364142        0.272641
BFGS:  112 08:21:13    -2497.372563        0.264108
BFGS:  113 08:21:14    -2497.380138        0.269619
BFGS:  114 08:21:15    -2497.386796        0.249019
BFGS:  115 08:21:15    -2497.392485        0.239048
BFGS:  116 08:21:16    -2497.398205        0.235760
BFGS:  117 08:21:17    -2497.404940        0.250640
BFGS:  118 08:21:17    -2497.412848        0.215327
BFGS:  119 08:21:18    -2497.420634        0.203180
BFGS:  120 08:21:19    -2497.427249        0.178385
BFGS:  121 08:21:19    -2497.432814        0.143280
BFGS:  122 08:21:20    -2497.438117        0.150456
BFGS:  123 08:21:21    -2497.443508        0.128825
BFGS:  124 08:21:21    -2497.447887        0.094005
BFGS:  125 08:21:22    -2497.450524        0.076175
BFGS:  126 08:21:23    -2497.452110        0.064065
BFGS:  127 08:21:23    -2497.453483        0.062613
BFGS:  128 08:21:24    -2497.454913        0.081878
BFGS:  129 08:21:24    -2497.456188        0.064813
BFGS:  130 08:21:25    -2497.457109        0.063942
BFGS:  131 08:21:26    -2497.457776        0.046900
BFGS:  132 08:21:26    -2497.458334        0.047524
BFGS:  133 08:21:27    -2497.458879        0.050641
BFGS:  134 08:21:27    -2497.459373        0.046301
BFGS:  135 08:21:28    -2497.459789        0.044454
BFGS:  136 08:21:28    -2497.460152        0.041179
BFGS:  137 08:21:29    -2497.460452        0.044894
BFGS:  138 08:21:29    -2497.460721        0.031298
BFGS:  139 08:21:30    -2497.460953        0.031142
BFGS:  140 08:21:30    -2497.461137        0.029339
BFGS:  141 08:21:31    -2497.461264        0.027818
BFGS:  142 08:21:31    -2497.461353        0.030155
BFGS:  143 08:21:32    -2497.461438        0.031251
BFGS:  144 08:21:32    -2497.461544        0.030470
BFGS:  145 08:21:33    -2497.461672        0.027852
BFGS:  146 08:21:33    -2497.461805        0.026047
BFGS:  147 08:21:34    -2497.461924        0.017510
BFGS:  148 08:21:34    -2497.462045        0.020416
BFGS:  149 08:21:35    -2497.462185        0.027285
BFGS:  150 08:21:35    -2497.462338        0.029334
BFGS:  151 08:21:36    -2497.462464        0.022799
BFGS:  152 08:21:36    -2497.462551        0.019208
BFGS:  153 08:21:37    -2497.462621        0.017274
BFGS:  154 08:21:38    -2497.462684        0.020444
BFGS:  155 08:21:38    -2497.462773        0.030582
BFGS:  156 08:21:39    -2497.462867        0.033014
BFGS:  157 08:21:39    -2497.462952        0.026180
BFGS:  158 08:21:40    -2497.463017        0.018235
BFGS:  159 08:21:40    -2497.463064        0.012155
BFGS:  160 08:21:41    -2497.463099        0.011525
BFGS:  161 08:21:41    -2497.463140        0.014628
BFGS:  162 08:21:42    -2497.463199        0.023670
BFGS:  163 08:21:42    -2497.463274        0.028190
BFGS:  164 08:21:43    -2497.463345        0.019532
BFGS:  165 08:21:43    -2497.463391        0.012788
BFGS:  166 08:21:43    -2497.463428        0.013994
BFGS:  167 08:21:44    -2497.463475        0.022246
BFGS:  168 08:21:44    -2497.463538        0.026385
BFGS:  169 08:21:45    -2497.463601        0.019940
BFGS:  170 08:21:45    -2497.463645        0.009578
