      Step     Time          Energy          fmax
BFGS:    0 08:19:08    -3738.926041        8.561320
BFGS:    1 08:19:11    -3743.790148        6.381874
BFGS:    2 08:19:14    -3751.475984        8.165438
BFGS:    3 08:19:17    -3756.870392       22.410649
BFGS:    4 08:19:21    -3757.683153       17.915857
BFGS:    5 08:19:24    -3763.742523        5.176033
BFGS:    6 08:19:27    -3766.114716        4.124376
BFGS:    7 08:19:29    -3766.788275       10.780839
BFGS:    8 08:19:32    -3767.661054        1.895870
BFGS:    9 08:19:35    -3767.934293        1.905470
BFGS:   10 08:19:38    -3768.316120        1.916969
BFGS:   11 08:19:40    -3768.527981        1.355487
BFGS:   12 08:19:43    -3768.860244        1.900938
BFGS:   13 08:19:46    -3769.230209        1.882046
BFGS:   14 08:19:49    -3769.763991        2.698543
BFGS:   15 08:19:52    -3770.265560        2.638081
BFGS:   16 08:19:56    -3771.115742        2.116746
BFGS:   17 08:19:59    -3771.503173        1.318242
BFGS:   18 08:20:02    -3771.903459        2.147983
BFGS:   19 08:20:04    -3772.149898        1.752003
BFGS:   20 08:20:07    -3772.349097        0.901356
BFGS:   21 08:20:10    -3772.477344        0.676422
BFGS:   22 08:20:13    -3772.624786        1.055840
BFGS:   23 08:20:16    -3772.728464        0.980859
BFGS:   24 08:20:20    -3772.842745        0.723448
BFGS:   25 08:20:23    -3772.943351        0.606212
BFGS:   26 08:20:25    -3773.044478        0.850923
BFGS:   27 08:20:27    -3773.159129        1.141552
BFGS:   28 08:20:29    -3773.261508        0.825953
BFGS:   29 08:20:31    -3773.357282        0.831824
BFGS:   30 08:20:33    -3773.427521        0.759613
BFGS:   31 08:20:35    -3773.495796        0.455388
BFGS:   32 08:20:37    -3773.563634        0.509376
BFGS:   33 08:20:39    -3773.638209        0.632418
BFGS:   34 08:20:41    -3773.715000        0.658347
BFGS:   35 08:20:43    -3773.789436        0.453896
BFGS:   36 08:20:45    -3773.859910        0.466597
BFGS:   37 08:20:47    -3773.930030        0.526418
BFGS:   38 08:20:49    -3774.002104        0.850095
BFGS:   39 08:20:50    -3774.075588        0.923588
BFGS:   40 08:20:52    -3774.141732        0.657602
BFGS:   41 08:20:54    -3774.190969        0.279158
BFGS:   42 08:20:56    -3774.221593        0.252139
BFGS:   43 08:20:57    -3774.238189        0.246158
BFGS:   44 08:20:59    -3774.248609        0.138328
BFGS:   45 08:21:00    -3774.257182        0.126416
BFGS:   46 08:21:02    -3774.264490        0.138135
BFGS:   47 08:21:03    -3774.270197        0.132096
BFGS:   48 08:21:05    -3774.274802        0.105620
BFGS:   49 08:21:06    -3774.279376        0.126646
BFGS:   50 08:21:08    -3774.284524        0.149653
BFGS:   51 08:21:09    -3774.289645        0.122559
BFGS:   52 08:21:11    -3774.294148        0.121448
BFGS:   53 08:21:12    -3774.298551        0.140921
BFGS:   54 08:21:14    -3774.303849        0.133529
BFGS:   55 08:21:16    -3774.310849        0.166623
BFGS:   56 08:21:18    -3774.319644        0.208237
BFGS:   57 08:21:20    -3774.329414        0.189955
BFGS:   58 08:21:22    -3774.338993        0.234952
BFGS:   59 08:21:24    -3774.348117        0.217177
BFGS:   60 08:21:25    -3774.355093        0.211530
BFGS:   61 08:21:27    -3774.359956        0.156032
BFGS:   62 08:21:29    -3774.363560        0.112434
BFGS:   63 08:21:30    -3774.366204        0.086414
BFGS:   64 08:21:32    -3774.368205        0.079117
BFGS:   65 08:21:33    -3774.370173        0.085959
BFGS:   66 08:21:35    -3774.372590        0.105592
BFGS:   67 08:21:36    -3774.375273        0.110063
BFGS:   68 08:21:38    -3774.378115        0.090023
BFGS:   69 08:21:40    -3774.381055        0.096422
BFGS:   70 08:21:41    -3774.384467        0.113537
BFGS:   71 08:21:43    -3774.388594        0.163317
BFGS:   72 08:21:45    -3774.393043        0.196296
BFGS:   73 08:21:46    -3774.397263        0.166406
BFGS:   74 08:21:48    -3774.401308        0.116431
BFGS:   75 08:21:50    -3774.405360        0.111140
BFGS:   76 08:21:52    -3774.409194        0.122178
BFGS:   77 08:21:53    -3774.412272        0.135600
BFGS:   78 08:21:55    -3774.414792        0.119871
BFGS:   79 08:21:56    -3774.417422        0.098515
BFGS:   80 08:21:58    -3774.420517        0.110771
BFGS:   81 08:22:00    -3774.423471        0.087583
BFGS:   82 08:22:01    -3774.426101        0.096580
BFGS:   83 08:22:03    -3774.428979        0.101269
BFGS:   84 08:22:04    -3774.433202        0.120808
BFGS:   85 08:22:06    -3774.439624        0.162210
BFGS:   86 08:22:07    -3774.448085        0.148696
BFGS:   87 08:22:09    -3774.457301        0.162429
BFGS:   88 08:22:11    -3774.466340        0.160044
BFGS:   89 08:22:12    -3774.475551        0.180138
BFGS:   90 08:22:14    -3774.485373        0.213916
BFGS:   91 08:22:16    -3774.495368        0.208201
BFGS:   92 08:22:17    -3774.504179        0.175528
BFGS:   93 08:22:19    -3774.512892        0.176089
BFGS:   94 08:22:20    -3774.521097        0.139060
BFGS:   95 08:22:22    -3774.528024        0.162832
BFGS:   96 08:22:23    -3774.534686        0.180138
BFGS:   97 08:22:25    -3774.542027        0.161749
BFGS:   98 08:22:26    -3774.550414        0.155700
BFGS:   99 08:22:28    -3774.559437        0.140535
BFGS:  100 08:22:29    -3774.566886        0.153641
BFGS:  101 08:22:30    -3774.571908        0.128461
BFGS:  102 08:22:32    -3774.575317        0.116275
BFGS:  103 08:22:33    -3774.578388        0.088276
BFGS:  104 08:22:35    -3774.581250        0.117104
BFGS:  105 08:22:36    -3774.583552        0.123919
BFGS:  106 08:22:38    -3774.585206        0.069092
BFGS:  107 08:22:39    -3774.586518        0.063872
BFGS:  108 08:22:40    -3774.587759        0.081353
BFGS:  109 08:22:41    -3774.588957        0.112903
BFGS:  110 08:22:43    -3774.590116        0.092423
BFGS:  111 08:22:44    -3774.591284        0.075608
BFGS:  112 08:22:46    -3774.592467        0.067993
BFGS:  113 08:22:47    -3774.593606        0.076104
BFGS:  114 08:22:48    -3774.594629        0.078256
BFGS:  115 08:22:49    -3774.595566        0.047323
BFGS:  116 08:22:51    -3774.596450        0.045835
BFGS:  117 08:22:52    -3774.597250        0.054371
BFGS:  118 08:22:53    -3774.597927        0.059109
BFGS:  119 08:22:54    -3774.598530        0.042278
BFGS:  120 08:22:55    -3774.599073        0.041011
BFGS:  121 08:22:57    -3774.599616        0.045726
BFGS:  122 08:22:58    -3774.600265        0.061053
BFGS:  123 08:22:59    -3774.601077        0.060348
BFGS:  124 08:23:00    -3774.601986        0.046965
BFGS:  125 08:23:02    -3774.602773        0.038413
BFGS:  126 08:23:03    -3774.603347        0.037003
BFGS:  127 08:23:04    -3774.603799        0.036683
BFGS:  128 08:23:06    -3774.604249        0.039425
BFGS:  129 08:23:07    -3774.604701        0.031235
BFGS:  130 08:23:08    -3774.605084        0.029673
BFGS:  131 08:23:09    -3774.605348        0.027973
BFGS:  132 08:23:11    -3774.605572        0.022072
BFGS:  133 08:23:12    -3774.605787        0.024243
BFGS:  134 08:23:13    -3774.605994        0.023079
BFGS:  135 08:23:14    -3774.606184        0.023178
BFGS:  136 08:23:15    -3774.606346        0.022976
BFGS:  137 08:23:16    -3774.606483        0.021167
BFGS:  138 08:23:17    -3774.606605        0.017379
BFGS:  139 08:23:19    -3774.606711        0.013856
BFGS:  140 08:23:20    -3774.606793        0.011992
BFGS:  141 08:23:21    -3774.606865        0.016210
BFGS:  142 08:23:22    -3774.606937        0.015629
BFGS:  143 08:23:23    -3774.607001        0.012070
BFGS:  144 08:23:24    -3774.607054        0.009696
