      Step     Time          Energy          fmax
BFGS:    0 09:09:21    -3214.764155       74.026162
BFGS:    1 09:09:24    -3236.689009       10.190104
BFGS:    2 09:09:26    -3239.697981        5.805506
BFGS:    3 09:09:28    -3242.661511        8.082382
BFGS:    4 09:09:31    -3246.600405        9.070421
BFGS:    5 09:09:33    -3248.253746        7.647787
BFGS:    6 09:09:35    -3249.426164        6.625040
BFGS:    7 09:09:36    -3250.189499        6.448816
BFGS:    8 09:09:39    -3251.589309        6.419933
BFGS:    9 09:09:40    -3252.746836        5.974273
BFGS:   10 09:09:42    -3254.179669        4.160532
BFGS:   11 09:09:44    -3255.428739        4.325525
BFGS:   12 09:09:46    -3257.593800        4.234162
BFGS:   13 09:09:48    -3259.322025        4.339812
BFGS:   14 09:09:49    -3261.186659        5.652132
BFGS:   15 09:09:51    -3262.826351        2.510735
BFGS:   16 09:09:53    -3264.018008        3.670340
BFGS:   17 09:09:55    -3264.469786        2.336498
BFGS:   18 09:09:56    -3264.867912        1.422852
BFGS:   19 09:09:57    -3265.202137        1.108946
BFGS:   20 09:09:59    -3265.370451        1.352047
BFGS:   21 09:10:00    -3265.635618        2.103192
BFGS:   22 09:10:02    -3266.041676        3.280746
BFGS:   23 09:10:04    -3266.420229        3.666564
BFGS:   24 09:10:05    -3266.584288        4.007347
BFGS:   25 09:10:07    -3267.215318        2.670941
BFGS:   26 09:10:08    -3267.769953        2.236780
BFGS:   27 09:10:09    -3268.077274        1.280433
BFGS:   28 09:10:11    -3268.328953        1.190847
BFGS:   29 09:10:12    -3268.474960        0.922388
BFGS:   30 09:10:13    -3268.540475        0.594605
BFGS:   31 09:10:15    -3268.592443        0.557296
BFGS:   32 09:10:16    -3268.651250        0.499359
BFGS:   33 09:10:17    -3268.711398        0.504345
BFGS:   34 09:10:18    -3268.769773        0.507498
BFGS:   35 09:10:20    -3268.834062        0.514442
BFGS:   36 09:10:21    -3268.905480        0.567641
BFGS:   37 09:10:23    -3268.978181        0.640011
BFGS:   38 09:10:24    -3269.045062        0.613801
BFGS:   39 09:10:25    -3269.101644        0.814273
BFGS:   40 09:10:26    -3269.152210        0.815386
BFGS:   41 09:10:28    -3269.206063        1.030998
BFGS:   42 09:10:29    -3269.262616        1.004922
BFGS:   43 09:10:30    -3269.327554        1.080369
BFGS:   44 09:10:31    -3269.408499        0.999598
BFGS:   45 09:10:33    -3269.499962        0.924453
BFGS:   46 09:10:34    -3269.589872        0.782151
BFGS:   47 09:10:35    -3269.670903        0.772400
BFGS:   48 09:10:36    -3269.733979        0.877171
BFGS:   49 09:10:38    -3269.782805        0.974705
BFGS:   50 09:10:39    -3269.826288        1.009317
BFGS:   51 09:10:40    -3269.870083        0.868464
BFGS:   52 09:10:41    -3269.918166        0.683587
BFGS:   53 09:10:42    -3269.963667        0.416864
BFGS:   54 09:10:43    -3270.000077        0.297056
BFGS:   55 09:10:44    -3270.037174        0.321107
BFGS:   56 09:10:45    -3270.089973        0.448052
BFGS:   57 09:10:46    -3270.159547        0.663105
BFGS:   58 09:10:47    -3270.228459        0.625243
BFGS:   59 09:10:48    -3270.279215        0.386741
BFGS:   60 09:10:50    -3270.318220        0.456438
BFGS:   61 09:10:51    -3270.364443        0.464733
BFGS:   62 09:10:52    -3270.419434        0.513111
BFGS:   63 09:10:54    -3270.461261        0.403212
BFGS:   64 09:10:55    -3270.484665        0.451288
BFGS:   65 09:10:56    -3270.507751        0.611545
BFGS:   66 09:10:57    -3270.537297        0.658834
BFGS:   67 09:10:58    -3270.582873        0.729099
BFGS:   68 09:10:59    -3270.615550        0.703685
BFGS:   69 09:11:01    -3270.634978        0.699968
BFGS:   70 09:11:02    -3270.651832        0.763658
BFGS:   71 09:11:03    -3270.670675        0.831165
BFGS:   72 09:11:05    -3270.689949        0.921108
BFGS:   73 09:11:06    -3270.709260        1.011598
BFGS:   74 09:11:07    -3270.727828        0.998605
BFGS:   75 09:11:08    -3270.744668        1.034226
BFGS:   76 09:11:10    -3270.760924        0.987039
BFGS:   77 09:11:11    -3270.774696        0.975355
BFGS:   78 09:11:12    -3270.788671        0.935948
BFGS:   79 09:11:13    -3270.802532        0.933171
BFGS:   80 09:11:14    -3270.812782        0.907542
BFGS:   81 09:11:16    -3270.818960        0.908510
BFGS:   82 09:11:17    -3270.823327        0.892551
BFGS:   83 09:11:17    -3270.827105        0.876432
BFGS:   84 09:11:18    -3270.830126        0.859604
BFGS:   85 09:11:19    -3270.832528        0.845039
BFGS:   86 09:11:20    -3270.834924        0.846919
BFGS:   87 09:11:21    -3270.838039        0.858096
BFGS:   88 09:11:22    -3270.841842        0.874770
BFGS:   89 09:11:23    -3270.845694        0.887255
BFGS:   90 09:11:24    -3270.849350        0.880498
BFGS:   91 09:11:25    -3270.853651        0.847551
BFGS:   92 09:11:27    -3270.859587        0.790157
BFGS:   93 09:11:28    -3270.866696        0.703516
BFGS:   94 09:11:29    -3270.873102        0.633680
BFGS:   95 09:11:30    -3270.878181        0.609516
BFGS:   96 09:11:32    -3270.883493        0.614418
BFGS:   97 09:11:33    -3270.891021        0.653417
BFGS:   98 09:11:34    -3270.900808        0.694962
BFGS:   99 09:11:35    -3270.910520        0.730318
BFGS:  100 09:11:37    -3270.918106        0.717215
BFGS:  101 09:11:38    -3270.924758        0.688886
BFGS:  102 09:11:39    -3270.933464        0.619326
BFGS:  103 09:11:40    -3270.946534        0.536030
BFGS:  104 09:11:42    -3270.965099        0.430278
BFGS:  105 09:11:43    -3270.987063        0.451077
BFGS:  106 09:11:45    -3271.007884        0.429151
BFGS:  107 09:11:46    -3271.024645        0.458959
BFGS:  108 09:11:48    -3271.039352        0.519630
BFGS:  109 09:11:49    -3271.053693        0.565389
BFGS:  110 09:11:51    -3271.065960        0.542897
BFGS:  111 09:11:52    -3271.073955        0.490513
BFGS:  112 09:11:53    -3271.078356        0.432764
BFGS:  113 09:11:55    -3271.081543        0.409993
BFGS:  114 09:11:56    -3271.085193        0.395015
BFGS:  115 09:11:57    -3271.089397        0.406463
BFGS:  116 09:11:58    -3271.093339        0.418862
BFGS:  117 09:11:59    -3271.096242        0.430588
BFGS:  118 09:12:01    -3271.098172        0.426980
BFGS:  119 09:12:02    -3271.099634        0.420413
BFGS:  120 09:12:03    -3271.101142        0.420961
BFGS:  121 09:12:04    -3271.102962        0.428238
BFGS:  122 09:12:05    -3271.105525        0.451637
BFGS:  123 09:12:07    -3271.109601        0.492730
BFGS:  124 09:12:08    -3271.116448        0.567677
BFGS:  125 09:12:09    -3271.127201        0.657235
BFGS:  126 09:12:11    -3271.142302        0.757199
BFGS:  127 09:12:13    -3271.157409        0.798211
BFGS:  128 09:12:14    -3271.171331        0.789791
BFGS:  129 09:12:15    -3271.183267        0.739477
BFGS:  130 09:12:17    -3271.195346        0.691143
BFGS:  131 09:12:18    -3271.206766        0.678646
BFGS:  132 09:12:19    -3271.217247        0.718575
BFGS:  133 09:12:21    -3271.224920        0.767612
BFGS:  134 09:12:22    -3271.230407        0.825836
BFGS:  135 09:12:23    -3271.234847        0.859936
BFGS:  136 09:12:24    -3271.238780        0.893324
BFGS:  137 09:12:26    -3271.241861        0.902904
BFGS:  138 09:12:27    -3271.244293        0.907952
BFGS:  139 09:12:28    -3271.246662        0.915230
BFGS:  140 09:12:29    -3271.249252        0.935767
BFGS:  141 09:12:30    -3271.251774        0.963670
BFGS:  142 09:12:31    -3271.253785        0.990027
BFGS:  143 09:12:32    -3271.255424        0.999225
BFGS:  144 09:12:34    -3271.256935        0.991069
BFGS:  145 09:12:35    -3271.258366        0.970163
BFGS:  146 09:12:36    -3271.259496        0.945039
BFGS:  147 09:12:37    -3271.260233        0.930362
BFGS:  148 09:12:38    -3271.260689        0.927595
BFGS:  149 09:12:38    -3271.260999        0.933347
BFGS:  150 09:12:39    -3271.261261        0.943570
BFGS:  151 09:12:40    -3271.261512        0.955461
BFGS:  152 09:12:42    -3271.261747        0.966885
BFGS:  153 09:12:43    -3271.261941        0.974521
BFGS:  154 09:12:44    -3271.262070        0.978270
BFGS:  155 09:12:45    -3271.262156        0.979433
BFGS:  156 09:12:46    -3271.262230        0.981854
BFGS:  157 09:12:47    -3271.262321        0.985528
BFGS:  158 09:12:48    -3271.262441        0.992498
BFGS:  159 09:12:49    -3271.262584        0.999347
BFGS:  160 09:12:51    -3271.262741        1.004485
BFGS:  161 09:12:52    -3271.262903        1.003583
BFGS:  162 09:12:53    -3271.263082        0.997402
BFGS:  163 09:12:54    -3271.263247        0.985836
BFGS:  164 09:12:55    -3271.263358        0.977129
BFGS:  165 09:12:56    -3271.263439        0.972805
BFGS:  166 09:12:57    -3271.263524        0.971982
BFGS:  167 09:12:58    -3271.263651        0.971700
BFGS:  168 09:12:59    -3271.263818        0.976582
BFGS:  169 09:12:59    -3271.264021        0.981710
BFGS:  170 09:13:01    -3271.264226        0.987207
BFGS:  171 09:13:02    -3271.264450        0.988352
BFGS:  172 09:13:03    -3271.264715        0.987741
BFGS:  173 09:13:04    -3271.265010        0.984789
BFGS:  174 09:13:05    -3271.265297        0.985300
BFGS:  175 09:13:06    -3271.265547        0.983887
BFGS:  176 09:13:07    -3271.265771        0.983178
BFGS:  177 09:13:08    -3271.265961        0.981623
BFGS:  178 09:13:09    -3271.266105        0.981139
BFGS:  179 09:13:10    -3271.266213        0.980315
BFGS:  180 09:13:12    -3271.266336        0.980243
BFGS:  181 09:13:13    -3271.266517        0.980831
BFGS:  182 09:13:14    -3271.266788        0.981516
BFGS:  183 09:13:15    -3271.267142        0.981073
BFGS:  184 09:13:16    -3271.267524        0.980978
BFGS:  185 09:13:17    -3271.267869        0.982119
BFGS:  186 09:13:18    -3271.268155        0.984188
BFGS:  187 09:13:19    -3271.268417        0.985427
BFGS:  188 09:13:20    -3271.268654        0.984518
BFGS:  189 09:13:21    -3271.268852        0.982705
BFGS:  190 09:13:22    -3271.269014        0.979525
BFGS:  191 09:13:23    -3271.269141        0.977870
BFGS:  192 09:13:24    -3271.269251        0.976442
BFGS:  193 09:13:26    -3271.269358        0.977809
BFGS:  194 09:13:27    -3271.269460        0.979776
BFGS:  195 09:13:28    -3271.269534        0.983833
BFGS:  196 09:13:29    -3271.269571        0.985398
BFGS:  197 09:13:30    -3271.269590        0.986582
BFGS:  198 09:13:31    -3271.269608        0.985863
BFGS:  199 09:13:31    -3271.269630        0.984996
BFGS:  200 09:13:32    -3271.269651        0.982873
