      Step     Time          Energy          fmax
BFGS:    0 08:34:10    -2089.703664        7.956634
BFGS:    1 08:34:11    -2093.385841        4.842069
BFGS:    2 08:34:12    -2096.199478        4.111097
BFGS:    3 08:34:13    -2098.802053        4.099920
BFGS:    4 08:34:14    -2100.263590        5.841627
BFGS:    5 08:34:15    -2101.018349        7.261626
BFGS:    6 08:34:16    -2102.195672        2.522272
BFGS:    7 08:34:17    -2102.983137        2.136143
BFGS:    8 08:34:18    -2103.903759        4.200748
BFGS:    9 08:34:19    -2104.433017        2.464920
BFGS:   10 08:34:20    -2104.997545        1.374931
BFGS:   11 08:34:20    -2105.092466        1.691339
BFGS:   12 08:34:21    -2105.163559        0.728412
BFGS:   13 08:34:22    -2105.227257        0.397165
BFGS:   14 08:34:22    -2105.283801        0.698024
BFGS:   15 08:34:23    -2105.409060        1.054698
BFGS:   16 08:34:24    -2106.151635        3.603044
BFGS:   17 08:34:25    -2107.763859        4.610605
BFGS:   18 08:34:26    -2109.403226        4.185795
BFGS:   19 08:34:27    -2109.189006        7.397891
BFGS:   20 08:34:28    -2110.376059        3.372009
BFGS:   21 08:34:28    -2110.943904        3.067992
BFGS:   22 08:34:29    -2112.088784        3.980917
BFGS:   23 08:34:30    -2114.219667        6.497476
BFGS:   24 08:34:30    -2115.949202        6.928799
BFGS:   25 08:34:31    -2115.169496       21.499890
BFGS:   26 08:34:32    -2117.700924        5.591391
BFGS:   27 08:34:33    -2118.615517        4.107006
BFGS:   28 08:34:33    -2119.389122        9.939938
BFGS:   29 08:34:34    -2121.290572        4.628554
BFGS:   30 08:34:35    -2124.301341        6.532430
BFGS:   31 08:34:35    -2126.937974        8.921617
BFGS:   32 08:34:36    -2127.721794        9.947180
BFGS:   33 08:34:36    -2129.809730        7.768768
BFGS:   34 08:34:36    -2131.246328        5.697081
BFGS:   35 08:34:37    -2133.126122        5.072318
BFGS:   36 08:34:37    -2134.073243        2.829386
BFGS:   37 08:34:38    -2134.856762        2.334953
BFGS:   38 08:34:38    -2135.569204        2.629562
BFGS:   39 08:34:39    -2136.311425        4.485008
BFGS:   40 08:34:39    -2137.040901        2.739506
