      Step     Time          Energy          fmax
BFGS:    0 09:07:13    -2262.661631        4.340906
BFGS:    1 09:07:14    -2265.361809        4.719240
BFGS:    2 09:07:15    -2270.192162       12.349757
BFGS:    3 09:07:16    -2274.058835       18.003158
BFGS:    4 09:07:17    -2274.542659       15.309683
BFGS:    5 09:07:17    -2278.305933        8.450914
BFGS:    6 09:07:18    -2281.175392        3.246205
BFGS:    7 09:07:19    -2282.558445        8.139951
BFGS:    8 09:07:20    -2283.846938        4.305903
BFGS:    9 09:07:20    -2285.439031        3.905712
BFGS:   10 09:07:21    -2286.151274        5.447746
BFGS:   11 09:07:22    -2286.901809        2.009749
BFGS:   12 09:07:22    -2287.547294        2.859741
BFGS:   13 09:07:23    -2288.216261        2.797719
BFGS:   14 09:07:24    -2288.519674        2.018331
BFGS:   15 09:07:24    -2288.779139        2.045316
BFGS:   16 09:07:25    -2289.024837        1.842383
BFGS:   17 09:07:25    -2289.317906        1.529325
BFGS:   18 09:07:26    -2289.464933        2.614510
BFGS:   19 09:07:26    -2289.590247        2.095978
BFGS:   20 09:07:27    -2289.699267        1.830917
BFGS:   21 09:07:27    -2289.798880        1.729722
BFGS:   22 09:07:28    -2289.891046        1.379449
BFGS:   23 09:07:28    -2289.923507        0.627295
BFGS:   24 09:07:29    -2289.942960        0.605639
BFGS:   25 09:07:29    -2289.963033        1.208082
BFGS:   26 09:07:29    -2289.998794        0.720086
BFGS:   27 09:07:30    -2290.032230        0.635737
BFGS:   28 09:07:30    -2290.054608        0.746642
BFGS:   29 09:07:31    -2290.074971        0.569304
BFGS:   30 09:07:31    -2290.101960        0.582830
BFGS:   31 09:07:32    -2290.145520        0.885057
BFGS:   32 09:07:32    -2290.176446        0.596964
BFGS:   33 09:07:33    -2290.199906        0.282751
BFGS:   34 09:07:33    -2290.229254        0.430257
BFGS:   35 09:07:34    -2290.244418        0.301312
BFGS:   36 09:07:34    -2290.250385        0.176531
BFGS:   37 09:07:35    -2290.259074        0.163214
BFGS:   38 09:07:35    -2290.263346        0.185410
BFGS:   39 09:07:35    -2290.274784        0.245546
BFGS:   40 09:07:36    -2290.287729        0.256518
BFGS:   41 09:07:36    -2290.303592        0.277604
BFGS:   42 09:07:37    -2290.323198        0.295650
BFGS:   43 09:07:37    -2290.351906        0.359697
BFGS:   44 09:07:38    -2290.383122        0.364419
BFGS:   45 09:07:38    -2290.412030        0.265521
BFGS:   46 09:07:39    -2290.434020        0.309913
BFGS:   47 09:07:39    -2290.451021        0.438589
BFGS:   48 09:07:39    -2290.469539        0.457388
BFGS:   49 09:07:40    -2290.494957        0.342009
BFGS:   50 09:07:40    -2290.525968        0.522291
BFGS:   51 09:07:41    -2290.543158        0.385314
BFGS:   52 09:07:41    -2290.563330        0.298344
BFGS:   53 09:07:42    -2290.583858        0.483065
BFGS:   54 09:07:42    -2290.612263        0.834697
BFGS:   55 09:07:43    -2290.646041        0.593214
BFGS:   56 09:07:43    -2290.692987        0.319418
BFGS:   57 09:07:44    -2290.707536        0.263357
BFGS:   58 09:07:44    -2290.738709        0.291930
BFGS:   59 09:07:44    -2290.746558        0.210803
BFGS:   60 09:07:45    -2290.753264        0.141657
BFGS:   61 09:07:45    -2290.758610        0.184853
BFGS:   62 09:07:46    -2290.765622        0.279045
BFGS:   63 09:07:46    -2290.774803        0.324617
BFGS:   64 09:07:46    -2290.784349        0.228653
BFGS:   65 09:07:47    -2290.792075        0.163041
BFGS:   66 09:07:47    -2290.800192        0.164252
BFGS:   67 09:07:48    -2290.814199        0.310799
BFGS:   68 09:07:48    -2290.839434        0.446431
BFGS:   69 09:07:49    -2290.873772        0.343684
BFGS:   70 09:07:49    -2290.905302        0.331393
BFGS:   71 09:07:49    -2290.931661        0.342924
BFGS:   72 09:07:50    -2290.962521        0.390006
BFGS:   73 09:07:51    -2291.002409        0.456310
BFGS:   74 09:07:51    -2291.051089        0.387069
BFGS:   75 09:07:52    -2291.099160        0.382489
BFGS:   76 09:07:52    -2291.142484        0.558347
BFGS:   77 09:07:52    -2291.188868        0.548539
BFGS:   78 09:07:53    -2291.254741        0.695064
BFGS:   79 09:07:53    -2291.317584        0.613895
BFGS:   80 09:07:54    -2291.390689        0.568043
BFGS:   81 09:07:54    -2291.461107        0.492289
BFGS:   82 09:07:55    -2291.526423        0.436966
BFGS:   83 09:07:55    -2291.593446        0.507448
BFGS:   84 09:07:56    -2291.646531        0.560944
BFGS:   85 09:07:56    -2291.711900        0.667985
BFGS:   86 09:07:57    -2291.765664        0.740445
BFGS:   87 09:07:58    -2291.829551        0.812186
BFGS:   88 09:07:58    -2291.891418        0.865697
BFGS:   89 09:07:59    -2291.958794        0.914536
BFGS:   90 09:07:59    -2292.026611        0.956489
BFGS:   91 09:08:00    -2292.097782        0.997040
BFGS:   92 09:08:00    -2292.171294        1.056041
BFGS:   93 09:08:01    -2292.249070        1.149373
BFGS:   94 09:08:01    -2292.333191        1.250899
BFGS:   95 09:08:02    -2292.421106        1.314156
BFGS:   96 09:08:03    -2292.518302        1.398071
BFGS:   97 09:08:03    -2292.616214        1.447134
BFGS:   98 09:08:04    -2292.723556        1.514949
BFGS:   99 09:08:04    -2292.828355        1.581875
BFGS:  100 09:08:05    -2292.941699        1.631601
BFGS:  101 09:08:05    -2293.053155        1.725252
BFGS:  102 09:08:06    -2293.173302        1.789407
BFGS:  103 09:08:06    -2293.289821        1.893286
BFGS:  104 09:08:07    -2293.422787        1.971899
BFGS:  105 09:08:08    -2293.543992        2.061873
BFGS:  106 09:08:08    -2293.684017        2.134526
BFGS:  107 09:08:09    -2293.817296        2.199644
BFGS:  108 09:08:09    -2293.966812        2.230388
BFGS:  109 09:08:10    -2294.113125        2.245562
BFGS:  110 09:08:11    -2294.274159        2.200095
BFGS:  111 09:08:11    -2294.434423        2.121926
BFGS:  112 09:08:12    -2294.608183        2.228346
BFGS:  113 09:08:12    -2294.783057        2.312733
BFGS:  114 09:08:13    -2294.966988        2.374561
BFGS:  115 09:08:13    -2295.157412        2.300075
BFGS:  116 09:08:14    -2295.345585        2.133449
BFGS:  117 09:08:14    -2295.547213        1.673541
BFGS:  118 09:08:15    -2295.721632        1.107283
BFGS:  119 09:08:15    -2295.923036        0.893242
BFGS:  120 09:08:16    -2296.066061        1.537196
BFGS:  121 09:08:16    -2296.217888        1.348253
BFGS:  122 09:08:17    -2296.335707        0.963729
BFGS:  123 09:08:17    -2296.382392        1.763556
BFGS:  124 09:08:18    -2296.464388        1.232305
BFGS:  125 09:08:18    -2296.529779        0.547892
BFGS:  126 09:08:19    -2296.604629        0.602339
BFGS:  127 09:08:19    -2296.665013        0.832740
BFGS:  128 09:08:20    -2296.705355        0.527565
BFGS:  129 09:08:20    -2296.766212        0.496563
BFGS:  130 09:08:21    -2296.833303        0.640626
BFGS:  131 09:08:21    -2296.924588        0.739509
BFGS:  132 09:08:22    -2297.007293        0.638351
BFGS:  133 09:08:22    -2297.085069        0.820288
BFGS:  134 09:08:23    -2297.164108        0.870642
BFGS:  135 09:08:23    -2297.225355        0.699997
BFGS:  136 09:08:24    -2297.297369        0.809473
BFGS:  137 09:08:24    -2297.366897        0.837586
BFGS:  138 09:08:25    -2297.425084        0.870458
BFGS:  139 09:08:25    -2297.483265        0.717211
BFGS:  140 09:08:26    -2297.546846        0.742672
BFGS:  141 09:08:26    -2297.595422        0.770942
BFGS:  142 09:08:27    -2297.647367        0.699747
BFGS:  143 09:08:27    -2297.681319        0.654042
BFGS:  144 09:08:28    -2297.718758        0.668865
BFGS:  145 09:08:28    -2297.756788        0.580729
BFGS:  146 09:08:28    -2297.794477        0.584702
BFGS:  147 09:08:29    -2297.834577        0.560897
BFGS:  148 09:08:29    -2297.872619        0.575147
BFGS:  149 09:08:30    -2297.913406        0.576273
BFGS:  150 09:08:30    -2297.951551        0.566679
BFGS:  151 09:08:30    -2297.991919        0.551612
BFGS:  152 09:08:31    -2298.029627        0.529692
BFGS:  153 09:08:31    -2298.069003        0.506765
BFGS:  154 09:08:31    -2298.105597        0.482805
BFGS:  155 09:08:32    -2298.143502        0.465945
BFGS:  156 09:08:32    -2298.178692        0.445418
BFGS:  157 09:08:33    -2298.214799        0.429076
BFGS:  158 09:08:33    -2298.248445        0.408771
BFGS:  159 09:08:33    -2298.282656        0.405636
BFGS:  160 09:08:34    -2298.314690        0.387232
BFGS:  161 09:08:34    -2298.347049        0.381756
BFGS:  162 09:08:34    -2298.377464        0.365289
BFGS:  163 09:08:35    -2298.408126        0.360773
BFGS:  164 09:08:35    -2298.436912        0.363121
BFGS:  165 09:08:36    -2298.466015        0.364264
BFGS:  166 09:08:36    -2298.493218        0.367417
BFGS:  167 09:08:36    -2298.520931        0.369020
BFGS:  168 09:08:37    -2298.546558        0.367442
BFGS:  169 09:08:37    -2298.573047        0.374199
BFGS:  170 09:08:37    -2298.597207        0.362487
BFGS:  171 09:08:38    -2298.622305        0.376986
BFGS:  172 09:08:38    -2298.645410        0.369903
BFGS:  173 09:08:38    -2298.668845        0.371466
BFGS:  174 09:08:39    -2298.691214        0.370271
BFGS:  175 09:08:39    -2298.713029        0.363332
BFGS:  176 09:08:40    -2298.734688        0.363014
BFGS:  177 09:08:40    -2298.755033        0.352386
BFGS:  178 09:08:40    -2298.775817        0.346917
BFGS:  179 09:08:41    -2298.795008        0.347331
BFGS:  180 09:08:41    -2298.814578        0.350722
BFGS:  181 09:08:41    -2298.832899        0.357643
BFGS:  182 09:08:42    -2298.851302        0.362228
BFGS:  183 09:08:42    -2298.868837        0.365692
BFGS:  184 09:08:42    -2298.886199        0.367720
BFGS:  185 09:08:43    -2298.902824        0.365770
BFGS:  186 09:08:43    -2298.919280        0.361487
BFGS:  187 09:08:43    -2298.935094        0.350329
BFGS:  188 09:08:44    -2298.950810        0.336006
BFGS:  189 09:08:44    -2298.965945        0.311236
BFGS:  190 09:08:44    -2298.981137        0.284430
BFGS:  191 09:08:45    -2298.995776        0.291637
BFGS:  192 09:08:45    -2299.010769        0.285772
BFGS:  193 09:08:45    -2299.025180        0.304518
BFGS:  194 09:08:46    -2299.040402        0.284976
BFGS:  195 09:08:46    -2299.055046        0.310805
BFGS:  196 09:08:46    -2299.070911        0.288434
BFGS:  197 09:08:47    -2299.086587        0.304114
BFGS:  198 09:08:47    -2299.103560        0.357463
BFGS:  199 09:08:47    -2299.120837        0.377558
BFGS:  200 09:08:48    -2299.139198        0.418692
