      Step     Time          Energy          fmax
BFGS:    0 08:06:31    -3437.349663       73.717033
BFGS:    1 08:06:34    -3459.756863        9.984905
BFGS:    2 08:06:37    -3463.357889        6.892017
BFGS:    3 08:06:39    -3467.129200        8.496863
BFGS:    4 08:06:42    -3471.121808       10.177502
BFGS:    5 08:06:44    -3473.288836        7.620808
BFGS:    6 08:06:46    -3475.550117        7.021939
BFGS:    7 08:06:49    -3480.432655        6.455334
BFGS:    8 08:06:52    -3482.366486        6.019946
BFGS:    9 08:06:54    -3484.405251        3.488762
BFGS:   10 08:06:56    -3485.199498        2.535974
BFGS:   11 08:06:58    -3485.636763        1.975730
BFGS:   12 08:07:00    -3486.233947        1.921734
BFGS:   13 08:07:03    -3486.739754        2.409267
BFGS:   14 08:07:05    -3487.352860        3.052022
BFGS:   15 08:07:07    -3488.161204        4.034567
BFGS:   16 08:07:09    -3488.839856        4.733198
BFGS:   17 08:07:12    -3489.266825        4.730966
BFGS:   18 08:07:14    -3490.377665        2.299625
BFGS:   19 08:07:16    -3490.738397        1.315571
BFGS:   20 08:07:18    -3490.941639        0.832198
BFGS:   21 08:07:20    -3491.013149        0.755212
BFGS:   22 08:07:22    -3491.077779        0.569361
BFGS:   23 08:07:24    -3491.109249        0.327129
BFGS:   24 08:07:25    -3491.134158        0.287493
BFGS:   25 08:07:27    -3491.155888        0.399510
BFGS:   26 08:07:29    -3491.176427        0.298114
BFGS:   27 08:07:31    -3491.190283        0.290652
BFGS:   28 08:07:32    -3491.201070        0.311151
BFGS:   29 08:07:34    -3491.210576        0.215381
BFGS:   30 08:07:36    -3491.218233        0.173560
BFGS:   31 08:07:37    -3491.223096        0.123182
BFGS:   32 08:07:39    -3491.225818        0.136499
BFGS:   33 08:07:41    -3491.227635        0.097462
BFGS:   34 08:07:42    -3491.229203        0.066053
BFGS:   35 08:07:44    -3491.230650        0.058326
BFGS:   36 08:07:45    -3491.231908        0.085513
BFGS:   37 08:07:47    -3491.233043        0.077311
BFGS:   38 08:07:49    -3491.234144        0.064757
BFGS:   39 08:07:50    -3491.235345        0.062401
BFGS:   40 08:07:52    -3491.236719        0.099183
BFGS:   41 08:07:54    -3491.237974        0.112027
BFGS:   42 08:07:55    -3491.238876        0.080652
BFGS:   43 08:07:57    -3491.239355        0.051049
BFGS:   44 08:07:58    -3491.239692        0.039856
BFGS:   45 08:08:00    -3491.240078        0.042542
BFGS:   46 08:08:01    -3491.240537        0.049097
BFGS:   47 08:08:03    -3491.241048        0.064348
BFGS:   48 08:08:05    -3491.241596        0.086449
BFGS:   49 08:08:06    -3491.242256        0.088017
BFGS:   50 08:08:08    -3491.243098        0.062972
BFGS:   51 08:08:09    -3491.244140        0.067687
BFGS:   52 08:08:10    -3491.245250        0.049527
BFGS:   53 08:08:12    -3491.246237        0.078437
BFGS:   54 08:08:13    -3491.247147        0.077056
BFGS:   55 08:08:15    -3491.248058        0.052551
BFGS:   56 08:08:17    -3491.249116        0.062151
BFGS:   57 08:08:18    -3491.250102        0.051895
BFGS:   58 08:08:20    -3491.250842        0.048741
BFGS:   59 08:08:21    -3491.251552        0.043757
BFGS:   60 08:08:23    -3491.252437        0.062412
BFGS:   61 08:08:25    -3491.253583        0.075272
BFGS:   62 08:08:27    -3491.254673        0.060270
BFGS:   63 08:08:28    -3491.255443        0.037846
BFGS:   64 08:08:29    -3491.255971        0.032469
BFGS:   65 08:08:31    -3491.256527        0.039640
BFGS:   66 08:08:32    -3491.257239        0.045640
BFGS:   67 08:08:34    -3491.257989        0.058906
BFGS:   68 08:08:35    -3491.258595        0.050546
BFGS:   69 08:08:37    -3491.259058        0.039360
BFGS:   70 08:08:38    -3491.259483        0.033979
BFGS:   71 08:08:39    -3491.259918        0.038629
BFGS:   72 08:08:41    -3491.260310        0.040753
BFGS:   73 08:08:42    -3491.260620        0.028222
BFGS:   74 08:08:44    -3491.260898        0.032882
BFGS:   75 08:08:45    -3491.261150        0.026545
BFGS:   76 08:08:46    -3491.261349        0.026300
BFGS:   77 08:08:47    -3491.261506        0.020194
BFGS:   78 08:08:48    -3491.261646        0.024544
BFGS:   79 08:08:50    -3491.261797        0.022862
BFGS:   80 08:08:51    -3491.261953        0.018972
BFGS:   81 08:08:52    -3491.262114        0.024336
BFGS:   82 08:08:53    -3491.262330        0.027502
BFGS:   83 08:08:54    -3491.262591        0.033225
BFGS:   84 08:08:56    -3491.262872        0.029341
BFGS:   85 08:08:57    -3491.263074        0.021817
BFGS:   86 08:08:58    -3491.263229        0.019722
BFGS:   87 08:09:00    -3491.263352        0.022874
BFGS:   88 08:09:01    -3491.263518        0.026834
BFGS:   89 08:09:03    -3491.263741        0.030788
BFGS:   90 08:09:04    -3491.264096        0.036237
BFGS:   91 08:09:06    -3491.264847        0.052631
BFGS:   92 08:09:08    -3491.301773        0.248508
BFGS:   93 08:09:10    -3491.516879        0.504109
BFGS:   94 08:09:13    -3492.294631        1.518305
BFGS:   95 08:09:14    -3493.792993        2.799247
BFGS:   96 08:09:16    -3496.618430        2.665441
BFGS:   97 08:09:18    -3496.310139        8.032303
BFGS:   98 08:09:19    -3498.686541        3.859418
BFGS:   99 08:09:21    -3500.063788        4.929076
BFGS:  100 08:09:22    -3501.169965        3.909699
BFGS:  101 08:09:24    -3501.331092        7.240436
BFGS:  102 08:09:26    -3502.180188        2.525308
BFGS:  103 08:09:27    -3502.619147        2.213791
BFGS:  104 08:09:28    -3502.911591        1.324596
BFGS:  105 08:09:30    -3503.143301        1.349139
BFGS:  106 08:09:31    -3503.317163        1.115346
BFGS:  107 08:09:32    -3503.481006        1.274569
BFGS:  108 08:09:33    -3503.651533        1.310876
BFGS:  109 08:09:35    -3503.858390        1.441519
BFGS:  110 08:09:36    -3504.061975        1.122994
BFGS:  111 08:09:37    -3504.270409        1.117262
BFGS:  112 08:09:39    -3504.460697        0.861794
BFGS:  113 08:09:40    -3504.624626        0.626801
BFGS:  114 08:09:41    -3504.757050        0.663743
BFGS:  115 08:09:43    -3504.860812        0.587654
BFGS:  116 08:09:44    -3504.928461        0.441026
BFGS:  117 08:09:45    -3504.978736        0.435717
BFGS:  118 08:09:46    -3505.015598        0.434537
BFGS:  119 08:09:47    -3505.047737        0.532231
BFGS:  120 08:09:48    -3505.077663        0.504941
BFGS:  121 08:09:49    -3505.103344        0.368316
BFGS:  122 08:09:50    -3505.122499        0.266685
BFGS:  123 08:09:51    -3505.134923        0.148855
BFGS:  124 08:09:52    -3505.142896        0.143843
BFGS:  125 08:09:53    -3505.148664        0.161871
BFGS:  126 08:09:54    -3505.152811        0.107999
BFGS:  127 08:09:55    -3505.155598        0.091857
BFGS:  128 08:09:56    -3505.157386        0.083182
BFGS:  129 08:09:57    -3505.158288        0.048131
BFGS:  130 08:09:57    -3505.158655        0.026561
BFGS:  131 08:09:58    -3505.158830        0.024935
BFGS:  132 08:09:59    -3505.158980        0.031283
BFGS:  133 08:09:59    -3505.159120        0.025670
BFGS:  134 08:10:00    -3505.159257        0.024041
BFGS:  135 08:10:01    -3505.159378        0.020311
BFGS:  136 08:10:01    -3505.159465        0.020787
BFGS:  137 08:10:02    -3505.159512        0.018205
BFGS:  138 08:10:03    -3505.159539        0.013411
BFGS:  139 08:10:03    -3505.159571        0.011095
BFGS:  140 08:10:04    -3505.159598        0.015158
BFGS:  141 08:10:04    -3505.159622        0.012944
BFGS:  142 08:10:05    -3505.159658        0.007505
