      Step     Time          Energy          fmax
BFGS:    0 09:06:24    -3147.108705       74.700835
BFGS:    1 09:06:27    -3168.805403        9.418338
BFGS:    2 09:06:29    -3171.057587        4.808786
BFGS:    3 09:06:30    -3172.055454        2.196368
BFGS:    4 09:06:32    -3172.944487        3.102156
BFGS:    5 09:06:34    -3174.431427        6.652943
BFGS:    6 09:06:36    -3175.419905       10.234101
BFGS:    7 09:06:37    -3177.730714        7.012671
BFGS:    8 09:06:38    -3182.839176        4.833277
BFGS:    9 09:06:40    -3185.166873        6.672586
BFGS:   10 09:06:41    -3186.486878        3.093876
BFGS:   11 09:06:43    -3188.561618        9.676325
BFGS:   12 09:06:44    -3189.873842        7.414760
BFGS:   13 09:06:46    -3190.567848        4.289766
BFGS:   14 09:06:48    -3191.816216        2.779010
BFGS:   15 09:06:49    -3192.511469        2.577365
BFGS:   16 09:06:51    -3193.109884        2.536493
BFGS:   17 09:06:52    -3193.665730        2.135671
BFGS:   18 09:06:54    -3194.200749        2.920747
BFGS:   19 09:06:55    -3194.868436        2.524805
BFGS:   20 09:06:57    -3195.237808        4.653676
BFGS:   21 09:06:58    -3195.857685        2.847757
BFGS:   22 09:07:00    -3197.210597        5.470238
BFGS:   23 09:07:01    -3197.900587        4.957134
BFGS:   24 09:07:02    -3198.177213        3.977061
BFGS:   25 09:07:04    -3199.202161        2.980917
BFGS:   26 09:07:05    -3200.058762        2.816743
BFGS:   27 09:07:07    -3200.348420        1.269254
BFGS:   28 09:07:08    -3200.507451        0.885422
BFGS:   29 09:07:09    -3200.582223        1.841969
BFGS:   30 09:07:10    -3200.702479        0.924834
BFGS:   31 09:07:11    -3200.796069        0.529320
BFGS:   32 09:07:12    -3200.880158        0.802816
BFGS:   33 09:07:14    -3200.920807        0.530455
BFGS:   34 09:07:15    -3200.969759        0.428175
BFGS:   35 09:07:16    -3200.998483        0.404902
BFGS:   36 09:07:17    -3201.025868        0.392758
BFGS:   37 09:07:18    -3201.046796        0.315422
BFGS:   38 09:07:19    -3201.069156        0.231555
BFGS:   39 09:07:20    -3201.088915        0.225094
BFGS:   40 09:07:21    -3201.104587        0.260428
BFGS:   41 09:07:22    -3201.117125        0.239405
BFGS:   42 09:07:23    -3201.128034        0.189599
BFGS:   43 09:07:24    -3201.137523        0.177927
BFGS:   44 09:07:25    -3201.146189        0.172398
BFGS:   45 09:07:26    -3201.155372        0.192586
BFGS:   46 09:07:27    -3201.166410        0.198583
BFGS:   47 09:07:28    -3201.179458        0.244304
BFGS:   48 09:07:29    -3201.193299        0.196417
BFGS:   49 09:07:30    -3201.206738        0.239994
BFGS:   50 09:07:31    -3201.219870        0.240312
BFGS:   51 09:07:32    -3201.232942        0.211366
BFGS:   52 09:07:33    -3201.245675        0.237755
BFGS:   53 09:07:34    -3201.258432        0.193718
BFGS:   54 09:07:35    -3201.271147        0.174876
BFGS:   55 09:07:35    -3201.282856        0.182327
BFGS:   56 09:07:36    -3201.293094        0.208288
BFGS:   57 09:07:37    -3201.302173        0.174005
BFGS:   58 09:07:38    -3201.310751        0.197029
BFGS:   59 09:07:39    -3201.319518        0.212346
BFGS:   60 09:07:40    -3201.328495        0.279567
BFGS:   61 09:07:41    -3201.337709        0.326486
BFGS:   62 09:07:42    -3201.346774        0.234817
BFGS:   63 09:07:43    -3201.355237        0.187780
BFGS:   64 09:07:44    -3201.363596        0.245646
BFGS:   65 09:07:45    -3201.373350        0.286080
BFGS:   66 09:07:46    -3201.385887        0.348655
BFGS:   67 09:07:47    -3201.401081        0.280580
BFGS:   68 09:07:48    -3201.416342        0.244502
BFGS:   69 09:07:49    -3201.429306        0.212719
BFGS:   70 09:07:50    -3201.441069        0.289836
BFGS:   71 09:07:51    -3201.453020        0.279960
BFGS:   72 09:07:52    -3201.465655        0.247117
BFGS:   73 09:07:53    -3201.479305        0.249227
BFGS:   74 09:07:54    -3201.494248        0.293360
BFGS:   75 09:07:55    -3201.510120        0.260498
BFGS:   76 09:07:56    -3201.525264        0.228497
BFGS:   77 09:07:57    -3201.537324        0.235155
BFGS:   78 09:07:58    -3201.546088        0.183623
BFGS:   79 09:07:59    -3201.553893        0.219248
BFGS:   80 09:08:00    -3201.561323        0.194170
BFGS:   81 09:08:01    -3201.568348        0.192953
BFGS:   82 09:08:02    -3201.574494        0.164654
BFGS:   83 09:08:03    -3201.579227        0.139210
BFGS:   84 09:08:04    -3201.583864        0.136560
BFGS:   85 09:08:05    -3201.588620        0.097938
BFGS:   86 09:08:06    -3201.592504        0.086345
BFGS:   87 09:08:07    -3201.595609        0.079044
BFGS:   88 09:08:08    -3201.598216        0.081339
BFGS:   89 09:08:09    -3201.600612        0.085491
BFGS:   90 09:08:10    -3201.602828        0.099649
BFGS:   91 09:08:11    -3201.604713        0.081618
BFGS:   92 09:08:12    -3201.606327        0.074552
BFGS:   93 09:08:12    -3201.607894        0.085129
BFGS:   94 09:08:13    -3201.609709        0.113932
BFGS:   95 09:08:14    -3201.612002        0.124755
BFGS:   96 09:08:15    -3201.614690        0.098522
BFGS:   97 09:08:16    -3201.617589        0.091963
BFGS:   98 09:08:17    -3201.620490        0.105439
BFGS:   99 09:08:18    -3201.623525        0.129601
BFGS:  100 09:08:19    -3201.626894        0.110560
BFGS:  101 09:08:20    -3201.630460        0.140144
BFGS:  102 09:08:21    -3201.633809        0.115598
BFGS:  103 09:08:22    -3201.636945        0.136124
BFGS:  104 09:08:23    -3201.640018        0.154321
BFGS:  105 09:08:24    -3201.642953        0.106437
BFGS:  106 09:08:25    -3201.645548        0.094947
BFGS:  107 09:08:26    -3201.647666        0.086578
BFGS:  108 09:08:27    -3201.649509        0.092378
BFGS:  109 09:08:28    -3201.651611        0.100883
BFGS:  110 09:08:29    -3201.654166        0.112194
BFGS:  111 09:08:30    -3201.657092        0.124190
BFGS:  112 09:08:31    -3201.659653        0.085811
BFGS:  113 09:08:32    -3201.661878        0.090536
BFGS:  114 09:08:33    -3201.663632        0.077099
BFGS:  115 09:08:34    -3201.665750        0.075256
BFGS:  116 09:08:35    -3201.667408        0.081255
BFGS:  117 09:08:36    -3201.668629        0.063782
BFGS:  118 09:08:37    -3201.669548        0.047096
BFGS:  119 09:08:38    -3201.670466        0.043690
BFGS:  120 09:08:39    -3201.671280        0.044640
BFGS:  121 09:08:40    -3201.671931        0.036872
BFGS:  122 09:08:41    -3201.672419        0.041392
BFGS:  123 09:08:42    -3201.672886        0.042135
BFGS:  124 09:08:43    -3201.673373        0.039282
BFGS:  125 09:08:44    -3201.673855        0.046575
BFGS:  126 09:08:44    -3201.674285        0.034444
BFGS:  127 09:08:45    -3201.674684        0.046396
BFGS:  128 09:08:46    -3201.675128        0.052825
BFGS:  129 09:08:47    -3201.675737        0.045088
BFGS:  130 09:08:48    -3201.676542        0.053845
BFGS:  131 09:08:49    -3201.677559        0.058154
BFGS:  132 09:08:50    -3201.678813        0.054622
BFGS:  133 09:08:51    -3201.680280        0.071182
BFGS:  134 09:08:52    -3201.682104        0.121928
BFGS:  135 09:08:53    -3201.684642        0.161973
BFGS:  136 09:08:54    -3201.688046        0.165803
