      Step     Time          Energy          fmax
BFGS:    0 08:01:58    -2743.219425        4.963439
BFGS:    1 08:01:59    -2745.938088        3.566810
BFGS:    2 08:02:00    -2752.839383        6.237114
BFGS:    3 08:02:01    -2758.594554        7.273246
BFGS:    4 08:02:02    -2755.334929       20.196368
BFGS:    5 08:02:03    -2764.078689        3.661802
BFGS:    6 08:02:04    -2766.093249        2.934134
BFGS:    7 08:02:05    -2768.636785        6.350898
BFGS:    8 08:02:06    -2770.114891        4.190440
BFGS:    9 08:02:07    -2771.944420        2.463758
BFGS:   10 08:02:08    -2773.553201        4.036542
BFGS:   11 08:02:09    -2775.402936        4.219309
BFGS:   12 08:02:09    -2778.924653        2.962536
BFGS:   13 08:02:10    -2780.720240        2.657902
BFGS:   14 08:02:10    -2782.590835        2.773719
BFGS:   15 08:02:11    -2783.449752        1.784210
BFGS:   16 08:02:11    -2784.130258        1.114803
BFGS:   17 08:02:12    -2784.354388        0.939602
BFGS:   18 08:02:12    -2784.672041        0.952965
BFGS:   19 08:02:13    -2784.782361        0.551332
BFGS:   20 08:02:13    -2784.830970        0.343099
BFGS:   21 08:02:13    -2784.859179        0.241773
BFGS:   22 08:02:14    -2784.881118        0.295764
BFGS:   23 08:02:14    -2784.895123        0.205814
BFGS:   24 08:02:15    -2784.905892        0.201496
BFGS:   25 08:02:15    -2784.915120        0.164863
BFGS:   26 08:02:15    -2784.922513        0.179811
BFGS:   27 08:02:16    -2784.927591        0.150804
BFGS:   28 08:02:16    -2784.931068        0.097180
BFGS:   29 08:02:16    -2784.934049        0.092623
BFGS:   30 08:02:17    -2784.937615        0.170074
BFGS:   31 08:02:17    -2784.942542        0.194037
BFGS:   32 08:02:17    -2784.949436        0.163165
BFGS:   33 08:02:18    -2784.957918        0.137850
BFGS:   34 08:02:18    -2784.965669        0.121125
BFGS:   35 08:02:19    -2784.970435        0.101128
BFGS:   36 08:02:19    -2784.972606        0.064430
BFGS:   37 08:02:19    -2784.973669        0.039124
BFGS:   38 08:02:19    -2784.974401        0.037115
BFGS:   39 08:02:20    -2784.974924        0.050746
BFGS:   40 08:02:20    -2784.975205        0.032801
BFGS:   41 08:02:20    -2784.975314        0.012800
BFGS:   42 08:02:21    -2784.975353        0.007258
