      Step     Time          Energy          fmax
BFGS:    0 08:49:45       52.046366     6676.921629
BFGS:    1 08:49:46    -1405.772053      865.977285
BFGS:    2 08:49:47    -1775.930483     1756.066669
BFGS:    3 08:49:47    -1818.227257     1559.032443
BFGS:    4 08:49:48    -1954.991482      886.575766
BFGS:    5 08:49:49    -2054.292354      393.695649
BFGS:    6 08:49:50    -2106.597939      127.541358
BFGS:    7 08:49:51    -2133.209784       71.489498
BFGS:    8 08:49:53    -2141.992483       33.556214
BFGS:    9 08:49:54    -2149.026110       24.582510
BFGS:   10 08:49:55    -2154.439975        8.495669
BFGS:   11 08:49:56    -2157.587009       13.486960
BFGS:   12 08:49:57    -2160.508617        6.996362
BFGS:   13 08:49:58    -2162.675984        5.287754
BFGS:   14 08:49:58    -2163.807812        4.058864
BFGS:   15 08:49:59    -2165.022587        3.714968
BFGS:   16 08:50:00    -2165.727640        4.046715
BFGS:   17 08:50:01    -2166.341926        3.152599
BFGS:   18 08:50:01    -2166.758127        3.284239
BFGS:   19 08:50:02    -2167.186567        3.537631
BFGS:   20 08:50:03    -2167.506845        3.348249
BFGS:   21 08:50:04    -2167.780186        3.126011
BFGS:   22 08:50:05    -2168.031027        3.316243
BFGS:   23 08:50:06    -2168.297429        3.547183
BFGS:   24 08:50:07    -2168.518560        3.841082
BFGS:   25 08:50:08    -2168.701503        4.099972
BFGS:   26 08:50:09    -2168.864445        4.158681
BFGS:   27 08:50:10    -2169.044474        4.039638
BFGS:   28 08:50:11    -2169.188224        3.744380
BFGS:   29 08:50:12    -2169.288504        3.343341
BFGS:   30 08:50:13    -2169.364742        3.239921
BFGS:   31 08:50:14    -2169.449281        3.296782
BFGS:   32 08:50:15    -2169.671512        3.544920
BFGS:   33 08:50:16    -2169.127316        6.469040
BFGS:   34 08:50:18    -2169.872604        3.501560
BFGS:   35 08:50:19    -2169.971375        3.370352
BFGS:   36 08:50:20    -2170.138431        3.373490
BFGS:   37 08:50:20    -2170.194629        3.365742
BFGS:   38 08:50:21    -2170.237857        3.411711
BFGS:   39 08:50:22    -2170.335414        3.531733
BFGS:   40 08:50:22    -2170.366930        3.503869
BFGS:   41 08:50:23    -2170.411378        3.345439
BFGS:   42 08:50:23    -2170.435618        3.352736
BFGS:   43 08:50:24    -2170.468441        3.301744
BFGS:   44 08:50:25    -2170.493780        3.173117
BFGS:   45 08:50:25    -2170.525890        2.983089
BFGS:   46 08:50:26    -2170.557999        2.854484
BFGS:   47 08:50:26    -2170.594499        2.791353
BFGS:   48 08:50:27    -2170.634269        2.798384
BFGS:   49 08:50:28    -2170.680240        2.820746
BFGS:   50 08:50:28    -2170.736913        2.813523
BFGS:   51 08:50:29    -2170.820167        2.687260
BFGS:   52 08:50:30    -2171.012734        2.359268
BFGS:   53 08:50:30    -2171.248437        2.120545
BFGS:   54 08:50:31    -2171.619631        3.161841
BFGS:   55 08:50:32    -2171.802465        3.869129
BFGS:   56 08:50:32    -2171.903976        3.880968
BFGS:   57 08:50:33    -2172.143915        3.989890
BFGS:   58 08:50:33    -2172.281422        3.685619
BFGS:   59 08:50:34    -2172.396247        3.656451
BFGS:   60 08:50:34    -2172.523617        3.275294
BFGS:   61 08:50:35    -2172.592798        3.262066
BFGS:   62 08:50:35    -2172.677787        3.137474
BFGS:   63 08:50:36    -2172.748595        3.187144
BFGS:   64 08:50:36    -2172.850157        3.004745
BFGS:   65 08:50:37    -2172.953229        2.784449
BFGS:   66 08:50:37    -2173.065667        3.087635
BFGS:   67 08:50:38    -2173.209680        3.299910
BFGS:   68 08:50:39    -2173.510218        3.670320
BFGS:   69 08:50:39    -2173.816288        3.974367
BFGS:   70 08:50:40    -2173.778770        4.937875
BFGS:   71 08:50:41    -2174.287112        3.064779
BFGS:   72 08:50:42    -2174.584407        3.441096
BFGS:   73 08:50:43    -2174.968353        2.969405
BFGS:   74 08:50:43    -2175.241664        3.306839
BFGS:   75 08:50:44    -2175.358761        2.877273
BFGS:   76 08:50:45    -2175.504809        2.388212
BFGS:   77 08:50:45    -2175.627908        2.050263
BFGS:   78 08:50:46    -2175.734923        1.877330
BFGS:   79 08:50:47    -2175.844910        2.024276
BFGS:   80 08:50:47    -2175.945488        1.983204
BFGS:   81 08:50:48    -2176.051340        1.927959
BFGS:   82 08:50:48    -2176.150675        1.838865
BFGS:   83 08:50:49    -2176.249948        1.782136
BFGS:   84 08:50:50    -2176.340673        1.560592
BFGS:   85 08:50:50    -2176.412041        1.574769
BFGS:   86 08:50:51    -2176.470251        1.414941
BFGS:   87 08:50:51    -2176.529694        1.367824
BFGS:   88 08:50:52    -2176.581537        1.072046
BFGS:   89 08:50:52    -2176.621289        1.028886
BFGS:   90 08:50:53    -2176.653271        0.938688
BFGS:   91 08:50:53    -2176.685704        0.890162
BFGS:   92 08:50:54    -2176.717647        0.824620
BFGS:   93 08:50:54    -2176.750279        0.781813
BFGS:   94 08:50:55    -2176.782047        0.757374
BFGS:   95 08:50:55    -2176.815689        0.672053
BFGS:   96 08:50:56    -2176.854774        0.681170
BFGS:   97 08:50:56    -2176.896924        0.987072
BFGS:   98 08:50:57    -2176.946771        1.099132
BFGS:   99 08:50:57    -2177.006327        1.124319
BFGS:  100 08:50:58    -2177.060507        0.951532
BFGS:  101 08:50:58    -2177.100637        0.839602
BFGS:  102 08:50:59    -2177.138549        0.771658
BFGS:  103 08:50:59    -2177.167326        0.938095
BFGS:  104 08:50:59    -2177.204399        1.181231
BFGS:  105 08:51:00    -2177.233983        1.380284
BFGS:  106 08:51:01    -2177.281038        1.490279
BFGS:  107 08:51:01    -2177.320557        1.474970
BFGS:  108 08:51:02    -2177.353155        1.281046
BFGS:  109 08:51:02    -2177.388446        1.290232
BFGS:  110 08:51:03    -2177.422474        1.389639
BFGS:  111 08:51:03    -2177.452108        1.479299
BFGS:  112 08:51:04    -2177.478633        1.570181
BFGS:  113 08:51:04    -2177.505396        1.648973
BFGS:  114 08:51:05    -2177.536522        1.694059
BFGS:  115 08:51:05    -2177.573198        1.701111
BFGS:  116 08:51:06    -2177.622416        1.744264
BFGS:  117 08:51:06    -2177.671033        1.843625
BFGS:  118 08:51:07    -2177.749476        1.786124
BFGS:  119 08:51:07    -2177.813932        1.773793
BFGS:  120 08:51:08    -2177.890002        1.770486
BFGS:  121 08:51:08    -2177.969450        1.776235
BFGS:  122 08:51:09    -2178.046366        1.990512
BFGS:  123 08:51:09    -2178.102937        1.880714
BFGS:  124 08:51:10    -2178.171768        1.762528
BFGS:  125 08:51:10    -2178.234845        1.499633
BFGS:  126 08:51:11    -2178.286420        1.445043
BFGS:  127 08:51:11    -2178.330661        1.307607
BFGS:  128 08:51:12    -2178.363405        1.166045
BFGS:  129 08:51:12    -2178.390381        1.100249
BFGS:  130 08:51:13    -2178.421089        1.097233
BFGS:  131 08:51:13    -2178.457607        1.118894
BFGS:  132 08:51:14    -2178.493317        1.089998
BFGS:  133 08:51:14    -2178.526677        1.044789
BFGS:  134 08:51:15    -2178.562659        0.993569
BFGS:  135 08:51:15    -2178.596282        0.940942
BFGS:  136 08:51:16    -2178.621116        0.912915
BFGS:  137 08:51:16    -2178.637480        0.895703
BFGS:  138 08:51:17    -2178.650145        0.933752
BFGS:  139 08:51:17    -2178.660592        0.917244
BFGS:  140 08:51:17    -2178.669740        0.953083
BFGS:  141 08:51:18    -2178.679178        0.954197
BFGS:  142 08:51:18    -2178.691797        0.995235
BFGS:  143 08:51:19    -2178.709667        1.005840
BFGS:  144 08:51:20    -2178.724382        0.986386
BFGS:  145 08:51:20    -2178.737249        0.947616
BFGS:  146 08:51:21    -2178.748354        0.949062
BFGS:  147 08:51:21    -2178.762777        0.965751
BFGS:  148 08:51:22    -2178.783359        1.023273
BFGS:  149 08:51:22    -2178.808739        1.116589
BFGS:  150 08:51:23    -2178.837795        1.049823
BFGS:  151 08:51:23    -2178.867980        1.416699
BFGS:  152 08:51:24    -2178.900787        0.939361
BFGS:  153 08:51:24    -2178.940888        1.125620
BFGS:  154 08:51:25    -2178.984996        1.495915
BFGS:  155 08:51:25    -2179.010425        1.445797
BFGS:  156 08:51:26    -2179.029388        0.923318
BFGS:  157 08:51:26    -2179.043065        0.778365
BFGS:  158 08:51:27    -2179.054816        0.746350
BFGS:  159 08:51:27    -2179.064541        0.734770
BFGS:  160 08:51:28    -2179.071951        0.751276
BFGS:  161 08:51:28    -2179.076914        0.709206
BFGS:  162 08:51:28    -2179.081167        0.646251
BFGS:  163 08:51:29    -2179.085377        0.597128
BFGS:  164 08:51:29    -2179.090079        0.585310
BFGS:  165 08:51:30    -2179.093452        0.553608
BFGS:  166 08:51:30    -2179.096704        0.525483
BFGS:  167 08:51:30    -2179.099330        0.481732
BFGS:  168 08:51:31    -2179.101306        0.462877
BFGS:  169 08:51:31    -2179.102609        0.456191
BFGS:  170 08:51:32    -2179.103554        0.467988
BFGS:  171 08:51:32    -2179.104454        0.475050
BFGS:  172 08:51:32    -2179.105387        0.476715
BFGS:  173 08:51:33    -2179.106209        0.469403
BFGS:  174 08:51:33    -2179.106874        0.457213
BFGS:  175 08:51:33    -2179.107451        0.440839
BFGS:  176 08:51:34    -2179.108027        0.423245
BFGS:  177 08:51:34    -2179.108635        0.405951
BFGS:  178 08:51:34    -2179.109330        0.391164
BFGS:  179 08:51:35    -2179.110181        0.377295
BFGS:  180 08:51:35    -2179.111206        0.366836
BFGS:  181 08:51:35    -2179.112250        0.372500
BFGS:  182 08:51:36    -2179.113166        0.380971
BFGS:  183 08:51:36    -2179.114024        0.387485
BFGS:  184 08:51:36    -2179.115068        0.397773
BFGS:  185 08:51:37    -2179.116481        0.403952
BFGS:  186 08:51:37    -2179.118244        0.400128
BFGS:  187 08:51:37    -2179.120168        0.387540
BFGS:  188 08:51:38    -2179.122155        0.378803
BFGS:  189 08:51:38    -2179.124251        0.377756
BFGS:  190 08:51:38    -2179.126447        0.374338
BFGS:  191 08:51:39    -2179.128505        0.359307
BFGS:  192 08:51:39    -2179.130269        0.340955
BFGS:  193 08:51:40    -2179.131918        0.328186
BFGS:  194 08:51:40    -2179.133680        0.318169
BFGS:  195 08:51:40    -2179.135584        0.308844
BFGS:  196 08:51:41    -2179.137397        0.301548
BFGS:  197 08:51:41    -2179.138850        0.289090
BFGS:  198 08:51:41    -2179.139948        0.275405
BFGS:  199 08:51:42    -2179.140809        0.277618
BFGS:  200 08:51:42    -2179.141626        0.277613
