      Step     Time          Energy          fmax
BFGS:    0 08:54:42    -2434.285301        9.838453
BFGS:    1 08:54:43    -2438.999250        4.762900
BFGS:    2 08:54:45    -2444.712136        5.236107
BFGS:    3 08:54:47    -2451.252566        7.233668
BFGS:    4 08:54:48    -2452.693994        7.920316
BFGS:    5 08:54:49    -2455.004223        5.159257
BFGS:    6 08:54:50    -2456.258774        3.544373
BFGS:    7 08:54:51    -2457.525716        2.051020
BFGS:    8 08:54:52    -2457.877471        0.903869
BFGS:    9 08:54:53    -2458.143668        1.460703
BFGS:   10 08:54:54    -2458.296133        1.394860
BFGS:   11 08:54:55    -2458.557365        1.308969
BFGS:   12 08:54:56    -2459.157439        1.540975
BFGS:   13 08:54:56    -2459.551180        2.668180
BFGS:   14 08:54:57    -2459.780147        2.482424
BFGS:   15 08:54:58    -2460.202384        1.560651
BFGS:   16 08:54:58    -2460.601389        1.169967
BFGS:   17 08:54:59    -2460.772855        0.792343
BFGS:   18 08:55:00    -2460.889002        0.593980
BFGS:   19 08:55:01    -2460.946947        1.220097
BFGS:   20 08:55:01    -2460.973257        2.102100
BFGS:   21 08:55:02    -2461.035820        0.529541
BFGS:   22 08:55:03    -2461.091373        0.882081
BFGS:   23 08:55:04    -2461.162897        1.382545
BFGS:   24 08:55:05    -2461.242067        1.131658
BFGS:   25 08:55:07    -2461.356047        0.754669
BFGS:   26 08:55:08    -2461.504397        1.291348
BFGS:   27 08:55:09    -2461.695546        1.684119
BFGS:   28 08:55:10    -2461.947718        1.646283
BFGS:   29 08:55:11    -2462.330728        1.631457
BFGS:   30 08:55:13    -2462.892092        3.383287
BFGS:   31 08:55:14    -2464.734687        3.066572
BFGS:   32 08:55:16    -2465.773133        6.099252
BFGS:   33 08:55:17    -2466.487229        3.817717
BFGS:   34 08:55:17    -2467.245398        4.811092
BFGS:   35 08:55:18    -2467.597179        4.664276
BFGS:   36 08:55:19    -2467.959455        3.918328
BFGS:   37 08:55:20    -2468.198385        3.263739
BFGS:   38 08:55:20    -2468.524926        3.567498
BFGS:   39 08:55:22    -2468.852242        2.880810
BFGS:   40 08:55:23    -2469.250095        2.627087
BFGS:   41 08:55:23    -2469.618239        1.927702
BFGS:   42 08:55:24    -2469.883310        1.658903
BFGS:   43 08:55:25    -2470.339464        1.564479
BFGS:   44 08:55:26    -2470.714911        1.382280
BFGS:   45 08:55:26    -2471.107011        1.206625
BFGS:   46 08:55:27    -2471.408629        1.311772
BFGS:   47 08:55:28    -2471.662948        1.069170
BFGS:   48 08:55:28    -2471.884527        0.930578
BFGS:   49 08:55:29    -2472.025904        0.717275
BFGS:   50 08:55:30    -2472.127268        0.663615
BFGS:   51 08:55:30    -2472.200911        0.705330
BFGS:   52 08:55:31    -2472.261510        0.652503
BFGS:   53 08:55:32    -2472.307686        0.539910
BFGS:   54 08:55:32    -2472.356576        0.383891
BFGS:   55 08:55:33    -2472.415877        0.473304
BFGS:   56 08:55:34    -2472.474710        0.669406
BFGS:   57 08:55:34    -2472.516800        0.820784
BFGS:   58 08:55:35    -2472.554052        0.879903
BFGS:   59 08:55:36    -2472.598385        0.846597
BFGS:   60 08:55:36    -2472.651922        0.769502
BFGS:   61 08:55:37    -2472.707761        0.599588
BFGS:   62 08:55:38    -2472.748676        0.531009
BFGS:   63 08:55:38    -2472.769257        0.479800
BFGS:   64 08:55:39    -2472.783040        0.493120
BFGS:   65 08:55:39    -2472.796280        0.503985
BFGS:   66 08:55:40    -2472.806621        0.443331
BFGS:   67 08:55:41    -2472.814632        0.311552
BFGS:   68 08:55:41    -2472.821657        0.211014
BFGS:   69 08:55:42    -2472.830311        0.335403
BFGS:   70 08:55:42    -2472.841728        0.221041
BFGS:   71 08:55:43    -2472.852653        0.285118
BFGS:   72 08:55:43    -2472.859944        0.146439
BFGS:   73 08:55:44    -2472.864465        0.141102
BFGS:   74 08:55:44    -2472.867473        0.208853
BFGS:   75 08:55:45    -2472.870137        0.144050
BFGS:   76 08:55:45    -2472.872533        0.147637
BFGS:   77 08:55:46    -2472.874629        0.157800
BFGS:   78 08:55:46    -2472.876863        0.156167
BFGS:   79 08:55:47    -2472.879470        0.139813
BFGS:   80 08:55:48    -2472.882214        0.125370
BFGS:   81 08:55:49    -2472.884509        0.078114
BFGS:   82 08:55:49    -2472.886090        0.076710
BFGS:   83 08:55:50    -2472.887140        0.071669
BFGS:   84 08:55:50    -2472.887939        0.051985
BFGS:   85 08:55:50    -2472.888597        0.050802
BFGS:   86 08:55:51    -2472.889092        0.035428
BFGS:   87 08:55:51    -2472.889435        0.035224
BFGS:   88 08:55:52    -2472.889723        0.046676
BFGS:   89 08:55:52    -2472.890031        0.053024
BFGS:   90 08:55:52    -2472.890391        0.049942
BFGS:   91 08:55:53    -2472.890767        0.053593
BFGS:   92 08:55:53    -2472.891147        0.048754
BFGS:   93 08:55:53    -2472.891559        0.037414
BFGS:   94 08:55:54    -2472.892059        0.060743
BFGS:   95 08:55:54    -2472.892633        0.064915
BFGS:   96 08:55:55    -2472.893207        0.060436
BFGS:   97 08:55:55    -2472.893745        0.057226
BFGS:   98 08:55:56    -2472.894310        0.063956
BFGS:   99 08:55:56    -2472.894971        0.087718
BFGS:  100 08:55:57    -2472.895652        0.088575
BFGS:  101 08:55:57    -2472.896180        0.054783
BFGS:  102 08:55:58    -2472.896546        0.034853
BFGS:  103 08:55:58    -2472.896854        0.037334
BFGS:  104 08:55:58    -2472.897161        0.055852
BFGS:  105 08:55:59    -2472.897430        0.049556
BFGS:  106 08:55:59    -2472.897625        0.029161
BFGS:  107 08:55:59    -2472.897755        0.020367
BFGS:  108 08:56:00    -2472.897846        0.021465
BFGS:  109 08:56:00    -2472.897911        0.018230
BFGS:  110 08:56:00    -2472.897953        0.015861
BFGS:  111 08:56:01    -2472.897983        0.007768
