      Step     Time          Energy          fmax
BFGS:    0 08:15:53    -2356.731035        8.313955
BFGS:    1 08:15:54    -2361.654508        5.745492
BFGS:    2 08:15:55    -2369.213470        7.680000
BFGS:    3 08:15:56    -2375.039897       23.981356
BFGS:    4 08:15:56    -2374.936811       20.791697
BFGS:    5 08:15:57    -2382.165012        4.784369
BFGS:    6 08:15:58    -2384.561326        4.388815
BFGS:    7 08:15:59    -2385.269039       14.595599
BFGS:    8 08:16:00    -2386.525161        2.218248
BFGS:    9 08:16:01    -2386.883418        2.176643
BFGS:   10 08:16:01    -2387.413126        1.998878
BFGS:   11 08:16:02    -2387.695167        1.631327
BFGS:   12 08:16:02    -2388.039351        1.889963
BFGS:   13 08:16:03    -2388.380126        1.739196
BFGS:   14 08:16:04    -2388.721569        1.537680
BFGS:   15 08:16:05    -2388.970304        1.006938
BFGS:   16 08:16:06    -2389.126291        0.898481
BFGS:   17 08:16:07    -2389.239941        1.242392
BFGS:   18 08:16:07    -2389.430543        1.396564
BFGS:   19 08:16:08    -2389.595181        1.550449
BFGS:   20 08:16:09    -2389.621183        1.412270
BFGS:   21 08:16:10    -2389.814575        0.744823
BFGS:   22 08:16:10    -2389.946412        0.887819
BFGS:   23 08:16:11    -2390.313874        1.919622
BFGS:   24 08:16:12    -2390.868773        6.818897
BFGS:   25 08:16:13    -2391.302701        6.164984
BFGS:   26 08:16:13    -2393.046041        8.199555
BFGS:   27 08:16:14    -2393.492217        5.045549
BFGS:   28 08:16:14    -2394.625290        3.040029
BFGS:   29 08:16:15    -2395.110931        1.348082
BFGS:   30 08:16:15    -2395.466400        1.053931
BFGS:   31 08:16:15    -2395.680176        0.924447
BFGS:   32 08:16:16    -2395.790944        1.006072
BFGS:   33 08:16:16    -2395.872098        0.910413
BFGS:   34 08:16:17    -2395.943811        0.616547
BFGS:   35 08:16:17    -2396.058352        0.772463
BFGS:   36 08:16:17    -2396.156793        0.879833
BFGS:   37 08:16:18    -2396.234091        0.809678
BFGS:   38 08:16:18    -2396.282205        0.664548
BFGS:   39 08:16:19    -2396.313394        0.383780
BFGS:   40 08:16:19    -2396.332247        0.283406
BFGS:   41 08:16:19    -2396.350196        0.196404
BFGS:   42 08:16:20    -2396.360424        0.202048
BFGS:   43 08:16:20    -2396.369961        0.209905
BFGS:   44 08:16:21    -2396.377383        0.202002
BFGS:   45 08:16:21    -2396.382636        0.150540
BFGS:   46 08:16:21    -2396.386343        0.160619
BFGS:   47 08:16:22    -2396.390221        0.130666
BFGS:   48 08:16:22    -2396.394365        0.113853
BFGS:   49 08:16:22    -2396.398404        0.108181
BFGS:   50 08:16:23    -2396.402170        0.107238
BFGS:   51 08:16:23    -2396.406073        0.135191
BFGS:   52 08:16:24    -2396.410326        0.153288
BFGS:   53 08:16:24    -2396.414691        0.176712
BFGS:   54 08:16:24    -2396.418606        0.115447
BFGS:   55 08:16:25    -2396.421854        0.131335
BFGS:   56 08:16:25    -2396.424616        0.110328
BFGS:   57 08:16:25    -2396.427071        0.093866
BFGS:   58 08:16:26    -2396.428959        0.081501
BFGS:   59 08:16:26    -2396.430139        0.053502
BFGS:   60 08:16:26    -2396.430778        0.043130
BFGS:   61 08:16:27    -2396.431212        0.035032
BFGS:   62 08:16:27    -2396.431629        0.045844
BFGS:   63 08:16:27    -2396.432065        0.050357
BFGS:   64 08:16:28    -2396.432452        0.041971
BFGS:   65 08:16:28    -2396.432736        0.033469
BFGS:   66 08:16:28    -2396.432940        0.024653
BFGS:   67 08:16:28    -2396.433093        0.021168
BFGS:   68 08:16:29    -2396.433208        0.016102
BFGS:   69 08:16:29    -2396.433280        0.012270
BFGS:   70 08:16:29    -2396.433334        0.015082
BFGS:   71 08:16:30    -2396.433384        0.013301
BFGS:   72 08:16:30    -2396.433435        0.013262
BFGS:   73 08:16:30    -2396.433484        0.010742
BFGS:   74 08:16:30    -2396.433535        0.016758
BFGS:   75 08:16:30    -2396.433604        0.021484
BFGS:   76 08:16:31    -2396.433706        0.025069
BFGS:   77 08:16:31    -2396.433862        0.027692
BFGS:   78 08:16:31    -2396.434095        0.032499
BFGS:   79 08:16:32    -2396.434443        0.039171
BFGS:   80 08:16:32    -2396.434952        0.054350
BFGS:   81 08:16:32    -2396.435661        0.070109
BFGS:   82 08:16:33    -2396.436547        0.071455
BFGS:   83 08:16:33    -2396.437679        0.080891
BFGS:   84 08:16:33    -2396.439285        0.096227
BFGS:   85 08:16:34    -2396.441869        0.113436
BFGS:   86 08:16:34    -2396.445567        0.132721
BFGS:   87 08:16:34    -2396.449523        0.125315
BFGS:   88 08:16:35    -2396.453134        0.087390
BFGS:   89 08:16:35    -2396.455028        0.062859
BFGS:   90 08:16:35    -2396.456190        0.076699
BFGS:   91 08:16:36    -2396.457310        0.068481
BFGS:   92 08:16:36    -2396.458229        0.051409
BFGS:   93 08:16:37    -2396.458828        0.039190
BFGS:   94 08:16:37    -2396.459148        0.029391
BFGS:   95 08:16:37    -2396.459366        0.028403
BFGS:   96 08:16:37    -2396.459575        0.030920
BFGS:   97 08:16:38    -2396.459822        0.031753
BFGS:   98 08:16:38    -2396.460111        0.031409
BFGS:   99 08:16:38    -2396.460427        0.031880
BFGS:  100 08:16:39    -2396.460778        0.037059
BFGS:  101 08:16:39    -2396.461282        0.044151
BFGS:  102 08:16:39    -2396.462222        0.081948
BFGS:  103 08:16:40    -2396.464200        0.134860
BFGS:  104 08:16:40    -2396.468532        0.204123
BFGS:  105 08:16:40    -2396.476084        0.316499
BFGS:  106 08:16:41    -2396.488624        0.409060
BFGS:  107 08:16:41    -2396.520818        0.478297
BFGS:  108 08:16:42    -2396.499224        1.841375
BFGS:  109 08:16:42    -2396.569639        0.406121
BFGS:  110 08:16:43    -2396.589511        0.560380
BFGS:  111 08:16:43    -2396.616519        0.907836
BFGS:  112 08:16:44    -2396.631937        0.584680
BFGS:  113 08:16:44    -2396.638586        1.110214
BFGS:  114 08:16:45    -2396.636648        1.527868
BFGS:  115 08:16:45    -2396.657141        0.489926
BFGS:  116 08:16:46    -2396.667508        0.379735
BFGS:  117 08:16:46    -2396.676868        0.174111
BFGS:  118 08:16:47    -2396.683868        0.321440
BFGS:  119 08:16:47    -2396.693429        0.351719
BFGS:  120 08:16:47    -2396.700902        0.190778
BFGS:  121 08:16:48    -2396.707256        0.141964
BFGS:  122 08:16:48    -2396.713078        0.203447
BFGS:  123 08:16:49    -2396.717140        0.157716
BFGS:  124 08:16:49    -2396.719574        0.132034
BFGS:  125 08:16:50    -2396.722120        0.104662
BFGS:  126 08:16:50    -2396.725494        0.100589
BFGS:  127 08:16:50    -2396.728362        0.145620
BFGS:  128 08:16:51    -2396.731030        0.103039
BFGS:  129 08:16:51    -2396.734591        0.192014
BFGS:  130 08:16:52    -2396.747983        0.553695
BFGS:  131 08:16:52    -2396.736678        0.889922
BFGS:  132 08:16:53    -2396.763769        0.635901
BFGS:  133 08:16:53    -2396.779348        0.673158
BFGS:  134 08:16:54    -2396.873579        0.658920
BFGS:  135 08:16:54    -2396.924170        1.182295
BFGS:  136 08:16:55    -2396.973147        1.009413
BFGS:  137 08:16:55    -2397.017579        0.679748
BFGS:  138 08:16:56    -2397.085981        0.477934
BFGS:  139 08:16:57    -2397.103539        0.286379
BFGS:  140 08:16:57    -2397.118707        0.292829
BFGS:  141 08:16:57    -2397.135878        0.248924
BFGS:  142 08:16:58    -2397.153948        0.271181
BFGS:  143 08:16:58    -2397.165809        0.218045
BFGS:  144 08:16:59    -2397.174779        0.316280
BFGS:  145 08:16:59    -2397.182200        0.166291
BFGS:  146 08:17:00    -2397.190671        0.226264
BFGS:  147 08:17:00    -2397.201726        0.191838
BFGS:  148 08:17:01    -2397.212221        0.210932
BFGS:  149 08:17:01    -2397.220953        0.300897
BFGS:  150 08:17:01    -2397.227921        0.251617
BFGS:  151 08:17:02    -2397.233512        0.241692
BFGS:  152 08:17:02    -2397.239175        0.222009
BFGS:  153 08:17:03    -2397.245077        0.164372
BFGS:  154 08:17:03    -2397.249985        0.125434
BFGS:  155 08:17:03    -2397.253060        0.130880
BFGS:  156 08:17:04    -2397.255240        0.117198
BFGS:  157 08:17:04    -2397.257458        0.106053
BFGS:  158 08:17:05    -2397.260000        0.099407
BFGS:  159 08:17:05    -2397.262478        0.091078
BFGS:  160 08:17:05    -2397.264585        0.094129
BFGS:  161 08:17:06    -2397.266449        0.096866
BFGS:  162 08:17:06    -2397.268437        0.089009
BFGS:  163 08:17:06    -2397.270525        0.083760
BFGS:  164 08:17:07    -2397.272401        0.075388
BFGS:  165 08:17:07    -2397.273956        0.088692
BFGS:  166 08:17:07    -2397.275347        0.086522
BFGS:  167 08:17:08    -2397.276623        0.058051
BFGS:  168 08:17:08    -2397.277722        0.054440
BFGS:  169 08:17:09    -2397.278703        0.057842
BFGS:  170 08:17:09    -2397.279690        0.072977
BFGS:  171 08:17:09    -2397.280625        0.066290
BFGS:  172 08:17:10    -2397.281249        0.038974
BFGS:  173 08:17:10    -2397.281561        0.026916
BFGS:  174 08:17:10    -2397.281764        0.024056
BFGS:  175 08:17:11    -2397.281987        0.031910
BFGS:  176 08:17:11    -2397.282254        0.036726
BFGS:  177 08:17:11    -2397.282542        0.036465
BFGS:  178 08:17:11    -2397.282842        0.039050
BFGS:  179 08:17:12    -2397.283165        0.032174
BFGS:  180 08:17:12    -2397.283531        0.036032
BFGS:  181 08:17:12    -2397.283958        0.034409
BFGS:  182 08:17:13    -2397.284476        0.037570
BFGS:  183 08:17:13    -2397.285135        0.048132
BFGS:  184 08:17:13    -2397.285916        0.057111
BFGS:  185 08:17:14    -2397.286707        0.058629
BFGS:  186 08:17:14    -2397.287397        0.050228
BFGS:  187 08:17:15    -2397.287995        0.043428
BFGS:  188 08:17:15    -2397.288567        0.042608
BFGS:  189 08:17:15    -2397.289180        0.054405
BFGS:  190 08:17:16    -2397.289876        0.079496
BFGS:  191 08:17:16    -2397.290731        0.084763
BFGS:  192 08:17:16    -2397.291799        0.060142
BFGS:  193 08:17:17    -2397.293013        0.061504
BFGS:  194 08:17:17    -2397.294151        0.071456
BFGS:  195 08:17:18    -2397.295097        0.110918
BFGS:  196 08:17:18    -2397.295981        0.115098
BFGS:  197 08:17:18    -2397.297012        0.085007
BFGS:  198 08:17:19    -2397.298250        0.076940
BFGS:  199 08:17:19    -2397.299523        0.068322
BFGS:  200 08:17:19    -2397.300552        0.076620
