      Step     Time          Energy          fmax
BFGS:    0 08:47:05    -2427.906797        5.390963
BFGS:    1 08:47:07    -2430.409675        3.692712
BFGS:    2 08:47:08    -2433.861254        4.339327
BFGS:    3 08:47:10    -2438.367750        7.996531
BFGS:    4 08:47:11    -2441.533073       11.636420
BFGS:    5 08:47:12    -2443.376811        6.691614
BFGS:    6 08:47:14    -2445.494023        3.467743
BFGS:    7 08:47:15    -2447.525628        2.264389
BFGS:    8 08:47:16    -2448.195199        1.516879
BFGS:    9 08:47:18    -2448.603926        1.229780
BFGS:   10 08:47:19    -2448.890936        1.658968
BFGS:   11 08:47:20    -2449.577140        1.597055
BFGS:   12 08:47:22    -2449.937480        2.263117
BFGS:   13 08:47:23    -2450.233612        1.318196
BFGS:   14 08:47:25    -2450.384109        3.127373
BFGS:   15 08:47:26    -2450.587523        1.434019
BFGS:   16 08:47:27    -2450.769956        0.774576
BFGS:   17 08:47:29    -2451.004029        0.535979
BFGS:   18 08:47:30    -2451.087390        0.560519
BFGS:   19 08:47:31    -2451.223315        1.218176
BFGS:   20 08:47:32    -2451.263030        2.331372
BFGS:   21 08:47:33    -2451.301667        0.908869
BFGS:   22 08:47:34    -2451.320835        0.377393
BFGS:   23 08:47:35    -2451.328665        0.237474
BFGS:   24 08:47:36    -2451.337823        0.653890
BFGS:   25 08:47:37    -2451.354966        0.634579
BFGS:   26 08:47:38    -2451.382270        0.541959
BFGS:   27 08:47:39    -2451.474502        1.058364
BFGS:   28 08:47:40    -2451.534726        1.003390
BFGS:   29 08:47:41    -2451.862826        1.365153
BFGS:   30 08:47:42    -2452.041644        2.102952
BFGS:   31 08:47:43    -2452.654533        3.342571
BFGS:   32 08:47:44    -2453.141679        4.920802
BFGS:   33 08:47:45    -2453.765117        4.683086
BFGS:   34 08:47:46    -2454.757888        5.308721
BFGS:   35 08:47:47    -2456.173285        3.406295
BFGS:   36 08:47:48    -2456.499349        4.851855
BFGS:   37 08:47:49    -2457.137483        2.630646
BFGS:   38 08:47:50    -2457.148499        3.016941
BFGS:   39 08:47:51    -2457.561497        0.984152
BFGS:   40 08:47:52    -2457.769450        1.908123
BFGS:   41 08:47:52    -2457.951951        1.553308
BFGS:   42 08:47:53    -2458.239501        0.896946
BFGS:   43 08:47:54    -2458.333956        0.769594
BFGS:   44 08:47:55    -2458.491571        0.616144
BFGS:   45 08:47:55    -2458.554461        0.835426
BFGS:   46 08:47:56    -2458.618753        0.517623
BFGS:   47 08:47:56    -2458.655668        0.387167
BFGS:   48 08:47:57    -2458.691474        0.339609
BFGS:   49 08:47:58    -2458.718278        0.413338
BFGS:   50 08:47:58    -2458.742755        0.451432
BFGS:   51 08:47:59    -2458.765391        0.413587
BFGS:   52 08:48:00    -2458.792235        0.640350
BFGS:   53 08:48:01    -2458.841443        1.197598
BFGS:   54 08:48:02    -2458.953910        2.267856
BFGS:   55 08:48:02    -2459.075140        2.253715
BFGS:   56 08:48:03    -2459.572991        1.775963
BFGS:   57 08:48:05    -2459.306940        3.246164
BFGS:   58 08:48:05    -2460.009742        1.510864
BFGS:   59 08:48:06    -2460.123429        0.643129
BFGS:   60 08:48:07    -2460.224699        0.570069
BFGS:   61 08:48:08    -2460.268782        0.630656
BFGS:   62 08:48:08    -2460.297599        0.560240
BFGS:   63 08:48:09    -2460.332390        0.499858
BFGS:   64 08:48:10    -2460.353692        0.303199
BFGS:   65 08:48:11    -2460.367482        0.266322
BFGS:   66 08:48:11    -2460.376797        0.210796
BFGS:   67 08:48:12    -2460.381970        0.170562
BFGS:   68 08:48:12    -2460.387651        0.222260
BFGS:   69 08:48:13    -2460.392915        0.198746
BFGS:   70 08:48:13    -2460.397440        0.131723
BFGS:   71 08:48:14    -2460.401638        0.150219
BFGS:   72 08:48:14    -2460.407857        0.234569
BFGS:   73 08:48:15    -2460.419169        0.295102
BFGS:   74 08:48:16    -2460.438155        0.297704
BFGS:   75 08:48:16    -2460.457425        0.357601
BFGS:   76 08:48:17    -2460.477267        0.425116
BFGS:   77 08:48:18    -2460.506310        0.399479
BFGS:   78 08:48:18    -2460.526997        0.519564
BFGS:   79 08:48:19    -2460.557734        0.508203
BFGS:   80 08:48:20    -2460.574755        1.083985
BFGS:   81 08:48:20    -2460.627039        0.691875
BFGS:   82 08:48:21    -2460.724868        0.993568
BFGS:   83 08:48:21    -2460.620010        1.912054
BFGS:   84 08:48:22    -2460.802355        1.112655
BFGS:   85 08:48:23    -2460.847573        0.858886
BFGS:   86 08:48:23    -2460.929612        0.553737
BFGS:   87 08:48:24    -2460.992068        0.484265
BFGS:   88 08:48:25    -2461.029856        0.385622
BFGS:   89 08:48:25    -2461.062175        0.410420
BFGS:   90 08:48:26    -2461.083229        0.273721
BFGS:   91 08:48:26    -2461.098674        0.225101
BFGS:   92 08:48:27    -2461.108714        0.158735
BFGS:   93 08:48:28    -2461.117940        0.222094
BFGS:   94 08:48:28    -2461.128855        0.258340
BFGS:   95 08:48:29    -2461.140642        0.280342
BFGS:   96 08:48:29    -2461.151020        0.214953
BFGS:   97 08:48:30    -2461.159389        0.220995
BFGS:   98 08:48:30    -2461.168004        0.272907
BFGS:   99 08:48:31    -2461.179162        0.281898
BFGS:  100 08:48:31    -2461.192709        0.287820
BFGS:  101 08:48:32    -2461.205569        0.213479
BFGS:  102 08:48:32    -2461.216385        0.199327
BFGS:  103 08:48:33    -2461.227138        0.209116
BFGS:  104 08:48:34    -2461.239226        0.324087
BFGS:  105 08:48:34    -2461.253728        0.314485
BFGS:  106 08:48:35    -2461.271009        0.323386
BFGS:  107 08:48:35    -2461.290523        0.379141
BFGS:  108 08:48:36    -2461.313254        0.395203
BFGS:  109 08:48:36    -2461.339580        0.377015
BFGS:  110 08:48:37    -2461.367107        0.449342
BFGS:  111 08:48:37    -2461.396851        0.471640
BFGS:  112 08:48:38    -2461.434214        0.557893
BFGS:  113 08:48:38    -2461.475675        0.614677
BFGS:  114 08:48:39    -2461.527069        0.662755
BFGS:  115 08:48:40    -2461.571903        0.660636
BFGS:  116 08:48:40    -2461.596170        0.847885
BFGS:  117 08:48:41    -2461.629387        0.953714
BFGS:  118 08:48:41    -2461.672688        0.432266
BFGS:  119 08:48:42    -2461.709611        0.322066
BFGS:  120 08:48:43    -2461.762574        0.550545
BFGS:  121 08:48:43    -2461.781155        0.388564
BFGS:  122 08:48:44    -2461.806011        0.359830
BFGS:  123 08:48:44    -2461.823736        0.357610
BFGS:  124 08:48:45    -2461.843449        0.290515
BFGS:  125 08:48:45    -2461.860189        0.211304
BFGS:  126 08:48:46    -2461.872955        0.209944
BFGS:  127 08:48:46    -2461.886465        0.216850
BFGS:  128 08:48:47    -2461.900571        0.324536
BFGS:  129 08:48:48    -2461.913088        0.280154
BFGS:  130 08:48:48    -2461.922622        0.195352
BFGS:  131 08:48:49    -2461.931053        0.298671
BFGS:  132 08:48:49    -2461.940592        0.255959
BFGS:  133 08:48:50    -2461.954109        0.326135
BFGS:  134 08:48:50    -2461.970550        0.282083
BFGS:  135 08:48:51    -2461.989340        0.400548
BFGS:  136 08:48:51    -2462.012591        0.481605
BFGS:  137 08:48:52    -2462.038863        0.540733
BFGS:  138 08:48:52    -2462.065824        0.282978
BFGS:  139 08:48:53    -2462.086132        0.501393
BFGS:  140 08:48:54    -2462.104072        0.543533
BFGS:  141 08:48:54    -2462.122483        0.447631
BFGS:  142 08:48:55    -2462.141720        0.325729
BFGS:  143 08:48:55    -2462.153761        0.291109
BFGS:  144 08:48:56    -2462.169195        0.200487
BFGS:  145 08:48:56    -2462.180082        0.339743
BFGS:  146 08:48:57    -2462.188236        0.239220
BFGS:  147 08:48:57    -2462.196144        0.129692
BFGS:  148 08:48:58    -2462.203248        0.135856
BFGS:  149 08:48:58    -2462.207521        0.146562
BFGS:  150 08:48:58    -2462.210576        0.288643
BFGS:  151 08:48:59    -2462.212781        0.185824
BFGS:  152 08:48:59    -2462.214550        0.253299
BFGS:  153 08:49:00    -2462.216339        0.074899
BFGS:  154 08:49:00    -2462.218137        0.114758
BFGS:  155 08:49:01    -2462.219492        0.086967
BFGS:  156 08:49:01    -2462.220576        0.062018
BFGS:  157 08:49:01    -2462.221625        0.059909
BFGS:  158 08:49:02    -2462.222805        0.074361
BFGS:  159 08:49:02    -2462.224102        0.077098
BFGS:  160 08:49:03    -2462.225552        0.062113
BFGS:  161 08:49:03    -2462.227283        0.093763
BFGS:  162 08:49:03    -2462.229731        0.140420
BFGS:  163 08:49:04    -2462.233235        0.195595
BFGS:  164 08:49:04    -2462.238083        0.238543
BFGS:  165 08:49:05    -2462.244177        0.253020
BFGS:  166 08:49:05    -2462.251745        0.292331
BFGS:  167 08:49:06    -2462.261386        0.398184
BFGS:  168 08:49:06    -2462.274536        0.425509
BFGS:  169 08:49:07    -2462.294194        0.450104
BFGS:  170 08:49:07    -2462.321408        0.416531
BFGS:  171 08:49:08    -2462.350283        0.411885
BFGS:  172 08:49:08    -2462.379852        0.429379
BFGS:  173 08:49:09    -2462.409337        0.424174
BFGS:  174 08:49:09    -2462.437795        0.402483
BFGS:  175 08:49:10    -2462.465929        0.369496
BFGS:  176 08:49:10    -2462.492841        0.319005
BFGS:  177 08:49:11    -2462.520012        0.458110
BFGS:  178 08:49:11    -2462.545921        0.399624
BFGS:  179 08:49:12    -2462.572735        0.488199
BFGS:  180 08:49:12    -2462.598338        0.524822
BFGS:  181 08:49:12    -2462.624930        0.515427
BFGS:  182 08:49:13    -2462.650842        0.579591
BFGS:  183 08:49:13    -2462.677546        0.567263
BFGS:  184 08:49:14    -2462.704037        0.588306
BFGS:  185 08:49:14    -2462.730980        0.582675
BFGS:  186 08:49:15    -2462.757637        0.580188
BFGS:  187 08:49:15    -2462.784491        0.572403
BFGS:  188 08:49:16    -2462.810679        0.558753
BFGS:  189 08:49:16    -2462.837065        0.548984
BFGS:  190 08:49:17    -2462.862389        0.529067
BFGS:  191 08:49:17    -2462.888194        0.519529
BFGS:  192 08:49:18    -2462.912318        0.496924
BFGS:  193 08:49:18    -2462.937210        0.488571
BFGS:  194 08:49:19    -2462.960713        0.504429
BFGS:  195 08:49:19    -2462.984632        0.520775
BFGS:  196 08:49:20    -2463.007705        0.532004
BFGS:  197 08:49:20    -2463.030897        0.543457
BFGS:  198 08:49:21    -2463.053591        0.551049
BFGS:  199 08:49:21    -2463.076299        0.558466
BFGS:  200 08:49:21    -2463.098593        0.563116
