      Step     Time          Energy          fmax
BFGS:    0 08:02:18    -1245.327314     2256.302300
BFGS:    1 08:02:19    -2369.468002      315.561055
BFGS:    2 08:02:20    -2284.739575     1662.490254
BFGS:    3 08:02:21    -2359.988279     1085.627021
BFGS:    4 08:02:22    -2456.701844      693.789276
BFGS:    5 08:02:23    -2559.178352      358.652207
BFGS:    6 08:02:24    -2605.691752       83.799576
BFGS:    7 08:02:25    -2619.179468       46.138001
BFGS:    8 08:02:27    -2628.846954       19.804621
BFGS:    9 08:02:28    -2633.729831        8.733732
BFGS:   10 08:02:29    -2636.886209        6.551256
BFGS:   11 08:02:30    -2640.390465        8.772655
BFGS:   12 08:02:31    -2642.726783        8.551652
BFGS:   13 08:02:32    -2645.065365        8.496499
BFGS:   14 08:02:33    -2646.989105        7.832007
BFGS:   15 08:02:34    -2648.550336        7.654437
BFGS:   16 08:02:35    -2649.857210        7.444934
BFGS:   17 08:02:35    -2650.710115        7.352933
BFGS:   18 08:02:36    -2651.420422        6.970670
BFGS:   19 08:02:37    -2651.824110        6.550617
BFGS:   20 08:02:38    -2652.338550        5.871629
BFGS:   21 08:02:39    -2652.708187        6.184314
BFGS:   22 08:02:39    -2653.026049        5.972383
BFGS:   23 08:02:40    -2653.249505        5.579805
BFGS:   24 08:02:41    -2653.426312        5.327580
BFGS:   25 08:02:42    -2653.628244        5.721576
BFGS:   26 08:02:43    -2653.843632        5.432368
BFGS:   27 08:02:44    -2654.091337        5.012325
BFGS:   28 08:02:44    -2654.289974        4.670255
BFGS:   29 08:02:45    -2654.488579        4.398278
BFGS:   30 08:02:46    -2654.674223        4.745497
BFGS:   31 08:02:47    -2654.912665        4.931712
BFGS:   32 08:02:47    -2655.237824        4.754388
BFGS:   33 08:02:48    -2655.606171        4.151238
BFGS:   34 08:02:49    -2655.959184        3.450451
BFGS:   35 08:02:50    -2656.298107        3.309318
BFGS:   36 08:02:50    -2656.599983        3.218089
BFGS:   37 08:02:51    -2656.859024        3.642424
BFGS:   38 08:02:52    -2657.036353        3.606752
BFGS:   39 08:02:53    -2657.188453        3.260065
BFGS:   40 08:02:53    -2657.294612        2.848155
BFGS:   41 08:02:54    -2657.389935        2.604562
BFGS:   42 08:02:55    -2657.471126        2.164251
BFGS:   43 08:02:55    -2657.537092        1.953351
BFGS:   44 08:02:56    -2657.594036        2.127167
BFGS:   45 08:02:57    -2657.636471        2.209320
BFGS:   46 08:02:57    -2657.664718        2.314364
BFGS:   47 08:02:58    -2657.686115        2.378798
BFGS:   48 08:02:58    -2657.706152        2.377142
BFGS:   49 08:02:59    -2657.723553        2.300907
BFGS:   50 08:03:00    -2657.738717        2.177145
BFGS:   51 08:03:01    -2657.752596        2.034896
BFGS:   52 08:03:01    -2657.766383        1.904227
BFGS:   53 08:03:02    -2657.778052        1.815021
BFGS:   54 08:03:02    -2657.786571        1.774391
BFGS:   55 08:03:03    -2657.793636        1.744041
BFGS:   56 08:03:04    -2657.800860        1.705376
BFGS:   57 08:03:04    -2657.808624        1.696137
BFGS:   58 08:03:05    -2657.816591        1.695460
BFGS:   59 08:03:06    -2657.823867        1.652264
BFGS:   60 08:03:06    -2657.830346        1.581043
BFGS:   61 08:03:07    -2657.836267        1.497551
BFGS:   62 08:03:07    -2657.841795        1.470344
BFGS:   63 08:03:08    -2657.847561        1.454931
BFGS:   64 08:03:09    -2657.854649        1.394078
BFGS:   65 08:03:09    -2657.863759        1.274411
BFGS:   66 08:03:10    -2657.874833        1.097854
BFGS:   67 08:03:11    -2657.886596        1.004260
BFGS:   68 08:03:11    -2657.897566        0.944238
BFGS:   69 08:03:12    -2657.906983        0.899739
BFGS:   70 08:03:13    -2657.915340        0.850524
BFGS:   71 08:03:13    -2657.922741        0.782860
BFGS:   72 08:03:14    -2657.928914        0.703157
BFGS:   73 08:03:15    -2657.934055        0.659626
BFGS:   74 08:03:15    -2657.938280        0.592239
BFGS:   75 08:03:16    -2657.941983        0.523444
BFGS:   76 08:03:17    -2657.945530        0.480538
BFGS:   77 08:03:17    -2657.948863        0.454188
BFGS:   78 08:03:18    -2657.951783        0.436603
BFGS:   79 08:03:18    -2657.954366        0.429645
BFGS:   80 08:03:19    -2657.956877        0.430648
BFGS:   81 08:03:19    -2657.959426        0.433542
BFGS:   82 08:03:20    -2657.961996        0.434805
BFGS:   83 08:03:20    -2657.964624        0.427961
BFGS:   84 08:03:21    -2657.967374        0.419220
BFGS:   85 08:03:22    -2657.970329        0.416256
BFGS:   86 08:03:22    -2657.973290        0.428304
BFGS:   87 08:03:23    -2657.976051        0.431724
BFGS:   88 08:03:24    -2657.978544        0.412693
BFGS:   89 08:03:24    -2657.980835        0.371222
BFGS:   90 08:03:25    -2657.982854        0.363502
BFGS:   91 08:03:25    -2657.984545        0.363697
BFGS:   92 08:03:26    -2657.986043        0.367024
BFGS:   93 08:03:27    -2657.987549        0.366094
BFGS:   94 08:03:27    -2657.989058        0.362488
BFGS:   95 08:03:28    -2657.990385        0.359347
BFGS:   96 08:03:28    -2657.991445        0.368819
BFGS:   97 08:03:29    -2657.992432        0.356381
BFGS:   98 08:03:29    -2657.993582        0.322971
BFGS:   99 08:03:30    -2657.994887        0.268794
BFGS:  100 08:03:31    -2657.996086        0.225590
BFGS:  101 08:03:31    -2657.996979        0.192623
BFGS:  102 08:03:32    -2657.997643        0.167427
BFGS:  103 08:03:32    -2657.998203        0.145960
BFGS:  104 08:03:33    -2657.998688        0.128596
BFGS:  105 08:03:33    -2657.999089        0.117270
BFGS:  106 08:03:34    -2657.999445        0.108182
BFGS:  107 08:03:34    -2657.999807        0.099275
BFGS:  108 08:03:35    -2658.000167        0.093339
BFGS:  109 08:03:35    -2658.000497        0.091650
BFGS:  110 08:03:36    -2658.000806        0.092411
BFGS:  111 08:03:36    -2658.001152        0.095529
BFGS:  112 08:03:36    -2658.001591        0.094436
BFGS:  113 08:03:37    -2658.002103        0.087693
BFGS:  114 08:03:37    -2658.002592        0.094378
BFGS:  115 08:03:38    -2658.003005        0.069300
BFGS:  116 08:03:38    -2658.003354        0.067100
BFGS:  117 08:03:39    -2658.003685        0.071852
BFGS:  118 08:03:39    -2658.004009        0.086009
BFGS:  119 08:03:40    -2658.004331        0.108090
BFGS:  120 08:03:41    -2658.004659        0.119978
BFGS:  121 08:03:41    -2658.004991        0.117113
BFGS:  122 08:03:42    -2658.005325        0.105202
BFGS:  123 08:03:42    -2658.005622        0.105925
BFGS:  124 08:03:43    -2658.005924        0.104589
BFGS:  125 08:03:43    -2658.006281        0.099494
BFGS:  126 08:03:44    -2658.006704        0.095174
BFGS:  127 08:03:44    -2658.007138        0.112052
BFGS:  128 08:03:45    -2658.007501        0.127219
BFGS:  129 08:03:45    -2658.007796        0.128699
BFGS:  130 08:03:46    -2658.008080        0.113787
BFGS:  131 08:03:46    -2658.008392        0.100058
BFGS:  132 08:03:47    -2658.008733        0.096171
BFGS:  133 08:03:47    -2658.009059        0.091641
BFGS:  134 08:03:48    -2658.009349        0.079602
BFGS:  135 08:03:48    -2658.009580        0.061529
BFGS:  136 08:03:49    -2658.009765        0.054516
BFGS:  137 08:03:49    -2658.009921        0.057843
BFGS:  138 08:03:50    -2658.010059        0.054124
BFGS:  139 08:03:50    -2658.010180        0.040684
BFGS:  140 08:03:51    -2658.010274        0.034854
BFGS:  141 08:03:51    -2658.010338        0.032110
BFGS:  142 08:03:52    -2658.010381        0.024546
BFGS:  143 08:03:52    -2658.010413        0.017362
BFGS:  144 08:03:52    -2658.010443        0.017257
BFGS:  145 08:03:53    -2658.010468        0.016387
BFGS:  146 08:03:53    -2658.010487        0.015146
BFGS:  147 08:03:54    -2658.010499        0.013403
BFGS:  148 08:03:54    -2658.010509        0.012016
BFGS:  149 08:03:54    -2658.010518        0.014393
BFGS:  150 08:03:55    -2658.010529        0.012887
BFGS:  151 08:03:55    -2658.010539        0.012092
BFGS:  152 08:03:56    -2658.010548        0.011872
BFGS:  153 08:03:56    -2658.010555        0.008802
