      Step     Time          Energy          fmax
BFGS:    0 08:50:32    -2099.211492      317.361851
BFGS:    1 08:50:33    -2164.274916       36.662842
BFGS:    2 08:50:34    -2169.915860       71.027209
BFGS:    3 08:50:35    -2180.064470       33.001251
BFGS:    4 08:50:36    -2184.305644       14.219221
BFGS:    5 08:50:37    -2185.430093        9.086364
BFGS:    6 08:50:38    -2186.947147        3.316683
BFGS:    7 08:50:39    -2187.716754        2.184154
BFGS:    8 08:50:39    -2187.942363        1.810939
BFGS:    9 08:50:40    -2188.064434        1.439142
BFGS:   10 08:50:41    -2188.216943        1.290534
BFGS:   11 08:50:41    -2188.321910        1.621114
BFGS:   12 08:50:42    -2188.434858        1.731140
BFGS:   13 08:50:43    -2188.529829        1.458138
BFGS:   14 08:50:44    -2188.623373        0.833746
BFGS:   15 08:50:44    -2188.726542        0.958662
BFGS:   16 08:50:45    -2188.911644        1.569952
BFGS:   17 08:50:46    -2189.012855        3.587470
BFGS:   18 08:50:47    -2189.373313        2.884268
BFGS:   19 08:50:48    -2190.063857        2.567883
BFGS:   20 08:50:48    -2190.525344        2.168976
BFGS:   21 08:50:49    -2190.825571        1.016578
BFGS:   22 08:50:50    -2190.963537        0.975799
BFGS:   23 08:50:50    -2191.037804        0.652166
BFGS:   24 08:50:51    -2191.135997        0.672715
BFGS:   25 08:50:52    -2191.216846        0.698285
BFGS:   26 08:50:52    -2191.289583        0.706330
BFGS:   27 08:50:53    -2191.360176        0.858430
BFGS:   28 08:50:54    -2191.440265        0.698831
BFGS:   29 08:50:54    -2191.529092        0.589105
BFGS:   30 08:50:55    -2191.587020        0.620740
BFGS:   31 08:50:56    -2191.650917        0.462806
BFGS:   32 08:50:56    -2191.708075        0.688710
BFGS:   33 08:50:57    -2191.756711        0.513369
BFGS:   34 08:50:57    -2191.797778        0.389211
BFGS:   35 08:50:58    -2191.818816        0.248818
BFGS:   36 08:50:59    -2191.827534        0.168596
BFGS:   37 08:50:59    -2191.835308        0.228564
BFGS:   38 08:51:00    -2191.842338        0.211456
BFGS:   39 08:51:00    -2191.847229        0.124277
BFGS:   40 08:51:01    -2191.849663        0.102507
BFGS:   41 08:51:01    -2191.851367        0.086700
BFGS:   42 08:51:02    -2191.853404        0.104085
BFGS:   43 08:51:02    -2191.855772        0.151681
BFGS:   44 08:51:03    -2191.858114        0.180811
BFGS:   45 08:51:03    -2191.860302        0.192823
BFGS:   46 08:51:04    -2191.862413        0.249464
BFGS:   47 08:51:04    -2191.864436        0.275309
BFGS:   48 08:51:05    -2191.866360        0.258879
BFGS:   49 08:51:05    -2191.868402        0.217536
BFGS:   50 08:51:06    -2191.871197        0.156235
BFGS:   51 08:51:06    -2191.875153        0.192711
BFGS:   52 08:51:07    -2191.879924        0.171754
BFGS:   53 08:51:07    -2191.883943        0.151496
BFGS:   54 08:51:08    -2191.886568        0.082182
BFGS:   55 08:51:08    -2191.888346        0.110768
BFGS:   56 08:51:09    -2191.890056        0.140964
BFGS:   57 08:51:09    -2191.892054        0.175870
BFGS:   58 08:51:10    -2191.894446        0.217900
BFGS:   59 08:51:10    -2191.897396        0.263154
BFGS:   60 08:51:11    -2191.901083        0.311589
BFGS:   61 08:51:12    -2191.905359        0.360233
BFGS:   62 08:51:12    -2191.909653        0.338760
BFGS:   63 08:51:13    -2191.913434        0.282993
BFGS:   64 08:51:13    -2191.916793        0.228278
BFGS:   65 08:51:14    -2191.920336        0.170572
BFGS:   66 08:51:14    -2191.924398        0.189624
BFGS:   67 08:51:15    -2191.928678        0.147816
BFGS:   68 08:51:15    -2191.932873        0.105428
BFGS:   69 08:51:16    -2191.937302        0.135765
BFGS:   70 08:51:17    -2191.943225        0.251466
BFGS:   71 08:51:17    -2191.953505        0.327607
BFGS:   72 08:51:18    -2191.974869        0.612246
BFGS:   73 08:51:19    -2191.993996        0.695154
BFGS:   74 08:51:19    -2192.022099        0.706960
BFGS:   75 08:51:20    -2192.071954        0.795832
BFGS:   76 08:51:21    -2192.115289        0.703971
BFGS:   77 08:51:22    -2192.155729        0.610502
BFGS:   78 08:51:23    -2192.204560        0.529665
BFGS:   79 08:51:24    -2192.249138        0.510847
BFGS:   80 08:51:25    -2192.296835        0.486490
BFGS:   81 08:51:26    -2192.341101        0.480268
BFGS:   82 08:51:26    -2192.381882        0.453105
BFGS:   83 08:51:27    -2192.416343        0.407524
BFGS:   84 08:51:28    -2192.451284        0.463999
BFGS:   85 08:51:29    -2192.485574        0.476561
BFGS:   86 08:51:29    -2192.524380        0.442639
BFGS:   87 08:51:30    -2192.559372        0.419716
BFGS:   88 08:51:31    -2192.603751        0.435207
BFGS:   89 08:51:32    -2192.636166        0.447135
BFGS:   90 08:51:33    -2192.674735        0.471193
BFGS:   91 08:51:33    -2192.711053        0.490315
BFGS:   92 08:51:34    -2192.748474        0.504520
BFGS:   93 08:51:35    -2192.784953        0.515675
BFGS:   94 08:51:35    -2192.822217        0.523116
BFGS:   95 08:51:36    -2192.858999        0.529617
BFGS:   96 08:51:36    -2192.896602        0.532213
BFGS:   97 08:51:37    -2192.933664        0.535484
BFGS:   98 08:51:37    -2192.971422        0.534211
BFGS:   99 08:51:38    -2193.008965        0.534306
BFGS:  100 08:51:38    -2193.046751        0.530555
BFGS:  101 08:51:39    -2193.084781        0.526634
BFGS:  102 08:51:39    -2193.122524        0.546294
BFGS:  103 08:51:40    -2193.161011        0.561062
BFGS:  104 08:51:40    -2193.198321        0.572548
BFGS:  105 08:51:41    -2193.237130        0.581063
BFGS:  106 08:51:41    -2193.273192        0.586011
BFGS:  107 08:51:42    -2193.311844        0.589679
BFGS:  108 08:51:42    -2193.347281        0.589776
BFGS:  109 08:51:43    -2193.384117        0.588836
BFGS:  110 08:51:43    -2193.419082        0.584894
BFGS:  111 08:51:44    -2193.454274        0.580267
BFGS:  112 08:51:44    -2193.488244        0.573142
BFGS:  113 08:51:45    -2193.521980        0.565763
BFGS:  114 08:51:45    -2193.554782        0.556126
BFGS:  115 08:51:46    -2193.587104        0.546695
BFGS:  116 08:51:46    -2193.618580        0.535271
BFGS:  117 08:51:47    -2193.649681        0.524633
BFGS:  118 08:51:47    -2193.679967        0.512029
BFGS:  119 08:51:47    -2193.709785        0.500320
BFGS:  120 08:51:48    -2193.739030        0.487334
BFGS:  121 08:51:48    -2193.767802        0.475026
BFGS:  122 08:51:48    -2193.795975        0.461677
BFGS:  123 08:51:49    -2193.823557        0.448962
BFGS:  124 08:51:49    -2193.850693        0.435826
BFGS:  125 08:51:50    -2193.877293        0.429836
BFGS:  126 08:51:50    -2193.903445        0.424501
BFGS:  127 08:51:50    -2193.929097        0.419093
BFGS:  128 08:51:51    -2193.954318        0.413686
BFGS:  129 08:51:51    -2193.979117        0.408405
BFGS:  130 08:51:51    -2194.003449        0.402734
BFGS:  131 08:51:52    -2194.027457        0.397770
BFGS:  132 08:51:52    -2194.050964        0.391845
BFGS:  133 08:51:53    -2194.074164        0.386836
BFGS:  134 08:51:53    -2194.096953        0.381268
BFGS:  135 08:51:53    -2194.119319        0.375827
BFGS:  136 08:51:54    -2194.141313        0.370544
BFGS:  137 08:51:54    -2194.162864        0.364938
BFGS:  138 08:51:54    -2194.184114        0.360030
BFGS:  139 08:51:55    -2194.204896        0.354217
BFGS:  140 08:51:55    -2194.225417        0.349406
BFGS:  141 08:51:55    -2194.245509        0.343838
BFGS:  142 08:51:56    -2194.265299        0.338721
BFGS:  143 08:51:56    -2194.284748        0.333558
BFGS:  144 08:51:57    -2194.303842        0.328298
BFGS:  145 08:51:57    -2194.322625        0.323162
BFGS:  146 08:51:57    -2194.341097        0.318178
BFGS:  147 08:51:58    -2194.359251        0.313052
BFGS:  148 08:51:58    -2194.377108        0.308140
BFGS:  149 08:51:58    -2194.394658        0.303128
BFGS:  150 08:51:59    -2194.411923        0.298289
BFGS:  151 08:51:59    -2194.428898        0.293424
BFGS:  152 08:51:59    -2194.445585        0.288587
BFGS:  153 08:52:00    -2194.461999        0.283865
BFGS:  154 08:52:00    -2194.478136        0.279154
BFGS:  155 08:52:00    -2194.494005        0.274517
BFGS:  156 08:52:01    -2194.509615        0.269967
BFGS:  157 08:52:01    -2194.524957        0.265387
BFGS:  158 08:52:01    -2194.540049        0.260967
BFGS:  159 08:52:02    -2194.554889        0.256546
BFGS:  160 08:52:02    -2194.569484        0.252235
BFGS:  161 08:52:03    -2194.583837        0.247950
BFGS:  162 08:52:03    -2194.597956        0.243773
BFGS:  163 08:52:03    -2194.611840        0.239630
BFGS:  164 08:52:04    -2194.625498        0.235582
BFGS:  165 08:52:04    -2194.638933        0.231588
BFGS:  166 08:52:04    -2194.652149        0.227676
BFGS:  167 08:52:05    -2194.665150        0.223831
BFGS:  168 08:52:05    -2194.677942        0.220061
BFGS:  169 08:52:05    -2194.690529        0.216364
BFGS:  170 08:52:06    -2194.702915        0.212742
BFGS:  171 08:52:06    -2194.715104        0.209194
BFGS:  172 08:52:06    -2194.727100        0.205722
BFGS:  173 08:52:07    -2194.738909        0.202325
BFGS:  174 08:52:07    -2194.750534        0.199002
BFGS:  175 08:52:08    -2194.761979        0.195755
BFGS:  176 08:52:08    -2194.773249        0.192584
BFGS:  177 08:52:08    -2194.784348        0.189488
BFGS:  178 08:52:09    -2194.795279        0.186466
BFGS:  179 08:52:09    -2194.806047        0.183519
BFGS:  180 08:52:09    -2194.816656        0.180647
BFGS:  181 08:52:10    -2194.827110        0.177849
BFGS:  182 08:52:10    -2194.837412        0.175124
BFGS:  183 08:52:10    -2194.847566        0.172472
BFGS:  184 08:52:11    -2194.857577        0.169893
BFGS:  185 08:52:11    -2194.867447        0.167385
BFGS:  186 08:52:11    -2194.877180        0.164949
BFGS:  187 08:52:12    -2194.886780        0.162583
BFGS:  188 08:52:12    -2194.896251        0.160287
BFGS:  189 08:52:13    -2194.905595        0.158060
BFGS:  190 08:52:13    -2194.914816        0.155900
BFGS:  191 08:52:13    -2194.923918        0.153807
BFGS:  192 08:52:14    -2194.932903        0.151780
BFGS:  193 08:52:14    -2194.941775        0.149818
BFGS:  194 08:52:14    -2194.950537        0.147919
BFGS:  195 08:52:15    -2194.959192        0.146081
BFGS:  196 08:52:15    -2194.967743        0.144304
BFGS:  197 08:52:15    -2194.976193        0.142585
BFGS:  198 08:52:16    -2194.984544        0.140922
BFGS:  199 08:52:16    -2194.992799        0.139313
BFGS:  200 08:52:16    -2195.000961        0.137755
