      Step     Time          Energy          fmax
BFGS:    0 08:51:08    -3590.275527        6.402403
BFGS:    1 08:51:11    -3593.191566        4.171905
BFGS:    2 08:51:14    -3598.026263        6.270446
BFGS:    3 08:51:17    -3602.348911       17.247786
BFGS:    4 08:51:20    -3603.621150       21.708710
BFGS:    5 08:51:22    -3608.761643        5.526732
BFGS:    6 08:51:25    -3611.482664        4.207869
BFGS:    7 08:51:29    -3613.637092        2.940737
BFGS:    8 08:51:31    -3614.327883        1.829705
BFGS:    9 08:51:34    -3615.209000        2.494079
BFGS:   10 08:51:38    -3615.848057        3.290192
BFGS:   11 08:51:43    -3616.639710        3.260002
BFGS:   12 08:51:46    -3617.043354        6.944967
BFGS:   13 08:51:49    -3617.874536        2.116713
BFGS:   14 08:51:52    -3618.304332        1.589450
BFGS:   15 08:51:56    -3618.746392        1.976692
BFGS:   16 08:51:58    -3618.988768        1.509293
BFGS:   17 08:52:01    -3619.308723        0.858159
BFGS:   18 08:52:03    -3619.430034        1.043226
BFGS:   19 08:52:05    -3619.548445        0.641877
BFGS:   20 08:52:07    -3619.612122        0.620503
BFGS:   21 08:52:09    -3619.661610        0.370902
BFGS:   22 08:52:11    -3619.698082        0.318556
BFGS:   23 08:52:14    -3619.731645        0.295330
BFGS:   24 08:52:16    -3619.755817        0.253495
BFGS:   25 08:52:18    -3619.773786        0.181680
BFGS:   26 08:52:20    -3619.790006        0.247194
BFGS:   27 08:52:22    -3619.810703        0.247595
BFGS:   28 08:52:24    -3619.843989        0.286110
BFGS:   29 08:52:26    -3619.892041        0.361507
BFGS:   30 08:52:28    -3619.959008        0.418232
BFGS:   31 08:52:30    -3620.046449        0.595852
BFGS:   32 08:52:32    -3620.147397        0.540559
BFGS:   33 08:52:34    -3620.244670        0.395644
BFGS:   34 08:52:37    -3620.323967        0.370917
BFGS:   35 08:52:39    -3620.384292        0.350693
BFGS:   36 08:52:42    -3620.441113        0.332558
BFGS:   37 08:52:44    -3620.503430        0.365001
BFGS:   38 08:52:47    -3620.574581        0.408741
BFGS:   39 08:52:49    -3620.639009        0.334084
BFGS:   40 08:52:52    -3620.683787        0.318784
BFGS:   41 08:52:54    -3620.712542        0.257638
BFGS:   42 08:52:56    -3620.739635        0.264779
BFGS:   43 08:52:59    -3620.769010        0.278043
BFGS:   44 08:53:01    -3620.797872        0.361420
BFGS:   45 08:53:03    -3620.820769        0.369420
BFGS:   46 08:53:05    -3620.838716        0.232756
BFGS:   47 08:53:07    -3620.855754        0.176705
BFGS:   48 08:53:09    -3620.872033        0.213612
BFGS:   49 08:53:12    -3620.886007        0.287256
BFGS:   50 08:53:14    -3620.899130        0.278808
BFGS:   51 08:53:16    -3620.912347        0.164843
BFGS:   52 08:53:18    -3620.924533        0.177903
BFGS:   53 08:53:21    -3620.934005        0.171642
BFGS:   54 08:53:23    -3620.941190        0.141745
BFGS:   55 08:53:25    -3620.947865        0.108276
BFGS:   56 08:53:27    -3620.955166        0.142824
BFGS:   57 08:53:29    -3620.962048        0.177001
BFGS:   58 08:53:32    -3620.967670        0.146030
BFGS:   59 08:53:34    -3620.972484        0.103316
BFGS:   60 08:53:36    -3620.977527        0.105415
BFGS:   61 08:53:38    -3620.983569        0.138312
BFGS:   62 08:53:40    -3620.991150        0.172938
BFGS:   63 08:53:43    -3621.000718        0.183936
BFGS:   64 08:53:45    -3621.012552        0.190324
BFGS:   65 08:53:48    -3621.025024        0.213067
BFGS:   66 08:53:50    -3621.035504        0.167906
BFGS:   67 08:53:52    -3621.043237        0.139498
BFGS:   68 08:53:54    -3621.049185        0.128931
BFGS:   69 08:53:56    -3621.055392        0.143166
BFGS:   70 08:53:58    -3621.062084        0.158825
BFGS:   71 08:54:00    -3621.068925        0.118459
BFGS:   72 08:54:03    -3621.075351        0.149782
BFGS:   73 08:54:05    -3621.080825        0.127729
BFGS:   74 08:54:07    -3621.085519        0.132105
BFGS:   75 08:54:08    -3621.089639        0.101838
BFGS:   76 08:54:10    -3621.093590        0.091895
BFGS:   77 08:54:12    -3621.098081        0.128815
BFGS:   78 08:54:14    -3621.104087        0.155246
BFGS:   79 08:54:16    -3621.112220        0.183359
BFGS:   80 08:54:18    -3621.121741        0.168067
BFGS:   81 08:54:20    -3621.130979        0.128326
BFGS:   82 08:54:22    -3621.139397        0.144774
BFGS:   83 08:54:24    -3621.148564        0.213647
BFGS:   84 08:54:26    -3621.160622        0.265089
BFGS:   85 08:54:28    -3621.176182        0.265319
BFGS:   86 08:54:31    -3621.192584        0.215960
BFGS:   87 08:54:33    -3621.205960        0.189221
BFGS:   88 08:54:35    -3621.217044        0.189759
BFGS:   89 08:54:37    -3621.227983        0.183717
BFGS:   90 08:54:39    -3621.240994        0.217696
BFGS:   91 08:54:41    -3621.257991        0.359608
BFGS:   92 08:54:43    -3621.281800        0.402996
BFGS:   93 08:54:45    -3621.305685        0.324386
BFGS:   94 08:54:46    -3621.328083        0.278570
BFGS:   95 08:54:48    -3621.349236        0.298553
BFGS:   96 08:54:50    -3621.370393        0.314000
BFGS:   97 08:54:52    -3621.391676        0.326116
BFGS:   98 08:54:54    -3621.413865        0.333842
BFGS:   99 08:54:56    -3621.436307        0.339319
BFGS:  100 08:54:58    -3621.459884        0.339842
BFGS:  101 08:55:00    -3621.482527        0.336257
BFGS:  102 08:55:01    -3621.508036        0.348255
BFGS:  103 08:55:03    -3621.528215        0.347388
BFGS:  104 08:55:05    -3621.554292        0.367106
BFGS:  105 08:55:07    -3621.575106        0.341812
BFGS:  106 08:55:09    -3621.599548        0.310273
BFGS:  107 08:55:11    -3621.623634        0.251839
BFGS:  108 08:55:13    -3621.648058        0.248121
BFGS:  109 08:55:15    -3621.674168        0.263515
BFGS:  110 08:55:17    -3621.697289        0.247291
BFGS:  111 08:55:19    -3621.724226        0.306400
BFGS:  112 08:55:21    -3621.751113        0.330680
BFGS:  113 08:55:23    -3621.782774        0.276489
BFGS:  114 08:55:25    -3621.813360        0.350360
BFGS:  115 08:55:27    -3621.855048        0.336054
BFGS:  116 08:55:29    -3621.890809        0.364096
BFGS:  117 08:55:31    -3621.918552        0.363706
BFGS:  118 08:55:33    -3621.950879        0.354443
BFGS:  119 08:55:35    -3621.981815        0.345804
BFGS:  120 08:55:37    -3622.014952        0.320513
BFGS:  121 08:55:39    -3622.046260        0.292529
BFGS:  122 08:55:41    -3622.078465        0.272160
BFGS:  123 08:55:43    -3622.108720        0.291362
BFGS:  124 08:55:45    -3622.140130        0.300233
BFGS:  125 08:55:47    -3622.168972        0.306358
BFGS:  126 08:55:49    -3622.200324        0.332313
BFGS:  127 08:55:50    -3622.227324        0.333857
BFGS:  128 08:55:52    -3622.258523        0.359301
BFGS:  129 08:55:54    -3622.283574        0.339506
BFGS:  130 08:55:56    -3622.311978        0.337623
BFGS:  131 08:55:58    -3622.336499        0.313137
BFGS:  132 08:56:00    -3622.362239        0.299397
BFGS:  133 08:56:02    -3622.385568        0.290236
BFGS:  134 08:56:04    -3622.409129        0.276847
BFGS:  135 08:56:06    -3622.430593        0.261182
BFGS:  136 08:56:08    -3622.451943        0.242864
BFGS:  137 08:56:10    -3622.471339        0.223738
BFGS:  138 08:56:11    -3622.490619        0.207073
BFGS:  139 08:56:14    -3622.507747        0.198280
BFGS:  140 08:56:16    -3622.525409        0.188472
BFGS:  141 08:56:17    -3622.540248        0.179609
BFGS:  142 08:56:20    -3622.556186        0.179287
BFGS:  143 08:56:22    -3622.569211        0.175880
BFGS:  144 08:56:24    -3622.583186        0.174074
BFGS:  145 08:56:26    -3622.594964        0.169375
BFGS:  146 08:56:27    -3622.607505        0.161672
BFGS:  147 08:56:29    -3622.618754        0.159763
BFGS:  148 08:56:30    -3622.631169        0.162257
BFGS:  149 08:56:31    -3622.642758        0.171909
BFGS:  150 08:56:33    -3622.657020        0.175865
BFGS:  151 08:56:34    -3622.669591        0.184973
BFGS:  152 08:56:35    -3622.687010        0.248908
BFGS:  153 08:56:36    -3622.700857        0.233970
BFGS:  154 08:56:38    -3622.723029        0.259069
BFGS:  155 08:56:39    -3622.747202        0.269573
BFGS:  156 08:56:40    -3622.775070        0.295209
BFGS:  157 08:56:41    -3622.804128        0.244373
BFGS:  158 08:56:43    -3622.824574        0.208226
BFGS:  159 08:56:44    -3622.843110        0.174687
BFGS:  160 08:56:45    -3622.860035        0.156937
BFGS:  161 08:56:46    -3622.876468        0.168849
BFGS:  162 08:56:48    -3622.891517        0.157277
BFGS:  163 08:56:49    -3622.906319        0.165546
BFGS:  164 08:56:50    -3622.919574        0.157183
BFGS:  165 08:56:51    -3622.932781        0.154486
BFGS:  166 08:56:52    -3622.944394        0.158122
BFGS:  167 08:56:54    -3622.956113        0.153542
BFGS:  168 08:56:55    -3622.966465        0.155685
BFGS:  169 08:56:56    -3622.977013        0.150506
BFGS:  170 08:56:57    -3622.986578        0.150082
BFGS:  171 08:56:59    -3622.996470        0.144260
BFGS:  172 08:57:00    -3623.005719        0.154902
BFGS:  173 08:57:01    -3623.015469        0.174112
BFGS:  174 08:57:02    -3623.024812        0.191306
BFGS:  175 08:57:03    -3623.034781        0.208719
BFGS:  176 08:57:04    -3623.044534        0.223607
BFGS:  177 08:57:05    -3623.054868        0.237735
BFGS:  178 08:57:06    -3623.065293        0.249662
BFGS:  179 08:57:08    -3623.075914        0.259164
BFGS:  180 08:57:09    -3623.087243        0.267136
BFGS:  181 08:57:10    -3623.097909        0.271308
BFGS:  182 08:57:11    -3623.110360        0.273365
BFGS:  183 08:57:12    -3623.120702        0.273169
BFGS:  184 08:57:14    -3623.134148        0.266258
BFGS:  185 08:57:15    -3623.144379        0.262422
BFGS:  186 08:57:16    -3623.157630        0.248142
BFGS:  187 08:57:17    -3623.168869        0.239885
BFGS:  188 08:57:19    -3623.181940        0.222765
BFGS:  189 08:57:20    -3623.194687        0.210153
BFGS:  190 08:57:21    -3623.208222        0.200252
BFGS:  191 08:57:22    -3623.222646        0.210337
BFGS:  192 08:57:24    -3623.236625        0.215555
BFGS:  193 08:57:25    -3623.252803        0.218603
BFGS:  194 08:57:26    -3623.267623        0.217537
BFGS:  195 08:57:27    -3623.285124        0.222874
BFGS:  196 08:57:29    -3623.301376        0.228968
BFGS:  197 08:57:30    -3623.320104        0.233961
BFGS:  198 08:57:31    -3623.337162        0.234268
BFGS:  199 08:57:32    -3623.356684        0.232020
BFGS:  200 08:57:33    -3623.373388        0.227191
